IQ-TREE multicore version 1.6.8 for Linux 64-bit built Oct 28 2018
Developed by Bui Quang Minh, Nguyen Lam Tung, Olga Chernomor,
Heiko Schmidt, Dominik Schrempf, Michael Woodhams.

Host:    sango10410.oist.jp (AVX2, FMA3, 125 GB RAM)
Command: iqtree -s examples/6taxon_1000genes_4cores//aln_seqs/1_seqgen942.nex.aln -bb 1000 -redo -nt 3 -m MFP
Seed:    683974 (Using SPRNG - Scalable Parallel Random Number Generator)
Time:    Wed Feb 20 19:06:11 2019
Kernel:  AVX+FMA - 3 threads (48 CPU cores detected)

Reading alignment file examples/6taxon_1000genes_4cores//aln_seqs/1_seqgen942.nex.aln ... Fasta format detected
Alignment most likely contains DNA/RNA sequences
Alignment has 6 sequences with 500 columns, 58 distinct patterns
16 parsimony-informative, 86 singleton sites, 398 constant sites
   Gap/Ambiguity  Composition  p-value
   1  A    0.00%    passed     87.39%
   2  F    0.00%    passed     95.64%
   3  E    0.00%    passed     94.52%
   4  B    0.00%    passed     98.51%
   5  C    0.00%    passed     96.63%
   6  D    0.00%    passed     97.63%
****  TOTAL    0.00%  0 sequences failed composition chi2 test (p-value<5%; df=3)


Create initial parsimony tree by phylogenetic likelihood library (PLL)... 0.000 seconds
NOTE: ModelFinder requires 0 MB RAM!
ModelFinder will test 286 DNA models (sample size: 500) ...
 No. Model         -LnL         df  AIC          AICc         BIC
WARNING: Number of threads seems too high for short alignments. Use -nt AUTO to determine best number of threads.
  1  JC            1298.373     9   2614.746     2615.113     2652.678
WARNING: Number of threads seems too high for short alignments. Use -nt AUTO to determine best number of threads.
  2  JC+I          1298.373     10  2616.746     2617.196     2658.892
WARNING: Number of threads seems too high for short alignments. Use -nt AUTO to determine best number of threads.
  3  JC+G4         1298.374     10  2616.748     2617.198     2658.894
WARNING: Number of threads seems too high for short alignments. Use -nt AUTO to determine best number of threads.
  4  JC+I+G4       1300.309     11  2622.617     2623.158     2668.978
WARNING: Number of threads seems too high for short alignments. Use -nt AUTO to determine best number of threads.
  5  JC+R2         1298.758     11  2619.516     2620.057     2665.877
WARNING: Number of threads seems too high for short alignments. Use -nt AUTO to determine best number of threads.
  6  JC+R3         1298.649     13  2623.298     2624.047     2678.088
WARNING: Number of threads seems too high for short alignments. Use -nt AUTO to determine best number of threads.
 14  F81+F         1287.743     12  2599.487     2600.127     2650.062
WARNING: Number of threads seems too high for short alignments. Use -nt AUTO to determine best number of threads.
 15  F81+F+I       1287.743     13  2601.487     2602.236     2656.277
WARNING: Number of threads seems too high for short alignments. Use -nt AUTO to determine best number of threads.
 16  F81+F+G4      1287.744     13  2601.489     2602.238     2656.279
WARNING: Number of threads seems too high for short alignments. Use -nt AUTO to determine best number of threads.
 17  F81+F+I+G4    1289.651     14  2607.302     2608.168     2666.306
WARNING: Number of threads seems too high for short alignments. Use -nt AUTO to determine best number of threads.
 18  F81+F+R2      1288.097     14  2604.194     2605.060     2663.199
WARNING: Number of threads seems too high for short alignments. Use -nt AUTO to determine best number of threads.
 19  F81+F+R3      1287.988     16  2607.975     2609.102     2675.409
WARNING: Number of threads seems too high for short alignments. Use -nt AUTO to determine best number of threads.
 27  K2P           1281.996     10  2583.992     2584.441     2626.138
WARNING: Number of threads seems too high for short alignments. Use -nt AUTO to determine best number of threads.
 28  K2P+I         1281.996     11  2585.992     2586.533     2632.352
WARNING: Number of threads seems too high for short alignments. Use -nt AUTO to determine best number of threads.
 29  K2P+G4        1281.996     11  2585.993     2586.534     2632.353
WARNING: Number of threads seems too high for short alignments. Use -nt AUTO to determine best number of threads.
 30  K2P+I+G4      1283.504     12  2591.007     2591.648     2641.582
WARNING: Number of threads seems too high for short alignments. Use -nt AUTO to determine best number of threads.
 31  K2P+R2        1282.210     12  2588.420     2589.060     2638.995
WARNING: Number of threads seems too high for short alignments. Use -nt AUTO to determine best number of threads.
 32  K2P+R3        1282.134     14  2592.268     2593.134     2651.273
WARNING: Number of threads seems too high for short alignments. Use -nt AUTO to determine best number of threads.
 40  HKY+F         1270.397     13  2566.795     2567.544     2621.585
WARNING: Number of threads seems too high for short alignments. Use -nt AUTO to determine best number of threads.
 41  HKY+F+I       1270.397     14  2568.795     2569.661     2627.799
WARNING: Number of threads seems too high for short alignments. Use -nt AUTO to determine best number of threads.
 42  HKY+F+G4      1270.398     14  2568.796     2569.662     2627.801
WARNING: Number of threads seems too high for short alignments. Use -nt AUTO to determine best number of threads.
 43  HKY+F+I+G4    1271.982     15  2573.964     2574.956     2637.183
WARNING: Number of threads seems too high for short alignments. Use -nt AUTO to determine best number of threads.
 44  HKY+F+R2      1270.612     15  2571.225     2572.217     2634.444
WARNING: Number of threads seems too high for short alignments. Use -nt AUTO to determine best number of threads.
 45  HKY+F+R3      1270.535     17  2575.071     2576.341     2646.719
WARNING: Number of threads seems too high for short alignments. Use -nt AUTO to determine best number of threads.
 53  TNe           1281.782     11  2585.565     2586.106     2631.925
WARNING: Number of threads seems too high for short alignments. Use -nt AUTO to determine best number of threads.
 54  TNe+I         1281.782     12  2587.565     2588.205     2638.140
WARNING: Number of threads seems too high for short alignments. Use -nt AUTO to determine best number of threads.
 55  TNe+G4        1281.783     12  2587.566     2588.207     2638.141
WARNING: Number of threads seems too high for short alignments. Use -nt AUTO to determine best number of threads.
 56  TNe+I+G4      1283.208     13  2592.416     2593.165     2647.206
WARNING: Number of threads seems too high for short alignments. Use -nt AUTO to determine best number of threads.
 57  TNe+R2        1281.941     13  2589.882     2590.631     2644.672
WARNING: Number of threads seems too high for short alignments. Use -nt AUTO to determine best number of threads.
 58  TNe+R3        1281.880     15  2593.761     2594.753     2656.980
WARNING: Number of threads seems too high for short alignments. Use -nt AUTO to determine best number of threads.
 66  TN+F          1269.885     14  2567.769     2568.635     2626.774
WARNING: Number of threads seems too high for short alignments. Use -nt AUTO to determine best number of threads.
 67  TN+F+I        1269.885     15  2569.769     2570.761     2632.988
WARNING: Number of threads seems too high for short alignments. Use -nt AUTO to determine best number of threads.
 68  TN+F+G4       1269.885     15  2569.771     2570.762     2632.990
WARNING: Number of threads seems too high for short alignments. Use -nt AUTO to determine best number of threads.
 69  TN+F+I+G4     1271.432     16  2574.865     2575.991     2642.298
WARNING: Number of threads seems too high for short alignments. Use -nt AUTO to determine best number of threads.
 70  TN+F+R2       1270.053     16  2572.107     2573.233     2639.541
WARNING: Number of threads seems too high for short alignments. Use -nt AUTO to determine best number of threads.
 71  TN+F+R3       1269.989     18  2575.979     2577.401     2651.842
WARNING: Number of threads seems too high for short alignments. Use -nt AUTO to determine best number of threads.
 79  K3P           1280.514     11  2583.028     2583.569     2629.389
WARNING: Number of threads seems too high for short alignments. Use -nt AUTO to determine best number of threads.
 80  K3P+I         1280.514     12  2585.028     2585.668     2635.603
WARNING: Number of threads seems too high for short alignments. Use -nt AUTO to determine best number of threads.
 81  K3P+G4        1280.515     12  2585.029     2585.670     2635.604
WARNING: Number of threads seems too high for short alignments. Use -nt AUTO to determine best number of threads.
 82  K3P+I+G4      1281.850     13  2589.701     2590.450     2644.491
WARNING: Number of threads seems too high for short alignments. Use -nt AUTO to determine best number of threads.
 83  K3P+R2        1280.634     13  2587.267     2588.016     2642.057
WARNING: Number of threads seems too high for short alignments. Use -nt AUTO to determine best number of threads.
 84  K3P+R3        1280.585     15  2591.171     2592.162     2654.390
WARNING: Number of threads seems too high for short alignments. Use -nt AUTO to determine best number of threads.
 92  K3Pu+F        1269.288     14  2566.575     2567.441     2625.580
WARNING: Number of threads seems too high for short alignments. Use -nt AUTO to determine best number of threads.
 93  K3Pu+F+I      1269.287     15  2568.575     2569.567     2631.794
WARNING: Number of threads seems too high for short alignments. Use -nt AUTO to determine best number of threads.
 94  K3Pu+F+G4     1269.288     15  2568.576     2569.568     2631.795
WARNING: Number of threads seems too high for short alignments. Use -nt AUTO to determine best number of threads.
 95  K3Pu+F+I+G4   1270.679     16  2573.358     2574.485     2640.792
WARNING: Number of threads seems too high for short alignments. Use -nt AUTO to determine best number of threads.
 96  K3Pu+F+R2     1269.411     16  2570.822     2571.949     2638.256
WARNING: Number of threads seems too high for short alignments. Use -nt AUTO to determine best number of threads.
 97  K3Pu+F+R3     1269.361     18  2574.722     2576.144     2650.585
WARNING: Number of threads seems too high for short alignments. Use -nt AUTO to determine best number of threads.
105  TPM2+F        1270.397     14  2568.794     2569.660     2627.798
WARNING: Number of threads seems too high for short alignments. Use -nt AUTO to determine best number of threads.
106  TPM2+F+I      1270.397     15  2570.794     2571.785     2634.013
WARNING: Number of threads seems too high for short alignments. Use -nt AUTO to determine best number of threads.
107  TPM2+F+G4     1270.398     15  2570.795     2571.787     2634.014
WARNING: Number of threads seems too high for short alignments. Use -nt AUTO to determine best number of threads.
108  TPM2+F+I+G4   1271.730     16  2575.459     2576.585     2642.893
WARNING: Number of threads seems too high for short alignments. Use -nt AUTO to determine best number of threads.
109  TPM2+F+R2     1270.505     16  2573.011     2574.137     2640.445
WARNING: Number of threads seems too high for short alignments. Use -nt AUTO to determine best number of threads.
110  TPM2+F+R3     1270.461     18  2576.921     2578.344     2652.784
WARNING: Number of threads seems too high for short alignments. Use -nt AUTO to determine best number of threads.
118  TPM2u+F       1270.397     14  2568.794     2569.660     2627.798
WARNING: Number of threads seems too high for short alignments. Use -nt AUTO to determine best number of threads.
119  TPM2u+F+I     1270.397     15  2570.794     2571.786     2634.013
WARNING: Number of threads seems too high for short alignments. Use -nt AUTO to determine best number of threads.
120  TPM2u+F+G4    1270.398     15  2570.795     2571.787     2634.014
WARNING: Number of threads seems too high for short alignments. Use -nt AUTO to determine best number of threads.
121  TPM2u+F+I+G4  1271.689     16  2575.378     2576.504     2642.812
WARNING: Number of threads seems too high for short alignments. Use -nt AUTO to determine best number of threads.
122  TPM2u+F+R2    1270.493     16  2572.985     2574.112     2640.419
WARNING: Number of threads seems too high for short alignments. Use -nt AUTO to determine best number of threads.
123  TPM2u+F+R3    1270.453     18  2576.905     2578.327     2652.768
WARNING: Number of threads seems too high for short alignments. Use -nt AUTO to determine best number of threads.
131  TPM3+F        1270.182     14  2568.365     2569.231     2627.369
WARNING: Number of threads seems too high for short alignments. Use -nt AUTO to determine best number of threads.
132  TPM3+F+I      1270.182     15  2570.365     2571.357     2633.584
WARNING: Number of threads seems too high for short alignments. Use -nt AUTO to determine best number of threads.
133  TPM3+F+G4     1270.183     15  2570.366     2571.358     2633.585
WARNING: Number of threads seems too high for short alignments. Use -nt AUTO to determine best number of threads.
134  TPM3+F+I+G4   1271.412     16  2574.824     2575.950     2642.258
WARNING: Number of threads seems too high for short alignments. Use -nt AUTO to determine best number of threads.
135  TPM3+F+R2     1270.265     16  2572.531     2573.657     2639.965
WARNING: Number of threads seems too high for short alignments. Use -nt AUTO to determine best number of threads.
136  TPM3+F+R3     1270.229     18  2576.459     2577.881     2652.322
WARNING: Number of threads seems too high for short alignments. Use -nt AUTO to determine best number of threads.
144  TPM3u+F       1270.182     14  2568.365     2569.231     2627.369
WARNING: Number of threads seems too high for short alignments. Use -nt AUTO to determine best number of threads.
145  TPM3u+F+I     1270.182     15  2570.365     2571.357     2633.584
WARNING: Number of threads seems too high for short alignments. Use -nt AUTO to determine best number of threads.
146  TPM3u+F+G4    1270.183     15  2570.366     2571.358     2633.585
WARNING: Number of threads seems too high for short alignments. Use -nt AUTO to determine best number of threads.
147  TPM3u+F+I+G4  1271.376     16  2574.752     2575.879     2642.186
WARNING: Number of threads seems too high for short alignments. Use -nt AUTO to determine best number of threads.
148  TPM3u+F+R2    1270.257     16  2572.513     2573.639     2639.947
WARNING: Number of threads seems too high for short alignments. Use -nt AUTO to determine best number of threads.
149  TPM3u+F+R3    1270.224     18  2576.448     2577.870     2652.311
WARNING: Number of threads seems too high for short alignments. Use -nt AUTO to determine best number of threads.
157  TIMe          1280.299     12  2584.599     2585.239     2635.174
WARNING: Number of threads seems too high for short alignments. Use -nt AUTO to determine best number of threads.
158  TIMe+I        1280.299     13  2586.599     2587.348     2641.389
WARNING: Number of threads seems too high for short alignments. Use -nt AUTO to determine best number of threads.
159  TIMe+G4       1280.300     13  2586.600     2587.349     2641.390
WARNING: Number of threads seems too high for short alignments. Use -nt AUTO to determine best number of threads.
160  TIMe+I+G4     1281.429     14  2590.859     2591.725     2649.863
WARNING: Number of threads seems too high for short alignments. Use -nt AUTO to determine best number of threads.
161  TIMe+R2       1280.359     14  2588.718     2589.584     2647.722
WARNING: Number of threads seems too high for short alignments. Use -nt AUTO to determine best number of threads.
162  TIMe+R3       1280.331     16  2592.662     2593.788     2660.096
WARNING: Number of threads seems too high for short alignments. Use -nt AUTO to determine best number of threads.
170  TIM+F         1268.773     15  2567.546     2568.538     2630.766
WARNING: Number of threads seems too high for short alignments. Use -nt AUTO to determine best number of threads.
171  TIM+F+I       1268.773     16  2569.546     2570.673     2636.980
WARNING: Number of threads seems too high for short alignments. Use -nt AUTO to determine best number of threads.
172  TIM+F+G4      1268.774     16  2569.548     2570.674     2636.982
WARNING: Number of threads seems too high for short alignments. Use -nt AUTO to determine best number of threads.
173  TIM+F+I+G4    1269.999     17  2573.998     2575.268     2645.646
WARNING: Number of threads seems too high for short alignments. Use -nt AUTO to determine best number of threads.
174  TIM+F+R2      1268.839     17  2571.677     2572.947     2643.325
WARNING: Number of threads seems too high for short alignments. Use -nt AUTO to determine best number of threads.
175  TIM+F+R3      1268.809     19  2575.618     2577.202     2655.696
WARNING: Number of threads seems too high for short alignments. Use -nt AUTO to determine best number of threads.
183  TIM2e         1281.559     12  2587.118     2587.759     2637.693
WARNING: Number of threads seems too high for short alignments. Use -nt AUTO to determine best number of threads.
184  TIM2e+I       1281.559     13  2589.118     2589.867     2643.908
WARNING: Number of threads seems too high for short alignments. Use -nt AUTO to determine best number of threads.
185  TIM2e+G4      1281.559     13  2589.119     2589.868     2643.909
WARNING: Number of threads seems too high for short alignments. Use -nt AUTO to determine best number of threads.
186  TIM2e+I+G4    1282.519     14  2593.039     2593.905     2652.044
WARNING: Number of threads seems too high for short alignments. Use -nt AUTO to determine best number of threads.
187  TIM2e+R2      1281.598     14  2591.195     2592.061     2650.200
WARNING: Number of threads seems too high for short alignments. Use -nt AUTO to determine best number of threads.
188  TIM2e+R3      1281.579     16  2595.158     2596.284     2662.592
WARNING: Number of threads seems too high for short alignments. Use -nt AUTO to determine best number of threads.
196  TIM2+F        1269.884     15  2569.768     2570.760     2632.987
WARNING: Number of threads seems too high for short alignments. Use -nt AUTO to determine best number of threads.
197  TIM2+F+I      1269.884     16  2571.768     2572.894     2639.202
WARNING: Number of threads seems too high for short alignments. Use -nt AUTO to determine best number of threads.
198  TIM2+F+G4     1269.885     16  2571.770     2572.896     2639.204
WARNING: Number of threads seems too high for short alignments. Use -nt AUTO to determine best number of threads.
199  TIM2+F+I+G4   1271.034     17  2576.067     2577.337     2647.716
WARNING: Number of threads seems too high for short alignments. Use -nt AUTO to determine best number of threads.
200  TIM2+F+R2     1269.938     17  2573.876     2575.146     2645.524
WARNING: Number of threads seems too high for short alignments. Use -nt AUTO to determine best number of threads.
201  TIM2+F+R3     1269.913     19  2577.825     2579.409     2657.903
WARNING: Number of threads seems too high for short alignments. Use -nt AUTO to determine best number of threads.
209  TIM3e         1281.779     12  2587.558     2588.198     2638.133
WARNING: Number of threads seems too high for short alignments. Use -nt AUTO to determine best number of threads.
210  TIM3e+I       1281.779     13  2589.557     2590.306     2644.347
WARNING: Number of threads seems too high for short alignments. Use -nt AUTO to determine best number of threads.
211  TIM3e+G4      1281.779     13  2589.559     2590.307     2644.348
WARNING: Number of threads seems too high for short alignments. Use -nt AUTO to determine best number of threads.
212  TIM3e+I+G4    1282.768     14  2593.537     2594.403     2652.541
WARNING: Number of threads seems too high for short alignments. Use -nt AUTO to determine best number of threads.
213  TIM3e+R2      1281.816     14  2591.633     2592.499     2650.637
WARNING: Number of threads seems too high for short alignments. Use -nt AUTO to determine best number of threads.
214  TIM3e+R3      1281.798     16  2595.596     2596.722     2663.030
WARNING: Number of threads seems too high for short alignments. Use -nt AUTO to determine best number of threads.
222  TIM3+F        1269.671     15  2569.343     2570.334     2632.562
WARNING: Number of threads seems too high for short alignments. Use -nt AUTO to determine best number of threads.
223  TIM3+F+I      1269.671     16  2571.342     2572.469     2638.776
WARNING: Number of threads seems too high for short alignments. Use -nt AUTO to determine best number of threads.
224  TIM3+F+G4     1269.672     16  2571.344     2572.470     2638.778
WARNING: Number of threads seems too high for short alignments. Use -nt AUTO to determine best number of threads.
225  TIM3+F+I+G4   1270.744     17  2575.489     2576.758     2647.137
WARNING: Number of threads seems too high for short alignments. Use -nt AUTO to determine best number of threads.
226  TIM3+F+R2     1269.715     17  2573.429     2574.699     2645.077
WARNING: Number of threads seems too high for short alignments. Use -nt AUTO to determine best number of threads.
227  TIM3+F+R3     1269.693     19  2577.387     2578.970     2657.464
WARNING: Number of threads seems too high for short alignments. Use -nt AUTO to determine best number of threads.
235  TVMe          1280.333     13  2586.666     2587.415     2641.456
WARNING: Number of threads seems too high for short alignments. Use -nt AUTO to determine best number of threads.
236  TVMe+I        1280.333     14  2588.666     2589.532     2647.671
WARNING: Number of threads seems too high for short alignments. Use -nt AUTO to determine best number of threads.
237  TVMe+G4       1280.334     14  2588.667     2589.533     2647.672
WARNING: Number of threads seems too high for short alignments. Use -nt AUTO to determine best number of threads.
238  TVMe+I+G4     1281.228     15  2592.457     2593.449     2655.676
WARNING: Number of threads seems too high for short alignments. Use -nt AUTO to determine best number of threads.
239  TVMe+R2       1280.362     15  2590.723     2591.715     2653.942
WARNING: Number of threads seems too high for short alignments. Use -nt AUTO to determine best number of threads.
240  TVMe+R3       1280.347     17  2594.694     2595.964     2666.343
WARNING: Number of threads seems too high for short alignments. Use -nt AUTO to determine best number of threads.
248  TVM+F         1268.837     16  2569.675     2570.801     2637.109
WARNING: Number of threads seems too high for short alignments. Use -nt AUTO to determine best number of threads.
249  TVM+F+I       1268.837     17  2571.675     2572.944     2643.323
WARNING: Number of threads seems too high for short alignments. Use -nt AUTO to determine best number of threads.
250  TVM+F+G4      1268.838     17  2571.676     2572.946     2643.325
WARNING: Number of threads seems too high for short alignments. Use -nt AUTO to determine best number of threads.
251  TVM+F+I+G4    1269.826     18  2575.653     2577.075     2651.516
WARNING: Number of threads seems too high for short alignments. Use -nt AUTO to determine best number of threads.
252  TVM+F+R2      1268.873     18  2573.746     2575.168     2649.609
WARNING: Number of threads seems too high for short alignments. Use -nt AUTO to determine best number of threads.
253  TVM+F+R3      1268.855     20  2577.710     2579.463     2662.002
WARNING: Number of threads seems too high for short alignments. Use -nt AUTO to determine best number of threads.
261  SYM           1280.120     14  2588.240     2589.106     2647.245
WARNING: Number of threads seems too high for short alignments. Use -nt AUTO to determine best number of threads.
262  SYM+I         1280.120     15  2590.240     2591.232     2653.460
WARNING: Number of threads seems too high for short alignments. Use -nt AUTO to determine best number of threads.
263  SYM+G4        1280.121     15  2590.241     2591.233     2653.461
WARNING: Number of threads seems too high for short alignments. Use -nt AUTO to determine best number of threads.
264  SYM+I+G4      1280.989     16  2593.979     2595.105     2661.412
WARNING: Number of threads seems too high for short alignments. Use -nt AUTO to determine best number of threads.
265  SYM+R2        1280.145     16  2592.289     2593.416     2659.723
WARNING: Number of threads seems too high for short alignments. Use -nt AUTO to determine best number of threads.
266  SYM+R3        1280.132     18  2596.264     2597.686     2672.127
WARNING: Number of threads seems too high for short alignments. Use -nt AUTO to determine best number of threads.
274  GTR+F         1268.324     17  2570.648     2571.918     2642.297
WARNING: Number of threads seems too high for short alignments. Use -nt AUTO to determine best number of threads.
275  GTR+F+I       1268.324     18  2572.648     2574.070     2648.511
WARNING: Number of threads seems too high for short alignments. Use -nt AUTO to determine best number of threads.
276  GTR+F+G4      1268.325     18  2572.650     2574.072     2648.513
WARNING: Number of threads seems too high for short alignments. Use -nt AUTO to determine best number of threads.
277  GTR+F+I+G4    1269.325     19  2576.650     2578.234     2656.728
WARNING: Number of threads seems too high for short alignments. Use -nt AUTO to determine best number of threads.
278  GTR+F+R2      1268.356     19  2574.712     2576.295     2654.790
WARNING: Number of threads seems too high for short alignments. Use -nt AUTO to determine best number of threads.
279  GTR+F+R3      1268.339     21  2578.679     2580.612     2667.185
Akaike Information Criterion:           K3Pu+F
Corrected Akaike Information Criterion: K3Pu+F
Bayesian Information Criterion:         HKY+F
Best-fit model: HKY+F chosen according to BIC

All model information printed to examples/6taxon_1000genes_4cores//aln_seqs/1_seqgen942.nex.aln.model.gz
CPU time for ModelFinder: 3.681 seconds (0h:0m:3s)
Wall-clock time for ModelFinder: 363.173 seconds (0h:6m:3s)
Generating 1000 samples for ultrafast bootstrap (seed: 683974)...

NOTE: 0 MB RAM (0 GB) is required!
WARNING: Number of threads seems too high for short alignments. Use -nt AUTO to determine best number of threads.
Estimate model parameters (epsilon = 0.100)
1. Initial log-likelihood: -1287.759
2. Current log-likelihood: -1270.412
Optimal log-likelihood: -1270.397
Rate parameters:  A-C: 1.00000  A-G: 3.18775  A-T: 1.00000  C-G: 1.00000  C-T: 3.18775  G-T: 1.00000
Base frequencies:  A: 0.284  C: 0.214  G: 0.195  T: 0.308
Parameters optimization took 2 rounds (2.387 sec)
Computing ML distances based on estimated model parameters... 0.000 sec
Computing BIONJ tree...
3.344 seconds
Log-likelihood of BIONJ tree: -1270.397
--------------------------------------------------------------------
|             INITIALIZING CANDIDATE TREE SET                      |
--------------------------------------------------------------------
Generating 99 parsimony trees... 3.470 second
Computing log-likelihood of 6 initial trees ... 5.458 seconds
Current best score: -1270.397

Do NNI search on 7 best initial trees
Finish initializing candidate tree set (7)
Current best tree score: -1270.397 / CPU time: 36.924
Number of iterations: 7
--------------------------------------------------------------------
|               OPTIMIZING CANDIDATE TREE SET                      |
--------------------------------------------------------------------
Iteration 10 / LogL: -1270.408 / Time: 0h:1m:1s
UPDATE BEST LOG-LIKELIHOOD: -1270.397
Iteration 20 / LogL: -1270.398 / Time: 0h:1m:57s
Iteration 30 / LogL: -1270.398 / Time: 0h:2m:43s (0h:6m:33s left)
Iteration 40 / LogL: -1270.397 / Time: 0h:3m:25s (0h:5m:16s left)
Iteration 50 / LogL: -1270.399 / Time: 0h:4m:10s (0h:4m:15s left)
Log-likelihood cutoff on original alignment: -1289.849
Iteration 60 / LogL: -1270.397 / Time: 0h:5m:2s (0h:3m:24s left)
Iteration 70 / LogL: -1270.408 / Time: 0h:5m:36s (0h:2m:26s left)
Iteration 80 / LogL: -1270.399 / Time: 0h:6m:5s (0h:1m:32s left)
Iteration 90 / LogL: -1270.397 / Time: 0h:6m:30s (0h:0m:43s left)
Iteration 100 / LogL: -1270.408 / Time: 0h:6m:55s (0h:0m:0s left)
Log-likelihood cutoff on original alignment: -1289.849
NOTE: Bootstrap correlation coefficient of split occurrence frequencies: 1.000
TREE SEARCH COMPLETED AFTER 101 ITERATIONS / Time: 0h:7m:2s

--------------------------------------------------------------------
|                    FINALIZING TREE SEARCH                        |
--------------------------------------------------------------------
Performs final model parameters optimization
Estimate model parameters (epsilon = 0.010)
1. Initial log-likelihood: -1270.397
Optimal log-likelihood: -1270.397
Rate parameters:  A-C: 1.00000  A-G: 3.18775  A-T: 1.00000  C-G: 1.00000  C-T: 3.18775  G-T: 1.00000
Base frequencies:  A: 0.284  C: 0.214  G: 0.195  T: 0.308
Parameters optimization took 1 rounds (0.737 sec)
BEST SCORE FOUND : -1270.397
Creating bootstrap support values...
Split supports printed to NEXUS file examples/6taxon_1000genes_4cores//aln_seqs/1_seqgen942.nex.aln.splits.nex
Total tree length: 0.230

Total number of iterations: 101
CPU time used for tree search: 5.262 sec (0h:0m:5s)
Wall-clock time used for tree search: 412.843 sec (0h:6m:52s)
Total CPU time used: 5.382 sec (0h:0m:5s)
Total wall-clock time used: 427.149 sec (0h:7m:7s)

Computing bootstrap consensus tree...
Reading input file examples/6taxon_1000genes_4cores//aln_seqs/1_seqgen942.nex.aln.splits.nex...
6 taxa and 22 splits.
Consensus tree written to examples/6taxon_1000genes_4cores//aln_seqs/1_seqgen942.nex.aln.contree
Reading input trees file examples/6taxon_1000genes_4cores//aln_seqs/1_seqgen942.nex.aln.contree
Log-likelihood of consensus tree: -1270.397

Analysis results written to: 
  IQ-TREE report:                examples/6taxon_1000genes_4cores//aln_seqs/1_seqgen942.nex.aln.iqtree
  Maximum-likelihood tree:       examples/6taxon_1000genes_4cores//aln_seqs/1_seqgen942.nex.aln.treefile
  Likelihood distances:          examples/6taxon_1000genes_4cores//aln_seqs/1_seqgen942.nex.aln.mldist

Ultrafast bootstrap approximation results written to:
  Split support values:          examples/6taxon_1000genes_4cores//aln_seqs/1_seqgen942.nex.aln.splits.nex
  Consensus tree:                examples/6taxon_1000genes_4cores//aln_seqs/1_seqgen942.nex.aln.contree
  Screen log file:               examples/6taxon_1000genes_4cores//aln_seqs/1_seqgen942.nex.aln.log

Date and Time: Wed Feb 20 19:19:29 2019
