IQ-TREE multicore version 1.6.8 for Linux 64-bit built Oct 28 2018
Developed by Bui Quang Minh, Nguyen Lam Tung, Olga Chernomor,
Heiko Schmidt, Dominik Schrempf, Michael Woodhams.

Host:    sango10410.oist.jp (AVX2, FMA3, 125 GB RAM)
Command: iqtree -s examples/6taxon_1000genes_4cores//aln_seqs/1_seqgen648.nex.aln -bb 1000 -redo -nt 3 -m MFP
Seed:    869405 (Using SPRNG - Scalable Parallel Random Number Generator)
Time:    Wed Feb 20 18:58:25 2019
Kernel:  AVX+FMA - 3 threads (48 CPU cores detected)

Reading alignment file examples/6taxon_1000genes_4cores//aln_seqs/1_seqgen648.nex.aln ... Fasta format detected
Alignment most likely contains DNA/RNA sequences
Alignment has 6 sequences with 500 columns, 47 distinct patterns
21 parsimony-informative, 55 singleton sites, 424 constant sites
   Gap/Ambiguity  Composition  p-value
   1  F    0.00%    passed     89.54%
   2  E    0.00%    passed     92.76%
   3  A    0.00%    passed     99.68%
   4  B    0.00%    passed     99.52%
   5  C    0.00%    passed     99.07%
   6  D    0.00%    passed     95.89%
****  TOTAL    0.00%  0 sequences failed composition chi2 test (p-value<5%; df=3)


Create initial parsimony tree by phylogenetic likelihood library (PLL)... 0.000 seconds
NOTE: ModelFinder requires 0 MB RAM!
ModelFinder will test 286 DNA models (sample size: 500) ...
 No. Model         -LnL         df  AIC          AICc         BIC
WARNING: Number of threads seems too high for short alignments. Use -nt AUTO to determine best number of threads.
  1  JC            1151.694     9   2321.387     2321.754     2359.319
WARNING: Number of threads seems too high for short alignments. Use -nt AUTO to determine best number of threads.
  2  JC+I          1151.694     10  2323.387     2323.837     2365.533
WARNING: Number of threads seems too high for short alignments. Use -nt AUTO to determine best number of threads.
  3  JC+G4         1151.695     10  2323.389     2323.839     2365.535
WARNING: Number of threads seems too high for short alignments. Use -nt AUTO to determine best number of threads.
  4  JC+I+G4       1153.356     11  2328.713     2329.254     2375.073
WARNING: Number of threads seems too high for short alignments. Use -nt AUTO to determine best number of threads.
  5  JC+R2         1152.143     11  2326.287     2326.828     2372.647
WARNING: Number of threads seems too high for short alignments. Use -nt AUTO to determine best number of threads.
  6  JC+R3         1151.976     13  2329.952     2330.701     2384.742
WARNING: Number of threads seems too high for short alignments. Use -nt AUTO to determine best number of threads.
 14  F81+F         1143.534     12  2311.067     2311.708     2361.642
WARNING: Number of threads seems too high for short alignments. Use -nt AUTO to determine best number of threads.
 15  F81+F+I       1143.534     13  2313.067     2313.816     2367.857
WARNING: Number of threads seems too high for short alignments. Use -nt AUTO to determine best number of threads.
 16  F81+F+G4      1143.535     13  2313.070     2313.818     2367.859
WARNING: Number of threads seems too high for short alignments. Use -nt AUTO to determine best number of threads.
 17  F81+F+I+G4    1145.206     14  2318.411     2319.277     2377.416
WARNING: Number of threads seems too high for short alignments. Use -nt AUTO to determine best number of threads.
 18  F81+F+R2      1143.921     14  2315.841     2316.707     2374.846
WARNING: Number of threads seems too high for short alignments. Use -nt AUTO to determine best number of threads.
 19  F81+F+R3      1143.764     16  2319.529     2320.655     2386.962
WARNING: Number of threads seems too high for short alignments. Use -nt AUTO to determine best number of threads.
 27  K2P           1131.158     10  2282.317     2282.767     2324.463
WARNING: Number of threads seems too high for short alignments. Use -nt AUTO to determine best number of threads.
 28  K2P+I         1131.158     11  2284.317     2284.858     2330.677
WARNING: Number of threads seems too high for short alignments. Use -nt AUTO to determine best number of threads.
 29  K2P+G4        1131.159     11  2284.318     2284.859     2330.679
WARNING: Number of threads seems too high for short alignments. Use -nt AUTO to determine best number of threads.
 30  K2P+I+G4      1132.472     12  2288.944     2289.584     2339.519
WARNING: Number of threads seems too high for short alignments. Use -nt AUTO to determine best number of threads.
 31  K2P+R2        1131.410     12  2286.821     2287.461     2337.396
WARNING: Number of threads seems too high for short alignments. Use -nt AUTO to determine best number of threads.
 32  K2P+R3        1131.300     14  2290.600     2291.466     2349.605
WARNING: Number of threads seems too high for short alignments. Use -nt AUTO to determine best number of threads.
 40  HKY+F         1122.253     13  2270.507     2271.256     2325.297
WARNING: Number of threads seems too high for short alignments. Use -nt AUTO to determine best number of threads.
 41  HKY+F+I       1122.253     14  2272.506     2273.372     2331.511
WARNING: Number of threads seems too high for short alignments. Use -nt AUTO to determine best number of threads.
 42  HKY+F+G4      1122.254     14  2272.508     2273.374     2331.513
WARNING: Number of threads seems too high for short alignments. Use -nt AUTO to determine best number of threads.
 43  HKY+F+I+G4    1123.615     15  2277.231     2278.222     2340.450
WARNING: Number of threads seems too high for short alignments. Use -nt AUTO to determine best number of threads.
 44  HKY+F+R2      1122.487     15  2274.974     2275.966     2338.193
WARNING: Number of threads seems too high for short alignments. Use -nt AUTO to determine best number of threads.
 45  HKY+F+R3      1122.381     17  2278.762     2280.031     2350.410
WARNING: Number of threads seems too high for short alignments. Use -nt AUTO to determine best number of threads.
 53  TNe           1130.827     11  2283.655     2284.196     2330.016
WARNING: Number of threads seems too high for short alignments. Use -nt AUTO to determine best number of threads.
 54  TNe+I         1130.827     12  2285.654     2286.295     2336.230
WARNING: Number of threads seems too high for short alignments. Use -nt AUTO to determine best number of threads.
 55  TNe+G4        1130.828     12  2285.656     2286.297     2336.231
WARNING: Number of threads seems too high for short alignments. Use -nt AUTO to determine best number of threads.
 56  TNe+I+G4      1132.064     13  2290.129     2290.878     2344.919
WARNING: Number of threads seems too high for short alignments. Use -nt AUTO to determine best number of threads.
 57  TNe+R2        1131.011     13  2288.022     2288.771     2342.812
WARNING: Number of threads seems too high for short alignments. Use -nt AUTO to determine best number of threads.
 58  TNe+R3        1130.924     15  2291.848     2292.840     2355.067
WARNING: Number of threads seems too high for short alignments. Use -nt AUTO to determine best number of threads.
 66  TN+F          1121.882     14  2271.763     2272.629     2330.768
WARNING: Number of threads seems too high for short alignments. Use -nt AUTO to determine best number of threads.
 67  TN+F+I        1121.881     15  2273.761     2274.753     2336.981
WARNING: Number of threads seems too high for short alignments. Use -nt AUTO to determine best number of threads.
 68  TN+F+G4       1121.881     15  2273.763     2274.754     2336.982
WARNING: Number of threads seems too high for short alignments. Use -nt AUTO to determine best number of threads.
 69  TN+F+I+G4     1123.186     16  2278.373     2279.499     2345.806
WARNING: Number of threads seems too high for short alignments. Use -nt AUTO to determine best number of threads.
 70  TN+F+R2       1122.056     16  2276.112     2277.238     2343.546
WARNING: Number of threads seems too high for short alignments. Use -nt AUTO to determine best number of threads.
 71  TN+F+R3       1121.970     18  2279.941     2281.363     2355.804
WARNING: Number of threads seems too high for short alignments. Use -nt AUTO to determine best number of threads.
 79  K3P           1130.644     11  2283.288     2283.829     2329.649
WARNING: Number of threads seems too high for short alignments. Use -nt AUTO to determine best number of threads.
 80  K3P+I         1130.644     12  2285.288     2285.929     2335.863
WARNING: Number of threads seems too high for short alignments. Use -nt AUTO to determine best number of threads.
 81  K3P+G4        1130.645     12  2285.290     2285.930     2335.865
WARNING: Number of threads seems too high for short alignments. Use -nt AUTO to determine best number of threads.
 82  K3P+I+G4      1131.846     13  2289.691     2290.440     2344.481
WARNING: Number of threads seems too high for short alignments. Use -nt AUTO to determine best number of threads.
 83  K3P+R2        1130.784     13  2287.567     2288.316     2342.357
WARNING: Number of threads seems too high for short alignments. Use -nt AUTO to determine best number of threads.
 84  K3P+R3        1130.713     15  2291.426     2292.418     2354.646
WARNING: Number of threads seems too high for short alignments. Use -nt AUTO to determine best number of threads.
 92  K3Pu+F        1121.621     14  2271.241     2272.107     2330.246
WARNING: Number of threads seems too high for short alignments. Use -nt AUTO to determine best number of threads.
 93  K3Pu+F+I      1121.621     15  2273.241     2274.233     2336.460
WARNING: Number of threads seems too high for short alignments. Use -nt AUTO to determine best number of threads.
 94  K3Pu+F+G4     1121.621     15  2273.243     2274.235     2336.462
WARNING: Number of threads seems too high for short alignments. Use -nt AUTO to determine best number of threads.
 95  K3Pu+F+I+G4   1122.871     16  2277.743     2278.869     2345.176
WARNING: Number of threads seems too high for short alignments. Use -nt AUTO to determine best number of threads.
 96  K3Pu+F+R2     1121.752     16  2275.504     2276.631     2342.938
WARNING: Number of threads seems too high for short alignments. Use -nt AUTO to determine best number of threads.
 97  K3Pu+F+R3     1121.684     18  2279.368     2280.790     2355.231
WARNING: Number of threads seems too high for short alignments. Use -nt AUTO to determine best number of threads.
105  TPM2+F        1122.253     14  2272.506     2273.372     2331.511
WARNING: Number of threads seems too high for short alignments. Use -nt AUTO to determine best number of threads.
106  TPM2+F+I      1122.253     15  2274.506     2275.498     2337.726
WARNING: Number of threads seems too high for short alignments. Use -nt AUTO to determine best number of threads.
107  TPM2+F+G4     1122.254     15  2274.508     2275.500     2337.727
WARNING: Number of threads seems too high for short alignments. Use -nt AUTO to determine best number of threads.
108  TPM2+F+I+G4   1123.485     16  2278.971     2280.097     2346.405
WARNING: Number of threads seems too high for short alignments. Use -nt AUTO to determine best number of threads.
109  TPM2+F+R2     1122.368     16  2276.737     2277.863     2344.171
WARNING: Number of threads seems too high for short alignments. Use -nt AUTO to determine best number of threads.
110  TPM2+F+R3     1122.307     18  2280.614     2282.036     2356.477
WARNING: Number of threads seems too high for short alignments. Use -nt AUTO to determine best number of threads.
118  TPM2u+F       1122.253     14  2272.506     2273.372     2331.511
WARNING: Number of threads seems too high for short alignments. Use -nt AUTO to determine best number of threads.
119  TPM2u+F+I     1122.253     15  2274.506     2275.498     2337.725
WARNING: Number of threads seems too high for short alignments. Use -nt AUTO to determine best number of threads.
120  TPM2u+F+G4    1122.254     15  2274.508     2275.500     2337.727
WARNING: Number of threads seems too high for short alignments. Use -nt AUTO to determine best number of threads.
121  TPM2u+F+I+G4  1123.462     16  2278.924     2280.051     2346.358
WARNING: Number of threads seems too high for short alignments. Use -nt AUTO to determine best number of threads.
122  TPM2u+F+R2    1122.353     16  2276.707     2277.833     2344.141
WARNING: Number of threads seems too high for short alignments. Use -nt AUTO to determine best number of threads.
123  TPM2u+F+R3    1122.298     18  2280.597     2282.019     2356.460
WARNING: Number of threads seems too high for short alignments. Use -nt AUTO to determine best number of threads.
131  TPM3+F        1120.846     14  2269.692     2270.558     2328.697
WARNING: Number of threads seems too high for short alignments. Use -nt AUTO to determine best number of threads.
132  TPM3+F+I      1120.846     15  2271.692     2272.684     2334.911
WARNING: Number of threads seems too high for short alignments. Use -nt AUTO to determine best number of threads.
133  TPM3+F+G4     1120.847     15  2271.694     2272.686     2334.913
WARNING: Number of threads seems too high for short alignments. Use -nt AUTO to determine best number of threads.
134  TPM3+F+I+G4   1122.032     16  2276.065     2277.191     2343.498
WARNING: Number of threads seems too high for short alignments. Use -nt AUTO to determine best number of threads.
135  TPM3+F+R2     1120.934     16  2273.869     2274.995     2341.302
WARNING: Number of threads seems too high for short alignments. Use -nt AUTO to determine best number of threads.
136  TPM3+F+R3     1120.884     18  2277.769     2279.191     2353.632
WARNING: Number of threads seems too high for short alignments. Use -nt AUTO to determine best number of threads.
144  TPM3u+F       1120.846     14  2269.692     2270.558     2328.697
WARNING: Number of threads seems too high for short alignments. Use -nt AUTO to determine best number of threads.
145  TPM3u+F+I     1120.846     15  2271.692     2272.684     2334.911
WARNING: Number of threads seems too high for short alignments. Use -nt AUTO to determine best number of threads.
146  TPM3u+F+G4    1120.847     15  2271.694     2272.686     2334.913
WARNING: Number of threads seems too high for short alignments. Use -nt AUTO to determine best number of threads.
147  TPM3u+F+I+G4  1122.011     16  2276.022     2277.148     2343.455
WARNING: Number of threads seems too high for short alignments. Use -nt AUTO to determine best number of threads.
148  TPM3u+F+R2    1120.923     16  2273.846     2274.973     2341.280
WARNING: Number of threads seems too high for short alignments. Use -nt AUTO to determine best number of threads.
149  TPM3u+F+R3    1120.878     18  2277.757     2279.179     2353.620
WARNING: Number of threads seems too high for short alignments. Use -nt AUTO to determine best number of threads.
157  TIMe          1130.313     12  2284.626     2285.267     2335.201
WARNING: Number of threads seems too high for short alignments. Use -nt AUTO to determine best number of threads.
158  TIMe+I        1130.313     13  2286.626     2287.375     2341.416
WARNING: Number of threads seems too high for short alignments. Use -nt AUTO to determine best number of threads.
159  TIMe+G4       1130.314     13  2286.628     2287.377     2341.418
WARNING: Number of threads seems too high for short alignments. Use -nt AUTO to determine best number of threads.
160  TIMe+I+G4     1131.366     14  2290.731     2291.597     2349.736
WARNING: Number of threads seems too high for short alignments. Use -nt AUTO to determine best number of threads.
161  TIMe+R2       1130.373     14  2288.746     2289.612     2347.751
WARNING: Number of threads seems too high for short alignments. Use -nt AUTO to determine best number of threads.
162  TIMe+R3       1130.337     16  2292.675     2293.801     2360.108
WARNING: Number of threads seems too high for short alignments. Use -nt AUTO to determine best number of threads.
170  TIM+F         1121.248     15  2272.496     2273.488     2335.715
WARNING: Number of threads seems too high for short alignments. Use -nt AUTO to determine best number of threads.
171  TIM+F+I       1121.248     16  2274.496     2275.623     2341.930
WARNING: Number of threads seems too high for short alignments. Use -nt AUTO to determine best number of threads.
172  TIM+F+G4      1121.249     16  2274.498     2275.624     2341.932
WARNING: Number of threads seems too high for short alignments. Use -nt AUTO to determine best number of threads.
173  TIM+F+I+G4    1122.367     17  2278.734     2280.004     2350.383
WARNING: Number of threads seems too high for short alignments. Use -nt AUTO to determine best number of threads.
174  TIM+F+R2      1121.307     17  2276.615     2277.884     2348.263
WARNING: Number of threads seems too high for short alignments. Use -nt AUTO to determine best number of threads.
175  TIM+F+R3      1121.271     19  2280.542     2282.126     2360.620
WARNING: Number of threads seems too high for short alignments. Use -nt AUTO to determine best number of threads.
183  TIM2e         1130.704     12  2285.407     2286.048     2335.982
WARNING: Number of threads seems too high for short alignments. Use -nt AUTO to determine best number of threads.
184  TIM2e+I       1130.704     13  2287.407     2288.156     2342.197
WARNING: Number of threads seems too high for short alignments. Use -nt AUTO to determine best number of threads.
185  TIM2e+G4      1130.704     13  2287.409     2288.158     2342.198
WARNING: Number of threads seems too high for short alignments. Use -nt AUTO to determine best number of threads.
186  TIM2e+I+G4    1131.697     14  2291.395     2292.261     2350.399
WARNING: Number of threads seems too high for short alignments. Use -nt AUTO to determine best number of threads.
187  TIM2e+R2      1130.749     14  2289.497     2290.363     2348.502
WARNING: Number of threads seems too high for short alignments. Use -nt AUTO to determine best number of threads.
188  TIM2e+R3      1130.720     16  2293.441     2294.567     2360.874
WARNING: Number of threads seems too high for short alignments. Use -nt AUTO to determine best number of threads.
196  TIM2+F        1121.880     15  2273.760     2274.752     2336.979
WARNING: Number of threads seems too high for short alignments. Use -nt AUTO to determine best number of threads.
197  TIM2+F+I      1121.880     16  2275.760     2276.886     2343.194
WARNING: Number of threads seems too high for short alignments. Use -nt AUTO to determine best number of threads.
198  TIM2+F+G4     1121.881     16  2275.762     2276.888     2343.196
WARNING: Number of threads seems too high for short alignments. Use -nt AUTO to determine best number of threads.
199  TIM2+F+I+G4   1122.969     17  2279.938     2281.208     2351.587
WARNING: Number of threads seems too high for short alignments. Use -nt AUTO to determine best number of threads.
200  TIM2+F+R2     1121.927     17  2277.854     2279.123     2349.502
WARNING: Number of threads seems too high for short alignments. Use -nt AUTO to determine best number of threads.
201  TIM2+F+R3     1121.897     19  2281.794     2283.377     2361.871
WARNING: Number of threads seems too high for short alignments. Use -nt AUTO to determine best number of threads.
209  TIM3e         1128.899     12  2281.799     2282.440     2332.374
WARNING: Number of threads seems too high for short alignments. Use -nt AUTO to determine best number of threads.
210  TIM3e+I       1128.899     13  2283.799     2284.548     2338.589
WARNING: Number of threads seems too high for short alignments. Use -nt AUTO to determine best number of threads.
211  TIM3e+G4      1128.900     13  2283.800     2284.549     2338.590
WARNING: Number of threads seems too high for short alignments. Use -nt AUTO to determine best number of threads.
212  TIM3e+I+G4    1129.861     14  2287.722     2288.588     2346.727
WARNING: Number of threads seems too high for short alignments. Use -nt AUTO to determine best number of threads.
213  TIM3e+R2      1128.935     14  2285.871     2286.737     2344.875
WARNING: Number of threads seems too high for short alignments. Use -nt AUTO to determine best number of threads.
214  TIM3e+R3      1128.912     16  2289.824     2290.950     2357.257
WARNING: Number of threads seems too high for short alignments. Use -nt AUTO to determine best number of threads.
222  TIM3+F        1120.478     15  2270.956     2271.948     2334.175
WARNING: Number of threads seems too high for short alignments. Use -nt AUTO to determine best number of threads.
223  TIM3+F+I      1120.478     16  2272.956     2274.082     2340.390
WARNING: Number of threads seems too high for short alignments. Use -nt AUTO to determine best number of threads.
224  TIM3+F+G4     1120.479     16  2272.958     2274.084     2340.391
WARNING: Number of threads seems too high for short alignments. Use -nt AUTO to determine best number of threads.
225  TIM3+F+I+G4   1121.528     17  2277.057     2278.326     2348.705
WARNING: Number of threads seems too high for short alignments. Use -nt AUTO to determine best number of threads.
226  TIM3+F+R2     1120.515     17  2275.030     2276.300     2346.678
WARNING: Number of threads seems too high for short alignments. Use -nt AUTO to determine best number of threads.
227  TIM3+F+R3     1120.490     19  2278.980     2280.563     2359.058
WARNING: Number of threads seems too high for short alignments. Use -nt AUTO to determine best number of threads.
235  TVMe          1127.603     13  2281.206     2281.955     2335.996
WARNING: Number of threads seems too high for short alignments. Use -nt AUTO to determine best number of threads.
236  TVMe+I        1127.603     14  2283.206     2284.072     2342.210
WARNING: Number of threads seems too high for short alignments. Use -nt AUTO to determine best number of threads.
237  TVMe+G4       1127.604     14  2283.207     2284.073     2342.212
WARNING: Number of threads seems too high for short alignments. Use -nt AUTO to determine best number of threads.
238  TVMe+I+G4     1128.472     15  2286.944     2287.936     2350.163
WARNING: Number of threads seems too high for short alignments. Use -nt AUTO to determine best number of threads.
239  TVMe+R2       1127.628     15  2285.256     2286.248     2348.475
WARNING: Number of threads seems too high for short alignments. Use -nt AUTO to determine best number of threads.
240  TVMe+R3       1127.611     17  2289.221     2290.491     2360.869
WARNING: Number of threads seems too high for short alignments. Use -nt AUTO to determine best number of threads.
248  TVM+F         1119.302     16  2270.604     2271.730     2338.038
WARNING: Number of threads seems too high for short alignments. Use -nt AUTO to determine best number of threads.
249  TVM+F+I       1119.302     17  2272.604     2273.874     2344.252
WARNING: Number of threads seems too high for short alignments. Use -nt AUTO to determine best number of threads.
250  TVM+F+G4      1119.303     17  2272.606     2273.875     2344.254
WARNING: Number of threads seems too high for short alignments. Use -nt AUTO to determine best number of threads.
251  TVM+F+I+G4    1120.279     18  2276.557     2277.979     2352.420
WARNING: Number of threads seems too high for short alignments. Use -nt AUTO to determine best number of threads.
252  TVM+F+R2      1119.330     18  2274.660     2276.082     2350.523
WARNING: Number of threads seems too high for short alignments. Use -nt AUTO to determine best number of threads.
253  TVM+F+R3      1119.310     20  2278.621     2280.374     2362.913
WARNING: Number of threads seems too high for short alignments. Use -nt AUTO to determine best number of threads.
261  SYM           1127.277     14  2282.555     2283.421     2341.559
WARNING: Number of threads seems too high for short alignments. Use -nt AUTO to determine best number of threads.
262  SYM+I         1127.277     15  2284.555     2285.546     2347.774
WARNING: Number of threads seems too high for short alignments. Use -nt AUTO to determine best number of threads.
263  SYM+G4        1127.278     15  2284.556     2285.548     2347.775
WARNING: Number of threads seems too high for short alignments. Use -nt AUTO to determine best number of threads.
264  SYM+I+G4      1128.107     16  2288.215     2289.341     2355.648
WARNING: Number of threads seems too high for short alignments. Use -nt AUTO to determine best number of threads.
265  SYM+R2        1127.297     16  2286.594     2287.720     2354.028
WARNING: Number of threads seems too high for short alignments. Use -nt AUTO to determine best number of threads.
266  SYM+R3        1127.283     18  2290.566     2291.988     2366.428
WARNING: Number of threads seems too high for short alignments. Use -nt AUTO to determine best number of threads.
274  GTR+F         1118.935     17  2271.871     2273.141     2343.519
WARNING: Number of threads seems too high for short alignments. Use -nt AUTO to determine best number of threads.
275  GTR+F+I       1118.935     18  2273.871     2275.293     2349.734
WARNING: Number of threads seems too high for short alignments. Use -nt AUTO to determine best number of threads.
276  GTR+F+G4      1118.936     18  2273.873     2275.295     2349.736
WARNING: Number of threads seems too high for short alignments. Use -nt AUTO to determine best number of threads.
277  GTR+F+I+G4    1119.881     19  2277.762     2279.346     2357.840
WARNING: Number of threads seems too high for short alignments. Use -nt AUTO to determine best number of threads.
278  GTR+F+R2      1118.957     19  2275.915     2277.498     2355.992
WARNING: Number of threads seems too high for short alignments. Use -nt AUTO to determine best number of threads.
279  GTR+F+R3      1118.941     21  2279.882     2281.815     2368.389
Akaike Information Criterion:           TPM3+F
Corrected Akaike Information Criterion: TPM3+F
Bayesian Information Criterion:         K2P
Best-fit model: K2P chosen according to BIC

All model information printed to examples/6taxon_1000genes_4cores//aln_seqs/1_seqgen648.nex.aln.model.gz
CPU time for ModelFinder: 2.598 seconds (0h:0m:2s)
Wall-clock time for ModelFinder: 119.780 seconds (0h:1m:59s)
Generating 1000 samples for ultrafast bootstrap (seed: 869405)...

NOTE: 0 MB RAM (0 GB) is required!
WARNING: Number of threads seems too high for short alignments. Use -nt AUTO to determine best number of threads.
Estimate model parameters (epsilon = 0.100)
1. Initial log-likelihood: -1151.697
2. Current log-likelihood: -1140.579
3. Current log-likelihood: -1139.449
4. Current log-likelihood: -1138.277
5. Current log-likelihood: -1137.047
6. Current log-likelihood: -1135.777
7. Current log-likelihood: -1131.163
Optimal log-likelihood: -1131.158
Rate parameters:  A-C: 1.00000  A-G: 4.47992  A-T: 1.00000  C-G: 1.00000  C-T: 4.47992  G-T: 1.00000
Base frequencies:  A: 0.250  C: 0.250  G: 0.250  T: 0.250
Parameters optimization took 7 rounds (4.526 sec)
Computing ML distances based on estimated model parameters... 0.012 sec
Computing BIONJ tree...
0.003 seconds
Log-likelihood of BIONJ tree: -1131.158
--------------------------------------------------------------------
|             INITIALIZING CANDIDATE TREE SET                      |
--------------------------------------------------------------------
Generating 99 parsimony trees... 3.014 second
Computing log-likelihood of 6 initial trees ... 3.233 seconds
Current best score: -1131.158

Do NNI search on 7 best initial trees
Finish initializing candidate tree set (7)
Current best tree score: -1131.158 / CPU time: 22.191
Number of iterations: 7
--------------------------------------------------------------------
|               OPTIMIZING CANDIDATE TREE SET                      |
--------------------------------------------------------------------
Iteration 10 / LogL: -1144.409 / Time: 0h:0m:38s
Iteration 20 / LogL: -1131.158 / Time: 0h:1m:20s
Iteration 30 / LogL: -1131.158 / Time: 0h:2m:3s (0h:4m:56s left)
Iteration 40 / LogL: -1131.168 / Time: 0h:2m:49s (0h:4m:19s left)
Iteration 50 / LogL: -1131.158 / Time: 0h:3m:27s (0h:3m:30s left)
Log-likelihood cutoff on original alignment: -1170.836
Iteration 60 / LogL: -1131.158 / Time: 0h:4m:35s (0h:3m:5s left)
Iteration 70 / LogL: -1131.169 / Time: 0h:5m:48s (0h:2m:30s left)
Iteration 80 / LogL: -1131.158 / Time: 0h:6m:47s (0h:1m:42s left)
Iteration 90 / LogL: -1131.158 / Time: 0h:7m:54s (0h:0m:53s left)
Iteration 100 / LogL: -1131.158 / Time: 0h:9m:22s (0h:0m:0s left)
Log-likelihood cutoff on original alignment: -1169.958
NOTE: Bootstrap correlation coefficient of split occurrence frequencies: 1.000
TREE SEARCH COMPLETED AFTER 101 ITERATIONS / Time: 0h:9m:35s

--------------------------------------------------------------------
|                    FINALIZING TREE SEARCH                        |
--------------------------------------------------------------------
Performs final model parameters optimization
Estimate model parameters (epsilon = 0.010)
1. Initial log-likelihood: -1131.158
Optimal log-likelihood: -1131.158
Rate parameters:  A-C: 1.00000  A-G: 4.47524  A-T: 1.00000  C-G: 1.00000  C-T: 4.47524  G-T: 1.00000
Base frequencies:  A: 0.250  C: 0.250  G: 0.250  T: 0.250
Parameters optimization took 1 rounds (2.224 sec)
BEST SCORE FOUND : -1131.158
Creating bootstrap support values...
Split supports printed to NEXUS file examples/6taxon_1000genes_4cores//aln_seqs/1_seqgen648.nex.aln.splits.nex
Total tree length: 0.164

Total number of iterations: 101
CPU time used for tree search: 6.445 sec (0h:0m:6s)
Wall-clock time used for tree search: 568.113 sec (0h:9m:28s)
Total CPU time used: 6.628 sec (0h:0m:6s)
Total wall-clock time used: 585.425 sec (0h:9m:45s)

Computing bootstrap consensus tree...
Reading input file examples/6taxon_1000genes_4cores//aln_seqs/1_seqgen648.nex.aln.splits.nex...
6 taxa and 19 splits.
Consensus tree written to examples/6taxon_1000genes_4cores//aln_seqs/1_seqgen648.nex.aln.contree
Reading input trees file examples/6taxon_1000genes_4cores//aln_seqs/1_seqgen648.nex.aln.contree
Log-likelihood of consensus tree: -1131.158

Analysis results written to: 
  IQ-TREE report:                examples/6taxon_1000genes_4cores//aln_seqs/1_seqgen648.nex.aln.iqtree
  Maximum-likelihood tree:       examples/6taxon_1000genes_4cores//aln_seqs/1_seqgen648.nex.aln.treefile
  Likelihood distances:          examples/6taxon_1000genes_4cores//aln_seqs/1_seqgen648.nex.aln.mldist

Ultrafast bootstrap approximation results written to:
  Split support values:          examples/6taxon_1000genes_4cores//aln_seqs/1_seqgen648.nex.aln.splits.nex
  Consensus tree:                examples/6taxon_1000genes_4cores//aln_seqs/1_seqgen648.nex.aln.contree
  Screen log file:               examples/6taxon_1000genes_4cores//aln_seqs/1_seqgen648.nex.aln.log

Date and Time: Wed Feb 20 19:10:20 2019
