IQ-TREE multicore version 1.6.8 for Linux 64-bit built Oct 28 2018
Developed by Bui Quang Minh, Nguyen Lam Tung, Olga Chernomor,
Heiko Schmidt, Dominik Schrempf, Michael Woodhams.

Host:    sango10410.oist.jp (AVX2, FMA3, 125 GB RAM)
Command: iqtree -s examples/6taxon_1000genes_4cores//aln_seqs/1_seqgen676.nex.aln -bb 1000 -redo -nt 3 -m MFP
Seed:    288731 (Using SPRNG - Scalable Parallel Random Number Generator)
Time:    Wed Feb 20 19:01:56 2019
Kernel:  AVX+FMA - 3 threads (48 CPU cores detected)

Reading alignment file examples/6taxon_1000genes_4cores//aln_seqs/1_seqgen676.nex.aln ... Fasta format detected
Alignment most likely contains DNA/RNA sequences
Alignment has 6 sequences with 500 columns, 62 distinct patterns
29 parsimony-informative, 91 singleton sites, 380 constant sites
   Gap/Ambiguity  Composition  p-value
   1  E    0.00%    passed     97.63%
   2  F    0.00%    passed     98.39%
   3  C    0.00%    passed     97.55%
   4  D    0.00%    passed     98.07%
   5  A    0.00%    passed     99.99%
   6  B    0.00%    passed     94.50%
****  TOTAL    0.00%  0 sequences failed composition chi2 test (p-value<5%; df=3)


Create initial parsimony tree by phylogenetic likelihood library (PLL)... 0.000 seconds
NOTE: ModelFinder requires 0 MB RAM!
ModelFinder will test 286 DNA models (sample size: 500) ...
 No. Model         -LnL         df  AIC          AICc         BIC
WARNING: Number of threads seems too high for short alignments. Use -nt AUTO to determine best number of threads.
  1  JC            1376.940     9   2771.881     2772.248     2809.812
WARNING: Number of threads seems too high for short alignments. Use -nt AUTO to determine best number of threads.
  2  JC+I          1375.539     10  2771.078     2771.528     2813.224
WARNING: Number of threads seems too high for short alignments. Use -nt AUTO to determine best number of threads.
  3  JC+G4         1375.746     10  2771.492     2771.942     2813.638
WARNING: Number of threads seems too high for short alignments. Use -nt AUTO to determine best number of threads.
  4  JC+I+G4       1375.635     11  2773.269     2773.810     2819.630
WARNING: Number of threads seems too high for short alignments. Use -nt AUTO to determine best number of threads.
  5  JC+R2         1375.664     11  2773.328     2773.869     2819.689
WARNING: Number of threads seems too high for short alignments. Use -nt AUTO to determine best number of threads.
  6  JC+R3         1375.661     13  2777.322     2778.071     2832.112
WARNING: Number of threads seems too high for short alignments. Use -nt AUTO to determine best number of threads.
 14  F81+F         1366.551     12  2757.102     2757.743     2807.678
WARNING: Number of threads seems too high for short alignments. Use -nt AUTO to determine best number of threads.
 15  F81+F+I       1364.984     13  2755.967     2756.716     2810.757
WARNING: Number of threads seems too high for short alignments. Use -nt AUTO to determine best number of threads.
 16  F81+F+G4      1365.243     13  2756.486     2757.235     2811.276
WARNING: Number of threads seems too high for short alignments. Use -nt AUTO to determine best number of threads.
 17  F81+F+I+G4    1365.035     14  2758.070     2758.936     2817.075
WARNING: Number of threads seems too high for short alignments. Use -nt AUTO to determine best number of threads.
 18  F81+F+R2      1365.144     14  2758.288     2759.154     2817.292
WARNING: Number of threads seems too high for short alignments. Use -nt AUTO to determine best number of threads.
 19  F81+F+R3      1365.137     16  2762.274     2763.400     2829.708
WARNING: Number of threads seems too high for short alignments. Use -nt AUTO to determine best number of threads.
 27  K2P           1345.481     10  2710.962     2711.412     2753.108
WARNING: Number of threads seems too high for short alignments. Use -nt AUTO to determine best number of threads.
 28  K2P+I         1343.438     11  2708.876     2709.417     2755.237
WARNING: Number of threads seems too high for short alignments. Use -nt AUTO to determine best number of threads.
 29  K2P+G4        1343.579     11  2709.158     2709.699     2755.519
WARNING: Number of threads seems too high for short alignments. Use -nt AUTO to determine best number of threads.
 30  K2P+I+G4      1343.439     12  2710.879     2711.520     2761.454
WARNING: Number of threads seems too high for short alignments. Use -nt AUTO to determine best number of threads.
 31  K2P+R2        1343.587     12  2711.174     2711.814     2761.749
WARNING: Number of threads seems too high for short alignments. Use -nt AUTO to determine best number of threads.
 32  K2P+R3        1343.565     14  2715.130     2715.996     2774.135
WARNING: Number of threads seems too high for short alignments. Use -nt AUTO to determine best number of threads.
 40  HKY+F         1332.975     13  2691.951     2692.700     2746.741
WARNING: Number of threads seems too high for short alignments. Use -nt AUTO to determine best number of threads.
 41  HKY+F+I       1330.504     14  2689.008     2689.874     2748.012
WARNING: Number of threads seems too high for short alignments. Use -nt AUTO to determine best number of threads.
 42  HKY+F+G4      1330.717     14  2689.434     2690.300     2748.439
WARNING: Number of threads seems too high for short alignments. Use -nt AUTO to determine best number of threads.
 43  HKY+F+I+G4    1330.515     15  2691.030     2692.022     2754.250
WARNING: Number of threads seems too high for short alignments. Use -nt AUTO to determine best number of threads.
 44  HKY+F+R2      1330.739     15  2691.477     2692.469     2754.696
WARNING: Number of threads seems too high for short alignments. Use -nt AUTO to determine best number of threads.
 45  HKY+F+R3      1330.696     17  2695.392     2696.662     2767.041
WARNING: Number of threads seems too high for short alignments. Use -nt AUTO to determine best number of threads.
 53  TNe           1344.921     11  2711.841     2712.382     2758.202
WARNING: Number of threads seems too high for short alignments. Use -nt AUTO to determine best number of threads.
 54  TNe+I         1342.800     12  2709.601     2710.242     2760.176
WARNING: Number of threads seems too high for short alignments. Use -nt AUTO to determine best number of threads.
 55  TNe+G4        1343.020     12  2710.040     2710.681     2760.616
WARNING: Number of threads seems too high for short alignments. Use -nt AUTO to determine best number of threads.
 56  TNe+I+G4      1342.801     13  2711.602     2712.351     2766.392
WARNING: Number of threads seems too high for short alignments. Use -nt AUTO to determine best number of threads.
 57  TNe+R2        1342.952     13  2711.904     2712.653     2766.694
WARNING: Number of threads seems too high for short alignments. Use -nt AUTO to determine best number of threads.
 58  TNe+R3        1342.928     15  2715.856     2716.848     2779.075
WARNING: Number of threads seems too high for short alignments. Use -nt AUTO to determine best number of threads.
 66  TN+F          1332.314     14  2692.628     2693.494     2751.632
WARNING: Number of threads seems too high for short alignments. Use -nt AUTO to determine best number of threads.
 67  TN+F+I        1329.807     15  2689.615     2690.606     2752.834
WARNING: Number of threads seems too high for short alignments. Use -nt AUTO to determine best number of threads.
 68  TN+F+G4       1330.110     15  2690.220     2691.212     2753.439
WARNING: Number of threads seems too high for short alignments. Use -nt AUTO to determine best number of threads.
 69  TN+F+I+G4     1329.819     16  2691.638     2692.764     2759.072
WARNING: Number of threads seems too high for short alignments. Use -nt AUTO to determine best number of threads.
 70  TN+F+R2       1330.030     16  2692.059     2693.186     2759.493
WARNING: Number of threads seems too high for short alignments. Use -nt AUTO to determine best number of threads.
 71  TN+F+R3       1329.991     18  2695.982     2697.404     2771.845
WARNING: Number of threads seems too high for short alignments. Use -nt AUTO to determine best number of threads.
 79  K3P           1345.424     11  2712.848     2713.389     2759.209
WARNING: Number of threads seems too high for short alignments. Use -nt AUTO to determine best number of threads.
 80  K3P+I         1343.374     12  2710.747     2711.388     2761.322
WARNING: Number of threads seems too high for short alignments. Use -nt AUTO to determine best number of threads.
 81  K3P+G4        1343.511     12  2711.023     2711.663     2761.598
WARNING: Number of threads seems too high for short alignments. Use -nt AUTO to determine best number of threads.
 82  K3P+I+G4      1343.376     13  2712.751     2713.500     2767.541
WARNING: Number of threads seems too high for short alignments. Use -nt AUTO to determine best number of threads.
 83  K3P+R2        1343.452     13  2712.905     2713.654     2767.695
WARNING: Number of threads seems too high for short alignments. Use -nt AUTO to determine best number of threads.
 84  K3P+R3        1343.440     15  2716.879     2717.871     2780.098
WARNING: Number of threads seems too high for short alignments. Use -nt AUTO to determine best number of threads.
 92  K3Pu+F        1332.787     14  2693.573     2694.439     2752.578
WARNING: Number of threads seems too high for short alignments. Use -nt AUTO to determine best number of threads.
 93  K3Pu+F+I      1330.289     15  2690.577     2691.569     2753.796
WARNING: Number of threads seems too high for short alignments. Use -nt AUTO to determine best number of threads.
 94  K3Pu+F+G4     1330.506     15  2691.011     2692.003     2754.230
WARNING: Number of threads seems too high for short alignments. Use -nt AUTO to determine best number of threads.
 95  K3Pu+F+I+G4   1330.301     16  2692.602     2693.728     2760.035
WARNING: Number of threads seems too high for short alignments. Use -nt AUTO to determine best number of threads.
 96  K3Pu+F+R2     1330.437     16  2692.874     2694.000     2760.308
WARNING: Number of threads seems too high for short alignments. Use -nt AUTO to determine best number of threads.
 97  K3Pu+F+R3     1330.407     18  2696.813     2698.236     2772.676
WARNING: Number of threads seems too high for short alignments. Use -nt AUTO to determine best number of threads.
105  TPM2+F        1332.618     14  2693.236     2694.102     2752.241
WARNING: Number of threads seems too high for short alignments. Use -nt AUTO to determine best number of threads.
106  TPM2+F+I      1330.129     15  2690.258     2691.249     2753.477
WARNING: Number of threads seems too high for short alignments. Use -nt AUTO to determine best number of threads.
107  TPM2+F+G4     1330.342     15  2690.685     2691.676     2753.904
WARNING: Number of threads seems too high for short alignments. Use -nt AUTO to determine best number of threads.
108  TPM2+F+I+G4   1330.139     16  2692.277     2693.404     2759.711
WARNING: Number of threads seems too high for short alignments. Use -nt AUTO to determine best number of threads.
109  TPM2+F+R2     1330.259     16  2692.519     2693.645     2759.953
WARNING: Number of threads seems too high for short alignments. Use -nt AUTO to determine best number of threads.
110  TPM2+F+R3     1330.235     18  2696.470     2697.892     2772.333
WARNING: Number of threads seems too high for short alignments. Use -nt AUTO to determine best number of threads.
118  TPM2u+F       1332.618     14  2693.236     2694.102     2752.241
WARNING: Number of threads seems too high for short alignments. Use -nt AUTO to determine best number of threads.
119  TPM2u+F+I     1330.129     15  2690.258     2691.249     2753.477
WARNING: Number of threads seems too high for short alignments. Use -nt AUTO to determine best number of threads.
120  TPM2u+F+G4    1330.342     15  2690.685     2691.676     2753.904
WARNING: Number of threads seems too high for short alignments. Use -nt AUTO to determine best number of threads.
121  TPM2u+F+I+G4  1330.138     16  2692.276     2693.402     2759.710
WARNING: Number of threads seems too high for short alignments. Use -nt AUTO to determine best number of threads.
122  TPM2u+F+R2    1330.248     16  2692.497     2693.623     2759.930
WARNING: Number of threads seems too high for short alignments. Use -nt AUTO to determine best number of threads.
123  TPM2u+F+R3    1330.228     18  2696.456     2697.878     2772.319
WARNING: Number of threads seems too high for short alignments. Use -nt AUTO to determine best number of threads.
131  TPM3+F        1332.373     14  2692.745     2693.611     2751.750
WARNING: Number of threads seems too high for short alignments. Use -nt AUTO to determine best number of threads.
132  TPM3+F+I      1329.920     15  2689.839     2690.831     2753.059
WARNING: Number of threads seems too high for short alignments. Use -nt AUTO to determine best number of threads.
133  TPM3+F+G4     1330.106     15  2690.213     2691.204     2753.432
WARNING: Number of threads seems too high for short alignments. Use -nt AUTO to determine best number of threads.
134  TPM3+F+I+G4   1329.928     16  2691.856     2692.983     2759.290
WARNING: Number of threads seems too high for short alignments. Use -nt AUTO to determine best number of threads.
135  TPM3+F+R2     1330.017     16  2692.034     2693.160     2759.468
WARNING: Number of threads seems too high for short alignments. Use -nt AUTO to determine best number of threads.
136  TPM3+F+R3     1330.002     18  2696.003     2697.425     2771.866
WARNING: Number of threads seems too high for short alignments. Use -nt AUTO to determine best number of threads.
144  TPM3u+F       1332.373     14  2692.745     2693.611     2751.750
WARNING: Number of threads seems too high for short alignments. Use -nt AUTO to determine best number of threads.
145  TPM3u+F+I     1329.920     15  2689.839     2690.831     2753.059
WARNING: Number of threads seems too high for short alignments. Use -nt AUTO to determine best number of threads.
146  TPM3u+F+G4    1330.106     15  2690.213     2691.204     2753.432
WARNING: Number of threads seems too high for short alignments. Use -nt AUTO to determine best number of threads.
147  TPM3u+F+I+G4  1329.928     16  2691.855     2692.981     2759.289
WARNING: Number of threads seems too high for short alignments. Use -nt AUTO to determine best number of threads.
148  TPM3u+F+R2    1330.012     16  2692.023     2693.149     2759.457
WARNING: Number of threads seems too high for short alignments. Use -nt AUTO to determine best number of threads.
149  TPM3u+F+R3    1329.999     18  2695.998     2697.420     2771.861
WARNING: Number of threads seems too high for short alignments. Use -nt AUTO to determine best number of threads.
157  TIMe          1344.865     12  2713.729     2714.370     2764.305
WARNING: Number of threads seems too high for short alignments. Use -nt AUTO to determine best number of threads.
158  TIMe+I        1342.737     13  2711.475     2712.224     2766.264
WARNING: Number of threads seems too high for short alignments. Use -nt AUTO to determine best number of threads.
159  TIMe+G4       1342.960     13  2711.920     2712.669     2766.710
WARNING: Number of threads seems too high for short alignments. Use -nt AUTO to determine best number of threads.
160  TIMe+I+G4     1342.739     14  2713.477     2714.343     2772.482
WARNING: Number of threads seems too high for short alignments. Use -nt AUTO to determine best number of threads.
161  TIMe+R2       1342.840     14  2713.680     2714.546     2772.685
WARNING: Number of threads seems too high for short alignments. Use -nt AUTO to determine best number of threads.
162  TIMe+R3       1342.839     16  2717.677     2718.804     2785.111
WARNING: Number of threads seems too high for short alignments. Use -nt AUTO to determine best number of threads.
170  TIM+F         1332.126     15  2694.253     2695.245     2757.472
WARNING: Number of threads seems too high for short alignments. Use -nt AUTO to determine best number of threads.
171  TIM+F+I       1329.598     16  2691.196     2692.322     2758.630
WARNING: Number of threads seems too high for short alignments. Use -nt AUTO to determine best number of threads.
172  TIM+F+G4      1329.906     16  2691.813     2692.939     2759.247
WARNING: Number of threads seems too high for short alignments. Use -nt AUTO to determine best number of threads.
173  TIM+F+I+G4    1329.606     17  2693.212     2694.482     2764.861
WARNING: Number of threads seems too high for short alignments. Use -nt AUTO to determine best number of threads.
174  TIM+F+R2      1329.743     17  2693.485     2694.755     2765.133
WARNING: Number of threads seems too high for short alignments. Use -nt AUTO to determine best number of threads.
175  TIM+F+R3      1329.729     19  2697.457     2699.041     2777.535
WARNING: Number of threads seems too high for short alignments. Use -nt AUTO to determine best number of threads.
183  TIM2e         1344.905     12  2713.810     2714.451     2764.385
WARNING: Number of threads seems too high for short alignments. Use -nt AUTO to determine best number of threads.
184  TIM2e+I       1342.791     13  2711.582     2712.331     2766.372
WARNING: Number of threads seems too high for short alignments. Use -nt AUTO to determine best number of threads.
185  TIM2e+G4      1343.011     13  2712.023     2712.772     2766.813
WARNING: Number of threads seems too high for short alignments. Use -nt AUTO to determine best number of threads.
186  TIM2e+I+G4    1342.793     14  2713.586     2714.452     2772.590
WARNING: Number of threads seems too high for short alignments. Use -nt AUTO to determine best number of threads.
187  TIM2e+R2      1342.893     14  2713.787     2714.653     2772.792
WARNING: Number of threads seems too high for short alignments. Use -nt AUTO to determine best number of threads.
188  TIM2e+R3      1342.892     16  2717.783     2718.909     2785.217
WARNING: Number of threads seems too high for short alignments. Use -nt AUTO to determine best number of threads.
196  TIM2+F        1331.954     15  2693.908     2694.899     2757.127
WARNING: Number of threads seems too high for short alignments. Use -nt AUTO to determine best number of threads.
197  TIM2+F+I      1329.416     16  2690.832     2691.959     2758.266
WARNING: Number of threads seems too high for short alignments. Use -nt AUTO to determine best number of threads.
198  TIM2+F+G4     1329.721     16  2691.443     2692.569     2758.877
WARNING: Number of threads seems too high for short alignments. Use -nt AUTO to determine best number of threads.
199  TIM2+F+I+G4   1329.423     17  2692.846     2694.116     2764.495
WARNING: Number of threads seems too high for short alignments. Use -nt AUTO to determine best number of threads.
200  TIM2+F+R2     1329.556     17  2693.111     2694.381     2764.760
WARNING: Number of threads seems too high for short alignments. Use -nt AUTO to determine best number of threads.
201  TIM2+F+R3     1329.544     19  2697.088     2698.672     2777.166
WARNING: Number of threads seems too high for short alignments. Use -nt AUTO to determine best number of threads.
209  TIM3e         1343.425     12  2710.850     2711.491     2761.425
WARNING: Number of threads seems too high for short alignments. Use -nt AUTO to determine best number of threads.
210  TIM3e+I       1341.238     13  2708.477     2709.225     2763.266
WARNING: Number of threads seems too high for short alignments. Use -nt AUTO to determine best number of threads.
211  TIM3e+G4      1341.400     13  2708.800     2709.549     2763.590
WARNING: Number of threads seems too high for short alignments. Use -nt AUTO to determine best number of threads.
212  TIM3e+I+G4    1341.238     14  2710.477     2711.343     2769.481
WARNING: Number of threads seems too high for short alignments. Use -nt AUTO to determine best number of threads.
213  TIM3e+R2      1341.311     14  2710.621     2711.487     2769.626
WARNING: Number of threads seems too high for short alignments. Use -nt AUTO to determine best number of threads.
214  TIM3e+R3      1341.308     16  2714.617     2715.743     2782.051
WARNING: Number of threads seems too high for short alignments. Use -nt AUTO to determine best number of threads.
222  TIM3+F        1331.720     15  2693.440     2694.432     2756.659
WARNING: Number of threads seems too high for short alignments. Use -nt AUTO to determine best number of threads.
223  TIM3+F+I      1329.219     16  2690.438     2691.564     2757.872
WARNING: Number of threads seems too high for short alignments. Use -nt AUTO to determine best number of threads.
224  TIM3+F+G4     1329.501     16  2691.003     2692.129     2758.436
WARNING: Number of threads seems too high for short alignments. Use -nt AUTO to determine best number of threads.
225  TIM3+F+I+G4   1329.227     17  2692.455     2693.725     2764.103
WARNING: Number of threads seems too high for short alignments. Use -nt AUTO to determine best number of threads.
226  TIM3+F+R2     1329.345     17  2692.689     2693.959     2764.337
WARNING: Number of threads seems too high for short alignments. Use -nt AUTO to determine best number of threads.
227  TIM3+F+R3     1329.335     19  2696.670     2698.253     2776.748
WARNING: Number of threads seems too high for short alignments. Use -nt AUTO to determine best number of threads.
235  TVMe          1343.865     13  2713.730     2714.479     2768.520
WARNING: Number of threads seems too high for short alignments. Use -nt AUTO to determine best number of threads.
236  TVMe+I        1341.748     14  2711.496     2712.362     2770.500
WARNING: Number of threads seems too high for short alignments. Use -nt AUTO to determine best number of threads.
237  TVMe+G4       1341.818     14  2711.636     2712.502     2770.641
WARNING: Number of threads seems too high for short alignments. Use -nt AUTO to determine best number of threads.
238  TVMe+I+G4     1341.747     15  2713.495     2714.486     2776.714
WARNING: Number of threads seems too high for short alignments. Use -nt AUTO to determine best number of threads.
239  TVMe+R2       1341.779     15  2713.558     2714.549     2776.777
WARNING: Number of threads seems too high for short alignments. Use -nt AUTO to determine best number of threads.
240  TVMe+R3       1341.779     17  2717.558     2718.827     2789.206
WARNING: Number of threads seems too high for short alignments. Use -nt AUTO to determine best number of threads.
248  TVM+F         1331.866     16  2695.732     2696.858     2763.166
WARNING: Number of threads seems too high for short alignments. Use -nt AUTO to determine best number of threads.
249  TVM+F+I       1329.397     17  2692.794     2694.064     2764.442
WARNING: Number of threads seems too high for short alignments. Use -nt AUTO to determine best number of threads.
250  TVM+F+G4      1329.590     17  2693.179     2694.449     2764.828
WARNING: Number of threads seems too high for short alignments. Use -nt AUTO to determine best number of threads.
251  TVM+F+I+G4    1329.404     18  2694.807     2696.229     2770.670
WARNING: Number of threads seems too high for short alignments. Use -nt AUTO to determine best number of threads.
252  TVM+F+R2      1329.481     18  2694.962     2696.384     2770.825
WARNING: Number of threads seems too high for short alignments. Use -nt AUTO to determine best number of threads.
253  TVM+F+R3      1329.475     20  2698.949     2700.703     2783.241
WARNING: Number of threads seems too high for short alignments. Use -nt AUTO to determine best number of threads.
261  SYM           1343.309     14  2714.618     2715.484     2773.622
WARNING: Number of threads seems too high for short alignments. Use -nt AUTO to determine best number of threads.
262  SYM+I         1341.128     15  2712.256     2713.247     2775.475
WARNING: Number of threads seems too high for short alignments. Use -nt AUTO to determine best number of threads.
263  SYM+G4        1341.291     15  2712.581     2713.573     2775.800
WARNING: Number of threads seems too high for short alignments. Use -nt AUTO to determine best number of threads.
264  SYM+I+G4      1341.128     16  2714.257     2715.383     2781.691
WARNING: Number of threads seems too high for short alignments. Use -nt AUTO to determine best number of threads.
265  SYM+R2        1341.201     16  2714.403     2715.529     2781.836
WARNING: Number of threads seems too high for short alignments. Use -nt AUTO to determine best number of threads.
266  SYM+R3        1341.198     18  2718.396     2719.818     2794.259
WARNING: Number of threads seems too high for short alignments. Use -nt AUTO to determine best number of threads.
274  GTR+F         1331.212     17  2696.423     2697.693     2768.072
WARNING: Number of threads seems too high for short alignments. Use -nt AUTO to determine best number of threads.
275  GTR+F+I       1328.682     18  2693.364     2694.786     2769.227
WARNING: Number of threads seems too high for short alignments. Use -nt AUTO to determine best number of threads.
276  GTR+F+G4      1328.972     18  2693.943     2695.365     2769.806
WARNING: Number of threads seems too high for short alignments. Use -nt AUTO to determine best number of threads.
277  GTR+F+I+G4    1328.688     19  2695.377     2696.960     2775.454
WARNING: Number of threads seems too high for short alignments. Use -nt AUTO to determine best number of threads.
278  GTR+F+R2      1328.808     19  2695.615     2697.199     2775.693
WARNING: Number of threads seems too high for short alignments. Use -nt AUTO to determine best number of threads.
279  GTR+F+R3      1328.798     21  2699.596     2701.529     2788.103
Akaike Information Criterion:           HKY+F+I
Corrected Akaike Information Criterion: HKY+F+I
Bayesian Information Criterion:         HKY+F
Best-fit model: HKY+F chosen according to BIC

All model information printed to examples/6taxon_1000genes_4cores//aln_seqs/1_seqgen676.nex.aln.model.gz
CPU time for ModelFinder: 4.023 seconds (0h:0m:4s)
Wall-clock time for ModelFinder: 368.593 seconds (0h:6m:8s)
Generating 1000 samples for ultrafast bootstrap (seed: 288731)...

NOTE: 0 MB RAM (0 GB) is required!
WARNING: Number of threads seems too high for short alignments. Use -nt AUTO to determine best number of threads.
Estimate model parameters (epsilon = 0.100)
1. Initial log-likelihood: -1366.600
2. Current log-likelihood: -1363.666
3. Current log-likelihood: -1361.109
4. Current log-likelihood: -1358.651
5. Current log-likelihood: -1355.948
6. Current log-likelihood: -1352.962
7. Current log-likelihood: -1349.651
8. Current log-likelihood: -1345.987
9. Current log-likelihood: -1342.003
10. Current log-likelihood: -1333.027
Optimal log-likelihood: -1332.975
Rate parameters:  A-C: 1.00000  A-G: 4.40569  A-T: 1.00000  C-G: 1.00000  C-T: 4.40569  G-T: 1.00000
Base frequencies:  A: 0.298  C: 0.201  G: 0.197  T: 0.305
Parameters optimization took 10 rounds (14.690 sec)
Computing ML distances based on estimated model parameters... 0.013 sec
Computing BIONJ tree...
0.005 seconds
Log-likelihood of BIONJ tree: -1332.975
--------------------------------------------------------------------
|             INITIALIZING CANDIDATE TREE SET                      |
--------------------------------------------------------------------
Generating 99 parsimony trees... 3.988 second
Computing log-likelihood of 6 initial trees ... 7.143 seconds
Current best score: -1332.975

Do NNI search on 7 best initial trees
Finish initializing candidate tree set (7)
Current best tree score: -1332.975 / CPU time: 46.573
Number of iterations: 7
--------------------------------------------------------------------
|               OPTIMIZING CANDIDATE TREE SET                      |
--------------------------------------------------------------------
Iteration 10 / LogL: -1332.976 / Time: 0h:1m:33s
UPDATE BEST LOG-LIKELIHOOD: -1332.975
Iteration 20 / LogL: -1332.975 / Time: 0h:2m:59s
Iteration 30 / LogL: -1332.975 / Time: 0h:4m:8s (0h:9m:55s left)
Iteration 40 / LogL: -1332.987 / Time: 0h:5m:26s (0h:8m:19s left)
Iteration 50 / LogL: -1332.975 / Time: 0h:6m:20s (0h:6m:26s left)
Log-likelihood cutoff on original alignment: -1352.469
Iteration 60 / LogL: -1332.976 / Time: 0h:7m:8s (0h:4m:49s left)
Iteration 70 / LogL: -1332.986 / Time: 0h:7m:48s (0h:3m:23s left)
Iteration 80 / LogL: -1332.976 / Time: 0h:8m:33s (0h:2m:9s left)
Iteration 90 / LogL: -1332.975 / Time: 0h:9m:22s (0h:1m:3s left)
Iteration 100 / LogL: -1332.976 / Time: 0h:10m:9s (0h:0m:0s left)
Log-likelihood cutoff on original alignment: -1352.469
NOTE: Bootstrap correlation coefficient of split occurrence frequencies: 1.000
TREE SEARCH COMPLETED AFTER 101 ITERATIONS / Time: 0h:10m:15s

--------------------------------------------------------------------
|                    FINALIZING TREE SEARCH                        |
--------------------------------------------------------------------
Performs final model parameters optimization
Estimate model parameters (epsilon = 0.010)
1. Initial log-likelihood: -1332.975
Optimal log-likelihood: -1332.975
Rate parameters:  A-C: 1.00000  A-G: 4.42058  A-T: 1.00000  C-G: 1.00000  C-T: 4.42058  G-T: 1.00000
Base frequencies:  A: 0.298  C: 0.201  G: 0.197  T: 0.305
Parameters optimization took 1 rounds (1.324 sec)
BEST SCORE FOUND : -1332.975
Creating bootstrap support values...
Split supports printed to NEXUS file examples/6taxon_1000genes_4cores//aln_seqs/1_seqgen676.nex.aln.splits.nex
Total tree length: 0.298

Total number of iterations: 101
CPU time used for tree search: 6.594 sec (0h:0m:6s)
Wall-clock time used for tree search: 593.962 sec (0h:9m:53s)
Total CPU time used: 6.848 sec (0h:0m:6s)
Total wall-clock time used: 621.038 sec (0h:10m:21s)

Computing bootstrap consensus tree...
Reading input file examples/6taxon_1000genes_4cores//aln_seqs/1_seqgen676.nex.aln.splits.nex...
6 taxa and 16 splits.
Consensus tree written to examples/6taxon_1000genes_4cores//aln_seqs/1_seqgen676.nex.aln.contree
Reading input trees file examples/6taxon_1000genes_4cores//aln_seqs/1_seqgen676.nex.aln.contree
Log-likelihood of consensus tree: -1332.975

Analysis results written to: 
  IQ-TREE report:                examples/6taxon_1000genes_4cores//aln_seqs/1_seqgen676.nex.aln.iqtree
  Maximum-likelihood tree:       examples/6taxon_1000genes_4cores//aln_seqs/1_seqgen676.nex.aln.treefile
  Likelihood distances:          examples/6taxon_1000genes_4cores//aln_seqs/1_seqgen676.nex.aln.mldist

Ultrafast bootstrap approximation results written to:
  Split support values:          examples/6taxon_1000genes_4cores//aln_seqs/1_seqgen676.nex.aln.splits.nex
  Consensus tree:                examples/6taxon_1000genes_4cores//aln_seqs/1_seqgen676.nex.aln.contree
  Screen log file:               examples/6taxon_1000genes_4cores//aln_seqs/1_seqgen676.nex.aln.log

Date and Time: Wed Feb 20 19:18:32 2019
