IQ-TREE multicore version 1.6.8 for Linux 64-bit built Oct 28 2018
Developed by Bui Quang Minh, Nguyen Lam Tung, Olga Chernomor,
Heiko Schmidt, Dominik Schrempf, Michael Woodhams.

Host:    sango10410.oist.jp (AVX2, FMA3, 125 GB RAM)
Command: iqtree -s examples/6taxon_1000genes_4cores//aln_seqs/1_seqgen208.nex.aln -bb 1000 -redo -nt 3 -m MFP
Seed:    378657 (Using SPRNG - Scalable Parallel Random Number Generator)
Time:    Wed Feb 20 19:04:23 2019
Kernel:  AVX+FMA - 3 threads (48 CPU cores detected)

Reading alignment file examples/6taxon_1000genes_4cores//aln_seqs/1_seqgen208.nex.aln ... Fasta format detected
Alignment most likely contains DNA/RNA sequences
Alignment has 6 sequences with 500 columns, 72 distinct patterns
42 parsimony-informative, 71 singleton sites, 387 constant sites
   Gap/Ambiguity  Composition  p-value
   1  F    0.00%    passed     93.90%
   2  C    0.00%    passed     91.89%
   3  E    0.00%    passed     99.72%
   4  D    0.00%    passed     97.80%
   5  A    0.00%    passed     98.60%
   6  B    0.00%    passed     79.70%
****  TOTAL    0.00%  0 sequences failed composition chi2 test (p-value<5%; df=3)


Create initial parsimony tree by phylogenetic likelihood library (PLL)... 0.000 seconds
NOTE: ModelFinder requires 0 MB RAM!
ModelFinder will test 286 DNA models (sample size: 500) ...
 No. Model         -LnL         df  AIC          AICc         BIC
WARNING: Number of threads seems too high for short alignments. Use -nt AUTO to determine best number of threads.
  1  JC            1390.851     9   2799.702     2800.069     2837.633
WARNING: Number of threads seems too high for short alignments. Use -nt AUTO to determine best number of threads.
  2  JC+I          1390.577     10  2801.155     2801.605     2843.301
WARNING: Number of threads seems too high for short alignments. Use -nt AUTO to determine best number of threads.
  3  JC+G4         1390.699     10  2801.399     2801.849     2843.545
WARNING: Number of threads seems too high for short alignments. Use -nt AUTO to determine best number of threads.
  4  JC+I+G4       1391.450     11  2804.900     2805.441     2851.261
WARNING: Number of threads seems too high for short alignments. Use -nt AUTO to determine best number of threads.
  5  JC+R2         1390.945     11  2803.890     2804.431     2850.251
WARNING: Number of threads seems too high for short alignments. Use -nt AUTO to determine best number of threads.
  6  JC+R3         1390.765     13  2807.530     2808.279     2862.319
WARNING: Number of threads seems too high for short alignments. Use -nt AUTO to determine best number of threads.
 14  F81+F         1375.289     12  2774.578     2775.219     2825.153
WARNING: Number of threads seems too high for short alignments. Use -nt AUTO to determine best number of threads.
 15  F81+F+I       1375.080     13  2776.160     2776.909     2830.950
WARNING: Number of threads seems too high for short alignments. Use -nt AUTO to determine best number of threads.
 16  F81+F+G4      1375.186     13  2776.372     2777.121     2831.162
WARNING: Number of threads seems too high for short alignments. Use -nt AUTO to determine best number of threads.
 17  F81+F+I+G4    1376.045     14  2780.090     2780.956     2839.094
WARNING: Number of threads seems too high for short alignments. Use -nt AUTO to determine best number of threads.
 18  F81+F+R2      1375.433     14  2778.866     2779.732     2837.871
WARNING: Number of threads seems too high for short alignments. Use -nt AUTO to determine best number of threads.
 19  F81+F+R3      1375.254     16  2782.508     2783.634     2849.942
WARNING: Number of threads seems too high for short alignments. Use -nt AUTO to determine best number of threads.
 27  K2P           1375.770     10  2771.541     2771.991     2813.687
WARNING: Number of threads seems too high for short alignments. Use -nt AUTO to determine best number of threads.
 28  K2P+I         1375.425     11  2772.850     2773.391     2819.211
WARNING: Number of threads seems too high for short alignments. Use -nt AUTO to determine best number of threads.
 29  K2P+G4        1375.564     11  2773.127     2773.668     2819.488
WARNING: Number of threads seems too high for short alignments. Use -nt AUTO to determine best number of threads.
 30  K2P+I+G4      1376.077     12  2776.153     2776.794     2826.728
WARNING: Number of threads seems too high for short alignments. Use -nt AUTO to determine best number of threads.
 31  K2P+R2        1375.634     12  2775.269     2775.910     2825.844
WARNING: Number of threads seems too high for short alignments. Use -nt AUTO to determine best number of threads.
 32  K2P+R3        1375.544     14  2779.088     2779.954     2838.092
WARNING: Number of threads seems too high for short alignments. Use -nt AUTO to determine best number of threads.
 40  HKY+F         1358.806     13  2743.613     2744.362     2798.403
WARNING: Number of threads seems too high for short alignments. Use -nt AUTO to determine best number of threads.
 41  HKY+F+I       1358.561     14  2745.123     2745.989     2804.127
WARNING: Number of threads seems too high for short alignments. Use -nt AUTO to determine best number of threads.
 42  HKY+F+G4      1358.678     14  2745.356     2746.222     2804.361
WARNING: Number of threads seems too high for short alignments. Use -nt AUTO to determine best number of threads.
 43  HKY+F+I+G4    1359.364     15  2748.728     2749.720     2811.947
WARNING: Number of threads seems too high for short alignments. Use -nt AUTO to determine best number of threads.
 44  HKY+F+R2      1358.796     15  2747.591     2748.583     2810.810
WARNING: Number of threads seems too high for short alignments. Use -nt AUTO to determine best number of threads.
 45  HKY+F+R3      1358.684     17  2751.368     2752.638     2823.016
WARNING: Number of threads seems too high for short alignments. Use -nt AUTO to determine best number of threads.
 53  TNe           1375.585     11  2773.170     2773.711     2819.531
WARNING: Number of threads seems too high for short alignments. Use -nt AUTO to determine best number of threads.
 54  TNe+I         1375.259     12  2774.518     2775.159     2825.093
WARNING: Number of threads seems too high for short alignments. Use -nt AUTO to determine best number of threads.
 55  TNe+G4        1375.391     12  2774.782     2775.422     2825.357
WARNING: Number of threads seems too high for short alignments. Use -nt AUTO to determine best number of threads.
 56  TNe+I+G4      1375.867     13  2777.734     2778.483     2832.524
WARNING: Number of threads seems too high for short alignments. Use -nt AUTO to determine best number of threads.
 57  TNe+R2        1375.425     13  2776.850     2777.599     2831.640
WARNING: Number of threads seems too high for short alignments. Use -nt AUTO to determine best number of threads.
 58  TNe+R3        1375.360     15  2780.720     2781.712     2843.939
WARNING: Number of threads seems too high for short alignments. Use -nt AUTO to determine best number of threads.
 66  TN+F          1358.604     14  2745.208     2746.074     2804.212
WARNING: Number of threads seems too high for short alignments. Use -nt AUTO to determine best number of threads.
 67  TN+F+I        1358.371     15  2746.743     2747.734     2809.962
WARNING: Number of threads seems too high for short alignments. Use -nt AUTO to determine best number of threads.
 68  TN+F+G4       1358.483     15  2746.966     2747.958     2810.185
WARNING: Number of threads seems too high for short alignments. Use -nt AUTO to determine best number of threads.
 69  TN+F+I+G4     1359.121     16  2750.243     2751.369     2817.676
WARNING: Number of threads seems too high for short alignments. Use -nt AUTO to determine best number of threads.
 70  TN+F+R2       1358.560     16  2749.119     2750.246     2816.553
WARNING: Number of threads seems too high for short alignments. Use -nt AUTO to determine best number of threads.
 71  TN+F+R3       1358.475     18  2752.950     2754.372     2828.813
WARNING: Number of threads seems too high for short alignments. Use -nt AUTO to determine best number of threads.
 79  K3P           1374.625     11  2771.250     2771.791     2817.611
WARNING: Number of threads seems too high for short alignments. Use -nt AUTO to determine best number of threads.
 80  K3P+I         1374.276     12  2772.552     2773.193     2823.127
WARNING: Number of threads seems too high for short alignments. Use -nt AUTO to determine best number of threads.
 81  K3P+G4        1374.416     12  2772.832     2773.472     2823.407
WARNING: Number of threads seems too high for short alignments. Use -nt AUTO to determine best number of threads.
 82  K3P+I+G4      1374.787     13  2775.575     2776.324     2830.365
WARNING: Number of threads seems too high for short alignments. Use -nt AUTO to determine best number of threads.
 83  K3P+R2        1374.413     13  2774.826     2775.575     2829.616
WARNING: Number of threads seems too high for short alignments. Use -nt AUTO to determine best number of threads.
 84  K3P+R3        1374.371     15  2778.742     2779.733     2841.961
WARNING: Number of threads seems too high for short alignments. Use -nt AUTO to determine best number of threads.
 92  K3Pu+F        1358.014     14  2744.028     2744.894     2803.032
WARNING: Number of threads seems too high for short alignments. Use -nt AUTO to determine best number of threads.
 93  K3Pu+F+I      1357.759     15  2745.517     2746.509     2808.736
WARNING: Number of threads seems too high for short alignments. Use -nt AUTO to determine best number of threads.
 94  K3Pu+F+G4     1357.878     15  2745.755     2746.747     2808.974
WARNING: Number of threads seems too high for short alignments. Use -nt AUTO to determine best number of threads.
 95  K3Pu+F+I+G4   1358.395     16  2748.791     2749.917     2816.225
WARNING: Number of threads seems too high for short alignments. Use -nt AUTO to determine best number of threads.
 96  K3Pu+F+R2     1357.911     16  2747.823     2748.949     2815.256
WARNING: Number of threads seems too high for short alignments. Use -nt AUTO to determine best number of threads.
 97  K3Pu+F+R3     1357.850     18  2751.700     2753.122     2827.563
WARNING: Number of threads seems too high for short alignments. Use -nt AUTO to determine best number of threads.
105  TPM2+F        1358.798     14  2745.597     2746.463     2804.601
WARNING: Number of threads seems too high for short alignments. Use -nt AUTO to determine best number of threads.
106  TPM2+F+I      1358.555     15  2747.110     2748.102     2810.330
WARNING: Number of threads seems too high for short alignments. Use -nt AUTO to determine best number of threads.
107  TPM2+F+G4     1358.671     15  2747.341     2748.333     2810.561
WARNING: Number of threads seems too high for short alignments. Use -nt AUTO to determine best number of threads.
108  TPM2+F+I+G4   1359.186     16  2750.372     2751.499     2817.806
WARNING: Number of threads seems too high for short alignments. Use -nt AUTO to determine best number of threads.
109  TPM2+F+R2     1358.701     16  2749.402     2750.528     2816.836
WARNING: Number of threads seems too high for short alignments. Use -nt AUTO to determine best number of threads.
110  TPM2+F+R3     1358.643     18  2753.286     2754.708     2829.148
WARNING: Number of threads seems too high for short alignments. Use -nt AUTO to determine best number of threads.
118  TPM2u+F       1358.799     14  2745.598     2746.464     2804.602
WARNING: Number of threads seems too high for short alignments. Use -nt AUTO to determine best number of threads.
119  TPM2u+F+I     1358.555     15  2747.110     2748.102     2810.329
WARNING: Number of threads seems too high for short alignments. Use -nt AUTO to determine best number of threads.
120  TPM2u+F+G4    1358.671     15  2747.341     2748.333     2810.561
WARNING: Number of threads seems too high for short alignments. Use -nt AUTO to determine best number of threads.
121  TPM2u+F+I+G4  1359.156     16  2750.313     2751.439     2817.746
WARNING: Number of threads seems too high for short alignments. Use -nt AUTO to determine best number of threads.
122  TPM2u+F+R2    1358.691     16  2749.383     2750.509     2816.816
WARNING: Number of threads seems too high for short alignments. Use -nt AUTO to determine best number of threads.
123  TPM2u+F+R3    1358.639     18  2753.278     2754.700     2829.141
WARNING: Number of threads seems too high for short alignments. Use -nt AUTO to determine best number of threads.
131  TPM3+F        1358.327     14  2744.655     2745.521     2803.659
WARNING: Number of threads seems too high for short alignments. Use -nt AUTO to determine best number of threads.
132  TPM3+F+I      1358.068     15  2746.136     2747.128     2809.355
WARNING: Number of threads seems too high for short alignments. Use -nt AUTO to determine best number of threads.
133  TPM3+F+G4     1358.185     15  2746.370     2747.362     2809.589
WARNING: Number of threads seems too high for short alignments. Use -nt AUTO to determine best number of threads.
134  TPM3+F+I+G4   1358.613     16  2749.226     2750.353     2816.660
WARNING: Number of threads seems too high for short alignments. Use -nt AUTO to determine best number of threads.
135  TPM3+F+R2     1358.190     16  2748.379     2749.506     2815.813
WARNING: Number of threads seems too high for short alignments. Use -nt AUTO to determine best number of threads.
136  TPM3+F+R3     1358.147     18  2752.293     2753.715     2828.156
WARNING: Number of threads seems too high for short alignments. Use -nt AUTO to determine best number of threads.
144  TPM3u+F       1358.327     14  2744.655     2745.521     2803.659
WARNING: Number of threads seems too high for short alignments. Use -nt AUTO to determine best number of threads.
145  TPM3u+F+I     1358.068     15  2746.136     2747.128     2809.355
WARNING: Number of threads seems too high for short alignments. Use -nt AUTO to determine best number of threads.
146  TPM3u+F+G4    1358.185     15  2746.370     2747.362     2809.589
WARNING: Number of threads seems too high for short alignments. Use -nt AUTO to determine best number of threads.
147  TPM3u+F+I+G4  1358.588     16  2749.177     2750.303     2816.611
WARNING: Number of threads seems too high for short alignments. Use -nt AUTO to determine best number of threads.
148  TPM3u+F+R2    1358.185     16  2748.370     2749.496     2815.803
WARNING: Number of threads seems too high for short alignments. Use -nt AUTO to determine best number of threads.
149  TPM3u+F+R3    1358.145     18  2752.289     2753.711     2828.152
WARNING: Number of threads seems too high for short alignments. Use -nt AUTO to determine best number of threads.
157  TIMe          1374.439     12  2772.878     2773.519     2823.453
WARNING: Number of threads seems too high for short alignments. Use -nt AUTO to determine best number of threads.
158  TIMe+I        1374.110     13  2774.219     2774.968     2829.009
WARNING: Number of threads seems too high for short alignments. Use -nt AUTO to determine best number of threads.
159  TIMe+G4       1374.243     13  2774.486     2775.235     2829.276
WARNING: Number of threads seems too high for short alignments. Use -nt AUTO to determine best number of threads.
160  TIMe+I+G4     1374.502     14  2777.004     2777.870     2836.009
WARNING: Number of threads seems too high for short alignments. Use -nt AUTO to determine best number of threads.
161  TIMe+R2       1374.221     14  2776.443     2777.309     2835.447
WARNING: Number of threads seems too high for short alignments. Use -nt AUTO to determine best number of threads.
162  TIMe+R3       1374.191     16  2780.382     2781.508     2847.816
WARNING: Number of threads seems too high for short alignments. Use -nt AUTO to determine best number of threads.
170  TIM+F         1357.812     15  2745.624     2746.615     2808.843
WARNING: Number of threads seems too high for short alignments. Use -nt AUTO to determine best number of threads.
171  TIM+F+I       1357.569     16  2747.139     2748.265     2814.572
WARNING: Number of threads seems too high for short alignments. Use -nt AUTO to determine best number of threads.
172  TIM+F+G4      1357.684     16  2747.367     2748.494     2814.801
WARNING: Number of threads seems too high for short alignments. Use -nt AUTO to determine best number of threads.
173  TIM+F+I+G4    1358.074     17  2750.149     2751.419     2821.797
WARNING: Number of threads seems too high for short alignments. Use -nt AUTO to determine best number of threads.
174  TIM+F+R2      1357.684     17  2749.368     2750.638     2821.016
WARNING: Number of threads seems too high for short alignments. Use -nt AUTO to determine best number of threads.
175  TIM+F+R3      1357.643     19  2753.287     2754.870     2833.364
WARNING: Number of threads seems too high for short alignments. Use -nt AUTO to determine best number of threads.
183  TIM2e         1375.235     12  2774.470     2775.111     2825.046
WARNING: Number of threads seems too high for short alignments. Use -nt AUTO to determine best number of threads.
184  TIM2e+I       1374.859     13  2775.718     2776.467     2830.508
WARNING: Number of threads seems too high for short alignments. Use -nt AUTO to determine best number of threads.
185  TIM2e+G4      1375.005     13  2776.010     2776.759     2830.800
WARNING: Number of threads seems too high for short alignments. Use -nt AUTO to determine best number of threads.
186  TIM2e+I+G4    1375.166     14  2778.332     2779.198     2837.337
WARNING: Number of threads seems too high for short alignments. Use -nt AUTO to determine best number of threads.
187  TIM2e+R2      1374.975     14  2777.950     2778.816     2836.955
WARNING: Number of threads seems too high for short alignments. Use -nt AUTO to determine best number of threads.
188  TIM2e+R3      1374.947     16  2781.894     2783.020     2849.328
WARNING: Number of threads seems too high for short alignments. Use -nt AUTO to determine best number of threads.
196  TIM2+F        1358.595     15  2747.191     2748.183     2810.410
WARNING: Number of threads seems too high for short alignments. Use -nt AUTO to determine best number of threads.
197  TIM2+F+I      1358.365     16  2748.730     2749.857     2816.164
WARNING: Number of threads seems too high for short alignments. Use -nt AUTO to determine best number of threads.
198  TIM2+F+G4     1358.476     16  2748.951     2750.078     2816.385
WARNING: Number of threads seems too high for short alignments. Use -nt AUTO to determine best number of threads.
199  TIM2+F+I+G4   1358.854     17  2751.708     2752.978     2823.356
WARNING: Number of threads seems too high for short alignments. Use -nt AUTO to determine best number of threads.
200  TIM2+F+R2     1358.477     17  2750.954     2752.224     2822.603
WARNING: Number of threads seems too high for short alignments. Use -nt AUTO to determine best number of threads.
201  TIM2+F+R3     1358.437     19  2754.874     2756.457     2834.951
WARNING: Number of threads seems too high for short alignments. Use -nt AUTO to determine best number of threads.
209  TIM3e         1374.508     12  2773.015     2773.656     2823.591
WARNING: Number of threads seems too high for short alignments. Use -nt AUTO to determine best number of threads.
210  TIM3e+I       1374.135     13  2774.270     2775.019     2829.060
WARNING: Number of threads seems too high for short alignments. Use -nt AUTO to determine best number of threads.
211  TIM3e+G4      1374.267     13  2774.535     2775.284     2829.325
WARNING: Number of threads seems too high for short alignments. Use -nt AUTO to determine best number of threads.
212  TIM3e+I+G4    1374.421     14  2776.842     2777.708     2835.847
WARNING: Number of threads seems too high for short alignments. Use -nt AUTO to determine best number of threads.
213  TIM3e+R2      1374.240     14  2776.480     2777.346     2835.484
WARNING: Number of threads seems too high for short alignments. Use -nt AUTO to determine best number of threads.
214  TIM3e+R3      1374.212     16  2780.425     2781.551     2847.858
WARNING: Number of threads seems too high for short alignments. Use -nt AUTO to determine best number of threads.
222  TIM3+F        1358.127     15  2746.253     2747.245     2809.472
WARNING: Number of threads seems too high for short alignments. Use -nt AUTO to determine best number of threads.
223  TIM3+F+I      1357.881     16  2747.762     2748.888     2815.195
WARNING: Number of threads seems too high for short alignments. Use -nt AUTO to determine best number of threads.
224  TIM3+F+G4     1357.993     16  2747.986     2749.112     2815.419
WARNING: Number of threads seems too high for short alignments. Use -nt AUTO to determine best number of threads.
225  TIM3+F+I+G4   1358.309     17  2750.617     2751.887     2822.266
WARNING: Number of threads seems too high for short alignments. Use -nt AUTO to determine best number of threads.
226  TIM3+F+R2     1357.986     17  2749.972     2751.242     2821.620
WARNING: Number of threads seems too high for short alignments. Use -nt AUTO to determine best number of threads.
227  TIM3+F+R3     1357.948     19  2753.897     2755.480     2833.974
WARNING: Number of threads seems too high for short alignments. Use -nt AUTO to determine best number of threads.
235  TVMe          1373.645     13  2773.290     2774.039     2828.080
WARNING: Number of threads seems too high for short alignments. Use -nt AUTO to determine best number of threads.
236  TVMe+I        1373.207     14  2774.414     2775.280     2833.419
WARNING: Number of threads seems too high for short alignments. Use -nt AUTO to determine best number of threads.
237  TVMe+G4       1373.358     14  2774.716     2775.582     2833.721
WARNING: Number of threads seems too high for short alignments. Use -nt AUTO to determine best number of threads.
238  TVMe+I+G4     1373.407     15  2776.815     2777.806     2840.034
WARNING: Number of threads seems too high for short alignments. Use -nt AUTO to determine best number of threads.
239  TVMe+R2       1373.328     15  2776.656     2777.648     2839.875
WARNING: Number of threads seems too high for short alignments. Use -nt AUTO to determine best number of threads.
240  TVMe+R3       1373.298     17  2780.596     2781.865     2852.244
WARNING: Number of threads seems too high for short alignments. Use -nt AUTO to determine best number of threads.
248  TVM+F         1357.698     16  2747.396     2748.523     2814.830
WARNING: Number of threads seems too high for short alignments. Use -nt AUTO to determine best number of threads.
249  TVM+F+I       1357.439     17  2748.877     2750.147     2820.526
WARNING: Number of threads seems too high for short alignments. Use -nt AUTO to determine best number of threads.
250  TVM+F+G4      1357.553     17  2749.106     2750.376     2820.755
WARNING: Number of threads seems too high for short alignments. Use -nt AUTO to determine best number of threads.
251  TVM+F+I+G4    1357.819     18  2751.638     2753.060     2827.501
WARNING: Number of threads seems too high for short alignments. Use -nt AUTO to determine best number of threads.
252  TVM+F+R2      1357.542     18  2751.084     2752.506     2826.947
WARNING: Number of threads seems too high for short alignments. Use -nt AUTO to determine best number of threads.
253  TVM+F+R3      1357.504     20  2755.009     2756.762     2839.301
WARNING: Number of threads seems too high for short alignments. Use -nt AUTO to determine best number of threads.
261  SYM           1373.462     14  2774.924     2775.790     2833.929
WARNING: Number of threads seems too high for short alignments. Use -nt AUTO to determine best number of threads.
262  SYM+I         1373.047     15  2776.094     2777.086     2839.313
WARNING: Number of threads seems too high for short alignments. Use -nt AUTO to determine best number of threads.
263  SYM+G4        1373.191     15  2776.381     2777.373     2839.600
WARNING: Number of threads seems too high for short alignments. Use -nt AUTO to determine best number of threads.
264  SYM+I+G4      1373.250     16  2778.499     2779.625     2845.933
WARNING: Number of threads seems too high for short alignments. Use -nt AUTO to determine best number of threads.
265  SYM+R2        1373.161     16  2778.321     2779.448     2845.755
WARNING: Number of threads seems too high for short alignments. Use -nt AUTO to determine best number of threads.
266  SYM+R3        1373.127     18  2782.253     2783.675     2858.116
WARNING: Number of threads seems too high for short alignments. Use -nt AUTO to determine best number of threads.
274  GTR+F         1357.495     17  2748.991     2750.260     2820.639
WARNING: Number of threads seems too high for short alignments. Use -nt AUTO to determine best number of threads.
275  GTR+F+I       1357.249     18  2750.499     2751.921     2826.362
WARNING: Number of threads seems too high for short alignments. Use -nt AUTO to determine best number of threads.
276  GTR+F+G4      1357.360     18  2750.719     2752.141     2826.582
WARNING: Number of threads seems too high for short alignments. Use -nt AUTO to determine best number of threads.
277  GTR+F+I+G4    1357.623     19  2753.246     2754.829     2833.323
WARNING: Number of threads seems too high for short alignments. Use -nt AUTO to determine best number of threads.
278  GTR+F+R2      1357.352     19  2752.703     2754.286     2832.781
WARNING: Number of threads seems too high for short alignments. Use -nt AUTO to determine best number of threads.
279  GTR+F+R3      1357.314     21  2756.627     2758.560     2845.134
Akaike Information Criterion:           HKY+F
Corrected Akaike Information Criterion: HKY+F
Bayesian Information Criterion:         HKY+F
Best-fit model: HKY+F chosen according to BIC

All model information printed to examples/6taxon_1000genes_4cores//aln_seqs/1_seqgen208.nex.aln.model.gz
CPU time for ModelFinder: 4.190 seconds (0h:0m:4s)
Wall-clock time for ModelFinder: 416.113 seconds (0h:6m:56s)
Generating 1000 samples for ultrafast bootstrap (seed: 378657)...

NOTE: 0 MB RAM (0 GB) is required!
WARNING: Number of threads seems too high for short alignments. Use -nt AUTO to determine best number of threads.
Estimate model parameters (epsilon = 0.100)
1. Initial log-likelihood: -1375.298
2. Current log-likelihood: -1358.816
Optimal log-likelihood: -1358.806
Rate parameters:  A-C: 1.00000  A-G: 2.86966  A-T: 1.00000  C-G: 1.00000  C-T: 2.86966  G-T: 1.00000
Base frequencies:  A: 0.328  C: 0.210  G: 0.189  T: 0.273
Parameters optimization took 2 rounds (2.892 sec)
Computing ML distances based on estimated model parameters... 0.002 sec
Computing BIONJ tree...
0.006 seconds
Log-likelihood of BIONJ tree: -1358.806
--------------------------------------------------------------------
|             INITIALIZING CANDIDATE TREE SET                      |
--------------------------------------------------------------------
Generating 99 parsimony trees... 3.649 second
Computing log-likelihood of 6 initial trees ... 6.384 seconds
Current best score: -1358.806

Do NNI search on 7 best initial trees
Finish initializing candidate tree set (7)
Current best tree score: -1358.806 / CPU time: 44.906
Number of iterations: 7
--------------------------------------------------------------------
|               OPTIMIZING CANDIDATE TREE SET                      |
--------------------------------------------------------------------
UPDATE BEST LOG-LIKELIHOOD: -1358.806
Iteration 10 / LogL: -1358.806 / Time: 0h:1m:18s
Iteration 20 / LogL: -1358.814 / Time: 0h:2m:12s
Iteration 30 / LogL: -1358.806 / Time: 0h:3m:16s (0h:7m:50s left)
Iteration 40 / LogL: -1358.811 / Time: 0h:4m:14s (0h:6m:29s left)
Iteration 50 / LogL: -1358.814 / Time: 0h:5m:9s (0h:5m:14s left)
Log-likelihood cutoff on original alignment: -1393.744
Iteration 60 / LogL: -1358.807 / Time: 0h:6m:4s (0h:4m:5s left)
Iteration 70 / LogL: -1358.806 / Time: 0h:6m:46s (0h:2m:56s left)
Iteration 80 / LogL: -1358.806 / Time: 0h:7m:25s (0h:1m:52s left)
Iteration 90 / LogL: -1358.812 / Time: 0h:8m:2s (0h:0m:54s left)
Iteration 100 / LogL: -1358.806 / Time: 0h:8m:24s (0h:0m:0s left)
Log-likelihood cutoff on original alignment: -1394.086
NOTE: Bootstrap correlation coefficient of split occurrence frequencies: 1.000
TREE SEARCH COMPLETED AFTER 101 ITERATIONS / Time: 0h:8m:27s

--------------------------------------------------------------------
|                    FINALIZING TREE SEARCH                        |
--------------------------------------------------------------------
Performs final model parameters optimization
Estimate model parameters (epsilon = 0.010)
1. Initial log-likelihood: -1358.806
Optimal log-likelihood: -1358.806
Rate parameters:  A-C: 1.00000  A-G: 2.86966  A-T: 1.00000  C-G: 1.00000  C-T: 2.86966  G-T: 1.00000
Base frequencies:  A: 0.328  C: 0.210  G: 0.189  T: 0.273
Parameters optimization took 1 rounds (0.246 sec)
BEST SCORE FOUND : -1358.806
Creating bootstrap support values...
Split supports printed to NEXUS file examples/6taxon_1000genes_4cores//aln_seqs/1_seqgen208.nex.aln.splits.nex
Total tree length: 0.265

Total number of iterations: 101
CPU time used for tree search: 6.365 sec (0h:0m:6s)
Wall-clock time used for tree search: 495.258 sec (0h:8m:15s)
Total CPU time used: 6.479 sec (0h:0m:6s)
Total wall-clock time used: 510.669 sec (0h:8m:30s)

Computing bootstrap consensus tree...
Reading input file examples/6taxon_1000genes_4cores//aln_seqs/1_seqgen208.nex.aln.splits.nex...
6 taxa and 12 splits.
Consensus tree written to examples/6taxon_1000genes_4cores//aln_seqs/1_seqgen208.nex.aln.contree
Reading input trees file examples/6taxon_1000genes_4cores//aln_seqs/1_seqgen208.nex.aln.contree
Log-likelihood of consensus tree: -1358.806

Analysis results written to: 
  IQ-TREE report:                examples/6taxon_1000genes_4cores//aln_seqs/1_seqgen208.nex.aln.iqtree
  Maximum-likelihood tree:       examples/6taxon_1000genes_4cores//aln_seqs/1_seqgen208.nex.aln.treefile
  Likelihood distances:          examples/6taxon_1000genes_4cores//aln_seqs/1_seqgen208.nex.aln.mldist

Ultrafast bootstrap approximation results written to:
  Split support values:          examples/6taxon_1000genes_4cores//aln_seqs/1_seqgen208.nex.aln.splits.nex
  Consensus tree:                examples/6taxon_1000genes_4cores//aln_seqs/1_seqgen208.nex.aln.contree
  Screen log file:               examples/6taxon_1000genes_4cores//aln_seqs/1_seqgen208.nex.aln.log

Date and Time: Wed Feb 20 19:19:56 2019
