IQ-TREE multicore version 1.6.8 for Linux 64-bit built Oct 28 2018
Developed by Bui Quang Minh, Nguyen Lam Tung, Olga Chernomor,
Heiko Schmidt, Dominik Schrempf, Michael Woodhams.

Host:    sango10410.oist.jp (AVX2, FMA3, 125 GB RAM)
Command: iqtree -s examples/6taxon_1000genes_4cores//aln_seqs/1_seqgen290.nex.aln -bb 1000 -redo -nt 3 -m MFP
Seed:    965193 (Using SPRNG - Scalable Parallel Random Number Generator)
Time:    Wed Feb 20 18:58:04 2019
Kernel:  AVX+FMA - 3 threads (48 CPU cores detected)

Reading alignment file examples/6taxon_1000genes_4cores//aln_seqs/1_seqgen290.nex.aln ... Fasta format detected
Alignment most likely contains DNA/RNA sequences
Alignment has 6 sequences with 500 columns, 58 distinct patterns
21 parsimony-informative, 76 singleton sites, 403 constant sites
   Gap/Ambiguity  Composition  p-value
   1  C    0.00%    passed     99.70%
   2  F    0.00%    passed     84.15%
   3  E    0.00%    passed     98.95%
   4  D    0.00%    passed     99.50%
   5  A    0.00%    passed     98.03%
   6  B    0.00%    passed     98.84%
****  TOTAL    0.00%  0 sequences failed composition chi2 test (p-value<5%; df=3)


Create initial parsimony tree by phylogenetic likelihood library (PLL)... 0.001 seconds
NOTE: ModelFinder requires 0 MB RAM!
ModelFinder will test 286 DNA models (sample size: 500) ...
 No. Model         -LnL         df  AIC          AICc         BIC
WARNING: Number of threads seems too high for short alignments. Use -nt AUTO to determine best number of threads.
  1  JC            1277.504     9   2573.008     2573.375     2610.940
WARNING: Number of threads seems too high for short alignments. Use -nt AUTO to determine best number of threads.
  2  JC+I          1277.504     10  2575.008     2575.458     2617.154
WARNING: Number of threads seems too high for short alignments. Use -nt AUTO to determine best number of threads.
  3  JC+G4         1277.505     10  2575.010     2575.460     2617.156
WARNING: Number of threads seems too high for short alignments. Use -nt AUTO to determine best number of threads.
  4  JC+I+G4       1279.366     11  2580.732     2581.273     2627.093
WARNING: Number of threads seems too high for short alignments. Use -nt AUTO to determine best number of threads.
  5  JC+R2         1277.888     11  2577.776     2578.317     2624.137
WARNING: Number of threads seems too high for short alignments. Use -nt AUTO to determine best number of threads.
  6  JC+R3         1277.781     13  2581.563     2582.312     2636.353
WARNING: Number of threads seems too high for short alignments. Use -nt AUTO to determine best number of threads.
 14  F81+F         1265.268     12  2554.536     2555.177     2605.112
WARNING: Number of threads seems too high for short alignments. Use -nt AUTO to determine best number of threads.
 15  F81+F+I       1265.268     13  2556.536     2557.285     2611.326
WARNING: Number of threads seems too high for short alignments. Use -nt AUTO to determine best number of threads.
 16  F81+F+G4      1265.269     13  2556.538     2557.287     2611.328
WARNING: Number of threads seems too high for short alignments. Use -nt AUTO to determine best number of threads.
 17  F81+F+I+G4    1267.152     14  2562.303     2563.169     2621.308
WARNING: Number of threads seems too high for short alignments. Use -nt AUTO to determine best number of threads.
 18  F81+F+R2      1265.608     14  2559.215     2560.081     2618.220
WARNING: Number of threads seems too high for short alignments. Use -nt AUTO to determine best number of threads.
 19  F81+F+R3      1265.503     16  2563.007     2564.133     2630.441
WARNING: Number of threads seems too high for short alignments. Use -nt AUTO to determine best number of threads.
 27  K2P           1252.907     10  2525.814     2526.264     2567.960
WARNING: Number of threads seems too high for short alignments. Use -nt AUTO to determine best number of threads.
 28  K2P+I         1252.907     11  2527.814     2528.355     2574.174
WARNING: Number of threads seems too high for short alignments. Use -nt AUTO to determine best number of threads.
 29  K2P+G4        1252.907     11  2527.815     2528.356     2574.176
WARNING: Number of threads seems too high for short alignments. Use -nt AUTO to determine best number of threads.
 30  K2P+I+G4      1254.425     12  2532.851     2533.492     2583.426
WARNING: Number of threads seems too high for short alignments. Use -nt AUTO to determine best number of threads.
 31  K2P+R2        1253.122     12  2530.244     2530.885     2580.820
WARNING: Number of threads seems too high for short alignments. Use -nt AUTO to determine best number of threads.
 32  K2P+R3        1253.048     14  2534.095     2534.961     2593.100
WARNING: Number of threads seems too high for short alignments. Use -nt AUTO to determine best number of threads.
 40  HKY+F         1239.293     13  2504.585     2505.334     2559.375
WARNING: Number of threads seems too high for short alignments. Use -nt AUTO to determine best number of threads.
 41  HKY+F+I       1239.293     14  2506.585     2507.451     2565.590
WARNING: Number of threads seems too high for short alignments. Use -nt AUTO to determine best number of threads.
 42  HKY+F+G4      1239.293     14  2506.587     2507.453     2565.591
WARNING: Number of threads seems too high for short alignments. Use -nt AUTO to determine best number of threads.
 43  HKY+F+I+G4    1240.906     15  2511.811     2512.803     2575.030
WARNING: Number of threads seems too high for short alignments. Use -nt AUTO to determine best number of threads.
 44  HKY+F+R2      1239.504     15  2509.008     2510.000     2572.227
WARNING: Number of threads seems too high for short alignments. Use -nt AUTO to determine best number of threads.
 45  HKY+F+R3      1239.429     17  2512.859     2514.128     2584.507
WARNING: Number of threads seems too high for short alignments. Use -nt AUTO to determine best number of threads.
 53  TNe           1252.457     11  2526.915     2527.456     2573.275
WARNING: Number of threads seems too high for short alignments. Use -nt AUTO to determine best number of threads.
 54  TNe+I         1252.457     12  2528.915     2529.555     2579.490
WARNING: Number of threads seems too high for short alignments. Use -nt AUTO to determine best number of threads.
 55  TNe+G4        1252.458     12  2528.916     2529.556     2579.491
WARNING: Number of threads seems too high for short alignments. Use -nt AUTO to determine best number of threads.
 56  TNe+I+G4      1253.852     13  2533.704     2534.453     2588.494
WARNING: Number of threads seems too high for short alignments. Use -nt AUTO to determine best number of threads.
 57  TNe+R2        1252.609     13  2531.217     2531.966     2586.007
WARNING: Number of threads seems too high for short alignments. Use -nt AUTO to determine best number of threads.
 58  TNe+R3        1252.551     15  2535.102     2536.094     2598.322
WARNING: Number of threads seems too high for short alignments. Use -nt AUTO to determine best number of threads.
 66  TN+F          1239.075     14  2506.149     2507.015     2565.154
WARNING: Number of threads seems too high for short alignments. Use -nt AUTO to determine best number of threads.
 67  TN+F+I        1239.074     15  2508.149     2509.141     2571.368
WARNING: Number of threads seems too high for short alignments. Use -nt AUTO to determine best number of threads.
 68  TN+F+G4       1239.075     15  2508.150     2509.142     2571.369
WARNING: Number of threads seems too high for short alignments. Use -nt AUTO to determine best number of threads.
 69  TN+F+I+G4     1240.560     16  2513.121     2514.247     2580.554
WARNING: Number of threads seems too high for short alignments. Use -nt AUTO to determine best number of threads.
 70  TN+F+R2       1239.228     16  2510.457     2511.583     2577.890
WARNING: Number of threads seems too high for short alignments. Use -nt AUTO to determine best number of threads.
 71  TN+F+R3       1239.170     18  2514.340     2515.762     2590.203
WARNING: Number of threads seems too high for short alignments. Use -nt AUTO to determine best number of threads.
 79  K3P           1252.177     11  2526.354     2526.895     2572.715
WARNING: Number of threads seems too high for short alignments. Use -nt AUTO to determine best number of threads.
 80  K3P+I         1252.177     12  2528.354     2528.995     2578.929
WARNING: Number of threads seems too high for short alignments. Use -nt AUTO to determine best number of threads.
 81  K3P+G4        1252.178     12  2528.355     2528.996     2578.930
WARNING: Number of threads seems too high for short alignments. Use -nt AUTO to determine best number of threads.
 82  K3P+I+G4      1253.492     13  2532.983     2533.732     2587.773
WARNING: Number of threads seems too high for short alignments. Use -nt AUTO to determine best number of threads.
 83  K3P+R2        1252.296     13  2530.592     2531.341     2585.382
WARNING: Number of threads seems too high for short alignments. Use -nt AUTO to determine best number of threads.
 84  K3P+R3        1252.248     15  2534.496     2535.488     2597.715
WARNING: Number of threads seems too high for short alignments. Use -nt AUTO to determine best number of threads.
 92  K3Pu+F        1238.819     14  2505.638     2506.504     2564.642
WARNING: Number of threads seems too high for short alignments. Use -nt AUTO to determine best number of threads.
 93  K3Pu+F+I      1238.819     15  2507.638     2508.630     2570.857
WARNING: Number of threads seems too high for short alignments. Use -nt AUTO to determine best number of threads.
 94  K3Pu+F+G4     1238.820     15  2507.639     2508.631     2570.858
WARNING: Number of threads seems too high for short alignments. Use -nt AUTO to determine best number of threads.
 95  K3Pu+F+I+G4   1240.224     16  2512.448     2513.574     2579.882
WARNING: Number of threads seems too high for short alignments. Use -nt AUTO to determine best number of threads.
 96  K3Pu+F+R2     1238.941     16  2509.882     2511.009     2577.316
WARNING: Number of threads seems too high for short alignments. Use -nt AUTO to determine best number of threads.
 97  K3Pu+F+R3     1238.892     18  2513.785     2515.207     2589.648
WARNING: Number of threads seems too high for short alignments. Use -nt AUTO to determine best number of threads.
105  TPM2+F        1239.244     14  2506.488     2507.354     2565.493
WARNING: Number of threads seems too high for short alignments. Use -nt AUTO to determine best number of threads.
106  TPM2+F+I      1239.244     15  2508.488     2509.480     2571.708
WARNING: Number of threads seems too high for short alignments. Use -nt AUTO to determine best number of threads.
107  TPM2+F+G4     1239.245     15  2508.490     2509.482     2571.709
WARNING: Number of threads seems too high for short alignments. Use -nt AUTO to determine best number of threads.
108  TPM2+F+I+G4   1240.633     16  2513.266     2514.393     2580.700
WARNING: Number of threads seems too high for short alignments. Use -nt AUTO to determine best number of threads.
109  TPM2+F+R2     1239.354     16  2510.707     2511.833     2578.141
WARNING: Number of threads seems too high for short alignments. Use -nt AUTO to determine best number of threads.
110  TPM2+F+R3     1239.309     18  2514.618     2516.040     2590.481
WARNING: Number of threads seems too high for short alignments. Use -nt AUTO to determine best number of threads.
118  TPM2u+F       1239.244     14  2506.489     2507.355     2565.493
WARNING: Number of threads seems too high for short alignments. Use -nt AUTO to determine best number of threads.
119  TPM2u+F+I     1239.244     15  2508.489     2509.480     2571.708
WARNING: Number of threads seems too high for short alignments. Use -nt AUTO to determine best number of threads.
120  TPM2u+F+G4    1239.245     15  2508.490     2509.482     2571.709
WARNING: Number of threads seems too high for short alignments. Use -nt AUTO to determine best number of threads.
121  TPM2u+F+I+G4  1240.592     16  2513.184     2514.311     2580.618
WARNING: Number of threads seems too high for short alignments. Use -nt AUTO to determine best number of threads.
122  TPM2u+F+R2    1239.341     16  2510.681     2511.807     2578.115
WARNING: Number of threads seems too high for short alignments. Use -nt AUTO to determine best number of threads.
123  TPM2u+F+R3    1239.300     18  2514.601     2516.023     2590.463
WARNING: Number of threads seems too high for short alignments. Use -nt AUTO to determine best number of threads.
131  TPM3+F        1239.266     14  2506.533     2507.399     2565.537
WARNING: Number of threads seems too high for short alignments. Use -nt AUTO to determine best number of threads.
132  TPM3+F+I      1239.266     15  2508.533     2509.524     2571.752
WARNING: Number of threads seems too high for short alignments. Use -nt AUTO to determine best number of threads.
133  TPM3+F+G4     1239.267     15  2508.534     2509.526     2571.753
WARNING: Number of threads seems too high for short alignments. Use -nt AUTO to determine best number of threads.
134  TPM3+F+I+G4   1240.566     16  2513.131     2514.258     2580.565
WARNING: Number of threads seems too high for short alignments. Use -nt AUTO to determine best number of threads.
135  TPM3+F+R2     1239.351     16  2510.702     2511.828     2578.136
WARNING: Number of threads seems too high for short alignments. Use -nt AUTO to determine best number of threads.
136  TPM3+F+R3     1239.315     18  2514.629     2516.051     2590.492
WARNING: Number of threads seems too high for short alignments. Use -nt AUTO to determine best number of threads.
144  TPM3u+F       1239.266     14  2506.533     2507.399     2565.537
WARNING: Number of threads seems too high for short alignments. Use -nt AUTO to determine best number of threads.
145  TPM3u+F+I     1239.266     15  2508.533     2509.524     2571.752
WARNING: Number of threads seems too high for short alignments. Use -nt AUTO to determine best number of threads.
146  TPM3u+F+G4    1239.267     15  2508.534     2509.526     2571.753
WARNING: Number of threads seems too high for short alignments. Use -nt AUTO to determine best number of threads.
147  TPM3u+F+I+G4  1240.529     16  2513.059     2514.185     2580.493
WARNING: Number of threads seems too high for short alignments. Use -nt AUTO to determine best number of threads.
148  TPM3u+F+R2    1239.342     16  2510.683     2511.809     2578.117
WARNING: Number of threads seems too high for short alignments. Use -nt AUTO to determine best number of threads.
149  TPM3u+F+R3    1239.308     18  2514.617     2516.039     2590.480
WARNING: Number of threads seems too high for short alignments. Use -nt AUTO to determine best number of threads.
157  TIMe          1251.729     12  2527.458     2528.099     2578.034
WARNING: Number of threads seems too high for short alignments. Use -nt AUTO to determine best number of threads.
158  TIMe+I        1251.729     13  2529.458     2530.207     2584.248
WARNING: Number of threads seems too high for short alignments. Use -nt AUTO to determine best number of threads.
159  TIMe+G4       1251.730     13  2529.459     2530.208     2584.249
WARNING: Number of threads seems too high for short alignments. Use -nt AUTO to determine best number of threads.
160  TIMe+I+G4     1252.807     14  2533.615     2534.481     2592.619
WARNING: Number of threads seems too high for short alignments. Use -nt AUTO to determine best number of threads.
161  TIMe+R2       1251.783     14  2531.566     2532.432     2590.571
WARNING: Number of threads seems too high for short alignments. Use -nt AUTO to determine best number of threads.
162  TIMe+R3       1251.759     16  2535.517     2536.643     2602.951
WARNING: Number of threads seems too high for short alignments. Use -nt AUTO to determine best number of threads.
170  TIM+F         1238.604     15  2507.208     2508.199     2570.427
WARNING: Number of threads seems too high for short alignments. Use -nt AUTO to determine best number of threads.
171  TIM+F+I       1238.602     16  2509.205     2510.331     2576.638
WARNING: Number of threads seems too high for short alignments. Use -nt AUTO to determine best number of threads.
172  TIM+F+G4      1238.603     16  2509.206     2510.332     2576.640
WARNING: Number of threads seems too high for short alignments. Use -nt AUTO to determine best number of threads.
173  TIM+F+I+G4    1239.765     17  2513.530     2514.800     2585.179
WARNING: Number of threads seems too high for short alignments. Use -nt AUTO to determine best number of threads.
174  TIM+F+R2      1238.660     17  2511.321     2512.590     2582.969
WARNING: Number of threads seems too high for short alignments. Use -nt AUTO to determine best number of threads.
175  TIM+F+R3      1238.634     19  2515.267     2516.851     2595.345
WARNING: Number of threads seems too high for short alignments. Use -nt AUTO to determine best number of threads.
183  TIM2e         1252.420     12  2528.840     2529.481     2579.416
WARNING: Number of threads seems too high for short alignments. Use -nt AUTO to determine best number of threads.
184  TIM2e+I       1252.420     13  2530.840     2531.589     2585.630
WARNING: Number of threads seems too high for short alignments. Use -nt AUTO to determine best number of threads.
185  TIM2e+G4      1252.421     13  2530.841     2531.590     2585.631
WARNING: Number of threads seems too high for short alignments. Use -nt AUTO to determine best number of threads.
186  TIM2e+I+G4    1253.437     14  2534.875     2535.741     2593.879
WARNING: Number of threads seems too high for short alignments. Use -nt AUTO to determine best number of threads.
187  TIM2e+R2      1252.464     14  2532.928     2533.794     2591.932
WARNING: Number of threads seems too high for short alignments. Use -nt AUTO to determine best number of threads.
188  TIM2e+R3      1252.443     16  2536.886     2538.012     2604.320
WARNING: Number of threads seems too high for short alignments. Use -nt AUTO to determine best number of threads.
196  TIM2+F        1239.026     15  2508.052     2509.044     2571.271
WARNING: Number of threads seems too high for short alignments. Use -nt AUTO to determine best number of threads.
197  TIM2+F+I      1239.026     16  2510.052     2511.179     2577.486
WARNING: Number of threads seems too high for short alignments. Use -nt AUTO to determine best number of threads.
198  TIM2+F+G4     1239.027     16  2510.054     2511.180     2577.487
WARNING: Number of threads seems too high for short alignments. Use -nt AUTO to determine best number of threads.
199  TIM2+F+I+G4   1240.155     17  2514.310     2515.580     2585.959
WARNING: Number of threads seems too high for short alignments. Use -nt AUTO to determine best number of threads.
200  TIM2+F+R2     1239.076     17  2512.152     2513.421     2583.800
WARNING: Number of threads seems too high for short alignments. Use -nt AUTO to determine best number of threads.
201  TIM2+F+R3     1239.052     19  2516.105     2517.688     2596.183
WARNING: Number of threads seems too high for short alignments. Use -nt AUTO to determine best number of threads.
209  TIM3e         1252.131     12  2528.262     2528.903     2578.837
WARNING: Number of threads seems too high for short alignments. Use -nt AUTO to determine best number of threads.
210  TIM3e+I       1252.131     13  2530.262     2531.011     2585.052
WARNING: Number of threads seems too high for short alignments. Use -nt AUTO to determine best number of threads.
211  TIM3e+G4      1252.131     13  2530.263     2531.012     2585.053
WARNING: Number of threads seems too high for short alignments. Use -nt AUTO to determine best number of threads.
212  TIM3e+I+G4    1253.076     14  2534.152     2535.018     2593.157
WARNING: Number of threads seems too high for short alignments. Use -nt AUTO to determine best number of threads.
213  TIM3e+R2      1252.164     14  2532.328     2533.194     2591.333
WARNING: Number of threads seems too high for short alignments. Use -nt AUTO to determine best number of threads.
214  TIM3e+R3      1252.148     16  2536.295     2537.422     2603.729
WARNING: Number of threads seems too high for short alignments. Use -nt AUTO to determine best number of threads.
222  TIM3+F        1239.048     15  2508.095     2509.087     2571.314
WARNING: Number of threads seems too high for short alignments. Use -nt AUTO to determine best number of threads.
223  TIM3+F+I      1239.048     16  2510.095     2511.222     2577.529
WARNING: Number of threads seems too high for short alignments. Use -nt AUTO to determine best number of threads.
224  TIM3+F+G4     1239.048     16  2510.097     2511.223     2577.531
WARNING: Number of threads seems too high for short alignments. Use -nt AUTO to determine best number of threads.
225  TIM3+F+I+G4   1240.115     17  2514.230     2515.500     2585.879
WARNING: Number of threads seems too high for short alignments. Use -nt AUTO to determine best number of threads.
226  TIM3+F+R2     1239.089     17  2512.178     2513.447     2583.826
WARNING: Number of threads seems too high for short alignments. Use -nt AUTO to determine best number of threads.
227  TIM3+F+R3     1239.068     19  2516.137     2517.720     2596.215
WARNING: Number of threads seems too high for short alignments. Use -nt AUTO to determine best number of threads.
235  TVMe          1251.935     13  2529.870     2530.619     2584.659
WARNING: Number of threads seems too high for short alignments. Use -nt AUTO to determine best number of threads.
236  TVMe+I        1251.935     14  2531.869     2532.735     2590.874
WARNING: Number of threads seems too high for short alignments. Use -nt AUTO to determine best number of threads.
237  TVMe+G4       1251.935     14  2531.871     2532.737     2590.875
WARNING: Number of threads seems too high for short alignments. Use -nt AUTO to determine best number of threads.
238  TVMe+I+G4     1252.838     15  2535.677     2536.669     2598.896
WARNING: Number of threads seems too high for short alignments. Use -nt AUTO to determine best number of threads.
239  TVMe+R2       1251.964     15  2533.927     2534.919     2597.146
WARNING: Number of threads seems too high for short alignments. Use -nt AUTO to determine best number of threads.
240  TVMe+R3       1251.949     17  2537.897     2539.167     2609.546
WARNING: Number of threads seems too high for short alignments. Use -nt AUTO to determine best number of threads.
248  TVM+F         1238.687     16  2509.373     2510.499     2576.807
WARNING: Number of threads seems too high for short alignments. Use -nt AUTO to determine best number of threads.
249  TVM+F+I       1238.687     17  2511.373     2512.643     2583.021
WARNING: Number of threads seems too high for short alignments. Use -nt AUTO to determine best number of threads.
250  TVM+F+G4      1238.687     17  2511.375     2512.644     2583.023
WARNING: Number of threads seems too high for short alignments. Use -nt AUTO to determine best number of threads.
251  TVM+F+I+G4    1239.726     18  2515.452     2516.874     2591.315
WARNING: Number of threads seems too high for short alignments. Use -nt AUTO to determine best number of threads.
252  TVM+F+R2      1238.722     18  2513.444     2514.867     2589.307
WARNING: Number of threads seems too high for short alignments. Use -nt AUTO to determine best number of threads.
253  TVM+F+R3      1238.704     20  2517.408     2519.161     2601.700
WARNING: Number of threads seems too high for short alignments. Use -nt AUTO to determine best number of threads.
261  SYM           1251.486     14  2530.973     2531.839     2589.977
WARNING: Number of threads seems too high for short alignments. Use -nt AUTO to determine best number of threads.
262  SYM+I         1251.486     15  2532.972     2533.964     2596.191
WARNING: Number of threads seems too high for short alignments. Use -nt AUTO to determine best number of threads.
263  SYM+G4        1251.487     15  2532.973     2533.965     2596.192
WARNING: Number of threads seems too high for short alignments. Use -nt AUTO to determine best number of threads.
264  SYM+I+G4      1252.328     16  2536.656     2537.782     2604.090
WARNING: Number of threads seems too high for short alignments. Use -nt AUTO to determine best number of threads.
265  SYM+R2        1251.508     16  2535.017     2536.143     2602.450
WARNING: Number of threads seems too high for short alignments. Use -nt AUTO to determine best number of threads.
266  SYM+R3        1251.496     18  2538.993     2540.415     2614.856
WARNING: Number of threads seems too high for short alignments. Use -nt AUTO to determine best number of threads.
274  GTR+F         1238.470     17  2510.940     2512.210     2582.588
WARNING: Number of threads seems too high for short alignments. Use -nt AUTO to determine best number of threads.
275  GTR+F+I       1238.470     18  2512.940     2514.362     2588.803
WARNING: Number of threads seems too high for short alignments. Use -nt AUTO to determine best number of threads.
276  GTR+F+G4      1238.471     18  2512.941     2514.363     2588.804
WARNING: Number of threads seems too high for short alignments. Use -nt AUTO to determine best number of threads.
277  GTR+F+I+G4    1239.446     19  2516.893     2518.476     2596.970
WARNING: Number of threads seems too high for short alignments. Use -nt AUTO to determine best number of threads.
278  GTR+F+R2      1238.499     19  2514.997     2516.581     2595.075
WARNING: Number of threads seems too high for short alignments. Use -nt AUTO to determine best number of threads.
279  GTR+F+R3      1238.483     21  2518.967     2520.900     2607.474
Akaike Information Criterion:           HKY+F
Corrected Akaike Information Criterion: HKY+F
Bayesian Information Criterion:         HKY+F
Best-fit model: HKY+F chosen according to BIC

All model information printed to examples/6taxon_1000genes_4cores//aln_seqs/1_seqgen290.nex.aln.model.gz
CPU time for ModelFinder: 2.987 seconds (0h:0m:2s)
Wall-clock time for ModelFinder: 85.415 seconds (0h:1m:25s)
Generating 1000 samples for ultrafast bootstrap (seed: 965193)...

NOTE: 0 MB RAM (0 GB) is required!
WARNING: Number of threads seems too high for short alignments. Use -nt AUTO to determine best number of threads.
Estimate model parameters (epsilon = 0.100)
1. Initial log-likelihood: -1265.285
2. Current log-likelihood: -1257.286
3. Current log-likelihood: -1255.549
4. Current log-likelihood: -1253.737
5. Current log-likelihood: -1251.768
6. Current log-likelihood: -1249.633
7. Current log-likelihood: -1247.339
8. Current log-likelihood: -1244.935
9. Current log-likelihood: -1239.299
Optimal log-likelihood: -1239.293
Rate parameters:  A-C: 1.00000  A-G: 4.36365  A-T: 1.00000  C-G: 1.00000  C-T: 4.36365  G-T: 1.00000
Base frequencies:  A: 0.287  C: 0.206  G: 0.194  T: 0.313
Parameters optimization took 9 rounds (3.416 sec)
Computing ML distances based on estimated model parameters... 0.000 sec
Computing BIONJ tree...
0.338 seconds
Log-likelihood of BIONJ tree: -1239.293
--------------------------------------------------------------------
|             INITIALIZING CANDIDATE TREE SET                      |
--------------------------------------------------------------------
Generating 99 parsimony trees... 2.628 second
Computing log-likelihood of 6 initial trees ... 2.389 seconds
Current best score: -1239.293

Do NNI search on 7 best initial trees
Finish initializing candidate tree set (7)
Current best tree score: -1239.293 / CPU time: 19.367
Number of iterations: 7
--------------------------------------------------------------------
|               OPTIMIZING CANDIDATE TREE SET                      |
--------------------------------------------------------------------
Iteration 10 / LogL: -1239.293 / Time: 0h:0m:33s
Iteration 20 / LogL: -1239.293 / Time: 0h:1m:2s
Iteration 30 / LogL: -1239.293 / Time: 0h:1m:32s (0h:3m:40s left)
Iteration 40 / LogL: -1239.293 / Time: 0h:2m:12s (0h:3m:22s left)
Iteration 50 / LogL: -1239.293 / Time: 0h:2m:54s (0h:2m:57s left)
Log-likelihood cutoff on original alignment: -1255.223
Iteration 60 / LogL: -1239.293 / Time: 0h:3m:44s (0h:2m:31s left)
Iteration 70 / LogL: -1239.293 / Time: 0h:4m:35s (0h:1m:59s left)
Iteration 80 / LogL: -1239.293 / Time: 0h:5m:40s (0h:1m:25s left)
Iteration 90 / LogL: -1239.293 / Time: 0h:6m:43s (0h:0m:45s left)
Iteration 100 / LogL: -1245.889 / Time: 0h:7m:44s (0h:0m:0s left)
Log-likelihood cutoff on original alignment: -1255.221
NOTE: Bootstrap correlation coefficient of split occurrence frequencies: 1.000
TREE SEARCH COMPLETED AFTER 101 ITERATIONS / Time: 0h:7m:58s

--------------------------------------------------------------------
|                    FINALIZING TREE SEARCH                        |
--------------------------------------------------------------------
Performs final model parameters optimization
Estimate model parameters (epsilon = 0.010)
1. Initial log-likelihood: -1239.293
Optimal log-likelihood: -1239.293
Rate parameters:  A-C: 1.00000  A-G: 4.36500  A-T: 1.00000  C-G: 1.00000  C-T: 4.36500  G-T: 1.00000
Base frequencies:  A: 0.287  C: 0.206  G: 0.194  T: 0.313
Parameters optimization took 1 rounds (0.596 sec)
BEST SCORE FOUND : -1239.293
Creating bootstrap support values...
Split supports printed to NEXUS file examples/6taxon_1000genes_4cores//aln_seqs/1_seqgen290.nex.aln.splits.nex
Total tree length: 0.217

Total number of iterations: 101
CPU time used for tree search: 5.824 sec (0h:0m:5s)
Wall-clock time used for tree search: 472.567 sec (0h:7m:52s)
Total CPU time used: 5.988 sec (0h:0m:5s)
Total wall-clock time used: 486.453 sec (0h:8m:6s)

Computing bootstrap consensus tree...
Reading input file examples/6taxon_1000genes_4cores//aln_seqs/1_seqgen290.nex.aln.splits.nex...
6 taxa and 13 splits.
Consensus tree written to examples/6taxon_1000genes_4cores//aln_seqs/1_seqgen290.nex.aln.contree
Reading input trees file examples/6taxon_1000genes_4cores//aln_seqs/1_seqgen290.nex.aln.contree
Log-likelihood of consensus tree: -1239.293

Analysis results written to: 
  IQ-TREE report:                examples/6taxon_1000genes_4cores//aln_seqs/1_seqgen290.nex.aln.iqtree
  Maximum-likelihood tree:       examples/6taxon_1000genes_4cores//aln_seqs/1_seqgen290.nex.aln.treefile
  Likelihood distances:          examples/6taxon_1000genes_4cores//aln_seqs/1_seqgen290.nex.aln.mldist

Ultrafast bootstrap approximation results written to:
  Split support values:          examples/6taxon_1000genes_4cores//aln_seqs/1_seqgen290.nex.aln.splits.nex
  Consensus tree:                examples/6taxon_1000genes_4cores//aln_seqs/1_seqgen290.nex.aln.contree
  Screen log file:               examples/6taxon_1000genes_4cores//aln_seqs/1_seqgen290.nex.aln.log

Date and Time: Wed Feb 20 19:07:43 2019
