IQ-TREE multicore version 1.6.8 for Linux 64-bit built Oct 28 2018
Developed by Bui Quang Minh, Nguyen Lam Tung, Olga Chernomor,
Heiko Schmidt, Dominik Schrempf, Michael Woodhams.

Host:    sango10410.oist.jp (AVX2, FMA3, 125 GB RAM)
Command: iqtree -s examples/6taxon_1000genes_4cores//aln_seqs/1_seqgen396.nex.aln -bb 1000 -redo -nt 3 -m MFP
Seed:    117324 (Using SPRNG - Scalable Parallel Random Number Generator)
Time:    Wed Feb 20 18:59:14 2019
Kernel:  AVX+FMA - 3 threads (48 CPU cores detected)

Reading alignment file examples/6taxon_1000genes_4cores//aln_seqs/1_seqgen396.nex.aln ... Fasta format detected
Alignment most likely contains DNA/RNA sequences
Alignment has 6 sequences with 500 columns, 57 distinct patterns
33 parsimony-informative, 69 singleton sites, 398 constant sites
   Gap/Ambiguity  Composition  p-value
   1  F    0.00%    passed     91.94%
   2  C    0.00%    passed     89.82%
   3  E    0.00%    passed     92.76%
   4  D    0.00%    passed     78.28%
   5  A    0.00%    passed     99.26%
   6  B    0.00%    passed     97.79%
****  TOTAL    0.00%  0 sequences failed composition chi2 test (p-value<5%; df=3)


Create initial parsimony tree by phylogenetic likelihood library (PLL)... 0.000 seconds
NOTE: ModelFinder requires 0 MB RAM!
ModelFinder will test 286 DNA models (sample size: 500) ...
 No. Model         -LnL         df  AIC          AICc         BIC
WARNING: Number of threads seems too high for short alignments. Use -nt AUTO to determine best number of threads.
  1  JC            1277.309     9   2572.618     2572.985     2610.550
WARNING: Number of threads seems too high for short alignments. Use -nt AUTO to determine best number of threads.
  2  JC+I          1277.309     10  2574.618     2575.068     2616.764
WARNING: Number of threads seems too high for short alignments. Use -nt AUTO to determine best number of threads.
  3  JC+G4         1277.311     10  2574.622     2575.072     2616.768
WARNING: Number of threads seems too high for short alignments. Use -nt AUTO to determine best number of threads.
  4  JC+I+G4       1279.715     11  2581.430     2581.971     2627.791
WARNING: Number of threads seems too high for short alignments. Use -nt AUTO to determine best number of threads.
  5  JC+R2         1277.692     11  2577.383     2577.924     2623.744
WARNING: Number of threads seems too high for short alignments. Use -nt AUTO to determine best number of threads.
  6  JC+R3         1277.561     13  2581.121     2581.870     2635.911
WARNING: Number of threads seems too high for short alignments. Use -nt AUTO to determine best number of threads.
 14  F81+F         1262.882     12  2549.765     2550.406     2600.340
WARNING: Number of threads seems too high for short alignments. Use -nt AUTO to determine best number of threads.
 15  F81+F+I       1262.882     13  2551.765     2552.514     2606.555
WARNING: Number of threads seems too high for short alignments. Use -nt AUTO to determine best number of threads.
 16  F81+F+G4      1262.884     13  2551.769     2552.518     2606.559
WARNING: Number of threads seems too high for short alignments. Use -nt AUTO to determine best number of threads.
 17  F81+F+I+G4    1265.145     14  2558.291     2559.157     2617.295
WARNING: Number of threads seems too high for short alignments. Use -nt AUTO to determine best number of threads.
 18  F81+F+R2      1263.199     14  2554.398     2555.264     2613.402
WARNING: Number of threads seems too high for short alignments. Use -nt AUTO to determine best number of threads.
 19  F81+F+R3      1263.080     16  2558.160     2559.286     2625.593
WARNING: Number of threads seems too high for short alignments. Use -nt AUTO to determine best number of threads.
 27  K2P           1249.193     10  2518.386     2518.836     2560.532
WARNING: Number of threads seems too high for short alignments. Use -nt AUTO to determine best number of threads.
 28  K2P+I         1249.193     11  2520.386     2520.927     2566.747
WARNING: Number of threads seems too high for short alignments. Use -nt AUTO to determine best number of threads.
 29  K2P+G4        1249.194     11  2520.389     2520.930     2566.749
WARNING: Number of threads seems too high for short alignments. Use -nt AUTO to determine best number of threads.
 30  K2P+I+G4      1250.879     12  2525.759     2526.399     2576.334
WARNING: Number of threads seems too high for short alignments. Use -nt AUTO to determine best number of threads.
 31  K2P+R2        1249.383     12  2522.766     2523.406     2573.341
WARNING: Number of threads seems too high for short alignments. Use -nt AUTO to determine best number of threads.
 32  K2P+R3        1249.306     14  2526.611     2527.477     2585.616
WARNING: Number of threads seems too high for short alignments. Use -nt AUTO to determine best number of threads.
 40  HKY+F         1232.466     13  2490.932     2491.681     2545.722
WARNING: Number of threads seems too high for short alignments. Use -nt AUTO to determine best number of threads.
 41  HKY+F+I       1232.466     14  2492.932     2493.798     2551.936
WARNING: Number of threads seems too high for short alignments. Use -nt AUTO to determine best number of threads.
 42  HKY+F+G4      1232.467     14  2492.934     2493.800     2551.939
WARNING: Number of threads seems too high for short alignments. Use -nt AUTO to determine best number of threads.
 43  HKY+F+I+G4    1234.053     15  2498.106     2499.098     2561.325
WARNING: Number of threads seems too high for short alignments. Use -nt AUTO to determine best number of threads.
 44  HKY+F+R2      1232.629     15  2495.258     2496.250     2558.477
WARNING: Number of threads seems too high for short alignments. Use -nt AUTO to determine best number of threads.
 45  HKY+F+R3      1232.559     17  2499.119     2500.389     2570.767
WARNING: Number of threads seems too high for short alignments. Use -nt AUTO to determine best number of threads.
 53  TNe           1249.138     11  2520.277     2520.818     2566.637
WARNING: Number of threads seems too high for short alignments. Use -nt AUTO to determine best number of threads.
 54  TNe+I         1249.138     12  2522.277     2522.917     2572.852
WARNING: Number of threads seems too high for short alignments. Use -nt AUTO to determine best number of threads.
 55  TNe+G4        1249.140     12  2522.279     2522.920     2572.854
WARNING: Number of threads seems too high for short alignments. Use -nt AUTO to determine best number of threads.
 56  TNe+I+G4      1250.639     13  2527.279     2528.028     2582.069
WARNING: Number of threads seems too high for short alignments. Use -nt AUTO to determine best number of threads.
 57  TNe+R2        1249.278     13  2524.557     2525.306     2579.347
WARNING: Number of threads seems too high for short alignments. Use -nt AUTO to determine best number of threads.
 58  TNe+R3        1249.216     15  2528.433     2529.424     2591.652
WARNING: Number of threads seems too high for short alignments. Use -nt AUTO to determine best number of threads.
 66  TN+F          1232.372     14  2492.743     2493.609     2551.748
WARNING: Number of threads seems too high for short alignments. Use -nt AUTO to determine best number of threads.
 67  TN+F+I        1232.372     15  2494.743     2495.735     2557.962
WARNING: Number of threads seems too high for short alignments. Use -nt AUTO to determine best number of threads.
 68  TN+F+G4       1232.373     15  2494.746     2495.737     2557.965
WARNING: Number of threads seems too high for short alignments. Use -nt AUTO to determine best number of threads.
 69  TN+F+I+G4     1233.787     16  2499.574     2500.700     2567.008
WARNING: Number of threads seems too high for short alignments. Use -nt AUTO to determine best number of threads.
 70  TN+F+R2       1232.493     16  2496.986     2498.112     2564.420
WARNING: Number of threads seems too high for short alignments. Use -nt AUTO to determine best number of threads.
 71  TN+F+R3       1232.437     18  2500.874     2502.296     2576.737
WARNING: Number of threads seems too high for short alignments. Use -nt AUTO to determine best number of threads.
 79  K3P           1248.889     11  2519.778     2520.319     2566.139
WARNING: Number of threads seems too high for short alignments. Use -nt AUTO to determine best number of threads.
 80  K3P+I         1248.889     12  2521.778     2522.419     2572.353
WARNING: Number of threads seems too high for short alignments. Use -nt AUTO to determine best number of threads.
 81  K3P+G4        1248.890     12  2521.780     2522.421     2572.355
WARNING: Number of threads seems too high for short alignments. Use -nt AUTO to determine best number of threads.
 82  K3P+I+G4      1250.273     13  2526.545     2527.294     2581.335
WARNING: Number of threads seems too high for short alignments. Use -nt AUTO to determine best number of threads.
 83  K3P+R2        1248.993     13  2523.985     2524.734     2578.775
WARNING: Number of threads seems too high for short alignments. Use -nt AUTO to determine best number of threads.
 84  K3P+R3        1248.943     15  2527.886     2528.877     2591.105
WARNING: Number of threads seems too high for short alignments. Use -nt AUTO to determine best number of threads.
 92  K3Pu+F        1232.366     14  2492.732     2493.598     2551.736
WARNING: Number of threads seems too high for short alignments. Use -nt AUTO to determine best number of threads.
 93  K3Pu+F+I      1232.366     15  2494.732     2495.724     2557.951
WARNING: Number of threads seems too high for short alignments. Use -nt AUTO to determine best number of threads.
 94  K3Pu+F+G4     1232.367     15  2494.734     2495.726     2557.953
WARNING: Number of threads seems too high for short alignments. Use -nt AUTO to determine best number of threads.
 95  K3Pu+F+I+G4   1233.713     16  2499.426     2500.552     2566.859
WARNING: Number of threads seems too high for short alignments. Use -nt AUTO to determine best number of threads.
 96  K3Pu+F+R2     1232.457     16  2496.914     2498.041     2564.348
WARNING: Number of threads seems too high for short alignments. Use -nt AUTO to determine best number of threads.
 97  K3Pu+F+R3     1232.412     18  2500.823     2502.245     2576.686
WARNING: Number of threads seems too high for short alignments. Use -nt AUTO to determine best number of threads.
105  TPM2+F        1232.460     14  2492.920     2493.786     2551.925
WARNING: Number of threads seems too high for short alignments. Use -nt AUTO to determine best number of threads.
106  TPM2+F+I      1232.460     15  2494.920     2495.912     2558.139
WARNING: Number of threads seems too high for short alignments. Use -nt AUTO to determine best number of threads.
107  TPM2+F+G4     1232.461     15  2494.922     2495.914     2558.142
WARNING: Number of threads seems too high for short alignments. Use -nt AUTO to determine best number of threads.
108  TPM2+F+I+G4   1233.761     16  2499.523     2500.649     2566.957
WARNING: Number of threads seems too high for short alignments. Use -nt AUTO to determine best number of threads.
109  TPM2+F+R2     1232.540     16  2497.079     2498.205     2564.513
WARNING: Number of threads seems too high for short alignments. Use -nt AUTO to determine best number of threads.
110  TPM2+F+R3     1232.499     18  2500.997     2502.419     2576.860
WARNING: Number of threads seems too high for short alignments. Use -nt AUTO to determine best number of threads.
118  TPM2u+F       1232.460     14  2492.920     2493.786     2551.925
WARNING: Number of threads seems too high for short alignments. Use -nt AUTO to determine best number of threads.
119  TPM2u+F+I     1232.460     15  2494.920     2495.912     2558.139
WARNING: Number of threads seems too high for short alignments. Use -nt AUTO to determine best number of threads.
120  TPM2u+F+G4    1232.461     15  2494.923     2495.914     2558.142
WARNING: Number of threads seems too high for short alignments. Use -nt AUTO to determine best number of threads.
121  TPM2u+F+I+G4  1233.729     16  2499.457     2500.584     2566.891
WARNING: Number of threads seems too high for short alignments. Use -nt AUTO to determine best number of threads.
122  TPM2u+F+R2    1232.530     16  2497.059     2498.186     2564.493
WARNING: Number of threads seems too high for short alignments. Use -nt AUTO to determine best number of threads.
123  TPM2u+F+R3    1232.493     18  2500.985     2502.407     2576.848
WARNING: Number of threads seems too high for short alignments. Use -nt AUTO to determine best number of threads.
131  TPM3+F        1232.441     14  2492.882     2493.748     2551.886
WARNING: Number of threads seems too high for short alignments. Use -nt AUTO to determine best number of threads.
132  TPM3+F+I      1232.441     15  2494.882     2495.874     2558.101
WARNING: Number of threads seems too high for short alignments. Use -nt AUTO to determine best number of threads.
133  TPM3+F+G4     1232.442     15  2494.884     2495.876     2558.103
WARNING: Number of threads seems too high for short alignments. Use -nt AUTO to determine best number of threads.
134  TPM3+F+I+G4   1233.685     16  2499.370     2500.496     2566.803
WARNING: Number of threads seems too high for short alignments. Use -nt AUTO to determine best number of threads.
135  TPM3+F+R2     1232.502     16  2497.003     2498.130     2564.437
WARNING: Number of threads seems too high for short alignments. Use -nt AUTO to determine best number of threads.
136  TPM3+F+R3     1232.468     18  2500.936     2502.359     2576.799
WARNING: Number of threads seems too high for short alignments. Use -nt AUTO to determine best number of threads.
144  TPM3u+F       1232.441     14  2492.882     2493.748     2551.886
WARNING: Number of threads seems too high for short alignments. Use -nt AUTO to determine best number of threads.
145  TPM3u+F+I     1232.441     15  2494.882     2495.874     2558.101
WARNING: Number of threads seems too high for short alignments. Use -nt AUTO to determine best number of threads.
146  TPM3u+F+G4    1232.442     15  2494.884     2495.876     2558.103
WARNING: Number of threads seems too high for short alignments. Use -nt AUTO to determine best number of threads.
147  TPM3u+F+I+G4  1233.655     16  2499.310     2500.436     2566.744
WARNING: Number of threads seems too high for short alignments. Use -nt AUTO to determine best number of threads.
148  TPM3u+F+R2    1232.494     16  2496.989     2498.115     2564.422
WARNING: Number of threads seems too high for short alignments. Use -nt AUTO to determine best number of threads.
149  TPM3u+F+R3    1232.464     18  2500.928     2502.350     2576.791
WARNING: Number of threads seems too high for short alignments. Use -nt AUTO to determine best number of threads.
157  TIMe          1248.834     12  2521.667     2522.308     2572.242
WARNING: Number of threads seems too high for short alignments. Use -nt AUTO to determine best number of threads.
158  TIMe+I        1248.834     13  2523.667     2524.416     2578.457
WARNING: Number of threads seems too high for short alignments. Use -nt AUTO to determine best number of threads.
159  TIMe+G4       1248.835     13  2523.669     2524.418     2578.459
WARNING: Number of threads seems too high for short alignments. Use -nt AUTO to determine best number of threads.
160  TIMe+I+G4     1250.029     14  2528.058     2528.924     2587.062
WARNING: Number of threads seems too high for short alignments. Use -nt AUTO to determine best number of threads.
161  TIMe+R2       1248.882     14  2525.764     2526.630     2584.769
WARNING: Number of threads seems too high for short alignments. Use -nt AUTO to determine best number of threads.
162  TIMe+R3       1248.854     16  2529.708     2530.835     2597.142
WARNING: Number of threads seems too high for short alignments. Use -nt AUTO to determine best number of threads.
170  TIM+F         1232.272     15  2494.545     2495.536     2557.764
WARNING: Number of threads seems too high for short alignments. Use -nt AUTO to determine best number of threads.
171  TIM+F+I       1232.272     16  2496.544     2497.671     2563.978
WARNING: Number of threads seems too high for short alignments. Use -nt AUTO to determine best number of threads.
172  TIM+F+G4      1232.273     16  2496.547     2497.673     2563.980
WARNING: Number of threads seems too high for short alignments. Use -nt AUTO to determine best number of threads.
173  TIM+F+I+G4    1233.434     17  2500.869     2502.138     2572.517
WARNING: Number of threads seems too high for short alignments. Use -nt AUTO to determine best number of threads.
174  TIM+F+R2      1232.313     17  2498.627     2499.896     2570.275
WARNING: Number of threads seems too high for short alignments. Use -nt AUTO to determine best number of threads.
175  TIM+F+R3      1232.288     19  2502.576     2504.160     2582.654
WARNING: Number of threads seems too high for short alignments. Use -nt AUTO to determine best number of threads.
183  TIM2e         1248.952     12  2521.904     2522.544     2572.479
WARNING: Number of threads seems too high for short alignments. Use -nt AUTO to determine best number of threads.
184  TIM2e+I       1248.952     13  2523.904     2524.653     2578.694
WARNING: Number of threads seems too high for short alignments. Use -nt AUTO to determine best number of threads.
185  TIM2e+G4      1248.953     13  2523.906     2524.655     2578.696
WARNING: Number of threads seems too high for short alignments. Use -nt AUTO to determine best number of threads.
186  TIM2e+I+G4    1250.098     14  2528.197     2529.063     2587.201
WARNING: Number of threads seems too high for short alignments. Use -nt AUTO to determine best number of threads.
187  TIM2e+R2      1248.988     14  2525.976     2526.841     2584.980
WARNING: Number of threads seems too high for short alignments. Use -nt AUTO to determine best number of threads.
188  TIM2e+R3      1248.965     16  2529.931     2531.057     2597.364
WARNING: Number of threads seems too high for short alignments. Use -nt AUTO to determine best number of threads.
196  TIM2+F        1232.366     15  2494.732     2495.724     2557.951
WARNING: Number of threads seems too high for short alignments. Use -nt AUTO to determine best number of threads.
197  TIM2+F+I      1232.366     16  2496.732     2497.858     2564.166
WARNING: Number of threads seems too high for short alignments. Use -nt AUTO to determine best number of threads.
198  TIM2+F+G4     1232.367     16  2496.734     2497.861     2564.168
WARNING: Number of threads seems too high for short alignments. Use -nt AUTO to determine best number of threads.
199  TIM2+F+I+G4   1233.466     17  2500.933     2502.202     2572.581
WARNING: Number of threads seems too high for short alignments. Use -nt AUTO to determine best number of threads.
200  TIM2+F+R2     1232.398     17  2498.796     2500.066     2570.444
WARNING: Number of threads seems too high for short alignments. Use -nt AUTO to determine best number of threads.
201  TIM2+F+R3     1232.377     19  2502.754     2504.338     2582.832
WARNING: Number of threads seems too high for short alignments. Use -nt AUTO to determine best number of threads.
209  TIM3e         1249.052     12  2522.104     2522.744     2572.679
WARNING: Number of threads seems too high for short alignments. Use -nt AUTO to determine best number of threads.
210  TIM3e+I       1249.052     13  2524.104     2524.853     2578.893
WARNING: Number of threads seems too high for short alignments. Use -nt AUTO to determine best number of threads.
211  TIM3e+G4      1249.053     13  2524.106     2524.855     2578.896
WARNING: Number of threads seems too high for short alignments. Use -nt AUTO to determine best number of threads.
212  TIM3e+I+G4    1250.128     14  2528.255     2529.121     2587.260
WARNING: Number of threads seems too high for short alignments. Use -nt AUTO to determine best number of threads.
213  TIM3e+R2      1249.080     14  2526.160     2527.026     2585.164
WARNING: Number of threads seems too high for short alignments. Use -nt AUTO to determine best number of threads.
214  TIM3e+R3      1249.061     16  2530.123     2531.249     2597.556
WARNING: Number of threads seems too high for short alignments. Use -nt AUTO to determine best number of threads.
222  TIM3+F        1232.347     15  2494.694     2495.686     2557.913
WARNING: Number of threads seems too high for short alignments. Use -nt AUTO to determine best number of threads.
223  TIM3+F+I      1232.347     16  2496.694     2497.820     2564.128
WARNING: Number of threads seems too high for short alignments. Use -nt AUTO to determine best number of threads.
224  TIM3+F+G4     1232.348     16  2496.696     2497.823     2564.130
WARNING: Number of threads seems too high for short alignments. Use -nt AUTO to determine best number of threads.
225  TIM3+F+I+G4   1233.407     17  2500.813     2502.083     2572.462
WARNING: Number of threads seems too high for short alignments. Use -nt AUTO to determine best number of threads.
226  TIM3+F+R2     1232.372     17  2498.744     2500.013     2570.392
WARNING: Number of threads seems too high for short alignments. Use -nt AUTO to determine best number of threads.
227  TIM3+F+R3     1232.355     19  2502.710     2504.293     2582.787
WARNING: Number of threads seems too high for short alignments. Use -nt AUTO to determine best number of threads.
235  TVMe          1248.708     13  2523.417     2524.165     2578.206
WARNING: Number of threads seems too high for short alignments. Use -nt AUTO to determine best number of threads.
236  TVMe+I        1248.708     14  2525.416     2526.282     2584.420
WARNING: Number of threads seems too high for short alignments. Use -nt AUTO to determine best number of threads.
237  TVMe+G4       1248.709     14  2525.418     2526.284     2584.422
WARNING: Number of threads seems too high for short alignments. Use -nt AUTO to determine best number of threads.
238  TVMe+I+G4     1249.744     15  2529.487     2530.479     2592.706
WARNING: Number of threads seems too high for short alignments. Use -nt AUTO to determine best number of threads.
239  TVMe+R2       1248.729     15  2527.457     2528.449     2590.676
WARNING: Number of threads seems too high for short alignments. Use -nt AUTO to determine best number of threads.
240  TVMe+R3       1248.714     17  2531.427     2532.697     2603.075
WARNING: Number of threads seems too high for short alignments. Use -nt AUTO to determine best number of threads.
248  TVM+F         1232.291     16  2496.583     2497.709     2564.017
WARNING: Number of threads seems too high for short alignments. Use -nt AUTO to determine best number of threads.
249  TVM+F+I       1232.291     17  2498.583     2499.852     2570.231
WARNING: Number of threads seems too high for short alignments. Use -nt AUTO to determine best number of threads.
250  TVM+F+G4      1232.292     17  2498.585     2499.855     2570.233
WARNING: Number of threads seems too high for short alignments. Use -nt AUTO to determine best number of threads.
251  TVM+F+I+G4    1233.303     18  2502.606     2504.028     2578.469
WARNING: Number of threads seems too high for short alignments. Use -nt AUTO to determine best number of threads.
252  TVM+F+R2      1232.311     18  2500.622     2502.044     2576.485
WARNING: Number of threads seems too high for short alignments. Use -nt AUTO to determine best number of threads.
253  TVM+F+R3      1232.297     20  2504.594     2506.347     2588.886
WARNING: Number of threads seems too high for short alignments. Use -nt AUTO to determine best number of threads.
261  SYM           1248.652     14  2525.305     2526.171     2584.309
WARNING: Number of threads seems too high for short alignments. Use -nt AUTO to determine best number of threads.
262  SYM+I         1248.652     15  2527.305     2528.296     2590.524
WARNING: Number of threads seems too high for short alignments. Use -nt AUTO to determine best number of threads.
263  SYM+G4        1248.653     15  2527.307     2528.299     2590.526
WARNING: Number of threads seems too high for short alignments. Use -nt AUTO to determine best number of threads.
264  SYM+I+G4      1249.650     16  2531.301     2532.427     2598.735
WARNING: Number of threads seems too high for short alignments. Use -nt AUTO to determine best number of threads.
265  SYM+R2        1248.669     16  2529.338     2530.464     2596.772
WARNING: Number of threads seems too high for short alignments. Use -nt AUTO to determine best number of threads.
266  SYM+R3        1248.657     18  2533.314     2534.736     2609.176
WARNING: Number of threads seems too high for short alignments. Use -nt AUTO to determine best number of threads.
274  GTR+F         1232.197     17  2498.394     2499.664     2570.042
WARNING: Number of threads seems too high for short alignments. Use -nt AUTO to determine best number of threads.
275  GTR+F+I       1232.197     18  2500.394     2501.816     2576.257
WARNING: Number of threads seems too high for short alignments. Use -nt AUTO to determine best number of threads.
276  GTR+F+G4      1232.198     18  2500.396     2501.818     2576.259
WARNING: Number of threads seems too high for short alignments. Use -nt AUTO to determine best number of threads.
277  GTR+F+I+G4    1233.167     19  2504.334     2505.918     2584.412
WARNING: Number of threads seems too high for short alignments. Use -nt AUTO to determine best number of threads.
278  GTR+F+R2      1232.212     19  2502.425     2504.008     2582.502
WARNING: Number of threads seems too high for short alignments. Use -nt AUTO to determine best number of threads.
279  GTR+F+R3      1232.201     21  2506.402     2508.335     2594.908
Akaike Information Criterion:           HKY+F
Corrected Akaike Information Criterion: HKY+F
Bayesian Information Criterion:         HKY+F
Best-fit model: HKY+F chosen according to BIC

All model information printed to examples/6taxon_1000genes_4cores//aln_seqs/1_seqgen396.nex.aln.model.gz
CPU time for ModelFinder: 2.765 seconds (0h:0m:2s)
Wall-clock time for ModelFinder: 161.571 seconds (0h:2m:41s)
Generating 1000 samples for ultrafast bootstrap (seed: 117324)...

NOTE: 0 MB RAM (0 GB) is required!
WARNING: Number of threads seems too high for short alignments. Use -nt AUTO to determine best number of threads.
Estimate model parameters (epsilon = 0.100)
1. Initial log-likelihood: -1262.920
2. Current log-likelihood: -1250.304
3. Current log-likelihood: -1248.793
4. Current log-likelihood: -1247.320
5. Current log-likelihood: -1245.744
6. Current log-likelihood: -1244.057
7. Current log-likelihood: -1242.259
8. Current log-likelihood: -1240.357
9. Current log-likelihood: -1238.386
10. Current log-likelihood: -1232.483
Optimal log-likelihood: -1232.466
Rate parameters:  A-C: 1.00000  A-G: 4.85055  A-T: 1.00000  C-G: 1.00000  C-T: 4.85055  G-T: 1.00000
Base frequencies:  A: 0.310  C: 0.195  G: 0.187  T: 0.308
Parameters optimization took 10 rounds (6.829 sec)
Computing ML distances based on estimated model parameters... 0.000 sec
Computing BIONJ tree...
0.204 seconds
Log-likelihood of BIONJ tree: -1232.466
--------------------------------------------------------------------
|             INITIALIZING CANDIDATE TREE SET                      |
--------------------------------------------------------------------
Generating 99 parsimony trees... 3.958 second
Computing log-likelihood of 6 initial trees ... 4.299 seconds
Current best score: -1232.466

Do NNI search on 7 best initial trees
Finish initializing candidate tree set (7)
Current best tree score: -1232.466 / CPU time: 28.472
Number of iterations: 7
--------------------------------------------------------------------
|               OPTIMIZING CANDIDATE TREE SET                      |
--------------------------------------------------------------------
Iteration 10 / LogL: -1232.476 / Time: 0h:0m:57s
Iteration 20 / LogL: -1232.477 / Time: 0h:1m:55s
Iteration 30 / LogL: -1232.466 / Time: 0h:2m:51s (0h:6m:50s left)
Iteration 40 / LogL: -1232.466 / Time: 0h:4m:2s (0h:6m:10s left)
Iteration 50 / LogL: -1232.466 / Time: 0h:5m:15s (0h:5m:20s left)
Log-likelihood cutoff on original alignment: -1263.585
Iteration 60 / LogL: -1232.466 / Time: 0h:6m:31s (0h:4m:24s left)
Iteration 70 / LogL: -1232.466 / Time: 0h:7m:46s (0h:3m:22s left)
Iteration 80 / LogL: -1232.466 / Time: 0h:8m:51s (0h:2m:14s left)
Iteration 90 / LogL: -1232.477 / Time: 0h:9m:56s (0h:1m:6s left)
Iteration 100 / LogL: -1239.605 / Time: 0h:11m:1s (0h:0m:0s left)
Log-likelihood cutoff on original alignment: -1263.595
NOTE: Bootstrap correlation coefficient of split occurrence frequencies: 1.000
TREE SEARCH COMPLETED AFTER 101 ITERATIONS / Time: 0h:11m:12s

--------------------------------------------------------------------
|                    FINALIZING TREE SEARCH                        |
--------------------------------------------------------------------
Performs final model parameters optimization
Estimate model parameters (epsilon = 0.010)
1. Initial log-likelihood: -1232.466
Optimal log-likelihood: -1232.466
Rate parameters:  A-C: 1.00000  A-G: 4.84922  A-T: 1.00000  C-G: 1.00000  C-T: 4.84922  G-T: 1.00000
Base frequencies:  A: 0.310  C: 0.195  G: 0.187  T: 0.308
Parameters optimization took 1 rounds (0.391 sec)
BEST SCORE FOUND : -1232.466
Creating bootstrap support values...
Split supports printed to NEXUS file examples/6taxon_1000genes_4cores//aln_seqs/1_seqgen396.nex.aln.splits.nex
Total tree length: 0.229

Total number of iterations: 101
CPU time used for tree search: 6.854 sec (0h:0m:6s)
Wall-clock time used for tree search: 661.753 sec (0h:11m:1s)
Total CPU time used: 7.037 sec (0h:0m:7s)
Total wall-clock time used: 677.438 sec (0h:11m:17s)

Computing bootstrap consensus tree...
Reading input file examples/6taxon_1000genes_4cores//aln_seqs/1_seqgen396.nex.aln.splits.nex...
6 taxa and 12 splits.
Consensus tree written to examples/6taxon_1000genes_4cores//aln_seqs/1_seqgen396.nex.aln.contree
Reading input trees file examples/6taxon_1000genes_4cores//aln_seqs/1_seqgen396.nex.aln.contree
Log-likelihood of consensus tree: -1232.466

Analysis results written to: 
  IQ-TREE report:                examples/6taxon_1000genes_4cores//aln_seqs/1_seqgen396.nex.aln.iqtree
  Maximum-likelihood tree:       examples/6taxon_1000genes_4cores//aln_seqs/1_seqgen396.nex.aln.treefile
  Likelihood distances:          examples/6taxon_1000genes_4cores//aln_seqs/1_seqgen396.nex.aln.mldist

Ultrafast bootstrap approximation results written to:
  Split support values:          examples/6taxon_1000genes_4cores//aln_seqs/1_seqgen396.nex.aln.splits.nex
  Consensus tree:                examples/6taxon_1000genes_4cores//aln_seqs/1_seqgen396.nex.aln.contree
  Screen log file:               examples/6taxon_1000genes_4cores//aln_seqs/1_seqgen396.nex.aln.log

Date and Time: Wed Feb 20 19:13:20 2019
