IQ-TREE multicore version 1.6.8 for Linux 64-bit built Oct 28 2018
Developed by Bui Quang Minh, Nguyen Lam Tung, Olga Chernomor,
Heiko Schmidt, Dominik Schrempf, Michael Woodhams.

Host:    sango10410.oist.jp (AVX2, FMA3, 125 GB RAM)
Command: iqtree -s examples/6taxon_1000genes_4cores//aln_seqs/1_seqgen561.nex.aln -bb 1000 -redo -nt 3 -m MFP
Seed:    690110 (Using SPRNG - Scalable Parallel Random Number Generator)
Time:    Wed Feb 20 19:03:40 2019
Kernel:  AVX+FMA - 3 threads (48 CPU cores detected)

Reading alignment file examples/6taxon_1000genes_4cores//aln_seqs/1_seqgen561.nex.aln ... Fasta format detected
Alignment most likely contains DNA/RNA sequences
Alignment has 6 sequences with 500 columns, 64 distinct patterns
38 parsimony-informative, 64 singleton sites, 398 constant sites
   Gap/Ambiguity  Composition  p-value
   1  F    0.00%    passed     74.05%
   2  A    0.00%    passed     98.40%
   3  B    0.00%    passed     99.58%
   4  C    0.00%    passed     99.46%
   5  D    0.00%    passed     90.96%
   6  E    0.00%    passed     98.50%
****  TOTAL    0.00%  0 sequences failed composition chi2 test (p-value<5%; df=3)


Create initial parsimony tree by phylogenetic likelihood library (PLL)... 0.000 seconds
NOTE: ModelFinder requires 0 MB RAM!
ModelFinder will test 286 DNA models (sample size: 500) ...
 No. Model         -LnL         df  AIC          AICc         BIC
WARNING: Number of threads seems too high for short alignments. Use -nt AUTO to determine best number of threads.
  1  JC            1331.053     9   2680.106     2680.473     2718.037
WARNING: Number of threads seems too high for short alignments. Use -nt AUTO to determine best number of threads.
  2  JC+I          1330.348     10  2680.696     2681.146     2722.842
WARNING: Number of threads seems too high for short alignments. Use -nt AUTO to determine best number of threads.
  3  JC+G4         1330.509     10  2681.019     2681.468     2723.165
WARNING: Number of threads seems too high for short alignments. Use -nt AUTO to determine best number of threads.
  4  JC+I+G4       1330.668     11  2683.336     2683.877     2729.697
WARNING: Number of threads seems too high for short alignments. Use -nt AUTO to determine best number of threads.
  5  JC+R2         1330.477     11  2682.954     2683.495     2729.314
WARNING: Number of threads seems too high for short alignments. Use -nt AUTO to determine best number of threads.
  6  JC+R3         1330.469     13  2686.938     2687.687     2741.728
WARNING: Number of threads seems too high for short alignments. Use -nt AUTO to determine best number of threads.
 14  F81+F         1312.085     12  2648.171     2648.812     2698.746
WARNING: Number of threads seems too high for short alignments. Use -nt AUTO to determine best number of threads.
 15  F81+F+I       1311.374     13  2648.747     2649.496     2703.537
WARNING: Number of threads seems too high for short alignments. Use -nt AUTO to determine best number of threads.
 16  F81+F+G4      1311.539     13  2649.078     2649.827     2703.868
WARNING: Number of threads seems too high for short alignments. Use -nt AUTO to determine best number of threads.
 17  F81+F+I+G4    1311.676     14  2651.352     2652.218     2710.357
WARNING: Number of threads seems too high for short alignments. Use -nt AUTO to determine best number of threads.
 18  F81+F+R2      1311.499     14  2650.998     2651.864     2710.003
WARNING: Number of threads seems too high for short alignments. Use -nt AUTO to determine best number of threads.
 19  F81+F+R3      1311.492     16  2654.984     2656.110     2722.418
WARNING: Number of threads seems too high for short alignments. Use -nt AUTO to determine best number of threads.
 27  K2P           1305.046     10  2630.093     2630.543     2672.239
WARNING: Number of threads seems too high for short alignments. Use -nt AUTO to determine best number of threads.
 28  K2P+I         1304.076     11  2630.153     2630.694     2676.513
WARNING: Number of threads seems too high for short alignments. Use -nt AUTO to determine best number of threads.
 29  K2P+G4        1304.220     11  2630.440     2630.981     2676.800
WARNING: Number of threads seems too high for short alignments. Use -nt AUTO to determine best number of threads.
 30  K2P+I+G4      1304.216     12  2632.433     2633.073     2683.008
WARNING: Number of threads seems too high for short alignments. Use -nt AUTO to determine best number of threads.
 31  K2P+R2        1304.162     12  2632.325     2632.966     2682.900
WARNING: Number of threads seems too high for short alignments. Use -nt AUTO to determine best number of threads.
 32  K2P+R3        1304.162     14  2636.323     2637.189     2695.328
WARNING: Number of threads seems too high for short alignments. Use -nt AUTO to determine best number of threads.
 40  HKY+F         1284.128     13  2594.257     2595.006     2649.047
WARNING: Number of threads seems too high for short alignments. Use -nt AUTO to determine best number of threads.
 41  HKY+F+I       1283.156     14  2594.312     2595.178     2653.317
WARNING: Number of threads seems too high for short alignments. Use -nt AUTO to determine best number of threads.
 42  HKY+F+G4      1283.255     14  2594.511     2595.377     2653.515
WARNING: Number of threads seems too high for short alignments. Use -nt AUTO to determine best number of threads.
 43  HKY+F+I+G4    1283.299     15  2596.598     2597.589     2659.817
WARNING: Number of threads seems too high for short alignments. Use -nt AUTO to determine best number of threads.
 44  HKY+F+R2      1283.215     15  2596.429     2597.421     2659.648
WARNING: Number of threads seems too high for short alignments. Use -nt AUTO to determine best number of threads.
 45  HKY+F+R3      1283.214     17  2600.428     2601.697     2672.076
WARNING: Number of threads seems too high for short alignments. Use -nt AUTO to determine best number of threads.
 53  TNe           1304.583     11  2631.167     2631.708     2677.528
WARNING: Number of threads seems too high for short alignments. Use -nt AUTO to determine best number of threads.
 54  TNe+I         1303.641     12  2631.281     2631.922     2681.857
WARNING: Number of threads seems too high for short alignments. Use -nt AUTO to determine best number of threads.
 55  TNe+G4        1303.744     12  2631.488     2632.128     2682.063
WARNING: Number of threads seems too high for short alignments. Use -nt AUTO to determine best number of threads.
 56  TNe+I+G4      1303.780     13  2633.559     2634.308     2688.349
WARNING: Number of threads seems too high for short alignments. Use -nt AUTO to determine best number of threads.
 57  TNe+R2        1303.701     13  2633.402     2634.151     2688.192
WARNING: Number of threads seems too high for short alignments. Use -nt AUTO to determine best number of threads.
 58  TNe+R3        1303.701     15  2637.401     2638.393     2700.621
WARNING: Number of threads seems too high for short alignments. Use -nt AUTO to determine best number of threads.
 66  TN+F          1284.120     14  2596.241     2597.107     2655.245
WARNING: Number of threads seems too high for short alignments. Use -nt AUTO to determine best number of threads.
 67  TN+F+I        1283.154     15  2596.307     2597.299     2659.526
WARNING: Number of threads seems too high for short alignments. Use -nt AUTO to determine best number of threads.
 68  TN+F+G4       1283.248     15  2596.497     2597.488     2659.716
WARNING: Number of threads seems too high for short alignments. Use -nt AUTO to determine best number of threads.
 69  TN+F+I+G4     1283.284     16  2598.568     2599.694     2666.001
WARNING: Number of threads seems too high for short alignments. Use -nt AUTO to determine best number of threads.
 70  TN+F+R2       1283.209     16  2598.417     2599.544     2665.851
WARNING: Number of threads seems too high for short alignments. Use -nt AUTO to determine best number of threads.
 71  TN+F+R3       1283.208     18  2602.416     2603.838     2678.279
WARNING: Number of threads seems too high for short alignments. Use -nt AUTO to determine best number of threads.
 79  K3P           1305.028     11  2632.055     2632.596     2678.416
WARNING: Number of threads seems too high for short alignments. Use -nt AUTO to determine best number of threads.
 80  K3P+I         1304.056     12  2632.111     2632.752     2682.686
WARNING: Number of threads seems too high for short alignments. Use -nt AUTO to determine best number of threads.
 81  K3P+G4        1304.199     12  2632.398     2633.038     2682.973
WARNING: Number of threads seems too high for short alignments. Use -nt AUTO to determine best number of threads.
 82  K3P+I+G4      1304.170     13  2634.339     2635.088     2689.129
WARNING: Number of threads seems too high for short alignments. Use -nt AUTO to determine best number of threads.
 83  K3P+R2        1304.140     13  2634.280     2635.029     2689.070
WARNING: Number of threads seems too high for short alignments. Use -nt AUTO to determine best number of threads.
 84  K3P+R3        1304.139     15  2638.279     2639.270     2701.498
WARNING: Number of threads seems too high for short alignments. Use -nt AUTO to determine best number of threads.
 92  K3Pu+F        1284.112     14  2596.224     2597.090     2655.228
WARNING: Number of threads seems too high for short alignments. Use -nt AUTO to determine best number of threads.
 93  K3Pu+F+I      1283.141     15  2596.282     2597.274     2659.501
WARNING: Number of threads seems too high for short alignments. Use -nt AUTO to determine best number of threads.
 94  K3Pu+F+G4     1283.241     15  2596.481     2597.473     2659.700
WARNING: Number of threads seems too high for short alignments. Use -nt AUTO to determine best number of threads.
 95  K3Pu+F+I+G4   1283.259     16  2598.519     2599.645     2665.952
WARNING: Number of threads seems too high for short alignments. Use -nt AUTO to determine best number of threads.
 96  K3Pu+F+R2     1283.199     16  2598.397     2599.523     2665.831
WARNING: Number of threads seems too high for short alignments. Use -nt AUTO to determine best number of threads.
 97  K3Pu+F+R3     1283.198     18  2602.396     2603.818     2678.259
WARNING: Number of threads seems too high for short alignments. Use -nt AUTO to determine best number of threads.
105  TPM2+F        1284.126     14  2596.253     2597.119     2655.257
WARNING: Number of threads seems too high for short alignments. Use -nt AUTO to determine best number of threads.
106  TPM2+F+I      1283.152     15  2596.304     2597.295     2659.523
WARNING: Number of threads seems too high for short alignments. Use -nt AUTO to determine best number of threads.
107  TPM2+F+G4     1283.252     15  2596.504     2597.496     2659.723
WARNING: Number of threads seems too high for short alignments. Use -nt AUTO to determine best number of threads.
108  TPM2+F+I+G4   1283.261     16  2598.522     2599.649     2665.956
WARNING: Number of threads seems too high for short alignments. Use -nt AUTO to determine best number of threads.
109  TPM2+F+R2     1283.210     16  2598.420     2599.546     2665.853
WARNING: Number of threads seems too high for short alignments. Use -nt AUTO to determine best number of threads.
110  TPM2+F+R3     1283.208     18  2602.417     2603.839     2678.280
WARNING: Number of threads seems too high for short alignments. Use -nt AUTO to determine best number of threads.
118  TPM2u+F       1284.127     14  2596.254     2597.120     2655.258
WARNING: Number of threads seems too high for short alignments. Use -nt AUTO to determine best number of threads.
119  TPM2u+F+I     1283.152     15  2596.303     2597.295     2659.523
WARNING: Number of threads seems too high for short alignments. Use -nt AUTO to determine best number of threads.
120  TPM2u+F+G4    1283.252     15  2596.504     2597.496     2659.723
WARNING: Number of threads seems too high for short alignments. Use -nt AUTO to determine best number of threads.
121  TPM2u+F+I+G4  1283.256     16  2598.512     2599.638     2665.946
WARNING: Number of threads seems too high for short alignments. Use -nt AUTO to determine best number of threads.
122  TPM2u+F+R2    1283.209     16  2598.418     2599.545     2665.852
WARNING: Number of threads seems too high for short alignments. Use -nt AUTO to determine best number of threads.
123  TPM2u+F+R3    1283.208     18  2602.417     2603.839     2678.280
WARNING: Number of threads seems too high for short alignments. Use -nt AUTO to determine best number of threads.
131  TPM3+F        1283.952     14  2595.904     2596.770     2654.909
WARNING: Number of threads seems too high for short alignments. Use -nt AUTO to determine best number of threads.
132  TPM3+F+I      1283.013     15  2596.026     2597.018     2659.245
WARNING: Number of threads seems too high for short alignments. Use -nt AUTO to determine best number of threads.
133  TPM3+F+G4     1283.110     15  2596.220     2597.212     2659.439
WARNING: Number of threads seems too high for short alignments. Use -nt AUTO to determine best number of threads.
134  TPM3+F+I+G4   1283.125     16  2598.249     2599.376     2665.683
WARNING: Number of threads seems too high for short alignments. Use -nt AUTO to determine best number of threads.
135  TPM3+F+R2     1283.069     16  2598.139     2599.265     2665.572
WARNING: Number of threads seems too high for short alignments. Use -nt AUTO to determine best number of threads.
136  TPM3+F+R3     1283.069     18  2602.137     2603.559     2678.000
WARNING: Number of threads seems too high for short alignments. Use -nt AUTO to determine best number of threads.
144  TPM3u+F       1283.952     14  2595.904     2596.770     2654.909
WARNING: Number of threads seems too high for short alignments. Use -nt AUTO to determine best number of threads.
145  TPM3u+F+I     1283.013     15  2596.026     2597.018     2659.245
WARNING: Number of threads seems too high for short alignments. Use -nt AUTO to determine best number of threads.
146  TPM3u+F+G4    1283.110     15  2596.220     2597.212     2659.439
WARNING: Number of threads seems too high for short alignments. Use -nt AUTO to determine best number of threads.
147  TPM3u+F+I+G4  1283.120     16  2598.239     2599.365     2665.673
WARNING: Number of threads seems too high for short alignments. Use -nt AUTO to determine best number of threads.
148  TPM3u+F+R2    1283.069     16  2598.139     2599.265     2665.572
WARNING: Number of threads seems too high for short alignments. Use -nt AUTO to determine best number of threads.
149  TPM3u+F+R3    1283.069     18  2602.137     2603.559     2678.000
WARNING: Number of threads seems too high for short alignments. Use -nt AUTO to determine best number of threads.
157  TIMe          1304.565     12  2633.129     2633.770     2683.705
WARNING: Number of threads seems too high for short alignments. Use -nt AUTO to determine best number of threads.
158  TIMe+I        1303.621     13  2633.242     2633.991     2688.032
WARNING: Number of threads seems too high for short alignments. Use -nt AUTO to determine best number of threads.
159  TIMe+G4       1303.725     13  2633.449     2634.198     2688.239
WARNING: Number of threads seems too high for short alignments. Use -nt AUTO to determine best number of threads.
160  TIMe+I+G4     1303.714     14  2635.428     2636.294     2694.433
WARNING: Number of threads seems too high for short alignments. Use -nt AUTO to determine best number of threads.
161  TIMe+R2       1303.680     14  2635.360     2636.226     2694.364
WARNING: Number of threads seems too high for short alignments. Use -nt AUTO to determine best number of threads.
162  TIMe+R3       1303.679     16  2639.358     2640.484     2706.792
WARNING: Number of threads seems too high for short alignments. Use -nt AUTO to determine best number of threads.
170  TIM+F         1284.104     15  2598.208     2599.200     2661.427
WARNING: Number of threads seems too high for short alignments. Use -nt AUTO to determine best number of threads.
171  TIM+F+I       1283.138     16  2598.277     2599.403     2665.711
WARNING: Number of threads seems too high for short alignments. Use -nt AUTO to determine best number of threads.
172  TIM+F+G4      1283.233     16  2598.466     2599.593     2665.900
WARNING: Number of threads seems too high for short alignments. Use -nt AUTO to determine best number of threads.
173  TIM+F+I+G4    1283.228     17  2600.456     2601.726     2672.104
WARNING: Number of threads seems too high for short alignments. Use -nt AUTO to determine best number of threads.
174  TIM+F+R2      1283.192     17  2600.385     2601.654     2672.033
WARNING: Number of threads seems too high for short alignments. Use -nt AUTO to determine best number of threads.
175  TIM+F+R3      1283.192     19  2604.383     2605.967     2684.461
WARNING: Number of threads seems too high for short alignments. Use -nt AUTO to determine best number of threads.
183  TIM2e         1304.355     12  2632.709     2633.350     2683.285
WARNING: Number of threads seems too high for short alignments. Use -nt AUTO to determine best number of threads.
184  TIM2e+I       1303.351     13  2632.702     2633.451     2687.492
WARNING: Number of threads seems too high for short alignments. Use -nt AUTO to determine best number of threads.
185  TIM2e+G4      1303.457     13  2632.914     2633.663     2687.704
WARNING: Number of threads seems too high for short alignments. Use -nt AUTO to determine best number of threads.
186  TIM2e+I+G4    1303.419     14  2634.838     2635.704     2693.842
WARNING: Number of threads seems too high for short alignments. Use -nt AUTO to determine best number of threads.
187  TIM2e+R2      1303.411     14  2634.822     2635.688     2693.827
WARNING: Number of threads seems too high for short alignments. Use -nt AUTO to determine best number of threads.
188  TIM2e+R3      1303.410     16  2638.820     2639.947     2706.254
WARNING: Number of threads seems too high for short alignments. Use -nt AUTO to determine best number of threads.
196  TIM2+F        1284.119     15  2598.238     2599.230     2661.457
WARNING: Number of threads seems too high for short alignments. Use -nt AUTO to determine best number of threads.
197  TIM2+F+I      1283.149     16  2598.298     2599.425     2665.732
WARNING: Number of threads seems too high for short alignments. Use -nt AUTO to determine best number of threads.
198  TIM2+F+G4     1283.244     16  2598.489     2599.615     2665.922
WARNING: Number of threads seems too high for short alignments. Use -nt AUTO to determine best number of threads.
199  TIM2+F+I+G4   1283.230     17  2600.459     2601.729     2672.107
WARNING: Number of threads seems too high for short alignments. Use -nt AUTO to determine best number of threads.
200  TIM2+F+R2     1283.203     17  2600.407     2601.676     2672.055
WARNING: Number of threads seems too high for short alignments. Use -nt AUTO to determine best number of threads.
201  TIM2+F+R3     1283.202     19  2604.405     2605.988     2684.482
WARNING: Number of threads seems too high for short alignments. Use -nt AUTO to determine best number of threads.
209  TIM3e         1303.400     12  2630.801     2631.441     2681.376
WARNING: Number of threads seems too high for short alignments. Use -nt AUTO to determine best number of threads.
210  TIM3e+I       1302.462     13  2630.924     2631.673     2685.714
WARNING: Number of threads seems too high for short alignments. Use -nt AUTO to determine best number of threads.
211  TIM3e+G4      1302.567     13  2631.134     2631.883     2685.923
WARNING: Number of threads seems too high for short alignments. Use -nt AUTO to determine best number of threads.
212  TIM3e+I+G4    1302.544     14  2633.089     2633.955     2692.093
WARNING: Number of threads seems too high for short alignments. Use -nt AUTO to determine best number of threads.
213  TIM3e+R2      1302.522     14  2633.045     2633.911     2692.049
WARNING: Number of threads seems too high for short alignments. Use -nt AUTO to determine best number of threads.
214  TIM3e+R3      1302.522     16  2637.043     2638.170     2704.477
WARNING: Number of threads seems too high for short alignments. Use -nt AUTO to determine best number of threads.
222  TIM3+F        1283.944     15  2597.888     2598.880     2661.107
WARNING: Number of threads seems too high for short alignments. Use -nt AUTO to determine best number of threads.
223  TIM3+F+I      1283.010     16  2598.020     2599.146     2665.454
WARNING: Number of threads seems too high for short alignments. Use -nt AUTO to determine best number of threads.
224  TIM3+F+G4     1283.102     16  2598.205     2599.331     2665.639
WARNING: Number of threads seems too high for short alignments. Use -nt AUTO to determine best number of threads.
225  TIM3+F+I+G4   1283.093     17  2600.186     2601.456     2671.835
WARNING: Number of threads seems too high for short alignments. Use -nt AUTO to determine best number of threads.
226  TIM3+F+R2     1283.063     17  2600.126     2601.396     2671.774
WARNING: Number of threads seems too high for short alignments. Use -nt AUTO to determine best number of threads.
227  TIM3+F+R3     1283.062     19  2604.124     2605.708     2684.202
WARNING: Number of threads seems too high for short alignments. Use -nt AUTO to determine best number of threads.
235  TVMe          1303.586     13  2633.172     2633.921     2687.962
WARNING: Number of threads seems too high for short alignments. Use -nt AUTO to determine best number of threads.
236  TVMe+I        1302.560     14  2633.119     2633.985     2692.124
WARNING: Number of threads seems too high for short alignments. Use -nt AUTO to determine best number of threads.
237  TVMe+G4       1302.705     14  2633.409     2634.275     2692.414
WARNING: Number of threads seems too high for short alignments. Use -nt AUTO to determine best number of threads.
238  TVMe+I+G4     1302.607     15  2635.215     2636.207     2698.434
WARNING: Number of threads seems too high for short alignments. Use -nt AUTO to determine best number of threads.
239  TVMe+R2       1302.642     15  2635.284     2636.275     2698.503
WARNING: Number of threads seems too high for short alignments. Use -nt AUTO to determine best number of threads.
240  TVMe+R3       1302.640     17  2639.280     2640.550     2710.929
WARNING: Number of threads seems too high for short alignments. Use -nt AUTO to determine best number of threads.
248  TVM+F         1283.885     16  2599.770     2600.896     2667.204
WARNING: Number of threads seems too high for short alignments. Use -nt AUTO to determine best number of threads.
249  TVM+F+I       1282.949     17  2599.898     2601.168     2671.547
WARNING: Number of threads seems too high for short alignments. Use -nt AUTO to determine best number of threads.
250  TVM+F+G4      1283.045     17  2600.090     2601.360     2671.738
WARNING: Number of threads seems too high for short alignments. Use -nt AUTO to determine best number of threads.
251  TVM+F+I+G4    1283.023     18  2602.046     2603.468     2677.909
WARNING: Number of threads seems too high for short alignments. Use -nt AUTO to determine best number of threads.
252  TVM+F+R2      1283.003     18  2602.006     2603.428     2677.869
WARNING: Number of threads seems too high for short alignments. Use -nt AUTO to determine best number of threads.
253  TVM+F+R3      1283.002     20  2606.004     2607.758     2690.296
WARNING: Number of threads seems too high for short alignments. Use -nt AUTO to determine best number of threads.
261  SYM           1303.117     14  2634.234     2635.100     2693.238
WARNING: Number of threads seems too high for short alignments. Use -nt AUTO to determine best number of threads.
262  SYM+I         1302.121     15  2634.241     2635.233     2697.460
WARNING: Number of threads seems too high for short alignments. Use -nt AUTO to determine best number of threads.
263  SYM+G4        1302.227     15  2634.455     2635.447     2697.674
WARNING: Number of threads seems too high for short alignments. Use -nt AUTO to determine best number of threads.
264  SYM+I+G4      1302.174     16  2636.347     2637.474     2703.781
WARNING: Number of threads seems too high for short alignments. Use -nt AUTO to determine best number of threads.
265  SYM+R2        1302.181     16  2636.361     2637.487     2703.795
WARNING: Number of threads seems too high for short alignments. Use -nt AUTO to determine best number of threads.
266  SYM+R3        1302.179     18  2640.359     2641.781     2716.222
WARNING: Number of threads seems too high for short alignments. Use -nt AUTO to determine best number of threads.
274  GTR+F         1283.878     17  2601.755     2603.025     2673.403
WARNING: Number of threads seems too high for short alignments. Use -nt AUTO to determine best number of threads.
275  GTR+F+I       1282.945     18  2601.890     2603.312     2677.753
WARNING: Number of threads seems too high for short alignments. Use -nt AUTO to determine best number of threads.
276  GTR+F+G4      1283.038     18  2602.075     2603.498     2677.938
WARNING: Number of threads seems too high for short alignments. Use -nt AUTO to determine best number of threads.
277  GTR+F+I+G4    1283.016     19  2604.033     2605.616     2684.110
WARNING: Number of threads seems too high for short alignments. Use -nt AUTO to determine best number of threads.
278  GTR+F+R2      1282.998     19  2603.995     2605.578     2684.073
WARNING: Number of threads seems too high for short alignments. Use -nt AUTO to determine best number of threads.
279  GTR+F+R3      1282.996     21  2607.993     2609.926     2696.500
Akaike Information Criterion:           HKY+F
Corrected Akaike Information Criterion: HKY+F
Bayesian Information Criterion:         HKY+F
Best-fit model: HKY+F chosen according to BIC

All model information printed to examples/6taxon_1000genes_4cores//aln_seqs/1_seqgen561.nex.aln.model.gz
CPU time for ModelFinder: 3.631 seconds (0h:0m:3s)
Wall-clock time for ModelFinder: 355.101 seconds (0h:5m:55s)
Generating 1000 samples for ultrafast bootstrap (seed: 690110)...

NOTE: 0 MB RAM (0 GB) is required!
WARNING: Number of threads seems too high for short alignments. Use -nt AUTO to determine best number of threads.
Estimate model parameters (epsilon = 0.100)
1. Initial log-likelihood: -1312.109
2. Current log-likelihood: -1307.381
3. Current log-likelihood: -1305.268
4. Current log-likelihood: -1303.041
5. Current log-likelihood: -1300.593
6. Current log-likelihood: -1297.893
7. Current log-likelihood: -1294.926
8. Current log-likelihood: -1291.724
9. Current log-likelihood: -1284.138
Optimal log-likelihood: -1284.128
Rate parameters:  A-C: 1.00000  A-G: 4.24748  A-T: 1.00000  C-G: 1.00000  C-T: 4.24748  G-T: 1.00000
Base frequencies:  A: 0.328  C: 0.166  G: 0.212  T: 0.294
Parameters optimization took 9 rounds (15.990 sec)
Computing ML distances based on estimated model parameters... 0.009 sec
Computing BIONJ tree...
0.015 seconds
Log-likelihood of BIONJ tree: -1284.128
--------------------------------------------------------------------
|             INITIALIZING CANDIDATE TREE SET                      |
--------------------------------------------------------------------
Generating 99 parsimony trees... 5.809 second
Computing log-likelihood of 6 initial trees ... 4.841 seconds
Current best score: -1284.128

Do NNI search on 7 best initial trees
Finish initializing candidate tree set (7)
Current best tree score: -1284.128 / CPU time: 45.593
Number of iterations: 7
--------------------------------------------------------------------
|               OPTIMIZING CANDIDATE TREE SET                      |
--------------------------------------------------------------------
Iteration 10 / LogL: -1284.156 / Time: 0h:1m:27s
Iteration 20 / LogL: -1284.134 / Time: 0h:2m:47s
UPDATE BEST LOG-LIKELIHOOD: -1284.128
Iteration 30 / LogL: -1284.128 / Time: 0h:3m:44s (0h:9m:2s left)
Iteration 40 / LogL: -1284.129 / Time: 0h:4m:43s (0h:7m:15s left)
Iteration 50 / LogL: -1284.129 / Time: 0h:5m:46s (0h:5m:53s left)
Log-likelihood cutoff on original alignment: -1312.316
Iteration 60 / LogL: -1284.129 / Time: 0h:6m:47s (0h:4m:36s left)
Iteration 70 / LogL: -1284.145 / Time: 0h:7m:30s (0h:3m:15s left)
Iteration 80 / LogL: -1284.134 / Time: 0h:8m:10s (0h:2m:4s left)
Iteration 90 / LogL: -1284.128 / Time: 0h:8m:48s (0h:0m:59s left)
Iteration 100 / LogL: -1284.129 / Time: 0h:9m:22s (0h:0m:0s left)
Log-likelihood cutoff on original alignment: -1312.316
NOTE: Bootstrap correlation coefficient of split occurrence frequencies: 1.000
TREE SEARCH COMPLETED AFTER 101 ITERATIONS / Time: 0h:9m:30s

--------------------------------------------------------------------
|                    FINALIZING TREE SEARCH                        |
--------------------------------------------------------------------
Performs final model parameters optimization
Estimate model parameters (epsilon = 0.010)
1. Initial log-likelihood: -1284.128
Optimal log-likelihood: -1284.128
Rate parameters:  A-C: 1.00000  A-G: 4.25374  A-T: 1.00000  C-G: 1.00000  C-T: 4.25374  G-T: 1.00000
Base frequencies:  A: 0.328  C: 0.166  G: 0.212  T: 0.294
Parameters optimization took 1 rounds (0.238 sec)
BEST SCORE FOUND : -1284.128
Creating bootstrap support values...
Split supports printed to NEXUS file examples/6taxon_1000genes_4cores//aln_seqs/1_seqgen561.nex.aln.splits.nex
Total tree length: 0.241

Total number of iterations: 101
CPU time used for tree search: 6.443 sec (0h:0m:6s)
Wall-clock time used for tree search: 548.574 sec (0h:9m:8s)
Total CPU time used: 6.708 sec (0h:0m:6s)
Total wall-clock time used: 573.541 sec (0h:9m:33s)

Computing bootstrap consensus tree...
Reading input file examples/6taxon_1000genes_4cores//aln_seqs/1_seqgen561.nex.aln.splits.nex...
6 taxa and 13 splits.
Consensus tree written to examples/6taxon_1000genes_4cores//aln_seqs/1_seqgen561.nex.aln.contree
Reading input trees file examples/6taxon_1000genes_4cores//aln_seqs/1_seqgen561.nex.aln.contree
Log-likelihood of consensus tree: -1284.128

Analysis results written to: 
  IQ-TREE report:                examples/6taxon_1000genes_4cores//aln_seqs/1_seqgen561.nex.aln.iqtree
  Maximum-likelihood tree:       examples/6taxon_1000genes_4cores//aln_seqs/1_seqgen561.nex.aln.treefile
  Likelihood distances:          examples/6taxon_1000genes_4cores//aln_seqs/1_seqgen561.nex.aln.mldist

Ultrafast bootstrap approximation results written to:
  Split support values:          examples/6taxon_1000genes_4cores//aln_seqs/1_seqgen561.nex.aln.splits.nex
  Consensus tree:                examples/6taxon_1000genes_4cores//aln_seqs/1_seqgen561.nex.aln.contree
  Screen log file:               examples/6taxon_1000genes_4cores//aln_seqs/1_seqgen561.nex.aln.log

Date and Time: Wed Feb 20 19:19:16 2019
