IQ-TREE multicore version 1.6.8 for Linux 64-bit built Oct 28 2018
Developed by Bui Quang Minh, Nguyen Lam Tung, Olga Chernomor,
Heiko Schmidt, Dominik Schrempf, Michael Woodhams.

Host:    sango10520.oist.jp (AVX2, FMA3, 125 GB RAM)
Command: iqtree -s examples/15taxon_300genes_4cores//aln_seqs/1_seqgen295.nex.aln -bb 1000 -redo -nt 3 -m MFP
Seed:    988743 (Using SPRNG - Scalable Parallel Random Number Generator)
Time:    Mon Feb 18 10:10:40 2019
Kernel:  AVX+FMA - 3 threads (24 CPU cores detected)

Reading alignment file examples/15taxon_300genes_4cores//aln_seqs/1_seqgen295.nex.aln ... Fasta format detected
Alignment most likely contains DNA/RNA sequences
Alignment has 15 sequences with 500 columns, 204 distinct patterns
112 parsimony-informative, 171 singleton sites, 217 constant sites
    Gap/Ambiguity  Composition  p-value
   1  A     0.00%    passed     55.87%
   2  A5    0.00%    passed     91.57%
   3  F     0.00%    passed     90.74%
   4  B     0.00%    passed     95.35%
   5  C     0.00%    passed     72.06%
   6  D     0.00%    passed     78.04%
   7  E     0.00%    passed     78.64%
   8  A4    0.00%    passed     98.56%
   9  H     0.00%    passed     91.23%
  10  G     0.00%    passed     98.04%
  11  I     0.00%    passed     98.48%
  12  A0    0.00%    passed     81.94%
  13  A1    0.00%    passed     72.01%
  14  A2    0.00%    passed     85.00%
  15  A3    0.00%    passed     93.26%
****  TOTAL    0.00%  0 sequences failed composition chi2 test (p-value<5%; df=3)


Create initial parsimony tree by phylogenetic likelihood library (PLL)... 0.000 seconds
NOTE: ModelFinder requires 1 MB RAM!
ModelFinder will test 286 DNA models (sample size: 500) ...
 No. Model         -LnL         df  AIC          AICc         BIC
WARNING: Number of threads seems too high for short alignments. Use -nt AUTO to determine best number of threads.
  1  JC            2773.619     27  5601.239     5604.442     5715.033
WARNING: Number of threads seems too high for short alignments. Use -nt AUTO to determine best number of threads.
  2  JC+I          2773.619     28  5603.239     5606.687     5721.248
WARNING: Number of threads seems too high for short alignments. Use -nt AUTO to determine best number of threads.
  3  JC+G4         2773.608     28  5603.215     5606.663     5721.224
WARNING: Number of threads seems too high for short alignments. Use -nt AUTO to determine best number of threads.
  4  JC+I+G4       2774.570     29  5607.141     5610.843     5729.364
WARNING: Number of threads seems too high for short alignments. Use -nt AUTO to determine best number of threads.
  5  JC+R2         2773.820     29  5605.640     5609.342     5727.864
WARNING: Number of threads seems too high for short alignments. Use -nt AUTO to determine best number of threads.
  6  JC+R3         2773.759     31  5609.518     5613.757     5740.171
WARNING: Number of threads seems too high for short alignments. Use -nt AUTO to determine best number of threads.
 14  F81+F         2749.905     30  5559.810     5563.776     5686.248
WARNING: Number of threads seems too high for short alignments. Use -nt AUTO to determine best number of threads.
 15  F81+F+I       2749.905     31  5561.810     5566.050     5692.463
WARNING: Number of threads seems too high for short alignments. Use -nt AUTO to determine best number of threads.
 16  F81+F+G4      2749.906     31  5561.812     5566.051     5692.465
WARNING: Number of threads seems too high for short alignments. Use -nt AUTO to determine best number of threads.
 17  F81+F+I+G4    2751.016     32  5566.032     5570.555     5700.900
WARNING: Number of threads seems too high for short alignments. Use -nt AUTO to determine best number of threads.
 18  F81+F+R2      2750.111     32  5564.222     5568.745     5699.090
WARNING: Number of threads seems too high for short alignments. Use -nt AUTO to determine best number of threads.
 19  F81+F+R3      2750.043     34  5568.087     5573.205     5711.383
WARNING: Number of threads seems too high for short alignments. Use -nt AUTO to determine best number of threads.
 27  K2P           2688.799     28  5433.597     5437.045     5551.606
WARNING: Number of threads seems too high for short alignments. Use -nt AUTO to determine best number of threads.
 28  K2P+I         2688.799     29  5435.597     5439.299     5557.821
WARNING: Number of threads seems too high for short alignments. Use -nt AUTO to determine best number of threads.
 29  K2P+G4        2688.757     29  5435.513     5439.215     5557.737
WARNING: Number of threads seems too high for short alignments. Use -nt AUTO to determine best number of threads.
 30  K2P+I+G4      2689.422     30  5438.843     5442.809     5565.282
WARNING: Number of threads seems too high for short alignments. Use -nt AUTO to determine best number of threads.
 31  K2P+R2        2688.791     30  5437.583     5441.549     5564.021
WARNING: Number of threads seems too high for short alignments. Use -nt AUTO to determine best number of threads.
 32  K2P+R3        2688.773     32  5441.545     5446.068     5576.413
WARNING: Number of threads seems too high for short alignments. Use -nt AUTO to determine best number of threads.
 40  HKY+F         2656.707     31  5375.414     5379.653     5506.067
WARNING: Number of threads seems too high for short alignments. Use -nt AUTO to determine best number of threads.
 41  HKY+F+I       2656.707     32  5377.414     5381.936     5512.281
WARNING: Number of threads seems too high for short alignments. Use -nt AUTO to determine best number of threads.
 42  HKY+F+G4      2656.708     32  5377.417     5381.939     5512.284
WARNING: Number of threads seems too high for short alignments. Use -nt AUTO to determine best number of threads.
 43  HKY+F+I+G4    2657.757     33  5381.514     5386.330     5520.596
WARNING: Number of threads seems too high for short alignments. Use -nt AUTO to determine best number of threads.
 44  HKY+F+R2      2656.881     33  5379.762     5384.577     5518.844
WARNING: Number of threads seems too high for short alignments. Use -nt AUTO to determine best number of threads.
 45  HKY+F+R3      2656.822     35  5383.644     5389.075     5531.155
WARNING: Number of threads seems too high for short alignments. Use -nt AUTO to determine best number of threads.
 53  TNe           2686.329     29  5430.657     5434.360     5552.881
WARNING: Number of threads seems too high for short alignments. Use -nt AUTO to determine best number of threads.
 54  TNe+I         2686.329     30  5432.657     5436.623     5559.096
WARNING: Number of threads seems too high for short alignments. Use -nt AUTO to determine best number of threads.
 55  TNe+G4        2686.316     30  5432.631     5436.597     5559.069
WARNING: Number of threads seems too high for short alignments. Use -nt AUTO to determine best number of threads.
 56  TNe+I+G4      2686.877     31  5435.753     5439.993     5566.406
WARNING: Number of threads seems too high for short alignments. Use -nt AUTO to determine best number of threads.
 57  TNe+R2        2686.352     31  5434.704     5438.943     5565.357
WARNING: Number of threads seems too high for short alignments. Use -nt AUTO to determine best number of threads.
 58  TNe+R3        2686.332     33  5438.663     5443.479     5577.746
WARNING: Number of threads seems too high for short alignments. Use -nt AUTO to determine best number of threads.
 66  TN+F          2655.892     32  5375.785     5380.307     5510.652
WARNING: Number of threads seems too high for short alignments. Use -nt AUTO to determine best number of threads.
 67  TN+F+I        2655.892     33  5377.785     5382.600     5516.867
WARNING: Number of threads seems too high for short alignments. Use -nt AUTO to determine best number of threads.
 68  TN+F+G4       2655.895     33  5377.789     5382.605     5516.871
WARNING: Number of threads seems too high for short alignments. Use -nt AUTO to determine best number of threads.
 69  TN+F+I+G4     2656.825     34  5381.651     5386.769     5524.948
WARNING: Number of threads seems too high for short alignments. Use -nt AUTO to determine best number of threads.
 70  TN+F+R2       2656.035     34  5380.071     5385.189     5523.368
WARNING: Number of threads seems too high for short alignments. Use -nt AUTO to determine best number of threads.
 71  TN+F+R3       2655.985     36  5383.970     5389.723     5535.695
WARNING: Number of threads seems too high for short alignments. Use -nt AUTO to determine best number of threads.
 79  K3P           2687.290     29  5432.581     5436.283     5554.804
WARNING: Number of threads seems too high for short alignments. Use -nt AUTO to determine best number of threads.
 80  K3P+I         2687.290     30  5434.580     5438.546     5561.019
WARNING: Number of threads seems too high for short alignments. Use -nt AUTO to determine best number of threads.
 81  K3P+G4        2687.240     30  5434.481     5438.447     5560.919
WARNING: Number of threads seems too high for short alignments. Use -nt AUTO to determine best number of threads.
 82  K3P+I+G4      2687.684     31  5437.368     5441.607     5568.021
WARNING: Number of threads seems too high for short alignments. Use -nt AUTO to determine best number of threads.
 83  K3P+R2        2687.246     31  5436.492     5440.731     5567.144
WARNING: Number of threads seems too high for short alignments. Use -nt AUTO to determine best number of threads.
 84  K3P+R3        2687.246     33  5440.491     5445.307     5579.573
WARNING: Number of threads seems too high for short alignments. Use -nt AUTO to determine best number of threads.
 92  K3Pu+F        2656.166     32  5376.332     5380.854     5511.199
WARNING: Number of threads seems too high for short alignments. Use -nt AUTO to determine best number of threads.
 93  K3Pu+F+I      2656.166     33  5378.332     5383.147     5517.414
WARNING: Number of threads seems too high for short alignments. Use -nt AUTO to determine best number of threads.
 94  K3Pu+F+G4     2656.167     33  5378.334     5383.150     5517.416
WARNING: Number of threads seems too high for short alignments. Use -nt AUTO to determine best number of threads.
 95  K3Pu+F+I+G4   2656.981     34  5381.962     5387.081     5525.259
WARNING: Number of threads seems too high for short alignments. Use -nt AUTO to determine best number of threads.
 96  K3Pu+F+R2     2656.258     34  5380.516     5385.634     5523.813
WARNING: Number of threads seems too high for short alignments. Use -nt AUTO to determine best number of threads.
 97  K3Pu+F+R3     2656.224     36  5384.448     5390.202     5536.174
WARNING: Number of threads seems too high for short alignments. Use -nt AUTO to determine best number of threads.
105  TPM2+F        2656.154     32  5376.307     5380.830     5511.175
WARNING: Number of threads seems too high for short alignments. Use -nt AUTO to determine best number of threads.
106  TPM2+F+I      2656.154     33  5378.307     5383.123     5517.389
WARNING: Number of threads seems too high for short alignments. Use -nt AUTO to determine best number of threads.
107  TPM2+F+G4     2656.155     33  5378.311     5383.126     5517.393
WARNING: Number of threads seems too high for short alignments. Use -nt AUTO to determine best number of threads.
108  TPM2+F+I+G4   2656.954     34  5381.909     5387.027     5525.205
WARNING: Number of threads seems too high for short alignments. Use -nt AUTO to determine best number of threads.
109  TPM2+F+R2     2656.240     34  5380.480     5385.599     5523.777
WARNING: Number of threads seems too high for short alignments. Use -nt AUTO to determine best number of threads.
110  TPM2+F+R3     2656.207     36  5384.415     5390.169     5536.141
WARNING: Number of threads seems too high for short alignments. Use -nt AUTO to determine best number of threads.
118  TPM2u+F       2656.154     32  5376.307     5380.830     5511.175
WARNING: Number of threads seems too high for short alignments. Use -nt AUTO to determine best number of threads.
119  TPM2u+F+I     2656.154     33  5378.307     5383.123     5517.389
WARNING: Number of threads seems too high for short alignments. Use -nt AUTO to determine best number of threads.
120  TPM2u+F+G4    2656.155     33  5378.311     5383.126     5517.393
WARNING: Number of threads seems too high for short alignments. Use -nt AUTO to determine best number of threads.
121  TPM2u+F+I+G4  2656.904     34  5381.809     5386.927     5525.105
WARNING: Number of threads seems too high for short alignments. Use -nt AUTO to determine best number of threads.
122  TPM2u+F+R2    2656.227     34  5380.454     5385.572     5523.750
WARNING: Number of threads seems too high for short alignments. Use -nt AUTO to determine best number of threads.
123  TPM2u+F+R3    2656.198     36  5384.396     5390.149     5536.121
WARNING: Number of threads seems too high for short alignments. Use -nt AUTO to determine best number of threads.
131  TPM3+F        2656.707     32  5377.414     5381.937     5512.282
WARNING: Number of threads seems too high for short alignments. Use -nt AUTO to determine best number of threads.
132  TPM3+F+I      2656.707     33  5379.414     5384.229     5518.496
WARNING: Number of threads seems too high for short alignments. Use -nt AUTO to determine best number of threads.
133  TPM3+F+G4     2656.708     33  5379.417     5384.232     5518.499
WARNING: Number of threads seems too high for short alignments. Use -nt AUTO to determine best number of threads.
134  TPM3+F+I+G4   2657.389     34  5382.778     5387.897     5526.075
WARNING: Number of threads seems too high for short alignments. Use -nt AUTO to determine best number of threads.
135  TPM3+F+R2     2656.766     34  5381.533     5386.651     5524.829
WARNING: Number of threads seems too high for short alignments. Use -nt AUTO to determine best number of threads.
136  TPM3+F+R3     2656.741     36  5385.483     5391.237     5537.209
WARNING: Number of threads seems too high for short alignments. Use -nt AUTO to determine best number of threads.
144  TPM3u+F       2656.707     32  5377.414     5381.936     5512.281
WARNING: Number of threads seems too high for short alignments. Use -nt AUTO to determine best number of threads.
145  TPM3u+F+I     2656.707     33  5379.414     5384.229     5518.496
WARNING: Number of threads seems too high for short alignments. Use -nt AUTO to determine best number of threads.
146  TPM3u+F+G4    2656.708     33  5379.417     5384.232     5518.499
WARNING: Number of threads seems too high for short alignments. Use -nt AUTO to determine best number of threads.
147  TPM3u+F+I+G4  2657.350     34  5382.701     5387.819     5525.997
WARNING: Number of threads seems too high for short alignments. Use -nt AUTO to determine best number of threads.
148  TPM3u+F+R2    2656.758     34  5381.517     5386.635     5524.813
WARNING: Number of threads seems too high for short alignments. Use -nt AUTO to determine best number of threads.
149  TPM3u+F+R3    2656.736     36  5385.472     5391.226     5537.198
WARNING: Number of threads seems too high for short alignments. Use -nt AUTO to determine best number of threads.
157  TIMe          2684.822     30  5429.644     5433.610     5556.083
WARNING: Number of threads seems too high for short alignments. Use -nt AUTO to determine best number of threads.
158  TIMe+I        2684.822     31  5431.644     5435.884     5562.297
WARNING: Number of threads seems too high for short alignments. Use -nt AUTO to determine best number of threads.
159  TIMe+G4       2684.804     31  5431.609     5435.848     5562.262
WARNING: Number of threads seems too high for short alignments. Use -nt AUTO to determine best number of threads.
160  TIMe+I+G4     2685.118     32  5434.236     5438.759     5569.104
WARNING: Number of threads seems too high for short alignments. Use -nt AUTO to determine best number of threads.
161  TIMe+R2       2684.806     32  5433.612     5438.135     5568.480
WARNING: Number of threads seems too high for short alignments. Use -nt AUTO to determine best number of threads.
162  TIMe+R3       2684.806     34  5437.612     5442.730     5580.909
WARNING: Number of threads seems too high for short alignments. Use -nt AUTO to determine best number of threads.
170  TIM+F         2655.352     33  5376.705     5381.520     5515.787
WARNING: Number of threads seems too high for short alignments. Use -nt AUTO to determine best number of threads.
171  TIM+F+I       2655.352     34  5378.705     5383.823     5522.001
WARNING: Number of threads seems too high for short alignments. Use -nt AUTO to determine best number of threads.
172  TIM+F+G4      2655.354     34  5378.709     5383.827     5522.005
WARNING: Number of threads seems too high for short alignments. Use -nt AUTO to determine best number of threads.
173  TIM+F+I+G4    2655.936     35  5381.872     5387.303     5529.383
WARNING: Number of threads seems too high for short alignments. Use -nt AUTO to determine best number of threads.
174  TIM+F+R2      2655.404     35  5380.807     5386.238     5528.319
WARNING: Number of threads seems too high for short alignments. Use -nt AUTO to determine best number of threads.
175  TIM+F+R3      2655.400     37  5384.801     5390.887     5540.741
WARNING: Number of threads seems too high for short alignments. Use -nt AUTO to determine best number of threads.
183  TIM2e         2686.031     30  5432.062     5436.028     5558.500
WARNING: Number of threads seems too high for short alignments. Use -nt AUTO to determine best number of threads.
184  TIM2e+I       2686.031     31  5434.062     5438.301     5564.715
WARNING: Number of threads seems too high for short alignments. Use -nt AUTO to determine best number of threads.
185  TIM2e+G4      2686.004     31  5434.008     5438.247     5564.660
WARNING: Number of threads seems too high for short alignments. Use -nt AUTO to determine best number of threads.
186  TIM2e+I+G4    2686.253     32  5436.506     5441.028     5571.373
WARNING: Number of threads seems too high for short alignments. Use -nt AUTO to determine best number of threads.
187  TIM2e+R2      2686.006     32  5436.013     5440.535     5570.880
WARNING: Number of threads seems too high for short alignments. Use -nt AUTO to determine best number of threads.
188  TIM2e+R3      2686.006     34  5440.013     5445.131     5583.309
WARNING: Number of threads seems too high for short alignments. Use -nt AUTO to determine best number of threads.
196  TIM2+F        2655.340     33  5376.679     5381.494     5515.761
WARNING: Number of threads seems too high for short alignments. Use -nt AUTO to determine best number of threads.
197  TIM2+F+I      2655.340     34  5378.679     5383.797     5521.976
WARNING: Number of threads seems too high for short alignments. Use -nt AUTO to determine best number of threads.
198  TIM2+F+G4     2655.342     34  5378.684     5383.802     5521.980
WARNING: Number of threads seems too high for short alignments. Use -nt AUTO to determine best number of threads.
199  TIM2+F+I+G4   2655.907     35  5381.815     5387.246     5529.326
WARNING: Number of threads seems too high for short alignments. Use -nt AUTO to determine best number of threads.
200  TIM2+F+R2     2655.391     35  5380.782     5386.213     5528.293
WARNING: Number of threads seems too high for short alignments. Use -nt AUTO to determine best number of threads.
201  TIM2+F+R3     2655.388     37  5384.775     5390.862     5540.716
WARNING: Number of threads seems too high for short alignments. Use -nt AUTO to determine best number of threads.
209  TIM3e         2685.790     30  5431.581     5435.547     5558.019
WARNING: Number of threads seems too high for short alignments. Use -nt AUTO to determine best number of threads.
210  TIM3e+I       2685.790     31  5433.581     5437.820     5564.234
WARNING: Number of threads seems too high for short alignments. Use -nt AUTO to determine best number of threads.
211  TIM3e+G4      2685.762     31  5433.525     5437.764     5564.178
WARNING: Number of threads seems too high for short alignments. Use -nt AUTO to determine best number of threads.
212  TIM3e+I+G4    2685.994     32  5435.989     5440.511     5570.856
WARNING: Number of threads seems too high for short alignments. Use -nt AUTO to determine best number of threads.
213  TIM3e+R2      2685.766     32  5435.532     5440.055     5570.400
WARNING: Number of threads seems too high for short alignments. Use -nt AUTO to determine best number of threads.
214  TIM3e+R3      2685.766     34  5439.532     5444.650     5582.828
WARNING: Number of threads seems too high for short alignments. Use -nt AUTO to determine best number of threads.
222  TIM3+F        2655.892     33  5377.785     5382.600     5516.867
WARNING: Number of threads seems too high for short alignments. Use -nt AUTO to determine best number of threads.
223  TIM3+F+I      2655.892     34  5379.785     5384.903     5523.082
WARNING: Number of threads seems too high for short alignments. Use -nt AUTO to determine best number of threads.
224  TIM3+F+G4     2655.895     34  5379.789     5384.907     5523.086
WARNING: Number of threads seems too high for short alignments. Use -nt AUTO to determine best number of threads.
225  TIM3+F+I+G4   2656.396     35  5382.792     5388.223     5530.303
WARNING: Number of threads seems too high for short alignments. Use -nt AUTO to determine best number of threads.
226  TIM3+F+R2     2655.935     35  5381.871     5387.302     5529.382
WARNING: Number of threads seems too high for short alignments. Use -nt AUTO to determine best number of threads.
227  TIM3+F+R3     2655.934     37  5385.868     5391.954     5541.808
WARNING: Number of threads seems too high for short alignments. Use -nt AUTO to determine best number of threads.
235  TVMe          2686.841     31  5435.682     5439.922     5566.335
WARNING: Number of threads seems too high for short alignments. Use -nt AUTO to determine best number of threads.
236  TVMe+I        2686.835     32  5437.670     5442.193     5572.538
WARNING: Number of threads seems too high for short alignments. Use -nt AUTO to determine best number of threads.
237  TVMe+G4       2686.751     32  5437.502     5442.024     5572.369
WARNING: Number of threads seems too high for short alignments. Use -nt AUTO to determine best number of threads.
238  TVMe+I+G4     2686.949     33  5439.898     5444.713     5578.980
WARNING: Number of threads seems too high for short alignments. Use -nt AUTO to determine best number of threads.
239  TVMe+R2       2686.787     33  5439.574     5444.389     5578.656
WARNING: Number of threads seems too high for short alignments. Use -nt AUTO to determine best number of threads.
240  TVMe+R3       2686.786     35  5443.573     5449.004     5591.084
WARNING: Number of threads seems too high for short alignments. Use -nt AUTO to determine best number of threads.
248  TVM+F         2655.308     34  5378.617     5383.735     5521.913
WARNING: Number of threads seems too high for short alignments. Use -nt AUTO to determine best number of threads.
249  TVM+F+I       2655.308     35  5380.617     5386.048     5528.128
WARNING: Number of threads seems too high for short alignments. Use -nt AUTO to determine best number of threads.
250  TVM+F+G4      2655.310     35  5380.620     5386.051     5528.131
WARNING: Number of threads seems too high for short alignments. Use -nt AUTO to determine best number of threads.
251  TVM+F+I+G4    2655.789     36  5383.577     5389.331     5535.303
WARNING: Number of threads seems too high for short alignments. Use -nt AUTO to determine best number of threads.
252  TVM+F+R2      2655.342     36  5382.684     5388.438     5534.410
WARNING: Number of threads seems too high for short alignments. Use -nt AUTO to determine best number of threads.
253  TVM+F+R3      2655.340     38  5386.681     5393.110     5546.836
WARNING: Number of threads seems too high for short alignments. Use -nt AUTO to determine best number of threads.
261  SYM           2684.376     32  5432.751     5437.274     5567.619
WARNING: Number of threads seems too high for short alignments. Use -nt AUTO to determine best number of threads.
262  SYM+I         2684.375     33  5434.750     5439.565     5573.832
WARNING: Number of threads seems too high for short alignments. Use -nt AUTO to determine best number of threads.
263  SYM+G4        2684.332     33  5434.664     5439.479     5573.746
WARNING: Number of threads seems too high for short alignments. Use -nt AUTO to determine best number of threads.
264  SYM+I+G4      2684.516     34  5437.033     5442.151     5580.330
WARNING: Number of threads seems too high for short alignments. Use -nt AUTO to determine best number of threads.
265  SYM+R2        2684.343     34  5436.687     5441.805     5579.983
WARNING: Number of threads seems too high for short alignments. Use -nt AUTO to determine best number of threads.
266  SYM+R3        2684.343     36  5440.686     5446.440     5592.412
WARNING: Number of threads seems too high for short alignments. Use -nt AUTO to determine best number of threads.
274  GTR+F         2654.494     35  5378.988     5384.419     5526.500
WARNING: Number of threads seems too high for short alignments. Use -nt AUTO to determine best number of threads.
275  GTR+F+I       2654.494     36  5380.988     5386.742     5532.714
WARNING: Number of threads seems too high for short alignments. Use -nt AUTO to determine best number of threads.
276  GTR+F+G4      2654.496     36  5380.993     5386.746     5532.719
WARNING: Number of threads seems too high for short alignments. Use -nt AUTO to determine best number of threads.
277  GTR+F+I+G4    2654.948     37  5383.896     5389.983     5539.837
WARNING: Number of threads seems too high for short alignments. Use -nt AUTO to determine best number of threads.
278  GTR+F+R2      2654.534     37  5383.069     5389.155     5539.009
WARNING: Number of threads seems too high for short alignments. Use -nt AUTO to determine best number of threads.
279  GTR+F+R3      2654.531     39  5387.063     5393.845     5551.432
Akaike Information Criterion:           HKY+F
Corrected Akaike Information Criterion: HKY+F
Bayesian Information Criterion:         HKY+F
Best-fit model: HKY+F chosen according to BIC

All model information printed to examples/15taxon_300genes_4cores//aln_seqs/1_seqgen295.nex.aln.model.gz
CPU time for ModelFinder: 3.971 seconds (0h:0m:3s)
Wall-clock time for ModelFinder: 85.816 seconds (0h:1m:25s)
Generating 1000 samples for ultrafast bootstrap (seed: 988743)...

NOTE: 0 MB RAM (0 GB) is required!
WARNING: Number of threads seems too high for short alignments. Use -nt AUTO to determine best number of threads.
Estimate model parameters (epsilon = 0.100)
1. Initial log-likelihood: -2750.016
2. Current log-likelihood: -2683.551
3. Current log-likelihood: -2656.796
Optimal log-likelihood: -2656.707
Rate parameters:  A-C: 1.00000  A-G: 4.20454  A-T: 1.00000  C-G: 1.00000  C-T: 4.20454  G-T: 1.00000
Base frequencies:  A: 0.314  C: 0.208  G: 0.170  T: 0.308
Parameters optimization took 3 rounds (0.713 sec)
Computing ML distances based on estimated model parameters... 0.001 sec
Computing BIONJ tree...
0.113 seconds
Log-likelihood of BIONJ tree: -2656.707
--------------------------------------------------------------------
|             INITIALIZING CANDIDATE TREE SET                      |
--------------------------------------------------------------------
Generating 99 parsimony trees... 3.786 second
Computing log-likelihood of 99 initial trees ... 21.163 seconds
Current best score: -2656.707

Do NNI search on 20 best initial trees
Estimate model parameters (epsilon = 0.100)
BETTER TREE FOUND at iteration 1: -2656.707
Iteration 10 / LogL: -2656.707 / Time: 0h:0m:45s
Iteration 20 / LogL: -2656.707 / Time: 0h:1m:9s
Finish initializing candidate tree set (2)
Current best tree score: -2656.707 / CPU time: 68.537
Number of iterations: 20
--------------------------------------------------------------------
|               OPTIMIZING CANDIDATE TREE SET                      |
--------------------------------------------------------------------
Iteration 30 / LogL: -2656.707 / Time: 0h:2m:15s (0h:5m:31s left)
Iteration 40 / LogL: -2656.707 / Time: 0h:3m:11s (0h:4m:59s left)
Iteration 50 / LogL: -2656.707 / Time: 0h:3m:54s (0h:4m:4s left)
Log-likelihood cutoff on original alignment: -2694.771
Iteration 60 / LogL: -2656.915 / Time: 0h:4m:46s (0h:3m:19s left)
Iteration 70 / LogL: -2656.707 / Time: 0h:5m:26s (0h:2m:26s left)
Iteration 80 / LogL: -2656.707 / Time: 0h:5m:33s (0h:1m:28s left)
Iteration 90 / LogL: -2656.709 / Time: 0h:5m:40s (0h:0m:42s left)
Iteration 100 / LogL: -2656.707 / Time: 0h:5m:44s (0h:0m:3s left)
Log-likelihood cutoff on original alignment: -2690.650
NOTE: Bootstrap correlation coefficient of split occurrence frequencies: 0.999
TREE SEARCH COMPLETED AFTER 102 ITERATIONS / Time: 0h:5m:45s

--------------------------------------------------------------------
|                    FINALIZING TREE SEARCH                        |
--------------------------------------------------------------------
Performs final model parameters optimization
Estimate model parameters (epsilon = 0.010)
1. Initial log-likelihood: -2656.707
Optimal log-likelihood: -2656.707
Rate parameters:  A-C: 1.00000  A-G: 4.20493  A-T: 1.00000  C-G: 1.00000  C-T: 4.20493  G-T: 1.00000
Base frequencies:  A: 0.314  C: 0.208  G: 0.170  T: 0.308
Parameters optimization took 1 rounds (0.024 sec)
BEST SCORE FOUND : -2656.707
Creating bootstrap support values...
Split supports printed to NEXUS file examples/15taxon_300genes_4cores//aln_seqs/1_seqgen295.nex.aln.splits.nex
Total tree length: 0.852

Total number of iterations: 102
CPU time used for tree search: 15.657 sec (0h:0m:15s)
Wall-clock time used for tree search: 343.627 sec (0h:5m:43s)
Total CPU time used: 15.822 sec (0h:0m:15s)
Total wall-clock time used: 346.004 sec (0h:5m:46s)

Computing bootstrap consensus tree...
Reading input file examples/15taxon_300genes_4cores//aln_seqs/1_seqgen295.nex.aln.splits.nex...
15 taxa and 66 splits.
Consensus tree written to examples/15taxon_300genes_4cores//aln_seqs/1_seqgen295.nex.aln.contree
Reading input trees file examples/15taxon_300genes_4cores//aln_seqs/1_seqgen295.nex.aln.contree
Log-likelihood of consensus tree: -2656.910

Analysis results written to: 
  IQ-TREE report:                examples/15taxon_300genes_4cores//aln_seqs/1_seqgen295.nex.aln.iqtree
  Maximum-likelihood tree:       examples/15taxon_300genes_4cores//aln_seqs/1_seqgen295.nex.aln.treefile
  Likelihood distances:          examples/15taxon_300genes_4cores//aln_seqs/1_seqgen295.nex.aln.mldist

Ultrafast bootstrap approximation results written to:
  Split support values:          examples/15taxon_300genes_4cores//aln_seqs/1_seqgen295.nex.aln.splits.nex
  Consensus tree:                examples/15taxon_300genes_4cores//aln_seqs/1_seqgen295.nex.aln.contree
  Screen log file:               examples/15taxon_300genes_4cores//aln_seqs/1_seqgen295.nex.aln.log

Date and Time: Mon Feb 18 10:17:52 2019
