IQ-TREE multicore version 1.6.8 for Linux 64-bit built Oct 28 2018
Developed by Bui Quang Minh, Nguyen Lam Tung, Olga Chernomor,
Heiko Schmidt, Dominik Schrempf, Michael Woodhams.

Host:    sango10520.oist.jp (AVX2, FMA3, 125 GB RAM)
Command: iqtree -s examples/15taxon_300genes_4cores//aln_seqs/1_seqgen116.nex.aln -bb 1000 -redo -nt 3 -m MFP
Seed:    330638 (Using SPRNG - Scalable Parallel Random Number Generator)
Time:    Mon Feb 18 10:10:34 2019
Kernel:  AVX+FMA - 3 threads (24 CPU cores detected)

Reading alignment file examples/15taxon_300genes_4cores//aln_seqs/1_seqgen116.nex.aln ... Fasta format detected
Alignment most likely contains DNA/RNA sequences
Alignment has 15 sequences with 500 columns, 199 distinct patterns
118 parsimony-informative, 151 singleton sites, 231 constant sites
    Gap/Ambiguity  Composition  p-value
   1  A5    0.00%    passed     75.42%
   2  A     0.00%    passed     89.86%
   3  B     0.00%    passed     86.68%
   4  C     0.00%    passed     94.60%
   5  F     0.00%    passed     99.21%
   6  D     0.00%    passed     99.61%
   7  E     0.00%    passed     97.66%
   8  A4    0.00%    passed     88.52%
   9  G     0.00%    passed     99.87%
  10  A0    0.00%    passed     98.02%
  11  H     0.00%    passed     91.00%
  12  I     0.00%    passed     92.08%
  13  A1    0.00%    passed     97.06%
  14  A2    0.00%    passed     90.61%
  15  A3    0.00%    passed     67.98%
****  TOTAL    0.00%  0 sequences failed composition chi2 test (p-value<5%; df=3)


Create initial parsimony tree by phylogenetic likelihood library (PLL)... 0.000 seconds
NOTE: ModelFinder requires 1 MB RAM!
ModelFinder will test 286 DNA models (sample size: 500) ...
 No. Model         -LnL         df  AIC          AICc         BIC
WARNING: Number of threads seems too high for short alignments. Use -nt AUTO to determine best number of threads.
  1  JC            2669.153     27  5392.305     5395.509     5506.100
WARNING: Number of threads seems too high for short alignments. Use -nt AUTO to determine best number of threads.
  2  JC+I          2669.135     28  5394.270     5397.718     5512.279
WARNING: Number of threads seems too high for short alignments. Use -nt AUTO to determine best number of threads.
  3  JC+G4         2669.148     28  5394.296     5397.744     5512.305
WARNING: Number of threads seems too high for short alignments. Use -nt AUTO to determine best number of threads.
  4  JC+I+G4       2670.029     29  5398.058     5401.760     5520.282
WARNING: Number of threads seems too high for short alignments. Use -nt AUTO to determine best number of threads.
  5  JC+R2         2669.330     29  5396.659     5400.361     5518.883
WARNING: Number of threads seems too high for short alignments. Use -nt AUTO to determine best number of threads.
  6  JC+R3         2669.273     31  5400.547     5404.786     5531.199
WARNING: Number of threads seems too high for short alignments. Use -nt AUTO to determine best number of threads.
 14  F81+F         2651.722     30  5363.444     5367.410     5489.882
WARNING: Number of threads seems too high for short alignments. Use -nt AUTO to determine best number of threads.
 15  F81+F+I       2651.722     31  5365.444     5369.683     5496.097
WARNING: Number of threads seems too high for short alignments. Use -nt AUTO to determine best number of threads.
 16  F81+F+G4      2651.722     31  5365.445     5369.684     5496.097
WARNING: Number of threads seems too high for short alignments. Use -nt AUTO to determine best number of threads.
 17  F81+F+I+G4    2652.716     32  5369.432     5373.954     5504.299
WARNING: Number of threads seems too high for short alignments. Use -nt AUTO to determine best number of threads.
 18  F81+F+R2      2651.931     32  5367.863     5372.385     5502.730
WARNING: Number of threads seems too high for short alignments. Use -nt AUTO to determine best number of threads.
 19  F81+F+R3      2651.872     34  5371.745     5376.863     5515.042
WARNING: Number of threads seems too high for short alignments. Use -nt AUTO to determine best number of threads.
 27  K2P           2584.715     28  5225.429     5228.877     5343.438
WARNING: Number of threads seems too high for short alignments. Use -nt AUTO to determine best number of threads.
 28  K2P+I         2584.639     29  5227.279     5230.981     5349.502
WARNING: Number of threads seems too high for short alignments. Use -nt AUTO to determine best number of threads.
 29  K2P+G4        2584.670     29  5227.340     5231.042     5349.564
WARNING: Number of threads seems too high for short alignments. Use -nt AUTO to determine best number of threads.
 30  K2P+I+G4      2585.099     30  5230.199     5234.165     5356.637
WARNING: Number of threads seems too high for short alignments. Use -nt AUTO to determine best number of threads.
 31  K2P+R2        2584.705     30  5229.411     5233.377     5355.849
WARNING: Number of threads seems too high for short alignments. Use -nt AUTO to determine best number of threads.
 32  K2P+R3        2584.685     32  5233.371     5237.893     5368.238
WARNING: Number of threads seems too high for short alignments. Use -nt AUTO to determine best number of threads.
 40  HKY+F         2564.167     31  5190.334     5194.573     5320.987
WARNING: Number of threads seems too high for short alignments. Use -nt AUTO to determine best number of threads.
 41  HKY+F+I       2564.160     32  5192.320     5196.842     5327.187
WARNING: Number of threads seems too high for short alignments. Use -nt AUTO to determine best number of threads.
 42  HKY+F+G4      2564.145     32  5192.290     5196.813     5327.158
WARNING: Number of threads seems too high for short alignments. Use -nt AUTO to determine best number of threads.
 43  HKY+F+I+G4    2564.880     33  5195.761     5200.576     5334.843
WARNING: Number of threads seems too high for short alignments. Use -nt AUTO to determine best number of threads.
 44  HKY+F+R2      2564.203     33  5194.406     5199.221     5333.488
WARNING: Number of threads seems too high for short alignments. Use -nt AUTO to determine best number of threads.
 45  HKY+F+R3      2564.182     35  5198.365     5203.796     5345.876
WARNING: Number of threads seems too high for short alignments. Use -nt AUTO to determine best number of threads.
 53  TNe           2584.448     29  5226.895     5230.597     5349.119
WARNING: Number of threads seems too high for short alignments. Use -nt AUTO to determine best number of threads.
 54  TNe+I         2584.378     30  5228.756     5232.722     5355.194
WARNING: Number of threads seems too high for short alignments. Use -nt AUTO to determine best number of threads.
 55  TNe+G4        2584.410     30  5228.819     5232.785     5355.258
WARNING: Number of threads seems too high for short alignments. Use -nt AUTO to determine best number of threads.
 56  TNe+I+G4      2584.771     31  5231.542     5235.782     5362.195
WARNING: Number of threads seems too high for short alignments. Use -nt AUTO to determine best number of threads.
 57  TNe+R2        2584.434     31  5230.868     5235.108     5361.521
WARNING: Number of threads seems too high for short alignments. Use -nt AUTO to determine best number of threads.
 58  TNe+R3        2584.420     33  5234.840     5239.655     5373.922
WARNING: Number of threads seems too high for short alignments. Use -nt AUTO to determine best number of threads.
 66  TN+F          2562.308     32  5188.616     5193.138     5323.483
WARNING: Number of threads seems too high for short alignments. Use -nt AUTO to determine best number of threads.
 67  TN+F+I        2562.301     33  5190.603     5195.418     5329.685
WARNING: Number of threads seems too high for short alignments. Use -nt AUTO to determine best number of threads.
 68  TN+F+G4       2562.294     33  5190.589     5195.404     5329.671
WARNING: Number of threads seems too high for short alignments. Use -nt AUTO to determine best number of threads.
 69  TN+F+I+G4     2562.930     34  5193.859     5198.978     5337.156
WARNING: Number of threads seems too high for short alignments. Use -nt AUTO to determine best number of threads.
 70  TN+F+R2       2562.344     34  5192.688     5197.806     5335.985
WARNING: Number of threads seems too high for short alignments. Use -nt AUTO to determine best number of threads.
 71  TN+F+R3       2562.326     36  5196.653     5202.407     5348.379
WARNING: Number of threads seems too high for short alignments. Use -nt AUTO to determine best number of threads.
 79  K3P           2584.559     29  5227.118     5230.821     5349.342
WARNING: Number of threads seems too high for short alignments. Use -nt AUTO to determine best number of threads.
 80  K3P+I         2584.483     30  5228.965     5232.931     5355.403
WARNING: Number of threads seems too high for short alignments. Use -nt AUTO to determine best number of threads.
 81  K3P+G4        2584.513     30  5229.027     5232.993     5355.465
WARNING: Number of threads seems too high for short alignments. Use -nt AUTO to determine best number of threads.
 82  K3P+I+G4      2584.797     31  5231.595     5235.834     5362.248
WARNING: Number of threads seems too high for short alignments. Use -nt AUTO to determine best number of threads.
 83  K3P+R2        2584.524     31  5231.048     5235.288     5361.701
WARNING: Number of threads seems too high for short alignments. Use -nt AUTO to determine best number of threads.
 84  K3P+R3        2584.517     33  5235.035     5239.850     5374.117
WARNING: Number of threads seems too high for short alignments. Use -nt AUTO to determine best number of threads.
 92  K3Pu+F        2564.153     32  5192.306     5196.828     5327.173
WARNING: Number of threads seems too high for short alignments. Use -nt AUTO to determine best number of threads.
 93  K3Pu+F+I      2564.146     33  5194.292     5199.107     5333.374
WARNING: Number of threads seems too high for short alignments. Use -nt AUTO to determine best number of threads.
 94  K3Pu+F+G4     2564.131     33  5194.263     5199.078     5333.345
WARNING: Number of threads seems too high for short alignments. Use -nt AUTO to determine best number of threads.
 95  K3Pu+F+I+G4   2564.693     34  5197.387     5202.505     5340.684
WARNING: Number of threads seems too high for short alignments. Use -nt AUTO to determine best number of threads.
 96  K3Pu+F+R2     2564.159     34  5196.318     5201.436     5339.615
WARNING: Number of threads seems too high for short alignments. Use -nt AUTO to determine best number of threads.
 97  K3Pu+F+R3     2564.150     36  5200.300     5206.054     5352.026
WARNING: Number of threads seems too high for short alignments. Use -nt AUTO to determine best number of threads.
105  TPM2+F        2563.129     32  5190.257     5194.780     5325.125
WARNING: Number of threads seems too high for short alignments. Use -nt AUTO to determine best number of threads.
106  TPM2+F+I      2563.120     33  5192.240     5197.055     5331.322
WARNING: Number of threads seems too high for short alignments. Use -nt AUTO to determine best number of threads.
107  TPM2+F+G4     2563.108     33  5192.216     5197.032     5331.298
WARNING: Number of threads seems too high for short alignments. Use -nt AUTO to determine best number of threads.
108  TPM2+F+I+G4   2563.615     34  5195.231     5200.349     5338.527
WARNING: Number of threads seems too high for short alignments. Use -nt AUTO to determine best number of threads.
109  TPM2+F+R2     2563.132     34  5194.263     5199.381     5337.560
WARNING: Number of threads seems too high for short alignments. Use -nt AUTO to determine best number of threads.
110  TPM2+F+R3     2563.124     36  5198.247     5204.001     5349.973
WARNING: Number of threads seems too high for short alignments. Use -nt AUTO to determine best number of threads.
118  TPM2u+F       2563.129     32  5190.257     5194.780     5325.125
WARNING: Number of threads seems too high for short alignments. Use -nt AUTO to determine best number of threads.
119  TPM2u+F+I     2563.120     33  5192.240     5197.055     5331.322
WARNING: Number of threads seems too high for short alignments. Use -nt AUTO to determine best number of threads.
120  TPM2u+F+G4    2563.108     33  5192.216     5197.032     5331.298
WARNING: Number of threads seems too high for short alignments. Use -nt AUTO to determine best number of threads.
121  TPM2u+F+I+G4  2563.582     34  5195.164     5200.282     5338.461
WARNING: Number of threads seems too high for short alignments. Use -nt AUTO to determine best number of threads.
122  TPM2u+F+R2    2563.128     34  5194.255     5199.374     5337.552
WARNING: Number of threads seems too high for short alignments. Use -nt AUTO to determine best number of threads.
123  TPM2u+F+R3    2563.121     36  5198.242     5203.996     5349.968
WARNING: Number of threads seems too high for short alignments. Use -nt AUTO to determine best number of threads.
131  TPM3+F        2564.142     32  5192.283     5196.806     5327.151
WARNING: Number of threads seems too high for short alignments. Use -nt AUTO to determine best number of threads.
132  TPM3+F+I      2564.135     33  5194.270     5199.085     5333.352
WARNING: Number of threads seems too high for short alignments. Use -nt AUTO to determine best number of threads.
133  TPM3+F+G4     2564.120     33  5194.239     5199.055     5333.321
WARNING: Number of threads seems too high for short alignments. Use -nt AUTO to determine best number of threads.
134  TPM3+F+I+G4   2564.586     34  5197.171     5202.290     5340.468
WARNING: Number of threads seems too high for short alignments. Use -nt AUTO to determine best number of threads.
135  TPM3+F+R2     2564.136     34  5196.272     5201.390     5339.568
WARNING: Number of threads seems too high for short alignments. Use -nt AUTO to determine best number of threads.
136  TPM3+F+R3     2564.131     36  5200.262     5206.015     5351.987
WARNING: Number of threads seems too high for short alignments. Use -nt AUTO to determine best number of threads.
144  TPM3u+F       2564.142     32  5192.283     5196.806     5327.151
WARNING: Number of threads seems too high for short alignments. Use -nt AUTO to determine best number of threads.
145  TPM3u+F+I     2564.135     33  5194.270     5199.086     5333.352
WARNING: Number of threads seems too high for short alignments. Use -nt AUTO to determine best number of threads.
146  TPM3u+F+G4    2564.120     33  5194.239     5199.055     5333.321
WARNING: Number of threads seems too high for short alignments. Use -nt AUTO to determine best number of threads.
147  TPM3u+F+I+G4  2564.557     34  5197.115     5202.233     5340.411
WARNING: Number of threads seems too high for short alignments. Use -nt AUTO to determine best number of threads.
148  TPM3u+F+R2    2564.134     34  5196.267     5201.385     5339.564
WARNING: Number of threads seems too high for short alignments. Use -nt AUTO to determine best number of threads.
149  TPM3u+F+R3    2564.129     36  5200.259     5206.013     5351.985
WARNING: Number of threads seems too high for short alignments. Use -nt AUTO to determine best number of threads.
157  TIMe          2584.292     30  5228.583     5232.549     5355.022
WARNING: Number of threads seems too high for short alignments. Use -nt AUTO to determine best number of threads.
158  TIMe+I        2584.221     31  5230.441     5234.681     5361.094
WARNING: Number of threads seems too high for short alignments. Use -nt AUTO to determine best number of threads.
159  TIMe+G4       2584.253     31  5230.506     5234.745     5361.159
WARNING: Number of threads seems too high for short alignments. Use -nt AUTO to determine best number of threads.
160  TIMe+I+G4     2584.413     32  5232.826     5237.348     5367.693
WARNING: Number of threads seems too high for short alignments. Use -nt AUTO to determine best number of threads.
161  TIMe+R2       2584.256     32  5232.513     5237.035     5367.380
WARNING: Number of threads seems too high for short alignments. Use -nt AUTO to determine best number of threads.
162  TIMe+R3       2584.255     34  5236.510     5241.628     5379.806
WARNING: Number of threads seems too high for short alignments. Use -nt AUTO to determine best number of threads.
170  TIM+F         2562.294     33  5190.589     5195.404     5329.671
WARNING: Number of threads seems too high for short alignments. Use -nt AUTO to determine best number of threads.
171  TIM+F+I       2562.287     34  5192.575     5197.693     5335.871
WARNING: Number of threads seems too high for short alignments. Use -nt AUTO to determine best number of threads.
172  TIM+F+G4      2562.281     34  5192.561     5197.679     5335.858
WARNING: Number of threads seems too high for short alignments. Use -nt AUTO to determine best number of threads.
173  TIM+F+I+G4    2562.665     35  5195.330     5200.761     5342.842
WARNING: Number of threads seems too high for short alignments. Use -nt AUTO to determine best number of threads.
174  TIM+F+R2      2562.297     35  5194.594     5200.025     5342.106
WARNING: Number of threads seems too high for short alignments. Use -nt AUTO to determine best number of threads.
175  TIM+F+R3      2562.291     37  5198.583     5204.670     5354.523
WARNING: Number of threads seems too high for short alignments. Use -nt AUTO to determine best number of threads.
183  TIM2e         2581.932     30  5223.863     5227.829     5350.302
WARNING: Number of threads seems too high for short alignments. Use -nt AUTO to determine best number of threads.
184  TIM2e+I       2581.829     31  5225.658     5229.898     5356.311
WARNING: Number of threads seems too high for short alignments. Use -nt AUTO to determine best number of threads.
185  TIM2e+G4      2581.878     31  5225.755     5229.995     5356.408
WARNING: Number of threads seems too high for short alignments. Use -nt AUTO to determine best number of threads.
186  TIM2e+I+G4    2581.958     32  5227.915     5232.438     5362.782
WARNING: Number of threads seems too high for short alignments. Use -nt AUTO to determine best number of threads.
187  TIM2e+R2      2581.880     32  5227.760     5232.283     5362.628
WARNING: Number of threads seems too high for short alignments. Use -nt AUTO to determine best number of threads.
188  TIM2e+R3      2581.880     34  5231.760     5236.878     5375.057
WARNING: Number of threads seems too high for short alignments. Use -nt AUTO to determine best number of threads.
196  TIM2+F        2561.259     33  5188.518     5193.333     5327.600
WARNING: Number of threads seems too high for short alignments. Use -nt AUTO to determine best number of threads.
197  TIM2+F+I      2561.251     34  5190.502     5195.620     5333.799
WARNING: Number of threads seems too high for short alignments. Use -nt AUTO to determine best number of threads.
198  TIM2+F+G4     2561.247     34  5190.494     5195.612     5333.791
WARNING: Number of threads seems too high for short alignments. Use -nt AUTO to determine best number of threads.
199  TIM2+F+I+G4   2561.586     35  5193.171     5198.603     5340.683
WARNING: Number of threads seems too high for short alignments. Use -nt AUTO to determine best number of threads.
200  TIM2+F+R2     2561.262     35  5192.525     5197.956     5340.036
WARNING: Number of threads seems too high for short alignments. Use -nt AUTO to determine best number of threads.
201  TIM2+F+R3     2561.261     37  5196.523     5202.609     5352.463
WARNING: Number of threads seems too high for short alignments. Use -nt AUTO to determine best number of threads.
209  TIM3e         2583.930     30  5227.860     5231.826     5354.298
WARNING: Number of threads seems too high for short alignments. Use -nt AUTO to determine best number of threads.
210  TIM3e+I       2583.824     31  5229.648     5233.887     5360.301
WARNING: Number of threads seems too high for short alignments. Use -nt AUTO to determine best number of threads.
211  TIM3e+G4      2583.870     31  5229.739     5233.979     5360.392
WARNING: Number of threads seems too high for short alignments. Use -nt AUTO to determine best number of threads.
212  TIM3e+I+G4    2583.927     32  5231.854     5236.377     5366.722
WARNING: Number of threads seems too high for short alignments. Use -nt AUTO to determine best number of threads.
213  TIM3e+R2      2583.873     32  5231.746     5236.268     5366.613
WARNING: Number of threads seems too high for short alignments. Use -nt AUTO to determine best number of threads.
214  TIM3e+R3      2583.873     34  5235.746     5240.864     5379.043
WARNING: Number of threads seems too high for short alignments. Use -nt AUTO to determine best number of threads.
222  TIM3+F        2562.282     33  5190.564     5195.380     5329.647
WARNING: Number of threads seems too high for short alignments. Use -nt AUTO to determine best number of threads.
223  TIM3+F+I      2562.276     34  5192.552     5197.671     5335.849
WARNING: Number of threads seems too high for short alignments. Use -nt AUTO to determine best number of threads.
224  TIM3+F+G4     2562.268     34  5192.537     5197.655     5335.834
WARNING: Number of threads seems too high for short alignments. Use -nt AUTO to determine best number of threads.
225  TIM3+F+I+G4   2562.596     35  5195.193     5200.624     5342.704
WARNING: Number of threads seems too high for short alignments. Use -nt AUTO to determine best number of threads.
226  TIM3+F+R2     2562.281     35  5194.561     5199.992     5342.073
WARNING: Number of threads seems too high for short alignments. Use -nt AUTO to determine best number of threads.
227  TIM3+F+R3     2562.280     37  5198.559     5204.646     5354.500
WARNING: Number of threads seems too high for short alignments. Use -nt AUTO to determine best number of threads.
235  TVMe          2581.660     31  5225.321     5229.560     5355.974
WARNING: Number of threads seems too high for short alignments. Use -nt AUTO to determine best number of threads.
236  TVMe+I        2581.508     32  5227.016     5231.538     5361.883
WARNING: Number of threads seems too high for short alignments. Use -nt AUTO to determine best number of threads.
237  TVMe+G4       2581.571     32  5227.142     5231.664     5362.009
WARNING: Number of threads seems too high for short alignments. Use -nt AUTO to determine best number of threads.
238  TVMe+I+G4     2581.563     33  5229.126     5233.941     5368.208
WARNING: Number of threads seems too high for short alignments. Use -nt AUTO to determine best number of threads.
239  TVMe+R2       2581.581     33  5229.163     5233.978     5368.245
WARNING: Number of threads seems too high for short alignments. Use -nt AUTO to determine best number of threads.
240  TVMe+R3       2581.580     35  5233.159     5238.590     5380.671
WARNING: Number of threads seems too high for short alignments. Use -nt AUTO to determine best number of threads.
248  TVM+F         2563.096     34  5194.193     5199.311     5337.490
WARNING: Number of threads seems too high for short alignments. Use -nt AUTO to determine best number of threads.
249  TVM+F+I       2563.089     35  5196.177     5201.608     5343.688
WARNING: Number of threads seems too high for short alignments. Use -nt AUTO to determine best number of threads.
250  TVM+F+G4      2563.076     35  5196.152     5201.583     5343.663
WARNING: Number of threads seems too high for short alignments. Use -nt AUTO to determine best number of threads.
251  TVM+F+I+G4    2563.371     36  5198.742     5204.496     5350.468
WARNING: Number of threads seems too high for short alignments. Use -nt AUTO to determine best number of threads.
252  TVM+F+R2      2563.084     36  5198.168     5203.922     5349.894
WARNING: Number of threads seems too high for short alignments. Use -nt AUTO to determine best number of threads.
253  TVM+F+R3      2563.083     38  5202.165     5208.595     5362.320
WARNING: Number of threads seems too high for short alignments. Use -nt AUTO to determine best number of threads.
261  SYM           2581.390     32  5226.779     5231.302     5361.647
WARNING: Number of threads seems too high for short alignments. Use -nt AUTO to determine best number of threads.
262  SYM+I         2581.244     33  5228.489     5233.304     5367.571
WARNING: Number of threads seems too high for short alignments. Use -nt AUTO to determine best number of threads.
263  SYM+G4        2581.310     33  5228.620     5233.435     5367.702
WARNING: Number of threads seems too high for short alignments. Use -nt AUTO to determine best number of threads.
264  SYM+I+G4      2581.295     34  5230.590     5235.709     5373.887
WARNING: Number of threads seems too high for short alignments. Use -nt AUTO to determine best number of threads.
265  SYM+R2        2581.317     34  5230.634     5235.753     5373.931
WARNING: Number of threads seems too high for short alignments. Use -nt AUTO to determine best number of threads.
266  SYM+R3        2581.316     36  5234.632     5240.386     5386.358
WARNING: Number of threads seems too high for short alignments. Use -nt AUTO to determine best number of threads.
274  GTR+F         2561.227     35  5192.454     5197.885     5339.965
WARNING: Number of threads seems too high for short alignments. Use -nt AUTO to determine best number of threads.
275  GTR+F+I       2561.221     36  5194.441     5200.195     5346.167
WARNING: Number of threads seems too high for short alignments. Use -nt AUTO to determine best number of threads.
276  GTR+F+G4      2561.216     36  5194.432     5200.185     5346.157
WARNING: Number of threads seems too high for short alignments. Use -nt AUTO to determine best number of threads.
277  GTR+F+I+G4    2561.488     37  5196.976     5203.062     5352.916
WARNING: Number of threads seems too high for short alignments. Use -nt AUTO to determine best number of threads.
278  GTR+F+R2      2561.228     37  5196.457     5202.543     5352.397
WARNING: Number of threads seems too high for short alignments. Use -nt AUTO to determine best number of threads.
279  GTR+F+R3      2561.225     39  5200.451     5207.233     5364.820
Akaike Information Criterion:           TIM2+F
Corrected Akaike Information Criterion: TN+F
Bayesian Information Criterion:         HKY+F
Best-fit model: HKY+F chosen according to BIC

All model information printed to examples/15taxon_300genes_4cores//aln_seqs/1_seqgen116.nex.aln.model.gz
CPU time for ModelFinder: 4.333 seconds (0h:0m:4s)
Wall-clock time for ModelFinder: 102.918 seconds (0h:1m:42s)
Generating 1000 samples for ultrafast bootstrap (seed: 330638)...

NOTE: 0 MB RAM (0 GB) is required!
WARNING: Number of threads seems too high for short alignments. Use -nt AUTO to determine best number of threads.
Estimate model parameters (epsilon = 0.100)
1. Initial log-likelihood: -2651.817
2. Current log-likelihood: -2647.744
3. Current log-likelihood: -2627.098
4. Current log-likelihood: -2600.249
5. Current log-likelihood: -2564.271
6. Current log-likelihood: -2564.167
Optimal log-likelihood: -2564.167
Rate parameters:  A-C: 1.00000  A-G: 4.19149  A-T: 1.00000  C-G: 1.00000  C-T: 4.19149  G-T: 1.00000
Base frequencies:  A: 0.254  C: 0.208  G: 0.196  T: 0.343
Parameters optimization took 6 rounds (1.384 sec)
Computing ML distances based on estimated model parameters... 0.002 sec
Computing BIONJ tree...
0.090 seconds
Log-likelihood of BIONJ tree: -2564.167
--------------------------------------------------------------------
|             INITIALIZING CANDIDATE TREE SET                      |
--------------------------------------------------------------------
Generating 99 parsimony trees... 3.652 second
Computing log-likelihood of 99 initial trees ... 22.258 seconds
Current best score: -2564.167

Do NNI search on 20 best initial trees
Estimate model parameters (epsilon = 0.100)
BETTER TREE FOUND at iteration 1: -2564.167
Iteration 10 / LogL: -2564.167 / Time: 0h:0m:43s
Iteration 20 / LogL: -2564.169 / Time: 0h:1m:21s
Finish initializing candidate tree set (1)
Current best tree score: -2564.167 / CPU time: 79.727
Number of iterations: 20
--------------------------------------------------------------------
|               OPTIMIZING CANDIDATE TREE SET                      |
--------------------------------------------------------------------
Iteration 30 / LogL: -2564.167 / Time: 0h:2m:9s (0h:5m:16s left)
Iteration 40 / LogL: -2564.167 / Time: 0h:2m:43s (0h:4m:15s left)
Iteration 50 / LogL: -2564.167 / Time: 0h:3m:10s (0h:3m:18s left)
Log-likelihood cutoff on original alignment: -2596.981
Iteration 60 / LogL: -2564.173 / Time: 0h:3m:41s (0h:2m:33s left)
Iteration 70 / LogL: -2564.263 / Time: 0h:4m:2s (0h:1m:49s left)
Iteration 80 / LogL: -2564.183 / Time: 0h:4m:24s (0h:1m:10s left)
Iteration 90 / LogL: -2564.192 / Time: 0h:4m:39s (0h:0m:34s left)
Iteration 100 / LogL: -2564.167 / Time: 0h:5m:10s (0h:0m:3s left)
Log-likelihood cutoff on original alignment: -2596.981
NOTE: Bootstrap correlation coefficient of split occurrence frequencies: 1.000
TREE SEARCH COMPLETED AFTER 102 ITERATIONS / Time: 0h:5m:23s

--------------------------------------------------------------------
|                    FINALIZING TREE SEARCH                        |
--------------------------------------------------------------------
Performs final model parameters optimization
Estimate model parameters (epsilon = 0.010)
1. Initial log-likelihood: -2564.167
Optimal log-likelihood: -2564.167
Rate parameters:  A-C: 1.00000  A-G: 4.19149  A-T: 1.00000  C-G: 1.00000  C-T: 4.19149  G-T: 1.00000
Base frequencies:  A: 0.254  C: 0.208  G: 0.196  T: 0.343
Parameters optimization took 1 rounds (0.262 sec)
BEST SCORE FOUND : -2564.167
Creating bootstrap support values...
Split supports printed to NEXUS file examples/15taxon_300genes_4cores//aln_seqs/1_seqgen116.nex.aln.splits.nex
Total tree length: 0.795

Total number of iterations: 102
CPU time used for tree search: 13.812 sec (0h:0m:13s)
Wall-clock time used for tree search: 320.849 sec (0h:5m:20s)
Total CPU time used: 13.984 sec (0h:0m:13s)
Total wall-clock time used: 325.393 sec (0h:5m:25s)

Computing bootstrap consensus tree...
Reading input file examples/15taxon_300genes_4cores//aln_seqs/1_seqgen116.nex.aln.splits.nex...
15 taxa and 55 splits.
Consensus tree written to examples/15taxon_300genes_4cores//aln_seqs/1_seqgen116.nex.aln.contree
Reading input trees file examples/15taxon_300genes_4cores//aln_seqs/1_seqgen116.nex.aln.contree
Log-likelihood of consensus tree: -2564.167

Analysis results written to: 
  IQ-TREE report:                examples/15taxon_300genes_4cores//aln_seqs/1_seqgen116.nex.aln.iqtree
  Maximum-likelihood tree:       examples/15taxon_300genes_4cores//aln_seqs/1_seqgen116.nex.aln.treefile
  Likelihood distances:          examples/15taxon_300genes_4cores//aln_seqs/1_seqgen116.nex.aln.mldist

Ultrafast bootstrap approximation results written to:
  Split support values:          examples/15taxon_300genes_4cores//aln_seqs/1_seqgen116.nex.aln.splits.nex
  Consensus tree:                examples/15taxon_300genes_4cores//aln_seqs/1_seqgen116.nex.aln.contree
  Screen log file:               examples/15taxon_300genes_4cores//aln_seqs/1_seqgen116.nex.aln.log

Date and Time: Mon Feb 18 10:17:43 2019
