IQ-TREE multicore version 1.6.8 for Linux 64-bit built Oct 28 2018
Developed by Bui Quang Minh, Nguyen Lam Tung, Olga Chernomor,
Heiko Schmidt, Dominik Schrempf, Michael Woodhams.

Host:    sango10520.oist.jp (AVX2, FMA3, 125 GB RAM)
Command: iqtree -s examples/15taxon_300genes_4cores//aln_seqs/1_seqgen96.nex.aln -bb 1000 -redo -nt 3 -m MFP
Seed:    544937 (Using SPRNG - Scalable Parallel Random Number Generator)
Time:    Mon Feb 18 10:10:44 2019
Kernel:  AVX+FMA - 3 threads (24 CPU cores detected)

Reading alignment file examples/15taxon_300genes_4cores//aln_seqs/1_seqgen96.nex.aln ... Fasta format detected
Alignment most likely contains DNA/RNA sequences
Alignment has 15 sequences with 500 columns, 187 distinct patterns
111 parsimony-informative, 153 singleton sites, 236 constant sites
    Gap/Ambiguity  Composition  p-value
   1  A5    0.00%    passed     76.33%
   2  A     0.00%    passed     86.90%
   3  B     0.00%    passed     63.53%
   4  C     0.00%    passed     97.59%
   5  F     0.00%    passed     94.01%
   6  D     0.00%    passed     93.11%
   7  E     0.00%    passed     99.66%
   8  A4    0.00%    passed     91.16%
   9  A2    0.00%    passed     77.09%
  10  A3    0.00%    passed     81.74%
  11  A0    0.00%    passed     97.36%
  12  A1    0.00%    passed     99.99%
  13  G     0.00%    passed     99.14%
  14  H     0.00%    passed     80.94%
  15  I     0.00%    passed     93.19%
****  TOTAL    0.00%  0 sequences failed composition chi2 test (p-value<5%; df=3)


Create initial parsimony tree by phylogenetic likelihood library (PLL)... 0.000 seconds
NOTE: ModelFinder requires 1 MB RAM!
ModelFinder will test 286 DNA models (sample size: 500) ...
 No. Model         -LnL         df  AIC          AICc         BIC
WARNING: Number of threads seems too high for short alignments. Use -nt AUTO to determine best number of threads.
  1  JC            2586.252     27  5226.503     5229.707     5340.298
WARNING: Number of threads seems too high for short alignments. Use -nt AUTO to determine best number of threads.
  2  JC+I          2586.252     28  5228.503     5231.951     5346.512
WARNING: Number of threads seems too high for short alignments. Use -nt AUTO to determine best number of threads.
  3  JC+G4         2586.256     28  5228.512     5231.960     5346.521
WARNING: Number of threads seems too high for short alignments. Use -nt AUTO to determine best number of threads.
  4  JC+I+G4       2587.403     29  5232.805     5236.507     5355.029
WARNING: Number of threads seems too high for short alignments. Use -nt AUTO to determine best number of threads.
  5  JC+R2         2586.570     29  5231.140     5234.843     5353.364
WARNING: Number of threads seems too high for short alignments. Use -nt AUTO to determine best number of threads.
  6  JC+R3         2586.477     31  5234.955     5239.194     5365.607
WARNING: Number of threads seems too high for short alignments. Use -nt AUTO to determine best number of threads.
 14  F81+F         2565.174     30  5190.348     5194.314     5316.787
WARNING: Number of threads seems too high for short alignments. Use -nt AUTO to determine best number of threads.
 15  F81+F+I       2565.174     31  5192.348     5196.588     5323.001
WARNING: Number of threads seems too high for short alignments. Use -nt AUTO to determine best number of threads.
 16  F81+F+G4      2565.180     31  5192.359     5196.599     5323.012
WARNING: Number of threads seems too high for short alignments. Use -nt AUTO to determine best number of threads.
 17  F81+F+I+G4    2566.322     32  5196.643     5201.166     5331.511
WARNING: Number of threads seems too high for short alignments. Use -nt AUTO to determine best number of threads.
 18  F81+F+R2      2565.462     32  5194.923     5199.446     5329.791
WARNING: Number of threads seems too high for short alignments. Use -nt AUTO to determine best number of threads.
 19  F81+F+R3      2565.369     34  5198.738     5203.857     5342.035
WARNING: Number of threads seems too high for short alignments. Use -nt AUTO to determine best number of threads.
 27  K2P           2502.663     28  5061.327     5064.775     5179.336
WARNING: Number of threads seems too high for short alignments. Use -nt AUTO to determine best number of threads.
 28  K2P+I         2502.663     29  5063.327     5067.029     5185.550
WARNING: Number of threads seems too high for short alignments. Use -nt AUTO to determine best number of threads.
 29  K2P+G4        2502.664     29  5063.328     5067.030     5185.552
WARNING: Number of threads seems too high for short alignments. Use -nt AUTO to determine best number of threads.
 30  K2P+I+G4      2503.288     30  5066.577     5070.543     5193.015
WARNING: Number of threads seems too high for short alignments. Use -nt AUTO to determine best number of threads.
 31  K2P+R2        2502.733     30  5065.466     5069.432     5191.904
WARNING: Number of threads seems too high for short alignments. Use -nt AUTO to determine best number of threads.
 32  K2P+R3        2502.702     32  5069.405     5073.927     5204.272
WARNING: Number of threads seems too high for short alignments. Use -nt AUTO to determine best number of threads.
 40  HKY+F         2471.375     31  5004.750     5008.989     5135.402
WARNING: Number of threads seems too high for short alignments. Use -nt AUTO to determine best number of threads.
 41  HKY+F+I       2471.375     32  5006.750     5011.272     5141.617
WARNING: Number of threads seems too high for short alignments. Use -nt AUTO to determine best number of threads.
 42  HKY+F+G4      2471.376     32  5006.752     5011.275     5141.620
WARNING: Number of threads seems too high for short alignments. Use -nt AUTO to determine best number of threads.
 43  HKY+F+I+G4    2472.115     33  5010.230     5015.045     5149.312
WARNING: Number of threads seems too high for short alignments. Use -nt AUTO to determine best number of threads.
 44  HKY+F+R2      2471.461     33  5008.923     5013.738     5148.005
WARNING: Number of threads seems too high for short alignments. Use -nt AUTO to determine best number of threads.
 45  HKY+F+R3      2471.426     35  5012.852     5018.283     5160.364
WARNING: Number of threads seems too high for short alignments. Use -nt AUTO to determine best number of threads.
 53  TNe           2502.530     29  5063.061     5066.763     5185.284
WARNING: Number of threads seems too high for short alignments. Use -nt AUTO to determine best number of threads.
 54  TNe+I         2502.530     30  5065.061     5069.027     5191.499
WARNING: Number of threads seems too high for short alignments. Use -nt AUTO to determine best number of threads.
 55  TNe+G4        2502.531     30  5065.062     5069.028     5191.500
WARNING: Number of threads seems too high for short alignments. Use -nt AUTO to determine best number of threads.
 56  TNe+I+G4      2503.092     31  5068.184     5072.423     5198.837
WARNING: Number of threads seems too high for short alignments. Use -nt AUTO to determine best number of threads.
 57  TNe+R2        2502.582     31  5067.163     5071.402     5197.816
WARNING: Number of threads seems too high for short alignments. Use -nt AUTO to determine best number of threads.
 58  TNe+R3        2502.558     33  5071.117     5075.932     5210.199
WARNING: Number of threads seems too high for short alignments. Use -nt AUTO to determine best number of threads.
 66  TN+F          2471.144     32  5006.288     5010.810     5141.155
WARNING: Number of threads seems too high for short alignments. Use -nt AUTO to determine best number of threads.
 67  TN+F+I        2471.144     33  5008.288     5013.103     5147.370
WARNING: Number of threads seems too high for short alignments. Use -nt AUTO to determine best number of threads.
 68  TN+F+G4       2471.145     33  5008.290     5013.106     5147.372
WARNING: Number of threads seems too high for short alignments. Use -nt AUTO to determine best number of threads.
 69  TN+F+I+G4     2471.827     34  5011.655     5016.773     5154.951
WARNING: Number of threads seems too high for short alignments. Use -nt AUTO to determine best number of threads.
 70  TN+F+R2       2471.212     34  5010.423     5015.541     5153.720
WARNING: Number of threads seems too high for short alignments. Use -nt AUTO to determine best number of threads.
 71  TN+F+R3       2471.183     36  5014.367     5020.121     5166.093
WARNING: Number of threads seems too high for short alignments. Use -nt AUTO to determine best number of threads.
 79  K3P           2502.260     29  5062.521     5066.223     5184.744
WARNING: Number of threads seems too high for short alignments. Use -nt AUTO to determine best number of threads.
 80  K3P+I         2502.260     30  5064.521     5068.487     5190.959
WARNING: Number of threads seems too high for short alignments. Use -nt AUTO to determine best number of threads.
 81  K3P+G4        2502.261     30  5064.522     5068.487     5190.960
WARNING: Number of threads seems too high for short alignments. Use -nt AUTO to determine best number of threads.
 82  K3P+I+G4      2502.729     31  5067.457     5071.696     5198.110
WARNING: Number of threads seems too high for short alignments. Use -nt AUTO to determine best number of threads.
 83  K3P+R2        2502.296     31  5066.592     5070.831     5197.245
WARNING: Number of threads seems too high for short alignments. Use -nt AUTO to determine best number of threads.
 84  K3P+R3        2502.279     33  5070.557     5075.372     5209.639
WARNING: Number of threads seems too high for short alignments. Use -nt AUTO to determine best number of threads.
 92  K3Pu+F        2471.369     32  5006.737     5011.260     5141.605
WARNING: Number of threads seems too high for short alignments. Use -nt AUTO to determine best number of threads.
 93  K3Pu+F+I      2471.369     33  5008.737     5013.553     5147.820
WARNING: Number of threads seems too high for short alignments. Use -nt AUTO to determine best number of threads.
 94  K3Pu+F+G4     2471.370     33  5008.740     5013.556     5147.822
WARNING: Number of threads seems too high for short alignments. Use -nt AUTO to determine best number of threads.
 95  K3Pu+F+I+G4   2471.955     34  5011.911     5017.029     5155.208
WARNING: Number of threads seems too high for short alignments. Use -nt AUTO to determine best number of threads.
 96  K3Pu+F+R2     2471.424     34  5010.849     5015.967     5154.145
WARNING: Number of threads seems too high for short alignments. Use -nt AUTO to determine best number of threads.
 97  K3Pu+F+R3     2471.401     36  5014.802     5020.555     5166.528
WARNING: Number of threads seems too high for short alignments. Use -nt AUTO to determine best number of threads.
105  TPM2+F        2470.870     32  5005.740     5010.263     5140.608
WARNING: Number of threads seems too high for short alignments. Use -nt AUTO to determine best number of threads.
106  TPM2+F+I      2470.870     33  5007.740     5012.556     5146.822
WARNING: Number of threads seems too high for short alignments. Use -nt AUTO to determine best number of threads.
107  TPM2+F+G4     2470.871     33  5007.743     5012.558     5146.825
WARNING: Number of threads seems too high for short alignments. Use -nt AUTO to determine best number of threads.
108  TPM2+F+I+G4   2471.430     34  5010.860     5015.978     5154.157
WARNING: Number of threads seems too high for short alignments. Use -nt AUTO to determine best number of threads.
109  TPM2+F+R2     2470.919     34  5009.839     5014.957     5153.136
WARNING: Number of threads seems too high for short alignments. Use -nt AUTO to determine best number of threads.
110  TPM2+F+R3     2470.898     36  5013.797     5019.550     5165.522
WARNING: Number of threads seems too high for short alignments. Use -nt AUTO to determine best number of threads.
118  TPM2u+F       2470.870     32  5005.740     5010.263     5140.608
WARNING: Number of threads seems too high for short alignments. Use -nt AUTO to determine best number of threads.
119  TPM2u+F+I     2470.870     33  5007.740     5012.556     5146.822
WARNING: Number of threads seems too high for short alignments. Use -nt AUTO to determine best number of threads.
120  TPM2u+F+G4    2470.871     33  5007.743     5012.558     5146.825
WARNING: Number of threads seems too high for short alignments. Use -nt AUTO to determine best number of threads.
121  TPM2u+F+I+G4  2471.400     34  5010.800     5015.919     5154.097
WARNING: Number of threads seems too high for short alignments. Use -nt AUTO to determine best number of threads.
122  TPM2u+F+R2    2470.914     34  5009.829     5014.947     5153.126
WARNING: Number of threads seems too high for short alignments. Use -nt AUTO to determine best number of threads.
123  TPM2u+F+R3    2470.895     36  5013.790     5019.544     5165.516
WARNING: Number of threads seems too high for short alignments. Use -nt AUTO to determine best number of threads.
131  TPM3+F        2471.222     32  5006.444     5010.967     5141.312
WARNING: Number of threads seems too high for short alignments. Use -nt AUTO to determine best number of threads.
132  TPM3+F+I      2471.222     33  5008.444     5013.260     5147.526
WARNING: Number of threads seems too high for short alignments. Use -nt AUTO to determine best number of threads.
133  TPM3+F+G4     2471.224     33  5008.447     5013.263     5147.529
WARNING: Number of threads seems too high for short alignments. Use -nt AUTO to determine best number of threads.
134  TPM3+F+I+G4   2471.721     34  5011.443     5016.561     5154.740
WARNING: Number of threads seems too high for short alignments. Use -nt AUTO to determine best number of threads.
135  TPM3+F+R2     2471.264     34  5010.528     5015.646     5153.825
WARNING: Number of threads seems too high for short alignments. Use -nt AUTO to determine best number of threads.
136  TPM3+F+R3     2471.246     36  5014.491     5020.245     5166.217
WARNING: Number of threads seems too high for short alignments. Use -nt AUTO to determine best number of threads.
144  TPM3u+F       2471.222     32  5006.444     5010.967     5141.312
WARNING: Number of threads seems too high for short alignments. Use -nt AUTO to determine best number of threads.
145  TPM3u+F+I     2471.222     33  5008.444     5013.260     5147.526
WARNING: Number of threads seems too high for short alignments. Use -nt AUTO to determine best number of threads.
146  TPM3u+F+G4    2471.224     33  5008.447     5013.262     5147.529
WARNING: Number of threads seems too high for short alignments. Use -nt AUTO to determine best number of threads.
147  TPM3u+F+I+G4  2471.697     34  5011.393     5016.511     5154.690
WARNING: Number of threads seems too high for short alignments. Use -nt AUTO to determine best number of threads.
148  TPM3u+F+R2    2471.260     34  5010.520     5015.638     5153.817
WARNING: Number of threads seems too high for short alignments. Use -nt AUTO to determine best number of threads.
149  TPM3u+F+R3    2471.243     36  5014.486     5020.240     5166.212
WARNING: Number of threads seems too high for short alignments. Use -nt AUTO to determine best number of threads.
157  TIMe          2502.129     30  5064.258     5068.224     5190.696
WARNING: Number of threads seems too high for short alignments. Use -nt AUTO to determine best number of threads.
158  TIMe+I        2502.129     31  5066.258     5070.497     5196.911
WARNING: Number of threads seems too high for short alignments. Use -nt AUTO to determine best number of threads.
159  TIMe+G4       2502.129     31  5066.258     5070.498     5196.911
WARNING: Number of threads seems too high for short alignments. Use -nt AUTO to determine best number of threads.
160  TIMe+I+G4     2502.470     32  5068.939     5073.462     5203.807
WARNING: Number of threads seems too high for short alignments. Use -nt AUTO to determine best number of threads.
161  TIMe+R2       2502.145     32  5068.290     5072.813     5203.158
WARNING: Number of threads seems too high for short alignments. Use -nt AUTO to determine best number of threads.
162  TIMe+R3       2502.136     34  5072.273     5077.391     5215.570
WARNING: Number of threads seems too high for short alignments. Use -nt AUTO to determine best number of threads.
170  TIM+F         2471.139     33  5008.278     5013.094     5147.360
WARNING: Number of threads seems too high for short alignments. Use -nt AUTO to determine best number of threads.
171  TIM+F+I       2471.139     34  5010.278     5015.396     5153.574
WARNING: Number of threads seems too high for short alignments. Use -nt AUTO to determine best number of threads.
172  TIM+F+G4      2471.140     34  5010.280     5015.398     5153.577
WARNING: Number of threads seems too high for short alignments. Use -nt AUTO to determine best number of threads.
173  TIM+F+I+G4    2471.590     35  5013.180     5018.611     5160.692
WARNING: Number of threads seems too high for short alignments. Use -nt AUTO to determine best number of threads.
174  TIM+F+R2      2471.169     35  5012.338     5017.769     5159.849
WARNING: Number of threads seems too high for short alignments. Use -nt AUTO to determine best number of threads.
175  TIM+F+R3      2471.155     37  5016.310     5022.397     5172.250
WARNING: Number of threads seems too high for short alignments. Use -nt AUTO to determine best number of threads.
183  TIM2e         2499.850     30  5059.701     5063.667     5186.139
WARNING: Number of threads seems too high for short alignments. Use -nt AUTO to determine best number of threads.
184  TIM2e+I       2499.848     31  5061.696     5065.935     5192.349
WARNING: Number of threads seems too high for short alignments. Use -nt AUTO to determine best number of threads.
185  TIM2e+G4      2499.844     31  5061.689     5065.928     5192.342
WARNING: Number of threads seems too high for short alignments. Use -nt AUTO to determine best number of threads.
186  TIM2e+I+G4    2500.079     32  5064.158     5068.681     5199.026
WARNING: Number of threads seems too high for short alignments. Use -nt AUTO to determine best number of threads.
187  TIM2e+R2      2499.846     32  5063.691     5068.214     5198.559
WARNING: Number of threads seems too high for short alignments. Use -nt AUTO to determine best number of threads.
188  TIM2e+R3      2499.846     34  5067.691     5072.809     5210.988
WARNING: Number of threads seems too high for short alignments. Use -nt AUTO to determine best number of threads.
196  TIM2+F        2470.644     33  5007.288     5012.103     5146.370
WARNING: Number of threads seems too high for short alignments. Use -nt AUTO to determine best number of threads.
197  TIM2+F+I      2470.644     34  5009.288     5014.406     5152.585
WARNING: Number of threads seems too high for short alignments. Use -nt AUTO to determine best number of threads.
198  TIM2+F+G4     2470.645     34  5009.290     5014.409     5152.587
WARNING: Number of threads seems too high for short alignments. Use -nt AUTO to determine best number of threads.
199  TIM2+F+I+G4   2471.064     35  5012.129     5017.560     5159.640
WARNING: Number of threads seems too high for short alignments. Use -nt AUTO to determine best number of threads.
200  TIM2+F+R2     2470.672     35  5011.343     5016.774     5158.854
WARNING: Number of threads seems too high for short alignments. Use -nt AUTO to determine best number of threads.
201  TIM2+F+R3     2470.659     37  5015.318     5021.404     5171.258
WARNING: Number of threads seems too high for short alignments. Use -nt AUTO to determine best number of threads.
209  TIM3e         2500.176     30  5060.353     5064.318     5186.791
WARNING: Number of threads seems too high for short alignments. Use -nt AUTO to determine best number of threads.
210  TIM3e+I       2500.172     31  5062.345     5066.584     5192.998
WARNING: Number of threads seems too high for short alignments. Use -nt AUTO to determine best number of threads.
211  TIM3e+G4      2500.172     31  5062.343     5066.582     5192.996
WARNING: Number of threads seems too high for short alignments. Use -nt AUTO to determine best number of threads.
212  TIM3e+I+G4    2500.372     32  5064.745     5069.267     5199.612
WARNING: Number of threads seems too high for short alignments. Use -nt AUTO to determine best number of threads.
213  TIM3e+R2      2500.171     32  5064.343     5068.865     5199.210
WARNING: Number of threads seems too high for short alignments. Use -nt AUTO to determine best number of threads.
214  TIM3e+R3      2500.171     34  5068.341     5073.459     5211.638
WARNING: Number of threads seems too high for short alignments. Use -nt AUTO to determine best number of threads.
222  TIM3+F        2470.990     33  5007.980     5012.795     5147.062
WARNING: Number of threads seems too high for short alignments. Use -nt AUTO to determine best number of threads.
223  TIM3+F+I      2470.990     34  5009.980     5015.098     5153.276
WARNING: Number of threads seems too high for short alignments. Use -nt AUTO to determine best number of threads.
224  TIM3+F+G4     2470.991     34  5009.982     5015.101     5153.279
WARNING: Number of threads seems too high for short alignments. Use -nt AUTO to determine best number of threads.
225  TIM3+F+I+G4   2471.381     35  5012.762     5018.193     5160.273
WARNING: Number of threads seems too high for short alignments. Use -nt AUTO to determine best number of threads.
226  TIM3+F+R2     2471.017     35  5012.034     5017.465     5159.546
WARNING: Number of threads seems too high for short alignments. Use -nt AUTO to determine best number of threads.
227  TIM3+F+R3     2471.005     37  5016.009     5022.096     5171.950
WARNING: Number of threads seems too high for short alignments. Use -nt AUTO to determine best number of threads.
235  TVMe          2497.499     31  5056.997     5061.237     5187.650
WARNING: Number of threads seems too high for short alignments. Use -nt AUTO to determine best number of threads.
236  TVMe+I        2497.475     32  5058.950     5063.473     5193.818
WARNING: Number of threads seems too high for short alignments. Use -nt AUTO to determine best number of threads.
237  TVMe+G4       2497.466     32  5058.932     5063.454     5193.799
WARNING: Number of threads seems too high for short alignments. Use -nt AUTO to determine best number of threads.
238  TVMe+I+G4     2497.586     33  5061.172     5065.987     5200.254
WARNING: Number of threads seems too high for short alignments. Use -nt AUTO to determine best number of threads.
239  TVMe+R2       2497.473     33  5060.946     5065.762     5200.029
WARNING: Number of threads seems too high for short alignments. Use -nt AUTO to determine best number of threads.
240  TVMe+R3       2497.472     35  5064.944     5070.375     5212.456
WARNING: Number of threads seems too high for short alignments. Use -nt AUTO to determine best number of threads.
248  TVM+F         2470.630     34  5009.259     5014.378     5152.556
WARNING: Number of threads seems too high for short alignments. Use -nt AUTO to determine best number of threads.
249  TVM+F+I       2470.630     35  5011.260     5016.691     5158.771
WARNING: Number of threads seems too high for short alignments. Use -nt AUTO to determine best number of threads.
250  TVM+F+G4      2470.631     35  5011.263     5016.694     5158.774
WARNING: Number of threads seems too high for short alignments. Use -nt AUTO to determine best number of threads.
251  TVM+F+I+G4    2470.984     36  5013.969     5019.723     5165.695
WARNING: Number of threads seems too high for short alignments. Use -nt AUTO to determine best number of threads.
252  TVM+F+R2      2470.657     36  5013.313     5019.067     5165.039
WARNING: Number of threads seems too high for short alignments. Use -nt AUTO to determine best number of threads.
253  TVM+F+R3      2470.653     38  5017.306     5023.736     5177.462
WARNING: Number of threads seems too high for short alignments. Use -nt AUTO to determine best number of threads.
261  SYM           2497.369     32  5058.739     5063.261     5193.606
WARNING: Number of threads seems too high for short alignments. Use -nt AUTO to determine best number of threads.
262  SYM+I         2497.348     33  5060.697     5065.512     5199.779
WARNING: Number of threads seems too high for short alignments. Use -nt AUTO to determine best number of threads.
263  SYM+G4        2497.336     33  5060.671     5065.487     5199.753
WARNING: Number of threads seems too high for short alignments. Use -nt AUTO to determine best number of threads.
264  SYM+I+G4      2497.453     34  5062.907     5068.025     5206.203
WARNING: Number of threads seems too high for short alignments. Use -nt AUTO to determine best number of threads.
265  SYM+R2        2497.344     34  5062.688     5067.806     5205.984
WARNING: Number of threads seems too high for short alignments. Use -nt AUTO to determine best number of threads.
266  SYM+R3        2497.343     36  5066.686     5072.439     5218.411
WARNING: Number of threads seems too high for short alignments. Use -nt AUTO to determine best number of threads.
274  GTR+F         2470.403     35  5010.807     5016.238     5158.318
WARNING: Number of threads seems too high for short alignments. Use -nt AUTO to determine best number of threads.
275  GTR+F+I       2470.403     36  5012.807     5018.560     5164.533
WARNING: Number of threads seems too high for short alignments. Use -nt AUTO to determine best number of threads.
276  GTR+F+G4      2470.404     36  5012.809     5018.563     5164.535
WARNING: Number of threads seems too high for short alignments. Use -nt AUTO to determine best number of threads.
277  GTR+F+I+G4    2470.754     37  5015.509     5021.595     5171.449
WARNING: Number of threads seems too high for short alignments. Use -nt AUTO to determine best number of threads.
278  GTR+F+R2      2470.429     37  5014.858     5020.944     5170.798
WARNING: Number of threads seems too high for short alignments. Use -nt AUTO to determine best number of threads.
279  GTR+F+R3      2470.425     39  5018.851     5025.634     5183.221
Akaike Information Criterion:           HKY+F
Corrected Akaike Information Criterion: HKY+F
Bayesian Information Criterion:         HKY+F
Best-fit model: HKY+F chosen according to BIC

All model information printed to examples/15taxon_300genes_4cores//aln_seqs/1_seqgen96.nex.aln.model.gz
CPU time for ModelFinder: 4.062 seconds (0h:0m:4s)
Wall-clock time for ModelFinder: 103.358 seconds (0h:1m:43s)
Generating 1000 samples for ultrafast bootstrap (seed: 544937)...

NOTE: 0 MB RAM (0 GB) is required!
WARNING: Number of threads seems too high for short alignments. Use -nt AUTO to determine best number of threads.
Estimate model parameters (epsilon = 0.100)
1. Initial log-likelihood: -2566.022
2. Current log-likelihood: -2545.366
3. Current log-likelihood: -2527.155
4. Current log-likelihood: -2505.876
5. Current log-likelihood: -2471.504
6. Current log-likelihood: -2471.375
Optimal log-likelihood: -2471.375
Rate parameters:  A-C: 1.00000  A-G: 4.57189  A-T: 1.00000  C-G: 1.00000  C-T: 4.57189  G-T: 1.00000
Base frequencies:  A: 0.307  C: 0.175  G: 0.187  T: 0.330
Parameters optimization took 6 rounds (1.052 sec)
Computing ML distances based on estimated model parameters... 0.002 sec
Computing BIONJ tree...
0.113 seconds
Log-likelihood of BIONJ tree: -2471.380
--------------------------------------------------------------------
|             INITIALIZING CANDIDATE TREE SET                      |
--------------------------------------------------------------------
Generating 98 parsimony trees... 3.596 second
Computing log-likelihood of 98 initial trees ... 40.854 seconds
Current best score: -2471.375

Do NNI search on 20 best initial trees
Estimate model parameters (epsilon = 0.100)
BETTER TREE FOUND at iteration 1: -2471.375
Estimate model parameters (epsilon = 0.100)
BETTER TREE FOUND at iteration 2: -2470.193
Iteration 10 / LogL: -2470.194 / Time: 0h:1m:46s
Iteration 20 / LogL: -2470.193 / Time: 0h:2m:31s
Finish initializing candidate tree set (2)
Current best tree score: -2470.193 / CPU time: 149.543
Number of iterations: 20
--------------------------------------------------------------------
|               OPTIMIZING CANDIDATE TREE SET                      |
--------------------------------------------------------------------
Iteration 30 / LogL: -2470.193 / Time: 0h:3m:1s (0h:7m:30s left)
Iteration 40 / LogL: -2470.227 / Time: 0h:3m:41s (0h:5m:51s left)
Iteration 50 / LogL: -2470.193 / Time: 0h:4m:4s (0h:4m:19s left)
Log-likelihood cutoff on original alignment: -2504.128
Iteration 60 / LogL: -2470.201 / Time: 0h:4m:43s (0h:3m:21s left)
Iteration 70 / LogL: -2470.193 / Time: 0h:4m:53s (0h:2m:16s left)
Iteration 80 / LogL: -2470.198 / Time: 0h:5m:1s (0h:1m:24s left)
Iteration 90 / LogL: -2470.193 / Time: 0h:5m:8s (0h:0m:41s left)
Iteration 100 / LogL: -2470.209 / Time: 0h:5m:15s (0h:0m:6s left)
Log-likelihood cutoff on original alignment: -2504.128
NOTE: Bootstrap correlation coefficient of split occurrence frequencies: 0.999
TREE SEARCH COMPLETED AFTER 103 ITERATIONS / Time: 0h:5m:17s

--------------------------------------------------------------------
|                    FINALIZING TREE SEARCH                        |
--------------------------------------------------------------------
Performs final model parameters optimization
Estimate model parameters (epsilon = 0.010)
1. Initial log-likelihood: -2470.193
Optimal log-likelihood: -2470.193
Rate parameters:  A-C: 1.00000  A-G: 4.60118  A-T: 1.00000  C-G: 1.00000  C-T: 4.60118  G-T: 1.00000
Base frequencies:  A: 0.307  C: 0.175  G: 0.187  T: 0.330
Parameters optimization took 1 rounds (0.032 sec)
BEST SCORE FOUND : -2470.193
Creating bootstrap support values...
Split supports printed to NEXUS file examples/15taxon_300genes_4cores//aln_seqs/1_seqgen96.nex.aln.splits.nex
Total tree length: 0.761

Total number of iterations: 103
CPU time used for tree search: 16.108 sec (0h:0m:16s)
Wall-clock time used for tree search: 315.177 sec (0h:5m:15s)
Total CPU time used: 16.264 sec (0h:0m:16s)
Total wall-clock time used: 318.130 sec (0h:5m:18s)

Computing bootstrap consensus tree...
Reading input file examples/15taxon_300genes_4cores//aln_seqs/1_seqgen96.nex.aln.splits.nex...
15 taxa and 62 splits.
Consensus tree written to examples/15taxon_300genes_4cores//aln_seqs/1_seqgen96.nex.aln.contree
Reading input trees file examples/15taxon_300genes_4cores//aln_seqs/1_seqgen96.nex.aln.contree
Log-likelihood of consensus tree: -2470.193

Analysis results written to: 
  IQ-TREE report:                examples/15taxon_300genes_4cores//aln_seqs/1_seqgen96.nex.aln.iqtree
  Maximum-likelihood tree:       examples/15taxon_300genes_4cores//aln_seqs/1_seqgen96.nex.aln.treefile
  Likelihood distances:          examples/15taxon_300genes_4cores//aln_seqs/1_seqgen96.nex.aln.mldist

Ultrafast bootstrap approximation results written to:
  Split support values:          examples/15taxon_300genes_4cores//aln_seqs/1_seqgen96.nex.aln.splits.nex
  Consensus tree:                examples/15taxon_300genes_4cores//aln_seqs/1_seqgen96.nex.aln.contree
  Screen log file:               examples/15taxon_300genes_4cores//aln_seqs/1_seqgen96.nex.aln.log

Date and Time: Mon Feb 18 10:17:46 2019
