IQ-TREE multicore version 1.6.8 for Linux 64-bit built Oct 28 2018
Developed by Bui Quang Minh, Nguyen Lam Tung, Olga Chernomor,
Heiko Schmidt, Dominik Schrempf, Michael Woodhams.

Host:    sango10520.oist.jp (AVX2, FMA3, 125 GB RAM)
Command: iqtree -s examples/15taxon_300genes_4cores//aln_seqs/1_seqgen202.nex.aln -bb 1000 -redo -nt 3 -m MFP
Seed:    312412 (Using SPRNG - Scalable Parallel Random Number Generator)
Time:    Mon Feb 18 10:10:30 2019
Kernel:  AVX+FMA - 3 threads (24 CPU cores detected)

Reading alignment file examples/15taxon_300genes_4cores//aln_seqs/1_seqgen202.nex.aln ... Fasta format detected
Alignment most likely contains DNA/RNA sequences
Alignment has 15 sequences with 500 columns, 198 distinct patterns
117 parsimony-informative, 151 singleton sites, 232 constant sites
    Gap/Ambiguity  Composition  p-value
   1  G     0.00%    passed     89.64%
   2  A2    0.00%    passed     98.16%
   3  A3    0.00%    passed     96.07%
   4  F     0.00%    passed     93.09%
   5  E     0.00%    passed     92.33%
   6  D     0.00%    passed     88.16%
   7  B     0.00%    passed     89.83%
   8  C     0.00%    passed     95.08%
   9  A4    0.00%    passed     94.86%
  10  H     0.00%    passed     88.03%
  11  I     0.00%    passed     92.61%
  12  A0    0.00%    passed     98.58%
  13  A1    0.00%    passed     87.10%
  14  A     0.00%    passed     89.82%
  15  A5    0.00%    passed     92.64%
****  TOTAL    0.00%  0 sequences failed composition chi2 test (p-value<5%; df=3)


Create initial parsimony tree by phylogenetic likelihood library (PLL)... 0.000 seconds
NOTE: ModelFinder requires 1 MB RAM!
ModelFinder will test 286 DNA models (sample size: 500) ...
 No. Model         -LnL         df  AIC          AICc         BIC
WARNING: Number of threads seems too high for short alignments. Use -nt AUTO to determine best number of threads.
  1  JC            2707.156     27  5468.313     5471.516     5582.107
WARNING: Number of threads seems too high for short alignments. Use -nt AUTO to determine best number of threads.
  2  JC+I          2706.882     28  5469.764     5473.212     5587.773
WARNING: Number of threads seems too high for short alignments. Use -nt AUTO to determine best number of threads.
  3  JC+G4         2706.925     28  5469.851     5473.299     5587.860
WARNING: Number of threads seems too high for short alignments. Use -nt AUTO to determine best number of threads.
  4  JC+I+G4       2707.566     29  5473.133     5476.835     5595.356
WARNING: Number of threads seems too high for short alignments. Use -nt AUTO to determine best number of threads.
  5  JC+R2         2707.017     29  5472.033     5475.736     5594.257
WARNING: Number of threads seems too high for short alignments. Use -nt AUTO to determine best number of threads.
  6  JC+R3         2706.967     31  5475.934     5480.174     5606.587
WARNING: Number of threads seems too high for short alignments. Use -nt AUTO to determine best number of threads.
 14  F81+F         2678.881     30  5417.762     5421.728     5544.200
WARNING: Number of threads seems too high for short alignments. Use -nt AUTO to determine best number of threads.
 15  F81+F+I       2678.780     31  5419.560     5423.799     5550.212
WARNING: Number of threads seems too high for short alignments. Use -nt AUTO to determine best number of threads.
 16  F81+F+G4      2678.792     31  5419.584     5423.824     5550.237
WARNING: Number of threads seems too high for short alignments. Use -nt AUTO to determine best number of threads.
 17  F81+F+I+G4    2679.537     32  5423.074     5427.596     5557.941
WARNING: Number of threads seems too high for short alignments. Use -nt AUTO to determine best number of threads.
 18  F81+F+R2      2678.960     32  5421.921     5426.443     5556.788
WARNING: Number of threads seems too high for short alignments. Use -nt AUTO to determine best number of threads.
 19  F81+F+R3      2678.895     34  5425.790     5430.909     5569.087
WARNING: Number of threads seems too high for short alignments. Use -nt AUTO to determine best number of threads.
 27  K2P           2631.026     28  5318.052     5321.500     5436.061
WARNING: Number of threads seems too high for short alignments. Use -nt AUTO to determine best number of threads.
 28  K2P+I         2630.572     29  5319.143     5322.845     5441.367
WARNING: Number of threads seems too high for short alignments. Use -nt AUTO to determine best number of threads.
 29  K2P+G4        2630.565     29  5319.129     5322.831     5441.353
WARNING: Number of threads seems too high for short alignments. Use -nt AUTO to determine best number of threads.
 30  K2P+I+G4      2630.806     30  5321.611     5325.577     5448.049
WARNING: Number of threads seems too high for short alignments. Use -nt AUTO to determine best number of threads.
 31  K2P+R2        2630.548     30  5321.095     5325.061     5447.534
WARNING: Number of threads seems too high for short alignments. Use -nt AUTO to determine best number of threads.
 32  K2P+R3        2630.545     32  5325.090     5329.613     5459.958
WARNING: Number of threads seems too high for short alignments. Use -nt AUTO to determine best number of threads.
 40  HKY+F         2590.826     31  5243.652     5247.891     5374.305
WARNING: Number of threads seems too high for short alignments. Use -nt AUTO to determine best number of threads.
 41  HKY+F+I       2590.683     32  5245.367     5249.889     5380.234
WARNING: Number of threads seems too high for short alignments. Use -nt AUTO to determine best number of threads.
 42  HKY+F+G4      2590.636     32  5245.273     5249.795     5380.140
WARNING: Number of threads seems too high for short alignments. Use -nt AUTO to determine best number of threads.
 43  HKY+F+I+G4    2591.286     33  5248.572     5253.387     5387.654
WARNING: Number of threads seems too high for short alignments. Use -nt AUTO to determine best number of threads.
 44  HKY+F+R2      2590.685     33  5247.371     5252.186     5386.453
WARNING: Number of threads seems too high for short alignments. Use -nt AUTO to determine best number of threads.
 45  HKY+F+R3      2590.660     35  5251.320     5256.751     5398.832
WARNING: Number of threads seems too high for short alignments. Use -nt AUTO to determine best number of threads.
 53  TNe           2630.472     29  5318.943     5322.645     5441.167
WARNING: Number of threads seems too high for short alignments. Use -nt AUTO to determine best number of threads.
 54  TNe+I         2630.033     30  5320.066     5324.032     5446.505
WARNING: Number of threads seems too high for short alignments. Use -nt AUTO to determine best number of threads.
 55  TNe+G4        2630.036     30  5320.073     5324.039     5446.511
WARNING: Number of threads seems too high for short alignments. Use -nt AUTO to determine best number of threads.
 56  TNe+I+G4      2630.220     31  5322.439     5326.678     5453.092
WARNING: Number of threads seems too high for short alignments. Use -nt AUTO to determine best number of threads.
 57  TNe+R2        2630.018     31  5322.037     5326.276     5452.690
WARNING: Number of threads seems too high for short alignments. Use -nt AUTO to determine best number of threads.
 58  TNe+R3        2630.018     33  5326.037     5330.852     5465.119
WARNING: Number of threads seems too high for short alignments. Use -nt AUTO to determine best number of threads.
 66  TN+F          2590.437     32  5244.875     5249.397     5379.742
WARNING: Number of threads seems too high for short alignments. Use -nt AUTO to determine best number of threads.
 67  TN+F+I        2590.281     33  5246.562     5251.377     5385.644
WARNING: Number of threads seems too high for short alignments. Use -nt AUTO to determine best number of threads.
 68  TN+F+G4       2590.255     33  5246.510     5251.325     5385.592
WARNING: Number of threads seems too high for short alignments. Use -nt AUTO to determine best number of threads.
 69  TN+F+I+G4     2590.773     34  5249.547     5254.665     5392.843
WARNING: Number of threads seems too high for short alignments. Use -nt AUTO to determine best number of threads.
 70  TN+F+R2       2590.288     34  5248.575     5253.694     5391.872
WARNING: Number of threads seems too high for short alignments. Use -nt AUTO to determine best number of threads.
 71  TN+F+R3       2590.281     36  5252.562     5258.316     5404.288
WARNING: Number of threads seems too high for short alignments. Use -nt AUTO to determine best number of threads.
 79  K3P           2628.457     29  5314.914     5318.616     5437.137
WARNING: Number of threads seems too high for short alignments. Use -nt AUTO to determine best number of threads.
 80  K3P+I         2628.005     30  5316.011     5319.977     5442.449
WARNING: Number of threads seems too high for short alignments. Use -nt AUTO to determine best number of threads.
 81  K3P+G4        2628.021     30  5316.041     5320.007     5442.479
WARNING: Number of threads seems too high for short alignments. Use -nt AUTO to determine best number of threads.
 82  K3P+I+G4      2628.137     31  5318.274     5322.513     5448.926
WARNING: Number of threads seems too high for short alignments. Use -nt AUTO to determine best number of threads.
 83  K3P+R2        2628.003     31  5318.007     5322.246     5448.660
WARNING: Number of threads seems too high for short alignments. Use -nt AUTO to determine best number of threads.
 84  K3P+R3        2628.002     33  5322.005     5326.820     5461.087
WARNING: Number of threads seems too high for short alignments. Use -nt AUTO to determine best number of threads.
 92  K3Pu+F        2590.088     32  5244.176     5248.698     5379.043
WARNING: Number of threads seems too high for short alignments. Use -nt AUTO to determine best number of threads.
 93  K3Pu+F+I      2589.941     33  5245.881     5250.697     5384.964
WARNING: Number of threads seems too high for short alignments. Use -nt AUTO to determine best number of threads.
 94  K3Pu+F+G4     2589.910     33  5245.820     5250.635     5384.902
WARNING: Number of threads seems too high for short alignments. Use -nt AUTO to determine best number of threads.
 95  K3Pu+F+I+G4   2590.367     34  5248.735     5253.853     5392.031
WARNING: Number of threads seems too high for short alignments. Use -nt AUTO to determine best number of threads.
 96  K3Pu+F+R2     2589.935     34  5247.869     5252.988     5391.166
WARNING: Number of threads seems too high for short alignments. Use -nt AUTO to determine best number of threads.
 97  K3Pu+F+R3     2589.933     36  5251.865     5257.619     5403.591
WARNING: Number of threads seems too high for short alignments. Use -nt AUTO to determine best number of threads.
105  TPM2+F        2590.756     32  5245.512     5250.035     5380.380
WARNING: Number of threads seems too high for short alignments. Use -nt AUTO to determine best number of threads.
106  TPM2+F+I      2590.603     33  5247.206     5252.022     5386.288
WARNING: Number of threads seems too high for short alignments. Use -nt AUTO to determine best number of threads.
107  TPM2+F+G4     2590.564     33  5247.127     5251.943     5386.209
WARNING: Number of threads seems too high for short alignments. Use -nt AUTO to determine best number of threads.
108  TPM2+F+I+G4   2590.981     34  5249.962     5255.080     5393.258
WARNING: Number of threads seems too high for short alignments. Use -nt AUTO to determine best number of threads.
109  TPM2+F+R2     2590.576     34  5249.151     5254.269     5392.448
WARNING: Number of threads seems too high for short alignments. Use -nt AUTO to determine best number of threads.
110  TPM2+F+R3     2590.572     36  5253.143     5258.897     5404.869
WARNING: Number of threads seems too high for short alignments. Use -nt AUTO to determine best number of threads.
118  TPM2u+F       2590.757     32  5245.514     5250.036     5380.381
WARNING: Number of threads seems too high for short alignments. Use -nt AUTO to determine best number of threads.
119  TPM2u+F+I     2590.603     33  5247.205     5252.021     5386.287
WARNING: Number of threads seems too high for short alignments. Use -nt AUTO to determine best number of threads.
120  TPM2u+F+G4    2590.563     33  5247.127     5251.942     5386.209
WARNING: Number of threads seems too high for short alignments. Use -nt AUTO to determine best number of threads.
121  TPM2u+F+I+G4  2590.947     34  5249.895     5255.013     5393.191
WARNING: Number of threads seems too high for short alignments. Use -nt AUTO to determine best number of threads.
122  TPM2u+F+R2    2590.570     34  5249.141     5254.259     5392.437
WARNING: Number of threads seems too high for short alignments. Use -nt AUTO to determine best number of threads.
123  TPM2u+F+R3    2590.566     36  5253.132     5258.886     5404.858
WARNING: Number of threads seems too high for short alignments. Use -nt AUTO to determine best number of threads.
131  TPM3+F        2590.678     32  5245.357     5249.879     5380.224
WARNING: Number of threads seems too high for short alignments. Use -nt AUTO to determine best number of threads.
132  TPM3+F+I      2590.541     33  5247.082     5251.897     5386.164
WARNING: Number of threads seems too high for short alignments. Use -nt AUTO to determine best number of threads.
133  TPM3+F+G4     2590.486     33  5246.972     5251.787     5386.054
WARNING: Number of threads seems too high for short alignments. Use -nt AUTO to determine best number of threads.
134  TPM3+F+I+G4   2590.879     34  5249.758     5254.877     5393.055
WARNING: Number of threads seems too high for short alignments. Use -nt AUTO to determine best number of threads.
135  TPM3+F+R2     2590.492     34  5248.983     5254.101     5392.280
WARNING: Number of threads seems too high for short alignments. Use -nt AUTO to determine best number of threads.
136  TPM3+F+R3     2590.487     36  5252.975     5258.729     5404.701
WARNING: Number of threads seems too high for short alignments. Use -nt AUTO to determine best number of threads.
144  TPM3u+F       2590.679     32  5245.358     5249.880     5380.225
WARNING: Number of threads seems too high for short alignments. Use -nt AUTO to determine best number of threads.
145  TPM3u+F+I     2590.541     33  5247.081     5251.897     5386.164
WARNING: Number of threads seems too high for short alignments. Use -nt AUTO to determine best number of threads.
146  TPM3u+F+G4    2590.486     33  5246.972     5251.787     5386.054
WARNING: Number of threads seems too high for short alignments. Use -nt AUTO to determine best number of threads.
147  TPM3u+F+I+G4  2590.851     34  5249.701     5254.820     5392.998
WARNING: Number of threads seems too high for short alignments. Use -nt AUTO to determine best number of threads.
148  TPM3u+F+R2    2590.489     34  5248.978     5254.096     5392.274
WARNING: Number of threads seems too high for short alignments. Use -nt AUTO to determine best number of threads.
149  TPM3u+F+R3    2590.485     36  5252.971     5258.724     5404.697
WARNING: Number of threads seems too high for short alignments. Use -nt AUTO to determine best number of threads.
157  TIMe          2627.924     30  5315.848     5319.814     5442.286
WARNING: Number of threads seems too high for short alignments. Use -nt AUTO to determine best number of threads.
158  TIMe+I        2627.487     31  5316.975     5321.214     5447.628
WARNING: Number of threads seems too high for short alignments. Use -nt AUTO to determine best number of threads.
159  TIMe+G4       2627.509     31  5317.018     5321.257     5447.671
WARNING: Number of threads seems too high for short alignments. Use -nt AUTO to determine best number of threads.
160  TIMe+I+G4     2627.538     32  5319.077     5323.599     5453.944
WARNING: Number of threads seems too high for short alignments. Use -nt AUTO to determine best number of threads.
161  TIMe+R2       2627.505     32  5319.011     5323.533     5453.878
WARNING: Number of threads seems too high for short alignments. Use -nt AUTO to determine best number of threads.
162  TIMe+R3       2627.498     34  5322.996     5328.114     5466.292
WARNING: Number of threads seems too high for short alignments. Use -nt AUTO to determine best number of threads.
170  TIM+F         2589.710     33  5245.420     5250.235     5384.502
WARNING: Number of threads seems too high for short alignments. Use -nt AUTO to determine best number of threads.
171  TIM+F+I       2589.551     34  5247.102     5252.220     5390.399
WARNING: Number of threads seems too high for short alignments. Use -nt AUTO to determine best number of threads.
172  TIM+F+G4      2589.539     34  5247.078     5252.196     5390.375
WARNING: Number of threads seems too high for short alignments. Use -nt AUTO to determine best number of threads.
173  TIM+F+I+G4    2589.800     35  5249.600     5255.031     5397.111
WARNING: Number of threads seems too high for short alignments. Use -nt AUTO to determine best number of threads.
174  TIM+F+R2      2589.542     35  5249.085     5254.516     5396.596
WARNING: Number of threads seems too high for short alignments. Use -nt AUTO to determine best number of threads.
175  TIM+F+R3      2589.538     37  5253.076     5259.163     5409.017
WARNING: Number of threads seems too high for short alignments. Use -nt AUTO to determine best number of threads.
183  TIM2e         2628.551     30  5317.103     5321.069     5443.541
WARNING: Number of threads seems too high for short alignments. Use -nt AUTO to determine best number of threads.
184  TIM2e+I       2627.898     31  5317.796     5322.035     5448.449
WARNING: Number of threads seems too high for short alignments. Use -nt AUTO to determine best number of threads.
185  TIM2e+G4      2627.947     31  5317.895     5322.134     5448.548
WARNING: Number of threads seems too high for short alignments. Use -nt AUTO to determine best number of threads.
186  TIM2e+I+G4    2627.901     32  5319.802     5324.325     5454.670
WARNING: Number of threads seems too high for short alignments. Use -nt AUTO to determine best number of threads.
187  TIM2e+R2      2627.974     32  5319.949     5324.471     5454.816
WARNING: Number of threads seems too high for short alignments. Use -nt AUTO to determine best number of threads.
188  TIM2e+R3      2627.950     34  5323.901     5329.019     5467.198
WARNING: Number of threads seems too high for short alignments. Use -nt AUTO to determine best number of threads.
196  TIM2+F        2590.370     33  5246.740     5251.555     5385.822
WARNING: Number of threads seems too high for short alignments. Use -nt AUTO to determine best number of threads.
197  TIM2+F+I      2590.201     34  5248.403     5253.521     5391.700
WARNING: Number of threads seems too high for short alignments. Use -nt AUTO to determine best number of threads.
198  TIM2+F+G4     2590.184     34  5248.368     5253.486     5391.664
WARNING: Number of threads seems too high for short alignments. Use -nt AUTO to determine best number of threads.
199  TIM2+F+I+G4   2590.422     35  5250.843     5256.274     5398.355
WARNING: Number of threads seems too high for short alignments. Use -nt AUTO to determine best number of threads.
200  TIM2+F+R2     2590.188     35  5250.376     5255.807     5397.887
WARNING: Number of threads seems too high for short alignments. Use -nt AUTO to determine best number of threads.
201  TIM2+F+R3     2590.183     37  5254.367     5260.453     5410.307
WARNING: Number of threads seems too high for short alignments. Use -nt AUTO to determine best number of threads.
209  TIM3e         2627.558     30  5315.116     5319.082     5441.554
WARNING: Number of threads seems too high for short alignments. Use -nt AUTO to determine best number of threads.
210  TIM3e+I       2626.992     31  5315.984     5320.224     5446.637
WARNING: Number of threads seems too high for short alignments. Use -nt AUTO to determine best number of threads.
211  TIM3e+G4      2626.921     31  5315.842     5320.081     5446.494
WARNING: Number of threads seems too high for short alignments. Use -nt AUTO to determine best number of threads.
212  TIM3e+I+G4    2626.999     32  5317.997     5322.520     5452.865
WARNING: Number of threads seems too high for short alignments. Use -nt AUTO to determine best number of threads.
213  TIM3e+R2      2626.956     32  5317.913     5322.435     5452.780
WARNING: Number of threads seems too high for short alignments. Use -nt AUTO to determine best number of threads.
214  TIM3e+R3      2626.935     34  5321.870     5326.988     5465.167
WARNING: Number of threads seems too high for short alignments. Use -nt AUTO to determine best number of threads.
222  TIM3+F        2590.286     33  5246.572     5251.388     5385.654
WARNING: Number of threads seems too high for short alignments. Use -nt AUTO to determine best number of threads.
223  TIM3+F+I      2590.137     34  5248.274     5253.392     5391.570
WARNING: Number of threads seems too high for short alignments. Use -nt AUTO to determine best number of threads.
224  TIM3+F+G4     2590.105     34  5248.210     5253.329     5391.507
WARNING: Number of threads seems too high for short alignments. Use -nt AUTO to determine best number of threads.
225  TIM3+F+I+G4   2590.358     35  5250.715     5256.146     5398.226
WARNING: Number of threads seems too high for short alignments. Use -nt AUTO to determine best number of threads.
226  TIM3+F+R2     2590.117     35  5250.235     5255.666     5397.746
WARNING: Number of threads seems too high for short alignments. Use -nt AUTO to determine best number of threads.
227  TIM3+F+R3     2590.110     37  5254.220     5260.307     5410.161
WARNING: Number of threads seems too high for short alignments. Use -nt AUTO to determine best number of threads.
235  TVMe          2625.286     31  5312.572     5316.812     5443.225
WARNING: Number of threads seems too high for short alignments. Use -nt AUTO to determine best number of threads.
236  TVMe+I        2624.497     32  5312.994     5317.517     5447.862
WARNING: Number of threads seems too high for short alignments. Use -nt AUTO to determine best number of threads.
237  TVMe+G4       2624.469     32  5312.939     5317.461     5447.806
WARNING: Number of threads seems too high for short alignments. Use -nt AUTO to determine best number of threads.
238  TVMe+I+G4     2624.477     33  5314.955     5319.770     5454.037
WARNING: Number of threads seems too high for short alignments. Use -nt AUTO to determine best number of threads.
239  TVMe+R2       2624.539     33  5315.078     5319.893     5454.160
WARNING: Number of threads seems too high for short alignments. Use -nt AUTO to determine best number of threads.
240  TVMe+R3       2624.497     35  5318.994     5324.425     5466.505
WARNING: Number of threads seems too high for short alignments. Use -nt AUTO to determine best number of threads.
248  TVM+F         2590.067     34  5248.135     5253.253     5391.432
WARNING: Number of threads seems too high for short alignments. Use -nt AUTO to determine best number of threads.
249  TVM+F+I       2589.924     35  5249.848     5255.279     5397.359
WARNING: Number of threads seems too high for short alignments. Use -nt AUTO to determine best number of threads.
250  TVM+F+G4      2589.888     35  5249.777     5255.208     5397.288
WARNING: Number of threads seems too high for short alignments. Use -nt AUTO to determine best number of threads.
251  TVM+F+I+G4    2590.110     36  5252.221     5257.975     5403.947
WARNING: Number of threads seems too high for short alignments. Use -nt AUTO to determine best number of threads.
252  TVM+F+R2      2589.907     36  5251.815     5257.568     5403.540
WARNING: Number of threads seems too high for short alignments. Use -nt AUTO to determine best number of threads.
253  TVM+F+R3      2589.897     38  5255.795     5262.224     5415.950
WARNING: Number of threads seems too high for short alignments. Use -nt AUTO to determine best number of threads.
261  SYM           2624.748     32  5313.496     5318.018     5448.363
WARNING: Number of threads seems too high for short alignments. Use -nt AUTO to determine best number of threads.
262  SYM+I         2623.980     33  5313.961     5318.776     5453.043
WARNING: Number of threads seems too high for short alignments. Use -nt AUTO to determine best number of threads.
263  SYM+G4        2623.959     33  5313.918     5318.733     5453.000
WARNING: Number of threads seems too high for short alignments. Use -nt AUTO to determine best number of threads.
264  SYM+I+G4      2623.960     34  5315.920     5321.038     5459.216
WARNING: Number of threads seems too high for short alignments. Use -nt AUTO to determine best number of threads.
265  SYM+R2        2624.007     34  5316.013     5321.132     5459.310
WARNING: Number of threads seems too high for short alignments. Use -nt AUTO to determine best number of threads.
266  SYM+R3        2623.973     36  5319.946     5325.700     5471.672
WARNING: Number of threads seems too high for short alignments. Use -nt AUTO to determine best number of threads.
274  GTR+F         2589.688     35  5249.376     5254.807     5396.888
WARNING: Number of threads seems too high for short alignments. Use -nt AUTO to determine best number of threads.
275  GTR+F+I       2589.533     36  5251.066     5256.820     5402.792
WARNING: Number of threads seems too high for short alignments. Use -nt AUTO to determine best number of threads.
276  GTR+F+G4      2589.517     36  5251.033     5256.787     5402.759
WARNING: Number of threads seems too high for short alignments. Use -nt AUTO to determine best number of threads.
277  GTR+F+I+G4    2589.683     37  5253.366     5259.452     5409.306
WARNING: Number of threads seems too high for short alignments. Use -nt AUTO to determine best number of threads.
278  GTR+F+R2      2589.542     37  5253.083     5259.170     5409.024
WARNING: Number of threads seems too high for short alignments. Use -nt AUTO to determine best number of threads.
279  GTR+F+R3      2589.528     39  5257.056     5263.839     5421.426
Akaike Information Criterion:           HKY+F
Corrected Akaike Information Criterion: HKY+F
Bayesian Information Criterion:         HKY+F
Best-fit model: HKY+F chosen according to BIC

All model information printed to examples/15taxon_300genes_4cores//aln_seqs/1_seqgen202.nex.aln.model.gz
CPU time for ModelFinder: 4.323 seconds (0h:0m:4s)
Wall-clock time for ModelFinder: 86.809 seconds (0h:1m:26s)
Generating 1000 samples for ultrafast bootstrap (seed: 312412)...

NOTE: 0 MB RAM (0 GB) is required!
WARNING: Number of threads seems too high for short alignments. Use -nt AUTO to determine best number of threads.
Estimate model parameters (epsilon = 0.100)
1. Initial log-likelihood: -2679.368
2. Current log-likelihood: -2617.524
3. Current log-likelihood: -2591.002
4. Current log-likelihood: -2590.826
Optimal log-likelihood: -2590.826
Rate parameters:  A-C: 1.00000  A-G: 4.17544  A-T: 1.00000  C-G: 1.00000  C-T: 4.17544  G-T: 1.00000
Base frequencies:  A: 0.307  C: 0.173  G: 0.177  T: 0.344
Parameters optimization took 4 rounds (0.915 sec)
Computing ML distances based on estimated model parameters... 0.010 sec
Computing BIONJ tree...
0.081 seconds
Log-likelihood of BIONJ tree: -2590.826
--------------------------------------------------------------------
|             INITIALIZING CANDIDATE TREE SET                      |
--------------------------------------------------------------------
Generating 99 parsimony trees... 3.870 second
Computing log-likelihood of 99 initial trees ... 20.327 seconds
Current best score: -2589.564

Do NNI search on 20 best initial trees
Estimate model parameters (epsilon = 0.100)
BETTER TREE FOUND at iteration 1: -2589.562
Iteration 10 / LogL: -2590.845 / Time: 0h:0m:43s
Iteration 20 / LogL: -2589.563 / Time: 0h:1m:6s
Finish initializing candidate tree set (2)
Current best tree score: -2589.562 / CPU time: 65.285
Number of iterations: 20
--------------------------------------------------------------------
|               OPTIMIZING CANDIDATE TREE SET                      |
--------------------------------------------------------------------
Iteration 30 / LogL: -2589.562 / Time: 0h:1m:30s (0h:3m:41s left)
Iteration 40 / LogL: -2589.562 / Time: 0h:1m:51s (0h:2m:53s left)
Iteration 50 / LogL: -2589.562 / Time: 0h:2m:12s (0h:2m:17s left)
Log-likelihood cutoff on original alignment: -2626.511
Iteration 60 / LogL: -2590.845 / Time: 0h:2m:35s (0h:1m:47s left)
Iteration 70 / LogL: -2589.591 / Time: 0h:3m:5s (0h:1m:23s left)
Iteration 80 / LogL: -2589.564 / Time: 0h:3m:43s (0h:0m:59s left)
Iteration 90 / LogL: -2589.562 / Time: 0h:4m:7s (0h:0m:30s left)
Iteration 100 / LogL: -2589.562 / Time: 0h:4m:36s (0h:0m:2s left)
Log-likelihood cutoff on original alignment: -2626.511
NOTE: Bootstrap correlation coefficient of split occurrence frequencies: 0.999
TREE SEARCH COMPLETED AFTER 102 ITERATIONS / Time: 0h:4m:43s

--------------------------------------------------------------------
|                    FINALIZING TREE SEARCH                        |
--------------------------------------------------------------------
Performs final model parameters optimization
Estimate model parameters (epsilon = 0.010)
1. Initial log-likelihood: -2589.562
Optimal log-likelihood: -2589.562
Rate parameters:  A-C: 1.00000  A-G: 4.20448  A-T: 1.00000  C-G: 1.00000  C-T: 4.20448  G-T: 1.00000
Base frequencies:  A: 0.307  C: 0.173  G: 0.177  T: 0.344
Parameters optimization took 1 rounds (0.094 sec)
BEST SCORE FOUND : -2589.562
Creating bootstrap support values...
Split supports printed to NEXUS file examples/15taxon_300genes_4cores//aln_seqs/1_seqgen202.nex.aln.splits.nex
Total tree length: 0.806

Total number of iterations: 102
CPU time used for tree search: 12.491 sec (0h:0m:12s)
Wall-clock time used for tree search: 281.183 sec (0h:4m:41s)
Total CPU time used: 12.636 sec (0h:0m:12s)
Total wall-clock time used: 284.965 sec (0h:4m:44s)

Computing bootstrap consensus tree...
Reading input file examples/15taxon_300genes_4cores//aln_seqs/1_seqgen202.nex.aln.splits.nex...
15 taxa and 62 splits.
Consensus tree written to examples/15taxon_300genes_4cores//aln_seqs/1_seqgen202.nex.aln.contree
Reading input trees file examples/15taxon_300genes_4cores//aln_seqs/1_seqgen202.nex.aln.contree
Log-likelihood of consensus tree: -2589.562

Analysis results written to: 
  IQ-TREE report:                examples/15taxon_300genes_4cores//aln_seqs/1_seqgen202.nex.aln.iqtree
  Maximum-likelihood tree:       examples/15taxon_300genes_4cores//aln_seqs/1_seqgen202.nex.aln.treefile
  Likelihood distances:          examples/15taxon_300genes_4cores//aln_seqs/1_seqgen202.nex.aln.mldist

Ultrafast bootstrap approximation results written to:
  Split support values:          examples/15taxon_300genes_4cores//aln_seqs/1_seqgen202.nex.aln.splits.nex
  Consensus tree:                examples/15taxon_300genes_4cores//aln_seqs/1_seqgen202.nex.aln.contree
  Screen log file:               examples/15taxon_300genes_4cores//aln_seqs/1_seqgen202.nex.aln.log

Date and Time: Mon Feb 18 10:16:43 2019
