IQ-TREE multicore version 1.6.8 for Linux 64-bit built Oct 28 2018
Developed by Bui Quang Minh, Nguyen Lam Tung, Olga Chernomor,
Heiko Schmidt, Dominik Schrempf, Michael Woodhams.

Host:    sango10520.oist.jp (AVX2, FMA3, 125 GB RAM)
Command: iqtree -s examples/15taxon_300genes_4cores//aln_seqs/1_seqgen102.nex.aln -bb 1000 -redo -nt 3 -m MFP
Seed:    984295 (Using SPRNG - Scalable Parallel Random Number Generator)
Time:    Mon Feb 18 10:10:44 2019
Kernel:  AVX+FMA - 3 threads (24 CPU cores detected)

Reading alignment file examples/15taxon_300genes_4cores//aln_seqs/1_seqgen102.nex.aln ... Fasta format detected
Alignment most likely contains DNA/RNA sequences
Alignment has 15 sequences with 500 columns, 204 distinct patterns
123 parsimony-informative, 156 singleton sites, 221 constant sites
    Gap/Ambiguity  Composition  p-value
   1  A4    0.00%    passed     92.40%
   2  I     0.00%    passed     60.17%
   3  H     0.00%    passed     89.25%
   4  A0    0.00%    passed     74.57%
   5  G     0.00%    passed     57.45%
   6  A1    0.00%    passed     94.22%
   7  A2    0.00%    passed     90.67%
   8  A3    0.00%    passed     86.29%
   9  A5    0.00%    passed     97.38%
  10  A     0.00%    passed     69.31%
  11  B     0.00%    passed     42.09%
  12  C     0.00%    passed     77.27%
  13  F     0.00%    passed     74.15%
  14  D     0.00%    passed     89.32%
  15  E     0.00%    passed     64.68%
****  TOTAL    0.00%  0 sequences failed composition chi2 test (p-value<5%; df=3)


Create initial parsimony tree by phylogenetic likelihood library (PLL)... 0.000 seconds
NOTE: ModelFinder requires 1 MB RAM!
ModelFinder will test 286 DNA models (sample size: 500) ...
 No. Model         -LnL         df  AIC          AICc         BIC
WARNING: Number of threads seems too high for short alignments. Use -nt AUTO to determine best number of threads.
  1  JC            2750.306     27  5554.612     5557.815     5668.406
WARNING: Number of threads seems too high for short alignments. Use -nt AUTO to determine best number of threads.
  2  JC+I          2750.306     28  5556.612     5560.059     5674.621
WARNING: Number of threads seems too high for short alignments. Use -nt AUTO to determine best number of threads.
  3  JC+G4         2750.305     28  5556.611     5560.059     5674.620
WARNING: Number of threads seems too high for short alignments. Use -nt AUTO to determine best number of threads.
  4  JC+I+G4       2751.410     29  5560.820     5564.522     5683.043
WARNING: Number of threads seems too high for short alignments. Use -nt AUTO to determine best number of threads.
  5  JC+R2         2750.482     29  5558.964     5562.666     5681.187
WARNING: Number of threads seems too high for short alignments. Use -nt AUTO to determine best number of threads.
  6  JC+R3         2750.427     31  5562.854     5567.093     5693.506
WARNING: Number of threads seems too high for short alignments. Use -nt AUTO to determine best number of threads.
 14  F81+F         2739.211     30  5538.421     5542.387     5664.859
WARNING: Number of threads seems too high for short alignments. Use -nt AUTO to determine best number of threads.
 15  F81+F+I       2739.211     31  5540.421     5544.660     5671.074
WARNING: Number of threads seems too high for short alignments. Use -nt AUTO to determine best number of threads.
 16  F81+F+G4      2739.212     31  5540.424     5544.663     5671.077
WARNING: Number of threads seems too high for short alignments. Use -nt AUTO to determine best number of threads.
 17  F81+F+I+G4    2740.295     32  5544.590     5549.113     5679.458
WARNING: Number of threads seems too high for short alignments. Use -nt AUTO to determine best number of threads.
 18  F81+F+R2      2739.411     32  5542.821     5547.344     5677.688
WARNING: Number of threads seems too high for short alignments. Use -nt AUTO to determine best number of threads.
 19  F81+F+R3      2739.348     34  5546.696     5551.814     5689.993
WARNING: Number of threads seems too high for short alignments. Use -nt AUTO to determine best number of threads.
 27  K2P           2651.691     28  5359.381     5362.829     5477.390
WARNING: Number of threads seems too high for short alignments. Use -nt AUTO to determine best number of threads.
 28  K2P+I         2651.691     29  5361.381     5365.083     5483.605
WARNING: Number of threads seems too high for short alignments. Use -nt AUTO to determine best number of threads.
 29  K2P+G4        2651.681     29  5361.363     5365.065     5483.587
WARNING: Number of threads seems too high for short alignments. Use -nt AUTO to determine best number of threads.
 30  K2P+I+G4      2652.459     30  5364.918     5368.884     5491.356
WARNING: Number of threads seems too high for short alignments. Use -nt AUTO to determine best number of threads.
 31  K2P+R2        2651.743     30  5363.487     5367.453     5489.925
WARNING: Number of threads seems too high for short alignments. Use -nt AUTO to determine best number of threads.
 32  K2P+R3        2651.715     32  5367.430     5371.953     5502.298
WARNING: Number of threads seems too high for short alignments. Use -nt AUTO to determine best number of threads.
 40  HKY+F         2636.521     31  5335.041     5339.281     5465.694
WARNING: Number of threads seems too high for short alignments. Use -nt AUTO to determine best number of threads.
 41  HKY+F+I       2636.520     32  5337.041     5341.563     5471.908
WARNING: Number of threads seems too high for short alignments. Use -nt AUTO to determine best number of threads.
 42  HKY+F+G4      2636.522     32  5337.043     5341.566     5471.911
WARNING: Number of threads seems too high for short alignments. Use -nt AUTO to determine best number of threads.
 43  HKY+F+I+G4    2637.458     33  5340.916     5345.731     5479.998
WARNING: Number of threads seems too high for short alignments. Use -nt AUTO to determine best number of threads.
 44  HKY+F+R2      2636.646     33  5339.292     5344.108     5478.374
WARNING: Number of threads seems too high for short alignments. Use -nt AUTO to determine best number of threads.
 45  HKY+F+R3      2636.601     35  5343.203     5348.634     5490.714
WARNING: Number of threads seems too high for short alignments. Use -nt AUTO to determine best number of threads.
 53  TNe           2651.041     29  5360.082     5363.784     5482.306
WARNING: Number of threads seems too high for short alignments. Use -nt AUTO to determine best number of threads.
 54  TNe+I         2651.041     30  5362.082     5366.048     5488.520
WARNING: Number of threads seems too high for short alignments. Use -nt AUTO to determine best number of threads.
 55  TNe+G4        2651.035     30  5362.070     5366.036     5488.509
WARNING: Number of threads seems too high for short alignments. Use -nt AUTO to determine best number of threads.
 56  TNe+I+G4      2651.734     31  5365.469     5369.708     5496.122
WARNING: Number of threads seems too high for short alignments. Use -nt AUTO to determine best number of threads.
 57  TNe+R2        2651.077     31  5364.154     5368.393     5494.806
WARNING: Number of threads seems too high for short alignments. Use -nt AUTO to determine best number of threads.
 58  TNe+R3        2651.055     33  5368.111     5372.926     5507.193
WARNING: Number of threads seems too high for short alignments. Use -nt AUTO to determine best number of threads.
 66  TN+F          2635.824     32  5335.648     5340.170     5470.515
WARNING: Number of threads seems too high for short alignments. Use -nt AUTO to determine best number of threads.
 67  TN+F+I        2635.824     33  5337.648     5342.463     5476.730
WARNING: Number of threads seems too high for short alignments. Use -nt AUTO to determine best number of threads.
 68  TN+F+G4       2635.825     33  5337.651     5342.466     5476.733
WARNING: Number of threads seems too high for short alignments. Use -nt AUTO to determine best number of threads.
 69  TN+F+I+G4     2636.707     34  5341.415     5346.533     5484.711
WARNING: Number of threads seems too high for short alignments. Use -nt AUTO to determine best number of threads.
 70  TN+F+R2       2635.927     34  5339.854     5344.972     5483.150
WARNING: Number of threads seems too high for short alignments. Use -nt AUTO to determine best number of threads.
 71  TN+F+R3       2635.889     36  5343.777     5349.531     5495.503
WARNING: Number of threads seems too high for short alignments. Use -nt AUTO to determine best number of threads.
 79  K3P           2651.678     29  5361.356     5365.058     5483.580
WARNING: Number of threads seems too high for short alignments. Use -nt AUTO to determine best number of threads.
 80  K3P+I         2651.678     30  5363.356     5367.322     5489.794
WARNING: Number of threads seems too high for short alignments. Use -nt AUTO to determine best number of threads.
 81  K3P+G4        2651.669     30  5363.338     5367.304     5489.776
WARNING: Number of threads seems too high for short alignments. Use -nt AUTO to determine best number of threads.
 82  K3P+I+G4      2652.254     31  5366.508     5370.747     5497.161
WARNING: Number of threads seems too high for short alignments. Use -nt AUTO to determine best number of threads.
 83  K3P+R2        2651.689     31  5365.378     5369.617     5496.031
WARNING: Number of threads seems too high for short alignments. Use -nt AUTO to determine best number of threads.
 84  K3P+R3        2651.677     33  5369.353     5374.169     5508.435
WARNING: Number of threads seems too high for short alignments. Use -nt AUTO to determine best number of threads.
 92  K3Pu+F        2636.503     32  5337.007     5341.529     5471.874
WARNING: Number of threads seems too high for short alignments. Use -nt AUTO to determine best number of threads.
 93  K3Pu+F+I      2636.503     33  5339.007     5343.822     5478.089
WARNING: Number of threads seems too high for short alignments. Use -nt AUTO to determine best number of threads.
 94  K3Pu+F+G4     2636.505     33  5339.009     5343.825     5478.091
WARNING: Number of threads seems too high for short alignments. Use -nt AUTO to determine best number of threads.
 95  K3Pu+F+I+G4   2637.235     34  5342.470     5347.589     5485.767
WARNING: Number of threads seems too high for short alignments. Use -nt AUTO to determine best number of threads.
 96  K3Pu+F+R2     2636.572     34  5341.144     5346.262     5484.440
WARNING: Number of threads seems too high for short alignments. Use -nt AUTO to determine best number of threads.
 97  K3Pu+F+R3     2636.545     36  5345.089     5350.843     5496.815
WARNING: Number of threads seems too high for short alignments. Use -nt AUTO to determine best number of threads.
105  TPM2+F        2636.277     32  5336.554     5341.076     5471.421
WARNING: Number of threads seems too high for short alignments. Use -nt AUTO to determine best number of threads.
106  TPM2+F+I      2636.277     33  5338.554     5343.369     5477.636
WARNING: Number of threads seems too high for short alignments. Use -nt AUTO to determine best number of threads.
107  TPM2+F+G4     2636.278     33  5338.556     5343.371     5477.638
WARNING: Number of threads seems too high for short alignments. Use -nt AUTO to determine best number of threads.
108  TPM2+F+I+G4   2636.977     34  5341.953     5347.072     5485.250
WARNING: Number of threads seems too high for short alignments. Use -nt AUTO to determine best number of threads.
109  TPM2+F+R2     2636.336     34  5340.672     5345.790     5483.969
WARNING: Number of threads seems too high for short alignments. Use -nt AUTO to determine best number of threads.
110  TPM2+F+R3     2636.312     36  5344.623     5350.377     5496.349
WARNING: Number of threads seems too high for short alignments. Use -nt AUTO to determine best number of threads.
118  TPM2u+F       2636.277     32  5336.554     5341.076     5471.421
WARNING: Number of threads seems too high for short alignments. Use -nt AUTO to determine best number of threads.
119  TPM2u+F+I     2636.277     33  5338.554     5343.369     5477.636
WARNING: Number of threads seems too high for short alignments. Use -nt AUTO to determine best number of threads.
120  TPM2u+F+G4    2636.278     33  5338.556     5343.371     5477.638
WARNING: Number of threads seems too high for short alignments. Use -nt AUTO to determine best number of threads.
121  TPM2u+F+I+G4  2636.937     34  5341.874     5346.992     5485.170
WARNING: Number of threads seems too high for short alignments. Use -nt AUTO to determine best number of threads.
122  TPM2u+F+R2    2636.328     34  5340.656     5345.774     5483.952
WARNING: Number of threads seems too high for short alignments. Use -nt AUTO to determine best number of threads.
123  TPM2u+F+R3    2636.306     36  5344.612     5350.366     5496.338
WARNING: Number of threads seems too high for short alignments. Use -nt AUTO to determine best number of threads.
131  TPM3+F        2634.749     32  5333.498     5338.021     5468.366
WARNING: Number of threads seems too high for short alignments. Use -nt AUTO to determine best number of threads.
132  TPM3+F+I      2634.749     33  5335.498     5340.314     5474.580
WARNING: Number of threads seems too high for short alignments. Use -nt AUTO to determine best number of threads.
133  TPM3+F+G4     2634.751     33  5335.502     5340.317     5474.584
WARNING: Number of threads seems too high for short alignments. Use -nt AUTO to determine best number of threads.
134  TPM3+F+I+G4   2635.426     34  5338.851     5343.970     5482.148
WARNING: Number of threads seems too high for short alignments. Use -nt AUTO to determine best number of threads.
135  TPM3+F+R2     2634.803     34  5337.607     5342.725     5480.904
WARNING: Number of threads seems too high for short alignments. Use -nt AUTO to determine best number of threads.
136  TPM3+F+R3     2634.781     36  5341.561     5347.315     5493.287
WARNING: Number of threads seems too high for short alignments. Use -nt AUTO to determine best number of threads.
144  TPM3u+F       2634.749     32  5333.498     5338.021     5468.366
WARNING: Number of threads seems too high for short alignments. Use -nt AUTO to determine best number of threads.
145  TPM3u+F+I     2634.749     33  5335.498     5340.314     5474.580
WARNING: Number of threads seems too high for short alignments. Use -nt AUTO to determine best number of threads.
146  TPM3u+F+G4    2634.751     33  5335.502     5340.317     5474.584
WARNING: Number of threads seems too high for short alignments. Use -nt AUTO to determine best number of threads.
147  TPM3u+F+I+G4  2635.388     34  5338.777     5343.895     5482.073
WARNING: Number of threads seems too high for short alignments. Use -nt AUTO to determine best number of threads.
148  TPM3u+F+R2    2634.796     34  5337.593     5342.711     5480.889
WARNING: Number of threads seems too high for short alignments. Use -nt AUTO to determine best number of threads.
149  TPM3u+F+R3    2634.776     36  5341.551     5347.305     5493.277
WARNING: Number of threads seems too high for short alignments. Use -nt AUTO to determine best number of threads.
157  TIMe          2651.029     30  5362.057     5366.023     5488.496
WARNING: Number of threads seems too high for short alignments. Use -nt AUTO to determine best number of threads.
158  TIMe+I        2651.029     31  5364.057     5368.297     5494.710
WARNING: Number of threads seems too high for short alignments. Use -nt AUTO to determine best number of threads.
159  TIMe+G4       2651.023     31  5364.045     5368.285     5494.698
WARNING: Number of threads seems too high for short alignments. Use -nt AUTO to determine best number of threads.
160  TIMe+I+G4     2651.442     32  5366.884     5371.407     5501.752
WARNING: Number of threads seems too high for short alignments. Use -nt AUTO to determine best number of threads.
161  TIMe+R2       2651.028     32  5366.055     5370.578     5500.923
WARNING: Number of threads seems too high for short alignments. Use -nt AUTO to determine best number of threads.
162  TIMe+R3       2651.024     34  5370.048     5375.166     5513.344
WARNING: Number of threads seems too high for short alignments. Use -nt AUTO to determine best number of threads.
170  TIM+F         2635.807     33  5337.614     5342.430     5476.696
WARNING: Number of threads seems too high for short alignments. Use -nt AUTO to determine best number of threads.
171  TIM+F+I       2635.807     34  5339.614     5344.732     5482.911
WARNING: Number of threads seems too high for short alignments. Use -nt AUTO to determine best number of threads.
172  TIM+F+G4      2635.809     34  5339.617     5344.736     5482.914
WARNING: Number of threads seems too high for short alignments. Use -nt AUTO to determine best number of threads.
173  TIM+F+I+G4    2636.376     35  5342.752     5348.183     5490.263
WARNING: Number of threads seems too high for short alignments. Use -nt AUTO to determine best number of threads.
174  TIM+F+R2      2635.845     35  5341.689     5347.120     5489.200
WARNING: Number of threads seems too high for short alignments. Use -nt AUTO to determine best number of threads.
175  TIM+F+R3      2635.828     37  5345.656     5351.742     5501.596
WARNING: Number of threads seems too high for short alignments. Use -nt AUTO to determine best number of threads.
183  TIM2e         2649.638     30  5359.275     5363.241     5485.714
WARNING: Number of threads seems too high for short alignments. Use -nt AUTO to determine best number of threads.
184  TIM2e+I       2649.638     31  5361.275     5365.515     5491.928
WARNING: Number of threads seems too high for short alignments. Use -nt AUTO to determine best number of threads.
185  TIM2e+G4      2649.623     31  5361.245     5365.485     5491.898
WARNING: Number of threads seems too high for short alignments. Use -nt AUTO to determine best number of threads.
186  TIM2e+I+G4    2649.986     32  5363.972     5368.494     5498.839
WARNING: Number of threads seems too high for short alignments. Use -nt AUTO to determine best number of threads.
187  TIM2e+R2      2649.626     32  5363.251     5367.774     5498.119
WARNING: Number of threads seems too high for short alignments. Use -nt AUTO to determine best number of threads.
188  TIM2e+R3      2649.626     34  5367.251     5372.369     5510.548
WARNING: Number of threads seems too high for short alignments. Use -nt AUTO to determine best number of threads.
196  TIM2+F        2635.581     33  5337.162     5341.977     5476.244
WARNING: Number of threads seems too high for short alignments. Use -nt AUTO to determine best number of threads.
197  TIM2+F+I      2635.581     34  5339.162     5344.280     5482.458
WARNING: Number of threads seems too high for short alignments. Use -nt AUTO to determine best number of threads.
198  TIM2+F+G4     2635.582     34  5339.165     5344.283     5482.462
WARNING: Number of threads seems too high for short alignments. Use -nt AUTO to determine best number of threads.
199  TIM2+F+I+G4   2636.109     35  5342.218     5347.649     5489.729
WARNING: Number of threads seems too high for short alignments. Use -nt AUTO to determine best number of threads.
200  TIM2+F+R2     2635.614     35  5341.228     5346.659     5488.739
WARNING: Number of threads seems too high for short alignments. Use -nt AUTO to determine best number of threads.
201  TIM2+F+R3     2635.612     37  5345.224     5351.311     5501.165
WARNING: Number of threads seems too high for short alignments. Use -nt AUTO to determine best number of threads.
209  TIM3e         2650.532     30  5361.063     5365.029     5487.501
WARNING: Number of threads seems too high for short alignments. Use -nt AUTO to determine best number of threads.
210  TIM3e+I       2650.532     31  5363.063     5367.302     5493.716
WARNING: Number of threads seems too high for short alignments. Use -nt AUTO to determine best number of threads.
211  TIM3e+G4      2650.531     31  5363.062     5367.301     5493.714
WARNING: Number of threads seems too high for short alignments. Use -nt AUTO to determine best number of threads.
212  TIM3e+I+G4    2650.918     32  5365.837     5370.359     5500.704
WARNING: Number of threads seems too high for short alignments. Use -nt AUTO to determine best number of threads.
213  TIM3e+R2      2650.538     32  5365.075     5369.598     5499.943
WARNING: Number of threads seems too high for short alignments. Use -nt AUTO to determine best number of threads.
214  TIM3e+R3      2650.537     34  5369.073     5374.191     5512.370
WARNING: Number of threads seems too high for short alignments. Use -nt AUTO to determine best number of threads.
222  TIM3+F        2634.045     33  5334.089     5338.905     5473.171
WARNING: Number of threads seems too high for short alignments. Use -nt AUTO to determine best number of threads.
223  TIM3+F+I      2634.044     34  5336.089     5341.207     5479.386
WARNING: Number of threads seems too high for short alignments. Use -nt AUTO to determine best number of threads.
224  TIM3+F+G4     2634.047     34  5336.093     5341.212     5479.390
WARNING: Number of threads seems too high for short alignments. Use -nt AUTO to determine best number of threads.
225  TIM3+F+I+G4   2634.571     35  5339.142     5344.573     5486.653
WARNING: Number of threads seems too high for short alignments. Use -nt AUTO to determine best number of threads.
226  TIM3+F+R2     2634.078     35  5338.157     5343.588     5485.668
WARNING: Number of threads seems too high for short alignments. Use -nt AUTO to determine best number of threads.
227  TIM3+F+R3     2634.074     37  5342.148     5348.234     5498.088
WARNING: Number of threads seems too high for short alignments. Use -nt AUTO to determine best number of threads.
235  TVMe          2649.763     31  5361.525     5365.765     5492.178
WARNING: Number of threads seems too high for short alignments. Use -nt AUTO to determine best number of threads.
236  TVMe+I        2649.763     32  5363.525     5368.048     5498.393
WARNING: Number of threads seems too high for short alignments. Use -nt AUTO to determine best number of threads.
237  TVMe+G4       2649.753     32  5363.506     5368.028     5498.373
WARNING: Number of threads seems too high for short alignments. Use -nt AUTO to determine best number of threads.
238  TVMe+I+G4     2650.067     33  5366.134     5370.949     5505.216
WARNING: Number of threads seems too high for short alignments. Use -nt AUTO to determine best number of threads.
239  TVMe+R2       2649.755     33  5365.510     5370.325     5504.592
WARNING: Number of threads seems too high for short alignments. Use -nt AUTO to determine best number of threads.
240  TVMe+R3       2649.755     35  5369.509     5374.940     5517.021
WARNING: Number of threads seems too high for short alignments. Use -nt AUTO to determine best number of threads.
248  TVM+F         2634.491     34  5336.982     5342.100     5480.278
WARNING: Number of threads seems too high for short alignments. Use -nt AUTO to determine best number of threads.
249  TVM+F+I       2634.491     35  5338.982     5344.413     5486.493
WARNING: Number of threads seems too high for short alignments. Use -nt AUTO to determine best number of threads.
250  TVM+F+G4      2634.493     35  5338.985     5344.416     5486.497
WARNING: Number of threads seems too high for short alignments. Use -nt AUTO to determine best number of threads.
251  TVM+F+I+G4    2634.948     36  5341.896     5347.650     5493.622
WARNING: Number of threads seems too high for short alignments. Use -nt AUTO to determine best number of threads.
252  TVM+F+R2      2634.517     36  5341.035     5346.789     5492.761
WARNING: Number of threads seems too high for short alignments. Use -nt AUTO to determine best number of threads.
253  TVM+F+R3      2634.513     38  5345.025     5351.455     5505.181
WARNING: Number of threads seems too high for short alignments. Use -nt AUTO to determine best number of threads.
261  SYM           2649.106     32  5362.211     5366.733     5497.078
WARNING: Number of threads seems too high for short alignments. Use -nt AUTO to determine best number of threads.
262  SYM+I         2649.105     33  5364.211     5369.026     5503.293
WARNING: Number of threads seems too high for short alignments. Use -nt AUTO to determine best number of threads.
263  SYM+G4        2649.100     33  5364.200     5369.015     5503.282
WARNING: Number of threads seems too high for short alignments. Use -nt AUTO to determine best number of threads.
264  SYM+I+G4      2649.407     34  5366.815     5371.933     5510.111
WARNING: Number of threads seems too high for short alignments. Use -nt AUTO to determine best number of threads.
265  SYM+R2        2649.102     34  5366.203     5371.322     5509.500
WARNING: Number of threads seems too high for short alignments. Use -nt AUTO to determine best number of threads.
266  SYM+R3        2649.101     36  5370.202     5375.956     5521.928
WARNING: Number of threads seems too high for short alignments. Use -nt AUTO to determine best number of threads.
274  GTR+F         2633.787     35  5337.574     5343.005     5485.085
WARNING: Number of threads seems too high for short alignments. Use -nt AUTO to determine best number of threads.
275  GTR+F+I       2633.787     36  5339.574     5345.327     5491.299
WARNING: Number of threads seems too high for short alignments. Use -nt AUTO to determine best number of threads.
276  GTR+F+G4      2633.789     36  5339.578     5345.332     5491.304
WARNING: Number of threads seems too high for short alignments. Use -nt AUTO to determine best number of threads.
277  GTR+F+I+G4    2634.243     37  5342.486     5348.572     5498.426
WARNING: Number of threads seems too high for short alignments. Use -nt AUTO to determine best number of threads.
278  GTR+F+R2      2633.814     37  5341.628     5347.714     5497.568
WARNING: Number of threads seems too high for short alignments. Use -nt AUTO to determine best number of threads.
279  GTR+F+R3      2633.808     39  5345.616     5352.399     5509.986
Akaike Information Criterion:           TPM3u+F
Corrected Akaike Information Criterion: TPM3u+F
Bayesian Information Criterion:         HKY+F
Best-fit model: HKY+F chosen according to BIC

All model information printed to examples/15taxon_300genes_4cores//aln_seqs/1_seqgen102.nex.aln.model.gz
CPU time for ModelFinder: 3.933 seconds (0h:0m:3s)
Wall-clock time for ModelFinder: 90.681 seconds (0h:1m:30s)
Generating 1000 samples for ultrafast bootstrap (seed: 984295)...

NOTE: 0 MB RAM (0 GB) is required!
WARNING: Number of threads seems too high for short alignments. Use -nt AUTO to determine best number of threads.
Estimate model parameters (epsilon = 0.100)
1. Initial log-likelihood: -2739.386
2. Current log-likelihood: -2712.606
3. Current log-likelihood: -2694.042
4. Current log-likelihood: -2671.272
5. Current log-likelihood: -2636.631
6. Current log-likelihood: -2636.520
Optimal log-likelihood: -2636.520
Rate parameters:  A-C: 1.00000  A-G: 4.61136  A-T: 1.00000  C-G: 1.00000  C-T: 4.61136  G-T: 1.00000
Base frequencies:  A: 0.297  C: 0.209  G: 0.207  T: 0.287
Parameters optimization took 6 rounds (0.858 sec)
Computing ML distances based on estimated model parameters... 0.002 sec
Computing BIONJ tree...
0.100 seconds
Log-likelihood of BIONJ tree: -2636.521
--------------------------------------------------------------------
|             INITIALIZING CANDIDATE TREE SET                      |
--------------------------------------------------------------------
Generating 98 parsimony trees... 3.391 second
Computing log-likelihood of 98 initial trees ... 26.977 seconds
Current best score: -2636.520

Do NNI search on 20 best initial trees
Estimate model parameters (epsilon = 0.100)
BETTER TREE FOUND at iteration 1: -2636.520
Iteration 10 / LogL: -2636.536 / Time: 0h:1m:0s
Iteration 20 / LogL: -2636.525 / Time: 0h:2m:3s
Finish initializing candidate tree set (1)
Current best tree score: -2636.520 / CPU time: 122.517
Number of iterations: 20
--------------------------------------------------------------------
|               OPTIMIZING CANDIDATE TREE SET                      |
--------------------------------------------------------------------
Iteration 30 / LogL: -2636.520 / Time: 0h:2m:42s (0h:6m:37s left)
UPDATE BEST LOG-LIKELIHOOD: -2636.520
UPDATE BEST LOG-LIKELIHOOD: -2636.520
UPDATE BEST LOG-LIKELIHOOD: -2636.520
Iteration 40 / LogL: -2636.520 / Time: 0h:3m:14s (0h:5m:4s left)
UPDATE BEST LOG-LIKELIHOOD: -2636.520
Iteration 50 / LogL: -2636.520 / Time: 0h:3m:43s (0h:3m:52s left)
Log-likelihood cutoff on original alignment: -2681.559
UPDATE BEST LOG-LIKELIHOOD: -2636.520
UPDATE BEST LOG-LIKELIHOOD: -2636.520
UPDATE BEST LOG-LIKELIHOOD: -2636.520
Iteration 60 / LogL: -2636.524 / Time: 0h:4m:17s (0h:2m:58s left)
UPDATE BEST LOG-LIKELIHOOD: -2636.520
UPDATE BEST LOG-LIKELIHOOD: -2636.520
Iteration 70 / LogL: -2636.532 / Time: 0h:4m:38s (0h:2m:5s left)
UPDATE BEST LOG-LIKELIHOOD: -2636.520
Iteration 80 / LogL: -2636.520 / Time: 0h:5m:0s (0h:1m:19s left)
UPDATE BEST LOG-LIKELIHOOD: -2636.520
Iteration 90 / LogL: -2636.520 / Time: 0h:5m:14s (0h:0m:38s left)
Iteration 100 / LogL: -2636.520 / Time: 0h:5m:21s (0h:0m:3s left)
Log-likelihood cutoff on original alignment: -2681.559
NOTE: Bootstrap correlation coefficient of split occurrence frequencies: 1.000
TREE SEARCH COMPLETED AFTER 102 ITERATIONS / Time: 0h:5m:22s

--------------------------------------------------------------------
|                    FINALIZING TREE SEARCH                        |
--------------------------------------------------------------------
Performs final model parameters optimization
Estimate model parameters (epsilon = 0.010)
1. Initial log-likelihood: -2636.520
Optimal log-likelihood: -2636.520
Rate parameters:  A-C: 1.00000  A-G: 4.61136  A-T: 1.00000  C-G: 1.00000  C-T: 4.61136  G-T: 1.00000
Base frequencies:  A: 0.297  C: 0.209  G: 0.207  T: 0.287
Parameters optimization took 1 rounds (0.050 sec)
BEST SCORE FOUND : -2636.520
Creating bootstrap support values...
Split supports printed to NEXUS file examples/15taxon_300genes_4cores//aln_seqs/1_seqgen102.nex.aln.splits.nex
Total tree length: 0.824

Total number of iterations: 102
CPU time used for tree search: 14.450 sec (0h:0m:14s)
Wall-clock time used for tree search: 320.959 sec (0h:5m:20s)
Total CPU time used: 14.606 sec (0h:0m:14s)
Total wall-clock time used: 323.349 sec (0h:5m:23s)

Computing bootstrap consensus tree...
Reading input file examples/15taxon_300genes_4cores//aln_seqs/1_seqgen102.nex.aln.splits.nex...
15 taxa and 55 splits.
Consensus tree written to examples/15taxon_300genes_4cores//aln_seqs/1_seqgen102.nex.aln.contree
Reading input trees file examples/15taxon_300genes_4cores//aln_seqs/1_seqgen102.nex.aln.contree
Log-likelihood of consensus tree: -2636.521

Analysis results written to: 
  IQ-TREE report:                examples/15taxon_300genes_4cores//aln_seqs/1_seqgen102.nex.aln.iqtree
  Maximum-likelihood tree:       examples/15taxon_300genes_4cores//aln_seqs/1_seqgen102.nex.aln.treefile
  Likelihood distances:          examples/15taxon_300genes_4cores//aln_seqs/1_seqgen102.nex.aln.mldist

Ultrafast bootstrap approximation results written to:
  Split support values:          examples/15taxon_300genes_4cores//aln_seqs/1_seqgen102.nex.aln.splits.nex
  Consensus tree:                examples/15taxon_300genes_4cores//aln_seqs/1_seqgen102.nex.aln.contree
  Screen log file:               examples/15taxon_300genes_4cores//aln_seqs/1_seqgen102.nex.aln.log

Date and Time: Mon Feb 18 10:17:40 2019
