IQ-TREE multicore version 1.6.8 for Linux 64-bit built Oct 28 2018
Developed by Bui Quang Minh, Nguyen Lam Tung, Olga Chernomor,
Heiko Schmidt, Dominik Schrempf, Michael Woodhams.

Host:    sango10520.oist.jp (AVX2, FMA3, 125 GB RAM)
Command: iqtree -s examples/15taxon_300genes_4cores//aln_seqs/1_seqgen255.nex.aln -bb 1000 -redo -nt 3 -m MFP
Seed:    40143 (Using SPRNG - Scalable Parallel Random Number Generator)
Time:    Mon Feb 18 10:10:31 2019
Kernel:  AVX+FMA - 3 threads (24 CPU cores detected)

Reading alignment file examples/15taxon_300genes_4cores//aln_seqs/1_seqgen255.nex.aln ... Fasta format detected
Alignment most likely contains DNA/RNA sequences
Alignment has 15 sequences with 500 columns, 194 distinct patterns
143 parsimony-informative, 136 singleton sites, 221 constant sites
    Gap/Ambiguity  Composition  p-value
   1  A     0.00%    passed     70.25%
   2  B     0.00%    passed     41.71%
   3  C     0.00%    passed     81.56%
   4  F     0.00%    passed     68.22%
   5  D     0.00%    passed     94.21%
   6  E     0.00%    passed     94.47%
   7  A5    0.00%    passed     72.67%
   8  A4    0.00%    passed     72.25%
   9  A2    0.00%    passed     82.73%
  10  A3    0.00%    passed     79.51%
  11  A0    0.00%    passed     99.59%
  12  A1    0.00%    passed     94.03%
  13  G     0.00%    passed     90.60%
  14  H     0.00%    passed     84.29%
  15  I     0.00%    passed     87.41%
****  TOTAL    0.00%  0 sequences failed composition chi2 test (p-value<5%; df=3)


Create initial parsimony tree by phylogenetic likelihood library (PLL)... 0.004 seconds
NOTE: ModelFinder requires 1 MB RAM!
ModelFinder will test 286 DNA models (sample size: 500) ...
 No. Model         -LnL         df  AIC          AICc         BIC
WARNING: Number of threads seems too high for short alignments. Use -nt AUTO to determine best number of threads.
  1  JC            2706.297     27  5466.595     5469.798     5580.389
WARNING: Number of threads seems too high for short alignments. Use -nt AUTO to determine best number of threads.
  2  JC+I          2706.297     28  5468.595     5472.043     5586.604
WARNING: Number of threads seems too high for short alignments. Use -nt AUTO to determine best number of threads.
  3  JC+G4         2706.302     28  5468.605     5472.053     5586.614
WARNING: Number of threads seems too high for short alignments. Use -nt AUTO to determine best number of threads.
  4  JC+I+G4       2707.464     29  5472.927     5476.629     5595.151
WARNING: Number of threads seems too high for short alignments. Use -nt AUTO to determine best number of threads.
  5  JC+R2         2706.556     29  5471.112     5474.814     5593.336
WARNING: Number of threads seems too high for short alignments. Use -nt AUTO to determine best number of threads.
  6  JC+R3         2706.472     31  5474.944     5479.183     5605.596
WARNING: Number of threads seems too high for short alignments. Use -nt AUTO to determine best number of threads.
 14  F81+F         2687.254     30  5434.507     5438.473     5560.945
WARNING: Number of threads seems too high for short alignments. Use -nt AUTO to determine best number of threads.
 15  F81+F+I       2687.254     31  5436.507     5440.746     5567.160
WARNING: Number of threads seems too high for short alignments. Use -nt AUTO to determine best number of threads.
 16  F81+F+G4      2687.261     31  5436.522     5440.761     5567.175
WARNING: Number of threads seems too high for short alignments. Use -nt AUTO to determine best number of threads.
 17  F81+F+I+G4    2688.444     32  5440.888     5445.411     5575.756
WARNING: Number of threads seems too high for short alignments. Use -nt AUTO to determine best number of threads.
 18  F81+F+R2      2687.502     32  5439.003     5443.526     5573.870
WARNING: Number of threads seems too high for short alignments. Use -nt AUTO to determine best number of threads.
 19  F81+F+R3      2687.408     34  5442.816     5447.934     5586.113
WARNING: Number of threads seems too high for short alignments. Use -nt AUTO to determine best number of threads.
 27  K2P           2626.899     28  5309.798     5313.246     5427.807
WARNING: Number of threads seems too high for short alignments. Use -nt AUTO to determine best number of threads.
 28  K2P+I         2626.899     29  5311.798     5315.500     5434.022
WARNING: Number of threads seems too high for short alignments. Use -nt AUTO to determine best number of threads.
 29  K2P+G4        2626.903     29  5311.806     5315.508     5434.030
WARNING: Number of threads seems too high for short alignments. Use -nt AUTO to determine best number of threads.
 30  K2P+I+G4      2627.711     30  5315.422     5319.388     5441.860
WARNING: Number of threads seems too high for short alignments. Use -nt AUTO to determine best number of threads.
 31  K2P+R2        2627.025     30  5314.051     5318.016     5440.489
WARNING: Number of threads seems too high for short alignments. Use -nt AUTO to determine best number of threads.
 32  K2P+R3        2626.972     32  5317.943     5322.466     5452.811
WARNING: Number of threads seems too high for short alignments. Use -nt AUTO to determine best number of threads.
 40  HKY+F         2600.525     31  5263.051     5267.290     5393.704
WARNING: Number of threads seems too high for short alignments. Use -nt AUTO to determine best number of threads.
 41  HKY+F+I       2600.525     32  5265.051     5269.573     5399.918
WARNING: Number of threads seems too high for short alignments. Use -nt AUTO to determine best number of threads.
 42  HKY+F+G4      2600.532     32  5265.064     5269.586     5399.931
WARNING: Number of threads seems too high for short alignments. Use -nt AUTO to determine best number of threads.
 43  HKY+F+I+G4    2601.545     33  5269.091     5273.906     5408.173
WARNING: Number of threads seems too high for short alignments. Use -nt AUTO to determine best number of threads.
 44  HKY+F+R2      2600.666     33  5267.331     5272.147     5406.413
WARNING: Number of threads seems too high for short alignments. Use -nt AUTO to determine best number of threads.
 45  HKY+F+R3      2600.602     35  5271.204     5276.635     5418.715
WARNING: Number of threads seems too high for short alignments. Use -nt AUTO to determine best number of threads.
 53  TNe           2626.391     29  5310.781     5314.483     5433.005
WARNING: Number of threads seems too high for short alignments. Use -nt AUTO to determine best number of threads.
 54  TNe+I         2626.391     30  5312.781     5316.747     5439.219
WARNING: Number of threads seems too high for short alignments. Use -nt AUTO to determine best number of threads.
 55  TNe+G4        2626.395     30  5312.790     5316.756     5439.228
WARNING: Number of threads seems too high for short alignments. Use -nt AUTO to determine best number of threads.
 56  TNe+I+G4      2627.108     31  5316.217     5320.456     5446.870
WARNING: Number of threads seems too high for short alignments. Use -nt AUTO to determine best number of threads.
 57  TNe+R2        2626.477     31  5314.955     5319.194     5445.608
WARNING: Number of threads seems too high for short alignments. Use -nt AUTO to determine best number of threads.
 58  TNe+R3        2626.435     33  5318.870     5323.685     5457.952
WARNING: Number of threads seems too high for short alignments. Use -nt AUTO to determine best number of threads.
 66  TN+F          2600.463     32  5264.926     5269.449     5399.794
WARNING: Number of threads seems too high for short alignments. Use -nt AUTO to determine best number of threads.
 67  TN+F+I        2600.463     33  5266.926     5271.742     5406.009
WARNING: Number of threads seems too high for short alignments. Use -nt AUTO to determine best number of threads.
 68  TN+F+G4       2600.470     33  5266.939     5271.755     5406.021
WARNING: Number of threads seems too high for short alignments. Use -nt AUTO to determine best number of threads.
 69  TN+F+I+G4     2601.371     34  5270.741     5275.860     5414.038
WARNING: Number of threads seems too high for short alignments. Use -nt AUTO to determine best number of threads.
 70  TN+F+R2       2600.558     34  5269.116     5274.234     5412.413
WARNING: Number of threads seems too high for short alignments. Use -nt AUTO to determine best number of threads.
 71  TN+F+R3       2600.509     36  5273.017     5278.771     5424.743
WARNING: Number of threads seems too high for short alignments. Use -nt AUTO to determine best number of threads.
 79  K3P           2626.887     29  5311.773     5315.475     5433.997
WARNING: Number of threads seems too high for short alignments. Use -nt AUTO to determine best number of threads.
 80  K3P+I         2626.887     30  5313.773     5317.739     5440.212
WARNING: Number of threads seems too high for short alignments. Use -nt AUTO to determine best number of threads.
 81  K3P+G4        2626.891     30  5313.782     5317.747     5440.220
WARNING: Number of threads seems too high for short alignments. Use -nt AUTO to determine best number of threads.
 82  K3P+I+G4      2627.518     31  5317.036     5321.275     5447.689
WARNING: Number of threads seems too high for short alignments. Use -nt AUTO to determine best number of threads.
 83  K3P+R2        2626.941     31  5315.883     5320.122     5446.536
WARNING: Number of threads seems too high for short alignments. Use -nt AUTO to determine best number of threads.
 84  K3P+R3        2626.911     33  5319.822     5324.638     5458.904
WARNING: Number of threads seems too high for short alignments. Use -nt AUTO to determine best number of threads.
 92  K3Pu+F        2600.409     32  5264.818     5269.340     5399.685
WARNING: Number of threads seems too high for short alignments. Use -nt AUTO to determine best number of threads.
 93  K3Pu+F+I      2600.409     33  5266.818     5271.633     5405.900
WARNING: Number of threads seems too high for short alignments. Use -nt AUTO to determine best number of threads.
 94  K3Pu+F+G4     2600.415     33  5266.830     5271.646     5405.912
WARNING: Number of threads seems too high for short alignments. Use -nt AUTO to determine best number of threads.
 95  K3Pu+F+I+G4   2601.220     34  5270.440     5275.559     5413.737
WARNING: Number of threads seems too high for short alignments. Use -nt AUTO to determine best number of threads.
 96  K3Pu+F+R2     2600.474     34  5268.947     5274.066     5412.244
WARNING: Number of threads seems too high for short alignments. Use -nt AUTO to determine best number of threads.
 97  K3Pu+F+R3     2600.436     36  5272.872     5278.626     5424.598
WARNING: Number of threads seems too high for short alignments. Use -nt AUTO to determine best number of threads.
105  TPM2+F        2600.501     32  5265.002     5269.525     5399.870
WARNING: Number of threads seems too high for short alignments. Use -nt AUTO to determine best number of threads.
106  TPM2+F+I      2600.501     33  5267.001     5271.817     5406.084
WARNING: Number of threads seems too high for short alignments. Use -nt AUTO to determine best number of threads.
107  TPM2+F+G4     2600.507     33  5267.014     5271.829     5406.096
WARNING: Number of threads seems too high for short alignments. Use -nt AUTO to determine best number of threads.
108  TPM2+F+I+G4   2601.263     34  5270.526     5275.645     5413.823
WARNING: Number of threads seems too high for short alignments. Use -nt AUTO to determine best number of threads.
109  TPM2+F+R2     2600.554     34  5269.107     5274.226     5412.404
WARNING: Number of threads seems too high for short alignments. Use -nt AUTO to determine best number of threads.
110  TPM2+F+R3     2600.521     36  5273.043     5278.796     5424.769
WARNING: Number of threads seems too high for short alignments. Use -nt AUTO to determine best number of threads.
118  TPM2u+F       2600.501     32  5265.001     5269.524     5399.869
WARNING: Number of threads seems too high for short alignments. Use -nt AUTO to determine best number of threads.
119  TPM2u+F+I     2600.501     33  5267.001     5271.817     5406.084
WARNING: Number of threads seems too high for short alignments. Use -nt AUTO to determine best number of threads.
120  TPM2u+F+G4    2600.507     33  5267.014     5271.829     5406.096
WARNING: Number of threads seems too high for short alignments. Use -nt AUTO to determine best number of threads.
121  TPM2u+F+I+G4  2601.219     34  5270.439     5275.557     5413.735
WARNING: Number of threads seems too high for short alignments. Use -nt AUTO to determine best number of threads.
122  TPM2u+F+R2    2600.544     34  5269.088     5274.206     5412.385
WARNING: Number of threads seems too high for short alignments. Use -nt AUTO to determine best number of threads.
123  TPM2u+F+R3    2600.516     36  5273.032     5278.786     5424.758
WARNING: Number of threads seems too high for short alignments. Use -nt AUTO to determine best number of threads.
131  TPM3+F        2599.490     32  5262.980     5267.503     5397.848
WARNING: Number of threads seems too high for short alignments. Use -nt AUTO to determine best number of threads.
132  TPM3+F+I      2599.490     33  5264.980     5269.796     5404.062
WARNING: Number of threads seems too high for short alignments. Use -nt AUTO to determine best number of threads.
133  TPM3+F+G4     2599.496     33  5264.993     5269.808     5404.075
WARNING: Number of threads seems too high for short alignments. Use -nt AUTO to determine best number of threads.
134  TPM3+F+I+G4   2600.146     34  5268.291     5273.410     5411.588
WARNING: Number of threads seems too high for short alignments. Use -nt AUTO to determine best number of threads.
135  TPM3+F+R2     2599.526     34  5267.052     5272.170     5410.349
WARNING: Number of threads seems too high for short alignments. Use -nt AUTO to determine best number of threads.
136  TPM3+F+R3     2599.502     36  5271.004     5276.757     5422.730
WARNING: Number of threads seems too high for short alignments. Use -nt AUTO to determine best number of threads.
144  TPM3u+F       2599.490     32  5262.980     5267.503     5397.848
WARNING: Number of threads seems too high for short alignments. Use -nt AUTO to determine best number of threads.
145  TPM3u+F+I     2599.490     33  5264.980     5269.796     5404.062
WARNING: Number of threads seems too high for short alignments. Use -nt AUTO to determine best number of threads.
146  TPM3u+F+G4    2599.496     33  5264.993     5269.808     5404.075
WARNING: Number of threads seems too high for short alignments. Use -nt AUTO to determine best number of threads.
147  TPM3u+F+I+G4  2600.111     34  5268.221     5273.340     5411.518
WARNING: Number of threads seems too high for short alignments. Use -nt AUTO to determine best number of threads.
148  TPM3u+F+R2    2599.520     34  5267.039     5272.157     5410.336
WARNING: Number of threads seems too high for short alignments. Use -nt AUTO to determine best number of threads.
149  TPM3u+F+R3    2599.499     36  5270.998     5276.751     5422.724
WARNING: Number of threads seems too high for short alignments. Use -nt AUTO to determine best number of threads.
157  TIMe          2626.378     30  5312.757     5316.723     5439.195
WARNING: Number of threads seems too high for short alignments. Use -nt AUTO to determine best number of threads.
158  TIMe+I        2626.378     31  5314.757     5318.996     5445.410
WARNING: Number of threads seems too high for short alignments. Use -nt AUTO to determine best number of threads.
159  TIMe+G4       2626.383     31  5314.766     5319.005     5445.419
WARNING: Number of threads seems too high for short alignments. Use -nt AUTO to determine best number of threads.
160  TIMe+I+G4     2626.825     32  5317.651     5322.173     5452.518
WARNING: Number of threads seems too high for short alignments. Use -nt AUTO to determine best number of threads.
161  TIMe+R2       2626.396     32  5316.793     5321.315     5451.660
WARNING: Number of threads seems too high for short alignments. Use -nt AUTO to determine best number of threads.
162  TIMe+R3       2626.383     34  5320.767     5325.885     5464.063
WARNING: Number of threads seems too high for short alignments. Use -nt AUTO to determine best number of threads.
170  TIM+F         2600.347     33  5266.694     5271.509     5405.776
WARNING: Number of threads seems too high for short alignments. Use -nt AUTO to determine best number of threads.
171  TIM+F+I       2600.347     34  5268.693     5273.812     5411.990
WARNING: Number of threads seems too high for short alignments. Use -nt AUTO to determine best number of threads.
172  TIM+F+G4      2600.353     34  5268.706     5273.824     5412.003
WARNING: Number of threads seems too high for short alignments. Use -nt AUTO to determine best number of threads.
173  TIM+F+I+G4    2600.933     35  5271.866     5277.297     5419.377
WARNING: Number of threads seems too high for short alignments. Use -nt AUTO to determine best number of threads.
174  TIM+F+R2      2600.367     35  5270.735     5276.166     5418.246
WARNING: Number of threads seems too high for short alignments. Use -nt AUTO to determine best number of threads.
175  TIM+F+R3      2600.352     37  5274.703     5280.790     5430.644
WARNING: Number of threads seems too high for short alignments. Use -nt AUTO to determine best number of threads.
183  TIM2e         2625.456     30  5310.913     5314.879     5437.351
WARNING: Number of threads seems too high for short alignments. Use -nt AUTO to determine best number of threads.
184  TIM2e+I       2625.456     31  5312.913     5317.152     5443.565
WARNING: Number of threads seems too high for short alignments. Use -nt AUTO to determine best number of threads.
185  TIM2e+G4      2625.460     31  5312.920     5317.159     5443.573
WARNING: Number of threads seems too high for short alignments. Use -nt AUTO to determine best number of threads.
186  TIM2e+I+G4    2625.829     32  5315.658     5320.180     5450.525
WARNING: Number of threads seems too high for short alignments. Use -nt AUTO to determine best number of threads.
187  TIM2e+R2      2625.467     32  5314.934     5319.456     5449.801
WARNING: Number of threads seems too high for short alignments. Use -nt AUTO to determine best number of threads.
188  TIM2e+R3      2625.459     34  5318.917     5324.036     5462.214
WARNING: Number of threads seems too high for short alignments. Use -nt AUTO to determine best number of threads.
196  TIM2+F        2600.439     33  5266.878     5271.693     5405.960
WARNING: Number of threads seems too high for short alignments. Use -nt AUTO to determine best number of threads.
197  TIM2+F+I      2600.439     34  5268.878     5273.996     5412.174
WARNING: Number of threads seems too high for short alignments. Use -nt AUTO to determine best number of threads.
198  TIM2+F+G4     2600.445     34  5268.890     5274.009     5412.187
WARNING: Number of threads seems too high for short alignments. Use -nt AUTO to determine best number of threads.
199  TIM2+F+I+G4   2600.975     35  5271.949     5277.380     5419.461
WARNING: Number of threads seems too high for short alignments. Use -nt AUTO to determine best number of threads.
200  TIM2+F+R2     2600.454     35  5270.908     5276.339     5418.419
WARNING: Number of threads seems too high for short alignments. Use -nt AUTO to determine best number of threads.
201  TIM2+F+R3     2600.442     37  5274.884     5280.970     5430.824
WARNING: Number of threads seems too high for short alignments. Use -nt AUTO to determine best number of threads.
209  TIM3e         2623.081     30  5306.161     5310.127     5432.600
WARNING: Number of threads seems too high for short alignments. Use -nt AUTO to determine best number of threads.
210  TIM3e+I       2623.081     31  5308.161     5312.401     5438.814
WARNING: Number of threads seems too high for short alignments. Use -nt AUTO to determine best number of threads.
211  TIM3e+G4      2623.084     31  5308.168     5312.407     5438.820
WARNING: Number of threads seems too high for short alignments. Use -nt AUTO to determine best number of threads.
212  TIM3e+I+G4    2623.368     32  5310.737     5315.259     5445.604
WARNING: Number of threads seems too high for short alignments. Use -nt AUTO to determine best number of threads.
213  TIM3e+R2      2623.088     32  5310.175     5314.698     5445.043
WARNING: Number of threads seems too high for short alignments. Use -nt AUTO to determine best number of threads.
214  TIM3e+R3      2623.082     34  5314.164     5319.282     5457.461
WARNING: Number of threads seems too high for short alignments. Use -nt AUTO to determine best number of threads.
222  TIM3+F        2599.426     33  5264.853     5269.668     5403.935
WARNING: Number of threads seems too high for short alignments. Use -nt AUTO to determine best number of threads.
223  TIM3+F+I      2599.426     34  5266.853     5271.971     5410.149
WARNING: Number of threads seems too high for short alignments. Use -nt AUTO to determine best number of threads.
224  TIM3+F+G4     2599.433     34  5266.866     5271.984     5410.162
WARNING: Number of threads seems too high for short alignments. Use -nt AUTO to determine best number of threads.
225  TIM3+F+I+G4   2599.903     35  5269.806     5275.238     5417.318
WARNING: Number of threads seems too high for short alignments. Use -nt AUTO to determine best number of threads.
226  TIM3+F+R2     2599.438     35  5268.875     5274.306     5416.386
WARNING: Number of threads seems too high for short alignments. Use -nt AUTO to determine best number of threads.
227  TIM3+F+R3     2599.428     37  5272.857     5278.943     5428.797
WARNING: Number of threads seems too high for short alignments. Use -nt AUTO to determine best number of threads.
235  TVMe          2622.329     31  5306.658     5310.897     5437.311
WARNING: Number of threads seems too high for short alignments. Use -nt AUTO to determine best number of threads.
236  TVMe+I        2622.329     32  5308.658     5313.180     5443.525
WARNING: Number of threads seems too high for short alignments. Use -nt AUTO to determine best number of threads.
237  TVMe+G4       2622.331     32  5308.662     5313.184     5443.529
WARNING: Number of threads seems too high for short alignments. Use -nt AUTO to determine best number of threads.
238  TVMe+I+G4     2622.559     33  5311.118     5315.934     5450.200
WARNING: Number of threads seems too high for short alignments. Use -nt AUTO to determine best number of threads.
239  TVMe+R2       2622.332     33  5310.664     5315.480     5449.746
WARNING: Number of threads seems too high for short alignments. Use -nt AUTO to determine best number of threads.
240  TVMe+R3       2622.329     35  5314.659     5320.090     5462.170
WARNING: Number of threads seems too high for short alignments. Use -nt AUTO to determine best number of threads.
248  TVM+F         2599.060     34  5266.120     5271.238     5409.416
WARNING: Number of threads seems too high for short alignments. Use -nt AUTO to determine best number of threads.
249  TVM+F+I       2599.060     35  5268.120     5273.551     5415.631
WARNING: Number of threads seems too high for short alignments. Use -nt AUTO to determine best number of threads.
250  TVM+F+G4      2599.066     35  5268.132     5273.563     5415.644
WARNING: Number of threads seems too high for short alignments. Use -nt AUTO to determine best number of threads.
251  TVM+F+I+G4    2599.500     36  5271.001     5276.755     5422.727
WARNING: Number of threads seems too high for short alignments. Use -nt AUTO to determine best number of threads.
252  TVM+F+R2      2599.068     36  5270.137     5275.890     5421.862
WARNING: Number of threads seems too high for short alignments. Use -nt AUTO to determine best number of threads.
253  TVM+F+R3      2599.061     38  5274.122     5280.552     5434.277
WARNING: Number of threads seems too high for short alignments. Use -nt AUTO to determine best number of threads.
261  SYM           2621.813     32  5307.626     5312.149     5442.494
WARNING: Number of threads seems too high for short alignments. Use -nt AUTO to determine best number of threads.
262  SYM+I         2621.813     33  5309.626     5314.442     5448.708
WARNING: Number of threads seems too high for short alignments. Use -nt AUTO to determine best number of threads.
263  SYM+G4        2621.815     33  5309.631     5314.446     5448.713
WARNING: Number of threads seems too high for short alignments. Use -nt AUTO to determine best number of threads.
264  SYM+I+G4      2622.025     34  5312.051     5317.169     5455.348
WARNING: Number of threads seems too high for short alignments. Use -nt AUTO to determine best number of threads.
265  SYM+R2        2621.816     34  5311.632     5316.750     5454.928
WARNING: Number of threads seems too high for short alignments. Use -nt AUTO to determine best number of threads.
266  SYM+R3        2621.813     36  5315.627     5321.381     5467.353
WARNING: Number of threads seems too high for short alignments. Use -nt AUTO to determine best number of threads.
274  GTR+F         2598.996     35  5267.992     5273.423     5415.503
WARNING: Number of threads seems too high for short alignments. Use -nt AUTO to determine best number of threads.
275  GTR+F+I       2598.996     36  5269.992     5275.746     5421.718
WARNING: Number of threads seems too high for short alignments. Use -nt AUTO to determine best number of threads.
276  GTR+F+G4      2599.002     36  5270.005     5275.758     5421.730
WARNING: Number of threads seems too high for short alignments. Use -nt AUTO to determine best number of threads.
277  GTR+F+I+G4    2599.407     37  5272.814     5278.901     5428.755
WARNING: Number of threads seems too high for short alignments. Use -nt AUTO to determine best number of threads.
278  GTR+F+R2      2599.002     37  5272.005     5278.092     5427.945
WARNING: Number of threads seems too high for short alignments. Use -nt AUTO to determine best number of threads.
279  GTR+F+R3      2598.997     39  5275.994     5282.776     5440.363
Akaike Information Criterion:           TPM3+F
Corrected Akaike Information Criterion: HKY+F
Bayesian Information Criterion:         HKY+F
Best-fit model: HKY+F chosen according to BIC

All model information printed to examples/15taxon_300genes_4cores//aln_seqs/1_seqgen255.nex.aln.model.gz
CPU time for ModelFinder: 4.576 seconds (0h:0m:4s)
Wall-clock time for ModelFinder: 121.560 seconds (0h:2m:1s)
Generating 1000 samples for ultrafast bootstrap (seed: 40143)...

NOTE: 0 MB RAM (0 GB) is required!
WARNING: Number of threads seems too high for short alignments. Use -nt AUTO to determine best number of threads.
Estimate model parameters (epsilon = 0.100)
1. Initial log-likelihood: -2687.328
2. Current log-likelihood: -2627.275
3. Current log-likelihood: -2600.597
Optimal log-likelihood: -2600.525
Rate parameters:  A-C: 1.00000  A-G: 4.10937  A-T: 1.00000  C-G: 1.00000  C-T: 4.10937  G-T: 1.00000
Base frequencies:  A: 0.310  C: 0.203  G: 0.179  T: 0.308
Parameters optimization took 3 rounds (0.853 sec)
Computing ML distances based on estimated model parameters... 0.002 sec
Computing BIONJ tree...
0.122 seconds
Log-likelihood of BIONJ tree: -2599.889
--------------------------------------------------------------------
|             INITIALIZING CANDIDATE TREE SET                      |
--------------------------------------------------------------------
Generating 98 parsimony trees... 3.707 second
Computing log-likelihood of 98 initial trees ... 35.277 seconds
Current best score: -2599.889

Do NNI search on 20 best initial trees
Estimate model parameters (epsilon = 0.100)
BETTER TREE FOUND at iteration 1: -2599.889
Iteration 10 / LogL: -2599.889 / Time: 0h:1m:16s
UPDATE BEST LOG-LIKELIHOOD: -2599.889
Iteration 20 / LogL: -2599.889 / Time: 0h:2m:6s
Finish initializing candidate tree set (3)
Current best tree score: -2599.889 / CPU time: 124.808
Number of iterations: 20
--------------------------------------------------------------------
|               OPTIMIZING CANDIDATE TREE SET                      |
--------------------------------------------------------------------
Iteration 30 / LogL: -2640.286 / Time: 0h:2m:34s (0h:6m:18s left)
Iteration 40 / LogL: -2599.889 / Time: 0h:3m:2s (0h:4m:45s left)
Iteration 50 / LogL: -2599.889 / Time: 0h:3m:30s (0h:3m:39s left)
Log-likelihood cutoff on original alignment: -2619.670
UPDATE BEST LOG-LIKELIHOOD: -2599.889
Iteration 60 / LogL: -2599.890 / Time: 0h:3m:59s (0h:2m:46s left)
UPDATE BEST LOG-LIKELIHOOD: -2599.889
Iteration 70 / LogL: -2627.660 / Time: 0h:4m:33s (0h:2m:2s left)
UPDATE BEST LOG-LIKELIHOOD: -2599.889
Iteration 80 / LogL: -2599.889 / Time: 0h:5m:11s (0h:1m:22s left)
Iteration 90 / LogL: -2599.889 / Time: 0h:5m:19s (0h:0m:39s left)
Iteration 100 / LogL: -2640.283 / Time: 0h:5m:25s (0h:0m:3s left)
Log-likelihood cutoff on original alignment: -2620.236
NOTE: Bootstrap correlation coefficient of split occurrence frequencies: 0.999
TREE SEARCH COMPLETED AFTER 102 ITERATIONS / Time: 0h:5m:26s

--------------------------------------------------------------------
|                    FINALIZING TREE SEARCH                        |
--------------------------------------------------------------------
Performs final model parameters optimization
Estimate model parameters (epsilon = 0.010)
1. Initial log-likelihood: -2599.889
Optimal log-likelihood: -2599.889
Rate parameters:  A-C: 1.00000  A-G: 4.11137  A-T: 1.00000  C-G: 1.00000  C-T: 4.11137  G-T: 1.00000
Base frequencies:  A: 0.310  C: 0.203  G: 0.179  T: 0.308
Parameters optimization took 1 rounds (0.018 sec)
BEST SCORE FOUND : -2599.889
Creating bootstrap support values...
Split supports printed to NEXUS file examples/15taxon_300genes_4cores//aln_seqs/1_seqgen255.nex.aln.splits.nex
Total tree length: 0.807

Total number of iterations: 102
CPU time used for tree search: 16.282 sec (0h:0m:16s)
Wall-clock time used for tree search: 324.245 sec (0h:5m:24s)
Total CPU time used: 16.447 sec (0h:0m:16s)
Total wall-clock time used: 326.518 sec (0h:5m:26s)

Computing bootstrap consensus tree...
Reading input file examples/15taxon_300genes_4cores//aln_seqs/1_seqgen255.nex.aln.splits.nex...
15 taxa and 51 splits.
Consensus tree written to examples/15taxon_300genes_4cores//aln_seqs/1_seqgen255.nex.aln.contree
Reading input trees file examples/15taxon_300genes_4cores//aln_seqs/1_seqgen255.nex.aln.contree
Log-likelihood of consensus tree: -2599.889

Analysis results written to: 
  IQ-TREE report:                examples/15taxon_300genes_4cores//aln_seqs/1_seqgen255.nex.aln.iqtree
  Maximum-likelihood tree:       examples/15taxon_300genes_4cores//aln_seqs/1_seqgen255.nex.aln.treefile
  Likelihood distances:          examples/15taxon_300genes_4cores//aln_seqs/1_seqgen255.nex.aln.mldist

Ultrafast bootstrap approximation results written to:
  Split support values:          examples/15taxon_300genes_4cores//aln_seqs/1_seqgen255.nex.aln.splits.nex
  Consensus tree:                examples/15taxon_300genes_4cores//aln_seqs/1_seqgen255.nex.aln.contree
  Screen log file:               examples/15taxon_300genes_4cores//aln_seqs/1_seqgen255.nex.aln.log

Date and Time: Mon Feb 18 10:17:59 2019
