IQ-TREE multicore version 1.6.8 for Linux 64-bit built Oct 28 2018
Developed by Bui Quang Minh, Nguyen Lam Tung, Olga Chernomor,
Heiko Schmidt, Dominik Schrempf, Michael Woodhams.

Host:    sango40410.oist.jp (AVX2, FMA3, 503 GB RAM)
Command: iqtree -s test//aln_seqs/EOG09343MSE.aln -bb 1000 -redo -nt 3 -m MFP
Seed:    898288 (Using SPRNG - Scalable Parallel Random Number Generator)
Time:    Tue Feb 19 09:53:57 2019
Kernel:  AVX+FMA - 3 threads (24 CPU cores detected)

Reading alignment file test//aln_seqs/EOG09343MSE.aln ... Fasta format detected
Alignment most likely contains protein sequences
Alignment has 40 sequences with 210 columns, 194 distinct patterns
123 parsimony-informative, 54 singleton sites, 33 constant sites
                                             Gap/Ambiguity  Composition  p-value
   1  Candida_glabrata                               0.00%    passed     99.99%
   2  Kazachstania_africana                          0.00%    passed     99.99%
   3  Kazachstania_naganishii                        0.00%    passed     99.97%
   4  Nakaseomyces_bacillisporus                     0.00%    passed     99.36%
   5  Nakaseomyces_bracarensis                       0.00%    passed     99.98%
   6  Nakaseomyces_castellii                         0.00%    passed     85.78%
   7  Nakaseomyces_delphensis                        0.00%    passed    100.00%
   8  Nakaseomyces_nivariensis                       0.00%    passed     99.99%
   9  Naumovozyma_castellii                          0.00%    passed     99.96%
  10  Naumovozyma_dairenensis                        0.00%    passed     99.88%
  11  Neurospora_crassa                              1.43%    failed      0.01%
  12  Saccharomyces_arboricola                       0.00%    passed    100.00%
  13  Saccharomyces_cerevisiae                       0.00%    passed    100.00%
  14  Saccharomyces_eubayanus                        0.48%    passed    100.00%
  15  Saccharomyces_kudriavzevii                     0.00%    passed    100.00%
  16  Saccharomyces_mikatae                          0.00%    passed    100.00%
  17  Saccharomyces_paradoxus                        0.00%    passed    100.00%
  18  Saccharomyces_uvarum                           0.00%    passed     99.84%
  19  Tetrapisispora_blattae                         0.00%    passed    100.00%
  20  Tetrapisispora_phaffii                         0.00%    passed     99.82%
  21  Vanderwaltozyma_polyspora                      0.00%    passed     99.76%
  22  yHAB132_Kazachstania_martiniae                 0.00%    passed    100.00%
  23  yHAB133_Kazachstania_unispora                  0.00%    passed     98.75%
  24  yHAB134_Kazachstania_turicensis                0.00%    passed     99.95%
  25  yHAB136_Kazachstania_bromeliacearum            0.00%    passed    100.00%
  26  yHAB143_Kazachstania_siamensis                 0.00%    passed     99.45%
  27  yHAB147_Kazachstania_taianensis                0.00%    passed    100.00%
  28  yHAB148_Kazachstania_intestinalis              0.00%    passed     89.16%
  29  yHAB153_Kazachstania_rosinii                   0.00%    passed    100.00%
  30  yHAB154_Kazachstania_transvaalensis           19.05%    passed     56.17%
  31  yHAB155_Kazachstania_spencerorum               0.48%    passed    100.00%
  32  yHAB158_Kazachstania_viticola                  0.00%    passed     99.95%
  33  yHAB159_Kazachstania_solicola                  0.00%    passed     99.99%
  34  yHAB160_Kazachstania_kunashirensis             0.00%    passed    100.00%
  35  yHAB164_Kazachstania_aerobia                   0.00%    passed     99.99%
  36  yHAB166_Kazachstania_yakushimaensis            0.00%    passed     99.96%
  37  yHMPu5000034875_Tetrapisispora_fleetii         0.00%    passed     99.95%
  38  yHMPu5000034876_Tetrapisispora_iriomotensis    0.00%    passed    100.00%
  39  yHMPu5000034877_Tetrapisispora_namnaonensis    0.00%    passed     99.69%
  40  yHMPu5000035629_Yueomyces_sinensis             0.00%    passed     99.08%
****  TOTAL                                          0.54%  1 sequences failed composition chi2 test (p-value<5%; df=19)


Create initial parsimony tree by phylogenetic likelihood library (PLL)... 0.165 seconds
NOTE: ModelFinder requires 14 MB RAM!
ModelFinder will test 546 protein models (sample size: 210) ...
 No. Model         -LnL         df  AIC          AICc         BIC
  1  Dayhoff       5216.800     77  10587.600    10678.600    10845.327
  2  Dayhoff+I     5137.641     78  10431.282    10525.358    10692.356
  3  Dayhoff+G4    4977.302     78  10110.605    10204.681    10371.679
  4  Dayhoff+I+G4  4977.500     79  10112.999    10210.230    10377.421
  5  Dayhoff+R2    4992.366     79  10142.732    10239.963    10407.154
  6  Dayhoff+R3    4975.379     81  10112.759    10216.540    10383.874
  7  Dayhoff+R4    4970.738     83  10107.477    10218.144    10385.287
 14  Dayhoff+F     5173.305     96  10538.610    10703.425    10859.933
 15  Dayhoff+F+I   5091.183     97  10376.365    10546.115    10701.035
 16  Dayhoff+F+G4  4926.782     97  10047.564    10217.314    10372.233
 17  Dayhoff+F+I+G4 4926.618     98  10049.237    10224.047    10377.253
 18  Dayhoff+F+R2  4947.099     98  10090.198    10265.009    10418.215
 19  Dayhoff+F+R3  4925.539     100 10051.079    10236.400    10385.789
 20  Dayhoff+F+R4  4921.133     102 10046.266    10242.640    10387.671
 27  mtMAM         5767.679     77  11689.358    11780.358    11947.085
 28  mtMAM+I       5712.591     78  11581.183    11675.259    11842.257
 29  mtMAM+G4      5338.588     78  10833.176    10927.253    11094.251
 30  mtMAM+I+G4    5338.736     79  10835.472    10932.703    11099.894
 31  mtMAM+R2      5385.620     79  10929.240    11026.471    11193.661
 32  mtMAM+R3      5341.905     81  10845.810    10949.591    11116.925
 33  mtMAM+R4      5328.505     83  10823.009    10933.676    11100.819
 34  mtMAM+R5      5321.920     85  10813.840    10931.743    11098.344
 35  mtMAM+R6      5318.418     87  10810.836    10936.344    11102.035
 40  mtMAM+F       5451.401     96  11094.802    11259.616    11416.124
 41  mtMAM+F+I     5385.851     97  10965.703    11135.453    11290.372
 42  mtMAM+F+G4    5112.732     97  10419.464    10589.214    10744.133
 43  mtMAM+F+I+G4  5113.001     98  10422.002    10596.813    10750.019
 44  mtMAM+F+R2    5148.898     98  10493.797    10668.608    10821.813
 45  mtMAM+F+R3    5115.721     100 10431.442    10616.763    10766.153
 46  mtMAM+F+R4    5108.109     102 10420.217    10616.591    10761.622
 47  mtMAM+F+R5    5102.371     104 10412.742    10620.742    10760.841
 48  mtMAM+F+R6    5099.253     106 10410.505    10630.738    10765.298
 53  JTT           5183.832     77  10521.663    10612.663    10779.391
 54  JTT+I         5109.733     78  10375.467    10469.543    10636.541
 55  JTT+G4        4942.354     78  10040.709    10134.785    10301.783
 56  JTT+I+G4      4942.375     79  10042.750    10139.981    10307.172
 57  JTT+R2        4956.534     79  10071.068    10168.299    10335.490
 58  JTT+R3        4933.993     81  10029.985    10133.766    10301.101
 59  JTT+R4        4931.035     83  10028.070    10138.736    10305.880
 66  JTT+F         5159.980     96  10511.959    10676.773    10833.281
 67  JTT+F+I       5081.054     97  10356.109    10525.859    10680.778
 68  JTT+F+G4      4914.461     97  10022.921    10192.671    10347.591
 69  JTT+F+I+G4    4914.439     98  10024.879    10199.689    10352.895
 70  JTT+F+R2      4931.452     98  10058.904    10233.714    10386.920
 71  JTT+F+R3      4909.011     100 10018.022    10203.343    10352.732
 72  JTT+F+R4      4905.200     102 10014.400    10210.774    10355.805
 79  WAG           5193.928     77  10541.856    10632.856    10799.583
 80  WAG+I         5120.058     78  10396.116    10490.193    10657.191
 81  WAG+G4        4966.188     78  10088.376    10182.452    10349.450
 82  WAG+I+G4      4966.241     79  10090.481    10187.712    10354.903
 83  WAG+R2        4978.647     79  10115.293    10212.524    10379.715
 84  WAG+R3        4958.292     81  10078.583    10182.365    10349.699
 85  WAG+R4        4955.222     83  10076.443    10187.110    10354.253
 92  WAG+F         5183.726     96  10559.453    10724.267    10880.775
 93  WAG+F+I       5106.857     97  10407.713    10577.463    10732.383
 94  WAG+F+G4      4951.522     97  10097.044    10266.794    10421.713
 95  WAG+F+I+G4    4951.436     98  10098.872    10273.683    10426.889
 96  WAG+F+R2      4965.940     98  10127.879    10302.690    10455.896
 97  WAG+F+R3      4944.752     100 10089.504    10274.825    10424.215
 98  WAG+F+R4      4941.509     102 10087.018    10283.392    10428.423
105  cpREV         5244.592     77  10643.184    10734.184    10900.911
106  cpREV+I       5169.899     78  10495.797    10589.873    10756.872
107  cpREV+G4      5005.224     78  10166.448    10260.524    10427.522
108  cpREV+I+G4    5004.891     79  10167.782    10265.012    10432.203
109  cpREV+R2      5024.246     79  10206.493    10303.723    10470.914
110  cpREV+R3      4993.539     81  10149.079    10252.860    10420.195
111  cpREV+R4      4988.107     83  10142.215    10252.881    10420.024
112  cpREV+R5      4986.269     85  10142.539    10260.442    10427.043
118  cpREV+F       5266.981     96  10725.963    10890.777    11047.285
119  cpREV+F+I     5180.455     97  10554.911    10724.661    10879.580
120  cpREV+F+G4    5012.269     97  10218.538    10388.288    10543.208
121  cpREV+F+I+G4  5011.677     98  10219.355    10394.165    10547.371
122  cpREV+F+R2    5034.826     98  10265.652    10440.463    10593.669
123  cpREV+F+R3    5006.446     100 10212.893    10398.214    10547.603
124  cpREV+F+R4    4999.200     102 10202.399    10398.773    10543.804
125  cpREV+F+R5    4995.751     104 10199.502    10407.502    10547.602
131  mtREV         5536.516     77  11227.032    11318.032    11484.759
132  mtREV+I       5486.109     78  11128.219    11222.295    11389.293
133  mtREV+G4      5245.458     78  10646.915    10740.992    10907.990
134  mtREV+I+G4    5245.919     79  10649.839    10747.069    10914.260
135  mtREV+R2      5274.690     79  10707.381    10804.612    10971.802
136  mtREV+R3      5240.651     81  10643.303    10747.084    10914.418
137  mtREV+R4      5235.464     83  10636.928    10747.595    10914.738
144  mtREV+F       5270.697     96  10733.394    10898.208    11054.716
145  mtREV+F+I     5206.330     97  10606.660    10776.410    10931.329
146  mtREV+F+G4    5010.529     97  10215.058    10384.808    10539.728
147  mtREV+F+I+G4  5010.589     98  10217.177    10391.988    10545.194
148  mtREV+F+R2    5034.935     98  10265.871    10440.681    10593.887
149  mtREV+F+R3    5010.502     100 10221.003    10406.324    10555.714
150  mtREV+F+R4    5005.122     102 10214.244    10410.618    10555.649
151  mtREV+F+R5    5001.374     104 10210.747    10418.747    10558.847
157  rtREV         5243.825     77  10641.650    10732.650    10899.377
158  rtREV+I       5175.325     78  10506.650    10600.727    10767.725
159  rtREV+G4      5009.563     78  10175.125    10269.201    10436.199
160  rtREV+I+G4    5009.523     79  10177.046    10274.277    10441.467
161  rtREV+R2      5026.799     79  10211.597    10308.828    10476.019
162  rtREV+R3      5001.355     81  10164.709    10268.491    10435.825
163  rtREV+R4      4999.073     83  10164.146    10274.813    10441.956
170  rtREV+F       5190.448     96  10572.895    10737.710    10894.218
171  rtREV+F+I     5120.797     97  10435.595    10605.345    10760.264
172  rtREV+F+G4    4955.641     97  10105.282    10275.032    10429.951
173  rtREV+F+I+G4  4955.655     98  10107.309    10282.120    10435.326
174  rtREV+F+R2    4974.401     98  10144.801    10319.612    10472.818
175  rtREV+F+R3    4949.794     100 10099.588    10284.909    10434.298
176  rtREV+F+R4    4947.039     102 10098.077    10294.451    10439.482
183  mtART         5640.545     77  11435.090    11526.090    11692.818
184  mtART+I       5588.374     78  11332.749    11426.825    11593.823
185  mtART+G4      5237.249     78  10630.499    10724.575    10891.573
186  mtART+I+G4    5237.076     79  10632.152    10729.383    10896.574
187  mtART+R2      5279.162     79  10716.325    10813.555    10980.746
188  mtART+R3      5240.031     81  10642.062    10745.843    10913.178
189  mtART+R4      5228.529     83  10623.057    10733.724    10900.867
190  mtART+R5      5220.177     85  10610.353    10728.257    10894.857
191  mtART+R6      5213.594     87  10601.187    10726.696    10892.386
192  mtART+R7      5213.093     89  10604.186    10737.686    10902.078
196  mtART+F       5347.207     96  10886.414    11051.228    11207.736
197  mtART+F+I     5282.163     97  10758.326    10928.076    11082.996
198  mtART+F+G4    5030.921     97  10255.842    10425.592    10580.512
199  mtART+F+I+G4  5031.074     98  10258.148    10432.959    10586.164
200  mtART+F+R2    5066.005     98  10328.011    10502.821    10656.027
201  mtART+F+R3    5033.521     100 10267.041    10452.363    10601.752
202  mtART+F+R4    5025.684     102 10255.369    10451.743    10596.774
203  mtART+F+R5    5020.387     104 10248.774    10456.774    10596.873
209  mtZOA         5454.184     77  11062.368    11153.368    11320.096
210  mtZOA+I       5408.910     78  10973.819    11067.896    11234.894
211  mtZOA+G4      5122.935     78  10401.870    10495.947    10662.945
212  mtZOA+I+G4    5123.258     79  10404.517    10501.748    10668.938
213  mtZOA+R2      5148.620     79  10455.240    10552.470    10719.661
214  mtZOA+R3      5118.603     81  10399.205    10502.986    10670.321
215  mtZOA+R4      5110.908     83  10387.816    10498.483    10665.626
216  mtZOA+R5      5108.332     85  10386.664    10504.567    10671.168
222  mtZOA+F       5224.042     96  10640.083    10804.897    10961.406
223  mtZOA+F+I     5159.513     97  10513.026    10682.776    10837.696
224  mtZOA+F+G4    4951.810     97  10097.620    10267.370    10422.289
225  mtZOA+F+I+G4  4951.929     98  10099.858    10274.669    10427.875
226  mtZOA+F+R2    4980.973     98  10157.947    10332.757    10485.963
227  mtZOA+F+R3    4951.712     100 10103.425    10288.746    10438.136
228  mtZOA+F+R4    4947.359     102 10098.718    10295.092    10440.123
235  VT            5207.237     77  10568.474    10659.474    10826.201
236  VT+I          5137.836     78  10431.672    10525.748    10692.746
237  VT+G4         4984.346     78  10124.692    10218.768    10385.766
238  VT+I+G4       4984.400     79  10126.800    10224.031    10391.222
239  VT+R2         4994.213     79  10146.426    10243.657    10410.848
240  VT+R3         4974.497     81  10110.995    10214.776    10382.111
241  VT+R4         4972.445     83  10110.890    10221.557    10388.700
248  VT+F          5197.019     96  10586.037    10750.851    10907.359
249  VT+F+I        5124.525     97  10443.049    10612.799    10767.719
250  VT+F+G4       4972.023     97  10138.046    10307.796    10462.715
251  VT+F+I+G4     4972.044     98  10140.089    10314.900    10468.105
252  VT+F+R2       4983.042     98  10162.084    10336.894    10490.100
253  VT+F+R3       4963.844     100 10127.688    10313.010    10462.399
254  VT+F+R4       4961.520     102 10127.041    10323.414    10468.446
261  LG            5151.757     77  10457.513    10548.513    10715.241
262  LG+I          5085.491     78  10326.981    10421.057    10588.055
263  LG+G4         4914.691     78  9985.382     10079.458    10246.456
264  LG+I+G4       4914.723     79  9987.446     10084.677    10251.868
265  LG+R2         4928.629     79  10015.258    10112.489    10279.679
266  LG+R3         4905.919     81  9973.839     10077.620    10244.955
267  LG+R4         4903.673     83  9973.347     10084.013    10251.157
274  LG+F          5147.480     96  10486.959    10651.773    10808.281
275  LG+F+I        5077.286     97  10348.571    10518.321    10673.241
276  LG+F+G4       4908.350     97  10010.700    10180.450    10335.369
277  LG+F+I+G4     4908.368     98  10012.737    10187.548    10340.753
278  LG+F+R2       4924.663     98  10045.326    10220.136    10373.342
279  LG+F+R3       4902.611     100 10005.223    10190.544    10339.933
280  LG+F+R4       4899.853     102 10003.707    10200.080    10345.111
287  DCMut         5217.447     77  10588.894    10679.894    10846.621
288  DCMut+I       5138.367     78  10432.734    10526.811    10693.809
289  DCMut+G4      4978.384     78  10112.768    10206.844    10373.842
290  DCMut+I+G4    4978.342     79  10114.685    10211.916    10379.106
291  DCMut+R2      4993.372     79  10144.744    10241.975    10409.165
292  DCMut+R3      4976.877     81  10115.753    10219.535    10386.869
293  DCMut+R4      4973.169     83  10112.338    10223.004    10390.147
300  DCMut+F       5173.652     96  10539.305    10704.119    10860.627
301  DCMut+F+I     5091.668     97  10377.337    10547.087    10702.006
302  DCMut+F+G4    4927.658     97  10049.316    10219.066    10373.985
303  DCMut+F+I+G4  4927.560     98  10051.119    10225.930    10379.136
304  DCMut+F+R2    4947.806     98  10091.613    10266.424    10419.629
305  DCMut+F+R3    4927.417     100 10054.834    10240.155    10389.545
306  DCMut+F+R4    4923.704     102 10051.408    10247.782    10392.813
313  PMB           5280.704     77  10715.407    10806.407    10973.135
314  PMB+I         5214.743     78  10585.487    10679.563    10846.561
315  PMB+G4        5059.464     78  10274.929    10369.005    10536.003
316  PMB+I+G4      5059.499     79  10276.998    10374.229    10541.419
317  PMB+R2        5072.172     79  10302.344    10399.574    10566.765
318  PMB+R3        5049.551     81  10261.101    10364.883    10532.217
319  PMB+R4        5047.612     83  10261.225    10371.892    10539.035
326  PMB+F         5259.674     96  10711.348    10876.162    11032.671
327  PMB+F+I       5187.978     97  10569.956    10739.706    10894.625
328  PMB+F+G4      5034.613     97  10263.226    10432.976    10587.896
329  PMB+F+I+G4    5034.588     98  10265.175    10439.986    10593.192
330  PMB+F+R2      5048.493     98  10292.986    10467.797    10621.003
331  PMB+F+R3      5025.834     100 10251.669    10436.990    10586.380
332  PMB+F+R4      5023.445     102 10250.891    10447.265    10592.296
339  HIVb          5355.721     77  10865.442    10956.442    11123.170
340  HIVb+I        5265.998     78  10687.997    10782.073    10949.071
341  HIVb+G4       5046.604     78  10249.209    10343.285    10510.283
342  HIVb+I+G4     5046.409     79  10250.818    10348.048    10515.239
343  HIVb+R2       5081.032     79  10320.065    10417.296    10584.486
344  HIVb+R3       5045.576     81  10253.152    10356.933    10524.267
345  HIVb+R4       5038.887     83  10243.774    10354.441    10521.584
346  HIVb+R5       5033.326     85  10236.652    10354.555    10521.156
347  HIVb+R6       5030.921     87  10235.843    10361.351    10527.041
352  HIVb+F        5325.652     96  10843.304    11008.118    11164.626
353  HIVb+F+I      5230.453     97  10654.906    10824.656    10979.576
354  HIVb+F+G4     5006.783     97  10207.565    10377.315    10532.235
355  HIVb+F+I+G4   5006.596     98  10209.193    10384.003    10537.209
356  HIVb+F+R2     5045.389     98  10286.777    10461.588    10614.794
357  HIVb+F+R3     5010.597     100 10221.193    10406.514    10555.904
358  HIVb+F+R4     5004.185     102 10212.371    10408.745    10553.776
359  HIVb+F+R5     4998.938     104 10205.875    10413.875    10553.974
365  HIVw          5629.421     77  11412.843    11503.843    11670.570
366  HIVw+I        5519.945     78  11195.891    11289.967    11456.965
367  HIVw+G4       5295.157     78  10746.314    10840.390    11007.388
368  HIVw+I+G4     5294.874     79  10747.748    10844.979    11012.169
369  HIVw+R2       5339.820     79  10837.639    10934.870    11102.061
370  HIVw+R3       5296.455     81  10754.911    10858.692    11026.026
371  HIVw+R4       5287.003     83  10740.005    10850.672    11017.815
372  HIVw+R5       5279.894     85  10729.788    10847.691    11014.292
373  HIVw+R6       5277.268     87  10728.535    10854.044    11019.734
378  HIVw+F        5545.864     96  11283.728    11448.543    11605.051
379  HIVw+F+I      5439.845     97  11073.690    11243.440    11398.359
380  HIVw+F+G4     5198.977     97  10591.954    10761.704    10916.624
381  HIVw+F+I+G4   5198.775     98  10593.550    10768.360    10921.566
382  HIVw+F+R2     5244.901     98  10685.801    10860.612    11013.818
383  HIVw+F+R3     5203.855     100 10607.710    10793.031    10942.421
384  HIVw+F+R4     5195.190     102 10594.379    10790.753    10935.784
385  HIVw+F+R5     5189.615     104 10587.231    10795.231    10935.330
386  HIVw+F+R6     5187.249     106 10586.497    10806.730    10941.291
391  JTTDCMut      5183.841     77  10521.683    10612.683    10779.410
392  JTTDCMut+I    5109.350     78  10374.700    10468.777    10635.775
393  JTTDCMut+G4   4942.843     78  10041.687    10135.763    10302.761
394  JTTDCMut+I+G4 4942.833     79  10043.665    10140.896    10308.087
395  JTTDCMut+R2   4956.835     79  10071.670    10168.901    10336.091
396  JTTDCMut+R3   4935.038     81  10032.076    10135.857    10303.192
397  JTTDCMut+R4   4932.113     83  10030.227    10140.893    10308.037
404  JTTDCMut+F    5160.181     96  10512.362    10677.177    10833.685
405  JTTDCMut+F+I  5080.845     97  10355.689    10525.439    10680.359
406  JTTDCMut+F+G4 4914.601     97  10023.202    10192.952    10347.872
407  JTTDCMut+F+I+G4 4914.569     98  10025.139    10199.950    10353.155
408  JTTDCMut+F+R2 4931.504     98  10059.007    10233.818    10387.024
409  JTTDCMut+F+R3 4909.926     100 10019.852    10205.173    10354.563
410  JTTDCMut+F+R4 4906.446     102 10016.891    10213.265    10358.296
417  FLU           5319.919     77  10793.838    10884.838    11051.565
418  FLU+I         5235.425     78  10626.850    10720.926    10887.924
419  FLU+G4        5034.651     78  10225.303    10319.379    10486.377
420  FLU+I+G4      5034.547     79  10227.094    10324.325    10491.516
421  FLU+R2        5067.891     79  10293.781    10391.012    10558.203
422  FLU+R3        5033.243     81  10228.486    10332.267    10499.602
423  FLU+R4        5027.974     83  10221.948    10332.615    10499.758
430  FLU+F         5315.974     96  10823.948    10988.762    11145.270
431  FLU+F+I       5224.969     97  10643.937    10813.687    10968.607
432  FLU+F+G4      5008.359     97  10210.718    10380.468    10535.387
433  FLU+F+I+G4    5008.272     98  10212.544    10387.355    10540.561
434  FLU+F+R2      5052.008     98  10300.015    10474.826    10628.032
435  FLU+F+R3      5013.788     100 10227.575    10412.896    10562.286
436  FLU+F+R4      5007.205     102 10218.410    10414.784    10559.815
437  FLU+F+R5      5002.426     104 10212.853    10420.853    10560.952
443  Blosum62      5273.566     77  10701.132    10792.132    10958.860
444  Blosum62+I    5207.288     78  10570.576    10664.653    10831.651
445  Blosum62+G4   5053.266     78  10262.533    10356.609    10523.607
446  Blosum62+I+G4 5053.300     79  10264.600    10361.831    10529.021
447  Blosum62+R2   5065.410     79  10288.821    10386.052    10553.242
448  Blosum62+R3   5042.815     81  10247.630    10351.411    10518.746
449  Blosum62+R4   5041.168     83  10248.336    10359.003    10526.146
456  Blosum62+F    5263.109     96  10718.218    10883.032    11039.541
457  Blosum62+F+I  5191.823     97  10577.646    10747.396    10902.316
458  Blosum62+F+G4 5040.966     97  10275.933    10445.683    10600.602
459  Blosum62+F+I+G4 5040.938     98  10277.875    10452.686    10605.892
460  Blosum62+F+R2 5053.489     98  10302.978    10477.788    10630.994
461  Blosum62+F+R3 5032.167     100 10264.333    10449.654    10599.044
462  Blosum62+F+R4 5030.338     102 10264.675    10461.049    10606.080
469  mtMet         5499.542     77  11153.084    11244.084    11410.811
470  mtMet+I       5450.371     78  11056.743    11150.819    11317.817
471  mtMet+G4      5201.249     78  10558.497    10652.574    10819.572
472  mtMet+I+G4    5201.519     79  10561.037    10658.268    10825.459
473  mtMet+R2      5221.504     79  10601.007    10698.238    10865.429
474  mtMet+R3      5193.755     81  10549.511    10653.292    10820.627
475  mtMet+R4      5190.307     83  10546.614    10657.281    10824.424
482  mtMet+F       5220.407     96  10632.814    10797.628    10954.136
483  mtMet+F+I     5155.368     97  10504.736    10674.486    10829.405
484  mtMet+F+G4    4960.879     97  10115.759    10285.509    10440.428
485  mtMet+F+I+G4  4960.968     98  10117.936    10292.746    10445.952
486  mtMet+F+R2    4987.465     98  10170.930    10345.741    10498.946
487  mtMet+F+R3    4959.368     100 10118.737    10304.058    10453.447
488  mtMet+F+R4    4957.152     102 10118.304    10314.677    10459.709
495  mtVer         5601.306     77  11356.613    11447.613    11614.340
496  mtVer+I       5547.595     78  11251.190    11345.266    11512.264
497  mtVer+G4      5275.503     78  10707.006    10801.083    10968.081
498  mtVer+I+G4    5275.648     79  10709.295    10806.526    10973.717
499  mtVer+R2      5300.671     79  10759.342    10856.573    11023.764
500  mtVer+R3      5271.920     81  10705.840    10809.621    10976.955
501  mtVer+R4      5267.768     83  10701.537    10812.203    10979.347
508  mtVer+F       5339.834     96  10871.667    11036.481    11192.990
509  mtVer+F+I     5268.019     97  10730.039    10899.789    11054.708
510  mtVer+F+G4    5049.431     97  10292.862    10462.612    10617.531
511  mtVer+F+I+G4  5049.467     98  10294.935    10469.746    10622.951
512  mtVer+F+R2    5087.278     98  10370.556    10545.367    10698.572
513  mtVer+F+R3    5052.750     100 10305.500    10490.821    10640.210
514  mtVer+F+R4    5048.893     102 10301.787    10498.160    10643.192
521  mtInv         5498.826     77  11151.651    11242.651    11409.379
522  mtInv+I       5448.338     78  11052.676    11146.752    11313.750
523  mtInv+G4      5215.146     78  10586.293    10680.369    10847.367
524  mtInv+I+G4    5215.274     79  10588.548    10685.778    10852.969
525  mtInv+R2      5236.326     79  10630.652    10727.883    10895.073
526  mtInv+R3      5206.591     81  10575.181    10678.963    10846.297
527  mtInv+R4      5203.671     83  10573.343    10684.010    10851.153
534  mtInv+F       5188.581     96  10569.161    10733.976    10890.484
535  mtInv+F+I     5119.632     97  10433.263    10603.013    10757.932
536  mtInv+F+G4    4940.132     97  10074.263    10244.013    10398.933
537  mtInv+F+I+G4  4940.144     98  10076.288    10251.099    10404.305
538  mtInv+F+R2    4965.026     98  10126.051    10300.862    10454.068
539  mtInv+F+R3    4937.716     100 10075.432    10260.753    10410.142
540  mtInv+F+R4    4936.105     102 10076.209    10272.583    10417.614
Akaike Information Criterion:           LG+R4
Corrected Akaike Information Criterion: LG+R3
Bayesian Information Criterion:         LG+R3
Best-fit model: LG+R3 chosen according to BIC

All model information printed to test//aln_seqs/EOG09343MSE.aln.model.gz
CPU time for ModelFinder: 232.872 seconds (0h:3m:52s)
Wall-clock time for ModelFinder: 5760.613 seconds (1h:36m:0s)
Generating 1000 samples for ultrafast bootstrap (seed: 898288)...

NOTE: 4 MB RAM (0 GB) is required!
Estimate model parameters (epsilon = 0.100)
1. Initial log-likelihood: -4929.154
2. Current log-likelihood: -4914.485
3. Current log-likelihood: -4909.615
4. Current log-likelihood: -4906.732
5. Current log-likelihood: -4905.640
6. Current log-likelihood: -4905.418
Optimal log-likelihood: -4905.362
Site proportion and rates:  (0.609,0.310) (0.287,1.467) (0.104,3.748)
Parameters optimization took 6 rounds (21.508 sec)
Computing ML distances based on estimated model parameters... 0.455 sec
Computing BIONJ tree...
0.093 seconds
Log-likelihood of BIONJ tree: -4879.516
--------------------------------------------------------------------
|             INITIALIZING CANDIDATE TREE SET                      |
--------------------------------------------------------------------
Generating 98 parsimony trees... 22.430 second
Computing log-likelihood of 98 initial trees ... 144.087 seconds
Current best score: -4879.516

Do NNI search on 20 best initial trees
Estimate model parameters (epsilon = 0.100)
BETTER TREE FOUND at iteration 1: -4870.267
Iteration 10 / LogL: -4880.024 / Time: 0h:7m:54s
Iteration 20 / LogL: -4878.547 / Time: 0h:9m:3s
Finish initializing candidate tree set (18)
Current best tree score: -4870.267 / CPU time: 509.928
Number of iterations: 20
--------------------------------------------------------------------
|               OPTIMIZING CANDIDATE TREE SET                      |
--------------------------------------------------------------------
Estimate model parameters (epsilon = 0.100)
BETTER TREE FOUND at iteration 28: -4869.259
Iteration 30 / LogL: -4873.092 / Time: 0h:19m:31s (1h:5m:57s left)
Iteration 40 / LogL: -4906.987 / Time: 0h:21m:52s (0h:49m:21s left)
Iteration 50 / LogL: -4874.843 / Time: 0h:31m:2s (0h:49m:25s left)
Log-likelihood cutoff on original alignment: -4901.799
UPDATE BEST LOG-LIKELIHOOD: -4869.259
BETTER TREE FOUND at iteration 58: -4869.259
Iteration 60 / LogL: -4874.732 / Time: 0h:34m:55s (0h:57m:59s left)
Iteration 70 / LogL: -4918.453 / Time: 0h:38m:5s (0h:48m:34s left)
UPDATE BEST LOG-LIKELIHOOD: -4869.259
UPDATE BEST LOG-LIKELIHOOD: -4869.259
Iteration 80 / LogL: -4869.259 / Time: 0h:40m:35s (0h:40m:4s left)
UPDATE BEST LOG-LIKELIHOOD: -4869.259
Iteration 90 / LogL: -4869.748 / Time: 0h:43m:27s (0h:33m:11s left)
UPDATE BEST LOG-LIKELIHOOD: -4869.259
Iteration 100 / LogL: -4870.347 / Time: 0h:47m:14s (0h:27m:40s left)
Log-likelihood cutoff on original alignment: -4901.799
NOTE: Bootstrap correlation coefficient of split occurrence frequencies: 0.999
Iteration 110 / LogL: -4871.348 / Time: 0h:52m:38s (0h:43m:28s left)
UPDATE BEST LOG-LIKELIHOOD: -4869.259
Iteration 120 / LogL: -4869.500 / Time: 0h:58m:30s (0h:39m:19s left)
Iteration 130 / LogL: -4869.748 / Time: 1h:1m:30s (0h:33m:22s left)
Iteration 140 / LogL: -4870.292 / Time: 1h:3m:58s (0h:27m:36s left)
Iteration 150 / LogL: -4869.704 / Time: 1h:5m:37s (0h:22m:1s left)
Log-likelihood cutoff on original alignment: -4901.799
TREE SEARCH COMPLETED AFTER 159 ITERATIONS / Time: 1h:7m:34s

--------------------------------------------------------------------
|                    FINALIZING TREE SEARCH                        |
--------------------------------------------------------------------
Performs final model parameters optimization
Estimate model parameters (epsilon = 0.010)
1. Initial log-likelihood: -4869.259
Optimal log-likelihood: -4869.258
Site proportion and rates:  (0.609,0.308) (0.286,1.479) (0.105,3.721)
Parameters optimization took 1 rounds (2.213 sec)
BEST SCORE FOUND : -4869.258
Creating bootstrap support values...
Split supports printed to NEXUS file test//aln_seqs/EOG09343MSE.aln.splits.nex
Total tree length: 5.999

Total number of iterations: 159
CPU time used for tree search: 195.641 sec (0h:3m:15s)
Wall-clock time used for tree search: 4020.107 sec (1h:7m:0s)
Total CPU time used: 198.010 sec (0h:3m:18s)
Total wall-clock time used: 4060.750 sec (1h:7m:40s)

Computing bootstrap consensus tree...
Reading input file test//aln_seqs/EOG09343MSE.aln.splits.nex...
40 taxa and 429 splits.
Consensus tree written to test//aln_seqs/EOG09343MSE.aln.contree
Reading input trees file test//aln_seqs/EOG09343MSE.aln.contree
Log-likelihood of consensus tree: -4871.044

Analysis results written to: 
  IQ-TREE report:                test//aln_seqs/EOG09343MSE.aln.iqtree
  Maximum-likelihood tree:       test//aln_seqs/EOG09343MSE.aln.treefile
  Likelihood distances:          test//aln_seqs/EOG09343MSE.aln.mldist

Ultrafast bootstrap approximation results written to:
  Split support values:          test//aln_seqs/EOG09343MSE.aln.splits.nex
  Consensus tree:                test//aln_seqs/EOG09343MSE.aln.contree
  Screen log file:               test//aln_seqs/EOG09343MSE.aln.log

Date and Time: Tue Feb 19 12:37:42 2019
