IQ-TREE multicore version 1.6.8 for Linux 64-bit built Oct 28 2018
Developed by Bui Quang Minh, Nguyen Lam Tung, Olga Chernomor,
Heiko Schmidt, Dominik Schrempf, Michael Woodhams.

Host:    sango40410.oist.jp (AVX2, FMA3, 503 GB RAM)
Command: iqtree -s test//aln_seqs/EOG09344DAY.aln -bb 1000 -redo -nt 3 -m MFP
Seed:    213777 (Using SPRNG - Scalable Parallel Random Number Generator)
Time:    Tue Feb 19 09:54:01 2019
Kernel:  AVX+FMA - 3 threads (24 CPU cores detected)

Reading alignment file test//aln_seqs/EOG09344DAY.aln ... Fasta format detected
Alignment most likely contains protein sequences
Alignment has 40 sequences with 226 columns, 192 distinct patterns
131 parsimony-informative, 36 singleton sites, 59 constant sites
                                             Gap/Ambiguity  Composition  p-value
   1  Candida_glabrata                              23.45%    passed     96.97%
   2  Kazachstania_africana                         23.89%    passed     99.66%
   3  Kazachstania_naganishii                       24.34%    passed     99.81%
   4  Nakaseomyces_bacillisporus                    25.22%    passed     17.85%
   5  Nakaseomyces_bracarensis                       3.10%    passed     96.04%
   6  Nakaseomyces_castellii                        29.20%    failed      0.00%
   7  Nakaseomyces_delphensis                       23.89%    passed    100.00%
   8  Nakaseomyces_nivariensis                       3.10%    passed     99.78%
   9  Naumovozyma_castellii                          2.65%    passed     98.88%
  10  Naumovozyma_dairenensis                        2.65%    passed     99.97%
  11  Neurospora_crassa                             28.32%    passed     12.91%
  12  Saccharomyces_arboricola                      23.89%    passed     99.83%
  13  Saccharomyces_cerevisiae                      25.66%    passed     99.99%
  14  Saccharomyces_eubayanus                       26.11%    passed     99.87%
  15  Saccharomyces_kudriavzevii                    23.89%    passed     98.76%
  16  Saccharomyces_mikatae                         27.43%    passed     98.60%
  17  Saccharomyces_paradoxus                       25.22%    passed     99.99%
  18  Saccharomyces_uvarum                          25.22%    passed     99.93%
  19  Tetrapisispora_blattae                        28.76%    passed     30.40%
  20  Tetrapisispora_phaffii                        30.09%    passed     67.85%
  21  Vanderwaltozyma_polyspora                     25.66%    passed     26.53%
  22  yHAB132_Kazachstania_martiniae                27.88%    passed     94.07%
  23  yHAB133_Kazachstania_unispora                 33.63%    passed     96.56%
  24  yHAB134_Kazachstania_turicensis               23.89%    passed     93.04%
  25  yHAB136_Kazachstania_bromeliacearum           24.34%    passed     99.70%
  26  yHAB143_Kazachstania_siamensis                26.99%    passed     99.97%
  27  yHAB147_Kazachstania_taianensis               23.89%    passed     99.95%
  28  yHAB148_Kazachstania_intestinalis             23.89%    passed     99.98%
  29  yHAB153_Kazachstania_rosinii                   2.65%    passed     97.60%
  30  yHAB154_Kazachstania_transvaalensis            2.65%    passed     99.98%
  31  yHAB155_Kazachstania_spencerorum              24.78%    passed     92.57%
  32  yHAB158_Kazachstania_viticola                 23.89%    passed     99.93%
  33  yHAB159_Kazachstania_solicola                 29.20%    passed     94.64%
  34  yHAB160_Kazachstania_kunashirensis            24.34%    passed     99.41%
  35  yHAB164_Kazachstania_aerobia                  29.20%    passed     94.64%
  36  yHAB166_Kazachstania_yakushimaensis            2.65%    passed     99.52%
  37  yHMPu5000034875_Tetrapisispora_fleetii        23.01%    passed     78.56%
  38  yHMPu5000034876_Tetrapisispora_iriomotensis   23.89%    passed     61.71%
  39  yHMPu5000034877_Tetrapisispora_namnaonensis   23.89%    passed     73.74%
  40  yHMPu5000035629_Yueomyces_sinensis            36.73%    failed      0.00%
****  TOTAL                                         22.08%  2 sequences failed composition chi2 test (p-value<5%; df=19)
NOTE: yHAB164_Kazachstania_aerobia is identical to yHAB159_Kazachstania_solicola but kept for subsequent analysis


Create initial parsimony tree by phylogenetic likelihood library (PLL)... 0.509 seconds
NOTE: ModelFinder requires 13 MB RAM!
ModelFinder will test 546 protein models (sample size: 226) ...
 No. Model         -LnL         df  AIC          AICc         BIC
  1  Dayhoff       6033.171     77  12220.342    12301.504    12483.723
  2  Dayhoff+I     5902.689     78  11961.377    12045.214    12228.179
  3  Dayhoff+G4    5713.128     78  11582.256    11666.093    11849.058
  4  Dayhoff+I+G4  5710.979     79  11579.959    11666.534    11850.181
  5  Dayhoff+R2    5752.551     79  11663.101    11749.677    11933.324
  6  Dayhoff+R3    5720.113     81  11602.225    11694.475    11879.289
  7  Dayhoff+R4    5712.914     83  11591.828    11690.025    11875.733
  8  Dayhoff+R5    5708.002     85  11586.004    11690.432    11876.749
 14  Dayhoff+F     6019.961     96  12231.922    12376.294    12560.293
 15  Dayhoff+F+I   5865.777     97  11925.554    12074.085    12257.346
 16  Dayhoff+F+G4  5646.553     97  11487.107    11635.638    11818.899
 17  Dayhoff+F+I+G4 5644.189     98  11484.378    11637.165    11819.590
 18  Dayhoff+F+R2  5699.932     98  11595.865    11748.652    11931.077
 19  Dayhoff+F+R3  5662.376     100 11524.752    11686.352    11866.805
 20  Dayhoff+F+R4  5652.127     102 11508.255    11679.084    11857.149
 21  Dayhoff+F+R5  5645.194     104 11498.388    11678.884    11854.124
 22  Dayhoff+F+R6  5641.310     106 11494.620    11685.242    11857.197
 27  mtMAM         6687.626     77  13529.252    13610.414    13792.633
 28  mtMAM+I       6545.334     78  13246.668    13330.505    13513.470
 29  mtMAM+G4      6158.780     78  12473.559    12557.396    12740.361
 30  mtMAM+I+G4    6158.039     79  12474.078    12560.653    12744.300
 31  mtMAM+R2      6237.979     79  12633.959    12720.534    12904.181
 32  mtMAM+R3      6186.243     81  12534.487    12626.737    12811.550
 33  mtMAM+R4      6172.276     83  12510.552    12608.750    12794.457
 34  mtMAM+R5      6163.579     85  12497.158    12601.586    12787.903
 35  mtMAM+R6      6159.639     87  12493.278    12604.234    12790.864
 40  mtMAM+F       6272.998     96  12737.995    12882.367    13066.367
 41  mtMAM+F+I     6092.492     97  12378.984    12527.516    12710.776
 42  mtMAM+F+G4    5824.825     97  11843.651    11992.182    12175.443
 43  mtMAM+F+I+G4  5821.490     98  11838.979    11991.767    12174.192
 44  mtMAM+F+R2    5891.226     98  11978.451    12131.239    12313.664
 45  mtMAM+F+R3    5852.052     100 11904.105    12065.705    12246.158
 46  mtMAM+F+R4    5840.774     102 11885.547    12056.377    12234.442
 47  mtMAM+F+R5    5832.336     104 11872.673    12053.169    12228.409
 48  mtMAM+F+R6    5826.425     106 11864.850    12055.471    12227.426
 49  mtMAM+F+R7    5822.142     108 11860.285    12061.516    12229.703
 53  JTT           6065.230     77  12284.460    12365.622    12547.841
 54  JTT+I         5927.808     78  12011.616    12095.452    12278.417
 55  JTT+G4        5725.538     78  11607.075    11690.912    11873.877
 56  JTT+I+G4      5723.997     79  11605.994    11692.569    11876.216
 57  JTT+R2        5763.183     79  11684.366    11770.941    11954.588
 58  JTT+R3        5730.431     81  11622.863    11715.113    11899.926
 59  JTT+R4        5724.836     83  11615.673    11713.870    11899.577
 60  JTT+R5        5720.213     85  11610.425    11714.854    11901.171
 66  JTT+F         6054.987     96  12301.974    12446.347    12630.346
 67  JTT+F+I       5891.310     97  11976.620    12125.152    12308.412
 68  JTT+F+G4      5659.227     97  11512.454    11660.985    11844.246
 69  JTT+F+I+G4    5658.040     98  11512.079    11664.866    11847.291
 70  JTT+F+R2      5714.798     98  11625.596    11778.383    11960.808
 71  JTT+F+R3      5673.133     100 11546.266    11707.866    11888.319
 72  JTT+F+R4      5664.274     102 11532.549    11703.378    11881.443
 73  JTT+F+R5      5657.474     104 11522.948    11703.443    11878.683
 74  JTT+F+R6      5653.547     106 11519.095    11709.717    11881.671
 79  WAG           6035.114     77  12224.229    12305.391    12487.610
 80  WAG+I         5888.048     78  11932.096    12015.933    12198.898
 81  WAG+G4        5708.391     78  11572.782    11656.619    11839.584
 82  WAG+I+G4      5707.193     79  11572.385    11658.961    11842.607
 83  WAG+R2        5747.879     79  11653.759    11740.334    11923.981
 84  WAG+R3        5707.840     81  11577.681    11669.931    11854.744
 85  WAG+R4        5704.887     83  11575.774    11673.971    11859.678
 92  WAG+F         6060.096     96  12312.192    12456.565    12640.564
 93  WAG+F+I       5891.823     97  11977.645    12126.177    12309.437
 94  WAG+F+G4      5677.110     97  11548.219    11696.750    11880.011
 95  WAG+F+I+G4    5675.297     98  11546.595    11699.382    11881.807
 96  WAG+F+R2      5730.023     98  11656.046    11808.833    11991.258
 97  WAG+F+R3      5683.832     100 11567.663    11729.263    11909.717
 98  WAG+F+R4      5679.209     102 11562.419    11733.248    11911.313
105  cpREV         6095.457     77  12344.914    12426.076    12608.295
106  cpREV+I       5948.167     78  12052.334    12136.171    12319.136
107  cpREV+G4      5751.813     78  11659.627    11743.464    11926.429
108  cpREV+I+G4    5751.658     79  11661.315    11747.891    11931.538
109  cpREV+R2      5794.195     79  11746.390    11832.965    12016.612
110  cpREV+R3      5749.698     81  11661.397    11753.647    11938.460
111  cpREV+R4      5748.226     83  11662.451    11760.648    11946.356
118  cpREV+F       6151.193     96  12494.386    12638.758    12822.757
119  cpREV+F+I     5976.389     97  12146.778    12295.309    12478.570
120  cpREV+F+G4    5727.790     97  11649.580    11798.112    11981.372
121  cpREV+F+I+G4  5726.566     98  11649.131    11801.919    11984.344
122  cpREV+F+R2    5789.904     98  11775.808    11928.595    12111.020
123  cpREV+F+R3    5737.037     100 11674.074    11835.674    12016.127
124  cpREV+F+R4    5734.056     102 11672.113    11842.942    12021.007
131  mtREV         6422.786     77  12999.572    13080.734    13262.953
132  mtREV+I       6288.509     78  12733.018    12816.855    12999.820
133  mtREV+G4      6042.406     78  12240.811    12324.648    12507.613
134  mtREV+I+G4    6041.526     79  12241.053    12327.628    12511.275
135  mtREV+R2      6086.786     79  12331.572    12418.148    12601.795
136  mtREV+R3      6044.724     81  12251.448    12343.698    12528.511
137  mtREV+R4      6044.016     83  12254.033    12352.230    12537.937
144  mtREV+F       6144.915     96  12481.830    12626.202    12810.201
145  mtREV+F+I     5977.280     97  12148.560    12297.092    12480.352
146  mtREV+F+G4    5751.898     97  11697.796    11846.327    12029.588
147  mtREV+F+I+G4  5747.846     98  11691.693    11844.480    12026.905
148  mtREV+F+R2    5807.900     98  11811.801    11964.588    12147.013
149  mtREV+F+R3    5756.883     100 11713.766    11875.366    12055.819
150  mtREV+F+R4    5754.280     102 11712.559    11883.389    12061.454
157  rtREV         6085.086     77  12324.172    12405.334    12587.553
158  rtREV+I       5936.876     78  12029.752    12113.589    12296.554
159  rtREV+G4      5731.638     78  11619.277    11703.114    11886.079
160  rtREV+I+G4    5729.444     79  11616.888    11703.464    11887.111
161  rtREV+R2      5771.603     79  11701.206    11787.782    11971.429
162  rtREV+R3      5730.317     81  11622.634    11714.884    11899.697
163  rtREV+R4      5728.953     83  11623.907    11722.104    11907.811
170  rtREV+F       6038.259     96  12268.519    12412.891    12596.890
171  rtREV+F+I     5872.374     97  11938.749    12087.280    12270.541
172  rtREV+F+G4    5647.008     97  11488.015    11636.546    11819.807
173  rtREV+F+I+G4  5644.407     98  11484.815    11637.602    11820.027
174  rtREV+F+R2    5697.725     98  11591.449    11744.237    11926.662
175  rtREV+F+R3    5648.666     100 11497.332    11658.932    11839.385
176  rtREV+F+R4    5646.642     102 11497.284    11668.114    11846.179
183  mtART         6531.177     77  13216.354    13297.517    13479.736
184  mtART+I       6377.098     78  12910.197    12994.033    13176.998
185  mtART+G4      6044.295     78  12244.590    12328.427    12511.392
186  mtART+I+G4    6042.688     79  12243.376    12329.951    12513.598
187  mtART+R2      6118.451     79  12394.902    12481.477    12665.124
188  mtART+R3      6057.080     81  12276.160    12368.410    12553.224
189  mtART+R4      6055.021     83  12276.042    12374.239    12559.947
196  mtART+F       6114.273     96  12420.545    12564.917    12748.917
197  mtART+F+I     5951.925     97  12097.850    12246.382    12429.642
198  mtART+F+G4    5711.053     97  11616.105    11764.636    11947.897
199  mtART+F+I+G4  5707.520     98  11611.040    11763.827    11946.252
200  mtART+F+R2    5776.287     98  11748.575    11901.362    12083.787
201  mtART+F+R3    5722.258     100 11644.516    11806.116    11986.569
202  mtART+F+R4    5720.254     102 11644.509    11815.338    11993.403
209  mtZOA         6365.725     77  12885.449    12966.611    13148.830
210  mtZOA+I       6236.916     78  12629.833    12713.669    12896.634
211  mtZOA+G4      5953.688     78  12063.375    12147.212    12330.177
212  mtZOA+I+G4    5952.970     79  12063.939    12150.515    12334.162
213  mtZOA+R2      6002.964     79  12163.928    12250.504    12434.151
214  mtZOA+R3      5958.270     81  12078.540    12170.790    12355.603
215  mtZOA+R4      5957.220     83  12080.440    12178.637    12364.345
222  mtZOA+F       6041.088     96  12274.177    12418.549    12602.548
223  mtZOA+F+I     5887.264     97  11968.528    12117.059    12300.320
224  mtZOA+F+G4    5662.111     97  11518.222    11666.753    11850.014
225  mtZOA+F+I+G4  5659.552     98  11515.104    11667.892    11850.317
226  mtZOA+F+R2    5715.504     98  11627.007    11779.795    11962.220
227  mtZOA+F+R3    5666.973     100 11533.947    11695.547    11876.000
228  mtZOA+F+R4    5664.954     102 11533.908    11704.738    11882.803
235  VT            6053.142     77  12260.284    12341.446    12523.665
236  VT+I          5911.461     78  11978.922    12062.758    12245.723
237  VT+G4         5728.842     78  11613.685    11697.522    11880.487
238  VT+I+G4       5727.651     79  11613.303    11699.878    11883.525
239  VT+R2         5764.930     79  11687.860    11774.435    11958.082
240  VT+R3         5724.366     81  11610.733    11702.983    11887.796
241  VT+R4         5723.683     83  11613.365    11711.562    11897.270
248  VT+F          6055.598     96  12303.196    12447.569    12631.568
249  VT+F+I        5897.440     97  11988.881    12137.412    12320.673
250  VT+F+G4       5690.949     97  11575.899    11724.430    11907.691
251  VT+F+I+G4     5689.595     98  11575.190    11727.978    11910.403
252  VT+F+R2       5739.791     98  11675.582    11828.370    12010.795
253  VT+F+R3       5689.768     100 11579.536    11741.136    11921.590
254  VT+F+R4       5688.551     102 11581.102    11751.931    11929.996
261  LG            6021.575     77  12197.151    12278.313    12460.532
262  LG+I          5871.221     78  11898.443    11982.279    12165.244
263  LG+G4         5667.593     78  11491.186    11575.023    11757.988
264  LG+I+G4       5665.407     79  11488.814    11575.389    11759.036
265  LG+R2         5709.584     79  11577.168    11663.743    11847.390
266  LG+R3         5665.585     81  11493.170    11585.420    11770.234
267  LG+R4         5664.603     83  11495.206    11593.404    11779.111
274  LG+F          6030.665     96  12253.329    12397.701    12581.701
275  LG+F+I        5862.936     97  11919.871    12068.402    12251.663
276  LG+F+G4       5632.435     97  11458.870    11607.401    11790.662
277  LG+F+I+G4     5630.765     98  11457.530    11610.317    11792.742
278  LG+F+R2       5689.612     98  11575.224    11728.012    11910.437
279  LG+F+R3       5633.626     100 11467.252    11628.852    11809.306
280  LG+F+R4       5632.053     102 11468.106    11638.935    11817.000
287  DCMut         6033.369     77  12220.738    12301.900    12484.119
288  DCMut+I       5902.837     78  11961.674    12045.511    12228.476
289  DCMut+G4      5713.641     78  11583.282    11667.118    11850.083
290  DCMut+I+G4    5711.431     79  11580.863    11667.438    11851.085
291  DCMut+R2      5750.522     79  11659.045    11745.620    11929.267
292  DCMut+R3      5711.302     81  11584.605    11676.855    11861.668
293  DCMut+R4      5710.517     83  11587.033    11685.230    11870.938
300  DCMut+F       6019.711     96  12231.422    12375.794    12559.793
301  DCMut+F+I     5865.589     97  11925.178    12073.709    12256.969
302  DCMut+F+G4    5646.884     97  11487.769    11636.300    11819.561
303  DCMut+F+I+G4  5644.549     98  11485.098    11637.885    11820.310
304  DCMut+F+R2    5696.368     98  11588.737    11741.524    11923.949
305  DCMut+F+R3    5648.891     100 11497.783    11659.383    11839.836
306  DCMut+F+R4    5647.533     102 11499.065    11669.894    11847.960
313  PMB           6133.850     77  12421.700    12502.862    12685.081
314  PMB+I         5988.533     78  12133.066    12216.903    12399.868
315  PMB+G4        5817.632     78  11791.265    11875.101    12058.066
316  PMB+I+G4      5815.590     79  11789.179    11875.755    12059.401
317  PMB+R2        5851.768     79  11861.535    11948.111    12131.758
318  PMB+R3        5812.946     81  11787.892    11880.142    12064.956
319  PMB+R4        5812.811     83  11791.622    11889.820    12075.527
326  PMB+F         6093.370     96  12378.740    12523.112    12707.111
327  PMB+F+I       5934.579     97  12063.158    12211.689    12394.949
328  PMB+F+G4      5740.296     97  11674.593    11823.124    12006.385
329  PMB+F+I+G4    5738.024     98  11672.048    11824.835    12007.260
330  PMB+F+R2      5785.043     98  11766.086    11918.874    12101.299
331  PMB+F+R3      5738.321     100 11676.643    11838.243    12018.696
332  PMB+F+R4      5738.110     102 11680.221    11851.050    12029.115
339  HIVb          6297.103     77  12748.206    12829.368    13011.587
340  HIVb+I        6130.818     78  12417.636    12501.473    12684.438
341  HIVb+G4       5850.623     78  11857.246    11941.082    12124.047
342  HIVb+I+G4     5845.424     79  11848.847    11935.423    12119.069
343  HIVb+R2       5904.067     79  11966.135    12052.710    12236.357
344  HIVb+R3       5853.134     81  11868.268    11960.518    12145.331
345  HIVb+R4       5852.940     83  11871.881    11970.078    12155.785
352  HIVb+F        6284.584     96  12761.168    12905.540    13089.539
353  HIVb+F+I      6094.320     97  12382.639    12531.171    12714.431
354  HIVb+F+G4     5771.628     97  11737.256    11885.787    12069.048
355  HIVb+F+I+G4   5763.832     98  11723.665    11876.452    12058.877
356  HIVb+F+R2     5849.855     98  11895.710    12048.497    12230.922
357  HIVb+F+R3     5781.039     100 11762.079    11923.679    12104.132
358  HIVb+F+R4     5780.509     102 11765.019    11935.848    12113.913
365  HIVw          6535.463     77  13224.927    13306.089    13488.308
366  HIVw+I        6349.268     78  12854.535    12938.372    13121.337
367  HIVw+G4       6043.968     78  12243.935    12327.772    12510.737
368  HIVw+I+G4     6038.766     79  12235.532    12322.108    12505.755
369  HIVw+R2       6106.754     79  12371.509    12458.084    12641.731
370  HIVw+R3       6051.676     81  12265.351    12357.601    12542.415
371  HIVw+R4       6051.306     83  12268.612    12366.809    12552.516
378  HIVw+F        6486.223     96  13164.447    13308.819    13492.818
379  HIVw+F+I      6268.297     97  12730.595    12879.126    13062.387
380  HIVw+F+G4     5943.576     97  12081.151    12229.682    12412.943
381  HIVw+F+I+G4   5938.937     98  12073.873    12226.661    12409.086
382  HIVw+F+R2     6029.384     98  12254.767    12407.555    12589.980
383  HIVw+F+R3     5956.363     100 12112.726    12274.326    12454.780
384  HIVw+F+R4     5955.770     102 12115.540    12286.369    12464.434
391  JTTDCMut      6062.029     77  12278.058    12359.221    12541.440
392  JTTDCMut+I    5924.653     78  12005.305    12089.142    12272.107
393  JTTDCMut+G4   5722.734     78  11601.467    11685.304    11868.269
394  JTTDCMut+I+G4 5721.169     79  11600.339    11686.914    11870.561
395  JTTDCMut+R2   5759.919     79  11677.838    11764.413    11948.060
396  JTTDCMut+R3   5719.347     81  11600.693    11692.943    11877.757
397  JTTDCMut+R4   5719.205     83  11604.410    11702.607    11888.315
404  JTTDCMut+F    6054.079     96  12300.158    12444.530    12628.529
405  JTTDCMut+F+I  5890.362     97  11974.724    12123.255    12306.515
406  JTTDCMut+F+G4 5658.090     97  11510.180    11658.711    11841.972
407  JTTDCMut+F+I+G4 5656.911     98  11509.823    11662.610    11845.035
408  JTTDCMut+F+R2 5713.909     98  11623.818    11776.605    11959.030
409  JTTDCMut+F+R3 5658.479     100 11516.958    11678.558    11859.012
410  JTTDCMut+F+R4 5658.190     102 11520.380    11691.209    11869.275
417  FLU           6199.079     77  12552.157    12633.320    12815.539
418  FLU+I         6034.069     78  12224.138    12307.975    12490.940
419  FLU+G4        5775.402     78  11706.803    11790.640    11973.605
420  FLU+I+G4      5772.638     79  11703.277    11789.852    11973.499
421  FLU+R2        5827.980     79  11813.959    11900.535    12084.182
422  FLU+R3        5780.620     81  11723.239    11815.489    12000.303
423  FLU+R4        5780.399     83  11726.797    11824.995    12010.702
430  FLU+F         6257.924     96  12707.848    12852.220    13036.220
431  FLU+F+I       6056.091     97  12306.182    12454.713    12637.974
432  FLU+F+G4      5752.536     97  11699.073    11847.604    12030.865
433  FLU+F+I+G4    5747.166     98  11690.332    11843.120    12025.545
434  FLU+F+R2      5825.142     98  11846.283    11999.071    12181.496
435  FLU+F+R3      5766.614     100 11733.229    11894.829    12075.282
436  FLU+F+R4      5766.156     102 11736.312    11907.141    12085.207
443  Blosum62      6118.362     77  12390.724    12471.886    12654.105
444  Blosum62+I    5969.516     78  12095.033    12178.869    12361.834
445  Blosum62+G4   5795.212     78  11746.424    11830.261    12013.226
446  Blosum62+I+G4 5793.069     79  11744.137    11830.713    12014.360
447  Blosum62+R2   5831.626     79  11821.252    11907.827    12091.474
448  Blosum62+R3   5790.372     81  11742.743    11834.993    12019.806
449  Blosum62+R4   5790.236     83  11746.471    11844.669    12030.376
456  Blosum62+F    6095.625     96  12383.250    12527.622    12711.622
457  Blosum62+F+I  5933.907     97  12061.814    12210.345    12393.606
458  Blosum62+F+G4 5736.924     97  11667.848    11816.379    11999.640
459  Blosum62+F+I+G4 5734.971     98  11665.942    11818.730    12001.155
460  Blosum62+F+R2 5783.356     98  11762.711    11915.499    12097.924
461  Blosum62+F+R3 5733.938     100 11667.875    11829.475    12009.929
462  Blosum62+F+R4 5733.666     102 11671.333    11842.162    12020.227
469  mtMet         6402.840     77  12959.681    13040.843    13223.062
470  mtMet+I       6271.854     78  12699.708    12783.544    12966.509
471  mtMet+G4      5997.051     78  12150.102    12233.939    12416.904
472  mtMet+I+G4    5996.073     79  12150.146    12236.722    12420.369
473  mtMet+R2      6039.460     79  12236.919    12323.495    12507.142
474  mtMet+R3      5997.675     81  12157.350    12249.600    12434.413
475  mtMet+R4      5997.643     83  12161.286    12259.483    12445.191
482  mtMet+F       6083.910     96  12359.820    12504.192    12688.191
483  mtMet+F+I     5925.449     97  12044.899    12193.430    12376.691
484  mtMet+F+G4    5709.189     97  11612.378    11760.909    11944.170
485  mtMet+F+I+G4  5705.426     98  11606.852    11759.639    11942.064
486  mtMet+F+R2    5757.794     98  11711.588    11864.375    12046.800
487  mtMet+F+R3    5709.474     100 11618.949    11780.549    11961.002
488  mtMet+F+R4    5709.287     102 11622.575    11793.404    11971.469
495  mtVer         6545.379     77  13244.758    13325.920    13508.139
496  mtVer+I       6417.807     78  12991.613    13075.450    13258.415
497  mtVer+G4      6101.119     78  12358.238    12442.075    12625.040
498  mtVer+I+G4    6100.542     79  12359.084    12445.660    12629.307
499  mtVer+R2      6148.340     79  12454.680    12541.255    12724.902
500  mtVer+R3      6106.087     81  12374.174    12466.424    12651.237
501  mtVer+R4      6105.413     83  12376.826    12475.023    12660.730
508  mtVer+F       6238.313     96  12668.627    12812.999    12996.998
509  mtVer+F+I     6062.655     97  12319.309    12467.840    12651.101
510  mtVer+F+G4    5806.615     97  11807.229    11955.761    12139.021
511  mtVer+F+I+G4  5800.688     98  11797.376    11950.163    12132.588
512  mtVer+F+R2    5864.744     98  11925.489    12078.276    12260.701
513  mtVer+F+R3    5813.716     100 11827.432    11989.032    12169.485
514  mtVer+F+R4    5811.112     102 11826.223    11997.052    12175.118
521  mtInv         6389.377     77  12932.754    13013.916    13196.135
522  mtInv+I       6250.406     78  12656.812    12740.649    12923.614
523  mtInv+G4      6002.574     78  12161.148    12244.985    12427.950
524  mtInv+I+G4    6000.611     79  12159.222    12245.798    12429.445
525  mtInv+R2      6039.014     79  12236.029    12322.604    12506.251
526  mtInv+R3      6002.459     81  12166.917    12259.167    12443.980
527  mtInv+R4      6000.119     83  12166.237    12264.435    12450.142
534  mtInv+F       6045.593     96  12283.186    12427.558    12611.557
535  mtInv+F+I     5887.245     97  11968.490    12117.021    12300.282
536  mtInv+F+G4    5677.030     97  11548.060    11696.591    11879.851
537  mtInv+F+I+G4  5674.230     98  11544.461    11697.248    11879.673
538  mtInv+F+R2    5724.978     98  11645.957    11798.744    11981.169
539  mtInv+F+R3    5675.822     100 11551.645    11713.245    11893.698
540  mtInv+F+R4    5675.275     102 11554.549    11725.378    11903.444
Akaike Information Criterion:           LG+F+I+G4
Corrected Akaike Information Criterion: LG+G4
Bayesian Information Criterion:         LG+G4
Best-fit model: LG+G4 chosen according to BIC

All model information printed to test//aln_seqs/EOG09344DAY.aln.model.gz
CPU time for ModelFinder: 196.956 seconds (0h:3m:16s)
Wall-clock time for ModelFinder: 5946.357 seconds (1h:39m:6s)
WARNING: States(s) C rarely appear in alignment and may cause numerical problems
Generating 1000 samples for ultrafast bootstrap (seed: 213777)...

NOTE: 6 MB RAM (0 GB) is required!
Estimate model parameters (epsilon = 0.100)
1. Initial log-likelihood: -5678.615
2. Current log-likelihood: -5668.241
3. Current log-likelihood: -5667.602
Optimal log-likelihood: -5667.590
Gamma shape alpha: 0.656
Parameters optimization took 3 rounds (6.673 sec)
Computing ML distances based on estimated model parameters... 0.418 sec
Computing BIONJ tree...
0.002 seconds
Log-likelihood of BIONJ tree: -5644.802
--------------------------------------------------------------------
|             INITIALIZING CANDIDATE TREE SET                      |
--------------------------------------------------------------------
Generating 98 parsimony trees... 27.363 second
Computing log-likelihood of 98 initial trees ... 144.731 seconds
Current best score: -5644.244

Do NNI search on 20 best initial trees
Estimate model parameters (epsilon = 0.100)
BETTER TREE FOUND at iteration 1: -5637.461
Estimate model parameters (epsilon = 0.100)
BETTER TREE FOUND at iteration 2: -5636.855
Iteration 10 / LogL: -5643.673 / Time: 0h:13m:52s
Iteration 20 / LogL: -5641.566 / Time: 0h:26m:30s
Finish initializing candidate tree set (16)
Current best tree score: -5636.855 / CPU time: 1571.649
Number of iterations: 20
--------------------------------------------------------------------
|               OPTIMIZING CANDIDATE TREE SET                      |
--------------------------------------------------------------------
UPDATE BEST LOG-LIKELIHOOD: -5636.855
Iteration 30 / LogL: -5637.904 / Time: 0h:32m:54s (1h:21m:42s left)
Estimate model parameters (epsilon = 0.100)
BETTER TREE FOUND at iteration 38: -5635.963
Iteration 40 / LogL: -5636.679 / Time: 0h:35m:54s (1h:30m:12s left)
Iteration 50 / LogL: -5636.884 / Time: 0h:39m:27s (1h:10m:50s left)
Log-likelihood cutoff on original alignment: -5678.513
UPDATE BEST LOG-LIKELIHOOD: -5635.962
Iteration 60 / LogL: -5637.017 / Time: 0h:42m:47s (0h:56m:34s left)
Estimate model parameters (epsilon = 0.100)
BETTER TREE FOUND at iteration 62: -5635.262
UPDATE BEST LOG-LIKELIHOOD: -5635.257
Iteration 70 / LogL: -5640.879 / Time: 0h:45m:4s (1h:0m:5s left)
Estimate model parameters (epsilon = 0.100)
BETTER TREE FOUND at iteration 75: -5632.410
Iteration 80 / LogL: -5632.411 / Time: 0h:47m:33s (0h:57m:11s left)
Iteration 90 / LogL: -5635.962 / Time: 0h:53m:2s (0h:50m:38s left)
Iteration 100 / LogL: -5635.964 / Time: 0h:57m:42s (0h:43m:43s left)
Log-likelihood cutoff on original alignment: -5678.513
NOTE: Bootstrap correlation coefficient of split occurrence frequencies: 0.990
NOTE: UFBoot does not converge, continue at least 100 more iterations
Iteration 110 / LogL: -5636.402 / Time: 1h:0m:57s (0h:50m:20s left)
UPDATE BEST LOG-LIKELIHOOD: -5632.409
Iteration 120 / LogL: -5633.033 / Time: 1h:3m:55s (0h:42m:58s left)
Iteration 130 / LogL: -5633.324 / Time: 1h:6m:58s (0h:36m:20s left)
Iteration 140 / LogL: -5633.158 / Time: 1h:12m:29s (0h:31m:17s left)
Iteration 150 / LogL: -5632.410 / Time: 1h:20m:48s (0h:27m:6s left)
Log-likelihood cutoff on original alignment: -5678.513
Iteration 160 / LogL: -5634.187 / Time: 1h:25m:28s (0h:21m:30s left)
Iteration 170 / LogL: -5633.447 / Time: 1h:28m:56s (0h:15m:47s left)
Iteration 180 / LogL: -5632.410 / Time: 1h:36m:21s (0h:10m:45s left)
UPDATE BEST LOG-LIKELIHOOD: -5632.409
Iteration 190 / LogL: -5633.033 / Time: 1h:42m:27s (0h:5m:25s left)
Iteration 200 / LogL: -5633.322 / Time: 1h:45m:35s (0h:0m:0s left)
Log-likelihood cutoff on original alignment: -5678.513
NOTE: Bootstrap correlation coefficient of split occurrence frequencies: 0.985
NOTE: UFBoot does not converge, continue at least 100 more iterations
Iteration 210 / LogL: -5634.621 / Time: 1h:47m:13s (0h:46m:10s left)
Iteration 220 / LogL: -5633.448 / Time: 1h:51m:23s (0h:40m:41s left)
Iteration 230 / LogL: -5632.434 / Time: 1h:55m:31s (0h:35m:18s left)
Iteration 240 / LogL: -5639.832 / Time: 1h:59m:36s (0h:30m:1s left)
Iteration 250 / LogL: -5661.073 / Time: 2h:1m:45s (0h:24m:26s left)
Log-likelihood cutoff on original alignment: -5678.513
Iteration 260 / LogL: -5632.411 / Time: 2h:5m:10s (0h:19m:19s left)
Iteration 270 / LogL: -5633.845 / Time: 2h:5m:53s (0h:14m:2s left)
Iteration 280 / LogL: -5632.418 / Time: 2h:9m:59s (0h:9m:19s left)
Iteration 290 / LogL: -5633.150 / Time: 2h:10m:44s (0h:4m:31s left)
Iteration 300 / LogL: -5632.410 / Time: 2h:11m:51s (0h:0m:0s left)
Log-likelihood cutoff on original alignment: -5678.513
NOTE: Bootstrap correlation coefficient of split occurrence frequencies: 0.998
TREE SEARCH COMPLETED AFTER 300 ITERATIONS / Time: 2h:11m:59s

--------------------------------------------------------------------
|                    FINALIZING TREE SEARCH                        |
--------------------------------------------------------------------
Performs final model parameters optimization
Estimate model parameters (epsilon = 0.010)
1. Initial log-likelihood: -5632.409
Optimal log-likelihood: -5632.409
Gamma shape alpha: 0.672
Parameters optimization took 1 rounds (2.807 sec)
BEST SCORE FOUND : -5632.409
Creating bootstrap support values...
Split supports printed to NEXUS file test//aln_seqs/EOG09344DAY.aln.splits.nex
Total tree length: 10.350

Total number of iterations: 300
CPU time used for tree search: 465.677 sec (0h:7m:45s)
Wall-clock time used for tree search: 7898.895 sec (2h:11m:38s)
Total CPU time used: 467.101 sec (0h:7m:47s)
Total wall-clock time used: 7929.146 sec (2h:12m:9s)

Computing bootstrap consensus tree...
Reading input file test//aln_seqs/EOG09344DAY.aln.splits.nex...
40 taxa and 470 splits.
Consensus tree written to test//aln_seqs/EOG09344DAY.aln.contree
Reading input trees file test//aln_seqs/EOG09344DAY.aln.contree
Log-likelihood of consensus tree: -5636.479

Analysis results written to: 
  IQ-TREE report:                test//aln_seqs/EOG09344DAY.aln.iqtree
  Maximum-likelihood tree:       test//aln_seqs/EOG09344DAY.aln.treefile
  Likelihood distances:          test//aln_seqs/EOG09344DAY.aln.mldist

Ultrafast bootstrap approximation results written to:
  Split support values:          test//aln_seqs/EOG09344DAY.aln.splits.nex
  Consensus tree:                test//aln_seqs/EOG09344DAY.aln.contree
  Screen log file:               test//aln_seqs/EOG09344DAY.aln.log

Date and Time: Tue Feb 19 13:45:19 2019
