IQ-TREE multicore version 1.6.8 for Linux 64-bit built Oct 28 2018
Developed by Bui Quang Minh, Nguyen Lam Tung, Olga Chernomor,
Heiko Schmidt, Dominik Schrempf, Michael Woodhams.

Host:    sango40410.oist.jp (AVX2, FMA3, 503 GB RAM)
Command: iqtree -s test//aln_seqs/EOG09341XKX.aln -bb 1000 -redo -nt 3 -m MFP
Seed:    784877 (Using SPRNG - Scalable Parallel Random Number Generator)
Time:    Tue Feb 19 09:54:06 2019
Kernel:  AVX+FMA - 3 threads (24 CPU cores detected)

Reading alignment file test//aln_seqs/EOG09341XKX.aln ... Fasta format detected
Alignment most likely contains protein sequences
Alignment has 40 sequences with 293 columns, 214 distinct patterns
140 parsimony-informative, 59 singleton sites, 94 constant sites
                                             Gap/Ambiguity  Composition  p-value
   1  Candida_glabrata                               0.00%    passed    100.00%
   2  Kazachstania_africana                          0.00%    passed     99.99%
   3  Kazachstania_naganishii                        0.00%    passed    100.00%
   4  Nakaseomyces_bacillisporus                     0.00%    passed    100.00%
   5  Nakaseomyces_bracarensis                       0.00%    passed    100.00%
   6  Nakaseomyces_castellii                         0.00%    passed     99.83%
   7  Nakaseomyces_delphensis                        0.00%    passed    100.00%
   8  Nakaseomyces_nivariensis                       0.00%    passed    100.00%
   9  Naumovozyma_castellii                          0.00%    passed    100.00%
  10  Naumovozyma_dairenensis                        0.00%    passed    100.00%
  11  Neurospora_crassa                              0.00%    passed     40.73%
  12  Saccharomyces_arboricola                       0.00%    passed    100.00%
  13  Saccharomyces_cerevisiae                       0.00%    passed    100.00%
  14  Saccharomyces_eubayanus                        0.00%    passed    100.00%
  15  Saccharomyces_kudriavzevii                     0.00%    passed    100.00%
  16  Saccharomyces_mikatae                          0.00%    passed    100.00%
  17  Saccharomyces_paradoxus                        0.00%    passed    100.00%
  18  Saccharomyces_uvarum                           0.00%    passed    100.00%
  19  Tetrapisispora_blattae                         0.00%    passed     99.99%
  20  Tetrapisispora_phaffii                         0.00%    passed    100.00%
  21  Vanderwaltozyma_polyspora                      0.00%    passed     99.99%
  22  yHAB132_Kazachstania_martiniae                 0.00%    passed    100.00%
  23  yHAB133_Kazachstania_unispora                  0.00%    passed     99.99%
  24  yHAB134_Kazachstania_turicensis                0.00%    passed     99.98%
  25  yHAB136_Kazachstania_bromeliacearum            0.00%    passed    100.00%
  26  yHAB143_Kazachstania_siamensis                 0.00%    passed    100.00%
  27  yHAB147_Kazachstania_taianensis                0.00%    passed    100.00%
  28  yHAB148_Kazachstania_intestinalis              0.00%    passed     99.93%
  29  yHAB153_Kazachstania_rosinii                   0.00%    passed    100.00%
  30  yHAB154_Kazachstania_transvaalensis            0.00%    passed     98.82%
  31  yHAB155_Kazachstania_spencerorum               0.00%    passed     99.98%
  32  yHAB158_Kazachstania_viticola                  0.00%    passed    100.00%
  33  yHAB159_Kazachstania_solicola                  0.00%    passed    100.00%
  34  yHAB160_Kazachstania_kunashirensis             0.00%    passed    100.00%
  35  yHAB164_Kazachstania_aerobia                   0.00%    passed    100.00%
  36  yHAB166_Kazachstania_yakushimaensis            0.00%    passed    100.00%
  37  yHMPu5000034875_Tetrapisispora_fleetii         0.00%    passed     99.91%
  38  yHMPu5000034876_Tetrapisispora_iriomotensis    0.00%    passed    100.00%
  39  yHMPu5000034877_Tetrapisispora_namnaonensis    0.00%    passed     99.98%
  40  yHMPu5000035629_Yueomyces_sinensis             0.00%    passed     99.99%
****  TOTAL                                          0.00%  0 sequences failed composition chi2 test (p-value<5%; df=19)


Create initial parsimony tree by phylogenetic likelihood library (PLL)... 0.102 seconds
NOTE: ModelFinder requires 15 MB RAM!
ModelFinder will test 546 protein models (sample size: 293) ...
 No. Model         -LnL         df  AIC          AICc         BIC
  1  Dayhoff       7017.194     77  14188.389    14244.258    14471.762
  2  Dayhoff+I     6762.522     78  13681.044    13738.633    13968.098
  3  Dayhoff+G4    6435.978     78  13027.956    13085.544    13315.009
  4  Dayhoff+I+G4  6435.678     79  13029.357    13088.700    13320.090
  5  Dayhoff+R2    6480.970     79  13119.940    13179.283    13410.674
  6  Dayhoff+R3    6434.285     81  13030.569    13093.527    13328.663
  7  Dayhoff+R4    6429.493     83  13024.987    13091.705    13330.441
 14  Dayhoff+F     6755.939     96  13703.877    13798.898    14057.174
 15  Dayhoff+F+I   6513.100     97  13220.201    13317.698    13577.178
 16  Dayhoff+F+G4  6228.885     97  12651.771    12749.268    13008.748
 17  Dayhoff+F+I+G4 6228.355     98  12652.709    12752.730    13013.366
 18  Dayhoff+F+R2  6261.354     98  12718.707    12818.728    13079.364
 19  Dayhoff+F+R3  6226.074     100 12652.147    12757.356    13020.164
 20  Dayhoff+F+R4  6221.706     102 12647.411    12758.001    13022.789
 27  mtMAM         7051.140     77  14256.281    14312.151    14539.654
 28  mtMAM+I       6790.250     78  13736.500    13794.089    14023.554
 29  mtMAM+G4      6406.617     78  12969.235    13026.823    13256.288
 30  mtMAM+I+G4    6403.106     79  12964.211    13023.554    13254.945
 31  mtMAM+R2      6497.741     79  13153.482    13212.825    13444.216
 32  mtMAM+R3      6421.920     81  13005.839    13068.797    13303.933
 33  mtMAM+R4      6413.104     83  12992.208    13058.926    13297.663
 34  mtMAM+R5      6413.100     85  12996.200    13066.828    13309.015
 40  mtMAM+F       6971.104     96  14134.208    14229.229    14487.505
 41  mtMAM+F+I     6710.820     97  13615.640    13713.137    13972.616
 42  mtMAM+F+G4    6314.854     97  12823.709    12921.206    13180.686
 43  mtMAM+F+I+G4  6309.614     98  12815.227    12915.248    13175.884
 44  mtMAM+F+R2    6403.075     98  13002.150    13102.171    13362.807
 45  mtMAM+F+R3    6334.589     100 12869.178    12974.387    13237.196
 46  mtMAM+F+R4    6324.632     102 12853.264    12963.853    13228.642
 47  mtMAM+F+R5    6324.629     104 12857.258    12973.428    13239.996
 53  JTT           6905.377     77  13964.754    14020.624    14248.127
 54  JTT+I         6643.123     78  13442.246    13499.835    13729.300
 55  JTT+G4        6345.863     78  12847.725    12905.314    13134.779
 56  JTT+I+G4      6344.007     79  12846.013    12905.356    13136.747
 57  JTT+R2        6382.579     79  12923.158    12982.500    13213.891
 58  JTT+R3        6342.434     81  12846.868    12909.825    13144.962
 59  JTT+R4        6337.589     83  12841.177    12907.895    13146.631
 66  JTT+F         6752.413     96  13696.826    13791.846    14050.122
 67  JTT+F+I       6502.162     97  13198.323    13295.820    13555.300
 68  JTT+F+G4      6214.989     97  12623.979    12721.476    12980.956
 69  JTT+F+I+G4    6213.310     98  12622.619    12722.640    12983.276
 70  JTT+F+R2      6251.041     98  12698.083    12798.103    13058.740
 71  JTT+F+R3      6213.018     100 12626.036    12731.244    12994.053
 72  JTT+F+R4      6207.442     102 12618.884    12729.473    12994.261
 79  WAG           6912.071     77  13978.141    14034.011    14261.514
 80  WAG+I         6657.585     78  13471.170    13528.759    13758.223
 81  WAG+G4        6364.602     78  12885.204    12942.793    13172.257
 82  WAG+I+G4      6362.171     79  12882.342    12941.685    13173.076
 83  WAG+R2        6399.705     79  12957.411    13016.754    13248.145
 84  WAG+R3        6357.157     81  12876.314    12939.271    13174.408
 85  WAG+R4        6352.853     83  12871.706    12938.423    13177.160
 92  WAG+F         6737.828     96  13667.656    13762.676    14020.952
 93  WAG+F+I       6494.462     97  13182.923    13280.420    13539.900
 94  WAG+F+G4      6224.444     97  12642.889    12740.386    12999.865
 95  WAG+F+I+G4    6222.173     98  12640.345    12740.366    13001.002
 96  WAG+F+R2      6257.903     98  12711.807    12811.827    13072.463
 97  WAG+F+R3      6217.611     100 12635.222    12740.431    13003.240
 98  WAG+F+R4      6213.551     102 12631.101    12741.691    13006.479
105  cpREV         6829.230     77  13812.460    13868.330    14095.833
106  cpREV+I       6574.892     78  13305.784    13363.373    13592.837
107  cpREV+G4      6282.421     78  12720.843    12778.431    13007.896
108  cpREV+I+G4    6279.917     79  12717.833    12777.176    13008.567
109  cpREV+R2      6334.148     79  12826.297    12885.640    13117.031
110  cpREV+R3      6280.875     81  12723.750    12786.708    13021.844
111  cpREV+R4      6276.520     83  12719.039    12785.757    13024.494
118  cpREV+F       6733.100     96  13658.201    13753.221    14011.497
119  cpREV+F+I     6484.486     97  13162.972    13260.470    13519.949
120  cpREV+F+G4    6213.516     97  12621.032    12718.529    12978.008
121  cpREV+F+I+G4  6210.978     98  12617.957    12717.977    12978.614
122  cpREV+F+R2    6254.181     98  12704.362    12804.382    13065.018
123  cpREV+F+R3    6211.182     100 12622.363    12727.572    12990.381
124  cpREV+F+R4    6207.135     102 12618.271    12728.860    12993.648
131  mtREV         6924.610     77  14003.220    14059.089    14286.593
132  mtREV+I       6691.825     78  13539.650    13597.239    13826.704
133  mtREV+G4      6379.305     78  12914.611    12972.199    13201.664
134  mtREV+I+G4    6375.355     79  12908.710    12968.053    13199.444
135  mtREV+R2      6423.925     79  13005.851    13065.193    13296.584
136  mtREV+R3      6378.727     81  12919.455    12982.412    13217.549
137  mtREV+R4      6372.437     83  12910.875    12977.593    13216.329
138  mtREV+R5      6372.350     85  12914.701    12985.329    13227.516
144  mtREV+F       6802.955     96  13797.911    13892.931    14151.207
145  mtREV+F+I     6569.472     97  13332.945    13430.442    13689.922
146  mtREV+F+G4    6255.811     97  12705.622    12803.120    13062.599
147  mtREV+F+I+G4  6252.050     98  12700.101    12800.121    13060.758
148  mtREV+F+R2    6303.408     98  12802.816    12902.837    13163.473
149  mtREV+F+R3    6256.468     100 12712.936    12818.144    13080.953
150  mtREV+F+R4    6250.761     102 12705.522    12816.112    13080.900
151  mtREV+F+R5    6250.735     104 12709.469    12825.640    13092.207
157  rtREV         6943.519     77  14041.037    14096.907    14324.411
158  rtREV+I       6689.411     78  13534.822    13592.411    13821.875
159  rtREV+G4      6376.003     78  12908.006    12965.595    13195.060
160  rtREV+I+G4    6374.215     79  12906.431    12965.773    13197.164
161  rtREV+R2      6415.651     79  12989.302    13048.644    13280.035
162  rtREV+R3      6371.944     81  12905.888    12968.845    13203.982
163  rtREV+R4      6366.059     83  12898.119    12964.837    13203.573
164  rtREV+R5      6366.020     85  12902.040    12972.668    13214.854
170  rtREV+F       6785.204     96  13762.408    13857.428    14115.704
171  rtREV+F+I     6528.920     97  13251.840    13349.338    13608.817
172  rtREV+F+G4    6224.651     97  12643.303    12740.800    13000.279
173  rtREV+F+I+G4  6221.779     98  12639.557    12739.578    13000.214
174  rtREV+F+R2    6268.986     98  12733.972    12833.993    13094.629
175  rtREV+F+R3    6222.282     100 12644.565    12749.773    13012.582
176  rtREV+F+R4    6217.385     102 12638.770    12749.360    13014.148
183  mtART         6803.626     77  13761.251    13817.121    14044.624
184  mtART+I       6556.417     78  13268.834    13326.423    13555.888
185  mtART+G4      6228.740     78  12613.479    12671.068    12900.533
186  mtART+I+G4    6222.654     79  12603.308    12662.650    12894.041
187  mtART+R2      6282.805     79  12723.610    12782.953    13014.344
188  mtART+R3      6232.187     81  12626.373    12689.331    12924.467
189  mtART+R4      6225.148     83  12616.297    12683.015    12921.751
190  mtART+R5      6225.072     85  12620.144    12690.772    12932.959
196  mtART+F       6760.867     96  13713.733    13808.754    14067.030
197  mtART+F+I     6520.415     97  13234.830    13332.327    13591.807
198  mtART+F+G4    6181.898     97  12557.797    12655.294    12914.774
199  mtART+F+I+G4  6177.178     98  12550.355    12650.376    12911.012
200  mtART+F+R2    6237.028     98  12670.056    12770.076    13030.713
201  mtART+F+R3    6188.084     100 12576.168    12681.377    12944.186
202  mtART+F+R4    6180.006     102 12564.012    12674.601    12939.390
203  mtART+F+R5    6179.974     104 12567.948    12684.119    12950.686
209  mtZOA         6702.884     77  13559.769    13615.639    13843.142
210  mtZOA+I       6467.934     78  13091.867    13149.456    13378.921
211  mtZOA+G4      6162.191     78  12480.382    12537.971    12767.436
212  mtZOA+I+G4    6158.520     79  12475.039    12534.382    12765.773
213  mtZOA+R2      6205.477     79  12568.955    12628.297    12859.688
214  mtZOA+R3      6164.409     81  12490.818    12553.775    12788.912
215  mtZOA+R4      6156.545     83  12479.089    12545.807    12784.544
216  mtZOA+R5      6156.518     85  12483.035    12553.663    12795.850
222  mtZOA+F       6695.032     96  13582.065    13677.085    13935.361
223  mtZOA+F+I     6458.358     97  13110.715    13208.213    13467.692
224  mtZOA+F+G4    6144.634     97  12483.269    12580.766    12840.245
225  mtZOA+F+I+G4  6141.742     98  12479.484    12579.505    12840.141
226  mtZOA+F+R2    6189.721     98  12575.442    12675.463    12936.099
227  mtZOA+F+R3    6148.509     100 12497.019    12602.227    12865.036
228  mtZOA+F+R4    6140.852     102 12485.705    12596.294    12861.082
229  mtZOA+F+R5    6140.829     104 12489.658    12605.829    12872.396
235  VT            6900.103     77  13954.205    14010.075    14237.578
236  VT+I          6642.946     78  13441.892    13499.480    13728.945
237  VT+G4         6372.626     78  12901.253    12958.841    13188.306
238  VT+I+G4       6371.150     79  12900.301    12959.644    13191.035
239  VT+R2         6402.541     79  12963.083    13022.425    13253.816
240  VT+R3         6364.906     81  12891.812    12954.770    13189.906
241  VT+R4         6361.883     83  12889.767    12956.485    13195.221
248  VT+F          6752.690     96  13697.381    13792.401    14050.677
249  VT+F+I        6503.473     97  13200.945    13298.443    13557.922
250  VT+F+G4       6246.559     97  12687.119    12784.616    13044.095
251  VT+F+I+G4     6245.227     98  12686.453    12786.474    13047.110
252  VT+F+R2       6276.840     98  12749.679    12849.700    13110.336
253  VT+F+R3       6240.422     100 12680.843    12786.051    13048.860
254  VT+F+R4       6237.705     102 12679.409    12789.999    13054.787
261  LG            6789.141     77  13732.283    13788.152    14015.656
262  LG+I          6535.499     78  13226.997    13284.586    13514.051
263  LG+G4         6239.539     78  12635.078    12692.667    12922.131
264  LG+I+G4       6237.395     79  12632.791    12692.133    12923.524
265  LG+R2         6277.395     79  12712.791    12772.133    13003.524
266  LG+R3         6233.420     81  12628.840    12691.797    12926.934
267  LG+R4         6229.534     83  12625.068    12691.786    12930.522
274  LG+F          6691.561     96  13575.123    13670.143    13928.419
275  LG+F+I        6442.495     97  13078.991    13176.488    13435.968
276  LG+F+G4       6154.060     97  12502.120    12599.617    12859.097
277  LG+F+I+G4     6151.172     98  12498.343    12598.364    12859.000
278  LG+F+R2       6193.667     98  12583.335    12683.355    12943.992
279  LG+F+R3       6149.315     100 12498.630    12603.839    12866.648
280  LG+F+R4       6145.462     102 12494.925    12605.514    12870.303
287  DCMut         7017.352     77  14188.705    14244.575    14472.078
288  DCMut+I       6762.809     78  13681.618    13739.206    13968.671
289  DCMut+G4      6437.029     78  13030.057    13087.646    13317.110
290  DCMut+I+G4    6436.641     79  13031.282    13090.625    13322.016
291  DCMut+R2      6476.317     79  13110.634    13169.976    13401.367
292  DCMut+R3      6432.881     81  13027.763    13090.720    13325.857
293  DCMut+R4      6430.366     83  13026.732    13093.450    13332.186
300  DCMut+F       6756.066     96  13704.132    13799.153    14057.429
301  DCMut+F+I     6513.306     97  13220.612    13318.109    13577.588
302  DCMut+F+G4    6229.626     97  12653.252    12750.750    13010.229
303  DCMut+F+I+G4  6229.072     98  12654.144    12754.165    13014.801
304  DCMut+F+R2    6261.972     98  12719.943    12819.964    13080.600
305  DCMut+F+R3    6225.570     100 12651.141    12756.349    13019.158
306  DCMut+F+R4    6222.387     102 12648.775    12759.364    13024.153
313  PMB           6876.896     77  13907.793    13963.663    14191.166
314  PMB+I         6631.296     78  13418.592    13476.181    13705.646
315  PMB+G4        6377.693     78  12911.386    12968.975    13198.440
316  PMB+I+G4      6376.253     79  12910.506    12969.848    13201.239
317  PMB+R2        6405.408     79  12968.816    13028.159    13259.550
318  PMB+R3        6367.842     81  12897.684    12960.641    13195.778
319  PMB+R4        6365.891     83  12897.783    12964.501    13203.237
326  PMB+F         6771.583     96  13735.167    13830.187    14088.464
327  PMB+F+I       6530.670     97  13255.340    13352.838    13612.317
328  PMB+F+G4      6279.728     97  12753.457    12850.954    13110.433
329  PMB+F+I+G4    6277.904     98  12751.809    12851.829    13112.466
330  PMB+F+R2      6310.493     98  12816.985    12917.006    13177.642
331  PMB+F+R3      6271.729     100 12743.459    12848.667    13111.476
332  PMB+F+R4      6270.038     102 12744.076    12854.666    13119.454
339  HIVb          7069.907     77  14293.813    14349.683    14577.186
340  HIVb+I        6766.179     78  13688.358    13745.947    13975.411
341  HIVb+G4       6434.702     78  13025.404    13082.993    13312.458
342  HIVb+I+G4     6431.259     79  13020.518    13079.860    13311.251
343  HIVb+R2       6501.326     79  13160.652    13219.995    13451.385
344  HIVb+R3       6434.917     81  13031.834    13094.792    13329.928
345  HIVb+R4       6433.341     83  13032.681    13099.399    13338.136
352  HIVb+F        6923.007     96  14038.014    14133.035    14391.311
353  HIVb+F+I      6623.325     97  13440.650    13538.148    13797.627
354  HIVb+F+G4     6304.936     97  12803.873    12901.370    13160.849
355  HIVb+F+I+G4   6300.029     98  12796.057    12896.078    13156.714
356  HIVb+F+R2     6361.491     98  12918.982    13019.003    13279.639
357  HIVb+F+R3     6306.284     100 12812.568    12917.776    13180.585
358  HIVb+F+R4     6303.132     102 12810.264    12920.854    13185.642
365  HIVw          7279.491     77  14712.983    14768.852    14996.356
366  HIVw+I        6980.612     78  14117.224    14174.813    14404.277
367  HIVw+G4       6644.965     78  13445.931    13503.519    13732.984
368  HIVw+I+G4     6639.374     79  13436.747    13496.090    13727.481
369  HIVw+R2       6694.641     79  13547.281    13606.624    13838.015
370  HIVw+R3       6641.622     81  13445.244    13508.201    13743.338
371  HIVw+R4       6637.321     83  13440.643    13507.361    13746.097
378  HIVw+F        7031.215     96  14254.431    14349.451    14607.727
379  HIVw+F+I      6747.953     97  13689.906    13787.404    14046.883
380  HIVw+F+G4     6433.095     97  13060.190    13157.688    13417.167
381  HIVw+F+I+G4   6426.842     98  13049.684    13149.704    13410.341
382  HIVw+F+R2     6472.208     98  13140.416    13240.436    13501.073
383  HIVw+F+R3     6426.753     100 13053.506    13158.714    13421.523
384  HIVw+F+R4     6422.373     102 13048.745    13159.335    13424.123
391  JTTDCMut      6909.360     77  13972.720    14028.590    14256.093
392  JTTDCMut+I    6647.512     78  13451.024    13508.613    13738.078
393  JTTDCMut+G4   6350.228     78  12856.455    12914.044    13143.509
394  JTTDCMut+I+G4 6348.482     79  12854.965    12914.308    13145.699
395  JTTDCMut+R2   6387.016     79  12932.031    12991.374    13222.765
396  JTTDCMut+R3   6343.483     81  12848.967    12911.924    13147.061
397  JTTDCMut+R4   6341.238     83  12848.475    12915.193    13153.930
404  JTTDCMut+F    6754.378     96  13700.756    13795.777    14054.053
405  JTTDCMut+F+I  6504.363     97  13202.726    13300.224    13559.703
406  JTTDCMut+F+G4 6216.859     97  12627.718    12725.216    12984.695
407  JTTDCMut+F+I+G4 6215.193     98  12626.386    12726.406    12987.043
408  JTTDCMut+F+R2 6253.345     98  12702.689    12802.710    13063.346
409  JTTDCMut+F+R3 6212.045     100 12624.090    12729.298    12992.107
410  JTTDCMut+F+R4 6208.568     102 12621.136    12731.725    12996.513
417  FLU           6923.337     77  14000.673    14056.543    14284.047
418  FLU+I         6666.938     78  13489.877    13547.466    13776.930
419  FLU+G4        6364.583     78  12885.167    12942.756    13172.220
420  FLU+I+G4      6361.416     79  12880.832    12940.175    13171.566
421  FLU+R2        6406.150     79  12970.301    13029.643    13261.034
422  FLU+R3        6358.744     81  12879.489    12942.446    13177.583
423  FLU+R4        6355.559     83  12877.117    12943.835    13182.572
430  FLU+F         6773.260     96  13738.521    13833.541    14091.818
431  FLU+F+I       6539.682     97  13273.364    13370.861    13630.341
432  FLU+F+G4      6235.988     97  12665.977    12763.474    13022.953
433  FLU+F+I+G4    6232.960     98  12661.920    12761.941    13022.577
434  FLU+F+R2      6276.196     98  12748.392    12848.412    13109.049
435  FLU+F+R3      6234.489     100 12668.979    12774.187    13036.996
436  FLU+F+R4      6227.980     102 12659.959    12770.549    13035.337
437  FLU+F+R5      6227.960     104 12663.919    12780.090    13046.657
443  Blosum62      6864.469     77  13882.937    13938.807    14166.310
444  Blosum62+I    6623.478     78  13402.955    13460.544    13690.009
445  Blosum62+G4   6362.559     78  12881.117    12938.706    13168.171
446  Blosum62+I+G4 6361.268     79  12880.535    12939.878    13171.269
447  Blosum62+R2   6390.960     79  12939.919    12999.262    13230.653
448  Blosum62+R3   6352.858     81  12867.716    12930.673    13165.810
449  Blosum62+R4   6350.551     83  12867.102    12933.819    13172.556
456  Blosum62+F    6767.376     96  13726.752    13821.772    14080.048
457  Blosum62+F+I  6527.193     97  13248.386    13345.883    13605.362
458  Blosum62+F+G4 6273.559     97  12741.118    12838.615    13098.095
459  Blosum62+F+I+G4 6271.675     98  12739.350    12839.370    13100.007
460  Blosum62+F+R2 6303.382     98  12802.764    12902.785    13163.421
461  Blosum62+F+R3 6264.971     100 12729.942    12835.150    13097.959
462  Blosum62+F+R4 6263.177     102 12730.355    12840.944    13105.732
469  mtMet         6815.472     77  13784.944    13840.814    14068.317
470  mtMet+I       6567.061     78  13290.123    13347.712    13577.176
471  mtMet+G4      6279.184     78  12714.368    12771.957    13001.422
472  mtMet+I+G4    6274.702     79  12707.405    12766.747    12998.138
473  mtMet+R2      6317.397     79  12792.795    12852.138    13083.529
474  mtMet+R3      6274.417     81  12710.833    12773.791    13008.927
475  mtMet+R4      6269.963     83  12705.927    12772.644    13011.381
482  mtMet+F       6756.813     96  13705.627    13800.647    14058.923
483  mtMet+F+I     6507.613     97  13209.227    13306.724    13566.204
484  mtMet+F+G4    6201.342     97  12596.684    12694.181    12953.660
485  mtMet+F+I+G4  6197.525     98  12591.049    12691.070    12951.706
486  mtMet+F+R2    6245.905     98  12687.809    12787.830    13048.466
487  mtMet+F+R3    6201.139     100 12602.279    12707.487    12970.296
488  mtMet+F+R4    6196.474     102 12596.948    12707.537    12972.325
495  mtVer         6963.184     77  14080.368    14136.238    14363.741
496  mtVer+I       6707.876     78  13571.752    13629.341    13858.806
497  mtVer+G4      6375.800     78  12907.601    12965.190    13194.654
498  mtVer+I+G4    6370.549     79  12899.098    12958.440    13189.831
499  mtVer+R2      6433.376     79  13024.753    13084.095    13315.486
500  mtVer+R3      6374.214     81  12910.429    12973.386    13208.523
501  mtVer+R4      6371.359     83  12908.717    12975.435    13214.171
508  mtVer+F       6862.836     96  13917.672    14012.692    14270.968
509  mtVer+F+I     6599.618     97  13393.235    13490.733    13750.212
510  mtVer+F+G4    6262.398     97  12718.796    12816.293    13075.772
511  mtVer+F+I+G4  6256.481     98  12708.963    12808.984    13069.620
512  mtVer+F+R2    6320.116     98  12836.233    12936.253    13196.890
513  mtVer+F+R3    6263.882     100 12727.765    12832.973    13095.782
514  mtVer+F+R4    6260.050     102 12724.100    12834.689    13099.477
521  mtInv         6801.948     77  13757.896    13813.765    14041.269
522  mtInv+I       6554.591     78  13265.182    13322.771    13552.236
523  mtInv+G4      6285.826     78  12727.652    12785.240    13014.705
524  mtInv+I+G4    6282.917     79  12723.835    12783.178    13014.568
525  mtInv+R2      6318.859     79  12795.719    12855.062    13086.453
526  mtInv+R3      6281.691     81  12725.382    12788.339    13023.476
527  mtInv+R4      6276.520     83  12719.039    12785.757    13024.493
534  mtInv+F       6700.337     96  13592.674    13687.695    13945.971
535  mtInv+F+I     6458.141     97  13110.282    13207.779    13467.259
536  mtInv+F+G4    6169.029     97  12532.059    12629.556    12889.036
537  mtInv+F+I+G4  6167.439     98  12530.878    12630.899    12891.535
538  mtInv+F+R2    6208.016     98  12612.032    12712.053    12972.689
539  mtInv+F+R3    6167.868     100 12535.737    12640.945    12903.754
540  mtInv+F+R4    6163.597     102 12531.194    12641.784    12906.572
Akaike Information Criterion:           mtZOA+I+G4
Corrected Akaike Information Criterion: mtZOA+I+G4
Bayesian Information Criterion:         mtZOA+I+G4
Best-fit model: mtZOA+I+G4 chosen according to BIC

All model information printed to test//aln_seqs/EOG09341XKX.aln.model.gz
CPU time for ModelFinder: 154.630 seconds (0h:2m:34s)
Wall-clock time for ModelFinder: 3778.667 seconds (1h:2m:58s)
Generating 1000 samples for ultrafast bootstrap (seed: 784877)...

NOTE: 6 MB RAM (0 GB) is required!
Estimate model parameters (epsilon = 0.100)
Thoroughly optimizing +I+G parameters from 10 start values...
Init pinv, alpha: 0.000, 1.000 / Estimate: 0.000, 0.489 / LogL: -6162.191
Init pinv, alpha: 0.036, 1.000 / Estimate: 0.127, 0.647 / LogL: -6158.757
Init pinv, alpha: 0.071, 1.000 / Estimate: 0.124, 0.642 / LogL: -6158.802
Init pinv, alpha: 0.107, 1.000 / Estimate: 0.128, 0.648 / LogL: -6158.722
Init pinv, alpha: 0.143, 1.000 / Estimate: 0.152, 0.684 / LogL: -6158.480
Init pinv, alpha: 0.178, 1.000 / Estimate: 0.168, 0.709 / LogL: -6158.478
Init pinv, alpha: 0.214, 1.000 / Estimate: 0.179, 0.728 / LogL: -6158.572
Init pinv, alpha: 0.250, 1.000 / Estimate: 0.176, 0.722 / LogL: -6158.545
Init pinv, alpha: 0.285, 1.000 / Estimate: 0.178, 0.726 / LogL: -6158.573
Init pinv, alpha: 0.321, 1.000 / Estimate: 0.176, 0.722 / LogL: -6158.548
Optimal pinv,alpha: 0.168, 0.709 / LogL: -6158.478

Parameters optimization took 244.438 sec
Computing ML distances based on estimated model parameters... 0.338 sec
Computing BIONJ tree...
0.431 seconds
Log-likelihood of BIONJ tree: -6107.902
--------------------------------------------------------------------
|             INITIALIZING CANDIDATE TREE SET                      |
--------------------------------------------------------------------
Generating 98 parsimony trees... 35.064 second
Computing log-likelihood of 98 initial trees ... 526.162 seconds
Current best score: -6105.408

Do NNI search on 20 best initial trees
Estimate model parameters (epsilon = 0.100)
BETTER TREE FOUND at iteration 1: -6089.768
Iteration 10 / LogL: -6092.185 / Time: 0h:21m:42s
Iteration 20 / LogL: -6094.326 / Time: 0h:32m:9s
Finish initializing candidate tree set (18)
Current best tree score: -6089.768 / CPU time: 1664.390
Number of iterations: 20
--------------------------------------------------------------------
|               OPTIMIZING CANDIDATE TREE SET                      |
--------------------------------------------------------------------
Iteration 30 / LogL: -6090.021 / Time: 0h:35m:3s (1h:25m:48s left)
Iteration 40 / LogL: -6090.040 / Time: 0h:38m:4s (0h:59m:32s left)
Iteration 50 / LogL: -6090.163 / Time: 0h:43m:15s (0h:45m:1s left)
Log-likelihood cutoff on original alignment: -6125.726
Iteration 60 / LogL: -6096.273 / Time: 0h:48m:51s (0h:33m:56s left)
Iteration 70 / LogL: -6090.188 / Time: 0h:51m:16s (0h:23m:1s left)
Iteration 80 / LogL: -6090.198 / Time: 0h:54m:23s (0h:14m:27s left)
Iteration 90 / LogL: -6107.817 / Time: 0h:59m:50s (0h:7m:23s left)
Iteration 100 / LogL: -6090.196 / Time: 1h:2m:3s (0h:0m:37s left)
Log-likelihood cutoff on original alignment: -6122.796
NOTE: Bootstrap correlation coefficient of split occurrence frequencies: 0.999
TREE SEARCH COMPLETED AFTER 102 ITERATIONS / Time: 1h:2m:34s

--------------------------------------------------------------------
|                    FINALIZING TREE SEARCH                        |
--------------------------------------------------------------------
Performs final model parameters optimization
Estimate model parameters (epsilon = 0.010)
1. Initial log-likelihood: -6089.768
2. Current log-likelihood: -6089.753
Optimal log-likelihood: -6089.745
Proportion of invariable sites: 0.159
Gamma shape alpha: 0.710
Parameters optimization took 2 rounds (2.870 sec)
BEST SCORE FOUND : -6089.745
Creating bootstrap support values...
Split supports printed to NEXUS file test//aln_seqs/EOG09341XKX.aln.splits.nex
Total tree length: 6.549

Total number of iterations: 102
CPU time used for tree search: 138.808 sec (0h:2m:18s)
Wall-clock time used for tree search: 3488.919 sec (0h:58m:8s)
Total CPU time used: 149.372 sec (0h:2m:29s)
Total wall-clock time used: 3762.539 sec (1h:2m:42s)

Computing bootstrap consensus tree...
Reading input file test//aln_seqs/EOG09341XKX.aln.splits.nex...
40 taxa and 346 splits.
Consensus tree written to test//aln_seqs/EOG09341XKX.aln.contree
Reading input trees file test//aln_seqs/EOG09341XKX.aln.contree
Log-likelihood of consensus tree: -6089.763

Analysis results written to: 
  IQ-TREE report:                test//aln_seqs/EOG09341XKX.aln.iqtree
  Maximum-likelihood tree:       test//aln_seqs/EOG09341XKX.aln.treefile
  Likelihood distances:          test//aln_seqs/EOG09341XKX.aln.mldist

Ultrafast bootstrap approximation results written to:
  Split support values:          test//aln_seqs/EOG09341XKX.aln.splits.nex
  Consensus tree:                test//aln_seqs/EOG09341XKX.aln.contree
  Screen log file:               test//aln_seqs/EOG09341XKX.aln.log

Date and Time: Tue Feb 19 11:59:55 2019
