IQ-TREE multicore version 1.6.8 for Linux 64-bit built Oct 28 2018
Developed by Bui Quang Minh, Nguyen Lam Tung, Olga Chernomor,
Heiko Schmidt, Dominik Schrempf, Michael Woodhams.

Host:    sango40410.oist.jp (AVX2, FMA3, 503 GB RAM)
Command: iqtree -s test//aln_seqs/EOG09341MG3.aln -bb 1000 -redo -nt 3 -m MFP
Seed:    239765 (Using SPRNG - Scalable Parallel Random Number Generator)
Time:    Tue Feb 19 09:54:24 2019
Kernel:  AVX+FMA - 3 threads (24 CPU cores detected)

Reading alignment file test//aln_seqs/EOG09341MG3.aln ... Fasta format detected
Alignment most likely contains protein sequences
Alignment has 40 sequences with 433 columns, 293 distinct patterns
157 parsimony-informative, 127 singleton sites, 149 constant sites
                                             Gap/Ambiguity  Composition  p-value
   1  Candida_glabrata                               0.00%    passed    100.00%
   2  Kazachstania_africana                          0.00%    passed    100.00%
   3  Kazachstania_naganishii                        0.00%    passed    100.00%
   4  Nakaseomyces_bacillisporus                     0.00%    passed     99.18%
   5  Nakaseomyces_bracarensis                       0.00%    passed     99.97%
   6  Nakaseomyces_castellii                         0.00%    passed     99.96%
   7  Nakaseomyces_delphensis                        0.00%    passed     99.98%
   8  Nakaseomyces_nivariensis                       0.00%    passed    100.00%
   9  Naumovozyma_castellii                          0.00%    passed    100.00%
  10  Naumovozyma_dairenensis                        0.00%    passed    100.00%
  11  Neurospora_crassa                              2.54%    passed     55.12%
  12  Saccharomyces_arboricola                       0.00%    passed    100.00%
  13  Saccharomyces_cerevisiae                       0.00%    passed    100.00%
  14  Saccharomyces_eubayanus                        0.00%    passed     99.98%
  15  Saccharomyces_kudriavzevii                     0.00%    passed     99.99%
  16  Saccharomyces_mikatae                          0.00%    passed    100.00%
  17  Saccharomyces_paradoxus                        0.00%    passed    100.00%
  18  Saccharomyces_uvarum                           0.00%    passed    100.00%
  19  Tetrapisispora_blattae                         0.00%    passed     99.97%
  20  Tetrapisispora_phaffii                         0.00%    passed     98.67%
  21  Vanderwaltozyma_polyspora                      0.00%    passed    100.00%
  22  yHAB132_Kazachstania_martiniae                 0.00%    passed    100.00%
  23  yHAB133_Kazachstania_unispora                  0.00%    passed    100.00%
  24  yHAB134_Kazachstania_turicensis                0.00%    passed     99.99%
  25  yHAB136_Kazachstania_bromeliacearum            0.00%    passed    100.00%
  26  yHAB143_Kazachstania_siamensis                 0.00%    passed    100.00%
  27  yHAB147_Kazachstania_taianensis                0.00%    passed    100.00%
  28  yHAB148_Kazachstania_intestinalis              0.00%    passed    100.00%
  29  yHAB153_Kazachstania_rosinii                   0.00%    passed    100.00%
  30  yHAB154_Kazachstania_transvaalensis            0.00%    passed    100.00%
  31  yHAB155_Kazachstania_spencerorum               0.00%    passed    100.00%
  32  yHAB158_Kazachstania_viticola                  0.00%    passed    100.00%
  33  yHAB159_Kazachstania_solicola                  0.00%    passed    100.00%
  34  yHAB160_Kazachstania_kunashirensis             0.00%    passed     99.86%
  35  yHAB164_Kazachstania_aerobia                   0.00%    passed    100.00%
  36  yHAB166_Kazachstania_yakushimaensis            0.00%    passed    100.00%
  37  yHMPu5000034875_Tetrapisispora_fleetii         0.00%    passed     99.70%
  38  yHMPu5000034876_Tetrapisispora_iriomotensis    0.00%    passed    100.00%
  39  yHMPu5000034877_Tetrapisispora_namnaonensis    0.00%    passed     98.73%
  40  yHMPu5000035629_Yueomyces_sinensis             0.00%    passed     99.99%
****  TOTAL                                          0.06%  0 sequences failed composition chi2 test (p-value<5%; df=19)


Create initial parsimony tree by phylogenetic likelihood library (PLL)... 0.280 seconds
NOTE: ModelFinder requires 20 MB RAM!
ModelFinder will test 546 protein models (sample size: 433) ...
 No. Model         -LnL         df  AIC          AICc         BIC
  1  Dayhoff       7750.285     77  15654.569    15688.406    15968.016
  2  Dayhoff+I     7521.254     78  15198.508    15233.322    15516.026
  3  Dayhoff+G4    7234.630     78  14625.259    14660.073    14942.777
  4  Dayhoff+I+G4  7233.883     79  14625.767    14661.574    14947.355
  5  Dayhoff+R2    7271.166     79  14700.333    14736.140    15021.921
  6  Dayhoff+R3    7224.876     81  14611.753    14649.599    14941.482
  7  Dayhoff+R4    7216.432     83  14598.864    14638.818    14936.735
  8  Dayhoff+R5    7213.117     85  14596.235    14638.367    14942.248
 14  Dayhoff+F     7701.527     96  15595.055    15650.483    15985.845
 15  Dayhoff+F+I   7481.274     97  15156.547    15213.300    15551.409
 16  Dayhoff+F+G4  7185.399     97  14564.798    14621.550    14959.659
 17  Dayhoff+F+I+G4 7184.498     98  14564.996    14623.091    14963.928
 18  Dayhoff+F+R2  7218.350     98  14632.699    14690.795    15031.631
 19  Dayhoff+F+R3  7171.667     100 14543.335    14604.178    14950.409
 20  Dayhoff+F+R4  7162.473     102 14528.945    14592.618    14944.160
 21  Dayhoff+F+R5  7159.407     104 14526.814    14593.399    14950.171
 27  mtMAM         8637.565     77  17429.131    17462.967    17742.578
 28  mtMAM+I       8397.797     78  16951.595    16986.408    17269.112
 29  mtMAM+G4      7782.871     78  15721.742    15756.556    16039.260
 30  mtMAM+I+G4    7781.682     79  15721.364    15757.172    16042.953
 31  mtMAM+R2      7895.094     79  15948.187    15983.995    16269.775
 32  mtMAM+R3      7819.798     81  15801.595    15839.441    16131.325
 33  mtMAM+R4      7791.567     83  15749.135    15789.089    16087.006
 34  mtMAM+R5      7768.096     85  15706.191    15748.324    16052.204
 35  mtMAM+R6      7766.229     87  15706.459    15750.841    16060.613
 40  mtMAM+F       8132.398     96  16456.797    16512.225    16847.588
 41  mtMAM+F+I     7905.170     97  16004.339    16061.092    16399.201
 42  mtMAM+F+G4    7424.197     97  15042.394    15099.147    15437.256
 43  mtMAM+F+I+G4  7422.867     98  15041.734    15099.829    15440.666
 44  mtMAM+F+R2    7497.482     98  15190.964    15249.059    15589.896
 45  mtMAM+F+R3    7433.119     100 15066.238    15127.082    15473.312
 46  mtMAM+F+R4    7412.671     102 15029.342    15093.015    15444.558
 47  mtMAM+F+R5    7397.955     104 15003.911    15070.496    15427.268
 48  mtMAM+F+R6    7397.034     106 15006.068    15075.651    15437.566
 53  JTT           7782.347     77  15718.695    15752.531    16032.141
 54  JTT+I         7547.322     78  15250.643    15285.457    15568.161
 55  JTT+G4        7247.765     78  14651.530    14686.344    14969.048
 56  JTT+I+G4      7246.885     79  14651.769    14687.577    14973.358
 57  JTT+R2        7283.177     79  14724.355    14760.162    15045.943
 58  JTT+R3        7236.230     81  14634.460    14672.306    14964.190
 59  JTT+R4        7225.556     83  14617.113    14657.067    14954.984
 60  JTT+R5        7219.899     85  14609.798    14651.931    14955.811
 66  JTT+F         7746.011     96  15684.023    15739.451    16074.813
 67  JTT+F+I       7515.398     97  15224.797    15281.549    15619.658
 68  JTT+F+G4      7217.779     97  14629.557    14686.309    15024.419
 69  JTT+F+I+G4    7216.555     98  14629.109    14687.205    15028.042
 70  JTT+F+R2      7251.154     98  14698.308    14756.404    15097.241
 71  JTT+F+R3      7203.734     100 14607.468    14668.311    15014.541
 72  JTT+F+R4      7193.176     102 14590.352    14654.025    15005.568
 73  JTT+F+R5      7188.131     104 14584.262    14650.847    15007.619
 79  WAG           7745.301     77  15644.602    15678.439    15958.049
 80  WAG+I         7516.817     78  15189.634    15224.447    15507.151
 81  WAG+G4        7231.626     78  14619.252    14654.066    14936.770
 82  WAG+I+G4      7230.581     79  14619.161    14654.968    14940.749
 83  WAG+R2        7259.370     79  14676.740    14712.547    14998.328
 84  WAG+R3        7215.424     81  14592.848    14630.694    14922.578
 85  WAG+R4        7206.947     83  14579.895    14619.849    14917.766
 86  WAG+R5        7204.133     85  14578.266    14620.398    14924.279
 92  WAG+F         7731.280     96  15654.560    15709.988    16045.351
 93  WAG+F+I       7508.260     97  15210.519    15267.271    15605.381
 94  WAG+F+G4      7217.359     97  14628.719    14685.471    15023.580
 95  WAG+F+I+G4    7216.368     98  14628.736    14686.832    15027.668
 96  WAG+F+R2      7244.412     98  14684.824    14742.919    15083.756
 97  WAG+F+R3      7200.001     100 14600.002    14660.845    15007.075
 98  WAG+F+R4      7191.100     102 14586.200    14649.873    15001.415
 99  WAG+F+R5      7188.013     104 14584.025    14650.611    15007.382
105  cpREV         7788.434     77  15730.867    15764.704    16044.314
106  cpREV+I       7557.880     78  15271.760    15306.573    15589.277
107  cpREV+G4      7243.463     78  14642.925    14677.739    14960.443
108  cpREV+I+G4    7242.743     79  14643.486    14679.293    14965.074
109  cpREV+R2      7271.406     79  14700.812    14736.620    15022.401
110  cpREV+R3      7230.294     81  14622.587    14660.433    14952.317
111  cpREV+R4      7221.404     83  14608.809    14648.763    14946.680
112  cpREV+R5      7217.175     85  14604.350    14646.482    14950.362
118  cpREV+F       7785.451     96  15762.903    15818.331    16153.693
119  cpREV+F+I     7550.238     97  15294.475    15351.228    15689.337
120  cpREV+F+G4    7243.642     97  14681.283    14738.036    15076.145
121  cpREV+F+I+G4  7242.680     98  14681.361    14739.456    15080.293
122  cpREV+F+R2    7274.696     98  14745.391    14803.487    15144.323
123  cpREV+F+R3    7233.104     100 14666.208    14727.051    15073.282
124  cpREV+F+R4    7224.059     102 14652.118    14715.791    15067.334
125  cpREV+F+R5    7219.846     104 14647.692    14714.278    15071.049
131  mtREV         8291.543     77  16737.086    16770.922    17050.532
132  mtREV+I       8067.197     78  16290.393    16325.207    16607.911
133  mtREV+G4      7646.795     78  15449.590    15484.404    15767.108
134  mtREV+I+G4    7646.634     79  15451.268    15487.076    15772.857
135  mtREV+R2      7707.066     79  15572.132    15607.940    15893.720
136  mtREV+R3      7645.334     81  15452.668    15490.514    15782.398
137  mtREV+R4      7628.664     83  15423.327    15463.281    15761.198
138  mtREV+R5      7618.376     85  15406.752    15448.885    15752.765
139  mtREV+R6      7617.767     87  15409.534    15453.916    15763.688
144  mtREV+F       7875.037     96  15942.074    15997.503    16332.865
145  mtREV+F+I     7653.830     97  15501.659    15558.411    15896.521
146  mtREV+F+G4    7310.984     97  14815.968    14872.720    15210.829
147  mtREV+F+I+G4  7309.633     98  14815.266    14873.362    15214.199
148  mtREV+F+R2    7347.985     98  14891.971    14950.067    15290.903
149  mtREV+F+R3    7298.615     100 14797.230    14858.073    15204.304
150  mtREV+F+R4    7286.115     102 14776.230    14839.903    15191.445
151  mtREV+F+R5    7279.545     104 14767.090    14833.675    15190.447
152  mtREV+F+R6    7279.249     106 14770.497    14840.080    15201.995
157  rtREV         7787.532     77  15729.064    15762.900    16042.511
158  rtREV+I       7564.846     78  15285.693    15320.506    15603.210
159  rtREV+G4      7242.196     78  14640.392    14675.205    14957.909
160  rtREV+I+G4    7242.220     79  14642.440    14678.248    14964.029
161  rtREV+R2      7269.496     79  14696.992    14732.800    15018.581
162  rtREV+R3      7228.639     81  14619.277    14657.123    14949.007
163  rtREV+R4      7219.025     83  14604.050    14644.004    14941.922
164  rtREV+R5      7213.811     85  14597.622    14639.755    14943.635
170  rtREV+F       7704.982     96  15601.964    15657.393    15992.755
171  rtREV+F+I     7490.587     97  15175.174    15231.927    15570.036
172  rtREV+F+G4    7171.116     97  14536.232    14592.984    14931.094
173  rtREV+F+I+G4  7171.023     98  14538.045    14596.141    14936.978
174  rtREV+F+R2    7195.692     98  14587.384    14645.480    14986.316
175  rtREV+F+R3    7155.667     100 14511.334    14572.177    14918.408
176  rtREV+F+R4    7146.481     102 14496.961    14560.634    14912.176
177  rtREV+F+R5    7141.575     104 14491.150    14557.735    14914.506
183  mtART         8430.790     77  17015.581    17049.417    17329.027
184  mtART+I       8178.234     78  16512.467    16547.281    16829.985
185  mtART+G4      7594.143     78  15344.285    15379.099    15661.803
186  mtART+I+G4    7594.164     79  15346.329    15382.136    15667.917
187  mtART+R2      7706.972     79  15571.944    15607.752    15893.533
188  mtART+R3      7625.998     81  15413.996    15451.842    15743.726
189  mtART+R4      7597.608     83  15361.216    15401.170    15699.087
190  mtART+R5      7575.854     85  15321.707    15363.840    15667.720
191  mtART+R6      7574.487     87  15322.974    15367.356    15677.128
196  mtART+F       7936.157     96  16064.314    16119.743    16455.105
197  mtART+F+I     7714.597     97  15623.194    15679.947    16018.056
198  mtART+F+G4    7268.295     97  14730.589    14787.342    15125.451
199  mtART+F+I+G4  7267.603     98  14731.205    14789.301    15130.137
200  mtART+F+R2    7325.475     98  14846.951    14905.046    15245.883
201  mtART+F+R3    7267.288     100 14734.577    14795.420    15141.651
202  mtART+F+R4    7249.817     102 14703.635    14767.308    15118.850
203  mtART+F+R5    7238.445     104 14684.890    14751.476    15108.247
204  mtART+F+R6    7237.727     106 14687.455    14757.037    15118.953
209  mtZOA         8214.384     77  16582.768    16616.604    16896.214
210  mtZOA+I       7981.526     78  16119.052    16153.865    16436.569
211  mtZOA+G4      7486.355     78  15128.709    15163.523    15446.227
212  mtZOA+I+G4    7486.842     79  15131.684    15167.491    15453.272
213  mtZOA+R2      7568.345     79  15294.690    15330.497    15616.278
214  mtZOA+R3      7500.062     81  15162.124    15199.970    15491.854
215  mtZOA+R4      7478.944     83  15123.888    15163.842    15461.759
216  mtZOA+R5      7463.516     85  15097.033    15139.165    15443.045
217  mtZOA+R6      7462.551     87  15099.101    15143.484    15453.256
222  mtZOA+F       7801.615     96  15795.230    15850.658    16186.020
223  mtZOA+F+I     7584.864     97  15363.729    15420.481    15758.590
224  mtZOA+F+G4    7208.128     97  14610.255    14667.008    15005.117
225  mtZOA+F+I+G4  7207.227     98  14610.455    14668.550    15009.387
226  mtZOA+F+R2    7249.834     98  14695.668    14753.763    15094.600
227  mtZOA+F+R3    7199.514     100 14599.028    14659.871    15006.102
228  mtZOA+F+R4    7185.459     102 14574.917    14638.590    14990.133
229  mtZOA+F+R5    7177.250     104 14562.499    14629.085    14985.856
230  mtZOA+F+R6    7176.788     106 14565.575    14635.158    14997.074
235  VT            7809.688     77  15773.376    15807.212    16086.823
236  VT+I          7581.803     78  15319.607    15354.420    15637.124
237  VT+G4         7293.188     78  14742.375    14777.189    15059.893
238  VT+I+G4       7292.284     79  14742.568    14778.375    15064.156
239  VT+R2         7319.353     79  14796.706    14832.513    15118.294
240  VT+R3         7276.093     81  14714.187    14752.033    15043.917
241  VT+R4         7267.315     83  14700.630    14740.584    15038.501
242  VT+R5         7264.029     85  14698.058    14740.190    15044.070
248  VT+F          7797.518     96  15787.035    15842.464    16177.826
249  VT+F+I        7573.765     97  15341.531    15398.283    15736.392
250  VT+F+G4       7287.604     97  14769.208    14825.960    15164.069
251  VT+F+I+G4     7286.594     98  14769.189    14827.285    15168.121
252  VT+F+R2       7312.979     98  14821.958    14880.054    15220.890
253  VT+F+R3       7269.188     100 14738.375    14799.219    15145.449
254  VT+F+R4       7260.531     102 14725.063    14788.736    15140.278
255  VT+F+R5       7257.674     104 14723.348    14789.934    15146.705
261  LG            7705.851     77  15565.703    15599.539    15879.150
262  LG+I          7476.399     78  15108.798    15143.611    15426.315
263  LG+G4         7156.080     78  14468.160    14502.974    14785.678
264  LG+I+G4       7155.675     79  14469.350    14505.157    14790.938
265  LG+R2         7185.972     79  14529.945    14565.752    14851.533
266  LG+R3         7143.420     81  14448.841    14486.687    14778.571
267  LG+R4         7132.984     83  14431.967    14471.921    14769.838
268  LG+R5         7127.431     85  14424.862    14466.995    14770.875
274  LG+F          7683.587     96  15559.173    15614.602    15949.964
275  LG+F+I        7458.497     97  15110.993    15167.745    15505.855
276  LG+F+G4       7145.762     97  14485.523    14542.276    14880.385
277  LG+F+I+G4     7145.227     98  14486.454    14544.550    14885.386
278  LG+F+R2       7175.038     98  14546.075    14604.171    14945.008
279  LG+F+R3       7132.077     100 14464.154    14524.998    14871.228
280  LG+F+R4       7122.121     102 14448.241    14511.914    14863.456
281  LG+F+R5       7117.214     104 14442.429    14509.014    14865.785
287  DCMut         7752.050     77  15658.100    15691.936    15971.547
288  DCMut+I       7522.859     78  15201.718    15236.532    15519.236
289  DCMut+G4      7236.258     78  14628.517    14663.330    14946.034
290  DCMut+I+G4    7235.175     79  14628.351    14664.158    14949.939
291  DCMut+R2      7272.760     79  14703.521    14739.328    15025.109
292  DCMut+R3      7226.380     81  14614.760    14652.606    14944.490
293  DCMut+R4      7217.830     83  14601.660    14641.614    14939.531
294  DCMut+R5      7213.471     85  14596.941    14639.074    14942.954
300  DCMut+F       7703.131     96  15598.262    15653.691    15989.053
301  DCMut+F+I     7482.755     97  15159.510    15216.262    15554.371
302  DCMut+F+G4    7186.933     97  14567.866    14624.618    14962.727
303  DCMut+F+I+G4  7185.784     98  14567.568    14625.663    14966.500
304  DCMut+F+R2    7219.865     98  14635.731    14693.827    15034.663
305  DCMut+F+R3    7173.086     100 14546.172    14607.015    14953.246
306  DCMut+F+R4    7163.847     102 14531.694    14595.366    14946.909
307  DCMut+F+R5    7160.045     104 14528.090    14594.675    14951.447
313  PMB           7927.062     77  16008.124    16041.961    16321.571
314  PMB+I         7700.495     78  15556.990    15591.804    15874.508
315  PMB+G4        7400.492     78  14956.983    14991.797    15274.501
316  PMB+I+G4      7399.775     79  14957.550    14993.357    15279.138
317  PMB+R2        7424.211     79  15006.423    15042.230    15328.011
318  PMB+R3        7381.566     81  14925.131    14962.978    15254.861
319  PMB+R4        7372.318     83  14910.636    14950.591    15248.508
320  PMB+R5        7368.588     85  14907.177    14949.309    15253.190
326  PMB+F         7881.134     96  15954.268    16009.696    16345.058
327  PMB+F+I       7660.673     97  15515.346    15572.099    15910.208
328  PMB+F+G4      7364.282     97  14922.564    14979.317    15317.426
329  PMB+F+I+G4    7363.506     98  14923.013    14981.109    15321.945
330  PMB+F+R2      7387.349     98  14970.697    15028.793    15369.630
331  PMB+F+R3      7344.350     100 14888.700    14949.543    15295.774
332  PMB+F+R4      7335.246     102 14874.492    14938.165    15289.708
333  PMB+F+R5      7331.838     104 14871.677    14938.262    15295.034
339  HIVb          8064.222     77  16282.444    16316.281    16595.891
340  HIVb+I        7770.645     78  15697.289    15732.103    16014.807
341  HIVb+G4       7392.403     78  14940.807    14975.621    15258.324
342  HIVb+I+G4     7390.637     79  14939.273    14975.081    15260.862
343  HIVb+R2       7459.310     79  15076.620    15112.427    15398.208
344  HIVb+R3       7399.614     81  14961.228    14999.074    15290.958
345  HIVb+R4       7382.180     83  14930.359    14970.313    15268.230
346  HIVb+R5       7369.398     85  14908.795    14950.928    15254.808
347  HIVb+R6       7368.344     87  14910.689    14955.071    15264.843
352  HIVb+F        7993.954     96  16179.908    16235.336    16570.699
353  HIVb+F+I      7706.077     97  15606.155    15662.907    16001.016
354  HIVb+F+G4     7341.815     97  14877.630    14934.382    15272.492
355  HIVb+F+I+G4   7338.811     98  14873.621    14931.717    15272.553
356  HIVb+F+R2     7406.762     98  15009.525    15067.621    15408.457
357  HIVb+F+R3     7345.226     100 14890.451    14951.295    15297.525
358  HIVb+F+R4     7327.202     102 14858.404    14922.077    15273.619
359  HIVb+F+R5     7314.756     104 14837.512    14904.097    15260.868
360  HIVb+F+R6     7313.694     106 14839.387    14908.970    15270.885
365  HIVw          8340.939     77  16835.877    16869.714    17149.324
366  HIVw+I        8049.805     78  16255.609    16290.423    16573.127
367  HIVw+G4       7641.973     78  15439.945    15474.759    15757.463
368  HIVw+I+G4     7641.295     79  15440.591    15476.398    15762.179
369  HIVw+R2       7721.770     79  15601.540    15637.348    15923.129
370  HIVw+R3       7657.906     81  15477.813    15515.659    15807.543
371  HIVw+R4       7639.109     83  15444.219    15484.173    15782.090
372  HIVw+R5       7626.301     85  15422.602    15464.735    15768.615
373  HIVw+R6       7625.255     87  15424.509    15468.892    15778.664
378  HIVw+F        8265.501     96  16723.002    16778.430    17113.792
379  HIVw+F+I      7966.218     97  16126.435    16183.188    16521.297
380  HIVw+F+G4     7577.212     97  15348.425    15405.177    15743.286
381  HIVw+F+I+G4   7575.509     98  15347.017    15405.113    15745.949
382  HIVw+F+R2     7654.181     98  15504.362    15562.458    15903.294
383  HIVw+F+R3     7591.154     100 15382.308    15443.151    15789.382
384  HIVw+F+R4     7572.363     102 15348.726    15412.399    15763.941
385  HIVw+F+R5     7558.356     104 15324.712    15391.298    15748.069
386  HIVw+F+R6     7557.185     106 15326.371    15395.953    15757.869
391  JTTDCMut      7775.098     77  15704.195    15738.032    16017.642
392  JTTDCMut+I    7541.401     78  15238.801    15273.615    15556.319
393  JTTDCMut+G4   7242.614     78  14641.229    14676.042    14958.746
394  JTTDCMut+I+G4 7241.565     79  14641.130    14676.938    14962.719
395  JTTDCMut+R2   7277.196     79  14712.392    14748.200    15033.981
396  JTTDCMut+R3   7230.470     81  14622.939    14660.786    14952.669
397  JTTDCMut+R4   7219.935     83  14605.869    14645.824    14943.741
398  JTTDCMut+R5   7214.392     85  14598.785    14640.917    14944.797
404  JTTDCMut+F    7739.119     96  15670.238    15725.666    16061.028
405  JTTDCMut+F+I  7509.517     97  15213.034    15269.787    15607.896
406  JTTDCMut+F+G4 7212.424     97  14618.849    14675.601    15013.711
407  JTTDCMut+F+I+G4 7211.138     98  14618.277    14676.372    15017.209
408  JTTDCMut+F+R2 7245.075     98  14686.149    14744.245    15085.081
409  JTTDCMut+F+R3 7197.917     100 14595.834    14656.678    15002.908
410  JTTDCMut+F+R4 7187.468     102 14578.937    14642.609    14994.152
411  JTTDCMut+F+R5 7182.600     104 14573.199    14639.785    14996.556
417  FLU           7948.654     77  16051.308    16085.145    16364.755
418  FLU+I         7695.563     78  15547.127    15581.940    15864.644
419  FLU+G4        7307.245     78  14770.489    14805.303    15088.007
420  FLU+I+G4      7306.597     79  14771.193    14807.001    15092.782
421  FLU+R2        7357.904     79  14873.808    14909.615    15195.396
422  FLU+R3        7306.478     81  14774.956    14812.803    15104.686
423  FLU+R4        7290.627     83  14747.255    14787.209    15085.126
424  FLU+R5        7280.913     85  14731.825    14773.958    15077.838
425  FLU+R6        7280.188     87  14734.376    14778.758    15088.530
430  FLU+F         7943.375     96  16078.750    16134.179    16469.541
431  FLU+F+I       7686.424     97  15566.847    15623.599    15961.709
432  FLU+F+G4      7299.314     97  14792.627    14849.379    15187.489
433  FLU+F+I+G4    7297.841     98  14791.682    14849.778    15190.614
434  FLU+F+R2      7348.430     98  14892.860    14950.956    15291.792
435  FLU+F+R3      7297.515     100 14795.030    14855.873    15202.103
436  FLU+F+R4      7280.849     102 14765.699    14829.371    15180.914
437  FLU+F+R5      7270.246     104 14748.491    14815.076    15171.848
438  FLU+F+R6      7269.361     106 14750.722    14820.305    15182.220
443  Blosum62      7891.659     77  15937.318    15971.154    16250.764
444  Blosum62+I    7669.912     78  15495.825    15530.638    15813.342
445  Blosum62+G4   7367.023     78  14890.047    14924.860    15207.564
446  Blosum62+I+G4 7366.786     79  14891.573    14927.380    15213.161
447  Blosum62+R2   7391.492     79  14940.985    14976.792    15262.573
448  Blosum62+R3   7349.898     81  14861.796    14899.642    15191.526
449  Blosum62+R4   7341.321     83  14848.642    14888.596    15186.513
450  Blosum62+R5   7337.180     85  14844.360    14886.492    15190.372
456  Blosum62+F    7861.359     96  15914.718    15970.146    16305.508
457  Blosum62+F+I  7641.367     97  15476.733    15533.486    15871.595
458  Blosum62+F+G4 7344.664     97  14883.328    14940.081    15278.190
459  Blosum62+F+I+G4 7344.202     98  14884.404    14942.499    15283.336
460  Blosum62+F+R2 7369.922     98  14935.843    14993.939    15334.776
461  Blosum62+F+R3 7327.541     100 14855.082    14915.925    15262.156
462  Blosum62+F+R4 7319.108     102 14842.217    14905.889    15257.432
463  Blosum62+F+R5 7315.555     104 14839.111    14905.696    15262.467
469  mtMet         8301.371     77  16756.742    16790.579    17070.189
470  mtMet+I       8066.769     78  16289.538    16324.351    16607.055
471  mtMet+G4      7616.341     78  15388.682    15423.496    15706.200
472  mtMet+I+G4    7616.454     79  15390.907    15426.715    15712.496
473  mtMet+R2      7684.205     79  15526.411    15562.218    15847.999
474  mtMet+R3      7622.280     81  15406.559    15444.405    15736.289
475  mtMet+R4      7603.925     83  15373.850    15413.804    15711.721
476  mtMet+R5      7590.938     85  15351.876    15394.008    15697.888
477  mtMet+R6      7589.574     87  15353.149    15397.531    15707.303
482  mtMet+F       7898.218     96  15988.435    16043.864    16379.226
483  mtMet+F+I     7676.484     97  15546.969    15603.721    15941.831
484  mtMet+F+G4    7313.348     97  14820.695    14877.448    15215.557
485  mtMet+F+I+G4  7312.114     98  14820.227    14878.323    15219.159
486  mtMet+F+R2    7355.736     98  14907.471    14965.567    15306.404
487  mtMet+F+R3    7304.566     100 14809.133    14869.976    15216.207
488  mtMet+F+R4    7290.555     102 14785.110    14848.783    15200.325
489  mtMet+F+R5    7282.528     104 14773.056    14839.641    15196.412
490  mtMet+F+R6    7281.751     106 14775.501    14845.084    15206.999
495  mtVer         8462.829     77  17079.658    17113.494    17393.104
496  mtVer+I       8228.933     78  16613.867    16648.681    16931.385
497  mtVer+G4      7732.127     78  15620.254    15655.068    15937.772
498  mtVer+I+G4    7732.542     79  15623.085    15658.892    15944.673
499  mtVer+R2      7811.152     79  15780.304    15816.111    16101.892
500  mtVer+R3      7748.541     81  15659.083    15696.929    15988.813
501  mtVer+R4      7728.048     83  15622.096    15662.050    15959.967
502  mtVer+R5      7712.240     85  15594.480    15636.613    15940.493
503  mtVer+R6      7710.442     87  15594.884    15639.266    15949.038
508  mtVer+F       8033.532     96  16259.063    16314.492    16649.854
509  mtVer+F+I     7806.027     97  15806.054    15862.806    16200.915
510  mtVer+F+G4    7410.799     97  15015.599    15072.351    15410.460
511  mtVer+F+I+G4  7409.309     98  15014.617    15072.713    15413.550
512  mtVer+F+R2    7467.252     98  15130.504    15188.599    15529.436
513  mtVer+F+R3    7409.829     100 15019.658    15080.501    15426.732
514  mtVer+F+R4    7392.723     102 14989.446    15053.119    15404.662
515  mtVer+F+R5    7382.234     104 14972.467    15039.053    15395.824
516  mtVer+F+R6    7381.133     106 14974.267    15043.849    15405.765
521  mtInv         8273.809     77  16701.618    16735.455    17015.065
522  mtInv+I       8038.210     78  16232.420    16267.234    16549.938
523  mtInv+G4      7625.840     78  15407.681    15442.494    15725.198
524  mtInv+I+G4    7625.407     79  15408.813    15444.621    15730.401
525  mtInv+R2      7680.714     79  15519.428    15555.235    15841.016
526  mtInv+R3      7622.534     81  15407.068    15444.914    15736.798
527  mtInv+R4      7606.375     83  15378.749    15418.704    15716.621
528  mtInv+R5      7596.276     85  15362.553    15404.685    15708.566
529  mtInv+R6      7595.244     87  15364.489    15408.871    15718.643
534  mtInv+F       7819.168     96  15830.336    15885.765    16221.127
535  mtInv+F+I     7601.009     97  15396.018    15452.770    15790.880
536  mtInv+F+G4    7266.744     97  14727.489    14784.241    15122.350
537  mtInv+F+I+G4  7265.673     98  14727.346    14785.442    15126.279
538  mtInv+F+R2    7299.012     98  14794.024    14852.119    15192.956
539  mtInv+F+R3    7252.594     100 14705.188    14766.031    15112.262
540  mtInv+F+R4    7240.907     102 14685.814    14749.487    15101.029
541  mtInv+F+R5    7234.827     104 14677.654    14744.240    15101.011
542  mtInv+F+R6    7234.317     106 14680.634    14750.217    15112.133
Akaike Information Criterion:           LG+R5
Corrected Akaike Information Criterion: LG+R5
Bayesian Information Criterion:         LG+R4
Best-fit model: LG+R4 chosen according to BIC

All model information printed to test//aln_seqs/EOG09341MG3.aln.model.gz
CPU time for ModelFinder: 294.625 seconds (0h:4m:54s)
Wall-clock time for ModelFinder: 7361.682 seconds (2h:2m:41s)
Generating 1000 samples for ultrafast bootstrap (seed: 239765)...

NOTE: 9 MB RAM (0 GB) is required!
Estimate model parameters (epsilon = 0.100)
1. Initial log-likelihood: -7234.083
2. Current log-likelihood: -7146.478
3. Current log-likelihood: -7135.638
4. Current log-likelihood: -7133.238
5. Current log-likelihood: -7132.541
6. Current log-likelihood: -7132.308
Optimal log-likelihood: -7132.206
Site proportion and rates:  (0.656,0.220) (0.112,1.065) (0.130,1.798) (0.101,4.958)
Parameters optimization took 6 rounds (97.911 sec)
Computing ML distances based on estimated model parameters... 0.441 sec
Computing BIONJ tree...
0.004 seconds
Log-likelihood of BIONJ tree: -7134.524
--------------------------------------------------------------------
|             INITIALIZING CANDIDATE TREE SET                      |
--------------------------------------------------------------------
Generating 98 parsimony trees... 33.029 second
Computing log-likelihood of 98 initial trees ... 161.215 seconds
Current best score: -7129.781

Do NNI search on 20 best initial trees
Estimate model parameters (epsilon = 0.100)
BETTER TREE FOUND at iteration 1: -7126.082
Estimate model parameters (epsilon = 0.100)
BETTER TREE FOUND at iteration 4: -7123.304
Iteration 10 / LogL: -7124.867 / Time: 0h:7m:38s
Iteration 20 / LogL: -7123.908 / Time: 0h:11m:15s
Finish initializing candidate tree set (16)
Current best tree score: -7123.304 / CPU time: 565.726
Number of iterations: 20
--------------------------------------------------------------------
|               OPTIMIZING CANDIDATE TREE SET                      |
--------------------------------------------------------------------
Estimate model parameters (epsilon = 0.100)
BETTER TREE FOUND at iteration 21: -7122.898
Estimate model parameters (epsilon = 0.100)
BETTER TREE FOUND at iteration 24: -7122.644
Iteration 30 / LogL: -7124.246 / Time: 0h:16m:55s (0h:54m:51s left)
Iteration 40 / LogL: -7123.831 / Time: 0h:25m:30s (0h:54m:56s left)
Iteration 50 / LogL: -7122.644 / Time: 0h:30m:40s (0h:46m:19s left)
Log-likelihood cutoff on original alignment: -7148.566
Iteration 60 / LogL: -7128.367 / Time: 0h:33m:29s (0h:36m:19s left)
Iteration 70 / LogL: -7123.812 / Time: 0h:39m:21s (0h:30m:47s left)
Iteration 80 / LogL: -7122.644 / Time: 0h:42m:48s (0h:23m:50s left)
Iteration 90 / LogL: -7123.362 / Time: 0h:45m:22s (0h:17m:19s left)
Iteration 100 / LogL: -7123.856 / Time: 0h:47m:45s (0h:11m:34s left)
Log-likelihood cutoff on original alignment: -7148.566
NOTE: Bootstrap correlation coefficient of split occurrence frequencies: 0.998
Iteration 110 / LogL: -7132.022 / Time: 0h:53m:0s (0h:43m:46s left)
Iteration 120 / LogL: -7122.722 / Time: 0h:56m:36s (0h:38m:3s left)
TREE SEARCH COMPLETED AFTER 125 ITERATIONS / Time: 0h:57m:34s

--------------------------------------------------------------------
|                    FINALIZING TREE SEARCH                        |
--------------------------------------------------------------------
Performs final model parameters optimization
Estimate model parameters (epsilon = 0.010)
1. Initial log-likelihood: -7122.644
Optimal log-likelihood: -7122.636
Site proportion and rates:  (0.662,0.220) (0.112,1.223) (0.123,1.670) (0.103,4.969)
Parameters optimization took 1 rounds (3.099 sec)
BEST SCORE FOUND : -7122.636
Creating bootstrap support values...
Split supports printed to NEXUS file test//aln_seqs/EOG09341MG3.aln.splits.nex
Total tree length: 3.843

Total number of iterations: 125
CPU time used for tree search: 188.676 sec (0h:3m:8s)
Wall-clock time used for tree search: 3343.290 sec (0h:55m:43s)
Total CPU time used: 193.469 sec (0h:3m:13s)
Total wall-clock time used: 3460.647 sec (0h:57m:40s)

Computing bootstrap consensus tree...
Reading input file test//aln_seqs/EOG09341MG3.aln.splits.nex...
40 taxa and 329 splits.
Consensus tree written to test//aln_seqs/EOG09341MG3.aln.contree
Reading input trees file test//aln_seqs/EOG09341MG3.aln.contree
Log-likelihood of consensus tree: -7122.636

Analysis results written to: 
  IQ-TREE report:                test//aln_seqs/EOG09341MG3.aln.iqtree
  Maximum-likelihood tree:       test//aln_seqs/EOG09341MG3.aln.treefile
  Likelihood distances:          test//aln_seqs/EOG09341MG3.aln.mldist

Ultrafast bootstrap approximation results written to:
  Split support values:          test//aln_seqs/EOG09341MG3.aln.splits.nex
  Consensus tree:                test//aln_seqs/EOG09341MG3.aln.contree
  Screen log file:               test//aln_seqs/EOG09341MG3.aln.log

Date and Time: Tue Feb 19 12:54:50 2019
