IQ-TREE multicore version 1.6.8 for Linux 64-bit built Oct 28 2018
Developed by Bui Quang Minh, Nguyen Lam Tung, Olga Chernomor,
Heiko Schmidt, Dominik Schrempf, Michael Woodhams.

Host:    sango40410.oist.jp (AVX2, FMA3, 503 GB RAM)
Command: iqtree -s test//aln_seqs/EOG09340K7B.aln -bb 1000 -redo -nt 3 -m MFP
Seed:    399880 (Using SPRNG - Scalable Parallel Random Number Generator)
Time:    Tue Feb 19 10:00:53 2019
Kernel:  AVX+FMA - 3 threads (24 CPU cores detected)

Reading alignment file test//aln_seqs/EOG09340K7B.aln ... Fasta format detected
Alignment most likely contains protein sequences
Alignment has 40 sequences with 688 columns, 598 distinct patterns
450 parsimony-informative, 121 singleton sites, 117 constant sites
                                             Gap/Ambiguity  Composition  p-value
   1  Candida_glabrata                               1.31%    passed     99.72%
   2  Kazachstania_africana                          1.45%    passed     99.29%
   3  Kazachstania_naganishii                        1.45%    passed     89.33%
   4  Nakaseomyces_bacillisporus                     1.60%    passed     21.49%
   5  Nakaseomyces_bracarensis                       1.45%    passed     99.97%
   6  Nakaseomyces_castellii                         1.16%    passed     96.33%
   7  Nakaseomyces_delphensis                        1.31%    passed     99.82%
   8  Nakaseomyces_nivariensis                       1.16%    passed    100.00%
   9  Naumovozyma_castellii                          1.16%    passed     99.14%
  10  Naumovozyma_dairenensis                        1.16%    passed     98.37%
  11  Neurospora_crassa                              1.89%    failed      0.00%
  12  Saccharomyces_arboricola                       2.18%    passed    100.00%
  13  Saccharomyces_cerevisiae                       2.18%    passed    100.00%
  14  Saccharomyces_eubayanus                        2.03%    passed    100.00%
  15  Saccharomyces_kudriavzevii                     2.18%    passed    100.00%
  16  Saccharomyces_mikatae                          2.03%    passed    100.00%
  17  Saccharomyces_paradoxus                        2.18%    passed    100.00%
  18  Saccharomyces_uvarum                           2.03%    passed     99.96%
  19  Tetrapisispora_blattae                         1.16%    passed     93.72%
  20  Tetrapisispora_phaffii                         1.60%    passed     99.51%
  21  Vanderwaltozyma_polyspora                      1.31%    passed     99.96%
  22  yHAB132_Kazachstania_martiniae                 1.60%    passed     99.79%
  23  yHAB133_Kazachstania_unispora                  9.59%    passed     99.72%
  24  yHAB134_Kazachstania_turicensis                1.45%    passed     99.99%
  25  yHAB136_Kazachstania_bromeliacearum            1.16%    passed     99.77%
  26  yHAB143_Kazachstania_siamensis                 1.16%    passed     99.80%
  27  yHAB147_Kazachstania_taianensis                2.33%    passed     99.90%
  28  yHAB148_Kazachstania_intestinalis              1.45%    passed     99.48%
  29  yHAB153_Kazachstania_rosinii                   1.31%    passed     99.19%
  30  yHAB154_Kazachstania_transvaalensis            1.31%    passed     99.78%
  31  yHAB155_Kazachstania_spencerorum               1.16%    passed     99.97%
  32  yHAB158_Kazachstania_viticola                  1.89%    passed     98.04%
  33  yHAB159_Kazachstania_solicola                  1.45%    passed     99.96%
  34  yHAB160_Kazachstania_kunashirensis             3.34%    passed     99.98%
  35  yHAB164_Kazachstania_aerobia                   1.45%    passed     99.94%
  36  yHAB166_Kazachstania_yakushimaensis            1.45%    passed     97.77%
  37  yHMPu5000034875_Tetrapisispora_fleetii         1.74%    passed     91.57%
  38  yHMPu5000034876_Tetrapisispora_iriomotensis    1.60%    passed     99.55%
  39  yHMPu5000034877_Tetrapisispora_namnaonensis    1.74%    passed     99.88%
  40  yHMPu5000035629_Yueomyces_sinensis             1.89%    passed     98.10%
****  TOTAL                                          1.83%  1 sequences failed composition chi2 test (p-value<5%; df=19)


Create initial parsimony tree by phylogenetic likelihood library (PLL)... 0.443 seconds
NOTE: ModelFinder requires 40 MB RAM!
ModelFinder will test 546 protein models (sample size: 688) ...
 No. Model         -LnL         df  AIC          AICc         BIC
  1  Dayhoff       24359.170    77  48872.339    48892.031    49221.441
  2  Dayhoff+I     23884.571    78  47925.142    47945.379    48278.778
  3  Dayhoff+G4    22861.863    78  45879.727    45899.963    46233.362
  4  Dayhoff+I+G4  22855.653    79  45869.306    45890.095    46227.475
  5  Dayhoff+R2    23105.832    79  46369.664    46390.453    46727.833
  6  Dayhoff+R3    22882.131    81  45926.262    45948.183    46293.499
  7  Dayhoff+R4    22848.110    83  45862.220    45885.306    46238.524
  8  Dayhoff+R5    22837.487    85  45844.974    45869.260    46230.346
  9  Dayhoff+R6    22837.298    87  45848.596    45874.116    46243.035
 14  Dayhoff+F     24189.303    96  48570.605    48602.118    49005.849
 15  Dayhoff+F+I   23694.935    97  47583.869    47616.093    48023.647
 16  Dayhoff+F+G4  22626.731    97  45447.462    45479.685    45887.239
 17  Dayhoff+F+I+G4 22621.364    98  45438.729    45471.673    45883.040
 18  Dayhoff+F+R2  22886.307    98  45968.613    46001.557    46412.924
 19  Dayhoff+F+R3  22650.797    100 45501.593    45536.006    45954.972
 20  Dayhoff+F+R4  22611.684    102 45427.369    45463.287    45889.815
 21  Dayhoff+F+R5  22599.711    104 45407.422    45444.883    45878.936
 22  Dayhoff+F+R6  22599.502    106 45411.004    45450.047    45891.586
 27  mtMAM         26714.478    77  53582.955    53602.647    53932.057
 28  mtMAM+I       26239.760    78  52635.521    52655.757    52989.156
 29  mtMAM+G4      24109.222    78  48374.444    48394.680    48728.079
 30  mtMAM+I+G4    24103.583    79  48365.167    48385.956    48723.336
 31  mtMAM+R2      24569.281    79  49296.563    49317.352    49654.732
 32  mtMAM+R3      24174.555    81  48511.110    48533.031    48878.347
 33  mtMAM+R4      24069.197    83  48304.394    48327.480    48680.698
 34  mtMAM+R5      24041.781    85  48253.562    48277.847    48638.934
 35  mtMAM+R6      24037.056    87  48248.113    48273.633    48642.553
 40  mtMAM+F       25454.517    96  51101.034    51132.547    51536.278
 41  mtMAM+F+I     24952.058    97  50098.117    50130.340    50537.894
 42  mtMAM+F+G4    23334.055    97  46862.110    46894.334    47301.888
 43  mtMAM+F+I+G4  23321.040    98  46838.079    46871.023    47282.391
 44  mtMAM+F+R2    23708.613    98  47613.225    47646.169    48057.536
 45  mtMAM+F+R3    23371.482    100 46942.964    46977.376    47396.342
 46  mtMAM+F+R4    23295.168    102 46794.337    46830.255    47256.783
 47  mtMAM+F+R5    23273.686    104 46755.373    46792.834    47226.887
 48  mtMAM+F+R6    23269.288    106 46750.576    46789.619    47231.157
 53  JTT           24257.877    77  48669.755    48689.446    49018.856
 54  JTT+I         23762.957    78  47681.913    47702.150    48035.549
 55  JTT+G4        22730.148    78  45616.297    45636.533    45969.932
 56  JTT+I+G4      22723.530    79  45605.059    45625.849    45963.228
 57  JTT+R2        22984.921    79  46127.842    46148.632    46486.012
 58  JTT+R3        22746.802    81  45655.604    45677.525    46022.841
 59  JTT+R4        22708.071    83  45582.142    45605.228    45958.446
 60  JTT+R5        22698.212    85  45566.425    45590.710    45951.797
 61  JTT+R6        22698.145    87  45570.291    45595.811    45964.731
 66  JTT+F         24123.052    96  48438.104    48469.617    48873.348
 67  JTT+F+I       23612.785    97  47419.570    47451.793    47859.347
 68  JTT+F+G4      22561.869    97  45317.737    45349.961    45757.515
 69  JTT+F+I+G4    22555.862    98  45307.724    45340.668    45752.036
 70  JTT+F+R2      22822.872    98  45841.744    45874.688    46286.055
 71  JTT+F+R3      22579.116    100 45358.232    45392.644    45811.611
 72  JTT+F+R4      22543.277    102 45290.555    45326.473    45753.001
 73  JTT+F+R5      22530.761    104 45269.523    45306.984    45741.037
 74  JTT+F+R6      22530.706    106 45273.412    45312.455    45753.993
 79  WAG           24192.528    77  48539.056    48558.748    48888.158
 80  WAG+I         23715.080    78  47586.159    47606.396    47939.795
 81  WAG+G4        22734.565    78  45625.129    45645.366    45978.765
 82  WAG+I+G4      22726.829    79  45611.659    45632.448    45969.828
 83  WAG+R2        22951.825    79  46061.650    46082.439    46419.819
 84  WAG+R3        22746.182    81  45654.364    45676.285    46021.601
 85  WAG+R4        22714.850    83  45595.700    45618.786    45972.005
 86  WAG+R5        22707.959    85  45585.919    45610.204    45971.291
 87  WAG+R6        22707.901    87  45589.802    45615.322    45984.241
 92  WAG+F         24184.172    96  48560.345    48591.858    48995.589
 93  WAG+F+I       23692.428    97  47578.856    47611.080    48018.633
 94  WAG+F+G4      22663.870    97  45521.740    45553.964    45961.518
 95  WAG+F+I+G4    22656.585    98  45509.169    45542.113    45953.481
 96  WAG+F+R2      22893.275    98  45982.549    46015.493    46426.860
 97  WAG+F+R3      22677.334    100 45554.668    45589.081    46008.047
 98  WAG+F+R4      22644.726    102 45493.453    45529.371    45955.899
 99  WAG+F+R5      22635.960    104 45479.920    45517.382    45951.434
100  WAG+F+R6      22635.934    106 45483.868    45522.911    45964.449
105  cpREV         24289.662    77  48733.324    48753.016    49082.426
106  cpREV+I       23801.677    78  47759.354    47779.590    48112.989
107  cpREV+G4      22734.455    78  45624.910    45645.146    45978.545
108  cpREV+I+G4    22725.671    79  45609.341    45630.131    45967.511
109  cpREV+R2      22974.465    79  46106.930    46127.720    46465.099
110  cpREV+R3      22750.915    81  45663.830    45685.750    46031.067
111  cpREV+R4      22717.527    83  45601.054    45624.140    45977.358
112  cpREV+R5      22705.986    85  45581.971    45606.257    45967.343
113  cpREV+R6      22705.971    87  45585.942    45611.462    45980.382
118  cpREV+F       24482.378    96  49156.755    49188.268    49591.999
119  cpREV+F+I     23964.141    97  48122.282    48154.505    48562.059
120  cpREV+F+G4    22851.090    97  45896.181    45928.404    46335.958
121  cpREV+F+I+G4  22841.880    98  45879.760    45912.704    46324.071
122  cpREV+F+R2    23108.267    98  46412.535    46445.479    46856.846
123  cpREV+F+R3    22871.704    100 45943.407    45977.819    46396.786
124  cpREV+F+R4    22833.409    102 45870.817    45906.735    46333.264
125  cpREV+F+R5    22816.156    104 45840.311    45877.773    46311.825
126  cpREV+F+R6    22816.120    106 45844.240    45883.284    46324.822
131  mtREV         25634.700    77  51423.399    51443.091    51772.501
132  mtREV+I       25180.766    78  50517.532    50537.769    50871.168
133  mtREV+G4      23780.555    78  47717.110    47737.347    48070.746
134  mtREV+I+G4    23771.083    79  47700.166    47720.955    48058.335
135  mtREV+R2      24104.581    79  48367.163    48387.952    48725.332
136  mtREV+R3      23806.869    81  47775.738    47797.659    48142.975
137  mtREV+R4      23745.216    83  47656.431    47679.517    48032.736
138  mtREV+R5      23729.115    85  47628.230    47652.516    48013.602
139  mtREV+R6      23729.078    87  47632.155    47657.675    48026.595
144  mtREV+F       24716.949    96  49625.898    49657.411    50061.142
145  mtREV+F+I     24236.058    97  48666.116    48698.340    49105.893
146  mtREV+F+G4    23046.971    97  46287.942    46320.166    46727.720
147  mtREV+F+I+G4  23032.298    98  46260.596    46293.540    46704.907
148  mtREV+F+R2    23322.294    98  46840.587    46873.531    47284.898
149  mtREV+F+R3    23066.027    100 46332.055    46366.467    46785.434
150  mtREV+F+R4    23012.845    102 46229.690    46265.608    46692.136
151  mtREV+F+R5    22997.173    104 46202.346    46239.808    46673.860
152  mtREV+F+R6    22997.138    106 46206.276    46245.319    46686.857
157  rtREV         24304.445    77  48762.890    48782.582    49111.992
158  rtREV+I       23853.548    78  47863.097    47883.333    48216.732
159  rtREV+G4      22760.677    78  45677.353    45697.590    46030.989
160  rtREV+I+G4    22753.585    79  45665.169    45685.959    46023.339
161  rtREV+R2      22978.626    79  46115.251    46136.041    46473.421
162  rtREV+R3      22773.869    81  45709.738    45731.659    46076.975
163  rtREV+R4      22732.799    83  45631.599    45654.685    46007.903
164  rtREV+R5      22725.766    85  45621.532    45645.817    46006.904
165  rtREV+R6      22725.655    87  45625.310    45650.830    46019.749
170  rtREV+F       24110.939    96  48413.877    48445.390    48849.121
171  rtREV+F+I     23635.839    97  47465.679    47497.902    47905.456
172  rtREV+F+G4    22535.654    97  45265.308    45297.531    45705.085
173  rtREV+F+I+G4  22527.530    98  45251.060    45284.004    45695.371
174  rtREV+F+R2    22762.362    98  45720.724    45753.668    46165.035
175  rtREV+F+R3    22550.939    100 45301.877    45336.290    45755.256
176  rtREV+F+R4    22506.638    102 45217.276    45253.194    45679.723
177  rtREV+F+R5    22497.375    104 45202.749    45240.211    45674.263
178  rtREV+F+R6    22497.325    106 45206.650    45245.693    45687.232
183  mtART         26176.277    77  52506.554    52526.245    52855.655
184  mtART+I       25664.582    78  51485.164    51505.400    51838.800
185  mtART+G4      23697.409    78  47550.818    47571.055    47904.454
186  mtART+I+G4    23693.284    79  47544.568    47565.357    47902.737
187  mtART+R2      24151.569    79  48461.138    48481.927    48819.307
188  mtART+R3      23752.409    81  47666.817    47688.738    48034.054
189  mtART+R4      23664.663    83  47495.326    47518.412    47871.630
190  mtART+R5      23640.823    85  47451.645    47475.931    47837.017
191  mtART+R6      23633.657    87  47441.313    47466.833    47835.753
192  mtART+R7      23632.746    89  47443.492    47470.281    47846.999
196  mtART+F       25006.293    96  50204.587    50236.100    50639.831
197  mtART+F+I     24512.611    97  49219.221    49251.445    49658.999
198  mtART+F+G4    22999.662    97  46193.325    46225.549    46633.102
199  mtART+F+I+G4  22984.974    98  46165.948    46198.892    46610.259
200  mtART+F+R2    23352.032    98  46900.063    46933.007    47344.375
201  mtART+F+R3    23031.310    100 46262.619    46297.032    46715.998
202  mtART+F+R4    22950.598    102 46105.196    46141.114    46567.643
203  mtART+F+R5    22929.486    104 46066.972    46104.434    46538.486
204  mtART+F+R6    22924.249    106 46060.499    46099.542    46541.080
209  mtZOA         25521.320    77  51196.640    51216.332    51545.742
210  mtZOA+I       25057.442    78  50270.884    50291.121    50624.520
211  mtZOA+G4      23347.160    78  46850.321    46870.557    47203.956
212  mtZOA+I+G4    23341.471    79  46840.942    46861.731    47199.111
213  mtZOA+R2      23720.337    79  47598.675    47619.464    47956.844
214  mtZOA+R3      23385.560    81  46933.119    46955.040    47300.356
215  mtZOA+R4      23314.947    83  46795.894    46818.980    47172.198
216  mtZOA+R5      23299.866    85  46769.731    46794.017    47155.103
217  mtZOA+R6      23290.245    87  46754.489    46780.009    47148.929
218  mtZOA+R7      23289.691    89  46757.383    46784.172    47160.890
222  mtZOA+F       24572.312    96  49336.624    49368.136    49771.867
223  mtZOA+F+I     24097.266    97  48388.531    48420.755    48828.309
224  mtZOA+F+G4    22770.374    97  45734.748    45766.972    46174.525
225  mtZOA+F+I+G4  22759.271    98  45714.542    45747.486    46158.854
226  mtZOA+F+R2    23085.449    98  46366.897    46399.841    46811.208
227  mtZOA+F+R3    22791.464    100 45782.928    45817.340    46236.307
228  mtZOA+F+R4    22730.218    102 45664.436    45700.354    46126.882
229  mtZOA+F+R5    22711.672    104 45631.344    45668.806    46102.858
230  mtZOA+F+R6    22710.084    106 45632.168    45671.211    46112.750
235  VT            24206.432    77  48566.864    48586.556    48915.966
236  VT+I          23727.141    78  47610.281    47630.518    47963.917
237  VT+G4         22793.053    78  45742.107    45762.343    46095.742
238  VT+I+G4       22785.028    79  45728.057    45748.846    46086.226
239  VT+R2         22995.630    79  46149.260    46170.050    46507.429
240  VT+R3         22802.520    81  45767.040    45788.961    46134.277
241  VT+R4         22771.490    83  45708.979    45732.065    46085.284
242  VT+R5         22766.546    85  45703.093    45727.379    46088.465
248  VT+F          24184.244    96  48560.489    48592.001    48995.732
249  VT+F+I        23693.492    97  47580.984    47613.207    48020.761
250  VT+F+G4       22747.260    97  45688.521    45720.744    46128.298
251  VT+F+I+G4     22739.583    98  45675.166    45708.110    46119.477
252  VT+F+R2       22951.832    98  46099.663    46132.607    46543.974
253  VT+F+R3       22758.171    100 45716.343    45750.755    46169.721
254  VT+F+R4       22727.227    102 45658.453    45694.371    46120.900
255  VT+F+R5       22721.428    104 45650.855    45688.317    46122.369
261  LG            24101.879    77  48357.757    48377.449    48706.859
262  LG+I          23623.312    78  47402.624    47422.860    47756.260
263  LG+G4         22506.332    78  45168.664    45188.901    45522.300
264  LG+I+G4       22499.156    79  45156.312    45177.102    45514.481
265  LG+R2         22756.829    79  45671.659    45692.448    46029.828
266  LG+R3         22518.827    81  45199.655    45221.575    45566.891
267  LG+R4         22478.095    83  45122.189    45145.275    45498.494
268  LG+R5         22466.498    85  45102.995    45127.281    45488.367
269  LG+R6         22465.745    87  45105.490    45131.010    45499.930
274  LG+F          24059.228    96  48310.457    48341.969    48745.700
275  LG+F+I        23564.939    97  47323.878    47356.102    47763.656
276  LG+F+G4       22443.628    97  45081.256    45113.479    45521.033
277  LG+F+I+G4     22436.593    98  45069.186    45102.130    45513.497
278  LG+F+R2       22696.664    98  45589.327    45622.271    46033.639
279  LG+F+R3       22458.682    100 45117.364    45151.776    45570.743
280  LG+F+R4       22418.381    102 45040.762    45076.680    45503.209
281  LG+F+R5       22404.163    104 45016.326    45053.788    45487.840
282  LG+F+R6       22403.248    106 45018.497    45057.540    45499.078
287  DCMut         24358.694    77  48871.388    48891.080    49220.490
288  DCMut+I       23884.108    78  47924.216    47944.452    48277.852
289  DCMut+G4      22864.303    78  45884.606    45904.843    46238.242
290  DCMut+I+G4    22858.123    79  45874.246    45895.036    46232.415
291  DCMut+R2      23107.559    79  46373.117    46393.907    46731.287
292  DCMut+R3      22884.469    81  45930.937    45952.858    46298.174
293  DCMut+R4      22850.456    83  45866.912    45889.998    46243.216
294  DCMut+R5      22839.539    85  45849.078    45873.363    46234.450
295  DCMut+R6      22839.137    87  45852.274    45877.794    46246.714
300  DCMut+F       24188.278    96  48568.556    48600.069    49003.800
301  DCMut+F+I     23694.132    97  47582.263    47614.487    48022.041
302  DCMut+F+G4    22628.947    97  45451.895    45484.119    45891.673
303  DCMut+F+I+G4  22623.589    98  45443.179    45476.122    45887.490
304  DCMut+F+R2    22887.698    98  45971.396    46004.340    46415.708
305  DCMut+F+R3    22652.965    100 45505.931    45540.343    45959.310
306  DCMut+F+R4    22613.900    102 45431.800    45467.718    45894.246
307  DCMut+F+R5    22601.701    104 45411.402    45448.864    45882.917
308  DCMut+F+R6    22601.687    106 45415.375    45454.418    45895.956
313  PMB           24483.879    77  49121.757    49141.449    49470.859
314  PMB+I         23999.290    78  48154.581    48174.817    48508.216
315  PMB+G4        23056.979    78  46269.958    46290.195    46623.594
316  PMB+I+G4      23048.592    79  46255.185    46275.974    46613.354
317  PMB+R2        23257.940    79  46673.881    46694.670    47032.050
318  PMB+R3        23067.598    81  46297.196    46319.117    46664.433
319  PMB+R4        23034.026    83  46234.053    46257.139    46610.357
320  PMB+R5        23030.773    85  46231.546    46255.832    46616.918
326  PMB+F         24428.500    96  49049.001    49080.513    49484.244
327  PMB+F+I       23932.887    97  48059.773    48091.997    48499.551
328  PMB+F+G4      22974.563    97  46143.126    46175.349    46582.903
329  PMB+F+I+G4    22966.667    98  46129.335    46162.279    46573.646
330  PMB+F+R2      23177.646    98  46551.293    46584.237    46995.604
331  PMB+F+R3      22987.412    100 46174.823    46209.235    46628.202
332  PMB+F+R4      22953.188    102 46110.377    46146.295    46572.823
333  PMB+F+R5      22948.857    104 46105.715    46143.176    46577.229
339  HIVb          25041.201    77  50236.403    50256.094    50585.504
340  HIVb+I        24414.658    78  48985.316    49005.552    49338.952
341  HIVb+G4       23078.372    78  46312.744    46332.980    46666.379
342  HIVb+I+G4     23065.978    79  46289.955    46310.745    46648.125
343  HIVb+R2       23462.526    79  47083.052    47103.842    47441.221
344  HIVb+R3       23115.109    81  46392.217    46414.138    46759.454
345  HIVb+R4       23046.567    83  46259.134    46282.220    46635.438
346  HIVb+R5       23027.219    85  46224.439    46248.724    46609.811
347  HIVb+R6       23027.205    87  46228.410    46253.930    46622.849
352  HIVb+F        24850.046    96  49892.091    49923.604    50327.335
353  HIVb+F+I      24197.102    97  48588.204    48620.428    49027.982
354  HIVb+F+G4     22879.059    97  45952.118    45984.342    46391.896
355  HIVb+F+I+G4   22863.043    98  45922.087    45955.031    46366.398
356  HIVb+F+R2     23270.379    98  46736.759    46769.702    47181.070
357  HIVb+F+R3     22913.896    100 46027.791    46062.203    46481.170
358  HIVb+F+R4     22847.773    102 45899.547    45935.465    46361.993
359  HIVb+F+R5     22824.852    104 45857.704    45895.165    46329.218
360  HIVb+F+R6     22824.793    106 45861.586    45900.629    46342.168
365  HIVw          25965.497    77  52084.994    52104.686    52434.096
366  HIVw+I        25327.176    78  50810.351    50830.588    51163.987
367  HIVw+G4       23899.947    78  47955.893    47976.130    48309.529
368  HIVw+I+G4     23886.073    79  47930.146    47950.936    48288.315
369  HIVw+R2       24267.999    79  48693.999    48714.788    49052.168
370  HIVw+R3       23948.672    81  48059.345    48081.266    48426.582
371  HIVw+R4       23868.979    83  47903.958    47927.044    48280.262
372  HIVw+R5       23849.771    85  47869.541    47893.827    48254.913
373  HIVw+R6       23849.689    87  47873.377    47898.897    48267.817
378  HIVw+F        25676.286    96  51544.572    51576.085    51979.816
379  HIVw+F+I      25000.285    97  50194.569    50226.793    50634.347
380  HIVw+F+G4     23576.931    97  47347.862    47380.086    47787.640
381  HIVw+F+I+G4   23567.764    98  47331.528    47364.472    47775.839
382  HIVw+F+R2     23976.786    98  48149.572    48182.516    48593.884
383  HIVw+F+R3     23623.149    100 47446.299    47480.711    47899.678
384  HIVw+F+R4     23554.472    102 47312.943    47348.861    47775.390
385  HIVw+F+R5     23533.578    104 47275.157    47312.618    47746.671
386  HIVw+F+R6     23533.494    106 47278.988    47318.031    47759.570
391  JTTDCMut      24250.852    77  48655.704    48675.396    49004.806
392  JTTDCMut+I    23757.382    78  47670.765    47691.001    48024.400
393  JTTDCMut+G4   22726.553    78  45609.107    45629.343    45962.742
394  JTTDCMut+I+G4 22719.907    79  45597.814    45618.603    45955.983
395  JTTDCMut+R2   22979.805    79  46117.611    46138.400    46475.780
396  JTTDCMut+R3   22743.609    81  45649.217    45671.138    46016.454
397  JTTDCMut+R4   22704.086    83  45574.171    45597.257    45950.476
398  JTTDCMut+R5   22694.697    85  45559.394    45583.680    45944.766
399  JTTDCMut+R6   22694.623    87  45563.246    45588.766    45957.686
404  JTTDCMut+F    24118.144    96  48428.287    48459.800    48863.531
405  JTTDCMut+F+I  23608.686    97  47411.373    47443.597    47851.150
406  JTTDCMut+F+G4 22558.141    97  45310.283    45342.506    45750.060
407  JTTDCMut+F+I+G4 22552.067    98  45300.135    45333.079    45744.446
408  JTTDCMut+F+R2 22818.033    98  45832.066    45865.010    46276.377
409  JTTDCMut+F+R3 22575.808    100 45351.616    45386.029    45804.995
410  JTTDCMut+F+R4 22539.017    102 45282.033    45317.951    45744.480
411  JTTDCMut+F+R5 22526.945    104 45261.890    45299.351    45733.404
412  JTTDCMut+F+R6 22526.897    106 45265.794    45304.837    45746.376
417  FLU           24787.202    77  49728.405    49748.097    50077.506
418  FLU+I         24227.426    78  48610.852    48631.088    48964.488
419  FLU+G4        22900.054    78  45956.108    45976.345    46309.744
420  FLU+I+G4      22891.251    79  45940.501    45961.291    46298.671
421  FLU+R2        23235.744    79  46629.489    46650.278    46987.658
422  FLU+R3        22941.166    81  46044.332    46066.253    46411.569
423  FLU+R4        22871.167    83  45908.334    45931.420    46284.638
424  FLU+R5        22856.971    85  45883.943    45908.228    46269.315
425  FLU+R6        22856.930    87  45887.860    45913.380    46282.299
430  FLU+F         24762.119    96  49716.237    49747.750    50151.481
431  FLU+F+I       24171.899    97  48537.797    48570.021    48977.575
432  FLU+F+G4      22812.006    97  45818.012    45850.235    46257.789
433  FLU+F+I+G4    22804.513    98  45805.026    45837.970    46249.337
434  FLU+F+R2      23159.335    98  46514.671    46547.615    46958.982
435  FLU+F+R3      22856.205    100 45912.410    45946.822    46365.788
436  FLU+F+R4      22785.507    102 45775.015    45810.933    46237.461
437  FLU+F+R5      22767.649    104 45743.297    45780.759    46214.811
438  FLU+F+R6      22767.596    106 45747.191    45786.234    46227.773
443  Blosum62      24438.846    77  49031.691    49051.383    49380.793
444  Blosum62+I    23970.645    78  48097.291    48117.527    48450.926
445  Blosum62+G4   22997.897    78  46151.794    46172.031    46505.430
446  Blosum62+I+G4 22990.917    79  46139.834    46160.624    46498.004
447  Blosum62+R2   23194.929    79  46547.858    46568.647    46906.027
448  Blosum62+R3   23010.817    81  46183.634    46205.554    46550.871
449  Blosum62+R4   22976.362    83  46118.723    46141.809    46495.028
450  Blosum62+R5   22972.486    85  46114.973    46139.259    46500.345
456  Blosum62+F    24429.666    96  49051.331    49082.844    49486.575
457  Blosum62+F+I  23949.057    97  48092.115    48124.338    48531.892
458  Blosum62+F+G4 22965.554    97  46125.109    46157.332    46564.886
459  Blosum62+F+I+G4 22958.839    98  46113.679    46146.623    46557.990
460  Blosum62+F+R2 23165.750    98  46527.500    46560.444    46971.811
461  Blosum62+F+R3 22979.953    100 46159.905    46194.318    46613.284
462  Blosum62+F+R4 22945.622    102 46095.243    46131.161    46557.690
463  Blosum62+F+R5 22940.386    104 46088.772    46126.233    46560.286
469  mtMet         25616.314    77  51386.628    51406.320    51735.730
470  mtMet+I       25140.949    78  50437.898    50458.135    50791.534
471  mtMet+G4      23625.935    78  47407.871    47428.107    47761.506
472  mtMet+I+G4    23617.082    79  47392.163    47412.953    47750.333
473  mtMet+R2      23953.144    79  48064.288    48085.078    48422.458
474  mtMet+R3      23658.835    81  47479.669    47501.590    47846.906
475  mtMet+R4      23590.922    83  47347.844    47370.930    47724.149
476  mtMet+R5      23582.924    85  47335.847    47360.133    47721.219
477  mtMet+R6      23579.820    87  47333.639    47359.159    47728.079
482  mtMet+F       24607.164    96  49406.328    49437.841    49841.572
483  mtMet+F+I     24129.239    97  48452.479    48484.702    48892.256
484  mtMet+F+G4    22894.427    97  45982.853    46015.077    46422.631
485  mtMet+F+I+G4  22886.471    98  45968.941    46001.885    46413.253
486  mtMet+F+R2    23191.507    98  46579.014    46611.958    47023.326
487  mtMet+F+R3    22913.594    100 46027.188    46061.600    46480.567
488  mtMet+F+R4    22862.574    102 45929.148    45965.066    46391.594
489  mtMet+F+R5    22844.623    104 45897.246    45934.707    46368.760
490  mtMet+F+R6    22844.529    106 45901.057    45940.100    46381.639
495  mtVer         26129.633    77  52413.266    52432.957    52762.367
496  mtVer+I       25664.632    78  51485.265    51505.501    51838.900
497  mtVer+G4      23948.570    78  48053.139    48073.376    48406.775
498  mtVer+I+G4    23940.719    79  48039.437    48060.227    48397.607
499  mtVer+R2      24307.873    79  48773.746    48794.535    49131.915
500  mtVer+R3      23995.674    81  48153.349    48175.269    48520.585
501  mtVer+R4      23912.768    83  47991.537    48014.623    48367.841
502  mtVer+R5      23903.193    85  47976.386    48000.672    48361.758
503  mtVer+R6      23903.124    87  47980.249    48005.769    48374.688
508  mtVer+F       25103.430    96  50398.859    50430.372    50834.103
509  mtVer+F+I     24591.072    97  49376.144    49408.368    49815.922
510  mtVer+F+G4    23200.055    97  46594.110    46626.334    47033.888
511  mtVer+F+I+G4  23192.297    98  46580.593    46613.537    47024.904
512  mtVer+F+R2    23548.569    98  47293.138    47326.082    47737.449
513  mtVer+F+R3    23231.162    100 46662.324    46696.736    47115.702
514  mtVer+F+R4    23175.629    102 46555.258    46591.176    47017.705
515  mtVer+F+R5    23153.788    104 46515.576    46553.038    46987.090
516  mtVer+F+R6    23151.920    106 46515.839    46554.882    46996.421
521  mtInv         25498.065    77  51150.130    51169.821    51499.231
522  mtInv+I       25007.624    78  50171.249    50191.485    50524.884
523  mtInv+G4      23648.272    78  47452.544    47472.781    47806.180
524  mtInv+I+G4    23639.370    79  47436.741    47457.530    47794.910
525  mtInv+R2      23953.843    79  48065.685    48086.475    48423.855
526  mtInv+R3      23674.745    81  47511.490    47533.411    47878.727
527  mtInv+R4      23617.488    83  47400.975    47424.062    47777.280
528  mtInv+R5      23604.625    85  47379.250    47403.536    47764.622
529  mtInv+R6      23603.610    87  47381.220    47406.740    47775.660
534  mtInv+F       24366.131    96  48924.263    48955.776    49359.507
535  mtInv+F+I     23892.441    97  47978.882    48011.106    48418.659
536  mtInv+F+G4    22761.808    97  45717.616    45749.839    46157.393
537  mtInv+F+I+G4  22755.798    98  45707.597    45740.541    46151.908
538  mtInv+F+R2    23024.712    98  46245.424    46278.368    46689.735
539  mtInv+F+R3    22777.560    100 45755.120    45789.532    46208.499
540  mtInv+F+R4    22734.605    102 45673.210    45709.128    46135.657
541  mtInv+F+R5    22717.866    104 45643.732    45681.194    46115.247
542  mtInv+F+R6    22717.810    106 45647.620    45686.663    46128.201
Akaike Information Criterion:           LG+F+R5
Corrected Akaike Information Criterion: LG+F+R5
Bayesian Information Criterion:         LG+F+R5
Best-fit model: LG+F+R5 chosen according to BIC

All model information printed to test//aln_seqs/EOG09340K7B.aln.model.gz
CPU time for ModelFinder: 1384.550 seconds (0h:23m:4s)
Wall-clock time for ModelFinder: 16615.104 seconds (4h:36m:55s)
Generating 1000 samples for ultrafast bootstrap (seed: 399880)...

NOTE: 21 MB RAM (0 GB) is required!
Estimate model parameters (epsilon = 0.100)
1. Initial log-likelihood: -22477.456
2. Current log-likelihood: -22437.979
3. Current log-likelihood: -22420.736
4. Current log-likelihood: -22414.328
5. Current log-likelihood: -22411.062
6. Current log-likelihood: -22408.995
7. Current log-likelihood: -22407.575
8. Current log-likelihood: -22406.677
9. Current log-likelihood: -22406.005
10. Current log-likelihood: -22405.580
11. Current log-likelihood: -22405.238
12. Current log-likelihood: -22404.963
13. Current log-likelihood: -22404.741
14. Current log-likelihood: -22404.561
15. Current log-likelihood: -22404.414
16. Current log-likelihood: -22404.296
Optimal log-likelihood: -22404.165
Site proportion and rates:  (0.215,0.045) (0.295,0.294) (0.267,0.965) (0.148,2.122) (0.075,4.421)
Parameters optimization took 16 rounds (60.747 sec)
Computing ML distances based on estimated model parameters... 0.518 sec
Computing BIONJ tree...
0.018 seconds
Log-likelihood of BIONJ tree: -22377.313
--------------------------------------------------------------------
|             INITIALIZING CANDIDATE TREE SET                      |
--------------------------------------------------------------------
Generating 98 parsimony trees... 3.456 second
Computing log-likelihood of 98 initial trees ... 50.487 seconds
Current best score: -22363.832

Do NNI search on 20 best initial trees
Estimate model parameters (epsilon = 0.100)
BETTER TREE FOUND at iteration 1: -22343.294
Estimate model parameters (epsilon = 0.100)
BETTER TREE FOUND at iteration 2: -22335.477
BETTER TREE FOUND at iteration 5: -22335.474
Estimate model parameters (epsilon = 0.100)
BETTER TREE FOUND at iteration 9: -22334.941
Iteration 10 / LogL: -22355.440 / Time: 0h:2m:58s
Estimate model parameters (epsilon = 0.100)
BETTER TREE FOUND at iteration 12: -22332.298
Iteration 20 / LogL: -22361.330 / Time: 0h:4m:19s
Finish initializing candidate tree set (18)
Current best tree score: -22332.298 / CPU time: 191.857
Number of iterations: 20
--------------------------------------------------------------------
|               OPTIMIZING CANDIDATE TREE SET                      |
--------------------------------------------------------------------
Estimate model parameters (epsilon = 0.100)
BETTER TREE FOUND at iteration 22: -22332.212
UPDATE BEST LOG-LIKELIHOOD: -22332.210
Iteration 30 / LogL: -22335.223 / Time: 0h:5m:13s (0h:16m:35s left)
Iteration 40 / LogL: -22335.322 / Time: 0h:5m:39s (0h:11m:54s left)
Iteration 50 / LogL: -22332.256 / Time: 0h:6m:28s (0h:9m:31s left)
Log-likelihood cutoff on original alignment: -22381.590
Iteration 60 / LogL: -22332.345 / Time: 0h:7m:19s (0h:7m:41s left)
Iteration 70 / LogL: -22332.340 / Time: 0h:8m:18s (0h:6m:15s left)
Iteration 80 / LogL: -22332.259 / Time: 0h:9m:7s (0h:4m:50s left)
Iteration 90 / LogL: -22346.636 / Time: 0h:9m:45s (0h:3m:30s left)
Iteration 100 / LogL: -22332.308 / Time: 0h:10m:28s (0h:2m:19s left)
Log-likelihood cutoff on original alignment: -22382.309
NOTE: Bootstrap correlation coefficient of split occurrence frequencies: 0.999
Iteration 110 / LogL: -22334.845 / Time: 0h:11m:8s (0h:9m:11s left)
Iteration 120 / LogL: -22332.264 / Time: 0h:11m:47s (0h:7m:55s left)
TREE SEARCH COMPLETED AFTER 123 ITERATIONS / Time: 0h:11m:56s

--------------------------------------------------------------------
|                    FINALIZING TREE SEARCH                        |
--------------------------------------------------------------------
Performs final model parameters optimization
Estimate model parameters (epsilon = 0.010)
1. Initial log-likelihood: -22332.210
2. Current log-likelihood: -22332.190
3. Current log-likelihood: -22332.179
Optimal log-likelihood: -22332.166
Site proportion and rates:  (0.210,0.043) (0.305,0.294) (0.271,0.984) (0.151,2.191) (0.064,4.741)
Parameters optimization took 3 rounds (4.290 sec)
BEST SCORE FOUND : -22332.166
Creating bootstrap support values...
Split supports printed to NEXUS file test//aln_seqs/EOG09340K7B.aln.splits.nex
Total tree length: 11.065

Total number of iterations: 123
CPU time used for tree search: 467.386 sec (0h:7m:47s)
Wall-clock time used for tree search: 648.704 sec (0h:10m:48s)
Total CPU time used: 505.481 sec (0h:8m:25s)
Total wall-clock time used: 721.050 sec (0h:12m:1s)

Computing bootstrap consensus tree...
Reading input file test//aln_seqs/EOG09340K7B.aln.splits.nex...
40 taxa and 269 splits.
Consensus tree written to test//aln_seqs/EOG09340K7B.aln.contree
Reading input trees file test//aln_seqs/EOG09340K7B.aln.contree
Log-likelihood of consensus tree: -22333.600

Analysis results written to: 
  IQ-TREE report:                test//aln_seqs/EOG09340K7B.aln.iqtree
  Maximum-likelihood tree:       test//aln_seqs/EOG09340K7B.aln.treefile
  Likelihood distances:          test//aln_seqs/EOG09340K7B.aln.mldist

Ultrafast bootstrap approximation results written to:
  Split support values:          test//aln_seqs/EOG09340K7B.aln.splits.nex
  Consensus tree:                test//aln_seqs/EOG09340K7B.aln.contree
  Screen log file:               test//aln_seqs/EOG09340K7B.aln.log

Date and Time: Tue Feb 19 14:49:51 2019
