IQ-TREE multicore version 1.6.8 for Linux 64-bit built Oct 28 2018
Developed by Bui Quang Minh, Nguyen Lam Tung, Olga Chernomor,
Heiko Schmidt, Dominik Schrempf, Michael Woodhams.

Host:    sango40410.oist.jp (AVX2, FMA3, 503 GB RAM)
Command: iqtree -s test//aln_seqs/EOG09341V2D.aln -bb 1000 -redo -nt 3 -m MFP
Seed:    81948 (Using SPRNG - Scalable Parallel Random Number Generator)
Time:    Tue Feb 19 09:54:51 2019
Kernel:  AVX+FMA - 3 threads (24 CPU cores detected)

Reading alignment file test//aln_seqs/EOG09341V2D.aln ... Fasta format detected
Alignment most likely contains protein sequences
Alignment has 40 sequences with 435 columns, 319 distinct patterns
201 parsimony-informative, 103 singleton sites, 131 constant sites
                                             Gap/Ambiguity  Composition  p-value
   1  Candida_glabrata                               0.92%    passed    100.00%
   2  Kazachstania_africana                          0.92%    passed    100.00%
   3  Kazachstania_naganishii                        0.00%    passed     99.59%
   4  Nakaseomyces_bacillisporus                     0.92%    passed    100.00%
   5  Nakaseomyces_bracarensis                       0.92%    passed    100.00%
   6  Nakaseomyces_castellii                         2.07%    passed     30.06%
   7  Nakaseomyces_delphensis                        0.92%    passed     99.98%
   8  Nakaseomyces_nivariensis                       0.92%    passed    100.00%
   9  Naumovozyma_castellii                          0.92%    passed     99.98%
  10  Naumovozyma_dairenensis                        0.92%    passed    100.00%
  11  Neurospora_crassa                              6.90%    passed     49.43%
  12  Saccharomyces_arboricola                       0.92%    passed    100.00%
  13  Saccharomyces_cerevisiae                       0.92%    passed     99.98%
  14  Saccharomyces_eubayanus                        1.15%    passed    100.00%
  15  Saccharomyces_kudriavzevii                     0.92%    passed    100.00%
  16  Saccharomyces_mikatae                          0.92%    passed    100.00%
  17  Saccharomyces_paradoxus                        0.92%    passed    100.00%
  18  Saccharomyces_uvarum                           0.92%    passed     99.97%
  19  Tetrapisispora_blattae                         0.92%    passed     99.96%
  20  Tetrapisispora_phaffii                         0.92%    passed     99.94%
  21  Vanderwaltozyma_polyspora                      0.92%    passed    100.00%
  22  yHAB132_Kazachstania_martiniae                 0.92%    passed     99.65%
  23  yHAB133_Kazachstania_unispora                  0.92%    passed     99.99%
  24  yHAB134_Kazachstania_turicensis                1.15%    passed     99.97%
  25  yHAB136_Kazachstania_bromeliacearum            0.92%    passed    100.00%
  26  yHAB143_Kazachstania_siamensis                 0.92%    passed    100.00%
  27  yHAB147_Kazachstania_taianensis                0.92%    passed     37.04%
  28  yHAB148_Kazachstania_intestinalis              1.38%    passed     98.98%
  29  yHAB153_Kazachstania_rosinii                   0.92%    passed     99.74%
  30  yHAB154_Kazachstania_transvaalensis            0.92%    passed     99.83%
  31  yHAB155_Kazachstania_spencerorum               1.38%    passed     99.94%
  32  yHAB158_Kazachstania_viticola                  0.92%    passed     31.46%
  33  yHAB159_Kazachstania_solicola                  0.92%    passed     99.91%
  34  yHAB160_Kazachstania_kunashirensis             0.92%    passed     99.64%
  35  yHAB164_Kazachstania_aerobia                   0.92%    passed     99.90%
  36  yHAB166_Kazachstania_yakushimaensis            0.92%    passed     99.61%
  37  yHMPu5000034875_Tetrapisispora_fleetii         0.92%    passed     99.60%
  38  yHMPu5000034876_Tetrapisispora_iriomotensis    0.92%    passed    100.00%
  39  yHMPu5000034877_Tetrapisispora_namnaonensis    0.92%    passed     99.93%
  40  yHMPu5000035629_Yueomyces_sinensis             0.92%    passed     99.89%
****  TOTAL                                          1.11%  0 sequences failed composition chi2 test (p-value<5%; df=19)


Create initial parsimony tree by phylogenetic likelihood library (PLL)... 0.179 seconds
NOTE: ModelFinder requires 22 MB RAM!
ModelFinder will test 546 protein models (sample size: 435) ...
 No. Model         -LnL         df  AIC          AICc         BIC
  1  Dayhoff       10819.429    77  21792.858    21826.505    22106.659
  2  Dayhoff+I     10476.082    78  21108.164    21142.782    21426.041
  3  Dayhoff+G4    9975.751     78  20107.503    20142.121    20425.380
  4  Dayhoff+I+G4  9975.160     79  20108.320    20143.925    20430.272
  5  Dayhoff+R2    10039.916    79  20237.832    20273.438    20559.784
  6  Dayhoff+R3    9973.466     81  20108.932    20146.564    20439.035
  7  Dayhoff+R4    9973.450     83  20112.900    20152.626    20451.153
 14  Dayhoff+F     10764.156    96  21720.312    21775.412    22111.545
 15  Dayhoff+F+I   10419.492    97  21032.985    21089.400    21428.293
 16  Dayhoff+F+G4  9903.519     97  20001.037    20057.453    20396.346
 17  Dayhoff+F+I+G4 9902.898     98  20001.797    20059.547    20401.181
 18  Dayhoff+F+R2  9970.203     98  20136.405    20194.155    20535.789
 19  Dayhoff+F+R3  9900.826     100 20001.652    20062.131    20409.187
 20  Dayhoff+F+R4  9900.821     102 20005.643    20068.932    20421.328
 27  mtMAM         12453.704    77  25061.408    25095.055    25375.210
 28  mtMAM+I       12008.989    78  24173.977    24208.595    24491.854
 29  mtMAM+G4      10873.272    78  21902.545    21937.163    22220.422
 30  mtMAM+I+G4    10863.185    79  21884.370    21919.976    22206.323
 31  mtMAM+R2      11102.532    79  22363.063    22398.669    22685.016
 32  mtMAM+R3      10922.829    81  22007.657    22045.289    22337.760
 33  mtMAM+R4      10922.828    83  22011.656    22051.382    22349.909
 40  mtMAM+F       11714.367    96  23620.734    23675.834    24011.967
 41  mtMAM+F+I     11302.173    97  22798.346    22854.761    23193.654
 42  mtMAM+F+G4    10427.248    97  21048.496    21104.911    21443.804
 43  mtMAM+F+I+G4  10421.251    98  21038.502    21096.252    21437.886
 44  mtMAM+F+R2    10575.712    98  21347.423    21405.173    21746.807
 45  mtMAM+F+R3    10446.926    100 21093.852    21154.331    21501.386
 46  mtMAM+F+R4    10446.925    102 21097.851    21161.140    21513.536
 53  JTT           10858.763    77  21871.526    21905.173    22185.328
 54  JTT+I         10502.669    78  21161.338    21195.956    21479.215
 55  JTT+G4        9995.592     78  20147.185    20181.803    20465.062
 56  JTT+I+G4      9994.308     79  20146.617    20182.222    20468.569
 57  JTT+R2        10058.475    79  20274.950    20310.555    20596.902
 58  JTT+R3        9992.445     81  20146.890    20184.521    20476.993
 59  JTT+R4        9992.440     83  20150.881    20190.607    20489.135
 66  JTT+F         10796.610    96  21785.221    21840.321    22176.454
 67  JTT+F+I       10440.894    97  21075.788    21132.204    21471.097
 68  JTT+F+G4      9938.802     97  20071.604    20128.019    20466.912
 69  JTT+F+I+G4    9937.365     98  20070.730    20128.480    20470.114
 70  JTT+F+R2      9999.957     98  20195.913    20253.663    20595.297
 71  JTT+F+R3      9935.373     100 20070.746    20131.225    20478.281
 72  JTT+F+R4      9935.363     102 20074.727    20138.016    20490.412
 79  WAG           10680.497    77  21514.994    21548.641    21828.796
 80  WAG+I         10355.130    78  20866.260    20900.878    21184.137
 81  WAG+G4        9899.667     78  19955.335    19989.953    20273.212
 82  WAG+I+G4      9899.797     79  19957.595    19993.200    20279.547
 83  WAG+R2        9955.601     79  20069.203    20104.808    20391.155
 84  WAG+R3        9895.124     81  19952.248    19989.880    20282.351
 85  WAG+R4        9895.110     83  19956.220    19995.947    20294.474
 92  WAG+F         10644.565    96  21481.130    21536.230    21872.363
 93  WAG+F+I       10321.584    97  20837.169    20893.584    21232.478
 94  WAG+F+G4      9860.685     97  19915.369    19971.785    20310.678
 95  WAG+F+I+G4    9861.085     98  19918.170    19975.920    20317.554
 96  WAG+F+R2      9916.785     98  20029.569    20087.319    20428.953
 97  WAG+F+R3      9857.338     100 19914.677    19975.156    20322.211
 98  WAG+F+R4      9857.333     102 19918.665    19981.954    20334.350
105  cpREV         10840.427    77  21834.854    21868.501    22148.655
106  cpREV+I       10506.739    78  21169.478    21204.096    21487.355
107  cpREV+G4      10021.667    78  20199.333    20233.951    20517.210
108  cpREV+I+G4    10019.915    79  20197.830    20233.436    20519.782
109  cpREV+R2      10091.774    79  20341.547    20377.153    20663.499
110  cpREV+R3      10016.674    81  20195.349    20232.981    20525.452
111  cpREV+R4      10016.674    83  20199.347    20239.074    20537.601
118  cpREV+F       10816.664    96  21825.328    21880.429    22216.561
119  cpREV+F+I     10484.360    97  21162.721    21219.136    21558.029
120  cpREV+F+G4    9989.318     97  20172.635    20229.051    20567.944
121  cpREV+F+I+G4  9987.938     98  20171.876    20229.626    20571.260
122  cpREV+F+R2    10063.803    98  20323.607    20381.357    20722.991
123  cpREV+F+R3    9986.319     100 20172.638    20233.117    20580.173
124  cpREV+F+R4    9986.319     102 20176.638    20239.927    20592.323
131  mtREV         11741.179    77  23636.358    23670.005    23950.160
132  mtREV+I       11371.851    78  22899.701    22934.319    23217.578
133  mtREV+G4      10624.020    78  21404.041    21438.659    21721.918
134  mtREV+I+G4    10619.518    79  21397.036    21432.641    21718.988
135  mtREV+R2      10749.097    79  21656.194    21691.800    21978.146
136  mtREV+R3      10633.206    81  21428.411    21466.043    21758.514
137  mtREV+R4      10633.205    83  21432.410    21472.136    21770.664
144  mtREV+F       11140.681    96  22473.362    22528.463    22864.595
145  mtREV+F+I     10793.184    97  21780.367    21836.782    22175.676
146  mtREV+F+G4    10180.242    97  20554.484    20610.900    20949.793
147  mtREV+F+I+G4  10177.443    98  20550.885    20608.635    20950.269
148  mtREV+F+R2    10270.277    98  20736.555    20794.305    21135.939
149  mtREV+F+R3    10182.225    100 20564.450    20624.929    20971.984
150  mtREV+F+R4    10182.224    102 20568.449    20631.738    20984.134
157  rtREV         10809.573    77  21773.146    21806.793    22086.948
158  rtREV+I       10448.132    78  21052.265    21086.883    21370.142
159  rtREV+G4      9924.971     78  20005.942    20040.560    20323.819
160  rtREV+I+G4    9924.332     79  20006.665    20042.271    20328.617
161  rtREV+R2      9996.619     79  20151.238    20186.844    20473.190
162  rtREV+R3      9922.116     81  20006.231    20043.863    20336.334
163  rtREV+R4      9922.088     83  20010.176    20049.902    20348.430
170  rtREV+F       10753.264    96  21698.527    21753.628    22089.760
171  rtREV+F+I     10401.275    97  20996.550    21052.966    21391.859
172  rtREV+F+G4    9884.299     97  19962.598    20019.013    20357.906
173  rtREV+F+I+G4  9884.086     98  19964.172    20021.922    20363.556
174  rtREV+F+R2    9950.949     98  20097.897    20155.647    20497.281
175  rtREV+F+R3    9880.961     100 19961.922    20022.401    20369.456
176  rtREV+F+R4    9880.955     102 19965.910    20029.199    20381.595
183  mtART         12200.870    77  24555.739    24589.386    24869.541
184  mtART+I       11726.141    78  23608.282    23642.900    23926.159
185  mtART+G4      10677.562    78  21511.123    21545.741    21829.000
186  mtART+I+G4    10667.192    79  21492.385    21527.990    21814.337
187  mtART+R2      10874.439    79  21906.879    21942.484    22228.831
188  mtART+R3      10705.490    81  21572.979    21610.611    21903.082
189  mtART+R4      10704.651    83  21575.302    21615.028    21913.556
196  mtART+F       11446.577    96  23085.153    23140.254    23476.386
197  mtART+F+I     11020.435    97  22234.871    22291.286    22630.179
198  mtART+F+G4    10207.347    97  20608.694    20665.109    21004.003
199  mtART+F+I+G4  10203.091    98  20602.182    20659.932    21001.566
200  mtART+F+R2    10343.708    98  20883.416    20941.166    21282.800
201  mtART+F+R3    10218.389    100 20636.778    20697.257    21044.312
202  mtART+F+R4    10217.981    102 20639.961    20703.250    21055.646
209  mtZOA         11705.518    77  23565.036    23598.683    23878.838
210  mtZOA+I       11288.262    78  22732.524    22767.142    23050.401
211  mtZOA+G4      10426.435    78  21008.869    21043.487    21326.746
212  mtZOA+I+G4    10419.689    79  20997.379    21032.984    21319.331
213  mtZOA+R2      10558.533    79  21275.067    21310.673    21597.019
214  mtZOA+R3      10436.844    81  21035.688    21073.320    21365.791
215  mtZOA+R4      10436.463    83  21038.927    21078.653    21377.180
222  mtZOA+F       11092.350    96  22376.700    22431.800    22767.933
223  mtZOA+F+I     10710.866    97  21615.731    21672.147    22011.040
224  mtZOA+F+G4    10052.846    97  20299.692    20356.107    20695.000
225  mtZOA+F+I+G4  10051.044    98  20298.087    20355.837    20697.471
226  mtZOA+F+R2    10145.135    98  20486.269    20544.019    20885.653
227  mtZOA+F+R3    10055.621    100 20311.243    20371.722    20718.777
228  mtZOA+F+R4    10055.446    102 20314.892    20378.181    20730.577
235  VT            10757.194    77  21668.388    21702.035    21982.189
236  VT+I          10417.810    78  20991.621    21026.239    21309.498
237  VT+G4         9965.914     78  20087.828    20122.446    20405.705
238  VT+I+G4       9966.044     79  20090.087    20125.693    20412.039
239  VT+R2         10022.536    79  20203.072    20238.678    20525.024
240  VT+R3         9961.547     81  20085.093    20122.725    20415.196
241  VT+R4         9961.547     83  20089.093    20128.820    20427.347
248  VT+F          10712.663    96  21617.325    21672.426    22008.558
249  VT+F+I        10376.621    97  20947.241    21003.657    21342.550
250  VT+F+G4       9929.324     97  20052.647    20109.063    20447.956
251  VT+F+I+G4     9929.580     98  20055.160    20112.910    20454.544
252  VT+F+R2       9985.646     98  20167.292    20225.042    20566.676
253  VT+F+R3       9925.709     100 20051.419    20111.898    20458.953
254  VT+F+R4       9925.709     102 20055.419    20118.708    20471.104
261  LG            10715.622    77  21585.243    21618.890    21899.045
262  LG+I          10362.903    78  20881.806    20916.424    21199.683
263  LG+G4         9841.239     78  19838.478    19873.096    20156.355
264  LG+I+G4       9840.764     79  19839.528    19875.133    20161.480
265  LG+R2         9907.216     79  19972.432    20008.038    20294.385
266  LG+R3         9837.659     81  19837.318    19874.950    20167.421
267  LG+R4         9837.646     83  19841.293    19881.019    20179.546
274  LG+F          10680.638    96  21553.276    21608.376    21944.509
275  LG+F+I        10334.834    97  20863.667    20920.083    21258.976
276  LG+F+G4       9828.484     97  19850.969    19907.384    20246.278
277  LG+F+I+G4     9828.092     98  19852.184    19909.934    20251.568
278  LG+F+R2       9890.766     98  19977.531    20035.281    20376.915
279  LG+F+R3       9825.641     100 19851.282    19911.761    20258.817
280  LG+F+R4       9825.640     102 19855.281    19918.570    20270.966
287  DCMut         10819.855    77  21793.709    21827.356    22107.511
288  DCMut+I       10476.350    78  21108.700    21143.318    21426.577
289  DCMut+G4      9976.565     78  20109.130    20143.748    20427.007
290  DCMut+I+G4    9975.634     79  20109.268    20144.873    20431.220
291  DCMut+R2      10040.428    79  20238.857    20274.463    20560.809
292  DCMut+R3      9974.159     81  20110.318    20147.950    20440.421
293  DCMut+R4      9974.146     83  20114.293    20154.019    20452.546
300  DCMut+F       10763.442    96  21718.884    21773.985    22110.117
301  DCMut+F+I     10418.769    97  21031.537    21087.952    21426.846
302  DCMut+F+G4    9903.728     97  20001.455    20057.870    20396.764
303  DCMut+F+I+G4  9902.878     98  20001.757    20059.507    20401.141
304  DCMut+F+R2    9970.079     98  20136.157    20193.907    20535.541
305  DCMut+F+R3    9900.849     100 20001.698    20062.177    20409.233
306  DCMut+F+R4    9900.844     102 20005.689    20068.978    20421.374
313  PMB           10866.339    77  21886.677    21920.324    22200.479
314  PMB+I         10535.093    78  21226.186    21260.804    21544.063
315  PMB+G4        10077.241    78  20310.482    20345.099    20628.358
316  PMB+I+G4      10077.339    79  20312.678    20348.284    20634.630
317  PMB+R2        10133.920    79  20425.841    20461.447    20747.793
318  PMB+R3        10071.833    81  20305.667    20343.298    20635.770
319  PMB+R4        10071.833    83  20309.666    20349.393    20647.920
326  PMB+F         10769.985    96  21731.969    21787.070    22123.203
327  PMB+F+I       10440.004    97  21074.008    21130.423    21469.316
328  PMB+F+G4      9987.230     97  20168.461    20224.876    20563.769
329  PMB+F+I+G4    9987.552     98  20171.104    20228.854    20570.488
330  PMB+F+R2      10043.159    98  20282.319    20340.069    20681.703
331  PMB+F+R3      9982.844     100 20165.689    20226.168    20573.223
332  PMB+F+R4      9982.842     102 20169.684    20232.973    20585.369
339  HIVb          11402.043    77  22958.085    22991.732    23271.887
340  HIVb+I        10970.520    78  22097.039    22131.657    22414.916
341  HIVb+G4       10301.657    78  20759.314    20793.932    21077.191
342  HIVb+I+G4     10294.653    79  20747.307    20782.913    21069.259
343  HIVb+R2       10419.165    79  20996.330    21031.935    21318.282
344  HIVb+R3       10310.149    81  20782.298    20819.929    21112.401
345  HIVb+R4       10310.148    83  20786.297    20826.023    21124.550
352  HIVb+F        11332.309    96  22856.619    22911.719    23247.852
353  HIVb+F+I      10895.877    97  21985.754    22042.169    22381.062
354  HIVb+F+G4     10230.648    97  20655.296    20711.711    21050.604
355  HIVb+F+I+G4   10224.770    98  20645.541    20703.291    21044.925
356  HIVb+F+R2     10348.731    98  20893.461    20951.211    21292.845
357  HIVb+F+R3     10238.762    100 20677.525    20738.004    21085.059
358  HIVb+F+R4     10238.762    102 20681.525    20744.814    21097.210
365  HIVw          11838.305    77  23830.609    23864.256    24144.411
366  HIVw+I        11389.262    78  22934.523    22969.141    23252.400
367  HIVw+G4       10740.822    78  21637.643    21672.261    21955.520
368  HIVw+I+G4     10734.878    79  21627.756    21663.361    21949.708
369  HIVw+R2       10854.137    79  21866.275    21901.881    22188.227
370  HIVw+R3       10753.727    81  21669.453    21707.085    21999.556
371  HIVw+R4       10753.723    83  21673.446    21713.172    22011.699
378  HIVw+F        11633.418    96  23458.836    23513.937    23850.069
379  HIVw+F+I      11173.078    97  22540.155    22596.571    22935.464
380  HIVw+F+G4     10524.066    97  21242.132    21298.548    21637.441
381  HIVw+F+I+G4   10516.484    98  21228.969    21286.719    21628.353
382  HIVw+F+R2     10638.626    98  21473.253    21531.003    21872.637
383  HIVw+F+R3     10535.151    100 21270.302    21330.781    21677.836
384  HIVw+F+R4     10535.136    102 21274.272    21337.561    21689.957
391  JTTDCMut      10845.533    77  21845.066    21878.713    22158.867
392  JTTDCMut+I    10492.446    78  21140.891    21175.509    21458.768
393  JTTDCMut+G4   9986.657     78  20129.314    20163.932    20447.191
394  JTTDCMut+I+G4 9985.563     79  20129.126    20164.732    20451.078
395  JTTDCMut+R2   10048.978    79  20255.955    20291.561    20577.908
396  JTTDCMut+R3   9983.213     81  20128.426    20166.058    20458.529
397  JTTDCMut+R4   9983.207     83  20132.413    20172.140    20470.667
404  JTTDCMut+F    10786.440    96  21764.881    21819.981    22156.114
405  JTTDCMut+F+I  10433.517    97  21061.035    21117.450    21456.343
406  JTTDCMut+F+G4 9931.573     97  20057.147    20113.562    20452.455
407  JTTDCMut+F+I+G4 9930.310     98  20056.620    20114.370    20456.004
408  JTTDCMut+F+R2 9992.305     98  20180.609    20238.359    20579.993
409  JTTDCMut+F+R3 9927.872     100 20055.743    20116.222    20463.278
410  JTTDCMut+F+R4 9927.866     102 20059.731    20123.020    20475.417
417  FLU           11137.295    77  22428.590    22462.237    22742.392
418  FLU+I         10772.310    78  21700.620    21735.238    22018.497
419  FLU+G4        10165.976    78  20487.951    20522.569    20805.828
420  FLU+I+G4      10163.780    79  20485.560    20521.165    20807.512
421  FLU+R2        10247.396    79  20652.792    20688.398    20974.744
422  FLU+R3        10168.755    81  20499.509    20537.141    20829.612
423  FLU+R4        10168.754    83  20503.508    20543.234    20841.761
430  FLU+F         11018.908    96  22229.816    22284.917    22621.049
431  FLU+F+I       10648.510    97  21491.019    21547.435    21886.328
432  FLU+F+G4      10034.246    97  20262.492    20318.908    20657.801
433  FLU+F+I+G4    10032.160    98  20260.320    20318.070    20659.704
434  FLU+F+R2      10117.521    98  20431.042    20488.792    20830.426
435  FLU+F+R3      10038.224    100 20276.449    20336.928    20683.983
436  FLU+F+R4      10038.224    102 20280.448    20343.738    20696.134
443  Blosum62      10841.444    77  21836.889    21870.536    22150.691
444  Blosum62+I    10513.383    78  21182.766    21217.384    21500.643
445  Blosum62+G4   10053.468    78  20262.936    20297.554    20580.813
446  Blosum62+I+G4 10053.827    79  20265.655    20301.260    20587.607
447  Blosum62+R2   10112.776    79  20383.551    20419.157    20705.504
448  Blosum62+R3   10048.381    81  20258.763    20296.394    20588.866
449  Blosum62+R4   10048.374    83  20262.748    20302.474    20601.001
456  Blosum62+F    10767.719    96  21727.438    21782.538    22118.671
457  Blosum62+F+I  10441.059    97  21076.119    21132.534    21471.427
458  Blosum62+F+G4 9988.080     97  20170.161    20226.576    20565.469
459  Blosum62+F+I+G4 9988.667     98  20173.333    20231.083    20572.717
460  Blosum62+F+R2 10046.600    98  20289.201    20346.951    20688.585
461  Blosum62+F+R3 9984.150     100 20168.300    20228.779    20575.835
462  Blosum62+F+R4 9984.138     102 20172.277    20235.566    20587.962
469  mtMet         11845.404    77  23844.808    23878.455    24158.610
470  mtMet+I       11452.281    78  23060.562    23095.180    23378.439
471  mtMet+G4      10687.911    78  21531.822    21566.440    21849.699
472  mtMet+I+G4    10684.456    79  21526.913    21562.518    21848.865
473  mtMet+R2      10783.059    79  21724.118    21759.724    22046.071
474  mtMet+R3      10694.886    81  21551.771    21589.403    21881.874
475  mtMet+R4      10694.713    83  21555.427    21595.153    21893.681
482  mtMet+F       11165.710    96  22523.420    22578.521    22914.653
483  mtMet+F+I     10792.316    97  21778.632    21835.047    22173.940
484  mtMet+F+G4    10168.162    97  20530.324    20586.740    20925.633
485  mtMet+F+I+G4  10165.885    98  20527.770    20585.520    20927.154
486  mtMet+F+R2    10244.086    98  20684.172    20741.922    21083.556
487  mtMet+F+R3    10170.295    100 20540.589    20601.068    20948.124
488  mtMet+F+R4    10170.129    102 20544.258    20607.547    20959.943
495  mtVer         11996.356    77  24146.713    24180.360    24460.515
496  mtVer+I       11589.520    78  23335.040    23369.658    23652.917
497  mtVer+G4      10743.351    78  21642.702    21677.320    21960.579
498  mtVer+I+G4    10735.523    79  21629.046    21664.652    21950.998
499  mtVer+R2      10856.200    79  21870.400    21906.006    22192.353
500  mtVer+R3      10754.587    81  21671.175    21708.807    22001.278
501  mtVer+R4      10754.190    83  21674.379    21714.106    22012.633
508  mtVer+F       11407.132    96  23006.264    23061.364    23397.497
509  mtVer+F+I     11012.447    97  22218.894    22275.309    22614.203
510  mtVer+F+G4    10330.530    97  20855.060    20911.476    21250.369
511  mtVer+F+I+G4  10326.092    98  20848.184    20905.934    21247.568
512  mtVer+F+R2    10423.330    98  21042.660    21100.410    21442.044
513  mtVer+F+R3    10336.750    100 20873.499    20933.978    21281.034
514  mtVer+F+R4    10336.448    102 20876.895    20940.185    21292.581
521  mtInv         11811.398    77  23776.796    23810.443    24090.597
522  mtInv+I       11419.152    78  22994.305    23028.923    23312.182
523  mtInv+G4      10726.510    78  21609.020    21643.638    21926.897
524  mtInv+I+G4    10723.058    79  21604.115    21639.721    21926.068
525  mtInv+R2      10813.383    79  21784.765    21820.371    22106.718
526  mtInv+R3      10726.282    81  21614.564    21652.196    21944.667
527  mtInv+R4      10726.250    83  21618.501    21658.227    21956.754
534  mtInv+F       11027.645    96  22247.291    22302.392    22638.524
535  mtInv+F+I     10657.362    97  21508.724    21565.140    21904.033
536  mtInv+F+G4    10080.458    97  20354.916    20411.331    20750.224
537  mtInv+F+I+G4  10079.309    98  20354.618    20412.368    20754.002
538  mtInv+F+R2    10155.654    98  20507.307    20565.057    20906.691
539  mtInv+F+R3    10079.042    100 20358.084    20418.563    20765.618
540  mtInv+F+R4    10079.021    102 20362.043    20425.332    20777.728
Akaike Information Criterion:           LG+R3
Corrected Akaike Information Criterion: LG+G4
Bayesian Information Criterion:         LG+G4
Best-fit model: LG+G4 chosen according to BIC

All model information printed to test//aln_seqs/EOG09341V2D.aln.model.gz
CPU time for ModelFinder: 175.616 seconds (0h:2m:55s)
Wall-clock time for ModelFinder: 4092.242 seconds (1h:8m:12s)
Generating 1000 samples for ultrafast bootstrap (seed: 81948)...

NOTE: 9 MB RAM (0 GB) is required!
Estimate model parameters (epsilon = 0.100)
1. Initial log-likelihood: -9917.081
2. Current log-likelihood: -9845.759
3. Current log-likelihood: -9841.319
Optimal log-likelihood: -9841.244
Gamma shape alpha: 0.448
Parameters optimization took 3 rounds (9.876 sec)
Computing ML distances based on estimated model parameters... 0.397 sec
Computing BIONJ tree...
0.202 seconds
Log-likelihood of BIONJ tree: -9848.365
--------------------------------------------------------------------
|             INITIALIZING CANDIDATE TREE SET                      |
--------------------------------------------------------------------
Generating 98 parsimony trees... 73.341 second
Computing log-likelihood of 98 initial trees ... 494.382 seconds
Current best score: -9820.582

Do NNI search on 20 best initial trees
Estimate model parameters (epsilon = 0.100)
BETTER TREE FOUND at iteration 1: -9812.479
Estimate model parameters (epsilon = 0.100)
BETTER TREE FOUND at iteration 5: -9812.211
Estimate model parameters (epsilon = 0.100)
BETTER TREE FOUND at iteration 6: -9807.384
Iteration 10 / LogL: -9812.324 / Time: 0h:16m:39s
Iteration 20 / LogL: -9807.389 / Time: 0h:23m:4s
Finish initializing candidate tree set (13)
Current best tree score: -9807.384 / CPU time: 1356.708
Number of iterations: 20
--------------------------------------------------------------------
|               OPTIMIZING CANDIDATE TREE SET                      |
--------------------------------------------------------------------
Estimate model parameters (epsilon = 0.100)
BETTER TREE FOUND at iteration 26: -9803.447
Estimate model parameters (epsilon = 0.100)
BETTER TREE FOUND at iteration 29: -9803.163
Estimate model parameters (epsilon = 0.100)
BETTER TREE FOUND at iteration 30: -9801.530
Iteration 30 / LogL: -9801.530 / Time: 0h:30m:45s (1h:46m:4s left)
Iteration 40 / LogL: -9803.415 / Time: 0h:34m:41s (1h:20m:2s left)
Iteration 50 / LogL: -9809.520 / Time: 0h:39m:10s (1h:3m:57s left)
Log-likelihood cutoff on original alignment: -9848.391
Estimate model parameters (epsilon = 0.100)
BETTER TREE FOUND at iteration 52: -9801.302
Iteration 60 / LogL: -9805.062 / Time: 0h:45m:6s (1h:10m:19s left)
Iteration 70 / LogL: -9803.829 / Time: 0h:53m:27s (1h:3m:32s left)
Iteration 80 / LogL: -9803.240 / Time: 1h:0m:12s (0h:54m:52s left)
Estimate model parameters (epsilon = 0.100)
UPDATE BEST LOG-LIKELIHOOD: -9801.273
Iteration 90 / LogL: -9801.406 / Time: 1h:7m:36s (0h:47m:5s left)
Iteration 100 / LogL: -9819.489 / Time: 1h:16m:18s (0h:40m:4s left)
Log-likelihood cutoff on original alignment: -9848.391
NOTE: Bootstrap correlation coefficient of split occurrence frequencies: 0.993
Iteration 110 / LogL: -9805.329 / Time: 1h:20m:10s (1h:6m:11s left)
Iteration 120 / LogL: -9819.022 / Time: 1h:23m:32s (0h:56m:9s left)
Iteration 130 / LogL: -9801.308 / Time: 1h:28m:23s (0h:47m:57s left)
Iteration 140 / LogL: -9801.794 / Time: 1h:33m:24s (0h:40m:19s left)
Iteration 150 / LogL: -9806.760 / Time: 1h:36m:12s (0h:32m:17s left)
Log-likelihood cutoff on original alignment: -9848.391
TREE SEARCH COMPLETED AFTER 153 ITERATIONS / Time: 1h:38m:39s

--------------------------------------------------------------------
|                    FINALIZING TREE SEARCH                        |
--------------------------------------------------------------------
Performs final model parameters optimization
Estimate model parameters (epsilon = 0.010)
1. Initial log-likelihood: -9801.273
Optimal log-likelihood: -9801.273
Gamma shape alpha: 0.429
Parameters optimization took 1 rounds (1.782 sec)
BEST SCORE FOUND : -9801.273
Creating bootstrap support values...
Split supports printed to NEXUS file test//aln_seqs/EOG09341V2D.aln.splits.nex
Total tree length: 7.141

Total number of iterations: 153
CPU time used for tree search: 262.817 sec (0h:4m:22s)
Wall-clock time used for tree search: 5891.181 sec (1h:38m:11s)
Total CPU time used: 264.648 sec (0h:4m:24s)
Total wall-clock time used: 5928.503 sec (1h:38m:48s)

Computing bootstrap consensus tree...
Reading input file test//aln_seqs/EOG09341V2D.aln.splits.nex...
40 taxa and 363 splits.
Consensus tree written to test//aln_seqs/EOG09341V2D.aln.contree
Reading input trees file test//aln_seqs/EOG09341V2D.aln.contree
Log-likelihood of consensus tree: -9801.543

Analysis results written to: 
  IQ-TREE report:                test//aln_seqs/EOG09341V2D.aln.iqtree
  Maximum-likelihood tree:       test//aln_seqs/EOG09341V2D.aln.treefile
  Likelihood distances:          test//aln_seqs/EOG09341V2D.aln.mldist

Ultrafast bootstrap approximation results written to:
  Split support values:          test//aln_seqs/EOG09341V2D.aln.splits.nex
  Consensus tree:                test//aln_seqs/EOG09341V2D.aln.contree
  Screen log file:               test//aln_seqs/EOG09341V2D.aln.log

Date and Time: Tue Feb 19 12:42:03 2019
