IQ-TREE multicore version 1.6.8 for Linux 64-bit built Oct 28 2018
Developed by Bui Quang Minh, Nguyen Lam Tung, Olga Chernomor,
Heiko Schmidt, Dominik Schrempf, Michael Woodhams.

Host:    sango40506.oist.jp (AVX2, FMA3, 755 GB RAM)
Command: iqtree -s Yeast_2408_clade2//aln_seqs/OG1762.nt.aln -bb 1000 -redo -nt 3 -spp Yeast_2408_clade2//aln_seqs/OG1762.nt.aln.nex -m MFPMERGE
Seed:    941144 (Using SPRNG - Scalable Parallel Random Number Generator)
Time:    Wed Mar  6 08:43:17 2019
Kernel:  AVX+FMA - 3 threads (36 CPU cores detected)

Reading partition model file Yeast_2408_clade2//aln_seqs/OG1762.nt.aln.nex ...
Reading alignment file Yeast_2408_clade2//aln_seqs/OG1762.nt.aln ... Fasta format detected
Alignment most likely contains DNA/RNA sequences
Alignment has 21 sequences with 1620 columns, 1089 distinct patterns
973 parsimony-informative, 147 singleton sites, 500 constant sites
                                     Gap/Ambiguity  Composition  p-value
   1  Kazachstania_africana                  0.00%    passed     52.25%
   2  Kazachstania_naganishii                0.00%    failed      0.00%
   3  Naumovozyma_castellii                  0.00%    passed     95.24%
   4  Naumovozyma_dairenensis                0.00%    passed     79.66%
   5  Tetrapisispora_blattae                 0.00%    passed      6.99%
   6  yHAB132_Kazachstania_martiniae         0.00%    passed      8.81%
   7  yHAB133_Kazachstania_unispora          0.00%    passed     13.24%
   8  yHAB134_Kazachstania_turicensis        9.81%    passed     22.09%
   9  yHAB136_Kazachstania_bromeliacearum    0.00%    passed     71.49%
  10  yHAB143_Kazachstania_siamensis         0.00%    passed     66.69%
  11  yHAB147_Kazachstania_taianensis        0.00%    failed      0.00%
  12  yHAB148_Kazachstania_intestinalis      0.00%    failed      0.07%
  13  yHAB153_Kazachstania_rosinii           0.00%    failed      0.00%
  14  yHAB154_Kazachstania_transvaalensis    0.00%    passed      7.76%
  15  yHAB155_Kazachstania_spencerorum       0.00%    passed     86.83%
  16  yHAB158_Kazachstania_viticola          0.00%    passed     35.99%
  17  yHAB159_Kazachstania_solicola          0.00%    passed     31.04%
  18  yHAB160_Kazachstania_kunashirensis     0.00%    passed      8.91%
  19  yHAB164_Kazachstania_aerobia           0.37%    passed     19.44%
  20  yHAB166_Kazachstania_yakushimaensis    0.00%    passed      6.23%
  21  yHMPu5000035629_Yueomyces_sinensis     0.74%    passed     13.38%
****  TOTAL                                  0.52%  4 sequences failed composition chi2 test (p-value<5%; df=3)
NOTE: No CharPartition defined, use all CharSets

Loading 3 partitions...
Subset	Type	Seqs	Sites	Infor	Invar	Model	Name
1		21	540	286	185	MFPMERGE	p1
2		21	540	159	312	MFPMERGE	p2
3		21	540	528	3	MFPMERGE	p3
Degree of missing data: 0.000
Info: multi-threading strategy over partitions



Create initial parsimony tree by phylogenetic likelihood library (PLL)... 0.003 seconds
NOTE: ModelFinder requires 12 MB RAM!
Testing GTR+F+G on supermatrix...
GTR+F+G4 / LnL: -22715.122 / df: 48 / AIC: 45526.245 / AICc: 45529.239 / BIC: 45784.973
Selecting individual models for 3 charsets using BIC...
 No. Model        Score       Charset
   1 GTR+F+G4     7432.263    p2
   2 GTR+F+I+G4   12777.605   p1
WARNING: ABNORMAL_TERMINATION_IN_LNSRCH
   3 TN+F+R3      23647.790   p3
Full partition model BIC score: 44172.541 (LnL: -21831.309  df:69)
Merging models to increase model fit (about 7 total partition schemes)...
   4 TIM3+F+G4    44372.948   p1+p2
   5 TPM3u+F+R4   45520.019   p2+p3
   6 GTR+F+R4     44980.562   p1+p3
BEST-FIT PARTITION MODEL: 
  charpartition BIC = GTR+F+I+G4: p1, GTR+F+G4: p2, TN+F+R3: p3;
Agglomerative model selection: (p1,p2,p3)
Partition information was printed to Yeast_2408_clade2//aln_seqs/OG1762.nt.aln.nex.best_scheme.nex
Partition information in Raxml format was printed to Yeast_2408_clade2//aln_seqs/OG1762.nt.aln.nex.best_scheme

All model information printed to Yeast_2408_clade2//aln_seqs/OG1762.nt.aln.nex.model.gz
CPU time for ModelFinder: 132.820 seconds (0h:2m:12s)
Wall-clock time for ModelFinder: 9520.266 seconds (2h:38m:40s)
Generating 1000 samples for ultrafast bootstrap (seed: 941144)...

NOTE: 7 MB RAM (0 GB) is required!
Estimate model parameters (epsilon = 0.100)
Initial log-likelihood: -24382.630
Current log-likelihood at step 1: -22195.273
Current log-likelihood at step 2: -21980.580
Current log-likelihood at step 3: -21900.562
Current log-likelihood at step 4: -21876.224
Current log-likelihood at step 5: -21867.098
Current log-likelihood at step 6: -21861.425
Current log-likelihood at step 7: -21858.533
Current log-likelihood at step 8: -21857.938
Current log-likelihood at step 9: -21857.830
Current log-likelihood at step 10: -21857.779
Partition-specific rates:  0.278 0.108 2.614
Parameters optimization took 9 rounds (73.263 sec)

Computing ML distances based on estimated model parameters... 0.018 sec
Computing BIONJ tree...
0.415 seconds
Log-likelihood of BIONJ tree: -21827.381
--------------------------------------------------------------------
|             INITIALIZING CANDIDATE TREE SET                      |
--------------------------------------------------------------------
Generating 98 parsimony trees... 48.445 second
Computing log-likelihood of 98 initial trees ... 503.753 seconds
Current best score: -21827.381

Do NNI search on 20 best initial trees
Estimate model parameters (epsilon = 0.100)
Initial log-likelihood: -21810.947
Current log-likelihood at step 1: -21801.780
Current log-likelihood at step 2: -21796.693
Current log-likelihood at step 3: -21793.053
Current log-likelihood at step 4: -21790.317
Current log-likelihood at step 5: -21788.267
Current log-likelihood at step 6: -21786.687
Current log-likelihood at step 7: -21785.443
Current log-likelihood at step 8: -21784.441
Current log-likelihood at step 9: -21783.652
Current log-likelihood at step 10: -21782.974
Current log-likelihood at step 11: -21782.365
Current log-likelihood at step 12: -21781.808
Current log-likelihood at step 13: -21781.286
Current log-likelihood at step 14: -21780.790
Current log-likelihood at step 15: -21780.304
Current log-likelihood at step 16: -21779.834
Current log-likelihood at step 17: -21779.367
Current log-likelihood at step 18: -21778.913
Current log-likelihood at step 19: -21778.479
Current log-likelihood at step 20: -21778.063
Current log-likelihood at step 21: -21777.664
Current log-likelihood at step 22: -21777.292
Current log-likelihood at step 23: -21776.941
Current log-likelihood at step 24: -21776.612
Current log-likelihood at step 25: -21776.298
Current log-likelihood at step 26: -21776.004
Current log-likelihood at step 27: -21775.724
Current log-likelihood at step 28: -21775.460
Current log-likelihood at step 29: -21775.210
Current log-likelihood at step 30: -21774.973
Current log-likelihood at step 31: -21774.771
Current log-likelihood at step 32: -21774.586
Current log-likelihood at step 33: -21774.403
Current log-likelihood at step 34: -21774.254
Current log-likelihood at step 35: -21774.114
Current log-likelihood at step 36: -21773.975
Current log-likelihood at step 37: -21773.844
Current log-likelihood at step 38: -21773.714
Current log-likelihood at step 39: -21773.590
Current log-likelihood at step 40: -21773.469
Current log-likelihood at step 41: -21773.355
Current log-likelihood at step 42: -21773.241
Current log-likelihood at step 43: -21773.134
Current log-likelihood at step 44: -21773.027
Current log-likelihood at step 45: -21772.925
Current log-likelihood at step 46: -21772.826
Parameters optimization took 45 rounds (247.475 sec)

BETTER TREE FOUND at iteration 1: -21772.826
Estimate model parameters (epsilon = 0.100)
Initial log-likelihood: -21772.809
Current log-likelihood at step 1: -21772.695
Current log-likelihood at step 2: -21772.607
Parameters optimization took 1 rounds (6.564 sec)

UPDATE BEST LOG-LIKELIHOOD: -21772.607
UPDATE BEST LOG-LIKELIHOOD: -21772.597
Iteration 10 / LogL: -21772.961 / Time: 0h:26m:38s
UPDATE BEST LOG-LIKELIHOOD: -21772.596
Iteration 20 / LogL: -21772.600 / Time: 0h:36m:52s
Finish initializing candidate tree set (3)
Current best tree score: -21772.596 / CPU time: 2117.635
Number of iterations: 20
--------------------------------------------------------------------
|               OPTIMIZING CANDIDATE TREE SET                      |
--------------------------------------------------------------------
UPDATE BEST LOG-LIKELIHOOD: -21772.596
Iteration 30 / LogL: -21772.651 / Time: 0h:43m:9s (1h:45m:40s left)
Iteration 40 / LogL: -21772.596 / Time: 0h:48m:34s (1h:15m:58s left)
Iteration 50 / LogL: -21772.599 / Time: 0h:54m:44s (0h:56m:58s left)
Log-likelihood cutoff on original alignment: -21809.693
Iteration 60 / LogL: -21772.738 / Time: 1h:0m:9s (0h:41m:48s left)
Iteration 70 / LogL: -21772.605 / Time: 1h:4m:25s (0h:28m:56s left)
Iteration 80 / LogL: -21773.123 / Time: 1h:8m:50s (0h:18m:17s left)
Iteration 90 / LogL: -21783.961 / Time: 1h:12m:2s (0h:8m:54s left)
Iteration 100 / LogL: -21772.630 / Time: 1h:15m:32s (0h:0m:45s left)
Log-likelihood cutoff on original alignment: -21809.693
NOTE: Bootstrap correlation coefficient of split occurrence frequencies: 0.998
TREE SEARCH COMPLETED AFTER 102 ITERATIONS / Time: 1h:16m:19s

--------------------------------------------------------------------
|                    FINALIZING TREE SEARCH                        |
--------------------------------------------------------------------
Performs final model parameters optimization
Estimate model parameters (epsilon = 0.010)
Initial log-likelihood: -21772.593
Current log-likelihood at step 1: -21772.477
Current log-likelihood at step 2: -21772.364
Current log-likelihood at step 3: -21772.261
Current log-likelihood at step 4: -21772.156
Current log-likelihood at step 5: -21772.062
Current log-likelihood at step 6: -21771.967
Current log-likelihood at step 7: -21771.886
Current log-likelihood at step 8: -21771.797
Current log-likelihood at step 9: -21771.721
Current log-likelihood at step 10: -21771.639
Current log-likelihood at step 11: -21771.570
Current log-likelihood at step 12: -21771.493
Current log-likelihood at step 13: -21771.430
Current log-likelihood at step 14: -21771.359
Current log-likelihood at step 15: -21771.303
Current log-likelihood at step 16: -21771.234
Current log-likelihood at step 17: -21771.180
Current log-likelihood at step 18: -21771.118
Current log-likelihood at step 19: -21771.068
Current log-likelihood at step 20: -21771.010
Current log-likelihood at step 21: -21770.966
Current log-likelihood at step 22: -21770.909
Current log-likelihood at step 23: -21770.865
Current log-likelihood at step 24: -21770.815
Current log-likelihood at step 25: -21770.776
Current log-likelihood at step 26: -21770.730
Current log-likelihood at step 27: -21770.692
Current log-likelihood at step 28: -21770.649
Current log-likelihood at step 29: -21770.614
Current log-likelihood at step 30: -21770.574
Current log-likelihood at step 31: -21770.541
Current log-likelihood at step 32: -21770.503
Current log-likelihood at step 33: -21770.474
Current log-likelihood at step 34: -21770.435
Current log-likelihood at step 35: -21770.407
Current log-likelihood at step 36: -21770.373
Current log-likelihood at step 37: -21770.348
Current log-likelihood at step 38: -21770.317
Current log-likelihood at step 39: -21770.296
Current log-likelihood at step 40: -21770.273
Current log-likelihood at step 41: -21770.253
Current log-likelihood at step 42: -21770.233
Current log-likelihood at step 43: -21770.218
Current log-likelihood at step 44: -21770.191
Current log-likelihood at step 45: -21770.173
Current log-likelihood at step 46: -21770.156
Current log-likelihood at step 47: -21770.142
Current log-likelihood at step 48: -21770.124
Current log-likelihood at step 49: -21770.111
Current log-likelihood at step 50: -21770.088
Current log-likelihood at step 51: -21770.071
Current log-likelihood at step 52: -21770.057
Current log-likelihood at step 53: -21770.044
Current log-likelihood at step 54: -21770.029
Current log-likelihood at step 55: -21770.018
Current log-likelihood at step 56: -21770.001
Current log-likelihood at step 57: -21769.988
Current log-likelihood at step 58: -21769.974
Current log-likelihood at step 59: -21769.964
Current log-likelihood at step 60: -21769.950
Current log-likelihood at step 61: -21769.940
Current log-likelihood at step 62: -21769.926
Current log-likelihood at step 63: -21769.916
Partition-specific rates:  0.095 0.030 2.875
Parameters optimization took 62 rounds (139.493 sec)

BEST SCORE FOUND : -21769.916
Creating bootstrap support values...
Split supports printed to NEXUS file Yeast_2408_clade2//aln_seqs/OG1762.nt.aln.nex.splits.nex
Total tree length: 50.697

Total number of iterations: 102
CPU time used for tree search: 139.335 sec (0h:2m:19s)
Wall-clock time used for tree search: 4483.592 sec (1h:14m:43s)
Total CPU time used: 148.673 sec (0h:2m:28s)
Total wall-clock time used: 4723.260 sec (1h:18m:43s)

Computing bootstrap consensus tree...
Reading input file Yeast_2408_clade2//aln_seqs/OG1762.nt.aln.nex.splits.nex...
21 taxa and 126 splits.
Consensus tree written to Yeast_2408_clade2//aln_seqs/OG1762.nt.aln.nex.contree
Reading input trees file Yeast_2408_clade2//aln_seqs/OG1762.nt.aln.nex.contree
Log-likelihood of consensus tree: -21770.885

Analysis results written to: 
  IQ-TREE report:                Yeast_2408_clade2//aln_seqs/OG1762.nt.aln.nex.iqtree
  Maximum-likelihood tree:       Yeast_2408_clade2//aln_seqs/OG1762.nt.aln.nex.treefile
  Likelihood distances:          Yeast_2408_clade2//aln_seqs/OG1762.nt.aln.nex.mldist
  Best partitioning scheme:      Yeast_2408_clade2//aln_seqs/OG1762.nt.aln.nex.best_scheme.nex
           in RAxML format:      Yeast_2408_clade2//aln_seqs/OG1762.nt.aln.nex.best_scheme

Ultrafast bootstrap approximation results written to:
  Split support values:          Yeast_2408_clade2//aln_seqs/OG1762.nt.aln.nex.splits.nex
  Consensus tree:                Yeast_2408_clade2//aln_seqs/OG1762.nt.aln.nex.contree
  Screen log file:               Yeast_2408_clade2//aln_seqs/OG1762.nt.aln.nex.log

Date and Time: Wed Mar  6 12:40:51 2019
