IQ-TREE multicore version 1.6.8 for Linux 64-bit built Oct 28 2018
Developed by Bui Quang Minh, Nguyen Lam Tung, Olga Chernomor,
Heiko Schmidt, Dominik Schrempf, Michael Woodhams.

Host:    sango40506.oist.jp (AVX2, FMA3, 755 GB RAM)
Command: iqtree -s Yeast_2408_clade2//aln_seqs/OG1771.nt.aln -bb 1000 -redo -nt 3 -spp Yeast_2408_clade2//aln_seqs/OG1771.nt.aln.nex -m MFPMERGE
Seed:    950634 (Using SPRNG - Scalable Parallel Random Number Generator)
Time:    Wed Mar  6 08:41:36 2019
Kernel:  AVX+FMA - 3 threads (36 CPU cores detected)

Reading partition model file Yeast_2408_clade2//aln_seqs/OG1771.nt.aln.nex ...
Reading alignment file Yeast_2408_clade2//aln_seqs/OG1771.nt.aln ... Fasta format detected
Alignment most likely contains DNA/RNA sequences
Alignment has 21 sequences with 1980 columns, 857 distinct patterns
774 parsimony-informative, 172 singleton sites, 1034 constant sites
                                     Gap/Ambiguity  Composition  p-value
   1  Kazachstania_africana                  0.00%    passed     60.54%
   2  Kazachstania_naganishii                0.00%    failed      0.00%
   3  Naumovozyma_castellii                  0.00%    passed     65.88%
   4  Naumovozyma_dairenensis                0.00%    passed     26.17%
   5  Tetrapisispora_blattae                 0.00%    failed      1.80%
   6  yHAB132_Kazachstania_martiniae         0.00%    passed     16.19%
   7  yHAB133_Kazachstania_unispora          0.00%    failed      1.49%
   8  yHAB134_Kazachstania_turicensis        0.00%    passed     38.52%
   9  yHAB136_Kazachstania_bromeliacearum    0.00%    passed     94.53%
  10  yHAB143_Kazachstania_siamensis         0.00%    failed      0.55%
  11  yHAB147_Kazachstania_taianensis        0.00%    failed      0.00%
  12  yHAB148_Kazachstania_intestinalis      0.00%    failed      0.00%
  13  yHAB153_Kazachstania_rosinii           0.00%    failed      0.00%
  14  yHAB154_Kazachstania_transvaalensis    0.00%    failed      0.00%
  15  yHAB155_Kazachstania_spencerorum       0.00%    failed      0.93%
  16  yHAB158_Kazachstania_viticola          0.00%    passed     12.00%
  17  yHAB159_Kazachstania_solicola          0.00%    passed     93.00%
  18  yHAB160_Kazachstania_kunashirensis     0.00%    failed      0.88%
  19  yHAB164_Kazachstania_aerobia           0.00%    passed     19.17%
  20  yHAB166_Kazachstania_yakushimaensis    0.00%    failed      0.00%
  21  yHMPu5000035629_Yueomyces_sinensis     0.00%    failed      1.26%
****  TOTAL                                  0.00%  12 sequences failed composition chi2 test (p-value<5%; df=3)
NOTE: No CharPartition defined, use all CharSets

Loading 3 partitions...
Subset	Type	Seqs	Sites	Infor	Invar	Model	Name
1		21	660	163	440	MFPMERGE	p1
2		21	660	78	525	MFPMERGE	p2
3		21	660	533	69	MFPMERGE	p3
Degree of missing data: 0.000
Info: multi-threading strategy over partitions



Create initial parsimony tree by phylogenetic likelihood library (PLL)... 0.003 seconds
NOTE: ModelFinder requires 9 MB RAM!
Testing GTR+F+G on supermatrix...
GTR+F+G4 / LnL: -17574.004 / df: 48 / AIC: 35244.008 / AICc: 35246.444 / BIC: 35512.369
Selecting individual models for 3 charsets using BIC...
 No. Model        Score       Charset
   1 TIM3+F+I+G4  5296.671    p2
   2 TIM3+F+I+G4  8093.039    p1
   3 GTR+F+R3     20280.732   p3
Full partition model BIC score: 33992.951 (LnL: -16734.591  df:69)
Merging models to increase model fit (about 7 total partition schemes)...
   4 TIM3+F+I+G4  34077.627   p1+p2
   5 TIM+F+I+G4   34765.123   p1+p3
   6 TN+F+R4      35160.932   p2+p3
BEST-FIT PARTITION MODEL: 
  charpartition BIC = TIM3+F+I+G4: p1, TIM3+F+I+G4: p2, GTR+F+R3: p3;
Agglomerative model selection: (p1,p2,p3)
Partition information was printed to Yeast_2408_clade2//aln_seqs/OG1771.nt.aln.nex.best_scheme.nex
Partition information in Raxml format was printed to Yeast_2408_clade2//aln_seqs/OG1771.nt.aln.nex.best_scheme

All model information printed to Yeast_2408_clade2//aln_seqs/OG1771.nt.aln.nex.model.gz
CPU time for ModelFinder: 100.627 seconds (0h:1m:40s)
Wall-clock time for ModelFinder: 5451.407 seconds (1h:30m:51s)
Generating 1000 samples for ultrafast bootstrap (seed: 950634)...

NOTE: 5 MB RAM (0 GB) is required!
Estimate model parameters (epsilon = 0.100)
Initial log-likelihood: -18365.263
Current log-likelihood at step 1: -16866.858
Current log-likelihood at step 2: -16798.643
Current log-likelihood at step 3: -16781.099
Current log-likelihood at step 4: -16778.639
Current log-likelihood at step 5: -16776.541
Current log-likelihood at step 6: -16774.507
Current log-likelihood at step 7: -16772.454
Current log-likelihood at step 8: -16770.303
Current log-likelihood at step 9: -16767.913
Current log-likelihood at step 10: -16765.181
Current log-likelihood at step 11: -16761.827
Current log-likelihood at step 12: -16757.419
Current log-likelihood at step 13: -16751.165
Current log-likelihood at step 14: -16742.037
Current log-likelihood at step 15: -16733.129
Current log-likelihood at step 16: -16730.082
Current log-likelihood at step 17: -16729.783
Current log-likelihood at step 18: -16729.612
Current log-likelihood at step 19: -16729.474
Current log-likelihood at step 20: -16729.359
Current log-likelihood at step 21: -16729.259
Current log-likelihood at step 22: -16729.173
Partition-specific rates:  0.407 0.175 2.418
Parameters optimization took 21 rounds (126.668 sec)

Computing ML distances based on estimated model parameters... 0.006 sec
Computing BIONJ tree...
0.370 seconds
Log-likelihood of BIONJ tree: -16704.976
--------------------------------------------------------------------
|             INITIALIZING CANDIDATE TREE SET                      |
--------------------------------------------------------------------
Generating 98 parsimony trees... 48.649 second
Computing log-likelihood of 98 initial trees ... 515.038 seconds
Current best score: -16704.976

Do NNI search on 20 best initial trees
Estimate model parameters (epsilon = 0.100)
Initial log-likelihood: -16701.670
Current log-likelihood at step 1: -16700.226
Current log-likelihood at step 2: -16700.054
Current log-likelihood at step 3: -16699.921
Current log-likelihood at step 4: -16699.806
Current log-likelihood at step 5: -16699.711
Parameters optimization took 4 rounds (24.903 sec)

BETTER TREE FOUND at iteration 1: -16699.711
Iteration 10 / LogL: -16703.812 / Time: 0h:19m:1s
Iteration 20 / LogL: -16707.032 / Time: 0h:27m:15s
Finish initializing candidate tree set (7)
Current best tree score: -16699.711 / CPU time: 1490.508
Number of iterations: 20
--------------------------------------------------------------------
|               OPTIMIZING CANDIDATE TREE SET                      |
--------------------------------------------------------------------
Iteration 30 / LogL: -16700.897 / Time: 0h:34m:51s (1h:25m:20s left)
Iteration 40 / LogL: -16703.114 / Time: 0h:42m:38s (1h:6m:41s left)
Iteration 50 / LogL: -16700.967 / Time: 0h:50m:47s (0h:52m:51s left)
Log-likelihood cutoff on original alignment: -16738.422
Iteration 60 / LogL: -16700.588 / Time: 0h:58m:40s (0h:40m:46s left)
Iteration 70 / LogL: -16700.677 / Time: 1h:5m:23s (0h:29m:22s left)
Iteration 80 / LogL: -16701.052 / Time: 1h:11m:49s (0h:19m:5s left)
Iteration 90 / LogL: -16704.750 / Time: 1h:18m:34s (0h:9m:42s left)
Iteration 100 / LogL: -16699.746 / Time: 1h:24m:52s (0h:0m:51s left)
Log-likelihood cutoff on original alignment: -16738.422
NOTE: Bootstrap correlation coefficient of split occurrence frequencies: 0.999
TREE SEARCH COMPLETED AFTER 102 ITERATIONS / Time: 1h:26m:6s

--------------------------------------------------------------------
|                    FINALIZING TREE SEARCH                        |
--------------------------------------------------------------------
Performs final model parameters optimization
Estimate model parameters (epsilon = 0.010)
Initial log-likelihood: -16699.711
Current log-likelihood at step 1: -16699.628
Current log-likelihood at step 2: -16699.555
Current log-likelihood at step 3: -16699.492
Current log-likelihood at step 4: -16699.436
Current log-likelihood at step 5: -16699.386
Current log-likelihood at step 6: -16699.342
Current log-likelihood at step 7: -16699.305
Current log-likelihood at step 8: -16699.272
Current log-likelihood at step 9: -16699.243
Current log-likelihood at step 10: -16699.221
Current log-likelihood at step 11: -16699.203
Current log-likelihood at step 12: -16699.186
Current log-likelihood at step 13: -16699.172
Current log-likelihood at step 14: -16699.159
Current log-likelihood at step 15: -16699.148
Current log-likelihood at step 16: -16699.138
Partition-specific rates:  0.381 0.168 2.451
Parameters optimization took 15 rounds (64.412 sec)

BEST SCORE FOUND : -16699.138
Creating bootstrap support values...
Split supports printed to NEXUS file Yeast_2408_clade2//aln_seqs/OG1771.nt.aln.nex.splits.nex
Total tree length: 3.660

Total number of iterations: 102
CPU time used for tree search: 105.777 sec (0h:1m:45s)
Wall-clock time used for tree search: 5019.904 sec (1h:23m:39s)
Total CPU time used: 110.041 sec (0h:1m:50s)
Total wall-clock time used: 5240.923 sec (1h:27m:20s)

Computing bootstrap consensus tree...
Reading input file Yeast_2408_clade2//aln_seqs/OG1771.nt.aln.nex.splits.nex...
21 taxa and 210 splits.
Consensus tree written to Yeast_2408_clade2//aln_seqs/OG1771.nt.aln.nex.contree
Reading input trees file Yeast_2408_clade2//aln_seqs/OG1771.nt.aln.nex.contree
Log-likelihood of consensus tree: -16701.385

Analysis results written to: 
  IQ-TREE report:                Yeast_2408_clade2//aln_seqs/OG1771.nt.aln.nex.iqtree
  Maximum-likelihood tree:       Yeast_2408_clade2//aln_seqs/OG1771.nt.aln.nex.treefile
  Likelihood distances:          Yeast_2408_clade2//aln_seqs/OG1771.nt.aln.nex.mldist
  Best partitioning scheme:      Yeast_2408_clade2//aln_seqs/OG1771.nt.aln.nex.best_scheme.nex
           in RAxML format:      Yeast_2408_clade2//aln_seqs/OG1771.nt.aln.nex.best_scheme

Ultrafast bootstrap approximation results written to:
  Split support values:          Yeast_2408_clade2//aln_seqs/OG1771.nt.aln.nex.splits.nex
  Consensus tree:                Yeast_2408_clade2//aln_seqs/OG1771.nt.aln.nex.contree
  Screen log file:               Yeast_2408_clade2//aln_seqs/OG1771.nt.aln.nex.log

Date and Time: Wed Mar  6 11:40:02 2019
