IQ-TREE multicore version 1.6.8 for Linux 64-bit built Oct 28 2018
Developed by Bui Quang Minh, Nguyen Lam Tung, Olga Chernomor,
Heiko Schmidt, Dominik Schrempf, Michael Woodhams.

Host:    sango40506.oist.jp (AVX2, FMA3, 755 GB RAM)
Command: iqtree -s Yeast_2408_clade2//aln_seqs/OG1920.nt.aln -bb 1000 -redo -nt 3 -spp Yeast_2408_clade2//aln_seqs/OG1920.nt.aln.nex -m MFPMERGE
Seed:    465732 (Using SPRNG - Scalable Parallel Random Number Generator)
Time:    Wed Mar  6 08:42:10 2019
Kernel:  AVX+FMA - 3 threads (36 CPU cores detected)

Reading partition model file Yeast_2408_clade2//aln_seqs/OG1920.nt.aln.nex ...
Reading alignment file Yeast_2408_clade2//aln_seqs/OG1920.nt.aln ... Fasta format detected
Alignment most likely contains DNA/RNA sequences
Alignment has 21 sequences with 1746 columns, 728 distinct patterns
688 parsimony-informative, 120 singleton sites, 938 constant sites
                                     Gap/Ambiguity  Composition  p-value
   1  Kazachstania_africana                  0.00%    passed     35.10%
   2  Kazachstania_naganishii                0.00%    failed      0.00%
   3  Naumovozyma_castellii                  0.00%    passed     90.31%
   4  Naumovozyma_dairenensis                0.00%    passed      7.84%
   5  Tetrapisispora_blattae                 0.00%    passed     18.85%
   6  yHAB132_Kazachstania_martiniae         0.00%    passed     18.41%
   7  yHAB133_Kazachstania_unispora          0.00%    failed      0.02%
   8  yHAB134_Kazachstania_turicensis        0.00%    failed      1.37%
   9  yHAB136_Kazachstania_bromeliacearum    0.00%    passed     97.42%
  10  yHAB143_Kazachstania_siamensis         0.00%    failed      0.50%
  11  yHAB147_Kazachstania_taianensis        0.00%    failed      0.00%
  12  yHAB148_Kazachstania_intestinalis      0.00%    failed      0.00%
  13  yHAB153_Kazachstania_rosinii           0.00%    failed      0.00%
  14  yHAB154_Kazachstania_transvaalensis    0.00%    failed      0.05%
  15  yHAB155_Kazachstania_spencerorum       4.30%    passed     22.02%
  16  yHAB158_Kazachstania_viticola          0.00%    failed      0.00%
  17  yHAB159_Kazachstania_solicola          0.00%    passed     13.77%
  18  yHAB160_Kazachstania_kunashirensis     0.00%    failed      0.12%
  19  yHAB164_Kazachstania_aerobia           0.00%    passed      7.87%
  20  yHAB166_Kazachstania_yakushimaensis    0.00%    failed      0.00%
  21  yHMPu5000035629_Yueomyces_sinensis     0.00%    failed      0.00%
****  TOTAL                                  0.20%  12 sequences failed composition chi2 test (p-value<5%; df=3)
NOTE: No CharPartition defined, use all CharSets

Loading 3 partitions...
Subset	Type	Seqs	Sites	Infor	Invar	Model	Name
1		21	582	149	394	MFPMERGE	p1
2		21	582	41	507	MFPMERGE	p2
3		21	582	498	37	MFPMERGE	p3
Degree of missing data: 0.000
Info: multi-threading strategy over partitions



Create initial parsimony tree by phylogenetic likelihood library (PLL)... 0.002 seconds
NOTE: ModelFinder requires 8 MB RAM!
Testing GTR+F+G on supermatrix...
GTR+F+G4 / LnL: -15387.839 / df: 48 / AIC: 30871.678 / AICc: 30874.450 / BIC: 31134.002
Selecting individual models for 3 charsets using BIC...
 No. Model        Score       Charset
   1 TPM3u+F+I+G4 3697.278    p2
   2 GTR+F+R3     6939.811    p1
   3 SYM+G4       18605.266   p3
Full partition model BIC score: 29556.789 (LnL: -14532.047  df:66)
Merging models to increase model fit (about 7 total partition schemes)...
   4 TIM3+F+R3    29701.886   p1+p2
   5 SYM+I+G4     30692.147   p2+p3
   6 TIMe+I+G4    30347.203   p1+p3
BEST-FIT PARTITION MODEL: 
  charpartition BIC = GTR+F+R3: p1, TPM3u+F+I+G4: p2, SYM+G4: p3;
Agglomerative model selection: (p1,p2,p3)
Partition information was printed to Yeast_2408_clade2//aln_seqs/OG1920.nt.aln.nex.best_scheme.nex
Partition information in Raxml format was printed to Yeast_2408_clade2//aln_seqs/OG1920.nt.aln.nex.best_scheme

All model information printed to Yeast_2408_clade2//aln_seqs/OG1920.nt.aln.nex.model.gz
CPU time for ModelFinder: 71.691 seconds (0h:1m:11s)
Wall-clock time for ModelFinder: 4889.001 seconds (1h:21m:29s)
Generating 1000 samples for ultrafast bootstrap (seed: 465732)...

NOTE: 4 MB RAM (0 GB) is required!
Estimate model parameters (epsilon = 0.100)
Initial log-likelihood: -16046.244
Current log-likelihood at step 1: -14568.947
Current log-likelihood at step 2: -14503.071
Current log-likelihood at step 3: -14501.060
Current log-likelihood at step 4: -14500.311
Current log-likelihood at step 5: -14499.779
Current log-likelihood at step 6: -14499.270
Current log-likelihood at step 7: -14498.932
Current log-likelihood at step 8: -14498.605
Current log-likelihood at step 9: -14498.361
Current log-likelihood at step 10: -14498.120
Current log-likelihood at step 11: -14497.933
Current log-likelihood at step 12: -14497.754
Current log-likelihood at step 13: -14497.606
Current log-likelihood at step 14: -14497.471
Current log-likelihood at step 15: -14497.357
Current log-likelihood at step 16: -14497.250
Current log-likelihood at step 17: -14497.160
Partition-specific rates:  0.601 0.146 2.253
Parameters optimization took 16 rounds (77.540 sec)


WARNING: Estimated model parameters are at boundary that can cause numerical instability!

Computing ML distances based on estimated model parameters... 0.008 sec
Computing BIONJ tree...
0.448 seconds
Log-likelihood of BIONJ tree: -14492.718
--------------------------------------------------------------------
|             INITIALIZING CANDIDATE TREE SET                      |
--------------------------------------------------------------------
Generating 98 parsimony trees... 43.240 second
Computing log-likelihood of 98 initial trees ... 483.984 seconds
Current best score: -14492.718

Do NNI search on 20 best initial trees
Estimate model parameters (epsilon = 0.100)
Initial log-likelihood: -14490.892
Current log-likelihood at step 1: -14490.232
Current log-likelihood at step 2: -14490.112
Current log-likelihood at step 3: -14490.027
Parameters optimization took 2 rounds (15.026 sec)


WARNING: Estimated model parameters are at boundary that can cause numerical instability!

BETTER TREE FOUND at iteration 1: -14490.027
Estimate model parameters (epsilon = 0.100)
Initial log-likelihood: -14489.961
Current log-likelihood at step 1: -14489.799
Current log-likelihood at step 2: -14489.725
Parameters optimization took 1 rounds (6.890 sec)


WARNING: Estimated model parameters are at boundary that can cause numerical instability!

BETTER TREE FOUND at iteration 10: -14489.725
Iteration 10 / LogL: -14489.725 / Time: 0h:16m:46s
Iteration 20 / LogL: -14489.791 / Time: 0h:24m:20s
Finish initializing candidate tree set (9)
Current best tree score: -14489.725 / CPU time: 1366.519
Number of iterations: 20
--------------------------------------------------------------------
|               OPTIMIZING CANDIDATE TREE SET                      |
--------------------------------------------------------------------
Iteration 30 / LogL: -14489.859 / Time: 0h:33m:25s (1h:32m:12s left)
Iteration 40 / LogL: -14489.896 / Time: 0h:42m:12s (1h:15m:44s left)
Iteration 50 / LogL: -14489.969 / Time: 0h:50m:8s (1h:1m:24s left)
Log-likelihood cutoff on original alignment: -14552.055
Iteration 60 / LogL: -14489.823 / Time: 0h:57m:33s (0h:48m:46s left)
Iteration 70 / LogL: -14493.277 / Time: 1h:5m:8s (0h:37m:45s left)
Iteration 80 / LogL: -14489.923 / Time: 1h:11m:46s (0h:27m:15s left)
Iteration 90 / LogL: -14489.862 / Time: 1h:19m:3s (0h:17m:45s left)
Iteration 100 / LogL: -14489.728 / Time: 1h:25m:21s (0h:8m:37s left)
Log-likelihood cutoff on original alignment: -14539.845
NOTE: Bootstrap correlation coefficient of split occurrence frequencies: 0.997
Iteration 110 / LogL: -14489.727 / Time: 1h:32m:5s (1h:16m:2s left)
TREE SEARCH COMPLETED AFTER 111 ITERATIONS / Time: 1h:32m:43s

--------------------------------------------------------------------
|                    FINALIZING TREE SEARCH                        |
--------------------------------------------------------------------
Performs final model parameters optimization
Estimate model parameters (epsilon = 0.010)
Initial log-likelihood: -14489.725
Current log-likelihood at step 1: -14489.652
Current log-likelihood at step 2: -14489.592
Current log-likelihood at step 3: -14489.535
Current log-likelihood at step 4: -14489.490
Current log-likelihood at step 5: -14489.444
Current log-likelihood at step 6: -14489.407
Current log-likelihood at step 7: -14489.368
Current log-likelihood at step 8: -14489.337
Current log-likelihood at step 9: -14489.308
Current log-likelihood at step 10: -14489.283
Current log-likelihood at step 11: -14489.260
Current log-likelihood at step 12: -14489.239
Current log-likelihood at step 13: -14489.221
Current log-likelihood at step 14: -14489.204
Current log-likelihood at step 15: -14489.189
Current log-likelihood at step 16: -14489.175
Current log-likelihood at step 17: -14489.163
Current log-likelihood at step 18: -14489.152
Current log-likelihood at step 19: -14489.143
Partition-specific rates:  0.603 0.136 2.261
Parameters optimization took 18 rounds (49.593 sec)


WARNING: Estimated model parameters are at boundary that can cause numerical instability!

BEST SCORE FOUND : -14489.143
Creating bootstrap support values...
Split supports printed to NEXUS file Yeast_2408_clade2//aln_seqs/OG1920.nt.aln.nex.splits.nex
Total tree length: 3.051

Total number of iterations: 111
CPU time used for tree search: 116.117 sec (0h:1m:56s)
Wall-clock time used for tree search: 5468.250 sec (1h:31m:8s)
Total CPU time used: 119.509 sec (0h:1m:59s)
Total wall-clock time used: 5621.918 sec (1h:33m:41s)

Computing bootstrap consensus tree...
Reading input file Yeast_2408_clade2//aln_seqs/OG1920.nt.aln.nex.splits.nex...
21 taxa and 159 splits.
Consensus tree written to Yeast_2408_clade2//aln_seqs/OG1920.nt.aln.nex.contree
Reading input trees file Yeast_2408_clade2//aln_seqs/OG1920.nt.aln.nex.contree
Log-likelihood of consensus tree: -14490.676

Analysis results written to: 
  IQ-TREE report:                Yeast_2408_clade2//aln_seqs/OG1920.nt.aln.nex.iqtree
  Maximum-likelihood tree:       Yeast_2408_clade2//aln_seqs/OG1920.nt.aln.nex.treefile
  Likelihood distances:          Yeast_2408_clade2//aln_seqs/OG1920.nt.aln.nex.mldist
  Best partitioning scheme:      Yeast_2408_clade2//aln_seqs/OG1920.nt.aln.nex.best_scheme.nex
           in RAxML format:      Yeast_2408_clade2//aln_seqs/OG1920.nt.aln.nex.best_scheme

Ultrafast bootstrap approximation results written to:
  Split support values:          Yeast_2408_clade2//aln_seqs/OG1920.nt.aln.nex.splits.nex
  Consensus tree:                Yeast_2408_clade2//aln_seqs/OG1920.nt.aln.nex.contree
  Screen log file:               Yeast_2408_clade2//aln_seqs/OG1920.nt.aln.nex.log

Date and Time: Wed Mar  6 11:37:35 2019
