IQ-TREE multicore version 1.6.8 for Linux 64-bit built Oct 28 2018
Developed by Bui Quang Minh, Nguyen Lam Tung, Olga Chernomor,
Heiko Schmidt, Dominik Schrempf, Michael Woodhams.

Host:    sango40506.oist.jp (AVX2, FMA3, 755 GB RAM)
Command: iqtree -s Yeast_2408_clade2//aln_seqs/OG1937.nt.aln -bb 1000 -redo -nt 3 -spp Yeast_2408_clade2//aln_seqs/OG1937.nt.aln.nex -m MFPMERGE
Seed:    236145 (Using SPRNG - Scalable Parallel Random Number Generator)
Time:    Wed Mar  6 08:45:09 2019
Kernel:  AVX+FMA - 3 threads (36 CPU cores detected)

Reading partition model file Yeast_2408_clade2//aln_seqs/OG1937.nt.aln.nex ...
Reading alignment file Yeast_2408_clade2//aln_seqs/OG1937.nt.aln ... Fasta format detected
Alignment most likely contains DNA/RNA sequences
Alignment has 21 sequences with 2064 columns, 1670 distinct patterns
1411 parsimony-informative, 240 singleton sites, 413 constant sites
                                     Gap/Ambiguity  Composition  p-value
   1  Kazachstania_africana                 32.85%    passed     25.75%
   2  Kazachstania_naganishii               12.79%    failed      0.41%
   3  Naumovozyma_castellii                  7.12%    passed     13.82%
   4  Naumovozyma_dairenensis               12.79%    passed     38.66%
   5  Tetrapisispora_blattae                32.70%    passed     34.82%
   6  yHAB132_Kazachstania_martiniae         7.85%    passed     51.24%
   7  yHAB133_Kazachstania_unispora         36.48%    failed      3.79%
   8  yHAB134_Kazachstania_turicensis        4.07%    passed      7.16%
   9  yHAB136_Kazachstania_bromeliacearum    6.69%    passed     56.58%
  10  yHAB143_Kazachstania_siamensis         9.59%    passed     77.04%
  11  yHAB147_Kazachstania_taianensis       10.90%    failed      0.00%
  12  yHAB148_Kazachstania_intestinalis     30.23%    failed      0.00%
  13  yHAB153_Kazachstania_rosinii           3.78%    passed     81.10%
  14  yHAB154_Kazachstania_transvaalensis   11.34%    passed     66.60%
  15  yHAB155_Kazachstania_spencerorum      14.53%    passed     11.21%
  16  yHAB158_Kazachstania_viticola          6.25%    passed     39.36%
  17  yHAB159_Kazachstania_solicola         30.52%    passed     22.64%
  18  yHAB160_Kazachstania_kunashirensis     4.80%    failed      2.77%
  19  yHAB164_Kazachstania_aerobia           6.40%    passed     37.92%
  20  yHAB166_Kazachstania_yakushimaensis   13.81%    failed      0.08%
  21  yHMPu5000035629_Yueomyces_sinensis    35.17%    passed     13.76%
****  TOTAL                                 15.75%  6 sequences failed composition chi2 test (p-value<5%; df=3)
NOTE: No CharPartition defined, use all CharSets

Loading 3 partitions...
Subset	Type	Seqs	Sites	Infor	Invar	Model	Name
1		21	688	446	160	MFPMERGE	p1
2		21	688	324	230	MFPMERGE	p2
3		21	688	641	23	MFPMERGE	p3
Degree of missing data: 0.000
Info: multi-threading strategy over partitions



Create initial parsimony tree by phylogenetic likelihood library (PLL)... 0.475 seconds
NOTE: ModelFinder requires 18 MB RAM!
Testing GTR+F+G on supermatrix...
GTR+F+G4 / LnL: -31001.152 / df: 48 / AIC: 62098.304 / AICc: 62100.639 / BIC: 62368.660
Selecting individual models for 3 charsets using BIC...
 No. Model        Score       Charset
   1 TIM3+F+I+G4  14670.857   p2
   2 GTR+F+I+G4   18781.910   p1
   3 TN+F+R3      27298.237   p3
Full partition model BIC score: 61073.993 (LnL: -30277.495  df:68)
Merging models to increase model fit (about 7 total partition schemes)...
   4 TPM3u+F+I+G4 61111.964   p1+p2
   5 GTR+F+R4     61851.982   p1+p3
   6 TPM3u+F+R4   62100.902   p2+p3
BEST-FIT PARTITION MODEL: 
  charpartition BIC = GTR+F+I+G4: p1, TIM3+F+I+G4: p2, TN+F+R3: p3;
Agglomerative model selection: (p1,p2,p3)
Partition information was printed to Yeast_2408_clade2//aln_seqs/OG1937.nt.aln.nex.best_scheme.nex
Partition information in Raxml format was printed to Yeast_2408_clade2//aln_seqs/OG1937.nt.aln.nex.best_scheme

All model information printed to Yeast_2408_clade2//aln_seqs/OG1937.nt.aln.nex.model.gz
CPU time for ModelFinder: 194.901 seconds (0h:3m:14s)
Wall-clock time for ModelFinder: 11872.575 seconds (3h:17m:52s)
Generating 1000 samples for ultrafast bootstrap (seed: 236145)...

NOTE: 10 MB RAM (0 GB) is required!
Estimate model parameters (epsilon = 0.100)
Initial log-likelihood: -31625.531
Current log-likelihood at step 1: -30513.470
Current log-likelihood at step 2: -30358.591
Current log-likelihood at step 3: -30309.977
Current log-likelihood at step 4: -30289.835
Current log-likelihood at step 5: -30282.091
Current log-likelihood at step 6: -30279.326
Current log-likelihood at step 7: -30277.234
Current log-likelihood at step 8: -30275.506
Current log-likelihood at step 9: -30274.095
Current log-likelihood at step 10: -30272.935
Current log-likelihood at step 11: -30271.999
Current log-likelihood at step 12: -30271.268
Current log-likelihood at step 13: -30270.645
Current log-likelihood at step 14: -30270.131
Current log-likelihood at step 15: -30269.706
Current log-likelihood at step 16: -30269.349
Current log-likelihood at step 17: -30269.046
Current log-likelihood at step 18: -30268.790
Current log-likelihood at step 19: -30268.592
Current log-likelihood at step 20: -30268.445
Current log-likelihood at step 21: -30268.314
Current log-likelihood at step 22: -30268.196
Current log-likelihood at step 23: -30268.092
Current log-likelihood at step 24: -30267.998
Partition-specific rates:  0.291 0.196 2.513
Parameters optimization took 23 rounds (152.654 sec)

Computing ML distances based on estimated model parameters... 0.017 sec
Computing BIONJ tree...
0.154 seconds
Log-likelihood of BIONJ tree: -30261.169
--------------------------------------------------------------------
|             INITIALIZING CANDIDATE TREE SET                      |
--------------------------------------------------------------------
Generating 98 parsimony trees... 44.835 second
Computing log-likelihood of 98 initial trees ... 451.294 seconds
Current best score: -30256.928

Do NNI search on 20 best initial trees
Estimate model parameters (epsilon = 0.100)
Initial log-likelihood: -30233.192
Current log-likelihood at step 1: -30232.588
Current log-likelihood at step 2: -30232.477
Current log-likelihood at step 3: -30232.409
Parameters optimization took 2 rounds (10.105 sec)

BETTER TREE FOUND at iteration 1: -30232.409
Iteration 10 / LogL: -30232.439 / Time: 0h:16m:18s
Iteration 20 / LogL: -30232.413 / Time: 0h:22m:18s
Finish initializing candidate tree set (7)
Current best tree score: -30232.409 / CPU time: 1165.035
Number of iterations: 20
--------------------------------------------------------------------
|               OPTIMIZING CANDIDATE TREE SET                      |
--------------------------------------------------------------------
Iteration 30 / LogL: -30239.038 / Time: 0h:28m:32s (1h:9m:51s left)
Iteration 40 / LogL: -30238.985 / Time: 0h:34m:10s (0h:53m:27s left)
Iteration 50 / LogL: -30232.694 / Time: 0h:39m:39s (0h:41m:16s left)
Log-likelihood cutoff on original alignment: -30280.020
Iteration 60 / LogL: -30238.976 / Time: 0h:43m:21s (0h:30m:7s left)
Iteration 70 / LogL: -30240.768 / Time: 0h:47m:27s (0h:21m:19s left)
Iteration 80 / LogL: -30232.421 / Time: 0h:50m:57s (0h:13m:32s left)
Iteration 90 / LogL: -30238.946 / Time: 0h:54m:22s (0h:6m:43s left)
Iteration 100 / LogL: -30232.414 / Time: 0h:57m:21s (0h:0m:34s left)
Log-likelihood cutoff on original alignment: -30280.020
NOTE: Bootstrap correlation coefficient of split occurrence frequencies: 0.997
TREE SEARCH COMPLETED AFTER 102 ITERATIONS / Time: 0h:58m:7s

--------------------------------------------------------------------
|                    FINALIZING TREE SEARCH                        |
--------------------------------------------------------------------
Performs final model parameters optimization
Estimate model parameters (epsilon = 0.010)
Initial log-likelihood: -30232.400
Current log-likelihood at step 1: -30232.331
Current log-likelihood at step 2: -30232.274
Current log-likelihood at step 3: -30232.224
Current log-likelihood at step 4: -30232.182
Current log-likelihood at step 5: -30232.143
Current log-likelihood at step 6: -30232.111
Current log-likelihood at step 7: -30232.085
Current log-likelihood at step 8: -30232.062
Current log-likelihood at step 9: -30232.040
Current log-likelihood at step 10: -30232.018
Current log-likelihood at step 11: -30232.003
Current log-likelihood at step 12: -30231.990
Current log-likelihood at step 13: -30231.978
Current log-likelihood at step 14: -30231.967
Current log-likelihood at step 15: -30231.958
Partition-specific rates:  0.270 0.187 2.543
Parameters optimization took 14 rounds (29.043 sec)

BEST SCORE FOUND : -30231.958
Creating bootstrap support values...
Split supports printed to NEXUS file Yeast_2408_clade2//aln_seqs/OG1937.nt.aln.nex.splits.nex
Total tree length: 28.570

Total number of iterations: 102
CPU time used for tree search: 153.912 sec (0h:2m:33s)
Wall-clock time used for tree search: 3312.739 sec (0h:55m:12s)
Total CPU time used: 161.312 sec (0h:2m:41s)
Total wall-clock time used: 3519.734 sec (0h:58m:39s)

Computing bootstrap consensus tree...
Reading input file Yeast_2408_clade2//aln_seqs/OG1937.nt.aln.nex.splits.nex...
21 taxa and 154 splits.
Consensus tree written to Yeast_2408_clade2//aln_seqs/OG1937.nt.aln.nex.contree
Reading input trees file Yeast_2408_clade2//aln_seqs/OG1937.nt.aln.nex.contree
Log-likelihood of consensus tree: -30231.956

Analysis results written to: 
  IQ-TREE report:                Yeast_2408_clade2//aln_seqs/OG1937.nt.aln.nex.iqtree
  Maximum-likelihood tree:       Yeast_2408_clade2//aln_seqs/OG1937.nt.aln.nex.treefile
  Likelihood distances:          Yeast_2408_clade2//aln_seqs/OG1937.nt.aln.nex.mldist
  Best partitioning scheme:      Yeast_2408_clade2//aln_seqs/OG1937.nt.aln.nex.best_scheme.nex
           in RAxML format:      Yeast_2408_clade2//aln_seqs/OG1937.nt.aln.nex.best_scheme

Ultrafast bootstrap approximation results written to:
  Split support values:          Yeast_2408_clade2//aln_seqs/OG1937.nt.aln.nex.splits.nex
  Consensus tree:                Yeast_2408_clade2//aln_seqs/OG1937.nt.aln.nex.contree
  Screen log file:               Yeast_2408_clade2//aln_seqs/OG1937.nt.aln.nex.log

Date and Time: Wed Mar  6 13:01:53 2019
