IQ-TREE multicore version 1.6.8 for Linux 64-bit built Oct 28 2018
Developed by Bui Quang Minh, Nguyen Lam Tung, Olga Chernomor,
Heiko Schmidt, Dominik Schrempf, Michael Woodhams.

Host:    sango40506.oist.jp (AVX2, FMA3, 755 GB RAM)
Command: iqtree -s Yeast_2408_clade2//aln_seqs/OG1996.nt.aln -bb 1000 -redo -nt 3 -spp Yeast_2408_clade2//aln_seqs/OG1996.nt.aln.nex -m MFPMERGE
Seed:    582507 (Using SPRNG - Scalable Parallel Random Number Generator)
Time:    Wed Mar  6 08:50:36 2019
Kernel:  AVX+FMA - 3 threads (36 CPU cores detected)

Reading partition model file Yeast_2408_clade2//aln_seqs/OG1996.nt.aln.nex ...
Reading alignment file Yeast_2408_clade2//aln_seqs/OG1996.nt.aln ... Fasta format detected
Alignment most likely contains DNA/RNA sequences
Alignment has 21 sequences with 3039 columns, 2497 distinct patterns
2276 parsimony-informative, 336 singleton sites, 427 constant sites
                                     Gap/Ambiguity  Composition  p-value
   1  Kazachstania_africana                 13.43%    passed     75.98%
   2  Kazachstania_naganishii                4.64%    failed      0.00%
   3  Naumovozyma_castellii                 10.46%    failed      0.01%
   4  Naumovozyma_dairenensis                2.76%    failed      0.08%
   5  Tetrapisispora_blattae                 3.26%    failed      0.00%
   6  yHAB132_Kazachstania_martiniae         6.52%    failed      1.37%
   7  yHAB133_Kazachstania_unispora         11.45%    failed      0.00%
   8  yHAB134_Kazachstania_turicensis        4.84%    failed      0.66%
   9  yHAB136_Kazachstania_bromeliacearum    7.31%    passed     30.08%
  10  yHAB143_Kazachstania_siamensis         7.11%    failed      0.02%
  11  yHAB147_Kazachstania_taianensis       12.44%    failed      0.00%
  12  yHAB148_Kazachstania_intestinalis      6.32%    failed      0.00%
  13  yHAB153_Kazachstania_rosinii           7.40%    failed      0.00%
  14  yHAB154_Kazachstania_transvaalensis    5.33%    failed      0.00%
  15  yHAB155_Kazachstania_spencerorum       6.22%    failed      0.00%
  16  yHAB158_Kazachstania_viticola          2.37%    failed      0.00%
  17  yHAB159_Kazachstania_solicola         12.64%    passed     32.55%
  18  yHAB160_Kazachstania_kunashirensis     1.88%    failed      0.00%
  19  yHAB164_Kazachstania_aerobia          11.45%    failed      0.34%
  20  yHAB166_Kazachstania_yakushimaensis    5.23%    failed      0.00%
  21  yHMPu5000035629_Yueomyces_sinensis    10.66%    failed      0.00%
****  TOTAL                                  7.32%  18 sequences failed composition chi2 test (p-value<5%; df=3)
NOTE: No CharPartition defined, use all CharSets

Loading 3 partitions...
Subset	Type	Seqs	Sites	Infor	Invar	Model	Name
1		21	1013	736	134	MFPMERGE	p1
2		21	1013	569	275	MFPMERGE	p2
3		21	1013	971	18	MFPMERGE	p3
Degree of missing data: 0.000
Info: multi-threading strategy over partitions



Create initial parsimony tree by phylogenetic likelihood library (PLL)... 0.852 seconds
NOTE: ModelFinder requires 27 MB RAM!
Testing GTR+F+G on supermatrix...
GTR+F+G4 / LnL: -53997.022 / df: 48 / AIC: 108090.044 / AICc: 108091.617 / BIC: 108378.970
Selecting individual models for 3 charsets using BIC...
 No. Model        Score       Charset
   1 GTR+F+I+G4   26167.362   p2
   2 GTR+F+R3     33413.489   p1
   3 TIM3+F+R3    46628.868   p3
Full partition model BIC score: 106552.903 (LnL: -52983.748  df:73)
Merging models to increase model fit (about 7 total partition schemes)...
   4 TPM3u+F+R3   106899.635  p1+p2
   5 TPM3u+F+R4   107925.818  p2+p3
   6 GTR+F+R4     107471.561  p1+p3
BEST-FIT PARTITION MODEL: 
  charpartition BIC = GTR+F+R3: p1, GTR+F+I+G4: p2, TIM3+F+R3: p3;
Agglomerative model selection: (p1,p2,p3)
Partition information was printed to Yeast_2408_clade2//aln_seqs/OG1996.nt.aln.nex.best_scheme.nex
Partition information in Raxml format was printed to Yeast_2408_clade2//aln_seqs/OG1996.nt.aln.nex.best_scheme

All model information printed to Yeast_2408_clade2//aln_seqs/OG1996.nt.aln.nex.model.gz
CPU time for ModelFinder: 371.351 seconds (0h:6m:11s)
Wall-clock time for ModelFinder: 15768.980 seconds (4h:22m:48s)
Generating 1000 samples for ultrafast bootstrap (seed: 582507)...

NOTE: 15 MB RAM (0 GB) is required!
Estimate model parameters (epsilon = 0.100)
Initial log-likelihood: -54528.852
Current log-likelihood at step 1: -53164.357
Current log-likelihood at step 2: -53081.011
Current log-likelihood at step 3: -53034.222
Current log-likelihood at step 4: -53021.763
Current log-likelihood at step 5: -53012.294
Current log-likelihood at step 6: -53004.761
Current log-likelihood at step 7: -52998.761
Current log-likelihood at step 8: -52993.938
Current log-likelihood at step 9: -52990.093
Current log-likelihood at step 10: -52986.972
Current log-likelihood at step 11: -52984.516
Current log-likelihood at step 12: -52982.495
Current log-likelihood at step 13: -52980.902
Current log-likelihood at step 14: -52979.577
Current log-likelihood at step 15: -52978.525
Current log-likelihood at step 16: -52977.701
Current log-likelihood at step 17: -52977.077
Current log-likelihood at step 18: -52976.468
Current log-likelihood at step 19: -52975.984
Current log-likelihood at step 20: -52975.598
Current log-likelihood at step 21: -52975.278
Current log-likelihood at step 22: -52974.965
Current log-likelihood at step 23: -52974.753
Current log-likelihood at step 24: -52974.590
Current log-likelihood at step 25: -52974.456
Current log-likelihood at step 26: -52974.331
Current log-likelihood at step 27: -52974.189
Current log-likelihood at step 28: -52974.084
Current log-likelihood at step 29: -52973.997
Partition-specific rates:  0.489 0.296 2.215
Parameters optimization took 28 rounds (84.456 sec)

Computing ML distances based on estimated model parameters... 0.019 sec
WARNING: Some pairwise ML distances are too long (saturated)
Computing BIONJ tree...
0.085 seconds
Log-likelihood of BIONJ tree: -52837.044
--------------------------------------------------------------------
|             INITIALIZING CANDIDATE TREE SET                      |
--------------------------------------------------------------------
Generating 98 parsimony trees... 18.808 second
Computing log-likelihood of 98 initial trees ... 145.235 seconds
Current best score: -52837.044

Do NNI search on 20 best initial trees
Estimate model parameters (epsilon = 0.100)
Initial log-likelihood: -52829.498
Current log-likelihood at step 1: -52820.339
Current log-likelihood at step 2: -52819.096
Current log-likelihood at step 3: -52818.458
Current log-likelihood at step 4: -52817.897
Current log-likelihood at step 5: -52817.444
Current log-likelihood at step 6: -52817.070
Current log-likelihood at step 7: -52816.733
Current log-likelihood at step 8: -52816.446
Current log-likelihood at step 9: -52816.248
Current log-likelihood at step 10: -52816.033
Current log-likelihood at step 11: -52815.865
Current log-likelihood at step 12: -52815.736
Current log-likelihood at step 13: -52815.625
Current log-likelihood at step 14: -52815.525
Parameters optimization took 13 rounds (26.796 sec)

BETTER TREE FOUND at iteration 1: -52815.525
Iteration 10 / LogL: -52815.545 / Time: 0h:8m:52s
Iteration 20 / LogL: -52815.534 / Time: 0h:12m:49s
Finish initializing candidate tree set (3)
Current best tree score: -52815.525 / CPU time: 674.622
Number of iterations: 20
--------------------------------------------------------------------
|               OPTIMIZING CANDIDATE TREE SET                      |
--------------------------------------------------------------------
UPDATE BEST LOG-LIKELIHOOD: -52815.516
Iteration 30 / LogL: -52815.548 / Time: 0h:14m:29s (0h:35m:29s left)
Iteration 40 / LogL: -52815.522 / Time: 0h:15m:51s (0h:24m:48s left)
Iteration 50 / LogL: -52815.523 / Time: 0h:17m:13s (0h:17m:55s left)
Log-likelihood cutoff on original alignment: -52853.451
Iteration 60 / LogL: -52815.653 / Time: 0h:18m:11s (0h:12m:38s left)
UPDATE BEST LOG-LIKELIHOOD: -52815.512
Iteration 70 / LogL: -52815.528 / Time: 0h:19m:13s (0h:8m:38s left)
Iteration 80 / LogL: -52815.667 / Time: 0h:20m:11s (0h:5m:21s left)
UPDATE BEST LOG-LIKELIHOOD: -52815.508
Iteration 90 / LogL: -52815.554 / Time: 0h:21m:9s (0h:2m:36s left)
Iteration 100 / LogL: -52817.029 / Time: 0h:21m:49s (0h:0m:13s left)
Log-likelihood cutoff on original alignment: -52849.365
NOTE: Bootstrap correlation coefficient of split occurrence frequencies: 1.000
TREE SEARCH COMPLETED AFTER 102 ITERATIONS / Time: 0h:21m:58s

--------------------------------------------------------------------
|                    FINALIZING TREE SEARCH                        |
--------------------------------------------------------------------
Performs final model parameters optimization
Estimate model parameters (epsilon = 0.010)
Initial log-likelihood: -52815.502
Current log-likelihood at step 1: -52815.333
Current log-likelihood at step 2: -52815.205
Current log-likelihood at step 3: -52815.103
Current log-likelihood at step 4: -52814.983
Current log-likelihood at step 5: -52814.886
Current log-likelihood at step 6: -52814.818
Current log-likelihood at step 7: -52814.735
Current log-likelihood at step 8: -52814.683
Current log-likelihood at step 9: -52814.616
Current log-likelihood at step 10: -52814.571
Current log-likelihood at step 11: -52814.534
Current log-likelihood at step 12: -52814.503
Current log-likelihood at step 13: -52814.428
Current log-likelihood at step 14: -52814.399
Current log-likelihood at step 15: -52814.375
Current log-likelihood at step 16: -52814.359
Current log-likelihood at step 17: -52814.326
Current log-likelihood at step 18: -52814.278
Current log-likelihood at step 19: -52814.264
Current log-likelihood at step 20: -52814.250
Current log-likelihood at step 21: -52814.237
Current log-likelihood at step 22: -52814.227
Current log-likelihood at step 23: -52814.215
Current log-likelihood at step 24: -52814.206
Partition-specific rates:  0.402 0.235 2.363
Parameters optimization took 23 rounds (16.002 sec)

BEST SCORE FOUND : -52814.206
Creating bootstrap support values...
Split supports printed to NEXUS file Yeast_2408_clade2//aln_seqs/OG1996.nt.aln.nex.splits.nex
Total tree length: 28.160

Total number of iterations: 102
CPU time used for tree search: 192.760 sec (0h:3m:12s)
Wall-clock time used for tree search: 1223.121 sec (0h:20m:23s)
Total CPU time used: 206.236 sec (0h:3m:26s)
Total wall-clock time used: 1335.171 sec (0h:22m:15s)

Computing bootstrap consensus tree...
Reading input file Yeast_2408_clade2//aln_seqs/OG1996.nt.aln.nex.splits.nex...
21 taxa and 96 splits.
Consensus tree written to Yeast_2408_clade2//aln_seqs/OG1996.nt.aln.nex.contree
Reading input trees file Yeast_2408_clade2//aln_seqs/OG1996.nt.aln.nex.contree
Log-likelihood of consensus tree: -52814.204

Analysis results written to: 
  IQ-TREE report:                Yeast_2408_clade2//aln_seqs/OG1996.nt.aln.nex.iqtree
  Maximum-likelihood tree:       Yeast_2408_clade2//aln_seqs/OG1996.nt.aln.nex.treefile
  Likelihood distances:          Yeast_2408_clade2//aln_seqs/OG1996.nt.aln.nex.mldist
  Best partitioning scheme:      Yeast_2408_clade2//aln_seqs/OG1996.nt.aln.nex.best_scheme.nex
           in RAxML format:      Yeast_2408_clade2//aln_seqs/OG1996.nt.aln.nex.best_scheme

Ultrafast bootstrap approximation results written to:
  Split support values:          Yeast_2408_clade2//aln_seqs/OG1996.nt.aln.nex.splits.nex
  Consensus tree:                Yeast_2408_clade2//aln_seqs/OG1996.nt.aln.nex.contree
  Screen log file:               Yeast_2408_clade2//aln_seqs/OG1996.nt.aln.nex.log

Date and Time: Wed Mar  6 13:35:46 2019
