IQ-TREE multicore version 1.6.8 for Linux 64-bit built Oct 28 2018
Developed by Bui Quang Minh, Nguyen Lam Tung, Olga Chernomor,
Heiko Schmidt, Dominik Schrempf, Michael Woodhams.

Host:    sango40506.oist.jp (AVX2, FMA3, 755 GB RAM)
Command: iqtree -s Yeast_2408_clade2//aln_seqs/OG2093.nt.aln -bb 1000 -redo -nt 3 -spp Yeast_2408_clade2//aln_seqs/OG2093.nt.aln.nex -m MFPMERGE
Seed:    705558 (Using SPRNG - Scalable Parallel Random Number Generator)
Time:    Wed Mar  6 08:40:54 2019
Kernel:  AVX+FMA - 3 threads (36 CPU cores detected)

Reading partition model file Yeast_2408_clade2//aln_seqs/OG2093.nt.aln.nex ...
Reading alignment file Yeast_2408_clade2//aln_seqs/OG2093.nt.aln ... Fasta format detected
Alignment most likely contains DNA/RNA sequences
Alignment has 21 sequences with 1050 columns, 765 distinct patterns
690 parsimony-informative, 99 singleton sites, 261 constant sites
                                     Gap/Ambiguity  Composition  p-value
   1  Kazachstania_africana                  0.29%    passed     56.92%
   2  Kazachstania_naganishii                0.29%    failed      0.00%
   3  Naumovozyma_castellii                  0.29%    passed     72.04%
   4  Naumovozyma_dairenensis                0.29%    failed      1.39%
   5  Tetrapisispora_blattae                14.57%    passed     23.36%
   6  yHAB132_Kazachstania_martiniae         0.29%    passed     67.70%
   7  yHAB133_Kazachstania_unispora          0.86%    passed     13.41%
   8  yHAB134_Kazachstania_turicensis        0.29%    failed      0.69%
   9  yHAB136_Kazachstania_bromeliacearum    0.29%    passed     11.77%
  10  yHAB143_Kazachstania_siamensis         0.86%    passed     19.94%
  11  yHAB147_Kazachstania_taianensis        0.29%    failed      0.00%
  12  yHAB148_Kazachstania_intestinalis      0.29%    passed     16.03%
  13  yHAB153_Kazachstania_rosinii           0.29%    failed      0.00%
  14  yHAB154_Kazachstania_transvaalensis    0.57%    failed      3.22%
  15  yHAB155_Kazachstania_spencerorum       0.57%    failed      1.56%
  16  yHAB158_Kazachstania_viticola          0.29%    passed     16.94%
  17  yHAB159_Kazachstania_solicola          0.86%    passed      8.34%
  18  yHAB160_Kazachstania_kunashirensis     0.29%    failed      0.19%
  19  yHAB164_Kazachstania_aerobia           0.86%    failed      4.90%
  20  yHAB166_Kazachstania_yakushimaensis    0.86%    passed      5.81%
  21  yHMPu5000035629_Yueomyces_sinensis     2.86%    failed      3.08%
****  TOTAL                                  1.25%  10 sequences failed composition chi2 test (p-value<5%; df=3)
NOTE: No CharPartition defined, use all CharSets

Loading 3 partitions...
Subset	Type	Seqs	Sites	Infor	Invar	Model	Name
1		21	350	213	89	MFPMERGE	p1
2		21	350	141	163	MFPMERGE	p2
3		21	350	336	9	MFPMERGE	p3
Degree of missing data: 0.000
Info: multi-threading strategy over partitions



Create initial parsimony tree by phylogenetic likelihood library (PLL)... 0.003 seconds
NOTE: ModelFinder requires 8 MB RAM!
Testing GTR+F+G on supermatrix...
GTR+F+G4 / LnL: -15907.633 / df: 48 / AIC: 31911.266 / AICc: 31915.966 / BIC: 32149.180
Selecting individual models for 3 charsets using BIC...
 No. Model        Score       Charset
   1 TIM3+F+G4    6380.759    p2
   2 TVM+F+G4     9317.654    p1
   3 HKY+F+R3     15338.011   p3
Full partition model BIC score: 31329.336 (LnL: -15442.059  df:64)
Merging models to increase model fit (about 7 total partition schemes)...
   4 TIM3+F+G4    31373.378   p1+p2
   5 GTR+F+I+G4   31755.261   p1+p3
   6 TPM3u+F+I+G4 32026.761   p2+p3
BEST-FIT PARTITION MODEL: 
  charpartition BIC = TVM+F+G4: p1, TIM3+F+G4: p2, HKY+F+R3: p3;
Agglomerative model selection: (p1,p2,p3)
Partition information was printed to Yeast_2408_clade2//aln_seqs/OG2093.nt.aln.nex.best_scheme.nex
Partition information in Raxml format was printed to Yeast_2408_clade2//aln_seqs/OG2093.nt.aln.nex.best_scheme

All model information printed to Yeast_2408_clade2//aln_seqs/OG2093.nt.aln.nex.model.gz
CPU time for ModelFinder: 101.715 seconds (0h:1m:41s)
Wall-clock time for ModelFinder: 6581.420 seconds (1h:49m:41s)
Generating 1000 samples for ultrafast bootstrap (seed: 705558)...

NOTE: 5 MB RAM (0 GB) is required!
Estimate model parameters (epsilon = 0.100)
Initial log-likelihood: -16348.353
Current log-likelihood at step 1: -15626.688
Current log-likelihood at step 2: -15505.087
Current log-likelihood at step 3: -15471.891
Current log-likelihood at step 4: -15463.348
Current log-likelihood at step 5: -15457.433
Current log-likelihood at step 6: -15452.576
Current log-likelihood at step 7: -15448.593
Current log-likelihood at step 8: -15445.325
Current log-likelihood at step 9: -15442.664
Current log-likelihood at step 10: -15440.444
Current log-likelihood at step 11: -15438.633
Current log-likelihood at step 12: -15437.129
Current log-likelihood at step 13: -15435.887
Current log-likelihood at step 14: -15434.844
Current log-likelihood at step 15: -15433.988
Current log-likelihood at step 16: -15433.289
Current log-likelihood at step 17: -15432.692
Current log-likelihood at step 18: -15432.192
Current log-likelihood at step 19: -15431.765
Current log-likelihood at step 20: -15431.401
Current log-likelihood at step 21: -15431.086
Current log-likelihood at step 22: -15430.815
Current log-likelihood at step 23: -15430.606
Current log-likelihood at step 24: -15430.447
Current log-likelihood at step 25: -15430.305
Current log-likelihood at step 26: -15430.169
Current log-likelihood at step 27: -15430.049
Current log-likelihood at step 28: -15429.939
Current log-likelihood at step 29: -15429.846
Partition-specific rates:  0.254 0.149 2.596
Parameters optimization took 28 rounds (173.621 sec)

Computing ML distances based on estimated model parameters... 0.020 sec
WARNING: Some pairwise ML distances are too long (saturated)
Computing BIONJ tree...
0.440 seconds
Log-likelihood of BIONJ tree: -15365.017
--------------------------------------------------------------------
|             INITIALIZING CANDIDATE TREE SET                      |
--------------------------------------------------------------------
Generating 98 parsimony trees... 46.992 second
Computing log-likelihood of 98 initial trees ... 573.431 seconds
Current best score: -15365.017

Do NNI search on 20 best initial trees
Estimate model parameters (epsilon = 0.100)
Initial log-likelihood: -15364.226
Current log-likelihood at step 1: -15363.133
Current log-likelihood at step 2: -15362.993
Current log-likelihood at step 3: -15362.898
Parameters optimization took 2 rounds (12.953 sec)

BETTER TREE FOUND at iteration 1: -15362.898
Iteration 10 / LogL: -15364.370 / Time: 0h:24m:25s
Estimate model parameters (epsilon = 0.100)
Initial log-likelihood: -15360.352
Current log-likelihood at step 1: -15360.133
Current log-likelihood at step 2: -15360.036
Parameters optimization took 1 rounds (6.904 sec)

BETTER TREE FOUND at iteration 11: -15360.036
UPDATE BEST LOG-LIKELIHOOD: -15360.029
Iteration 20 / LogL: -15360.235 / Time: 0h:36m:46s
Finish initializing candidate tree set (13)
Current best tree score: -15360.029 / CPU time: 1993.809
Number of iterations: 20
--------------------------------------------------------------------
|               OPTIMIZING CANDIDATE TREE SET                      |
--------------------------------------------------------------------
Iteration 30 / LogL: -15364.264 / Time: 0h:44m:30s (2h:4m:18s left)
UPDATE BEST LOG-LIKELIHOOD: -15360.024
Iteration 40 / LogL: -15364.839 / Time: 0h:52m:24s (1h:35m:23s left)
Iteration 50 / LogL: -15362.835 / Time: 0h:59m:14s (1h:13m:44s left)
Log-likelihood cutoff on original alignment: -15412.037
UPDATE BEST LOG-LIKELIHOOD: -15360.024
Iteration 60 / LogL: -15360.211 / Time: 1h:6m:46s (0h:57m:43s left)
Iteration 70 / LogL: -15362.774 / Time: 1h:13m:32s (0h:43m:41s left)
Iteration 80 / LogL: -15365.888 / Time: 1h:20m:39s (0h:31m:39s left)
Iteration 90 / LogL: -15362.776 / Time: 1h:27m:4s (0h:20m:32s left)
Iteration 100 / LogL: -15360.045 / Time: 1h:33m:31s (0h:10m:23s left)
Log-likelihood cutoff on original alignment: -15412.037
NOTE: Bootstrap correlation coefficient of split occurrence frequencies: 0.998
Iteration 110 / LogL: -15362.757 / Time: 1h:38m:33s (1h:21m:22s left)
TREE SEARCH COMPLETED AFTER 112 ITERATIONS / Time: 1h:39m:31s

--------------------------------------------------------------------
|                    FINALIZING TREE SEARCH                        |
--------------------------------------------------------------------
Performs final model parameters optimization
Estimate model parameters (epsilon = 0.010)
Initial log-likelihood: -15360.019
Current log-likelihood at step 1: -15359.919
Current log-likelihood at step 2: -15359.839
Current log-likelihood at step 3: -15359.772
Current log-likelihood at step 4: -15359.712
Current log-likelihood at step 5: -15359.658
Current log-likelihood at step 6: -15359.610
Current log-likelihood at step 7: -15359.568
Current log-likelihood at step 8: -15359.529
Current log-likelihood at step 9: -15359.495
Current log-likelihood at step 10: -15359.465
Current log-likelihood at step 11: -15359.437
Current log-likelihood at step 12: -15359.415
Current log-likelihood at step 13: -15359.398
Current log-likelihood at step 14: -15359.382
Current log-likelihood at step 15: -15359.367
Current log-likelihood at step 16: -15359.354
Current log-likelihood at step 17: -15359.341
Current log-likelihood at step 18: -15359.329
Current log-likelihood at step 19: -15359.318
Current log-likelihood at step 20: -15359.309
Partition-specific rates:  0.218 0.126 2.656
Parameters optimization took 19 rounds (55.385 sec)

BEST SCORE FOUND : -15359.309
Creating bootstrap support values...
Split supports printed to NEXUS file Yeast_2408_clade2//aln_seqs/OG2093.nt.aln.nex.splits.nex
Total tree length: 26.529

Total number of iterations: 112
CPU time used for tree search: 135.055 sec (0h:2m:15s)
Wall-clock time used for tree search: 5757.452 sec (1h:35m:57s)
Total CPU time used: 141.297 sec (0h:2m:21s)
Total wall-clock time used: 6033.706 sec (1h:40m:33s)

Computing bootstrap consensus tree...
Reading input file Yeast_2408_clade2//aln_seqs/OG2093.nt.aln.nex.splits.nex...
21 taxa and 191 splits.
Consensus tree written to Yeast_2408_clade2//aln_seqs/OG2093.nt.aln.nex.contree
Reading input trees file Yeast_2408_clade2//aln_seqs/OG2093.nt.aln.nex.contree
Log-likelihood of consensus tree: -15359.561

Analysis results written to: 
  IQ-TREE report:                Yeast_2408_clade2//aln_seqs/OG2093.nt.aln.nex.iqtree
  Maximum-likelihood tree:       Yeast_2408_clade2//aln_seqs/OG2093.nt.aln.nex.treefile
  Likelihood distances:          Yeast_2408_clade2//aln_seqs/OG2093.nt.aln.nex.mldist
  Best partitioning scheme:      Yeast_2408_clade2//aln_seqs/OG2093.nt.aln.nex.best_scheme.nex
           in RAxML format:      Yeast_2408_clade2//aln_seqs/OG2093.nt.aln.nex.best_scheme

Ultrafast bootstrap approximation results written to:
  Split support values:          Yeast_2408_clade2//aln_seqs/OG2093.nt.aln.nex.splits.nex
  Consensus tree:                Yeast_2408_clade2//aln_seqs/OG2093.nt.aln.nex.contree
  Screen log file:               Yeast_2408_clade2//aln_seqs/OG2093.nt.aln.nex.log

Date and Time: Wed Mar  6 12:11:26 2019
