IQ-TREE multicore version 1.6.8 for Linux 64-bit built Oct 28 2018
Developed by Bui Quang Minh, Nguyen Lam Tung, Olga Chernomor,
Heiko Schmidt, Dominik Schrempf, Michael Woodhams.

Host:    sango40506.oist.jp (AVX2, FMA3, 755 GB RAM)
Command: iqtree -s Yeast_2408_clade2//aln_seqs/OG2130.nt.aln -bb 1000 -redo -nt 3 -spp Yeast_2408_clade2//aln_seqs/OG2130.nt.aln.nex -m MFPMERGE
Seed:    355450 (Using SPRNG - Scalable Parallel Random Number Generator)
Time:    Wed Mar  6 08:42:38 2019
Kernel:  AVX+FMA - 3 threads (36 CPU cores detected)

Reading partition model file Yeast_2408_clade2//aln_seqs/OG2130.nt.aln.nex ...
Reading alignment file Yeast_2408_clade2//aln_seqs/OG2130.nt.aln ... Fasta format detected
Alignment most likely contains DNA/RNA sequences
Alignment has 21 sequences with 1320 columns, 560 distinct patterns
481 parsimony-informative, 93 singleton sites, 746 constant sites
                                     Gap/Ambiguity  Composition  p-value
   1  Kazachstania_africana                  1.82%    passed     77.15%
   2  Kazachstania_naganishii                2.05%    failed      0.00%
   3  Naumovozyma_castellii                  1.59%    passed     81.29%
   4  Naumovozyma_dairenensis                0.91%    passed     42.46%
   5  Tetrapisispora_blattae                 2.27%    passed     34.33%
   6  yHAB132_Kazachstania_martiniae         2.05%    passed     45.58%
   7  yHAB133_Kazachstania_unispora          2.05%    passed     11.98%
   8  yHAB134_Kazachstania_turicensis        1.59%    passed     53.37%
   9  yHAB136_Kazachstania_bromeliacearum    2.05%    passed     75.55%
  10  yHAB143_Kazachstania_siamensis         2.05%    failed      0.46%
  11  yHAB147_Kazachstania_taianensis        2.05%    failed      0.00%
  12  yHAB148_Kazachstania_intestinalis      2.05%    failed      0.02%
  13  yHAB153_Kazachstania_rosinii           1.59%    passed      8.72%
  14  yHAB154_Kazachstania_transvaalensis    1.82%    passed     31.88%
  15  yHAB155_Kazachstania_spencerorum       1.59%    failed      2.76%
  16  yHAB158_Kazachstania_viticola          1.59%    passed     71.54%
  17  yHAB159_Kazachstania_solicola          2.05%    passed     78.57%
  18  yHAB160_Kazachstania_kunashirensis     3.41%    passed     16.20%
  19  yHAB164_Kazachstania_aerobia           2.05%    passed     80.94%
  20  yHAB166_Kazachstania_yakushimaensis    1.82%    failed      0.04%
  21  yHMPu5000035629_Yueomyces_sinensis     1.82%    failed      3.64%
****  TOTAL                                  1.92%  7 sequences failed composition chi2 test (p-value<5%; df=3)
NOTE: No CharPartition defined, use all CharSets

Loading 3 partitions...
Subset	Type	Seqs	Sites	Infor	Invar	Model	Name
1		21	440	84	320	MFPMERGE	p1
2		21	440	25	389	MFPMERGE	p2
3		21	440	372	37	MFPMERGE	p3
Degree of missing data: 0.000
Info: multi-threading strategy over partitions



Create initial parsimony tree by phylogenetic likelihood library (PLL)... 0.002 seconds
NOTE: ModelFinder requires 6 MB RAM!
Testing GTR+F+G on supermatrix...
GTR+F+G4 / LnL: -11501.467 / df: 48 / AIC: 23098.934 / AICc: 23102.635 / BIC: 23347.832
Selecting individual models for 3 charsets using BIC...
 No. Model        Score       Charset
   1 TVM+F+I+G4   2617.428    p2
   2 TIM3+F+G4    4368.299    p1
   3 TN+F+R3      14631.978   p3
Full partition model BIC score: 21921.511 (LnL: -10723.638  df:66)
Merging models to increase model fit (about 7 total partition schemes)...
   4 TIM3+F+I+G4  22041.418   p1+p2
   5 TVM+F+R3     22792.649   p2+p3
   6 TIM2+F+R4    22669.665   p1+p3
BEST-FIT PARTITION MODEL: 
  charpartition BIC = TIM3+F+G4: p1, TVM+F+I+G4: p2, TN+F+R3: p3;
Agglomerative model selection: (p1,p2,p3)
Partition information was printed to Yeast_2408_clade2//aln_seqs/OG2130.nt.aln.nex.best_scheme.nex
Partition information in Raxml format was printed to Yeast_2408_clade2//aln_seqs/OG2130.nt.aln.nex.best_scheme

All model information printed to Yeast_2408_clade2//aln_seqs/OG2130.nt.aln.nex.model.gz
CPU time for ModelFinder: 110.500 seconds (0h:1m:50s)
Wall-clock time for ModelFinder: 7977.170 seconds (2h:12m:57s)
Generating 1000 samples for ultrafast bootstrap (seed: 355450)...

NOTE: 3 MB RAM (0 GB) is required!
WARNING: Number of threads seems too high for short alignments. Use -nt AUTO to determine best number of threads.
Estimate model parameters (epsilon = 0.100)
Initial log-likelihood: -12255.514
Current log-likelihood at step 1: -10957.111
Current log-likelihood at step 2: -10877.665
Current log-likelihood at step 3: -10791.521
Current log-likelihood at step 4: -10736.356
Current log-likelihood at step 5: -10719.270
Current log-likelihood at step 6: -10715.055
Current log-likelihood at step 7: -10711.997
Current log-likelihood at step 8: -10709.599
Current log-likelihood at step 9: -10707.773
Current log-likelihood at step 10: -10706.378
Current log-likelihood at step 11: -10705.315
Current log-likelihood at step 12: -10704.502
Current log-likelihood at step 13: -10703.880
Current log-likelihood at step 14: -10703.405
Current log-likelihood at step 15: -10703.041
Current log-likelihood at step 16: -10702.762
Current log-likelihood at step 17: -10702.558
Current log-likelihood at step 18: -10702.396
Current log-likelihood at step 19: -10702.271
Current log-likelihood at step 20: -10702.173
Partition-specific rates:  0.090 0.040 2.870
Parameters optimization took 19 rounds (87.286 sec)

Computing ML distances based on estimated model parameters... 0.011 sec
Computing BIONJ tree...
0.218 seconds
Log-likelihood of BIONJ tree: -10681.799
--------------------------------------------------------------------
|             INITIALIZING CANDIDATE TREE SET                      |
--------------------------------------------------------------------
Generating 98 parsimony trees... 30.828 second
Computing log-likelihood of 98 initial trees ... 428.815 seconds
Current best score: -10681.799

Do NNI search on 20 best initial trees
Estimate model parameters (epsilon = 0.100)
Initial log-likelihood: -10674.484
Current log-likelihood at step 1: -10673.413
Current log-likelihood at step 2: -10673.338
Parameters optimization took 1 rounds (6.480 sec)

BETTER TREE FOUND at iteration 1: -10673.338
Iteration 10 / LogL: -10681.670 / Time: 0h:16m:0s
Estimate model parameters (epsilon = 0.100)
Initial log-likelihood: -10672.308
Current log-likelihood at step 1: -10672.094
Current log-likelihood at step 2: -10672.049
Parameters optimization took 1 rounds (5.792 sec)

BETTER TREE FOUND at iteration 15: -10672.049
Iteration 20 / LogL: -10672.055 / Time: 0h:23m:6s
Finish initializing candidate tree set (13)
Current best tree score: -10672.049 / CPU time: 1280.869
Number of iterations: 20
--------------------------------------------------------------------
|               OPTIMIZING CANDIDATE TREE SET                      |
--------------------------------------------------------------------
Iteration 30 / LogL: -10675.992 / Time: 0h:29m:27s (1h:26m:19s left)
Iteration 40 / LogL: -10673.523 / Time: 0h:34m:52s (1h:7m:3s left)
Iteration 50 / LogL: -10673.486 / Time: 0h:40m:24s (0h:53m:36s left)
Log-likelihood cutoff on original alignment: -10710.302
Iteration 60 / LogL: -10673.503 / Time: 0h:46m:6s (0h:42m:58s left)
Iteration 70 / LogL: -10673.560 / Time: 0h:51m:23s (0h:33m:30s left)
Iteration 80 / LogL: -10672.057 / Time: 0h:56m:22s (0h:24m:58s left)
Iteration 90 / LogL: -10672.269 / Time: 1h:1m:33s (0h:17m:17s left)
Iteration 100 / LogL: -10673.407 / Time: 1h:6m:40s (0h:10m:6s left)
Log-likelihood cutoff on original alignment: -10710.302
NOTE: Bootstrap correlation coefficient of split occurrence frequencies: 0.998
Iteration 110 / LogL: -10673.527 / Time: 1h:10m:43s (0h:58m:23s left)
TREE SEARCH COMPLETED AFTER 116 ITERATIONS / Time: 1h:13m:13s

--------------------------------------------------------------------
|                    FINALIZING TREE SEARCH                        |
--------------------------------------------------------------------
Performs final model parameters optimization
Estimate model parameters (epsilon = 0.010)
Initial log-likelihood: -10672.049
Current log-likelihood at step 1: -10672.012
Current log-likelihood at step 2: -10671.985
Current log-likelihood at step 3: -10671.969
Current log-likelihood at step 4: -10671.957
Current log-likelihood at step 5: -10671.947
Partition-specific rates:  0.096 0.042 2.862
Parameters optimization took 4 rounds (7.736 sec)

BEST SCORE FOUND : -10671.947
Creating bootstrap support values...
Split supports printed to NEXUS file Yeast_2408_clade2//aln_seqs/OG2130.nt.aln.nex.splits.nex
Total tree length: 9.028

Total number of iterations: 116
CPU time used for tree search: 105.685 sec (0h:1m:45s)
Wall-clock time used for tree search: 4286.567 sec (1h:11m:26s)
Total CPU time used: 108.273 sec (0h:1m:48s)
Total wall-clock time used: 4408.064 sec (1h:13m:28s)

Computing bootstrap consensus tree...
Reading input file Yeast_2408_clade2//aln_seqs/OG2130.nt.aln.nex.splits.nex...
21 taxa and 255 splits.
Consensus tree written to Yeast_2408_clade2//aln_seqs/OG2130.nt.aln.nex.contree
Reading input trees file Yeast_2408_clade2//aln_seqs/OG2130.nt.aln.nex.contree
Log-likelihood of consensus tree: -10673.489

Analysis results written to: 
  IQ-TREE report:                Yeast_2408_clade2//aln_seqs/OG2130.nt.aln.nex.iqtree
  Maximum-likelihood tree:       Yeast_2408_clade2//aln_seqs/OG2130.nt.aln.nex.treefile
  Likelihood distances:          Yeast_2408_clade2//aln_seqs/OG2130.nt.aln.nex.mldist
  Best partitioning scheme:      Yeast_2408_clade2//aln_seqs/OG2130.nt.aln.nex.best_scheme.nex
           in RAxML format:      Yeast_2408_clade2//aln_seqs/OG2130.nt.aln.nex.best_scheme

Ultrafast bootstrap approximation results written to:
  Split support values:          Yeast_2408_clade2//aln_seqs/OG2130.nt.aln.nex.splits.nex
  Consensus tree:                Yeast_2408_clade2//aln_seqs/OG2130.nt.aln.nex.contree
  Screen log file:               Yeast_2408_clade2//aln_seqs/OG2130.nt.aln.nex.log

Date and Time: Wed Mar  6 12:09:14 2019
