IQ-TREE multicore version 1.6.8 for Linux 64-bit built Oct 28 2018
Developed by Bui Quang Minh, Nguyen Lam Tung, Olga Chernomor,
Heiko Schmidt, Dominik Schrempf, Michael Woodhams.

Host:    sango40506.oist.jp (AVX2, FMA3, 755 GB RAM)
Command: iqtree -s Yeast_2408_clade2//aln_seqs/OG2106.nt.aln -bb 1000 -redo -nt 3 -spp Yeast_2408_clade2//aln_seqs/OG2106.nt.aln.nex -m MFPMERGE
Seed:    631313 (Using SPRNG - Scalable Parallel Random Number Generator)
Time:    Wed Mar  6 08:40:58 2019
Kernel:  AVX+FMA - 3 threads (36 CPU cores detected)

Reading partition model file Yeast_2408_clade2//aln_seqs/OG2106.nt.aln.nex ...
Reading alignment file Yeast_2408_clade2//aln_seqs/OG2106.nt.aln ... Fasta format detected
Alignment most likely contains DNA/RNA sequences
Alignment has 21 sequences with 900 columns, 373 distinct patterns
300 parsimony-informative, 93 singleton sites, 507 constant sites
                                     Gap/Ambiguity  Composition  p-value
   1  Kazachstania_africana                  0.00%    passed     95.01%
   2  Kazachstania_naganishii                0.00%    failed      0.95%
   3  Naumovozyma_castellii                  0.00%    passed     75.49%
   4  Naumovozyma_dairenensis                0.00%    passed     60.95%
   5  Tetrapisispora_blattae                 0.00%    passed     91.72%
   6  yHAB132_Kazachstania_martiniae         0.00%    passed     50.44%
   7  yHAB133_Kazachstania_unispora          0.00%    passed     25.49%
   8  yHAB134_Kazachstania_turicensis        0.00%    passed     95.99%
   9  yHAB136_Kazachstania_bromeliacearum    0.00%    passed     86.99%
  10  yHAB143_Kazachstania_siamensis         0.00%    passed     59.08%
  11  yHAB147_Kazachstania_taianensis        0.00%    failed      0.00%
  12  yHAB148_Kazachstania_intestinalis      0.00%    failed      2.60%
  13  yHAB153_Kazachstania_rosinii           0.00%    passed      6.17%
  14  yHAB154_Kazachstania_transvaalensis    0.00%    passed     37.77%
  15  yHAB155_Kazachstania_spencerorum       3.33%    passed      8.52%
  16  yHAB158_Kazachstania_viticola          0.00%    passed     44.80%
  17  yHAB159_Kazachstania_solicola          0.00%    passed     68.52%
  18  yHAB160_Kazachstania_kunashirensis     0.00%    passed     18.75%
  19  yHAB164_Kazachstania_aerobia           0.00%    passed     86.20%
  20  yHAB166_Kazachstania_yakushimaensis    0.00%    passed     62.56%
  21  yHMPu5000035629_Yueomyces_sinensis     0.00%    passed     76.19%
****  TOTAL                                  0.16%  3 sequences failed composition chi2 test (p-value<5%; df=3)
NOTE: No CharPartition defined, use all CharSets

Loading 3 partitions...
Subset	Type	Seqs	Sites	Infor	Invar	Model	Name
1		21	300	65	201	MFPMERGE	p1
2		21	300	38	236	MFPMERGE	p2
3		21	300	197	70	MFPMERGE	p3
Degree of missing data: 0.000
Info: multi-threading strategy over partitions



Create initial parsimony tree by phylogenetic likelihood library (PLL)... 0.002 seconds
NOTE: ModelFinder requires 4 MB RAM!
Testing GTR+F+G on supermatrix...
GTR+F+G4 / LnL: -6563.215 / df: 48 / AIC: 13222.431 / AICc: 13227.958 / BIC: 13452.946
Selecting individual models for 3 charsets using BIC...
 No. Model        Score       Charset
   1 TIM3+F+G4    2351.727    p2
   2 TN+F+I+G4    3287.995    p1
   3 TPM2u+F+I+G4 6913.159    p3
Full partition model BIC score: 12837.738 (LnL: -6207.995  df:62)
Merging models to increase model fit (about 7 total partition schemes)...
   4 TPM3+F+I+G4  12948.936   p1+p2
   5 TPM3u+F+I+G4 13194.654   p2+p3
   6 TIM2+F+I+G4  13182.917   p1+p3
BEST-FIT PARTITION MODEL: 
  charpartition BIC = TN+F+I+G4: p1, TIM3+F+G4: p2, TPM2u+F+I+G4: p3;
Agglomerative model selection: (p1,p2,p3)
Partition information was printed to Yeast_2408_clade2//aln_seqs/OG2106.nt.aln.nex.best_scheme.nex
Partition information in Raxml format was printed to Yeast_2408_clade2//aln_seqs/OG2106.nt.aln.nex.best_scheme

All model information printed to Yeast_2408_clade2//aln_seqs/OG2106.nt.aln.nex.model.gz
CPU time for ModelFinder: 22.176 seconds (0h:0m:22s)
Wall-clock time for ModelFinder: 1213.512 seconds (0h:20m:13s)
Generating 1000 samples for ultrafast bootstrap (seed: 631313)...

NOTE: 2 MB RAM (0 GB) is required!
WARNING: Number of threads seems too high for short alignments. Use -nt AUTO to determine best number of threads.
Estimate model parameters (epsilon = 0.100)
Initial log-likelihood: -6837.512
Current log-likelihood at step 1: -6232.856
Current log-likelihood at step 2: -6210.429
Current log-likelihood at step 3: -6209.939
Current log-likelihood at step 4: -6209.500
Current log-likelihood at step 5: -6209.048
Current log-likelihood at step 6: -6208.583
Current log-likelihood at step 7: -6208.125
Current log-likelihood at step 8: -6207.708
Current log-likelihood at step 9: -6207.367
Current log-likelihood at step 10: -6207.116
Current log-likelihood at step 11: -6206.951
Current log-likelihood at step 12: -6206.848
Current log-likelihood at step 13: -6206.784
Partition-specific rates:  0.533 0.301 2.166
Parameters optimization took 12 rounds (31.407 sec)

Computing ML distances based on estimated model parameters... 0.006 sec
Computing BIONJ tree...
0.378 seconds
Log-likelihood of BIONJ tree: -6221.120
--------------------------------------------------------------------
|             INITIALIZING CANDIDATE TREE SET                      |
--------------------------------------------------------------------
Generating 98 parsimony trees... 31.745 second
Computing log-likelihood of 98 initial trees ... 323.793 seconds
Current best score: -6193.683

Do NNI search on 20 best initial trees
Estimate model parameters (epsilon = 0.100)
Initial log-likelihood: -6187.614
Current log-likelihood at step 1: -6186.567
Current log-likelihood at step 2: -6186.465
Current log-likelihood at step 3: -6186.420
Parameters optimization took 2 rounds (5.613 sec)

BETTER TREE FOUND at iteration 1: -6186.420
Iteration 10 / LogL: -6204.120 / Time: 0h:10m:50s
Iteration 20 / LogL: -6195.506 / Time: 0h:15m:30s
Finish initializing candidate tree set (17)
Current best tree score: -6186.420 / CPU time: 888.129
Number of iterations: 20
--------------------------------------------------------------------
|               OPTIMIZING CANDIDATE TREE SET                      |
--------------------------------------------------------------------
Estimate model parameters (epsilon = 0.100)
Initial log-likelihood: -6186.198
Current log-likelihood at step 1: -6185.962
Current log-likelihood at step 2: -6185.927
Parameters optimization took 1 rounds (3.910 sec)

BETTER TREE FOUND at iteration 30: -6185.927
Iteration 30 / LogL: -6185.927 / Time: 0h:21m:52s (1h:15m:27s left)
Iteration 40 / LogL: -6186.997 / Time: 0h:27m:23s (1h:3m:13s left)
Iteration 50 / LogL: -6189.404 / Time: 0h:33m:25s (0h:54m:34s left)
Log-likelihood cutoff on original alignment: -6237.765
Iteration 60 / LogL: -6186.473 / Time: 0h:40m:18s (0h:47m:48s left)
Iteration 70 / LogL: -6185.967 / Time: 0h:45m:57s (0h:39m:57s left)
Iteration 80 / LogL: -6186.431 / Time: 0h:52m:46s (0h:33m:23s left)
Iteration 90 / LogL: -6186.469 / Time: 0h:59m:33s (0h:26m:45s left)
Iteration 100 / LogL: -6187.389 / Time: 1h:5m:55s (0h:19m:58s left)
Log-likelihood cutoff on original alignment: -6237.765
NOTE: Bootstrap correlation coefficient of split occurrence frequencies: 0.999
Iteration 110 / LogL: -6186.520 / Time: 1h:13m:28s (1h:0m:40s left)
Iteration 120 / LogL: -6186.998 / Time: 1h:20m:5s (0h:53m:50s left)
Iteration 130 / LogL: -6185.944 / Time: 1h:26m:16s (0h:46m:49s left)
TREE SEARCH COMPLETED AFTER 131 ITERATIONS / Time: 1h:27m:12s

--------------------------------------------------------------------
|                    FINALIZING TREE SEARCH                        |
--------------------------------------------------------------------
Performs final model parameters optimization
Estimate model parameters (epsilon = 0.010)
Initial log-likelihood: -6185.927
Current log-likelihood at step 1: -6185.905
Current log-likelihood at step 2: -6185.881
Current log-likelihood at step 3: -6185.867
Current log-likelihood at step 4: -6185.855
Current log-likelihood at step 5: -6185.847
Partition-specific rates:  0.537 0.268 2.195
Parameters optimization took 4 rounds (10.858 sec)

BEST SCORE FOUND : -6185.847
Creating bootstrap support values...
Split supports printed to NEXUS file Yeast_2408_clade2//aln_seqs/OG2106.nt.aln.nex.splits.nex
Total tree length: 2.068

Total number of iterations: 131
CPU time used for tree search: 114.494 sec (0h:1m:54s)
Wall-clock time used for tree search: 5188.346 sec (1h:26m:28s)
Total CPU time used: 115.838 sec (0h:1m:55s)
Total wall-clock time used: 5253.812 sec (1h:27m:33s)

Computing bootstrap consensus tree...
Reading input file Yeast_2408_clade2//aln_seqs/OG2106.nt.aln.nex.splits.nex...
21 taxa and 229 splits.
Consensus tree written to Yeast_2408_clade2//aln_seqs/OG2106.nt.aln.nex.contree
Reading input trees file Yeast_2408_clade2//aln_seqs/OG2106.nt.aln.nex.contree
Log-likelihood of consensus tree: -6186.781

Analysis results written to: 
  IQ-TREE report:                Yeast_2408_clade2//aln_seqs/OG2106.nt.aln.nex.iqtree
  Maximum-likelihood tree:       Yeast_2408_clade2//aln_seqs/OG2106.nt.aln.nex.treefile
  Likelihood distances:          Yeast_2408_clade2//aln_seqs/OG2106.nt.aln.nex.mldist
  Best partitioning scheme:      Yeast_2408_clade2//aln_seqs/OG2106.nt.aln.nex.best_scheme.nex
           in RAxML format:      Yeast_2408_clade2//aln_seqs/OG2106.nt.aln.nex.best_scheme

Ultrafast bootstrap approximation results written to:
  Split support values:          Yeast_2408_clade2//aln_seqs/OG2106.nt.aln.nex.splits.nex
  Consensus tree:                Yeast_2408_clade2//aln_seqs/OG2106.nt.aln.nex.contree
  Screen log file:               Yeast_2408_clade2//aln_seqs/OG2106.nt.aln.nex.log

Date and Time: Wed Mar  6 10:29:02 2019
