IQ-TREE multicore version 1.6.8 for Linux 64-bit built Oct 28 2018
Developed by Bui Quang Minh, Nguyen Lam Tung, Olga Chernomor,
Heiko Schmidt, Dominik Schrempf, Michael Woodhams.

Host:    sango40506.oist.jp (AVX2, FMA3, 755 GB RAM)
Command: iqtree -s Yeast_2408_clade2//aln_seqs/OG2188.nt.aln -bb 1000 -redo -nt 3 -spp Yeast_2408_clade2//aln_seqs/OG2188.nt.aln.nex -m MFPMERGE
Seed:    564203 (Using SPRNG - Scalable Parallel Random Number Generator)
Time:    Wed Mar  6 08:43:08 2019
Kernel:  AVX+FMA - 3 threads (36 CPU cores detected)

Reading partition model file Yeast_2408_clade2//aln_seqs/OG2188.nt.aln.nex ...
Reading alignment file Yeast_2408_clade2//aln_seqs/OG2188.nt.aln ... Fasta format detected
Alignment most likely contains DNA/RNA sequences
Alignment has 21 sequences with 1527 columns, 1049 distinct patterns
937 parsimony-informative, 145 singleton sites, 445 constant sites
                                     Gap/Ambiguity  Composition  p-value
   1  Kazachstania_africana                  0.00%    passed     71.40%
   2  Kazachstania_naganishii                0.20%    failed      0.00%
   3  Naumovozyma_castellii                  0.00%    failed      4.13%
   4  Naumovozyma_dairenensis                0.00%    passed     18.08%
   5  Tetrapisispora_blattae                 0.00%    failed      1.64%
   6  yHAB132_Kazachstania_martiniae         0.00%    passed     56.15%
   7  yHAB133_Kazachstania_unispora          0.00%    passed     34.13%
   8  yHAB134_Kazachstania_turicensis        0.00%    passed     31.29%
   9  yHAB136_Kazachstania_bromeliacearum    0.00%    passed     53.14%
  10  yHAB143_Kazachstania_siamensis         0.00%    passed      7.57%
  11  yHAB147_Kazachstania_taianensis        0.00%    failed      0.00%
  12  yHAB148_Kazachstania_intestinalis      0.00%    failed      0.36%
  13  yHAB153_Kazachstania_rosinii           0.00%    passed     23.39%
  14  yHAB154_Kazachstania_transvaalensis    0.00%    passed     31.50%
  15  yHAB155_Kazachstania_spencerorum       0.00%    passed     39.31%
  16  yHAB158_Kazachstania_viticola          0.00%    passed     13.62%
  17  yHAB159_Kazachstania_solicola          0.00%    passed     37.13%
  18  yHAB160_Kazachstania_kunashirensis     0.00%    passed     27.89%
  19  yHAB164_Kazachstania_aerobia           0.00%    passed     44.27%
  20  yHAB166_Kazachstania_yakushimaensis    0.00%    passed     15.80%
  21  yHMPu5000035629_Yueomyces_sinensis     0.00%    failed      0.01%
****  TOTAL                                  0.01%  6 sequences failed composition chi2 test (p-value<5%; df=3)
NOTE: No CharPartition defined, use all CharSets

Loading 3 partitions...
Subset	Type	Seqs	Sites	Infor	Invar	Model	Name
1		21	509	264	182	MFPMERGE	p1
2		21	509	179	260	MFPMERGE	p2
3		21	509	494	3	MFPMERGE	p3
Degree of missing data: 0.000
Info: multi-threading strategy over partitions



Create initial parsimony tree by phylogenetic likelihood library (PLL)... 0.003 seconds
NOTE: ModelFinder requires 11 MB RAM!
Testing GTR+F+G on supermatrix...
GTR+F+G4 / LnL: -22673.734 / df: 48 / AIC: 45443.468 / AICc: 45446.651 / BIC: 45699.359
Selecting individual models for 3 charsets using BIC...
 No. Model        Score       Charset
   1 GTR+F+I+G4   8404.774    p2
   2 GTR+F+I+G4   12341.934   p1
WARNING: Log-likelihood of K3P+R4 worse than K3P+R3
   3 TN+F+R3      22995.960   p3
Full partition model BIC score: 44056.403 (LnL: -21771.614  df:70)
Merging models to increase model fit (about 7 total partition schemes)...
   4 TVM+F+I+G4   44120.898   p1+p2
   5 GTR+F+I+G4   45032.528   p1+p3
   6 TPM3u+F+I+G4 45365.808   p2+p3
BEST-FIT PARTITION MODEL: 
  charpartition BIC = GTR+F+I+G4: p1, GTR+F+I+G4: p2, TN+F+R3: p3;
Agglomerative model selection: (p1,p2,p3)
Partition information was printed to Yeast_2408_clade2//aln_seqs/OG2188.nt.aln.nex.best_scheme.nex
Partition information in Raxml format was printed to Yeast_2408_clade2//aln_seqs/OG2188.nt.aln.nex.best_scheme

All model information printed to Yeast_2408_clade2//aln_seqs/OG2188.nt.aln.nex.model.gz
CPU time for ModelFinder: 96.389 seconds (0h:1m:36s)
Wall-clock time for ModelFinder: 6572.318 seconds (1h:49m:32s)
Generating 1000 samples for ultrafast bootstrap (seed: 564203)...

NOTE: 6 MB RAM (0 GB) is required!
Estimate model parameters (epsilon = 0.100)
Initial log-likelihood: -23056.170
Current log-likelihood at step 1: -21972.667
Current log-likelihood at step 2: -21851.779
Current log-likelihood at step 3: -21795.279
Current log-likelihood at step 4: -21770.522
Current log-likelihood at step 5: -21760.043
Current log-likelihood at step 6: -21754.632
Current log-likelihood at step 7: -21751.979
Current log-likelihood at step 8: -21750.421
Current log-likelihood at step 9: -21749.401
Current log-likelihood at step 10: -21748.693
Current log-likelihood at step 11: -21748.189
Current log-likelihood at step 12: -21747.852
Current log-likelihood at step 13: -21747.678
Current log-likelihood at step 14: -21747.583
Partition-specific rates:  0.181 0.095 2.723
Parameters optimization took 13 rounds (82.891 sec)

Computing ML distances based on estimated model parameters... 0.013 sec
Computing BIONJ tree...
0.373 seconds
Log-likelihood of BIONJ tree: -21745.949
--------------------------------------------------------------------
|             INITIALIZING CANDIDATE TREE SET                      |
--------------------------------------------------------------------
Generating 98 parsimony trees... 49.919 second
Computing log-likelihood of 98 initial trees ... 613.565 seconds
Current best score: -21745.949

Do NNI search on 20 best initial trees
Estimate model parameters (epsilon = 0.100)
Initial log-likelihood: -21744.932
Current log-likelihood at step 1: -21744.816
Current log-likelihood at step 2: -21744.742
Parameters optimization took 1 rounds (7.824 sec)

BETTER TREE FOUND at iteration 1: -21744.742
UPDATE BEST LOG-LIKELIHOOD: -21744.735
UPDATE BEST LOG-LIKELIHOOD: -21744.734
Iteration 10 / LogL: -21744.735 / Time: 0h:19m:17s
Iteration 20 / LogL: -21744.735 / Time: 0h:28m:18s
Finish initializing candidate tree set (2)
Current best tree score: -21744.734 / CPU time: 1590.692
Number of iterations: 20
--------------------------------------------------------------------
|               OPTIMIZING CANDIDATE TREE SET                      |
--------------------------------------------------------------------
Iteration 30 / LogL: -21744.736 / Time: 0h:37m:37s (1h:32m:5s left)
Iteration 40 / LogL: -21744.749 / Time: 0h:46m:26s (1h:12m:38s left)
Iteration 50 / LogL: -21746.400 / Time: 0h:54m:38s (0h:56m:52s left)
Log-likelihood cutoff on original alignment: -21786.511
Iteration 60 / LogL: -21744.735 / Time: 1h:3m:4s (0h:43m:49s left)
Iteration 70 / LogL: -21744.799 / Time: 1h:10m:59s (0h:31m:53s left)
Iteration 80 / LogL: -21744.773 / Time: 1h:18m:46s (0h:20m:56s left)
Iteration 90 / LogL: -21746.400 / Time: 1h:25m:44s (0h:10m:35s left)
Iteration 100 / LogL: -21744.735 / Time: 1h:31m:43s (0h:0m:55s left)
Log-likelihood cutoff on original alignment: -21786.511
NOTE: Bootstrap correlation coefficient of split occurrence frequencies: 1.000
TREE SEARCH COMPLETED AFTER 102 ITERATIONS / Time: 1h:32m:58s

--------------------------------------------------------------------
|                    FINALIZING TREE SEARCH                        |
--------------------------------------------------------------------
Performs final model parameters optimization
Estimate model parameters (epsilon = 0.010)
Initial log-likelihood: -21744.731
Current log-likelihood at step 1: -21744.636
Current log-likelihood at step 2: -21744.551
Current log-likelihood at step 3: -21744.472
Current log-likelihood at step 4: -21744.397
Current log-likelihood at step 5: -21744.327
Current log-likelihood at step 6: -21744.261
Current log-likelihood at step 7: -21744.198
Current log-likelihood at step 8: -21744.138
Current log-likelihood at step 9: -21744.081
Current log-likelihood at step 10: -21744.028
Current log-likelihood at step 11: -21743.976
Current log-likelihood at step 12: -21743.927
Current log-likelihood at step 13: -21743.880
Current log-likelihood at step 14: -21743.834
Current log-likelihood at step 15: -21743.790
Current log-likelihood at step 16: -21743.748
Current log-likelihood at step 17: -21743.707
Current log-likelihood at step 18: -21743.668
Current log-likelihood at step 19: -21743.630
Current log-likelihood at step 20: -21743.593
Current log-likelihood at step 21: -21743.558
Current log-likelihood at step 22: -21743.523
Current log-likelihood at step 23: -21743.490
Current log-likelihood at step 24: -21743.457
Current log-likelihood at step 25: -21743.425
Current log-likelihood at step 26: -21743.394
Current log-likelihood at step 27: -21743.364
Current log-likelihood at step 28: -21743.334
Current log-likelihood at step 29: -21743.306
Current log-likelihood at step 30: -21743.279
Current log-likelihood at step 31: -21743.251
Current log-likelihood at step 32: -21743.224
Current log-likelihood at step 33: -21743.198
Current log-likelihood at step 34: -21743.172
Current log-likelihood at step 35: -21743.147
Current log-likelihood at step 36: -21743.123
Current log-likelihood at step 37: -21743.099
Current log-likelihood at step 38: -21743.075
Current log-likelihood at step 39: -21743.051
Current log-likelihood at step 40: -21743.028
Current log-likelihood at step 41: -21743.006
Current log-likelihood at step 42: -21742.986
Current log-likelihood at step 43: -21742.973
Current log-likelihood at step 44: -21742.956
Current log-likelihood at step 45: -21742.944
Current log-likelihood at step 46: -21742.927
Current log-likelihood at step 47: -21742.916
Current log-likelihood at step 48: -21742.898
Current log-likelihood at step 49: -21742.888
Current log-likelihood at step 50: -21742.871
Current log-likelihood at step 51: -21742.861
Current log-likelihood at step 52: -21742.844
Current log-likelihood at step 53: -21742.834
Current log-likelihood at step 54: -21742.818
Current log-likelihood at step 55: -21742.808
Current log-likelihood at step 56: -21742.792
Current log-likelihood at step 57: -21742.782
Current log-likelihood at step 58: -21742.766
Current log-likelihood at step 59: -21742.756
Partition-specific rates:  0.136 0.071 2.792
Parameters optimization took 58 rounds (205.210 sec)

BEST SCORE FOUND : -21742.756
Creating bootstrap support values...
Split supports printed to NEXUS file Yeast_2408_clade2//aln_seqs/OG2188.nt.aln.nex.splits.nex
Total tree length: 27.884

Total number of iterations: 102
CPU time used for tree search: 127.182 sec (0h:2m:7s)
Wall-clock time used for tree search: 5469.287 sec (1h:31m:9s)
Total CPU time used: 135.974 sec (0h:2m:15s)
Total wall-clock time used: 5790.434 sec (1h:36m:30s)

Computing bootstrap consensus tree...
Reading input file Yeast_2408_clade2//aln_seqs/OG2188.nt.aln.nex.splits.nex...
21 taxa and 92 splits.
Consensus tree written to Yeast_2408_clade2//aln_seqs/OG2188.nt.aln.nex.contree
Reading input trees file Yeast_2408_clade2//aln_seqs/OG2188.nt.aln.nex.contree
Log-likelihood of consensus tree: -21742.755

Analysis results written to: 
  IQ-TREE report:                Yeast_2408_clade2//aln_seqs/OG2188.nt.aln.nex.iqtree
  Maximum-likelihood tree:       Yeast_2408_clade2//aln_seqs/OG2188.nt.aln.nex.treefile
  Likelihood distances:          Yeast_2408_clade2//aln_seqs/OG2188.nt.aln.nex.mldist
  Best partitioning scheme:      Yeast_2408_clade2//aln_seqs/OG2188.nt.aln.nex.best_scheme.nex
           in RAxML format:      Yeast_2408_clade2//aln_seqs/OG2188.nt.aln.nex.best_scheme

Ultrafast bootstrap approximation results written to:
  Split support values:          Yeast_2408_clade2//aln_seqs/OG2188.nt.aln.nex.splits.nex
  Consensus tree:                Yeast_2408_clade2//aln_seqs/OG2188.nt.aln.nex.contree
  Screen log file:               Yeast_2408_clade2//aln_seqs/OG2188.nt.aln.nex.log

Date and Time: Wed Mar  6 12:09:26 2019
