IQ-TREE multicore version 1.6.8 for Linux 64-bit built Oct 28 2018
Developed by Bui Quang Minh, Nguyen Lam Tung, Olga Chernomor,
Heiko Schmidt, Dominik Schrempf, Michael Woodhams.

Host:    sango40506.oist.jp (AVX2, FMA3, 755 GB RAM)
Command: iqtree -s Yeast_2408_clade2//aln_seqs/OG2108.nt.aln -bb 1000 -redo -nt 3 -spp Yeast_2408_clade2//aln_seqs/OG2108.nt.aln.nex -m MFPMERGE
Seed:    814309 (Using SPRNG - Scalable Parallel Random Number Generator)
Time:    Wed Mar  6 08:40:41 2019
Kernel:  AVX+FMA - 3 threads (36 CPU cores detected)

Reading partition model file Yeast_2408_clade2//aln_seqs/OG2108.nt.aln.nex ...
Reading alignment file Yeast_2408_clade2//aln_seqs/OG2108.nt.aln ... Fasta format detected
Alignment most likely contains DNA/RNA sequences
Alignment has 21 sequences with 924 columns, 450 distinct patterns
405 parsimony-informative, 54 singleton sites, 465 constant sites
                                     Gap/Ambiguity  Composition  p-value
   1  Kazachstania_africana                  0.97%    passed     64.06%
   2  Kazachstania_naganishii                0.97%    failed      0.00%
   3  Naumovozyma_castellii                  0.97%    passed     75.66%
   4  Naumovozyma_dairenensis                0.97%    passed     76.47%
   5  Tetrapisispora_blattae                 0.97%    passed     60.54%
   6  yHAB132_Kazachstania_martiniae         0.97%    passed     27.36%
   7  yHAB133_Kazachstania_unispora          1.30%    passed     30.04%
   8  yHAB134_Kazachstania_turicensis        0.97%    passed      9.77%
   9  yHAB136_Kazachstania_bromeliacearum    0.97%    passed     75.00%
  10  yHAB143_Kazachstania_siamensis         1.30%    passed      9.15%
  11  yHAB147_Kazachstania_taianensis        0.65%    failed      0.00%
  12  yHAB148_Kazachstania_intestinalis      0.97%    failed      0.00%
  13  yHAB153_Kazachstania_rosinii           0.97%    failed      1.23%
  14  yHAB154_Kazachstania_transvaalensis    0.32%    failed      0.04%
  15  yHAB155_Kazachstania_spencerorum       0.97%    failed      0.23%
  16  yHAB158_Kazachstania_viticola          0.97%    passed     50.32%
  17  yHAB159_Kazachstania_solicola          1.30%    passed     52.22%
  18  yHAB160_Kazachstania_kunashirensis     1.30%    passed     19.43%
  19  yHAB164_Kazachstania_aerobia           1.30%    passed     40.13%
  20  yHAB166_Kazachstania_yakushimaensis    0.32%    failed      0.00%
  21  yHMPu5000035629_Yueomyces_sinensis     0.97%    passed     19.09%
****  TOTAL                                  0.97%  7 sequences failed composition chi2 test (p-value<5%; df=3)
NOTE: No CharPartition defined, use all CharSets

Loading 3 partitions...
Subset	Type	Seqs	Sites	Infor	Invar	Model	Name
1		21	308	89	194	MFPMERGE	p1
2		21	308	37	249	MFPMERGE	p2
3		21	308	279	22	MFPMERGE	p3
Degree of missing data: 0.000
Info: multi-threading strategy over partitions



Create initial parsimony tree by phylogenetic likelihood library (PLL)... 0.002 seconds
NOTE: ModelFinder requires 5 MB RAM!
Testing GTR+F+G on supermatrix...
GTR+F+G4 / LnL: -9320.279 / df: 48 / AIC: 18736.559 / AICc: 18741.935 / BIC: 18968.337
Selecting individual models for 3 charsets using BIC...
 No. Model        Score       Charset
   1 GTR+F+I+G4   2416.217    p2
   2 TIM3+F+I+G4  3869.125    p1
   3 TN+F+R3      11596.409   p3
Full partition model BIC score: 18174.200 (LnL: -8854.924  df:68)
Merging models to increase model fit (about 7 total partition schemes)...
   4 TIM3+F+I+G4  18213.047   p1+p2
   5 GTR+F+R3     18614.607   p1+p3
   6 TPM3u+F+G4   18729.418   p2+p3
BEST-FIT PARTITION MODEL: 
  charpartition BIC = TIM3+F+I+G4: p1, GTR+F+I+G4: p2, TN+F+R3: p3;
Agglomerative model selection: (p1,p2,p3)
Partition information was printed to Yeast_2408_clade2//aln_seqs/OG2108.nt.aln.nex.best_scheme.nex
Partition information in Raxml format was printed to Yeast_2408_clade2//aln_seqs/OG2108.nt.aln.nex.best_scheme

All model information printed to Yeast_2408_clade2//aln_seqs/OG2108.nt.aln.nex.model.gz
CPU time for ModelFinder: 75.681 seconds (0h:1m:15s)
Wall-clock time for ModelFinder: 5011.105 seconds (1h:23m:31s)
Generating 1000 samples for ultrafast bootstrap (seed: 814309)...

NOTE: 2 MB RAM (0 GB) is required!
WARNING: Number of threads seems too high for short alignments. Use -nt AUTO to determine best number of threads.
Estimate model parameters (epsilon = 0.100)
Initial log-likelihood: -9747.256
Current log-likelihood at step 1: -9024.291
Current log-likelihood at step 2: -8915.824
Current log-likelihood at step 3: -8882.039
Current log-likelihood at step 4: -8870.679
Current log-likelihood at step 5: -8866.548
Current log-likelihood at step 6: -8865.075
Current log-likelihood at step 7: -8864.368
Current log-likelihood at step 8: -8864.004
Current log-likelihood at step 9: -8863.756
Current log-likelihood at step 10: -8863.584
Current log-likelihood at step 11: -8863.449
Current log-likelihood at step 12: -8863.328
Current log-likelihood at step 13: -8863.227
Current log-likelihood at step 14: -8863.140
Partition-specific rates:  0.160 0.074 2.766
Parameters optimization took 13 rounds (57.817 sec)


WARNING: Estimated model parameters are at boundary that can cause numerical instability!

Computing ML distances based on estimated model parameters... 0.012 sec
Computing BIONJ tree...
0.511 seconds
Log-likelihood of BIONJ tree: -8849.087
--------------------------------------------------------------------
|             INITIALIZING CANDIDATE TREE SET                      |
--------------------------------------------------------------------
Generating 98 parsimony trees... 35.042 second
Computing log-likelihood of 98 initial trees ... 425.543 seconds
Current best score: -8849.087

Do NNI search on 20 best initial trees
Estimate model parameters (epsilon = 0.100)
Initial log-likelihood: -8845.159
Current log-likelihood at step 1: -8840.044
Current log-likelihood at step 2: -8837.290
Current log-likelihood at step 3: -8835.626
Current log-likelihood at step 4: -8834.498
Current log-likelihood at step 5: -8833.674
Current log-likelihood at step 6: -8833.057
Current log-likelihood at step 7: -8832.582
Current log-likelihood at step 8: -8832.214
Current log-likelihood at step 9: -8831.931
Current log-likelihood at step 10: -8831.707
Current log-likelihood at step 11: -8831.540
Current log-likelihood at step 12: -8831.407
Current log-likelihood at step 13: -8831.302
Current log-likelihood at step 14: -8831.219
Parameters optimization took 13 rounds (48.356 sec)


WARNING: Estimated model parameters are at boundary that can cause numerical instability!

BETTER TREE FOUND at iteration 1: -8831.219
Estimate model parameters (epsilon = 0.100)
Initial log-likelihood: -8831.168
Current log-likelihood at step 1: -8831.081
Parameters optimization took 0 rounds (2.544 sec)


WARNING: Estimated model parameters are at boundary that can cause numerical instability!

BETTER TREE FOUND at iteration 6: -8831.081
Iteration 10 / LogL: -8839.837 / Time: 0h:17m:15s
Iteration 20 / LogL: -8831.551 / Time: 0h:27m:33s
Finish initializing candidate tree set (15)
Current best tree score: -8831.081 / CPU time: 1580.338
Number of iterations: 20
--------------------------------------------------------------------
|               OPTIMIZING CANDIDATE TREE SET                      |
--------------------------------------------------------------------
Iteration 30 / LogL: -8834.319 / Time: 0h:35m:4s (1h:31m:53s left)
Iteration 40 / LogL: -8832.439 / Time: 0h:43m:5s (1h:12m:54s left)
Estimate model parameters (epsilon = 0.100)
Initial log-likelihood: -8830.403
Current log-likelihood at step 1: -8830.019
Current log-likelihood at step 2: -8829.947
Parameters optimization took 1 rounds (8.661 sec)


WARNING: Estimated model parameters are at boundary that can cause numerical instability!

BETTER TREE FOUND at iteration 45: -8829.947
UPDATE BEST LOG-LIKELIHOOD: -8829.946
Iteration 50 / LogL: -8831.560 / Time: 0h:51m:28s (1h:39m:46s left)
Log-likelihood cutoff on original alignment: -8859.291
BETTER TREE FOUND at iteration 56: -8829.946
Iteration 60 / LogL: -8834.133 / Time: 1h:0m:14s (1h:38m:0s left)
UPDATE BEST LOG-LIKELIHOOD: -8829.946
Iteration 70 / LogL: -8831.422 / Time: 1h:7m:25s (1h:24m:1s left)
UPDATE BEST LOG-LIKELIHOOD: -8829.946
Iteration 80 / LogL: -8829.946 / Time: 1h:14m:25s (1h:11m:35s left)
Iteration 90 / LogL: -8829.964 / Time: 1h:21m:18s (1h:0m:17s left)
Iteration 100 / LogL: -8831.560 / Time: 1h:28m:9s (0h:49m:51s left)
Log-likelihood cutoff on original alignment: -8857.691
NOTE: Bootstrap correlation coefficient of split occurrence frequencies: 0.999
Iteration 110 / LogL: -8829.946 / Time: 1h:35m:57s (1h:19m:13s left)
Iteration 120 / LogL: -8831.870 / Time: 1h:41m:43s (1h:8m:23s left)
Iteration 130 / LogL: -8829.946 / Time: 1h:48m:31s (0h:58m:53s left)
Iteration 140 / LogL: -8831.456 / Time: 1h:53m:36s (0h:49m:2s left)
Iteration 150 / LogL: -8831.910 / Time: 1h:58m:20s (0h:39m:42s left)
Log-likelihood cutoff on original alignment: -8857.691
TREE SEARCH COMPLETED AFTER 157 ITERATIONS / Time: 2h:1m:48s

--------------------------------------------------------------------
|                    FINALIZING TREE SEARCH                        |
--------------------------------------------------------------------
Performs final model parameters optimization
Estimate model parameters (epsilon = 0.010)
Initial log-likelihood: -8829.946
Current log-likelihood at step 1: -8829.920
Current log-likelihood at step 2: -8829.912
Partition-specific rates:  0.102 0.049 2.849
Parameters optimization took 1 rounds (3.992 sec)


WARNING: Estimated model parameters are at boundary that can cause numerical instability!

BEST SCORE FOUND : -8829.912
Creating bootstrap support values...
Split supports printed to NEXUS file Yeast_2408_clade2//aln_seqs/OG2108.nt.aln.nex.splits.nex
Total tree length: 13.090

Total number of iterations: 157
CPU time used for tree search: 163.818 sec (0h:2m:43s)
Wall-clock time used for tree search: 7232.007 sec (2h:0m:32s)
Total CPU time used: 165.606 sec (0h:2m:45s)
Total wall-clock time used: 7318.446 sec (2h:1m:58s)

Computing bootstrap consensus tree...
Reading input file Yeast_2408_clade2//aln_seqs/OG2108.nt.aln.nex.splits.nex...
21 taxa and 287 splits.
Consensus tree written to Yeast_2408_clade2//aln_seqs/OG2108.nt.aln.nex.contree
Reading input trees file Yeast_2408_clade2//aln_seqs/OG2108.nt.aln.nex.contree
Log-likelihood of consensus tree: -8831.593

Analysis results written to: 
  IQ-TREE report:                Yeast_2408_clade2//aln_seqs/OG2108.nt.aln.nex.iqtree
  Maximum-likelihood tree:       Yeast_2408_clade2//aln_seqs/OG2108.nt.aln.nex.treefile
  Likelihood distances:          Yeast_2408_clade2//aln_seqs/OG2108.nt.aln.nex.mldist
  Best partitioning scheme:      Yeast_2408_clade2//aln_seqs/OG2108.nt.aln.nex.best_scheme.nex
           in RAxML format:      Yeast_2408_clade2//aln_seqs/OG2108.nt.aln.nex.best_scheme

Ultrafast bootstrap approximation results written to:
  Split support values:          Yeast_2408_clade2//aln_seqs/OG2108.nt.aln.nex.splits.nex
  Consensus tree:                Yeast_2408_clade2//aln_seqs/OG2108.nt.aln.nex.contree
  Screen log file:               Yeast_2408_clade2//aln_seqs/OG2108.nt.aln.nex.log

Date and Time: Wed Mar  6 12:06:22 2019
