IQ-TREE multicore version 1.6.8 for Linux 64-bit built Oct 28 2018
Developed by Bui Quang Minh, Nguyen Lam Tung, Olga Chernomor,
Heiko Schmidt, Dominik Schrempf, Michael Woodhams.

Host:    sango40506.oist.jp (AVX2, FMA3, 755 GB RAM)
Command: iqtree -s Yeast_2408_clade2//aln_seqs/OG2207.nt.aln -bb 1000 -redo -nt 3 -spp Yeast_2408_clade2//aln_seqs/OG2207.nt.aln.nex -m MFPMERGE
Seed:    15718 (Using SPRNG - Scalable Parallel Random Number Generator)
Time:    Wed Mar  6 08:41:58 2019
Kernel:  AVX+FMA - 3 threads (36 CPU cores detected)

Reading partition model file Yeast_2408_clade2//aln_seqs/OG2207.nt.aln.nex ...
Reading alignment file Yeast_2408_clade2//aln_seqs/OG2207.nt.aln ... Fasta format detected
Alignment most likely contains DNA/RNA sequences
Alignment has 21 sequences with 1839 columns, 1236 distinct patterns
1133 parsimony-informative, 150 singleton sites, 556 constant sites
                                     Gap/Ambiguity  Composition  p-value
   1  Kazachstania_africana                  0.00%    failed      2.35%
   2  Kazachstania_naganishii                0.33%    failed      0.00%
   3  Naumovozyma_castellii                  0.00%    passed     74.13%
   4  Naumovozyma_dairenensis                0.00%    failed      0.11%
   5  Tetrapisispora_blattae                 0.00%    failed      2.80%
   6  yHAB132_Kazachstania_martiniae         0.00%    passed     98.59%
   7  yHAB133_Kazachstania_unispora          0.00%    failed      0.23%
   8  yHAB134_Kazachstania_turicensis        0.00%    passed     10.37%
   9  yHAB136_Kazachstania_bromeliacearum    0.00%    passed     98.34%
  10  yHAB143_Kazachstania_siamensis         0.00%    failed      0.10%
  11  yHAB147_Kazachstania_taianensis        0.00%    failed      0.00%
  12  yHAB148_Kazachstania_intestinalis      0.00%    failed      0.00%
  13  yHAB153_Kazachstania_rosinii           0.00%    failed      0.00%
  14  yHAB154_Kazachstania_transvaalensis    0.00%    failed      0.00%
  15  yHAB155_Kazachstania_spencerorum       0.00%    passed     22.98%
  16  yHAB158_Kazachstania_viticola          0.00%    failed      0.00%
  17  yHAB159_Kazachstania_solicola          0.00%    passed     24.04%
  18  yHAB160_Kazachstania_kunashirensis     0.00%    failed      1.86%
  19  yHAB164_Kazachstania_aerobia           0.00%    passed      7.92%
  20  yHAB166_Kazachstania_yakushimaensis    0.00%    failed      0.22%
  21  yHMPu5000035629_Yueomyces_sinensis     0.00%    passed     28.89%
****  TOTAL                                  0.02%  13 sequences failed composition chi2 test (p-value<5%; df=3)
NOTE: No CharPartition defined, use all CharSets

Loading 3 partitions...
Subset	Type	Seqs	Sites	Infor	Invar	Model	Name
1		21	613	328	222	MFPMERGE	p1
2		21	613	215	322	MFPMERGE	p2
3		21	613	590	12	MFPMERGE	p3
Degree of missing data: 0.000
Info: multi-threading strategy over partitions



Create initial parsimony tree by phylogenetic likelihood library (PLL)... 0.003 seconds
NOTE: ModelFinder requires 13 MB RAM!
Testing GTR+F+G on supermatrix...
GTR+F+G4 / LnL: -26803.735 / df: 48 / AIC: 53703.470 / AICc: 53706.098 / BIC: 53968.285
Selecting individual models for 3 charsets using BIC...
 No. Model        Score       Charset
   1 GTR+F+I+G4   15112.192   p1
   2 GTR+F+G4     10435.473   p2
   3 HKY+F+R4     26554.793   p3
Full partition model BIC score: 52423.259 (LnL: -25948.535  df:70)
Merging models to increase model fit (about 7 total partition schemes)...
   4 TPM3u+F+I+G4 52563.673   p1+p2
   5 TVM+F+I+G4   53678.341   p2+p3
   6 GTR+F+R4     53206.818   p1+p3
BEST-FIT PARTITION MODEL: 
  charpartition BIC = GTR+F+I+G4: p1, GTR+F+G4: p2, HKY+F+R4: p3;
Agglomerative model selection: (p1,p2,p3)
Partition information was printed to Yeast_2408_clade2//aln_seqs/OG2207.nt.aln.nex.best_scheme.nex
Partition information in Raxml format was printed to Yeast_2408_clade2//aln_seqs/OG2207.nt.aln.nex.best_scheme

All model information printed to Yeast_2408_clade2//aln_seqs/OG2207.nt.aln.nex.model.gz
CPU time for ModelFinder: 178.370 seconds (0h:2m:58s)
Wall-clock time for ModelFinder: 11579.860 seconds (3h:12m:59s)
Generating 1000 samples for ultrafast bootstrap (seed: 15718)...

NOTE: 8 MB RAM (0 GB) is required!
Estimate model parameters (epsilon = 0.100)
Initial log-likelihood: -27745.686
Current log-likelihood at step 1: -26152.721
Current log-likelihood at step 2: -26026.850
Current log-likelihood at step 3: -25976.466
Current log-likelihood at step 4: -25957.466
Current log-likelihood at step 5: -25949.815
Current log-likelihood at step 6: -25946.592
Current log-likelihood at step 7: -25944.607
Current log-likelihood at step 8: -25943.247
Current log-likelihood at step 9: -25942.323
Current log-likelihood at step 10: -25941.810
Current log-likelihood at step 11: -25941.548
Current log-likelihood at step 12: -25941.343
Current log-likelihood at step 13: -25941.088
Current log-likelihood at step 14: -25940.924
Current log-likelihood at step 15: -25940.775
Current log-likelihood at step 16: -25940.642
Current log-likelihood at step 17: -25940.523
Current log-likelihood at step 18: -25940.417
Current log-likelihood at step 19: -25940.324
Partition-specific rates:  0.276 0.145 2.579
Parameters optimization took 18 rounds (105.801 sec)

Computing ML distances based on estimated model parameters... 0.017 sec
Computing BIONJ tree...
0.146 seconds
Log-likelihood of BIONJ tree: -25874.474
--------------------------------------------------------------------
|             INITIALIZING CANDIDATE TREE SET                      |
--------------------------------------------------------------------
Generating 98 parsimony trees... 41.481 second
Computing log-likelihood of 98 initial trees ... 440.457 seconds
Current best score: -25874.474

Do NNI search on 20 best initial trees
Estimate model parameters (epsilon = 0.100)
Initial log-likelihood: -25866.098
Current log-likelihood at step 1: -25862.723
Current log-likelihood at step 2: -25862.201
Current log-likelihood at step 3: -25861.825
Current log-likelihood at step 4: -25861.492
Current log-likelihood at step 5: -25861.196
Current log-likelihood at step 6: -25860.956
Current log-likelihood at step 7: -25860.736
Current log-likelihood at step 8: -25860.534
Current log-likelihood at step 9: -25860.361
Current log-likelihood at step 10: -25860.197
Current log-likelihood at step 11: -25860.034
Current log-likelihood at step 12: -25859.874
Current log-likelihood at step 13: -25859.714
Current log-likelihood at step 14: -25859.550
Current log-likelihood at step 15: -25859.381
Current log-likelihood at step 16: -25859.204
Current log-likelihood at step 17: -25859.011
Current log-likelihood at step 18: -25858.799
Current log-likelihood at step 19: -25858.559
Current log-likelihood at step 20: -25858.284
Current log-likelihood at step 21: -25857.958
Current log-likelihood at step 22: -25857.544
Current log-likelihood at step 23: -25857.018
Current log-likelihood at step 24: -25856.368
Current log-likelihood at step 25: -25855.626
Current log-likelihood at step 26: -25854.868
Current log-likelihood at step 27: -25854.193
Current log-likelihood at step 28: -25853.646
Current log-likelihood at step 29: -25853.219
Current log-likelihood at step 30: -25852.874
Current log-likelihood at step 31: -25852.605
Current log-likelihood at step 32: -25852.366
Current log-likelihood at step 33: -25852.155
Current log-likelihood at step 34: -25851.977
Current log-likelihood at step 35: -25851.815
Current log-likelihood at step 36: -25851.663
Current log-likelihood at step 37: -25851.519
Current log-likelihood at step 38: -25851.382
Current log-likelihood at step 39: -25851.251
Current log-likelihood at step 40: -25851.126
Current log-likelihood at step 41: -25851.005
Current log-likelihood at step 42: -25850.889
Current log-likelihood at step 43: -25850.781
Current log-likelihood at step 44: -25850.676
Current log-likelihood at step 45: -25850.575
Current log-likelihood at step 46: -25850.478
Parameters optimization took 45 rounds (216.302 sec)

BETTER TREE FOUND at iteration 1: -25850.478
UPDATE BEST LOG-LIKELIHOOD: -25850.478
UPDATE BEST LOG-LIKELIHOOD: -25850.468
Iteration 10 / LogL: -25850.482 / Time: 0h:23m:0s
Iteration 20 / LogL: -25850.478 / Time: 0h:33m:12s
Finish initializing candidate tree set (3)
Current best tree score: -25850.468 / CPU time: 1865.888
Number of iterations: 20
--------------------------------------------------------------------
|               OPTIMIZING CANDIDATE TREE SET                      |
--------------------------------------------------------------------
Iteration 30 / LogL: -25871.995 / Time: 0h:37m:48s (1h:32m:34s left)
UPDATE BEST LOG-LIKELIHOOD: -25850.464
Iteration 40 / LogL: -25850.477 / Time: 0h:42m:13s (1h:6m:2s left)
Iteration 50 / LogL: -25871.997 / Time: 0h:46m:15s (0h:48m:9s left)
Log-likelihood cutoff on original alignment: -25900.886
Iteration 60 / LogL: -25850.480 / Time: 0h:50m:29s (0h:35m:5s left)
Iteration 70 / LogL: -25850.481 / Time: 0h:53m:57s (0h:24m:14s left)
Iteration 80 / LogL: -25850.531 / Time: 0h:57m:43s (0h:15m:20s left)
Iteration 90 / LogL: -25861.205 / Time: 1h:0m:58s (0h:7m:32s left)
Iteration 100 / LogL: -25850.491 / Time: 1h:3m:38s (0h:0m:38s left)
Log-likelihood cutoff on original alignment: -25900.886
NOTE: Bootstrap correlation coefficient of split occurrence frequencies: 0.999
TREE SEARCH COMPLETED AFTER 102 ITERATIONS / Time: 1h:4m:10s

--------------------------------------------------------------------
|                    FINALIZING TREE SEARCH                        |
--------------------------------------------------------------------
Performs final model parameters optimization
Estimate model parameters (epsilon = 0.010)
Initial log-likelihood: -25850.461
Current log-likelihood at step 1: -25850.335
Current log-likelihood at step 2: -25850.216
Current log-likelihood at step 3: -25850.099
Current log-likelihood at step 4: -25849.986
Current log-likelihood at step 5: -25849.878
Current log-likelihood at step 6: -25849.773
Current log-likelihood at step 7: -25849.673
Current log-likelihood at step 8: -25849.576
Current log-likelihood at step 9: -25849.485
Current log-likelihood at step 10: -25849.404
Current log-likelihood at step 11: -25849.322
Current log-likelihood at step 12: -25849.247
Current log-likelihood at step 13: -25849.174
Current log-likelihood at step 14: -25849.104
Current log-likelihood at step 15: -25849.036
Current log-likelihood at step 16: -25848.971
Current log-likelihood at step 17: -25848.908
Current log-likelihood at step 18: -25848.846
Current log-likelihood at step 19: -25848.787
Current log-likelihood at step 20: -25848.729
Current log-likelihood at step 21: -25848.674
Current log-likelihood at step 22: -25848.620
Current log-likelihood at step 23: -25848.567
Current log-likelihood at step 24: -25848.516
Current log-likelihood at step 25: -25848.467
Current log-likelihood at step 26: -25848.418
Current log-likelihood at step 27: -25848.372
Current log-likelihood at step 28: -25848.326
Current log-likelihood at step 29: -25848.282
Current log-likelihood at step 30: -25848.239
Current log-likelihood at step 31: -25848.197
Current log-likelihood at step 32: -25848.156
Current log-likelihood at step 33: -25848.117
Current log-likelihood at step 34: -25848.078
Current log-likelihood at step 35: -25848.043
Current log-likelihood at step 36: -25848.006
Current log-likelihood at step 37: -25847.972
Current log-likelihood at step 38: -25847.937
Current log-likelihood at step 39: -25847.905
Current log-likelihood at step 40: -25847.872
Current log-likelihood at step 41: -25847.841
Current log-likelihood at step 42: -25847.811
Current log-likelihood at step 43: -25847.782
Current log-likelihood at step 44: -25847.753
Current log-likelihood at step 45: -25847.725
Current log-likelihood at step 46: -25847.698
Current log-likelihood at step 47: -25847.671
Current log-likelihood at step 48: -25847.645
Current log-likelihood at step 49: -25847.619
Current log-likelihood at step 50: -25847.594
Current log-likelihood at step 51: -25847.570
Current log-likelihood at step 52: -25847.546
Current log-likelihood at step 53: -25847.525
Current log-likelihood at step 54: -25847.504
Current log-likelihood at step 55: -25847.484
Current log-likelihood at step 56: -25847.464
Current log-likelihood at step 57: -25847.445
Current log-likelihood at step 58: -25847.425
Current log-likelihood at step 59: -25847.407
Current log-likelihood at step 60: -25847.388
Current log-likelihood at step 61: -25847.370
Current log-likelihood at step 62: -25847.352
Current log-likelihood at step 63: -25847.335
Current log-likelihood at step 64: -25847.321
Current log-likelihood at step 65: -25847.303
Current log-likelihood at step 66: -25847.286
Current log-likelihood at step 67: -25847.273
Current log-likelihood at step 68: -25847.258
Current log-likelihood at step 69: -25847.245
Current log-likelihood at step 70: -25847.231
Current log-likelihood at step 71: -25847.219
Current log-likelihood at step 72: -25847.206
Current log-likelihood at step 73: -25847.193
Current log-likelihood at step 74: -25847.181
Current log-likelihood at step 75: -25847.168
Current log-likelihood at step 76: -25847.156
Current log-likelihood at step 77: -25847.144
Current log-likelihood at step 78: -25847.132
Current log-likelihood at step 79: -25847.120
Current log-likelihood at step 80: -25847.109
Current log-likelihood at step 81: -25847.097
Current log-likelihood at step 82: -25847.086
Current log-likelihood at step 83: -25847.075
Current log-likelihood at step 84: -25847.065
Current log-likelihood at step 85: -25847.053
Current log-likelihood at step 86: -25847.043
Current log-likelihood at step 87: -25847.032
Current log-likelihood at step 88: -25847.022
Partition-specific rates:  0.181 0.091 2.728
Parameters optimization took 87 rounds (187.107 sec)

BEST SCORE FOUND : -25847.022
Creating bootstrap support values...
Split supports printed to NEXUS file Yeast_2408_clade2//aln_seqs/OG2207.nt.aln.nex.splits.nex
Total tree length: 26.816

Total number of iterations: 102
CPU time used for tree search: 158.521 sec (0h:2m:38s)
Wall-clock time used for tree search: 3723.374 sec (1h:2m:3s)
Total CPU time used: 174.537 sec (0h:2m:54s)
Total wall-clock time used: 4040.712 sec (1h:7m:20s)

Computing bootstrap consensus tree...
Reading input file Yeast_2408_clade2//aln_seqs/OG2207.nt.aln.nex.splits.nex...
21 taxa and 148 splits.
Consensus tree written to Yeast_2408_clade2//aln_seqs/OG2207.nt.aln.nex.contree
Reading input trees file Yeast_2408_clade2//aln_seqs/OG2207.nt.aln.nex.contree
Log-likelihood of consensus tree: -25847.021

Analysis results written to: 
  IQ-TREE report:                Yeast_2408_clade2//aln_seqs/OG2207.nt.aln.nex.iqtree
  Maximum-likelihood tree:       Yeast_2408_clade2//aln_seqs/OG2207.nt.aln.nex.treefile
  Likelihood distances:          Yeast_2408_clade2//aln_seqs/OG2207.nt.aln.nex.mldist
  Best partitioning scheme:      Yeast_2408_clade2//aln_seqs/OG2207.nt.aln.nex.best_scheme.nex
           in RAxML format:      Yeast_2408_clade2//aln_seqs/OG2207.nt.aln.nex.best_scheme

Ultrafast bootstrap approximation results written to:
  Split support values:          Yeast_2408_clade2//aln_seqs/OG2207.nt.aln.nex.splits.nex
  Consensus tree:                Yeast_2408_clade2//aln_seqs/OG2207.nt.aln.nex.contree
  Screen log file:               Yeast_2408_clade2//aln_seqs/OG2207.nt.aln.nex.log

Date and Time: Wed Mar  6 13:02:27 2019
