IQ-TREE multicore version 1.6.8 for Linux 64-bit built Oct 28 2018
Developed by Bui Quang Minh, Nguyen Lam Tung, Olga Chernomor,
Heiko Schmidt, Dominik Schrempf, Michael Woodhams.

Host:    sango40506.oist.jp (AVX2, FMA3, 755 GB RAM)
Command: iqtree -s Yeast_2408_clade2//aln_seqs/OG2201.nt.aln -bb 1000 -redo -nt 3 -spp Yeast_2408_clade2//aln_seqs/OG2201.nt.aln.nex -m MFPMERGE
Seed:    266637 (Using SPRNG - Scalable Parallel Random Number Generator)
Time:    Wed Mar  6 08:42:02 2019
Kernel:  AVX+FMA - 3 threads (36 CPU cores detected)

Reading partition model file Yeast_2408_clade2//aln_seqs/OG2201.nt.aln.nex ...
Reading alignment file Yeast_2408_clade2//aln_seqs/OG2201.nt.aln ... Fasta format detected
Alignment most likely contains DNA/RNA sequences
Alignment has 21 sequences with 792 columns, 571 distinct patterns
503 parsimony-informative, 88 singleton sites, 201 constant sites
                                     Gap/Ambiguity  Composition  p-value
   1  Kazachstania_africana                  6.06%    passed     88.28%
   2  Kazachstania_naganishii                4.92%    failed      0.00%
   3  Naumovozyma_castellii                  3.41%    passed     13.13%
   4  Naumovozyma_dairenensis                3.41%    passed     37.88%
   5  Tetrapisispora_blattae                 8.71%    failed      0.00%
   6  yHAB132_Kazachstania_martiniae         4.92%    passed     69.61%
   7  yHAB133_Kazachstania_unispora          5.30%    failed      0.08%
   8  yHAB134_Kazachstania_turicensis        4.55%    passed     60.40%
   9  yHAB136_Kazachstania_bromeliacearum    4.92%    passed     92.30%
  10  yHAB143_Kazachstania_siamensis         5.30%    failed      3.95%
  11  yHAB147_Kazachstania_taianensis        4.55%    failed      0.00%
  12  yHAB148_Kazachstania_intestinalis      4.55%    failed      3.12%
  13  yHAB153_Kazachstania_rosinii           4.55%    failed      0.00%
  14  yHAB154_Kazachstania_transvaalensis    4.55%    passed     50.22%
  15  yHAB155_Kazachstania_spencerorum       4.55%    passed     11.89%
  16  yHAB158_Kazachstania_viticola          4.55%    passed     40.19%
  17  yHAB159_Kazachstania_solicola          5.30%    passed      6.75%
  18  yHAB160_Kazachstania_kunashirensis     4.92%    passed     61.14%
  19  yHAB164_Kazachstania_aerobia           5.30%    failed      0.13%
  20  yHAB166_Kazachstania_yakushimaensis    4.55%    passed     45.32%
  21  yHMPu5000035629_Yueomyces_sinensis     8.33%    failed      0.00%
****  TOTAL                                  5.10%  9 sequences failed composition chi2 test (p-value<5%; df=3)
NOTE: No CharPartition defined, use all CharSets

Loading 3 partitions...
Subset	Type	Seqs	Sites	Infor	Invar	Model	Name
1		21	264	152	83	MFPMERGE	p1
2		21	264	105	110	MFPMERGE	p2
3		21	264	246	8	MFPMERGE	p3
Degree of missing data: 0.000
Info: multi-threading strategy over partitions



Create initial parsimony tree by phylogenetic likelihood library (PLL)... 0.002 seconds
NOTE: ModelFinder requires 6 MB RAM!
Testing GTR+F+G on supermatrix...
GTR+F+G4 / LnL: -10783.232 / df: 48 / AIC: 21662.464 / AICc: 21668.796 / BIC: 21886.843
Selecting individual models for 3 charsets using BIC...
 No. Model        Score       Charset
   1 TIM3+F+G4    5982.320    p1
   2 GTR+F+G4     4340.384    p2
   3 TN+F+R3      10620.102   p3
Full partition model BIC score: 21227.200 (LnL: -10393.340  df:66)
Merging models to increase model fit (about 7 total partition schemes)...
   4 TIM3+F+G4    21250.175   p1+p2
   5 TPM3u+F+G4   21801.691   p2+p3
   6 TIM3+F+I+G4  21589.924   p1+p3
BEST-FIT PARTITION MODEL: 
  charpartition BIC = TIM3+F+G4: p1, GTR+F+G4: p2, TN+F+R3: p3;
Agglomerative model selection: (p1,p2,p3)
Partition information was printed to Yeast_2408_clade2//aln_seqs/OG2201.nt.aln.nex.best_scheme.nex
Partition information in Raxml format was printed to Yeast_2408_clade2//aln_seqs/OG2201.nt.aln.nex.best_scheme

All model information printed to Yeast_2408_clade2//aln_seqs/OG2201.nt.aln.nex.model.gz
CPU time for ModelFinder: 43.172 seconds (0h:0m:43s)
Wall-clock time for ModelFinder: 2783.475 seconds (0h:46m:23s)
Generating 1000 samples for ultrafast bootstrap (seed: 266637)...

NOTE: 3 MB RAM (0 GB) is required!
Estimate model parameters (epsilon = 0.100)
Initial log-likelihood: -11206.083
Current log-likelihood at step 1: -10503.231
Current log-likelihood at step 2: -10450.309
Current log-likelihood at step 3: -10428.161
Current log-likelihood at step 4: -10422.542
Current log-likelihood at step 5: -10421.595
Current log-likelihood at step 6: -10421.376
Current log-likelihood at step 7: -10421.315
Partition-specific rates:  0.472 0.275 2.253
Parameters optimization took 6 rounds (31.686 sec)

Computing ML distances based on estimated model parameters... 0.017 sec
Computing BIONJ tree...
0.333 seconds
Log-likelihood of BIONJ tree: -10405.090
--------------------------------------------------------------------
|             INITIALIZING CANDIDATE TREE SET                      |
--------------------------------------------------------------------
Generating 98 parsimony trees... 33.921 second
Computing log-likelihood of 98 initial trees ... 408.901 seconds
Current best score: -10405.090

Do NNI search on 20 best initial trees
Estimate model parameters (epsilon = 0.100)
Initial log-likelihood: -10399.120
Current log-likelihood at step 1: -10391.424
Current log-likelihood at step 2: -10386.176
Current log-likelihood at step 3: -10381.734
Current log-likelihood at step 4: -10377.873
Current log-likelihood at step 5: -10374.580
Current log-likelihood at step 6: -10371.732
Current log-likelihood at step 7: -10369.462
Current log-likelihood at step 8: -10367.808
Current log-likelihood at step 9: -10366.553
Current log-likelihood at step 10: -10365.582
Current log-likelihood at step 11: -10364.771
Current log-likelihood at step 12: -10364.100
Current log-likelihood at step 13: -10363.542
Current log-likelihood at step 14: -10363.074
Current log-likelihood at step 15: -10362.691
Current log-likelihood at step 16: -10362.372
Current log-likelihood at step 17: -10362.102
Current log-likelihood at step 18: -10361.893
Current log-likelihood at step 19: -10361.743
Current log-likelihood at step 20: -10361.612
Current log-likelihood at step 21: -10361.494
Current log-likelihood at step 22: -10361.393
Current log-likelihood at step 23: -10361.303
Parameters optimization took 22 rounds (108.186 sec)

BETTER TREE FOUND at iteration 1: -10361.303
Estimate model parameters (epsilon = 0.100)
Initial log-likelihood: -10347.885
Current log-likelihood at step 1: -10347.197
Current log-likelihood at step 2: -10347.081
Current log-likelihood at step 3: -10347.012
Parameters optimization took 2 rounds (7.880 sec)

BETTER TREE FOUND at iteration 2: -10347.012
Estimate model parameters (epsilon = 0.100)
Initial log-likelihood: -10344.692
Current log-likelihood at step 1: -10344.291
Current log-likelihood at step 2: -10344.190
Current log-likelihood at step 3: -10344.118
Parameters optimization took 2 rounds (7.983 sec)

BETTER TREE FOUND at iteration 3: -10344.118
UPDATE BEST LOG-LIKELIHOOD: -10344.115
Iteration 10 / LogL: -10344.118 / Time: 0h:18m:48s
UPDATE BEST LOG-LIKELIHOOD: -10344.114
Iteration 20 / LogL: -10351.152 / Time: 0h:30m:45s
Finish initializing candidate tree set (6)
Current best tree score: -10344.114 / CPU time: 1797.029
Number of iterations: 20
--------------------------------------------------------------------
|               OPTIMIZING CANDIDATE TREE SET                      |
--------------------------------------------------------------------
Estimate model parameters (epsilon = 0.100)
Initial log-likelihood: -10336.708
Current log-likelihood at step 1: -10336.385
Current log-likelihood at step 2: -10336.322
Parameters optimization took 1 rounds (6.364 sec)

BETTER TREE FOUND at iteration 22: -10336.322
Iteration 30 / LogL: -10336.390 / Time: 0h:39m:3s (2h:3m:53s left)
Iteration 40 / LogL: -10356.260 / Time: 0h:45m:35s (1h:35m:50s left)
Iteration 50 / LogL: -10344.278 / Time: 0h:52m:55s (1h:17m:46s left)
Log-likelihood cutoff on original alignment: -10378.777
Iteration 60 / LogL: -10336.440 / Time: 1h:0m:54s (1h:4m:0s left)
Iteration 70 / LogL: -10349.853 / Time: 1h:8m:6s (0h:51m:19s left)
Iteration 80 / LogL: -10345.000 / Time: 1h:16m:2s (0h:40m:25s left)
Iteration 90 / LogL: -10336.456 / Time: 1h:24m:24s (0h:30m:20s left)
Iteration 100 / LogL: -10336.830 / Time: 1h:31m:46s (0h:20m:23s left)
Log-likelihood cutoff on original alignment: -10378.777
NOTE: Bootstrap correlation coefficient of split occurrence frequencies: 1.000
UPDATE BEST LOG-LIKELIHOOD: -10336.316
Iteration 110 / LogL: -10344.889 / Time: 1h:37m:59s (1h:20m:54s left)
Iteration 120 / LogL: -10344.901 / Time: 1h:44m:40s (1h:10m:21s left)
TREE SEARCH COMPLETED AFTER 123 ITERATIONS / Time: 1h:46m:40s

--------------------------------------------------------------------
|                    FINALIZING TREE SEARCH                        |
--------------------------------------------------------------------
Performs final model parameters optimization
Estimate model parameters (epsilon = 0.010)
Initial log-likelihood: -10336.314
Current log-likelihood at step 1: -10336.253
Current log-likelihood at step 2: -10336.203
Current log-likelihood at step 3: -10336.161
Current log-likelihood at step 4: -10336.123
Current log-likelihood at step 5: -10336.092
Current log-likelihood at step 6: -10336.064
Current log-likelihood at step 7: -10336.041
Current log-likelihood at step 8: -10336.022
Current log-likelihood at step 9: -10336.011
Current log-likelihood at step 10: -10335.999
Current log-likelihood at step 11: -10335.991
Partition-specific rates:  0.197 0.113 2.690
Parameters optimization took 10 rounds (41.600 sec)

BEST SCORE FOUND : -10335.991
Creating bootstrap support values...
Split supports printed to NEXUS file Yeast_2408_clade2//aln_seqs/OG2201.nt.aln.nex.splits.nex
Total tree length: 29.958

Total number of iterations: 123
CPU time used for tree search: 134.167 sec (0h:2m:14s)
Wall-clock time used for tree search: 6350.056 sec (1h:45m:50s)
Total CPU time used: 136.418 sec (0h:2m:16s)
Total wall-clock time used: 6452.104 sec (1h:47m:32s)

Computing bootstrap consensus tree...
Reading input file Yeast_2408_clade2//aln_seqs/OG2201.nt.aln.nex.splits.nex...
21 taxa and 189 splits.
Consensus tree written to Yeast_2408_clade2//aln_seqs/OG2201.nt.aln.nex.contree
Reading input trees file Yeast_2408_clade2//aln_seqs/OG2201.nt.aln.nex.contree
Log-likelihood of consensus tree: -10335.990

Analysis results written to: 
  IQ-TREE report:                Yeast_2408_clade2//aln_seqs/OG2201.nt.aln.nex.iqtree
  Maximum-likelihood tree:       Yeast_2408_clade2//aln_seqs/OG2201.nt.aln.nex.treefile
  Likelihood distances:          Yeast_2408_clade2//aln_seqs/OG2201.nt.aln.nex.mldist
  Best partitioning scheme:      Yeast_2408_clade2//aln_seqs/OG2201.nt.aln.nex.best_scheme.nex
           in RAxML format:      Yeast_2408_clade2//aln_seqs/OG2201.nt.aln.nex.best_scheme

Ultrafast bootstrap approximation results written to:
  Split support values:          Yeast_2408_clade2//aln_seqs/OG2201.nt.aln.nex.splits.nex
  Consensus tree:                Yeast_2408_clade2//aln_seqs/OG2201.nt.aln.nex.contree
  Screen log file:               Yeast_2408_clade2//aln_seqs/OG2201.nt.aln.nex.log

Date and Time: Wed Mar  6 11:16:21 2019
