IQ-TREE multicore version 1.6.8 for Linux 64-bit built Oct 28 2018
Developed by Bui Quang Minh, Nguyen Lam Tung, Olga Chernomor,
Heiko Schmidt, Dominik Schrempf, Michael Woodhams.

Host:    sango40506.oist.jp (AVX2, FMA3, 755 GB RAM)
Command: iqtree -s Yeast_2408_clade2//aln_seqs/OG2405.nt.aln -bb 1000 -redo -nt 3 -spp Yeast_2408_clade2//aln_seqs/OG2405.nt.aln.nex -m MFPMERGE
Seed:    411800 (Using SPRNG - Scalable Parallel Random Number Generator)
Time:    Wed Mar  6 08:41:31 2019
Kernel:  AVX+FMA - 3 threads (36 CPU cores detected)

Reading partition model file Yeast_2408_clade2//aln_seqs/OG2405.nt.aln.nex ...
Reading alignment file Yeast_2408_clade2//aln_seqs/OG2405.nt.aln ... Fasta format detected
Alignment most likely contains DNA/RNA sequences
Alignment has 21 sequences with 1680 columns, 832 distinct patterns
751 parsimony-informative, 136 singleton sites, 793 constant sites
                                     Gap/Ambiguity  Composition  p-value
   1  Kazachstania_africana                  0.36%    passed     73.83%
   2  Kazachstania_naganishii                0.71%    failed      0.00%
   3  Naumovozyma_castellii                  1.07%    passed     82.07%
   4  Naumovozyma_dairenensis                0.36%    passed     23.19%
   5  Tetrapisispora_blattae                 0.36%    passed     37.04%
   6  yHAB132_Kazachstania_martiniae         0.18%    passed     23.01%
   7  yHAB133_Kazachstania_unispora          0.36%    failed      0.14%
   8  yHAB134_Kazachstania_turicensis        0.00%    passed     77.69%
   9  yHAB136_Kazachstania_bromeliacearum    0.00%    failed      2.25%
  10  yHAB143_Kazachstania_siamensis         0.54%    failed      0.15%
  11  yHAB147_Kazachstania_taianensis        0.71%    failed      0.00%
  12  yHAB148_Kazachstania_intestinalis      0.00%    failed      0.00%
  13  yHAB153_Kazachstania_rosinii           0.54%    failed      0.82%
  14  yHAB154_Kazachstania_transvaalensis    0.71%    passed     20.27%
  15  yHAB155_Kazachstania_spencerorum       0.18%    failed      0.00%
  16  yHAB158_Kazachstania_viticola          0.00%    passed     12.30%
  17  yHAB159_Kazachstania_solicola          0.36%    passed     25.56%
  18  yHAB160_Kazachstania_kunashirensis     0.00%    passed     24.72%
  19  yHAB164_Kazachstania_aerobia           0.36%    failed      4.43%
  20  yHAB166_Kazachstania_yakushimaensis    0.54%    failed      0.26%
  21  yHMPu5000035629_Yueomyces_sinensis     0.36%    failed      0.24%
****  TOTAL                                  0.37%  11 sequences failed composition chi2 test (p-value<5%; df=3)
NOTE: No CharPartition defined, use all CharSets

Loading 3 partitions...
Subset	Type	Seqs	Sites	Infor	Invar	Model	Name
1		21	560	169	331	MFPMERGE	p1
2		21	560	71	443	MFPMERGE	p2
3		21	560	511	19	MFPMERGE	p3
Degree of missing data: 0.000
Info: multi-threading strategy over partitions



Create initial parsimony tree by phylogenetic likelihood library (PLL)... 0.002 seconds
NOTE: ModelFinder requires 9 MB RAM!
Testing GTR+F+G on supermatrix...
GTR+F+G4 / LnL: -17829.110 / df: 48 / AIC: 35754.220 / AICc: 35757.104 / BIC: 36014.694
Selecting individual models for 3 charsets using BIC...
 No. Model        Score       Charset
   1 TIM3+F+I+G4  4771.414    p2
   2 GTR+F+R3     8158.484    p1
   3 TN+F+R3      21205.281   p3
Full partition model BIC score: 34452.544 (LnL: -16966.343  df:70)
Merging models to increase model fit (about 7 total partition schemes)...
   4 GTR+F+I+G4   34648.597   p1+p2
   5 GTR+F+R3     35208.721   p1+p3
   6 TPM3u+F+R4   35559.619   p2+p3
BEST-FIT PARTITION MODEL: 
  charpartition BIC = GTR+F+R3: p1, TIM3+F+I+G4: p2, TN+F+R3: p3;
Agglomerative model selection: (p1,p2,p3)
Partition information was printed to Yeast_2408_clade2//aln_seqs/OG2405.nt.aln.nex.best_scheme.nex
Partition information in Raxml format was printed to Yeast_2408_clade2//aln_seqs/OG2405.nt.aln.nex.best_scheme

All model information printed to Yeast_2408_clade2//aln_seqs/OG2405.nt.aln.nex.model.gz
CPU time for ModelFinder: 134.047 seconds (0h:2m:14s)
Wall-clock time for ModelFinder: 8913.583 seconds (2h:28m:33s)
Generating 1000 samples for ultrafast bootstrap (seed: 411800)...

NOTE: 5 MB RAM (0 GB) is required!
Estimate model parameters (epsilon = 0.100)
Initial log-likelihood: -18649.006
Current log-likelihood at step 1: -17197.626
Current log-likelihood at step 2: -17071.687
Current log-likelihood at step 3: -16993.132
Current log-likelihood at step 4: -16968.505
Current log-likelihood at step 5: -16961.568
Current log-likelihood at step 6: -16959.695
Current log-likelihood at step 7: -16959.011
Current log-likelihood at step 8: -16958.737
Current log-likelihood at step 9: -16958.532
Current log-likelihood at step 10: -16958.404
Current log-likelihood at step 11: -16958.281
Current log-likelihood at step 12: -16958.170
Current log-likelihood at step 13: -16958.081
Partition-specific rates:  0.240 0.102 2.659
Parameters optimization took 12 rounds (63.146 sec)

Computing ML distances based on estimated model parameters... 0.010 sec
Computing BIONJ tree...
0.394 seconds
Log-likelihood of BIONJ tree: -16945.258
--------------------------------------------------------------------
|             INITIALIZING CANDIDATE TREE SET                      |
--------------------------------------------------------------------
Generating 98 parsimony trees... 39.437 second
Computing log-likelihood of 98 initial trees ... 454.320 seconds
Current best score: -16945.258

Do NNI search on 20 best initial trees
Estimate model parameters (epsilon = 0.100)
Initial log-likelihood: -16939.991
Current log-likelihood at step 1: -16936.462
Current log-likelihood at step 2: -16934.855
Current log-likelihood at step 3: -16933.665
Current log-likelihood at step 4: -16932.898
Current log-likelihood at step 5: -16932.447
Current log-likelihood at step 6: -16932.207
Current log-likelihood at step 7: -16932.081
Current log-likelihood at step 8: -16932.012
Parameters optimization took 7 rounds (34.273 sec)

BETTER TREE FOUND at iteration 1: -16932.012
Estimate model parameters (epsilon = 0.100)
Initial log-likelihood: -16930.147
Current log-likelihood at step 1: -16929.767
Current log-likelihood at step 2: -16929.685
Parameters optimization took 1 rounds (7.849 sec)

BETTER TREE FOUND at iteration 2: -16929.685
Iteration 10 / LogL: -16932.012 / Time: 0h:17m:12s
Iteration 20 / LogL: -16935.630 / Time: 0h:24m:10s
Finish initializing candidate tree set (10)
Current best tree score: -16929.685 / CPU time: 1371.659
Number of iterations: 20
--------------------------------------------------------------------
|               OPTIMIZING CANDIDATE TREE SET                      |
--------------------------------------------------------------------
Iteration 30 / LogL: -16929.689 / Time: 0h:30m:42s (1h:16m:13s left)
Iteration 40 / LogL: -16929.687 / Time: 0h:36m:48s (0h:58m:31s left)
Iteration 50 / LogL: -16929.753 / Time: 0h:42m:14s (0h:44m:50s left)
Log-likelihood cutoff on original alignment: -16970.046
Iteration 60 / LogL: -16930.899 / Time: 0h:47m:39s (0h:33m:55s left)
Iteration 70 / LogL: -16930.894 / Time: 0h:53m:31s (0h:24m:49s left)
Iteration 80 / LogL: -16930.075 / Time: 0h:58m:42s (0h:16m:20s left)
Iteration 90 / LogL: -16930.091 / Time: 1h:3m:4s (0h:8m:30s left)
Iteration 100 / LogL: -16931.587 / Time: 1h:6m:46s (0h:1m:20s left)
Log-likelihood cutoff on original alignment: -16970.046
NOTE: Bootstrap correlation coefficient of split occurrence frequencies: 0.993
TREE SEARCH COMPLETED AFTER 103 ITERATIONS / Time: 1h:8m:17s

--------------------------------------------------------------------
|                    FINALIZING TREE SEARCH                        |
--------------------------------------------------------------------
Performs final model parameters optimization
Estimate model parameters (epsilon = 0.010)
Initial log-likelihood: -16929.685
Current log-likelihood at step 1: -16929.649
Current log-likelihood at step 2: -16929.624
Current log-likelihood at step 3: -16929.605
Current log-likelihood at step 4: -16929.589
Current log-likelihood at step 5: -16929.576
Current log-likelihood at step 6: -16929.566
Current log-likelihood at step 7: -16929.557
Partition-specific rates:  0.249 0.096 2.655
Parameters optimization took 6 rounds (14.758 sec)

BEST SCORE FOUND : -16929.557
Creating bootstrap support values...
Split supports printed to NEXUS file Yeast_2408_clade2//aln_seqs/OG2405.nt.aln.nex.splits.nex
Total tree length: 8.929

Total number of iterations: 103
CPU time used for tree search: 106.784 sec (0h:1m:46s)
Wall-clock time used for tree search: 4016.828 sec (1h:6m:56s)
Total CPU time used: 109.211 sec (0h:1m:49s)
Total wall-clock time used: 4118.425 sec (1h:8m:38s)

Computing bootstrap consensus tree...
Reading input file Yeast_2408_clade2//aln_seqs/OG2405.nt.aln.nex.splits.nex...
21 taxa and 234 splits.
Consensus tree written to Yeast_2408_clade2//aln_seqs/OG2405.nt.aln.nex.contree
Reading input trees file Yeast_2408_clade2//aln_seqs/OG2405.nt.aln.nex.contree
Log-likelihood of consensus tree: -16929.557

Analysis results written to: 
  IQ-TREE report:                Yeast_2408_clade2//aln_seqs/OG2405.nt.aln.nex.iqtree
  Maximum-likelihood tree:       Yeast_2408_clade2//aln_seqs/OG2405.nt.aln.nex.treefile
  Likelihood distances:          Yeast_2408_clade2//aln_seqs/OG2405.nt.aln.nex.mldist
  Best partitioning scheme:      Yeast_2408_clade2//aln_seqs/OG2405.nt.aln.nex.best_scheme.nex
           in RAxML format:      Yeast_2408_clade2//aln_seqs/OG2405.nt.aln.nex.best_scheme

Ultrafast bootstrap approximation results written to:
  Split support values:          Yeast_2408_clade2//aln_seqs/OG2405.nt.aln.nex.splits.nex
  Consensus tree:                Yeast_2408_clade2//aln_seqs/OG2405.nt.aln.nex.contree
  Screen log file:               Yeast_2408_clade2//aln_seqs/OG2405.nt.aln.nex.log

Date and Time: Wed Mar  6 12:18:55 2019
