IQ-TREE multicore version 1.6.8 for Linux 64-bit built Oct 28 2018
Developed by Bui Quang Minh, Nguyen Lam Tung, Olga Chernomor,
Heiko Schmidt, Dominik Schrempf, Michael Woodhams.

Host:    sango40506.oist.jp (AVX2, FMA3, 755 GB RAM)
Command: iqtree -s Yeast_2408_clade2//aln_seqs/OG2442.nt.aln -bb 1000 -redo -nt 3 -spp Yeast_2408_clade2//aln_seqs/OG2442.nt.aln.nex -m MFPMERGE
Seed:    252168 (Using SPRNG - Scalable Parallel Random Number Generator)
Time:    Wed Mar  6 08:42:29 2019
Kernel:  AVX+FMA - 3 threads (36 CPU cores detected)

Reading partition model file Yeast_2408_clade2//aln_seqs/OG2442.nt.aln.nex ...
Reading alignment file Yeast_2408_clade2//aln_seqs/OG2442.nt.aln ... Fasta format detected
Alignment most likely contains DNA/RNA sequences
Alignment has 21 sequences with 939 columns, 554 distinct patterns
476 parsimony-informative, 92 singleton sites, 371 constant sites
                                     Gap/Ambiguity  Composition  p-value
   1  Kazachstania_africana                  0.00%    passed     32.81%
   2  Kazachstania_naganishii                0.00%    failed      0.00%
   3  Naumovozyma_castellii                  0.00%    passed     29.78%
   4  Naumovozyma_dairenensis                0.00%    passed     54.59%
   5  Tetrapisispora_blattae                 0.00%    passed     44.95%
   6  yHAB132_Kazachstania_martiniae         6.39%    passed     85.72%
   7  yHAB133_Kazachstania_unispora          0.00%    passed      9.56%
   8  yHAB134_Kazachstania_turicensis        0.00%    passed     23.10%
   9  yHAB136_Kazachstania_bromeliacearum    0.00%    passed     61.61%
  10  yHAB143_Kazachstania_siamensis         0.00%    passed     87.10%
  11  yHAB147_Kazachstania_taianensis        0.00%    failed      0.00%
  12  yHAB148_Kazachstania_intestinalis      0.00%    failed      0.02%
  13  yHAB153_Kazachstania_rosinii           0.32%    passed      6.84%
  14  yHAB154_Kazachstania_transvaalensis    0.00%    passed      9.48%
  15  yHAB155_Kazachstania_spencerorum       2.24%    passed     77.89%
  16  yHAB158_Kazachstania_viticola          0.00%    passed      7.76%
  17  yHAB159_Kazachstania_solicola          0.00%    passed     96.85%
  18  yHAB160_Kazachstania_kunashirensis     0.00%    passed     92.63%
  19  yHAB164_Kazachstania_aerobia           0.00%    passed     99.19%
  20  yHAB166_Kazachstania_yakushimaensis    0.00%    passed      9.56%
  21  yHMPu5000035629_Yueomyces_sinensis     0.00%    failed      0.02%
****  TOTAL                                  0.43%  4 sequences failed composition chi2 test (p-value<5%; df=3)
NOTE: No CharPartition defined, use all CharSets

Loading 3 partitions...
Subset	Type	Seqs	Sites	Infor	Invar	Model	Name
1		21	313	111	154	MFPMERGE	p1
2		21	313	71	207	MFPMERGE	p2
3		21	313	294	10	MFPMERGE	p3
Degree of missing data: 0.000
Info: multi-threading strategy over partitions



Create initial parsimony tree by phylogenetic likelihood library (PLL)... 0.002 seconds
NOTE: ModelFinder requires 6 MB RAM!
Testing GTR+F+G on supermatrix...
GTR+F+G4 / LnL: -11416.687 / df: 48 / AIC: 22929.373 / AICc: 22934.659 / BIC: 23161.924
Selecting individual models for 3 charsets using BIC...
 No. Model        Score       Charset
   1 TIM3+F+I+G4  3633.107    p2
   2 GTR+F+I+G4   5462.791    p1
   3 TN+F+G4      12830.406   p3
Full partition model BIC score: 22216.070 (LnL: -10885.578  df:65)
Merging models to increase model fit (about 7 total partition schemes)...
   4 GTR+F+I+G4   22294.294   p1+p2
   5 TPM3+F+G4    22921.119   p2+p3
   6 GTR+F+I+G4   22750.870   p1+p3
BEST-FIT PARTITION MODEL: 
  charpartition BIC = GTR+F+I+G4: p1, TIM3+F+I+G4: p2, TN+F+G4: p3;
Agglomerative model selection: (p1,p2,p3)
Partition information was printed to Yeast_2408_clade2//aln_seqs/OG2442.nt.aln.nex.best_scheme.nex
Partition information in Raxml format was printed to Yeast_2408_clade2//aln_seqs/OG2442.nt.aln.nex.best_scheme

All model information printed to Yeast_2408_clade2//aln_seqs/OG2442.nt.aln.nex.model.gz
CPU time for ModelFinder: 69.747 seconds (0h:1m:9s)
Wall-clock time for ModelFinder: 4442.993 seconds (1h:14m:2s)
Generating 1000 samples for ultrafast bootstrap (seed: 252168)...

NOTE: 3 MB RAM (0 GB) is required!
WARNING: Number of threads seems too high for short alignments. Use -nt AUTO to determine best number of threads.
Estimate model parameters (epsilon = 0.100)
Initial log-likelihood: -11907.097
Current log-likelihood at step 1: -10997.733
Current log-likelihood at step 2: -10926.497
Current log-likelihood at step 3: -10908.833
Current log-likelihood at step 4: -10899.393
Current log-likelihood at step 5: -10893.273
Current log-likelihood at step 6: -10889.016
Current log-likelihood at step 7: -10885.879
Current log-likelihood at step 8: -10884.426
Current log-likelihood at step 9: -10883.879
Current log-likelihood at step 10: -10883.630
Current log-likelihood at step 11: -10883.476
Current log-likelihood at step 12: -10883.361
Current log-likelihood at step 13: -10883.268
Partition-specific rates:  0.203 0.062 2.735
Parameters optimization took 12 rounds (65.580 sec)


WARNING: Estimated model parameters are at boundary that can cause numerical instability!

Computing ML distances based on estimated model parameters... 0.011 sec
Computing BIONJ tree...
0.611 seconds
Log-likelihood of BIONJ tree: -10878.455
--------------------------------------------------------------------
|             INITIALIZING CANDIDATE TREE SET                      |
--------------------------------------------------------------------
Generating 98 parsimony trees... 37.942 second
Computing log-likelihood of 98 initial trees ... 513.087 seconds
Current best score: -10878.455

Do NNI search on 20 best initial trees
Estimate model parameters (epsilon = 0.100)
Initial log-likelihood: -10872.443
Current log-likelihood at step 1: -10869.863
Current log-likelihood at step 2: -10868.428
Current log-likelihood at step 3: -10867.140
Current log-likelihood at step 4: -10866.024
Current log-likelihood at step 5: -10865.014
Current log-likelihood at step 6: -10864.103
Current log-likelihood at step 7: -10863.297
Current log-likelihood at step 8: -10862.636
Current log-likelihood at step 9: -10861.990
Current log-likelihood at step 10: -10861.410
Current log-likelihood at step 11: -10860.879
Current log-likelihood at step 12: -10860.342
Current log-likelihood at step 13: -10859.871
Current log-likelihood at step 14: -10859.429
Current log-likelihood at step 15: -10859.026
Current log-likelihood at step 16: -10858.754
Current log-likelihood at step 17: -10858.616
Current log-likelihood at step 18: -10858.533
Parameters optimization took 17 rounds (103.037 sec)


WARNING: Estimated model parameters are at boundary that can cause numerical instability!

BETTER TREE FOUND at iteration 1: -10858.533
UPDATE BEST LOG-LIKELIHOOD: -10858.528
Iteration 10 / LogL: -10859.228 / Time: 0h:22m:21s
UPDATE BEST LOG-LIKELIHOOD: -10858.528
UPDATE BEST LOG-LIKELIHOOD: -10858.528
UPDATE BEST LOG-LIKELIHOOD: -10858.528
Iteration 20 / LogL: -10866.508 / Time: 0h:34m:41s
Finish initializing candidate tree set (7)
Current best tree score: -10858.528 / CPU time: 1997.578
Number of iterations: 20
--------------------------------------------------------------------
|               OPTIMIZING CANDIDATE TREE SET                      |
--------------------------------------------------------------------
Estimate model parameters (epsilon = 0.100)
Initial log-likelihood: -10858.303
Current log-likelihood at step 1: -10858.178
Current log-likelihood at step 2: -10858.166
Parameters optimization took 1 rounds (5.928 sec)


WARNING: Estimated model parameters are at boundary that can cause numerical instability!

BETTER TREE FOUND at iteration 22: -10858.166
UPDATE BEST LOG-LIKELIHOOD: -10858.166
Iteration 30 / LogL: -10858.166 / Time: 0h:43m:56s (2h:19m:23s left)
Iteration 40 / LogL: -10858.166 / Time: 0h:52m:51s (1h:51m:8s left)
Iteration 50 / LogL: -10858.609 / Time: 1h:1m:7s (1h:29m:49s left)
Log-likelihood cutoff on original alignment: -10887.996
Iteration 60 / LogL: -10858.607 / Time: 1h:8m:47s (1h:12m:17s left)
Iteration 70 / LogL: -10858.608 / Time: 1h:16m:20s (0h:57m:32s left)
Iteration 80 / LogL: -10858.166 / Time: 1h:23m:59s (0h:44m:39s left)
Iteration 90 / LogL: -10858.166 / Time: 1h:31m:50s (0h:33m:1s left)
Iteration 100 / LogL: -10858.166 / Time: 1h:39m:43s (0h:22m:9s left)
Log-likelihood cutoff on original alignment: -10887.996
NOTE: Bootstrap correlation coefficient of split occurrence frequencies: 0.999
Iteration 110 / LogL: -10858.166 / Time: 1h:46m:2s (1h:27m:33s left)
Iteration 120 / LogL: -10858.166 / Time: 1h:52m:16s (1h:15m:28s left)
TREE SEARCH COMPLETED AFTER 123 ITERATIONS / Time: 1h:54m:11s

--------------------------------------------------------------------
|                    FINALIZING TREE SEARCH                        |
--------------------------------------------------------------------
Performs final model parameters optimization
Estimate model parameters (epsilon = 0.010)
Initial log-likelihood: -10858.166
Current log-likelihood at step 1: -10858.162
Partition-specific rates:  0.097 0.031 2.872
Parameters optimization took 0 rounds (1.789 sec)


WARNING: Estimated model parameters are at boundary that can cause numerical instability!

BEST SCORE FOUND : -10858.162
Creating bootstrap support values...
Split supports printed to NEXUS file Yeast_2408_clade2//aln_seqs/OG2442.nt.aln.nex.splits.nex
Total tree length: 38.195

Total number of iterations: 123
CPU time used for tree search: 146.666 sec (0h:2m:26s)
Wall-clock time used for tree search: 6765.739 sec (1h:52m:45s)
Total CPU time used: 148.791 sec (0h:2m:28s)
Total wall-clock time used: 6861.223 sec (1h:54m:21s)

Computing bootstrap consensus tree...
Reading input file Yeast_2408_clade2//aln_seqs/OG2442.nt.aln.nex.splits.nex...
21 taxa and 212 splits.
Consensus tree written to Yeast_2408_clade2//aln_seqs/OG2442.nt.aln.nex.contree
Reading input trees file Yeast_2408_clade2//aln_seqs/OG2442.nt.aln.nex.contree
Log-likelihood of consensus tree: -10858.586

Analysis results written to: 
  IQ-TREE report:                Yeast_2408_clade2//aln_seqs/OG2442.nt.aln.nex.iqtree
  Maximum-likelihood tree:       Yeast_2408_clade2//aln_seqs/OG2442.nt.aln.nex.treefile
  Likelihood distances:          Yeast_2408_clade2//aln_seqs/OG2442.nt.aln.nex.mldist
  Best partitioning scheme:      Yeast_2408_clade2//aln_seqs/OG2442.nt.aln.nex.best_scheme.nex
           in RAxML format:      Yeast_2408_clade2//aln_seqs/OG2442.nt.aln.nex.best_scheme

Ultrafast bootstrap approximation results written to:
  Split support values:          Yeast_2408_clade2//aln_seqs/OG2442.nt.aln.nex.splits.nex
  Consensus tree:                Yeast_2408_clade2//aln_seqs/OG2442.nt.aln.nex.contree
  Screen log file:               Yeast_2408_clade2//aln_seqs/OG2442.nt.aln.nex.log

Date and Time: Wed Mar  6 11:51:10 2019
