IQ-TREE multicore version 1.6.8 for Linux 64-bit built Oct 28 2018
Developed by Bui Quang Minh, Nguyen Lam Tung, Olga Chernomor,
Heiko Schmidt, Dominik Schrempf, Michael Woodhams.

Host:    sango40506.oist.jp (AVX2, FMA3, 755 GB RAM)
Command: iqtree -s Yeast_2408_clade2//aln_seqs/OG2782.nt.aln -bb 1000 -redo -nt 3 -spp Yeast_2408_clade2//aln_seqs/OG2782.nt.aln.nex -m MFPMERGE
Seed:    816954 (Using SPRNG - Scalable Parallel Random Number Generator)
Time:    Wed Mar  6 08:40:41 2019
Kernel:  AVX+FMA - 3 threads (36 CPU cores detected)

Reading partition model file Yeast_2408_clade2//aln_seqs/OG2782.nt.aln.nex ...
Reading alignment file Yeast_2408_clade2//aln_seqs/OG2782.nt.aln ... Fasta format detected
Alignment most likely contains DNA/RNA sequences
Alignment has 21 sequences with 780 columns, 532 distinct patterns
479 parsimony-informative, 60 singleton sites, 241 constant sites
                                     Gap/Ambiguity  Composition  p-value
   1  Kazachstania_africana                  0.00%    passed     61.99%
   2  Kazachstania_naganishii                0.00%    failed      3.78%
   3  Naumovozyma_castellii                  0.00%    passed     93.45%
   4  Naumovozyma_dairenensis                0.00%    passed     96.00%
   5  Tetrapisispora_blattae                 0.00%    passed     50.76%
   6  yHAB132_Kazachstania_martiniae         0.00%    passed     99.66%
   7  yHAB133_Kazachstania_unispora          0.00%    passed     91.46%
   8  yHAB134_Kazachstania_turicensis        0.00%    passed     95.74%
   9  yHAB136_Kazachstania_bromeliacearum    0.00%    passed     75.73%
  10  yHAB143_Kazachstania_siamensis         0.00%    passed     43.32%
  11  yHAB147_Kazachstania_taianensis        0.00%    passed     51.43%
  12  yHAB148_Kazachstania_intestinalis      0.00%    failed      0.01%
  13  yHAB153_Kazachstania_rosinii           0.00%    passed     86.98%
  14  yHAB154_Kazachstania_transvaalensis    0.38%    passed     14.08%
  15  yHAB155_Kazachstania_spencerorum       0.38%    passed     65.82%
  16  yHAB158_Kazachstania_viticola          0.00%    passed     49.22%
  17  yHAB159_Kazachstania_solicola          0.00%    passed     86.04%
  18  yHAB160_Kazachstania_kunashirensis     0.00%    passed     75.87%
  19  yHAB164_Kazachstania_aerobia           0.00%    passed     58.39%
  20  yHAB166_Kazachstania_yakushimaensis    0.00%    passed     15.42%
  21  yHMPu5000035629_Yueomyces_sinensis     0.00%    failed      2.43%
****  TOTAL                                  0.04%  3 sequences failed composition chi2 test (p-value<5%; df=3)
NOTE: No CharPartition defined, use all CharSets

Loading 3 partitions...
Subset	Type	Seqs	Sites	Infor	Invar	Model	Name
1		21	260	136	93	MFPMERGE	p1
2		21	260	93	141	MFPMERGE	p2
3		21	260	250	7	MFPMERGE	p3
Degree of missing data: 0.000
Info: multi-threading strategy over partitions



Create initial parsimony tree by phylogenetic likelihood library (PLL)... 0.003 seconds
NOTE: ModelFinder requires 5 MB RAM!
Testing GTR+F+G on supermatrix...
GTR+F+G4 / LnL: -11777.407 / df: 48 / AIC: 23650.814 / AICc: 23657.249 / BIC: 23874.460
Selecting individual models for 3 charsets using BIC...
 No. Model        Score       Charset
WARNING: Log-likelihood of K3Pu+F+R3 worse than K3Pu+F+R2
WARNING: Log-likelihood of TPM2+F+R3 worse than TPM2+F+R2
WARNING: Log-likelihood of TVMe+R3 worse than TVMe+R2
   1 GTR+F+G4     4677.018    p2
   2 GTR+F+I+G4   6567.786    p1
   3 HKY+F+I+G4   11601.746   p3
Full partition model BIC score: 23130.364 (LnL: -11345.425  df:66)
Merging models to increase model fit (about 7 total partition schemes)...
   4 TVM+F+G4     23186.896   p1+p2
   5 GTR+F+I+G4   23542.596   p1+p3
   6 TVM+F+I+G4   23742.068   p2+p3
BEST-FIT PARTITION MODEL: 
  charpartition BIC = GTR+F+I+G4: p1, GTR+F+G4: p2, HKY+F+I+G4: p3;
Agglomerative model selection: (p1,p2,p3)
Partition information was printed to Yeast_2408_clade2//aln_seqs/OG2782.nt.aln.nex.best_scheme.nex
Partition information in Raxml format was printed to Yeast_2408_clade2//aln_seqs/OG2782.nt.aln.nex.best_scheme

All model information printed to Yeast_2408_clade2//aln_seqs/OG2782.nt.aln.nex.model.gz
CPU time for ModelFinder: 60.468 seconds (0h:1m:0s)
Wall-clock time for ModelFinder: 3537.050 seconds (0h:58m:57s)
Generating 1000 samples for ultrafast bootstrap (seed: 816954)...

NOTE: 3 MB RAM (0 GB) is required!
WARNING: Number of threads seems too high for short alignments. Use -nt AUTO to determine best number of threads.
Estimate model parameters (epsilon = 0.100)
Initial log-likelihood: -12271.172
Current log-likelihood at step 1: -11476.588
Current log-likelihood at step 2: -11393.052
Current log-likelihood at step 3: -11378.055
Current log-likelihood at step 4: -11366.062
Current log-likelihood at step 5: -11360.737
Current log-likelihood at step 6: -11359.607
Current log-likelihood at step 7: -11359.424
Current log-likelihood at step 8: -11359.343
Partition-specific rates:  0.263 0.166 2.572
Parameters optimization took 7 rounds (33.422 sec)

Computing ML distances based on estimated model parameters... 0.014 sec
Computing BIONJ tree...
0.408 seconds
Log-likelihood of BIONJ tree: -11345.355
--------------------------------------------------------------------
|             INITIALIZING CANDIDATE TREE SET                      |
--------------------------------------------------------------------
Generating 98 parsimony trees... 29.322 second
Computing log-likelihood of 98 initial trees ... 443.999 seconds
Current best score: -11345.355

Do NNI search on 20 best initial trees
Estimate model parameters (epsilon = 0.100)
Initial log-likelihood: -11339.674
Current log-likelihood at step 1: -11335.802
Current log-likelihood at step 2: -11333.405
Current log-likelihood at step 3: -11331.937
Current log-likelihood at step 4: -11330.755
Current log-likelihood at step 5: -11329.738
Current log-likelihood at step 6: -11328.833
Current log-likelihood at step 7: -11328.078
Current log-likelihood at step 8: -11327.397
Current log-likelihood at step 9: -11326.773
Current log-likelihood at step 10: -11326.196
Current log-likelihood at step 11: -11325.635
Current log-likelihood at step 12: -11325.153
Current log-likelihood at step 13: -11324.711
Current log-likelihood at step 14: -11324.302
Current log-likelihood at step 15: -11323.925
Current log-likelihood at step 16: -11323.576
Current log-likelihood at step 17: -11323.258
Current log-likelihood at step 18: -11322.963
Current log-likelihood at step 19: -11322.688
Current log-likelihood at step 20: -11322.434
Current log-likelihood at step 21: -11322.224
Current log-likelihood at step 22: -11322.031
Current log-likelihood at step 23: -11321.847
Current log-likelihood at step 24: -11321.701
Current log-likelihood at step 25: -11321.563
Current log-likelihood at step 26: -11321.432
Current log-likelihood at step 27: -11321.308
Current log-likelihood at step 28: -11321.189
Current log-likelihood at step 29: -11321.077
Current log-likelihood at step 30: -11320.970
Current log-likelihood at step 31: -11320.869
Current log-likelihood at step 32: -11320.773
Parameters optimization took 31 rounds (116.359 sec)

BETTER TREE FOUND at iteration 1: -11320.773
Estimate model parameters (epsilon = 0.100)
Initial log-likelihood: -11319.091
Current log-likelihood at step 1: -11318.766
Current log-likelihood at step 2: -11318.666
Parameters optimization took 1 rounds (5.617 sec)

BETTER TREE FOUND at iteration 2: -11318.666
Iteration 10 / LogL: -11329.836 / Time: 0h:20m:25s
Estimate model parameters (epsilon = 0.100)
Initial log-likelihood: -11318.159
Current log-likelihood at step 1: -11317.895
Current log-likelihood at step 2: -11317.806
Parameters optimization took 1 rounds (5.932 sec)

BETTER TREE FOUND at iteration 13: -11317.806
Estimate model parameters (epsilon = 0.100)
Initial log-likelihood: -11317.739
Current log-likelihood at step 1: -11317.464
Current log-likelihood at step 2: -11317.392
Parameters optimization took 1 rounds (5.343 sec)

BETTER TREE FOUND at iteration 17: -11317.392
Estimate model parameters (epsilon = 0.100)
Initial log-likelihood: -11317.351
Current log-likelihood at step 1: -11317.173
Current log-likelihood at step 2: -11317.100
Parameters optimization took 1 rounds (5.721 sec)

BETTER TREE FOUND at iteration 19: -11317.100
Iteration 20 / LogL: -11318.326 / Time: 0h:32m:3s
Finish initializing candidate tree set (9)
Current best tree score: -11317.100 / CPU time: 1875.650
Number of iterations: 20
--------------------------------------------------------------------
|               OPTIMIZING CANDIDATE TREE SET                      |
--------------------------------------------------------------------
UPDATE BEST LOG-LIKELIHOOD: -11317.097
Iteration 30 / LogL: -11317.574 / Time: 0h:39m:23s (2h:0m:52s left)
UPDATE BEST LOG-LIKELIHOOD: -11317.094
Iteration 40 / LogL: -11317.299 / Time: 0h:47m:38s (1h:36m:30s left)
UPDATE BEST LOG-LIKELIHOOD: -11317.089
Iteration 50 / LogL: -11318.405 / Time: 0h:54m:46s (1h:17m:7s left)
Log-likelihood cutoff on original alignment: -11346.717
Iteration 60 / LogL: -11317.124 / Time: 1h:2m:25s (1h:2m:25s left)
Iteration 70 / LogL: -11317.096 / Time: 1h:9m:34s (0h:49m:24s left)
Iteration 80 / LogL: -11317.305 / Time: 1h:17m:17s (0h:38m:9s left)
Iteration 90 / LogL: -11317.093 / Time: 1h:24m:49s (0h:27m:38s left)
Iteration 100 / LogL: -11317.576 / Time: 1h:32m:45s (0h:17m:48s left)
Log-likelihood cutoff on original alignment: -11346.717
NOTE: Bootstrap correlation coefficient of split occurrence frequencies: 0.999
Iteration 110 / LogL: -11317.097 / Time: 1h:39m:28s (1h:22m:7s left)
Iteration 120 / LogL: -11317.112 / Time: 1h:46m:1s (1h:11m:16s left)
TREE SEARCH COMPLETED AFTER 120 ITERATIONS / Time: 1h:46m:1s

--------------------------------------------------------------------
|                    FINALIZING TREE SEARCH                        |
--------------------------------------------------------------------
Performs final model parameters optimization
Estimate model parameters (epsilon = 0.010)
Initial log-likelihood: -11317.086
Current log-likelihood at step 1: -11316.987
Current log-likelihood at step 2: -11316.901
Current log-likelihood at step 3: -11316.817
Current log-likelihood at step 4: -11316.743
Current log-likelihood at step 5: -11316.674
Current log-likelihood at step 6: -11316.609
Current log-likelihood at step 7: -11316.548
Current log-likelihood at step 8: -11316.491
Current log-likelihood at step 9: -11316.438
Current log-likelihood at step 10: -11316.388
Current log-likelihood at step 11: -11316.341
Current log-likelihood at step 12: -11316.303
Current log-likelihood at step 13: -11316.258
Current log-likelihood at step 14: -11316.225
Current log-likelihood at step 15: -11316.185
Current log-likelihood at step 16: -11316.155
Current log-likelihood at step 17: -11316.120
Current log-likelihood at step 18: -11316.094
Current log-likelihood at step 19: -11316.064
Current log-likelihood at step 20: -11316.040
Current log-likelihood at step 21: -11316.014
Current log-likelihood at step 22: -11315.995
Current log-likelihood at step 23: -11315.974
Current log-likelihood at step 24: -11315.957
Current log-likelihood at step 25: -11315.938
Current log-likelihood at step 26: -11315.923
Current log-likelihood at step 27: -11315.908
Current log-likelihood at step 28: -11315.896
Current log-likelihood at step 29: -11315.886
Partition-specific rates:  0.090 0.043 2.867
Parameters optimization took 28 rounds (105.365 sec)

BEST SCORE FOUND : -11315.886
Creating bootstrap support values...
Split supports printed to NEXUS file Yeast_2408_clade2//aln_seqs/OG2782.nt.aln.nex.splits.nex
Total tree length: 63.117

Total number of iterations: 120
CPU time used for tree search: 132.861 sec (0h:2m:12s)
Wall-clock time used for tree search: 6311.136 sec (1h:45m:11s)
Total CPU time used: 136.662 sec (0h:2m:16s)
Total wall-clock time used: 6476.051 sec (1h:47m:56s)

Computing bootstrap consensus tree...
Reading input file Yeast_2408_clade2//aln_seqs/OG2782.nt.aln.nex.splits.nex...
21 taxa and 255 splits.
Consensus tree written to Yeast_2408_clade2//aln_seqs/OG2782.nt.aln.nex.contree
Reading input trees file Yeast_2408_clade2//aln_seqs/OG2782.nt.aln.nex.contree
Log-likelihood of consensus tree: -11315.884

Analysis results written to: 
  IQ-TREE report:                Yeast_2408_clade2//aln_seqs/OG2782.nt.aln.nex.iqtree
  Maximum-likelihood tree:       Yeast_2408_clade2//aln_seqs/OG2782.nt.aln.nex.treefile
  Likelihood distances:          Yeast_2408_clade2//aln_seqs/OG2782.nt.aln.nex.mldist
  Best partitioning scheme:      Yeast_2408_clade2//aln_seqs/OG2782.nt.aln.nex.best_scheme.nex
           in RAxML format:      Yeast_2408_clade2//aln_seqs/OG2782.nt.aln.nex.best_scheme

Ultrafast bootstrap approximation results written to:
  Split support values:          Yeast_2408_clade2//aln_seqs/OG2782.nt.aln.nex.splits.nex
  Consensus tree:                Yeast_2408_clade2//aln_seqs/OG2782.nt.aln.nex.contree
  Screen log file:               Yeast_2408_clade2//aln_seqs/OG2782.nt.aln.nex.log

Date and Time: Wed Mar  6 11:27:52 2019
