IQ-TREE multicore version 1.6.8 for Linux 64-bit built Oct 28 2018
Developed by Bui Quang Minh, Nguyen Lam Tung, Olga Chernomor,
Heiko Schmidt, Dominik Schrempf, Michael Woodhams.

Host:    sango40506.oist.jp (AVX2, FMA3, 755 GB RAM)
Command: iqtree -s Yeast_2408_clade2//aln_seqs/OG2710.nt.aln -bb 1000 -redo -nt 3 -spp Yeast_2408_clade2//aln_seqs/OG2710.nt.aln.nex -m MFPMERGE
Seed:    401917 (Using SPRNG - Scalable Parallel Random Number Generator)
Time:    Wed Mar  6 08:42:37 2019
Kernel:  AVX+FMA - 3 threads (36 CPU cores detected)

Reading partition model file Yeast_2408_clade2//aln_seqs/OG2710.nt.aln.nex ...
Reading alignment file Yeast_2408_clade2//aln_seqs/OG2710.nt.aln ... Fasta format detected
Alignment most likely contains DNA/RNA sequences
Alignment has 21 sequences with 1122 columns, 790 distinct patterns
715 parsimony-informative, 97 singleton sites, 310 constant sites
                                     Gap/Ambiguity  Composition  p-value
   1  Kazachstania_africana                  0.00%    passed     48.84%
   2  Kazachstania_naganishii                0.00%    failed      0.00%
   3  Naumovozyma_castellii                  0.00%    passed     45.11%
   4  Naumovozyma_dairenensis                0.00%    passed     66.13%
   5  Tetrapisispora_blattae                 0.00%    failed      1.12%
   6  yHAB132_Kazachstania_martiniae         0.27%    passed     19.69%
   7  yHAB133_Kazachstania_unispora          0.00%    passed      9.95%
   8  yHAB134_Kazachstania_turicensis        0.00%    passed     13.58%
   9  yHAB136_Kazachstania_bromeliacearum    0.00%    passed     42.46%
  10  yHAB143_Kazachstania_siamensis         0.00%    failed      0.10%
  11  yHAB147_Kazachstania_taianensis        0.00%    failed      0.00%
  12  yHAB148_Kazachstania_intestinalis      0.00%    failed      0.00%
  13  yHAB153_Kazachstania_rosinii           0.00%    failed      0.00%
  14  yHAB154_Kazachstania_transvaalensis    0.00%    passed     43.43%
  15  yHAB155_Kazachstania_spencerorum       0.00%    failed      1.92%
  16  yHAB158_Kazachstania_viticola          0.00%    failed      0.00%
  17  yHAB159_Kazachstania_solicola          0.00%    passed      6.90%
  18  yHAB160_Kazachstania_kunashirensis     0.00%    passed     52.52%
  19  yHAB164_Kazachstania_aerobia           0.00%    failed      0.13%
  20  yHAB166_Kazachstania_yakushimaensis    0.00%    passed      8.09%
  21  yHMPu5000035629_Yueomyces_sinensis     0.00%    failed      0.00%
****  TOTAL                                  0.01%  10 sequences failed composition chi2 test (p-value<5%; df=3)
NOTE: No CharPartition defined, use all CharSets

Loading 3 partitions...
Subset	Type	Seqs	Sites	Infor	Invar	Model	Name
1		21	374	221	106	MFPMERGE	p1
2		21	374	130	200	MFPMERGE	p2
3		21	374	364	4	MFPMERGE	p3
Degree of missing data: 0.000
Info: multi-threading strategy over partitions



Create initial parsimony tree by phylogenetic likelihood library (PLL)... 0.003 seconds
NOTE: ModelFinder requires 8 MB RAM!
Testing GTR+F+G on supermatrix...
GTR+F+G4 / LnL: -16224.766 / df: 48 / AIC: 32545.532 / AICc: 32549.916 / BIC: 32786.630
Selecting individual models for 3 charsets using BIC...
 No. Model        Score       Charset
   1 TIM3+F+I+G4  9699.933    p1
   2 GTR+F+I+G4   5929.802    p2
   3 TN+F+I+G4    15873.695   p3
Full partition model BIC score: 31801.060 (LnL: -15668.775  df:66)
Merging models to increase model fit (about 7 total partition schemes)...
   4 TPM3u+F+I+G4 31910.738   p1+p2
   5 TIM3+F+I+G4  32257.734   p1+p3
   6 GTR+F+I+G4   32616.841   p2+p3
BEST-FIT PARTITION MODEL: 
  charpartition BIC = TIM3+F+I+G4: p1, GTR+F+I+G4: p2, TN+F+I+G4: p3;
Agglomerative model selection: (p1,p2,p3)
Partition information was printed to Yeast_2408_clade2//aln_seqs/OG2710.nt.aln.nex.best_scheme.nex
Partition information in Raxml format was printed to Yeast_2408_clade2//aln_seqs/OG2710.nt.aln.nex.best_scheme

All model information printed to Yeast_2408_clade2//aln_seqs/OG2710.nt.aln.nex.model.gz
CPU time for ModelFinder: 87.993 seconds (0h:1m:27s)
Wall-clock time for ModelFinder: 5593.803 seconds (1h:33m:13s)
Generating 1000 samples for ultrafast bootstrap (seed: 401917)...

NOTE: 5 MB RAM (0 GB) is required!
Estimate model parameters (epsilon = 0.100)
Initial log-likelihood: -16560.174
Current log-likelihood at step 1: -15758.700
Current log-likelihood at step 2: -15674.869
Current log-likelihood at step 3: -15664.361
Current log-likelihood at step 4: -15660.453
Current log-likelihood at step 5: -15657.915
Current log-likelihood at step 6: -15656.263
Current log-likelihood at step 7: -15655.072
Current log-likelihood at step 8: -15654.242
Current log-likelihood at step 9: -15653.667
Current log-likelihood at step 10: -15653.257
Current log-likelihood at step 11: -15652.957
Current log-likelihood at step 12: -15652.738
Current log-likelihood at step 13: -15652.576
Current log-likelihood at step 14: -15652.455
Current log-likelihood at step 15: -15652.372
Partition-specific rates:  0.264 0.103 2.633
Parameters optimization took 14 rounds (59.889 sec)

Computing ML distances based on estimated model parameters... 0.012 sec
Computing BIONJ tree...
0.519 seconds
Log-likelihood of BIONJ tree: -15639.752
--------------------------------------------------------------------
|             INITIALIZING CANDIDATE TREE SET                      |
--------------------------------------------------------------------
Generating 98 parsimony trees... 46.269 second
Computing log-likelihood of 98 initial trees ... 526.470 seconds
Current best score: -15639.752

Do NNI search on 20 best initial trees
Estimate model parameters (epsilon = 0.100)
Initial log-likelihood: -15636.933
Current log-likelihood at step 1: -15636.096
Current log-likelihood at step 2: -15636.032
Parameters optimization took 1 rounds (6.156 sec)

BETTER TREE FOUND at iteration 1: -15636.032
Estimate model parameters (epsilon = 0.100)
Initial log-likelihood: -15635.033
Current log-likelihood at step 1: -15634.817
Current log-likelihood at step 2: -15634.777
Parameters optimization took 1 rounds (5.793 sec)

BETTER TREE FOUND at iteration 4: -15634.777
Iteration 10 / LogL: -15641.791 / Time: 0h:18m:28s
Iteration 20 / LogL: -15637.453 / Time: 0h:29m:22s
Finish initializing candidate tree set (8)
Current best tree score: -15634.777 / CPU time: 1681.977
Number of iterations: 20
--------------------------------------------------------------------
|               OPTIMIZING CANDIDATE TREE SET                      |
--------------------------------------------------------------------
Iteration 30 / LogL: -15636.900 / Time: 0h:37m:53s (1h:36m:41s left)
Iteration 40 / LogL: -15637.460 / Time: 0h:46m:35s (1h:16m:27s left)
Iteration 50 / LogL: -15634.913 / Time: 0h:53m:42s (0h:59m:11s left)
Log-likelihood cutoff on original alignment: -15671.811
Iteration 60 / LogL: -15634.793 / Time: 1h:1m:44s (0h:46m:2s left)
Iteration 70 / LogL: -15636.090 / Time: 1h:8m:58s (0h:33m:59s left)
Iteration 80 / LogL: -15636.096 / Time: 1h:15m:55s (0h:23m:3s left)
Iteration 90 / LogL: -15634.836 / Time: 1h:23m:11s (0h:13m:5s left)
Iteration 100 / LogL: -15636.988 / Time: 1h:30m:47s (0h:3m:40s left)
Log-likelihood cutoff on original alignment: -15671.811
NOTE: Bootstrap correlation coefficient of split occurrence frequencies: 0.998
TREE SEARCH COMPLETED AFTER 105 ITERATIONS / Time: 1h:34m:6s

--------------------------------------------------------------------
|                    FINALIZING TREE SEARCH                        |
--------------------------------------------------------------------
Performs final model parameters optimization
Estimate model parameters (epsilon = 0.010)
Initial log-likelihood: -15634.777
Current log-likelihood at step 1: -15634.746
Current log-likelihood at step 2: -15634.720
Current log-likelihood at step 3: -15634.701
Current log-likelihood at step 4: -15634.693
Partition-specific rates:  0.243 0.096 2.661
Parameters optimization took 3 rounds (8.330 sec)

BEST SCORE FOUND : -15634.693
Creating bootstrap support values...
Split supports printed to NEXUS file Yeast_2408_clade2//aln_seqs/OG2710.nt.aln.nex.splits.nex
Total tree length: 19.239

Total number of iterations: 105
CPU time used for tree search: 121.421 sec (0h:2m:1s)
Wall-clock time used for tree search: 5564.299 sec (1h:32m:44s)
Total CPU time used: 123.444 sec (0h:2m:3s)
Total wall-clock time used: 5663.950 sec (1h:34m:23s)

Computing bootstrap consensus tree...
Reading input file Yeast_2408_clade2//aln_seqs/OG2710.nt.aln.nex.splits.nex...
21 taxa and 180 splits.
Consensus tree written to Yeast_2408_clade2//aln_seqs/OG2710.nt.aln.nex.contree
Reading input trees file Yeast_2408_clade2//aln_seqs/OG2710.nt.aln.nex.contree
Log-likelihood of consensus tree: -15638.674

Analysis results written to: 
  IQ-TREE report:                Yeast_2408_clade2//aln_seqs/OG2710.nt.aln.nex.iqtree
  Maximum-likelihood tree:       Yeast_2408_clade2//aln_seqs/OG2710.nt.aln.nex.treefile
  Likelihood distances:          Yeast_2408_clade2//aln_seqs/OG2710.nt.aln.nex.mldist
  Best partitioning scheme:      Yeast_2408_clade2//aln_seqs/OG2710.nt.aln.nex.best_scheme.nex
           in RAxML format:      Yeast_2408_clade2//aln_seqs/OG2710.nt.aln.nex.best_scheme

Ultrafast bootstrap approximation results written to:
  Split support values:          Yeast_2408_clade2//aln_seqs/OG2710.nt.aln.nex.splits.nex
  Consensus tree:                Yeast_2408_clade2//aln_seqs/OG2710.nt.aln.nex.contree
  Screen log file:               Yeast_2408_clade2//aln_seqs/OG2710.nt.aln.nex.log

Date and Time: Wed Mar  6 11:50:34 2019
