IQ-TREE multicore version 1.6.8 for Linux 64-bit built Oct 28 2018
Developed by Bui Quang Minh, Nguyen Lam Tung, Olga Chernomor,
Heiko Schmidt, Dominik Schrempf, Michael Woodhams.

Host:    sango40506.oist.jp (AVX2, FMA3, 755 GB RAM)
Command: iqtree -s Yeast_2408_clade2//aln_seqs/OG2962.nt.aln -bb 1000 -redo -nt 3 -spp Yeast_2408_clade2//aln_seqs/OG2962.nt.aln.nex -m MFPMERGE
Seed:    59674 (Using SPRNG - Scalable Parallel Random Number Generator)
Time:    Wed Mar  6 08:42:16 2019
Kernel:  AVX+FMA - 3 threads (36 CPU cores detected)

Reading partition model file Yeast_2408_clade2//aln_seqs/OG2962.nt.aln.nex ...
Reading alignment file Yeast_2408_clade2//aln_seqs/OG2962.nt.aln ... Fasta format detected
Alignment most likely contains DNA/RNA sequences
Alignment has 21 sequences with 1902 columns, 1351 distinct patterns
1212 parsimony-informative, 175 singleton sites, 515 constant sites
                                     Gap/Ambiguity  Composition  p-value
   1  Kazachstania_africana                  2.37%    passed     60.64%
   2  Kazachstania_naganishii                2.37%    failed      0.00%
   3  Naumovozyma_castellii                  1.89%    passed     70.01%
   4  Naumovozyma_dairenensis                1.10%    failed      1.05%
   5  Tetrapisispora_blattae                 1.10%    failed      0.47%
   6  yHAB132_Kazachstania_martiniae         2.05%    passed     19.03%
   7  yHAB133_Kazachstania_unispora          2.21%    passed      5.39%
   8  yHAB134_Kazachstania_turicensis        2.05%    failed      0.03%
   9  yHAB136_Kazachstania_bromeliacearum    2.21%    passed     79.74%
  10  yHAB143_Kazachstania_siamensis         2.05%    failed      1.60%
  11  yHAB147_Kazachstania_taianensis        1.26%    failed      0.00%
  12  yHAB148_Kazachstania_intestinalis      1.58%    failed      0.00%
  13  yHAB153_Kazachstania_rosinii           2.21%    failed      0.00%
  14  yHAB154_Kazachstania_transvaalensis    9.46%    passed     13.81%
  15  yHAB155_Kazachstania_spencerorum       1.74%    passed     51.21%
  16  yHAB158_Kazachstania_viticola          2.37%    failed      0.87%
  17  yHAB159_Kazachstania_solicola          2.21%    passed     85.50%
  18  yHAB160_Kazachstania_kunashirensis     2.05%    failed      0.31%
  19  yHAB164_Kazachstania_aerobia           2.21%    passed     37.04%
  20  yHAB166_Kazachstania_yakushimaensis    3.00%    failed      1.52%
  21  yHMPu5000035629_Yueomyces_sinensis     2.21%    failed      0.27%
****  TOTAL                                  2.37%  12 sequences failed composition chi2 test (p-value<5%; df=3)
NOTE: No CharPartition defined, use all CharSets

Loading 3 partitions...
Subset	Type	Seqs	Sites	Infor	Invar	Model	Name
1		21	634	375	190	MFPMERGE	p1
2		21	634	243	305	MFPMERGE	p2
3		21	634	594	20	MFPMERGE	p3
Degree of missing data: 0.000
Info: multi-threading strategy over partitions



Create initial parsimony tree by phylogenetic likelihood library (PLL)... 0.088 seconds
NOTE: ModelFinder requires 15 MB RAM!
Testing GTR+F+G on supermatrix...
GTR+F+G4 / LnL: -27938.589 / df: 48 / AIC: 55973.178 / AICc: 55975.716 / BIC: 56239.609
Selecting individual models for 3 charsets using BIC...
 No. Model        Score       Charset
   1 GTR+F+G4     11102.220   p2
   2 TIM2+F+I+G4  16426.216   p1
   3 TN+F+I+G4    26899.059   p3
Full partition model BIC score: 54744.082 (LnL: -27126.644  df:65)
Merging models to increase model fit (about 7 total partition schemes)...
   4 TPM3u+F+I+G4 54931.571   p1+p2
   5 TVM+F+I+G4   55930.736   p2+p3
   6 GTR+F+I+G4   55435.519   p1+p3
BEST-FIT PARTITION MODEL: 
  charpartition BIC = TIM2+F+I+G4: p1, GTR+F+G4: p2, TN+F+I+G4: p3;
Agglomerative model selection: (p1,p2,p3)
Partition information was printed to Yeast_2408_clade2//aln_seqs/OG2962.nt.aln.nex.best_scheme.nex
Partition information in Raxml format was printed to Yeast_2408_clade2//aln_seqs/OG2962.nt.aln.nex.best_scheme

All model information printed to Yeast_2408_clade2//aln_seqs/OG2962.nt.aln.nex.model.gz
CPU time for ModelFinder: 127.400 seconds (0h:2m:7s)
Wall-clock time for ModelFinder: 9297.579 seconds (2h:34m:57s)
Generating 1000 samples for ultrafast bootstrap (seed: 59674)...

NOTE: 9 MB RAM (0 GB) is required!
Estimate model parameters (epsilon = 0.100)
Initial log-likelihood: -28562.590
Current log-likelihood at step 1: -27269.408
Current log-likelihood at step 2: -27127.117
Current log-likelihood at step 3: -27119.546
Current log-likelihood at step 4: -27116.977
Current log-likelihood at step 5: -27115.674
Current log-likelihood at step 6: -27114.982
Current log-likelihood at step 7: -27114.588
Current log-likelihood at step 8: -27114.367
Current log-likelihood at step 9: -27114.262
Current log-likelihood at step 10: -27114.170
Partition-specific rates:  0.382 0.226 2.393
Parameters optimization took 9 rounds (56.350 sec)

Computing ML distances based on estimated model parameters... 0.017 sec
Computing BIONJ tree...
0.429 seconds
Log-likelihood of BIONJ tree: -27107.147
--------------------------------------------------------------------
|             INITIALIZING CANDIDATE TREE SET                      |
--------------------------------------------------------------------
Generating 98 parsimony trees... 56.461 second
Computing log-likelihood of 98 initial trees ... 628.442 seconds
Current best score: -27107.147

Do NNI search on 20 best initial trees
Estimate model parameters (epsilon = 0.100)
Initial log-likelihood: -27085.668
Current log-likelihood at step 1: -27085.382
Current log-likelihood at step 2: -27085.333
Parameters optimization took 1 rounds (7.547 sec)

BETTER TREE FOUND at iteration 1: -27085.333
Iteration 10 / LogL: -27085.335 / Time: 0h:23m:59s
Iteration 20 / LogL: -27085.340 / Time: 0h:35m:54s
Finish initializing candidate tree set (2)
Current best tree score: -27085.333 / CPU time: 2072.034
Number of iterations: 20
--------------------------------------------------------------------
|               OPTIMIZING CANDIDATE TREE SET                      |
--------------------------------------------------------------------
Iteration 30 / LogL: -27085.444 / Time: 0h:44m:47s (1h:49m:40s left)
Iteration 40 / LogL: -27102.062 / Time: 0h:52m:2s (1h:21m:24s left)
Iteration 50 / LogL: -27085.396 / Time: 0h:59m:37s (1h:2m:3s left)
Log-likelihood cutoff on original alignment: -27122.881
Iteration 60 / LogL: -27088.101 / Time: 1h:6m:45s (0h:46m:23s left)
Iteration 70 / LogL: -27088.090 / Time: 1h:13m:13s (0h:32m:54s left)
Iteration 80 / LogL: -27088.095 / Time: 1h:18m:30s (0h:20m:52s left)
Iteration 90 / LogL: -27085.348 / Time: 1h:22m:45s (0h:10m:13s left)
Iteration 100 / LogL: -27088.257 / Time: 1h:26m:46s (0h:0m:52s left)
Log-likelihood cutoff on original alignment: -27122.611
NOTE: Bootstrap correlation coefficient of split occurrence frequencies: 0.999
TREE SEARCH COMPLETED AFTER 102 ITERATIONS / Time: 1h:27m:42s

--------------------------------------------------------------------
|                    FINALIZING TREE SEARCH                        |
--------------------------------------------------------------------
Performs final model parameters optimization
Estimate model parameters (epsilon = 0.010)
Initial log-likelihood: -27085.332
Current log-likelihood at step 1: -27085.295
Current log-likelihood at step 2: -27085.271
Current log-likelihood at step 3: -27085.250
Current log-likelihood at step 4: -27085.243
Partition-specific rates:  0.370 0.218 2.413
Parameters optimization took 3 rounds (5.730 sec)

BEST SCORE FOUND : -27085.243
Creating bootstrap support values...
Split supports printed to NEXUS file Yeast_2408_clade2//aln_seqs/OG2962.nt.aln.nex.splits.nex
Total tree length: 11.983

Total number of iterations: 102
CPU time used for tree search: 166.409 sec (0h:2m:46s)
Wall-clock time used for tree search: 5178.990 sec (1h:26m:18s)
Total CPU time used: 168.799 sec (0h:2m:48s)
Total wall-clock time used: 5272.090 sec (1h:27m:52s)

Computing bootstrap consensus tree...
Reading input file Yeast_2408_clade2//aln_seqs/OG2962.nt.aln.nex.splits.nex...
21 taxa and 129 splits.
Consensus tree written to Yeast_2408_clade2//aln_seqs/OG2962.nt.aln.nex.contree
Reading input trees file Yeast_2408_clade2//aln_seqs/OG2962.nt.aln.nex.contree
Log-likelihood of consensus tree: -27085.243

Analysis results written to: 
  IQ-TREE report:                Yeast_2408_clade2//aln_seqs/OG2962.nt.aln.nex.iqtree
  Maximum-likelihood tree:       Yeast_2408_clade2//aln_seqs/OG2962.nt.aln.nex.treefile
  Likelihood distances:          Yeast_2408_clade2//aln_seqs/OG2962.nt.aln.nex.mldist
  Best partitioning scheme:      Yeast_2408_clade2//aln_seqs/OG2962.nt.aln.nex.best_scheme.nex
           in RAxML format:      Yeast_2408_clade2//aln_seqs/OG2962.nt.aln.nex.best_scheme

Ultrafast bootstrap approximation results written to:
  Split support values:          Yeast_2408_clade2//aln_seqs/OG2962.nt.aln.nex.splits.nex
  Consensus tree:                Yeast_2408_clade2//aln_seqs/OG2962.nt.aln.nex.contree
  Screen log file:               Yeast_2408_clade2//aln_seqs/OG2962.nt.aln.nex.log

Date and Time: Wed Mar  6 12:45:17 2019
