IQ-TREE multicore version 1.6.8 for Linux 64-bit built Oct 28 2018
Developed by Bui Quang Minh, Nguyen Lam Tung, Olga Chernomor,
Heiko Schmidt, Dominik Schrempf, Michael Woodhams.

Host:    sango40506.oist.jp (AVX2, FMA3, 755 GB RAM)
Command: iqtree -s Yeast_2408_clade2//aln_seqs/OG3625.nt.aln -bb 1000 -redo -nt 3 -spp Yeast_2408_clade2//aln_seqs/OG3625.nt.aln.nex -m MFPMERGE
Seed:    288469 (Using SPRNG - Scalable Parallel Random Number Generator)
Time:    Wed Mar  6 08:45:52 2019
Kernel:  AVX+FMA - 3 threads (36 CPU cores detected)

Reading partition model file Yeast_2408_clade2//aln_seqs/OG3625.nt.aln.nex ...
Reading alignment file Yeast_2408_clade2//aln_seqs/OG3625.nt.aln ... Fasta format detected
Alignment most likely contains DNA/RNA sequences
Alignment has 21 sequences with 2205 columns, 1630 distinct patterns
1424 parsimony-informative, 239 singleton sites, 542 constant sites
                                     Gap/Ambiguity  Composition  p-value
   1  Kazachstania_africana                  4.08%    passed     89.36%
   2  Kazachstania_naganishii                3.95%    failed      0.00%
   3  Naumovozyma_castellii                  6.53%    passed     72.97%
   4  Naumovozyma_dairenensis                4.08%    failed      4.27%
   5  Tetrapisispora_blattae                 1.22%    failed      0.00%
   6  yHAB132_Kazachstania_martiniae         4.08%    passed     31.09%
   7  yHAB133_Kazachstania_unispora          3.81%    passed     42.51%
   8  yHAB134_Kazachstania_turicensis        4.08%    passed     56.18%
   9  yHAB136_Kazachstania_bromeliacearum    4.35%    passed     34.35%
  10  yHAB143_Kazachstania_siamensis         3.40%    passed     30.59%
  11  yHAB147_Kazachstania_taianensis        3.54%    failed      0.00%
  12  yHAB148_Kazachstania_intestinalis      3.54%    failed      0.00%
  13  yHAB153_Kazachstania_rosinii           4.22%    passed     14.53%
  14  yHAB154_Kazachstania_transvaalensis    1.22%    passed     67.74%
  15  yHAB155_Kazachstania_spencerorum       3.81%    passed     76.17%
  16  yHAB158_Kazachstania_viticola          3.67%    passed     31.54%
  17  yHAB159_Kazachstania_solicola          3.67%    passed     83.80%
  18  yHAB160_Kazachstania_kunashirensis     6.67%    failed      3.01%
  19  yHAB164_Kazachstania_aerobia           3.67%    passed      9.17%
  20  yHAB166_Kazachstania_yakushimaensis    1.36%    failed      0.28%
  21  yHMPu5000035629_Yueomyces_sinensis     5.71%    passed      7.45%
****  TOTAL                                  3.84%  7 sequences failed composition chi2 test (p-value<5%; df=3)
NOTE: No CharPartition defined, use all CharSets

Loading 3 partitions...
Subset	Type	Seqs	Sites	Infor	Invar	Model	Name
1		21	735	422	204	MFPMERGE	p1
2		21	735	303	325	MFPMERGE	p2
3		21	735	699	13	MFPMERGE	p3
Degree of missing data: 0.000
Info: multi-threading strategy over partitions



Create initial parsimony tree by phylogenetic likelihood library (PLL)... 0.541 seconds
NOTE: ModelFinder requires 17 MB RAM!
Testing GTR+F+G on supermatrix...
GTR+F+G4 / LnL: -33520.167 / df: 48 / AIC: 67136.334 / AICc: 67138.516 / BIC: 67409.861
Selecting individual models for 3 charsets using BIC...
 No. Model        Score       Charset
   1 GTR+F+I+G4   13828.920   p2
   2 GTR+F+I+G4   19417.255   p1
   3 HKY+F+R3     31616.093   p3
Full partition model BIC score: 65188.868 (LnL: -32328.836  df:69)
Merging models to increase model fit (about 7 total partition schemes)...
   4 TPM3u+F+I+G4 65357.701   p1+p2
   5 GTR+F+I+G4   66459.665   p1+p3
   6 TIM3+F+R4    67051.033   p2+p3
BEST-FIT PARTITION MODEL: 
  charpartition BIC = GTR+F+I+G4: p1, GTR+F+I+G4: p2, HKY+F+R3: p3;
Agglomerative model selection: (p1,p2,p3)
Partition information was printed to Yeast_2408_clade2//aln_seqs/OG3625.nt.aln.nex.best_scheme.nex
Partition information in Raxml format was printed to Yeast_2408_clade2//aln_seqs/OG3625.nt.aln.nex.best_scheme

All model information printed to Yeast_2408_clade2//aln_seqs/OG3625.nt.aln.nex.model.gz
CPU time for ModelFinder: 169.974 seconds (0h:2m:49s)
Wall-clock time for ModelFinder: 11945.181 seconds (3h:19m:5s)
Generating 1000 samples for ultrafast bootstrap (seed: 288469)...

NOTE: 10 MB RAM (0 GB) is required!
Estimate model parameters (epsilon = 0.100)
Initial log-likelihood: -34460.992
Current log-likelihood at step 1: -32676.723
Current log-likelihood at step 2: -32355.464
Current log-likelihood at step 3: -32319.703
Current log-likelihood at step 4: -32311.529
Current log-likelihood at step 5: -32307.286
Current log-likelihood at step 6: -32305.202
Current log-likelihood at step 7: -32304.196
Current log-likelihood at step 8: -32303.631
Current log-likelihood at step 9: -32303.277
Current log-likelihood at step 10: -32303.037
Current log-likelihood at step 11: -32302.881
Current log-likelihood at step 12: -32302.771
Current log-likelihood at step 13: -32302.681
Partition-specific rates:  0.250 0.139 2.611
Parameters optimization took 12 rounds (79.684 sec)

Computing ML distances based on estimated model parameters... 0.017 sec
Computing BIONJ tree...
0.267 seconds
Log-likelihood of BIONJ tree: -32281.027
--------------------------------------------------------------------
|             INITIALIZING CANDIDATE TREE SET                      |
--------------------------------------------------------------------
Generating 98 parsimony trees... 46.470 second
Computing log-likelihood of 98 initial trees ... 445.535 seconds
Current best score: -32281.027

Do NNI search on 20 best initial trees
Estimate model parameters (epsilon = 0.100)
Initial log-likelihood: -32268.318
Current log-likelihood at step 1: -32268.079
Current log-likelihood at step 2: -32267.978
Current log-likelihood at step 3: -32267.909
Parameters optimization took 2 rounds (9.225 sec)

BETTER TREE FOUND at iteration 1: -32267.909
Iteration 10 / LogL: -32267.912 / Time: 0h:16m:20s
Iteration 20 / LogL: -32267.918 / Time: 0h:22m:46s
Finish initializing candidate tree set (6)
Current best tree score: -32267.909 / CPU time: 1264.465
Number of iterations: 20
--------------------------------------------------------------------
|               OPTIMIZING CANDIDATE TREE SET                      |
--------------------------------------------------------------------
UPDATE BEST LOG-LIKELIHOOD: -32267.909
Iteration 30 / LogL: -32273.583 / Time: 0h:28m:20s (1h:9m:23s left)
Iteration 40 / LogL: -32273.634 / Time: 0h:32m:32s (0h:50m:54s left)
Iteration 50 / LogL: -32273.661 / Time: 0h:36m:30s (0h:38m:0s left)
Log-likelihood cutoff on original alignment: -32324.067
Iteration 60 / LogL: -32273.433 / Time: 0h:40m:20s (0h:28m:2s left)
Iteration 70 / LogL: -32273.421 / Time: 0h:43m:52s (0h:19m:42s left)
Iteration 80 / LogL: -32267.911 / Time: 0h:47m:32s (0h:12m:38s left)
Iteration 90 / LogL: -32267.909 / Time: 0h:51m:13s (0h:6m:19s left)
Iteration 100 / LogL: -32273.428 / Time: 0h:54m:28s (0h:0m:33s left)
Log-likelihood cutoff on original alignment: -32324.067
NOTE: Bootstrap correlation coefficient of split occurrence frequencies: 0.999
TREE SEARCH COMPLETED AFTER 102 ITERATIONS / Time: 0h:55m:9s

--------------------------------------------------------------------
|                    FINALIZING TREE SEARCH                        |
--------------------------------------------------------------------
Performs final model parameters optimization
Estimate model parameters (epsilon = 0.010)
Initial log-likelihood: -32267.904
Current log-likelihood at step 1: -32267.846
Current log-likelihood at step 2: -32267.804
Current log-likelihood at step 3: -32267.769
Current log-likelihood at step 4: -32267.746
Current log-likelihood at step 5: -32267.727
Current log-likelihood at step 6: -32267.712
Current log-likelihood at step 7: -32267.698
Current log-likelihood at step 8: -32267.688
Current log-likelihood at step 9: -32267.677
Current log-likelihood at step 10: -32267.670
Partition-specific rates:  0.240 0.132 2.628
Parameters optimization took 9 rounds (16.594 sec)

BEST SCORE FOUND : -32267.670
Creating bootstrap support values...
Split supports printed to NEXUS file Yeast_2408_clade2//aln_seqs/OG3625.nt.aln.nex.splits.nex
Total tree length: 21.435

Total number of iterations: 102
CPU time used for tree search: 150.982 sec (0h:2m:30s)
Wall-clock time used for tree search: 3206.218 sec (0h:53m:26s)
Total CPU time used: 155.150 sec (0h:2m:35s)
Total wall-clock time used: 3328.966 sec (0h:55m:28s)

Computing bootstrap consensus tree...
Reading input file Yeast_2408_clade2//aln_seqs/OG3625.nt.aln.nex.splits.nex...
21 taxa and 104 splits.
Consensus tree written to Yeast_2408_clade2//aln_seqs/OG3625.nt.aln.nex.contree
Reading input trees file Yeast_2408_clade2//aln_seqs/OG3625.nt.aln.nex.contree
Log-likelihood of consensus tree: -32267.669

Analysis results written to: 
  IQ-TREE report:                Yeast_2408_clade2//aln_seqs/OG3625.nt.aln.nex.iqtree
  Maximum-likelihood tree:       Yeast_2408_clade2//aln_seqs/OG3625.nt.aln.nex.treefile
  Likelihood distances:          Yeast_2408_clade2//aln_seqs/OG3625.nt.aln.nex.mldist
  Best partitioning scheme:      Yeast_2408_clade2//aln_seqs/OG3625.nt.aln.nex.best_scheme.nex
           in RAxML format:      Yeast_2408_clade2//aln_seqs/OG3625.nt.aln.nex.best_scheme

Ultrafast bootstrap approximation results written to:
  Split support values:          Yeast_2408_clade2//aln_seqs/OG3625.nt.aln.nex.splits.nex
  Consensus tree:                Yeast_2408_clade2//aln_seqs/OG3625.nt.aln.nex.contree
  Screen log file:               Yeast_2408_clade2//aln_seqs/OG3625.nt.aln.nex.log

Date and Time: Wed Mar  6 13:00:37 2019
