IQ-TREE multicore version 1.6.8 for Linux 64-bit built Oct 28 2018
Developed by Bui Quang Minh, Nguyen Lam Tung, Olga Chernomor,
Heiko Schmidt, Dominik Schrempf, Michael Woodhams.

Host:    sango40506.oist.jp (AVX2, FMA3, 755 GB RAM)
Command: iqtree -s Yeast_2408_clade2//aln_seqs/OG4016.nt.aln -bb 1000 -redo -nt 3 -spp Yeast_2408_clade2//aln_seqs/OG4016.nt.aln.nex -m MFPMERGE
Seed:    805970 (Using SPRNG - Scalable Parallel Random Number Generator)
Time:    Wed Mar  6 08:41:39 2019
Kernel:  AVX+FMA - 3 threads (36 CPU cores detected)

Reading partition model file Yeast_2408_clade2//aln_seqs/OG4016.nt.aln.nex ...
Reading alignment file Yeast_2408_clade2//aln_seqs/OG4016.nt.aln ... Fasta format detected
Alignment most likely contains DNA/RNA sequences
Alignment has 21 sequences with 1374 columns, 742 distinct patterns
669 parsimony-informative, 95 singleton sites, 610 constant sites
                                     Gap/Ambiguity  Composition  p-value
   1  Kazachstania_africana                  0.00%    passed     58.68%
   2  Kazachstania_naganishii                0.00%    failed      0.00%
   3  Naumovozyma_castellii                  0.00%    passed     57.89%
   4  Naumovozyma_dairenensis                0.00%    passed     12.30%
   5  Tetrapisispora_blattae                 0.00%    passed     33.11%
   6  yHAB132_Kazachstania_martiniae         0.00%    passed     40.38%
   7  yHAB133_Kazachstania_unispora          0.00%    failed      0.20%
   8  yHAB134_Kazachstania_turicensis        0.00%    failed      2.56%
   9  yHAB136_Kazachstania_bromeliacearum    0.00%    passed     96.64%
  10  yHAB143_Kazachstania_siamensis         0.00%    failed      0.45%
  11  yHAB147_Kazachstania_taianensis        0.00%    failed      0.00%
  12  yHAB148_Kazachstania_intestinalis      0.00%    failed      0.00%
  13  yHAB153_Kazachstania_rosinii           0.00%    failed      0.00%
  14  yHAB154_Kazachstania_transvaalensis    0.00%    failed      0.23%
  15  yHAB155_Kazachstania_spencerorum       0.00%    failed      0.31%
  16  yHAB158_Kazachstania_viticola          0.00%    passed      8.60%
  17  yHAB159_Kazachstania_solicola          6.77%    passed     79.59%
  18  yHAB160_Kazachstania_kunashirensis     0.00%    failed      3.12%
  19  yHAB164_Kazachstania_aerobia           0.00%    passed     35.66%
  20  yHAB166_Kazachstania_yakushimaensis    0.00%    failed      0.01%
  21  yHMPu5000035629_Yueomyces_sinensis     0.00%    passed     19.95%
****  TOTAL                                  0.32%  11 sequences failed composition chi2 test (p-value<5%; df=3)
NOTE: No CharPartition defined, use all CharSets

Loading 3 partitions...
Subset	Type	Seqs	Sites	Infor	Invar	Model	Name
1		21	458	158	264	MFPMERGE	p1
2		21	458	91	328	MFPMERGE	p2
3		21	458	420	18	MFPMERGE	p3
Degree of missing data: 0.000
Info: multi-threading strategy over partitions



Create initial parsimony tree by phylogenetic likelihood library (PLL)... 0.303 seconds
NOTE: ModelFinder requires 8 MB RAM!
Testing GTR+F+G on supermatrix...
GTR+F+G4 / LnL: -15262.003 / df: 48 / AIC: 30620.005 / AICc: 30623.556 / BIC: 30870.828
Selecting individual models for 3 charsets using BIC...
 No. Model        Score       Charset
   1 GTR+F+I+G4   5007.475    p2
   2 GTR+F+I+G4   7066.995    p1
   3 TPM3u+F+R3   17182.396   p3
Full partition model BIC score: 29566.589 (LnL: -14530.403  df:70)
Merging models to increase model fit (about 7 total partition schemes)...
   4 TVM+F+I+G4   29750.490   p1+p2
   5 TIM2+F+I+G4  30111.103   p1+p3
   6 HKY+F+R4     30537.826   p2+p3
BEST-FIT PARTITION MODEL: 
  charpartition BIC = GTR+F+I+G4: p1, GTR+F+I+G4: p2, TPM3u+F+R3: p3;
Agglomerative model selection: (p1,p2,p3)
Partition information was printed to Yeast_2408_clade2//aln_seqs/OG4016.nt.aln.nex.best_scheme.nex
Partition information in Raxml format was printed to Yeast_2408_clade2//aln_seqs/OG4016.nt.aln.nex.best_scheme

All model information printed to Yeast_2408_clade2//aln_seqs/OG4016.nt.aln.nex.model.gz
CPU time for ModelFinder: 62.454 seconds (0h:1m:2s)
Wall-clock time for ModelFinder: 4302.073 seconds (1h:11m:42s)
Generating 1000 samples for ultrafast bootstrap (seed: 805970)...

NOTE: 4 MB RAM (0 GB) is required!
Estimate model parameters (epsilon = 0.100)
Initial log-likelihood: -15787.652
Current log-likelihood at step 1: -14992.974
Current log-likelihood at step 2: -14576.070
Current log-likelihood at step 3: -14567.103
Current log-likelihood at step 4: -14559.215
Current log-likelihood at step 5: -14550.718
Current log-likelihood at step 6: -14540.799
Current log-likelihood at step 7: -14531.114
Current log-likelihood at step 8: -14525.909
Current log-likelihood at step 9: -14524.202
Current log-likelihood at step 10: -14523.595
Current log-likelihood at step 11: -14523.308
Current log-likelihood at step 12: -14523.141
Current log-likelihood at step 13: -14523.061
Partition-specific rates:  0.403 0.159 2.438
Parameters optimization took 12 rounds (77.313 sec)

Computing ML distances based on estimated model parameters... 0.009 sec
Computing BIONJ tree...
0.492 seconds
Log-likelihood of BIONJ tree: -14515.277
--------------------------------------------------------------------
|             INITIALIZING CANDIDATE TREE SET                      |
--------------------------------------------------------------------
Generating 98 parsimony trees... 46.220 second
Computing log-likelihood of 98 initial trees ... 445.724 seconds
Current best score: -14511.806

Do NNI search on 20 best initial trees
Estimate model parameters (epsilon = 0.100)
Initial log-likelihood: -14504.808
Current log-likelihood at step 1: -14504.465
Current log-likelihood at step 2: -14504.450
Parameters optimization took 1 rounds (7.535 sec)

BETTER TREE FOUND at iteration 1: -14504.450
Estimate model parameters (epsilon = 0.100)
Initial log-likelihood: -14502.560
Current log-likelihood at step 1: -14502.383
Current log-likelihood at step 2: -14502.379
Parameters optimization took 1 rounds (6.785 sec)

BETTER TREE FOUND at iteration 2: -14502.379
Estimate model parameters (epsilon = 0.100)
Initial log-likelihood: -14500.653
Current log-likelihood at step 1: -14500.507
Current log-likelihood at step 2: -14500.479
Parameters optimization took 1 rounds (6.701 sec)

BETTER TREE FOUND at iteration 5: -14500.479
Estimate model parameters (epsilon = 0.100)
Initial log-likelihood: -14500.337
Current log-likelihood at step 1: -14500.258
Parameters optimization took 0 rounds (3.337 sec)

BETTER TREE FOUND at iteration 7: -14500.258
Iteration 10 / LogL: -14508.574 / Time: 0h:16m:31s
Iteration 20 / LogL: -14502.506 / Time: 0h:25m:18s
Finish initializing candidate tree set (11)
Current best tree score: -14500.258 / CPU time: 1422.960
Number of iterations: 20
--------------------------------------------------------------------
|               OPTIMIZING CANDIDATE TREE SET                      |
--------------------------------------------------------------------
Iteration 30 / LogL: -14500.290 / Time: 0h:33m:37s (1h:29m:16s left)
Iteration 40 / LogL: -14502.522 / Time: 0h:41m:36s (1h:11m:28s left)
Iteration 50 / LogL: -14500.293 / Time: 0h:50m:49s (0h:59m:7s left)
Log-likelihood cutoff on original alignment: -14533.707
Iteration 60 / LogL: -14502.992 / Time: 0h:58m:57s (0h:46m:57s left)
Iteration 70 / LogL: -14500.530 / Time: 1h:6m:26s (0h:35m:37s left)
Iteration 80 / LogL: -14500.438 / Time: 1h:13m:29s (0h:25m:6s left)
Iteration 90 / LogL: -14500.259 / Time: 1h:20m:53s (0h:15m:27s left)
Iteration 100 / LogL: -14502.506 / Time: 1h:27m:34s (0h:6m:11s left)
Log-likelihood cutoff on original alignment: -14534.463
NOTE: Bootstrap correlation coefficient of split occurrence frequencies: 1.000
TREE SEARCH COMPLETED AFTER 108 ITERATIONS / Time: 1h:32m:54s

--------------------------------------------------------------------
|                    FINALIZING TREE SEARCH                        |
--------------------------------------------------------------------
Performs final model parameters optimization
Estimate model parameters (epsilon = 0.010)
Initial log-likelihood: -14500.258
Current log-likelihood at step 1: -14500.245
Current log-likelihood at step 2: -14500.237
Partition-specific rates:  0.388 0.156 2.456
Parameters optimization took 1 rounds (6.173 sec)

BEST SCORE FOUND : -14500.237
Creating bootstrap support values...
Split supports printed to NEXUS file Yeast_2408_clade2//aln_seqs/OG4016.nt.aln.nex.splits.nex
Total tree length: 6.623

Total number of iterations: 108
CPU time used for tree search: 115.132 sec (0h:1m:55s)
Wall-clock time used for tree search: 5477.296 sec (1h:31m:17s)
Total CPU time used: 117.309 sec (0h:1m:57s)
Total wall-clock time used: 5589.096 sec (1h:33m:9s)

Computing bootstrap consensus tree...
Reading input file Yeast_2408_clade2//aln_seqs/OG4016.nt.aln.nex.splits.nex...
21 taxa and 146 splits.
Consensus tree written to Yeast_2408_clade2//aln_seqs/OG4016.nt.aln.nex.contree
Reading input trees file Yeast_2408_clade2//aln_seqs/OG4016.nt.aln.nex.contree
Log-likelihood of consensus tree: -14500.699

Analysis results written to: 
  IQ-TREE report:                Yeast_2408_clade2//aln_seqs/OG4016.nt.aln.nex.iqtree
  Maximum-likelihood tree:       Yeast_2408_clade2//aln_seqs/OG4016.nt.aln.nex.treefile
  Likelihood distances:          Yeast_2408_clade2//aln_seqs/OG4016.nt.aln.nex.mldist
  Best partitioning scheme:      Yeast_2408_clade2//aln_seqs/OG4016.nt.aln.nex.best_scheme.nex
           in RAxML format:      Yeast_2408_clade2//aln_seqs/OG4016.nt.aln.nex.best_scheme

Ultrafast bootstrap approximation results written to:
  Split support values:          Yeast_2408_clade2//aln_seqs/OG4016.nt.aln.nex.splits.nex
  Consensus tree:                Yeast_2408_clade2//aln_seqs/OG4016.nt.aln.nex.contree
  Screen log file:               Yeast_2408_clade2//aln_seqs/OG4016.nt.aln.nex.log

Date and Time: Wed Mar  6 11:26:46 2019
