optimization of topology, BL and inheritance probabilities using:
 hmax = 3,
 tolerance parameters: ftolRel=1.0e-6, ftolAbs=1.0e-6,
                       xtolAbs=0.001, xtolRel=0.01.
 max number of failed proposals = 75, liktolAbs = 1.0e-6.
rootname for files: net2_snaq
BEGIN: 10 runs on starting tree (Nakaseomyces_castellii,Nakaseomyces_bacillisporus,(((Tetrapisispora_blattae,yHMPu5000035629_Yueomyces_sinensis):2.816391344898178,((Saccharomyces_arboricola,(Saccharomyces_uvarum,Saccharomyces_eubayanus):2.885917407546788):0.15963443818351478,(Saccharomyces_kudriavzevii,(Saccharomyces_mikatae,(Saccharomyces_paradoxus,Saccharomyces_cerevisiae):1.0822293674534553):0.6569592835259227):0.16042029284085413):4.8238593869529245):0.15806457914839459,(Candida_glabrata,(Nakaseomyces_bracarensis,(Nakaseomyces_nivariensis,Nakaseomyces_delphensis):0.4481023652926348):1.871477554272544):2.9664046584594743):1.2014957161135744);

main seed 90421
seed: 90421 for run 1, 2019-03-07 7:4:34.655

BEGIN SNaQ for run 1, seed 90421 and hmax 3 changed starting topology by NNI move

Begins heuristic optimization of network------

found best network, now we re-optimize branch lengths and gamma more precisely
STOPPED by number of failures criteria
END optTopLevel: found minimizer topology at step 608 (failures: 75) with -loglik=513.47778 and ht_min=[0.07875, 0.34168, 0.05961, 0.43727, 2.85416, 1.32525, 3.65769, 3.61573, 0.42591, 0. changed starting topology by NNI move

Begins heuristic optimization of network------

found best network, now we re-optimize branch lengths and gamma more precisely
STOPPED by number of failures criteria
END optTopLevel: found minimizer topology at step 114 (failures: 75) with -loglik=5042.20713 and ht_min=[0.08143, 0.0, 0.00852, 0.0, 0.45637, 0.10227, 1.53792, 0.24239, 2.42298, 0.02692, 0.73165, 0.02196, 5.63399, 4.30214, 1.47158, 2.85782, 0.10104, 0.71762, 1.24542, 0.12763, 3.46474, 2.37055, 0.30148, 0.16294, 0.0]
PERFORMANCE: total number of moves (proposed, successful, accepted) in general, and to fix gamma=0.0,t=0.0 cases
	--------moves general--------				 --------moves gamma,t------	
move	 Num.Proposed	 Num.Successful	 Num.Accepted	 | Num.Proposed	 Num.Successful	 Num.Accepted
add		 12		 11		 3	 |	 NA 		 NA 		 NA 
mvorigin	 32		 32		 0	 |	 275		 275		 --
mvtarget	 23		 23		 0	 |	 275		 275		 --
chdir		 24		 24		 1	 |	 551		 551		 --
delete		 0		 0		 0	 |	 5		 5		 --
nni		 23		 22		 0	 |	 1		 1		 --
Total		 114		 112		 4	 |	 1107		 1107		 236
Proportion	 -- 		 1.0		 0.0	 |	 -- 		 1.0		 0.2
(yHAB153_Kazachstania_rosinii,((yHAB134_Kazachstania_turicensis,yHAB160_Kazachstania_kunashirensis):2.370546940760861,((Kazachstania_africana,(yHAB158_Kazachstania_viticola)#H22:::0.9185724618179455):0.10226589877496291,((#H24:0.16294160044276956::3.928245796387531e-37,(yHAB132_Kazachstania_martiniae,(yHAB148_Kazachstania_intestinalis,((Kazachstania_naganishii,yHAB136_Kazachstania_bromeliacearum):0.021962500643024997,(yHAB147_Kazachstania_taianensis,((yHAB154_Kazachstania_transvaalensis,(yHAB166_Kazachstania_yakushimaensis,#H26:::0.008523363254310015):8.444677096701037e-13):5.633990611289393,(yHAB143_Kazachstania_siamensis,((yHAB164_Kazachstania_aerobia,(yHAB159_Kazachstania_solicola)#H26:::0.99147663674569):4.302144196040924,yHAB133_Kazachstania_unispora):1.4715778127953556):2.8578174911490724):0.10104350196818321):0.7176235777309262):1.2454249013410708):0.12762699787804527):0.026917808894524827):0.30147747402380254,(((Naumovozyma_dairenensis,Naumovozyma_castellii):2.4229790169284144,(Tetrapisispora_blattae,yHMPu5000035629_Yueomyces_sinensis):3.4647401268022633):0.0)#H24:0.7316514295078106::1.0):0.24239023917718644):1.5379154564031272):0.4563703885531823,(yHAB155_Kazachstania_spencerorum,#H22:::0.08142753818205452):0.0);
---------------------
seed: 341 for run 2, 2019-03-07 19:40:6.058

BEGIN SNaQ for run 2, seed 341 and hmax 3 changed starting topology by NNI move

Begins heuristic optimization of network------

found best network, now we re-optimize branch lengths and gamma more precisely
STOPPED by number of failures criteria
END optTopLevel: found minimizer topology at step 322 (failures: 75) with -loglik=4692.06351 and ht_min=[0.0146, 0.04777, 0.03642, 0.46998, 0.08039, 0.12046, 2.77639, 3.47115, 0.24966, 1.31406, 9.0e-5, 0.15593, 1.31942, 2.22359, 5.52475, 1.72453, 0.80145, 0.32851, 0.74324, 1.40659, 2.36501, 0.00014, 1.05579, 3.91106, 0.0, 0.08848, 2.65806, 0.16323]
PERFORMANCE: total number of moves (proposed, successful, accepted) in general, and to fix gamma=0.0,t=0.0 cases
	--------moves general--------				 --------moves gamma,t------	
move	 Num.Proposed	 Num.Successful	 Num.Accepted	 | Num.Proposed	 Num.Successful	 Num.Accepted
add		 20		 20		 3	 |	 NA 		 NA 		 NA 
mvorigin	 77		 77		 19	 |	 0		 0		 --
mvtarget	 80		 79		 6	 |	 0		 0		 --
chdir		 65		 42		 2	 |	 0		 0		 --
delete		 0		 0		 0	 |	 0		 0		 --
nni		 80		 72		 2	 |	 3		 3		 --
Total		 322		 290		 32	 |	 3		 3		 1
Proportion	 -- 		 1.0		 0.1	 |	 -- 		 1.0		 0.3
(yHAB164_Kazachstania_aerobia,yHAB159_Kazachstania_solicola,((yHAB133_Kazachstania_unispora,(yHAB143_Kazachstania_siamensis,(((yHAB147_Kazachstania_taianensis,((Kazachstania_naganishii,((yHAB148_Kazachstania_intestinalis,#H24:0.0::0.04777009480262303):1.0557874344538627,((yHAB132_Kazachstania_martiniae,(((yHAB158_Kazachstania_viticola,((yHAB153_Kazachstania_rosinii,yHAB155_Kazachstania_spencerorum):0.4699831624213102,(yHAB160_Kazachstania_kunashirensis,yHAB134_Kazachstania_turicensis):2.3650088443221766):1.406591908960653):0.08038692366931262,Kazachstania_africana):0.24965951428291777,((Naumovozyma_dairenensis,(Naumovozyma_castellii)#H22:::0.9853998746865723):2.7763858199089486,(Tetrapisispora_blattae,yHMPu5000035629_Yueomyces_sinensis):3.471147893697939):0.7432393599827549):0.3285096940406386):0.12045895708974436,#H22:::0.014600125313427732):0.0001363371006500968):1.3140641536292266):9.252949232877758e-5,yHAB136_Kazachstania_bromeliacearum):0.801452691974208):0.15593016175756333,((yHAB166_Kazachstania_yakushimaensis,yHAB154_Kazachstania_transvaalensis):3.911056748398751)#H24:1.7245267411820375::0.9522299051973769):1.31941592488908)#H26:2.6580610606873405::0.963578214244613):2.2235884689182965):5.524749652259652,#H26:0.1632310495934373::0.036421785755387):0.0884839048664098);
---------------------
seed: 2039 for run 3, 2019-03-08 8:8:34.403

BEGIN SNaQ for run 3, seed 2039 and hmax 3 changed starting topology by NNI move

Begins heuristic optimization of network------

found best network, now we re-optimize branch lengths and gamma more precisely
STOPPED by number of failures criteria
END optTopLevel: found minimizer topology at step 364 (failures: 75) with -loglik=4962.15635 and ht_min=[0.00953, 0.00483, 0.08587, 0.10278, 0.74954, 3.46185, 1.5464, 0.12795, 0.17054, 4.93636, 0.03536, 3.0797, 1.60442, 3.06112, 0.10441, 7.0e-5, 0.7258, 1.24756, 0.23201, 1.38032, 2.34972, 1.04967, 0.00596, 0.33997, 0.29316, 0.2886]
PERFORMANCE: total number of moves (proposed, successful, accepted) in general, and to fix gamma=0.0,t=0.0 cases
	--------moves general--------				 --------moves gamma,t------	
move	 Num.Proposed	 Num.Successful	 Num.Accepted	 | Num.Proposed	 Num.Successful	 Num.Accepted
add		 20		 18		 4	 |	 NA 		 NA 		 NA 
mvorigin	 85		 85		 15	 |	 56		 56		 --
mvtarget	 96		 95		 3	 |	 55		 55		 --
chdir		 80		 62		 5	 |	 112		 112		 --
delete		 0		 0		 0	 |	 0		 0		 --
nni		 83		 78		 0	 |	 36		 36		 --
Total		 364		 338		 27	 |	 259		 259		 110
Proportion	 -- 		 1.0		 0.1	 |	 -- 		 1.0		 0.4
(yHAB155_Kazachstania_spencerorum,yHAB153_Kazachstania_rosinii,(((yHAB134_Kazachstania_turicensis,yHAB160_Kazachstania_kunashirensis):2.349716931543782,((((Tetrapisispora_blattae,yHMPu5000035629_Yueomyces_sinensis):3.461853981940592,((Naumovozyma_dairenensis,Naumovozyma_castellii):1.3803210353148703,#H24:0.33997314869916473::0.009529457141983977):1.0496662913162897):0.7495408080127243,((((yHAB148_Kazachstania_intestinalis,((yHAB136_Kazachstania_bromeliacearum,(yHAB147_Kazachstania_taianensis,((yHAB166_Kazachstania_yakushimaensis,yHAB154_Kazachstania_transvaalensis):4.936358230973948,(yHAB143_Kazachstania_siamensis,(yHAB133_Kazachstania_unispora,(yHAB159_Kazachstania_solicola,(yHAB164_Kazachstania_aerobia)#H26:::0.9951714338930849):3.0796994379286566):1.6044151281841723):3.061117619291251):0.10440803272355204):0.7258041212263117):7.29374866176059e-5,Kazachstania_naganishii):1.247556152621029):0.1279527580257445,yHAB132_Kazachstania_martiniae):0.2931629737404875,#H26:::0.004828566106915108):0.03535972766772379)#H24:0.005961516216899935::0.9904705428580161):0.2320121212184953,(Kazachstania_africana,(yHAB158_Kazachstania_viticola)#H28:::0.9141290979041876):0.10278476328337878):1.5464006048832477):0.2885971106455254,#H28:::0.08587090209581243):0.1705446078526727);
---------------------
seed: 14714 for run 4, 2019-03-09 9:55:37.776

BEGIN SNaQ for run 4, seed 14714 and hmax 3 changed starting topology by NNI move

Begins heuristic optimization of network------

found best network, now we re-optimize branch lengths and gamma more precisely
STOPPED by number of failures criteria
END optTopLevel: found minimizer topology at step 248 (failures: 75) with -loglik=5043.31482 and ht_min=[0.00351, 0.01657, 0.06182, 1.40687, 2.48039, 0.72169, 4.47155, 0.2506, 0.02147, 5.52592, 9.12601, 2.20565, 2.94738, 0.1681, 0.03441, 0.72216, 1.24186, 0.12738, 0.3268, 0.08144, 0.469, 2.36417, 0.16316, 0.07029, 2.15251, 9.47534, 0.00631, 0.07972]
PERFORMANCE: total number of moves (proposed, successful, accepted) in general, and to fix gamma=0.0,t=0.0 cases
	--------moves general--------				 --------moves gamma,t------	
move	 Num.Proposed	 Num.Successful	 Num.Accepted	 | Num.Proposed	 Num.Successful	 Num.Accepted
add		 3		 3		 3	 |	 NA 		 NA 		 NA 
mvorigin	 71		 71		 20	 |	 0		 0		 --
mvtarget	 62		 62		 7	 |	 0		 0		 --
chdir		 56		 56		 4	 |	 0		 0		 --
delete		 0		 0		 0	 |	 0		 0		 --
nni		 56		 54		 2	 |	 11		 11		 --
Total		 248		 246		 36	 |	 11		 11		 1
Proportion	 -- 		 1.0		 0.1	 |	 -- 		 1.0		 0.1
(yHAB164_Kazachstania_aerobia,yHAB159_Kazachstania_solicola,((yHAB133_Kazachstania_unispora,(yHAB143_Kazachstania_siamensis,((((yHAB147_Kazachstania_taianensis,((Kazachstania_naganishii,yHAB136_Kazachstania_bromeliacearum):0.02147373426527909,(yHAB148_Kazachstania_intestinalis,(yHAB132_Kazachstania_martiniae,((Kazachstania_africana,(yHAB158_Kazachstania_viticola,((yHAB153_Kazachstania_rosinii,yHAB155_Kazachstania_spencerorum):0.46900240728329395,(yHAB160_Kazachstania_kunashirensis,yHAB134_Kazachstania_turicensis):2.3641692413306834):1.4068652172432552):0.08144171852496439):0.25060323621559294,((Naumovozyma_castellii,(Naumovozyma_dairenensis,#H24:::0.01657278885392105):2.15251113384542):2.4803893103621864,(yHMPu5000035629_Yueomyces_sinensis,(Tetrapisispora_blattae)#H24:::0.9834272111460789):4.47154583508634):0.7216878406655005):0.3268007853508633):0.12737947656794224):1.2418620343683808):0.7221600683367831):0.07029348275541117)#H22:0.03441344189067334::0.9964934727213296,(yHAB166_Kazachstania_yakushimaensis,(#H22:0.16316369878319786::0.003506527278670435,yHAB154_Kazachstania_transvaalensis):5.525922138522568):9.126013364000336):2.9473816502013617)#H26:0.006308711271166507::0.9381832972058886):2.205646188980047):9.475341128372383,#H26:0.07972195446535779::0.06181670279411148):0.16809594621574828);
---------------------
seed: 71633 for run 5, 2019-03-09 21:30:35.579

BEGIN SNaQ for run 5, seed 71633 and hmax 3
Begins heuristic optimization of network------

found best network, now we re-optimize branch lengths and gamma more precisely
STOPPED by number of failures criteria
END optTopLevel: found minimizer topology at step 125 (failures: 75) with -loglik=5134.04517 and ht_min=[0.30525, 0.01596, 0.01714, 0.48873, 0.16704, 2.48253, 1.30509, 4.51857, 0.34726, 0.02146, 4.96116, 2.44059, 1.46811, 2.87404, 0.10036, 0.72253, 0.67895, 1.24208, 0.1273, 0.32436, 1.2529, 1.38837, 0.0453, 1.12275]
PERFORMANCE: total number of moves (proposed, successful, accepted) in general, and to fix gamma=0.0,t=0.0 cases
	--------moves general--------				 --------moves gamma,t------	
move	 Num.Proposed	 Num.Successful	 Num.Accepted	 | Num.Proposed	 Num.Successful	 Num.Accepted
add		 3		 3		 3	 |	 NA 		 NA 		 NA 
mvorigin	 38		 38		 2	 |	 4		 4		 --
mvtarget	 25		 25		 0	 |	 4		 4		 --
chdir		 21		 21		 0	 |	 8		 8		 --
delete		 0		 0		 0	 |	 0		 0		 --
nni		 38		 33		 0	 |	 0		 0		 --
Total		 125		 120		 5	 |	 16		 16		 8
Proportion	 -- 		 1.0		 0.0	 |	 -- 		 1.0		 0.5
(yHAB153_Kazachstania_rosinii,(yHAB155_Kazachstania_spencerorum)#H24:::0.9840370813785013,(((yHAB158_Kazachstania_viticola,(Kazachstania_africana)#H22:::0.6947454394964475):0.16703931569556002,((yHAB132_Kazachstania_martiniae,(yHAB148_Kazachstania_intestinalis,((Kazachstania_naganishii,yHAB136_Kazachstania_bromeliacearum):0.021460513305768113,(yHAB147_Kazachstania_taianensis,((yHAB166_Kazachstania_yakushimaensis,yHAB154_Kazachstania_transvaalensis):4.961157638284857,(yHAB143_Kazachstania_siamensis,(yHAB133_Kazachstania_unispora,(yHAB159_Kazachstania_solicola,yHAB164_Kazachstania_aerobia):2.4405949429670106):1.4681090779211499):2.8740372502790716):0.10035871049219251):0.7225252601716865):1.2420798480045088):0.12730038680457065):0.3243558060243432,(((yHMPu5000035629_Yueomyces_sinensis,(Tetrapisispora_blattae)#H26:::0.9828607472808284):4.518572626167519,(Naumovozyma_castellii,(Naumovozyma_dairenensis,#H26:::0.017139252719171653):1.305088478974014):2.4825315459921304):0.678952071352673,#H22:::0.3052545605035525):0.04529544598840484):0.3472618562055367):1.3883653206821631,((yHAB160_Kazachstania_kunashirensis,yHAB134_Kazachstania_turicensis):1.252895919147452,#H24:::0.015962918621498706):1.1227469438388085):0.488731408878989);
---------------------
seed: 42068 for run 6, 2019-03-10 6:35:10.937

BEGIN SNaQ for run 6, seed 42068 and hmax 3 changed starting topology by NNI move

Begins heuristic optimization of network------

found best network, now we re-optimize branch lengths and gamma more precisely
STOPPED by number of failures criteria
END optTopLevel: found minimizer topology at step 162 (failures: 75) with -loglik=4898.11025 and ht_min=[0.00684, 0.01962, 0.06399, 0.36845, 1.70955, 2.48896, 4.73268, 0.27321, 0.01956, 4.95406, 0.00973, 2.41171, 3.76722, 0.10507, 0.73835, 1.26712, 0.12856, 0.33016, 0.17905, 0.06023, 1.90686, 0.71383, 1.69386, 0.78766, 9.42744, 0.27456, 1.47346, 1.12795]
PERFORMANCE: total number of moves (proposed, successful, accepted) in general, and to fix gamma=0.0,t=0.0 cases
	--------moves general--------				 --------moves gamma,t------	
move	 Num.Proposed	 Num.Successful	 Num.Accepted	 | Num.Proposed	 Num.Successful	 Num.Accepted
add		 8		 8		 3	 |	 NA 		 NA 		 NA 
mvorigin	 38		 38		 7	 |	 0		 0		 --
mvtarget	 42		 42		 2	 |	 0		 0		 --
chdir		 33		 33		 4	 |	 0		 0		 --
delete		 0		 0		 0	 |	 0		 0		 --
nni		 41		 31		 0	 |	 1		 1		 --
Total		 162		 152		 16	 |	 1		 1		 1
Proportion	 -- 		 1.0		 0.1	 |	 -- 		 1.0		 1.0
(yHAB153_Kazachstania_rosinii,yHAB155_Kazachstania_spencerorum,(((yHAB160_Kazachstania_kunashirensis,yHAB134_Kazachstania_turicensis):1.4734629309136846)#H26:1.9068589604580508::0.9360134844111523,((Kazachstania_africana,(yHAB158_Kazachstania_viticola,#H26:1.127954459154911::0.06398651558884766):0.2745575925146002):0.060229362627322126,((yHAB132_Kazachstania_martiniae,(yHAB148_Kazachstania_intestinalis,((Kazachstania_naganishii,yHAB136_Kazachstania_bromeliacearum):0.019561351527004202,(yHAB147_Kazachstania_taianensis,((yHAB166_Kazachstania_yakushimaensis,yHAB154_Kazachstania_transvaalensis):4.954063275146294,(yHAB143_Kazachstania_siamensis,(((yHAB159_Kazachstania_solicola,yHAB164_Kazachstania_aerobia):2.411708651440334,yHAB133_Kazachstania_unispora):0.17905385410499441)#H22:1.6938551691841717::0.993157541289272):3.7672169301260547):0.10507256474796313):0.7383497382680102):1.2671153049663464):0.12856223999796504):0.3301648024978811,(((yHMPu5000035629_Yueomyces_sinensis,(Tetrapisispora_blattae)#H24:::0.9803822276840363):4.732677808521292,(Naumovozyma_castellii,(Naumovozyma_dairenensis,#H24:::0.019617772315963684):9.427440575814046):2.4889645907616385):0.009725202565945584,#H22:0.7876575344982764::0.006842458710727923):0.713829848312843):0.2732106900109612):1.7095504215845923):0.3684477544696404);
---------------------
seed: 9170 for run 7, 2019-03-10 13:15:30.491

BEGIN SNaQ for run 7, seed 9170 and hmax 3 changed starting topology by NNI move

Begins heuristic optimization of network------

found best network, now we re-optimize branch lengths and gamma more precisely
STOPPED by number of failures criteria
END optTopLevel: found minimizer topology at step 192 (failures: 75) with -loglik=11056.82377 and ht_min=[0.05371, 0.05045, 0.02614, 0.46635, 0.05727, 2.31559, 0.00021, 0.00222, 1.23984, 0.77762, 4.8588, 0.51379, 5.26977, 0.19984, 2.09952, 1.11881, 0.01894, 0.12669, 0.27772, 0.94237, 1.45485, 2.39871, 0.32852, 0.07793, 0.0008, 2.83487, 0.07256, 0.01137]
PERFORMANCE: total number of moves (proposed, successful, accepted) in general, and to fix gamma=0.0,t=0.0 cases
	--------moves general--------				 --------moves gamma,t------	
move	 Num.Proposed	 Num.Successful	 Num.Accepted	 | Num.Proposed	 Num.Successful	 Num.Accepted
add		 6		 6		 4	 |	 NA 		 NA 		 NA 
mvorigin	 44		 44		 16	 |	 7		 7		 --
mvtarget	 57		 39		 2	 |	 7		 7		 --
chdir		 40		 32		 1	 |	 15		 15		 --
delete		 0		 0		 0	 |	 1		 1		 --
nni		 45		 45		 1	 |	 13		 13		 --
Total		 192		 166		 24	 |	 43		 43		 11
Proportion	 -- 		 1.0		 0.1	 |	 -- 		 1.0		 0.3
(yHAB164_Kazachstania_aerobia,(yHAB133_Kazachstania_unispora,(yHAB143_Kazachstania_siamensis,((((yHAB166_Kazachstania_yakushimaensis,yHAB154_Kazachstania_transvaalensis):4.85879991701521,(((yHAB147_Kazachstania_taianensis)#H24:::0.9462915895004197,((yHAB148_Kazachstania_intestinalis,(yHAB132_Kazachstania_martiniae,(((Kazachstania_africana,yHAB158_Kazachstania_viticola):0.05726901603624546,((yHAB155_Kazachstania_spencerorum,yHAB153_Kazachstania_rosinii):0.4663510213965381,(yHAB160_Kazachstania_kunashirensis,yHAB134_Kazachstania_turicensis):2.3987143870837384):1.4548470544213101):0.2777187906057902,(((Naumovozyma_dairenensis,Naumovozyma_castellii):2.3155878498218,yHMPu5000035629_Yueomyces_sinensis):0.0002077101149079525,Tetrapisispora_blattae):0.9423687938483681):0.328522731566633):0.12669354303714764):1.2398351076356926,(yHAB136_Kazachstania_bromeliacearum,(Kazachstania_naganishii,#H24:::0.05370841049958028):1.118805484757862):0.0022205939078531805):0.777619102747881):0.018942769083777674)#H28:0.07256349647539671::0.9738559131205452):2.8348731099646445,#H28:0.011373459281144341::0.02614408687945476):0.5137900214290303)#H26:0.07793315904630413::0.9495533389879034):2.0995239189637167):5.269767045775836,(yHAB159_Kazachstania_solicola,#H26:0.0007981025362735117::0.05044666101209661):0.19984288193252003);
---------------------
seed: 44894 for run 8, 2019-03-10 21:29:8.116

BEGIN SNaQ for run 8, seed 44894 and hmax 3
Begins heuristic optimization of network------

found best network, now we re-optimize branch lengths and gamma more precisely
STOPPED by number of failures criteria
END optTopLevel: found minimizer topology at step 318 (failures: 75) with -loglik=4871.68781 and ht_min=[0.00459, 0.04208, 0.32052, 1.91342, 0.51749, 0.0303, 0.16387, 2.41018, 3.44223, 0.12839, 1.2531, 0.29613, 4.9702, 3.35463, 1.7117, 3.22445, 0.10184, 0.73027, 0.02007, 0.34613, 1.3623, 1.37915, 0.73077, 0.23193, 9.37492, 0.53296, 1.48804, 0.0]
PERFORMANCE: total number of moves (proposed, successful, accepted) in general, and to fix gamma=0.0,t=0.0 cases
	--------moves general--------				 --------moves gamma,t------	
move	 Num.Proposed	 Num.Successful	 Num.Accepted	 | Num.Proposed	 Num.Successful	 Num.Accepted
add		 22		 21		 3	 |	 NA 		 NA 		 NA 
mvorigin	 60		 60		 13	 |	 0		 0		 --
mvtarget	 89		 89		 1	 |	 0		 0		 --
chdir		 78		 78		 10	 |	 0		 0		 --
delete		 0		 0		 0	 |	 0		 0		 --
nni		 69		 59		 0	 |	 0		 0		 --
Total		 318		 307		 27	 |	 0		 0		 0
Proportion	 -- 		 1.0		 0.1	 |	 -- 		 0.0		 0.0
(yHAB153_Kazachstania_rosinii,(((yHAB158_Kazachstania_viticola,(Kazachstania_africana)#H26:::0.6794812324242863):0.16386795269803908,(((((((yHAB147_Kazachstania_taianensis,((yHAB166_Kazachstania_yakushimaensis,yHAB154_Kazachstania_transvaalensis):4.970203538824872,(yHAB143_Kazachstania_siamensis,(yHAB133_Kazachstania_unispora,((yHAB159_Kazachstania_solicola,yHAB164_Kazachstania_aerobia):0.2319260904912025)#H22:3.3546346004334664::0.9954052575137691):1.7116971918297275):3.2244463059389226):0.10184340755015704):0.7302668647391176,(Kazachstania_naganishii,yHAB136_Kazachstania_bromeliacearum):0.020073896110272164):1.2530952511071003,yHAB148_Kazachstania_intestinalis):0.12838703451758046,yHAB132_Kazachstania_martiniae):0.296134049537474,#H22:9.374915739278308::0.004594742486230896):0.030295427185096164,#H26:::0.32051876757571374):0.0,((Naumovozyma_dairenensis,Naumovozyma_castellii):2.41017731511457,(Tetrapisispora_blattae,yHMPu5000035629_Yueomyces_sinensis):3.4422278099518815):0.7307680093367227):0.34612552521305406):1.3623043935214594,((yHAB160_Kazachstania_kunashirensis,yHAB134_Kazachstania_turicensis):1.9134187776500728)#H24:0.532961365847044::0.9579161943247679):0.5174870674747747,(yHAB155_Kazachstania_spencerorum,#H24:1.488044043483792::0.04208380567523209):1.3791548927021653);
---------------------
seed: 75240 for run 9, 2019-03-11 10:38:52.794

BEGIN SNaQ for run 9, seed 75240 and hmax 3 changed starting topology by NNI move

Begins heuristic optimization of network------

found best network, now we re-optimize branch lengths and gamma more precisely
STOPPED by number of failures criteria
END optTopLevel: found minimizer topology at step 530 (failures: 75) with -loglik=4664.13142 and ht_min=[0.01701, 0.04053, 0.11064, 2.37252, 0.11992, 1.54332, 0.36511, 2.41027, 3.45072, 0.00848, 1.82908, 0.10551, 1.95446, 6.78386, 2.23814, 4.9558, 0.74566, 1.31371, 0.13443, 0.35213, 0.21021, 0.47149, 0.41065, 2.71738, 0.3986, 0.0, 0.02402, 0.01119]
PERFORMANCE: total number of moves (proposed, successful, accepted) in general, and to fix gamma=0.0,t=0.0 cases
	--------moves general--------				 --------moves gamma,t------	
move	 Num.Proposed	 Num.Successful	 Num.Accepted	 | Num.Proposed	 Num.Successful	 Num.Accepted
add		 4		 4		 3	 |	 NA 		 NA 		 NA 
mvorigin	 141		 141		 26	 |	 0		 0		 --
mvtarget	 134		 134		 8	 |	 0		 0		 --
chdir		 126		 92		 4	 |	 0		 0		 --
delete		 0		 0		 0	 |	 0		 0		 --
nni		 125		 120		 7	 |	 4		 4		 --
Total		 530		 491		 48	 |	 4		 4		 4
Proportion	 -- 		 1.0		 0.1	 |	 -- 		 1.0		 1.0
(yHAB164_Kazachstania_aerobia,(yHAB133_Kazachstania_unispora,(yHAB143_Kazachstania_siamensis,((((yHAB154_Kazachstania_transvaalensis,yHAB166_Kazachstania_yakushimaensis):4.955803363392696,(yHAB147_Kazachstania_taianensis,((Kazachstania_naganishii,yHAB136_Kazachstania_bromeliacearum):0.008483471463428122,(yHAB148_Kazachstania_intestinalis,(yHAB132_Kazachstania_martiniae,(((Kazachstania_africana,(yHAB158_Kazachstania_viticola)#H26:::0.8893577139026455):0.11991658102642896,(((yHAB134_Kazachstania_turicensis,yHAB160_Kazachstania_kunashirensis):2.3725202173857656,(yHAB153_Kazachstania_rosinii,yHAB155_Kazachstania_spencerorum):0.4714913139820385):0.011186685271271684,#H26:::0.11064228609735446):1.543324814576997):0.2102065073646719,(((Naumovozyma_dairenensis,Naumovozyma_castellii):2.4102673267563435,(Tetrapisispora_blattae,yHMPu5000035629_Yueomyces_sinensis):3.450723493083622):0.4106475884695287)#H22:0.3651112284614834::0.9829926597908087):0.35213153111388795):0.13442511414462935):1.3137067419960284):0.7456602740762542):0.105509645282802):1.8290757381400788,#H22:2.7173793809108715::0.01700734020919129):0.0)#H24:1.9544641881675986::0.9594675821045855):2.238137571578406):6.783857456635033,(#H24:0.024016879850285024::0.0405324178954145,yHAB159_Kazachstania_solicola):0.39860360446514104);
---------------------
seed: 60540 for run 10, 2019-03-12 22:1:20.226

BEGIN SNaQ for run 10, seed 60540 and hmax 3 changed starting topology by NNI move

Begins heuristic optimization of network------

found best network, now we re-optimize branch lengths and gamma more precisely
STOPPED by number of failures criteria
END optTopLevel: found minimizer topology at step 715 (failures: 75) with -loglik=4945.75974 and ht_min=[0.01315, 0.01581, 0.00988, 0.08199, 4.35026, 2.48085, 4.434, 0.72092, 1.27294, 3.0e-5, 4.96149, 4.18277, 3.5846, 1.91909, 0.1004, 0.03191, 0.71081, 0.01221, 0.12832, 0.32914, 0.25177, 1.41328, 2.36379, 0.45733, 0.04516, 4.91006]
PERFORMANCE: total number of moves (proposed, successful, accepted) in general, and to fix gamma=0.0,t=0.0 cases
	--------moves general--------				 --------moves gamma,t------	
move	 Num.Proposed	 Num.Successful	 Num.Accepted	 | Num.Proposed	 Num.Successful	 Num.Accepted
add		 12		 12		 3	 |	 NA 		 NA 		 NA 
mvorigin	 171		 171		 36	 |	 0		 0		 --
mvtarget	 200		 123		 5	 |	 0		 0		 --
chdir		 172		 172		 8	 |	 0		 0		 --
delete		 0		 0		 0	 |	 0		 0		 --
nni		 160		 136		 2	 |	 1		 1		 --
Total		 715		 614		 54	 |	 1		 1		 1
Proportion	 -- 		 1.0		 0.1	 |	 -- 		 1.0		 1.0
((yHAB133_Kazachstania_unispora,(yHAB143_Kazachstania_siamensis,(((yHAB154_Kazachstania_transvaalensis,yHAB166_Kazachstania_yakushimaensis):4.9614882750390175,(yHAB147_Kazachstania_taianensis,(Kazachstania_naganishii,((yHAB148_Kazachstania_intestinalis,(yHAB132_Kazachstania_martiniae,(((yHMPu5000035629_Yueomyces_sinensis,(Tetrapisispora_blattae)#H24:::0.9841853101174354):4.43400408563379,(Naumovozyma_castellii,(Naumovozyma_dairenensis,#H24:::0.01581468988256465):4.350256511558314):2.4808453933918053):0.7209216491490051,(Kazachstania_africana,(((yHAB160_Kazachstania_kunashirensis,yHAB134_Kazachstania_turicensis):2.3637858237368214,((yHAB153_Kazachstania_rosinii,yHAB155_Kazachstania_spencerorum):0.012207879740637901,#H22:::0.013152604901627573):0.45732657579662683):1.4132762514441757,yHAB158_Kazachstania_viticola):0.08199460363028765):0.2517732906387943):0.32914405493262944):0.12832068092430732):1.272942138634675,(yHAB136_Kazachstania_bromeliacearum)#H22:::0.9868473950983724):2.5708832565136945e-5):0.7108115305269624):0.10039905860046013):0.045157159750190856)#H26:4.182766984667512::0.9901210989204873):1.9190850926989786):3.584597539253201,yHAB164_Kazachstania_aerobia,(yHAB159_Kazachstania_solicola,#H26:4.910063146939978::0.009878901079512739):0.0319050847777195);
---------------------

2019-03-13 21:47:6.342
MaxNet is (yHAB164_Kazachstania_aerobia,(yHAB133_Kazachstania_unispora,(yHAB143_Kazachstania_siamensis,((((yHAB154_Kazachstania_transvaalensis,yHAB166_Kazachstania_yakushimaensis):4.955803363392696,(yHAB147_Kazachstania_taianensis,((Kazachstania_naganishii,yHAB136_Kazachstania_bromeliacearum):0.008483471463428122,(yHAB148_Kazachstania_intestinalis,(yHAB132_Kazachstania_martiniae,(((Kazachstania_africana,(yHAB158_Kazachstania_viticola)#H26:::0.8893577139026455):0.11991658102642896,(((yHAB134_Kazachstania_turicensis,yHAB160_Kazachstania_kunashirensis):2.3725202173857656,(yHAB153_Kazachstania_rosinii,yHAB155_Kazachstania_spencerorum):0.4714913139820385):0.011186685271271684,#H26:::0.11064228609735446):1.543324814576997):0.2102065073646719,(((Naumovozyma_dairenensis,Naumovozyma_castellii):2.4102673267563435,(Tetrapisispora_blattae,yHMPu5000035629_Yueomyces_sinensis):3.450723493083622):0.4106475884695287)#H22:0.3651112284614834::0.9829926597908087):0.35213153111388795):0.13442511414462935):1.3137067419960284):0.7456602740762542):0.105509645282802):1.8290757381400788,#H22:2.7173793809108715::0.01700734020919129):0.0)#H24:1.9544641881675986::0.9594675821045855):2.238137571578406):6.783857456635033,(#H24:0.024016879850285024::0.0405324178954145,yHAB159_Kazachstania_solicola):0.39860360446514104); 
with -loglik 4664.13141764642
