optimization of topology, BL and inheritance probabilities using:
 hmax = 3,
 tolerance parameters: ftolRel=1.0e-6, ftolAbs=1.0e-6,
                       xtolAbs=0.001, xtolRel=0.01.
 max number of failed proposals = 75, liktolAbs = 1.0e-6.
rootname for files: net2_snaq
BEGIN: 10 runs on starting tree (Nakaseomyces_castellii,Nakaseomyces_bacillisporus,(((Tetrapisispora_blattae,yHMPu5000035629_Yueomyces_sinensis):3.645139148399537,((Saccharomyces_uvarum,Saccharomyces_eubayanus):2.811504138489454,(Saccharomyces_arboricola,((Saccharomyces_mikatae,(Saccharomyces_cerevisiae,Saccharomyces_paradoxus):2.789525231770682):1.8358832305848523,Saccharomyces_kudriavzevii):0.41539979022880946):0.31839707718904764):5.3059802392935715):0.08049946409737127,(Candida_glabrata,(Nakaseomyces_bracarensis,(Nakaseomyces_nivariensis,Nakaseomyces_delphensis):0.7758652194680117):3.151619366389171):4.2421540667109):1.2167770765719228);

main seed 91632
seed: 91632 for run 1, 2019-03-07 8:32:10.083

BEGIN SNaQ for run 1, seed 91632 and hmax 3 changed starting topology by NNI move

Begins heuristic optimization of network------

found best network, now we re-optimize branch lengths and gamma more precisely
STOPPED by number of failures criteria
END optTopLevel: found minimizer topology at step 259 (failures: 75) with -loglik=1211.05592 and ht_min=[0.05122, 0.00114, 0.12572, 0.7693, 1.29356, 6.07571, 2.93615, 1.9801, 1.2721, 0.43785, 0
Begins heuristic optimization of network------

found best network, now we re-optimize branch lengths and gamma more precisely
STOPPED by number of failures criteria
END optTopLevel: found minimizer topology at step 474 (failures: 75) with -loglik=9175.20666 and ht_min=[0.07297, 0.07711, 0.03677, 0.0, 0.30459, 0.0, 1.07955, 3.79667, 1.0691, 2.0027, 9.96361, 9.88395, 2.72459, 4.45698, 0.318, 1.32835, 0.03781, 0.43368, 0.45845, 0.13145, 1.6409, 1.68909, 0.0, 0.0, 5.0, 0.0, 10.0, 2.7848, 0.4405, 0.0]
PERFORMANCE: total number of moves (proposed, successful, accepted) in general, and to fix gamma=0.0,t=0.0 cases
	--------moves general--------				 --------moves gamma,t------	
move	 Num.Proposed	 Num.Successful	 Num.Accepted	 | Num.Proposed	 Num.Successful	 Num.Accepted
add		 6		 6		 4	 |	 NA 		 NA 		 NA 
mvorigin	 112		 112		 16	 |	 55		 55		 --
mvtarget	 113		 113		 15	 |	 54		 54		 --
chdir		 121		 114		 11	 |	 109		 109		 --
delete		 0		 0		 0	 |	 0		 0		 --
nni		 122		 107		 0	 |	 9		 9		 --
Total		 474		 452		 46	 |	 227		 227		 76
Proportion	 -- 		 1.0		 0.1	 |	 -- 		 1.0		 0.3
(((yHAB160_Kazachstania_kunashirensis,yHAB134_Kazachstania_turicensis):2.7848041680349356,((#H28:0.0::0.036767438546175306,((Kazachstania_africana,yHAB158_Kazachstania_viticola):0.13145457147419273,((((Naumovozyma_dairenensis,Naumovozyma_castellii):3.796673307842385,((Tetrapisispora_blattae,yHMPu5000035629_Yueomyces_sinensis):1.6890946925141375,#H22:0.0::0.07296818240474708):2.0026966171904315):1.0691016557313562,(yHAB132_Kazachstania_martiniae,(yHAB148_Kazachstania_intestinalis,((Kazachstania_naganishii,yHAB136_Kazachstania_bromeliacearum):0.03781350424991014,(yHAB147_Kazachstania_taianensis,(((yHAB166_Kazachstania_yakushimaensis,yHAB154_Kazachstania_transvaalensis):9.963606786048441,(yHAB143_Kazachstania_siamensis,((yHAB164_Kazachstania_aerobia,yHAB159_Kazachstania_solicola):9.883949726670037,yHAB133_Kazachstania_unispora):2.724592496705973):4.456984249379993):1.0795533096520928)#H22:4.4425321984041927e-13::0.9270318175952529):0.3180016241789483):1.328345730482868):0.4336757441650865):0.4584476376403859):0.0)#H28:0.44049761231719164::0.9632325614538247):1.6409023663301763):0.0)#H24:0.0::0.9228879582848665):0.3045948442028589,yHAB155_Kazachstania_spencerorum,(yHAB153_Kazachstania_rosinii,#H24:9.999997787177563::0.07711204171513349):5.0);
---------------------
seed: 83307 for run 2, 2019-03-08 0:29:0.724

BEGIN SNaQ for run 2, seed 83307 and hmax 3 changed starting topology by NNI move

Begins heuristic optimization of network------

found best network, now we re-optimize branch lengths and gamma more precisely
STOPPED by number of failures criteria
END optTopLevel: found minimizer topology at step 86 (failures: 75) with -loglik=10153.51774 and ht_min=[0.06141, 0.0, 0.47343, 0.11669, 3.16163, 2.94122, 0.79787, 0.12929, 10.0, 0.19429, 3.5372, 2.12619, 10.0, 0.30599, 0.9754, 0.32437, 0.42019, 0.45788, 1.67442, 2.59931, 10.0, 0.55588, 0.0, 0.0]
PERFORMANCE: total number of moves (proposed, successful, accepted) in general, and to fix gamma=0.0,t=0.0 cases
	--------moves general--------				 --------moves gamma,t------	
move	 Num.Proposed	 Num.Successful	 Num.Accepted	 | Num.Proposed	 Num.Successful	 Num.Accepted
add		 15		 15		 2	 |	 NA 		 NA 		 NA 
mvorigin	 15		 15		 0	 |	 91		 91		 --
mvtarget	 17		 17		 1	 |	 93		 93		 --
chdir		 12		 12		 0	 |	 184		 184		 --
delete		 0		 0		 0	 |	 0		 0		 --
nni		 27		 25		 0	 |	 7		 7		 --
Total		 86		 84		 3	 |	 375		 375		 155
Proportion	 -- 		 1.0		 0.0	 |	 -- 		 1.0		 0.4
((((Kazachstania_africana,yHAB158_Kazachstania_viticola):0.11668729896022853,(((Tetrapisispora_blattae,yHMPu5000035629_Yueomyces_sinensis):3.1616349559569574,(Naumovozyma_dairenensis,Naumovozyma_castellii):2.9412151015137553):0.7978717038908835,(yHAB132_Kazachstania_martiniae,(yHAB148_Kazachstania_intestinalis,((yHAB136_Kazachstania_bromeliacearum,(Kazachstania_naganishii,#H22:::0.06141405325942598):9.99999999948833):0.12929120745220024,(yHAB147_Kazachstania_taianensis,(#H24:0.0::0.0,((yHAB166_Kazachstania_yakushimaensis,yHAB154_Kazachstania_transvaalensis):10.0,(yHAB143_Kazachstania_siamensis,(yHAB133_Kazachstania_unispora,((yHAB159_Kazachstania_solicola,yHAB164_Kazachstania_aerobia):0.0)#H24:9.999999999980732::1.0):2.126192059141702):3.537202606837253):0.3059922572636364):0.555882730378587):0.19428831811836822):0.9753996964327204):0.3243673031056735):0.42019258205523735):0.4578814672980768):1.6744243289683984,(yHAB160_Kazachstania_kunashirensis,yHAB134_Kazachstania_turicensis):2.599313572399383):0.47342933108934593,yHAB155_Kazachstania_spencerorum,(yHAB153_Kazachstania_rosinii)#H22:::0.938585946740574);
---------------------
seed: 83929 for run 3, 2019-03-08 12:28:30.486

BEGIN SNaQ for run 3, seed 83929 and hmax 3 changed starting topology by NNI move

Begins heuristic optimization of network------

found best network, now we re-optimize branch lengths and gamma more precisely
STOPPED by number of failures criteria
END optTopLevel: found minimizer topology at step 265 (failures: 75) with -loglik=9573.47713 and ht_min=[0.13866, 0.00408, 0.02039, 0.28065, 0.32385, 6.09855, 2.95084, 0.15346, 0.00153, 0.0, 2.9561, 9.99032, 2.39343, 4.23239, 1.25674, 0.37744, 1.76529, 0.83824, 0.42257, 0.13981, 1.31631, 2.73651, 9.74113, 0.47892, 1.88483, 0.10677, 0.38049, 0.24612]
PERFORMANCE: total number of moves (proposed, successful, accepted) in general, and to fix gamma=0.0,t=0.0 cases
	--------moves general--------				 --------moves gamma,t------	
move	 Num.Proposed	 Num.Successful	 Num.Accepted	 | Num.Proposed	 Num.Successful	 Num.Accepted
add		 7		 7		 3	 |	 NA 		 NA 		 NA 
mvorigin	 62		 62		 18	 |	 0		 0		 --
mvtarget	 70		 70		 3	 |	 0		 0		 --
chdir		 57		 47		 5	 |	 0		 0		 --
delete		 0		 0		 0	 |	 0		 0		 --
nni		 69		 62		 1	 |	 2		 2		 --
Total		 265		 248		 30	 |	 2		 2		 2
Proportion	 -- 		 1.0		 0.1	 |	 -- 		 1.0		 1.0
(yHAB159_Kazachstania_solicola,yHAB164_Kazachstania_aerobia,((yHAB143_Kazachstania_siamensis,(((yHAB147_Kazachstania_taianensis,((Kazachstania_naganishii,yHAB136_Kazachstania_bromeliacearum):0.001525750896487754,(yHAB148_Kazachstania_intestinalis,((yHAB132_Kazachstania_martiniae,((((yHAB158_Kazachstania_viticola,Kazachstania_africana):0.1398111070923849,((yHAB153_Kazachstania_rosinii,yHAB155_Kazachstania_spencerorum):0.28064608996447893,(yHAB160_Kazachstania_kunashirensis,yHAB134_Kazachstania_turicensis):2.7365066680716166):1.316312551943785):0.4225656305291711,((Tetrapisispora_blattae,(yHMPu5000035629_Yueomyces_sinensis)#H26:::0.9796122119279194):6.0985473087977615,(Naumovozyma_dairenensis,Naumovozyma_castellii):2.9508362398477708):0.8382408989557005):0.24612004442649735,#H26:::0.020387788072080606):0.1534608834123525):0.4789179626513825)#H22:0.0::0.861337557220696):1.7652887611984824):0.377436182894714):1.256736219108601,((yHAB166_Kazachstania_yakushimaensis,yHAB154_Kazachstania_transvaalensis):9.741127890422018,#H22:1.884826341013952::0.1386624427793039):0.3238519074612558):0.10677362417037903)#H24:4.23238885589646::0.9959159496828209):2.393426058097212,(yHAB133_Kazachstania_unispora,#H24:0.3804898476692272::0.004084050317179015):2.9560984945467546):9.990322263477735);
---------------------
seed: 89569 for run 4, 2019-03-09 2:59:5.493

BEGIN SNaQ for run 4, seed 89569 and hmax 3 changed starting topology by NNI move

Begins heuristic optimization of network------

found best network, now we re-optimize branch lengths and gamma more precisely
STOPPED by number of failures criteria
END optTopLevel: found minimizer topology at step 197 (failures: 75) with -loglik=10867.55493 and ht_min=[0.17334, 0.00024, 0.33056, 0.59726, 0.13446, 3.1972, 2.96942, 1.04613, 0.80832, 0.12455, 9.95264, 9.73288, 2.13411, 3.52638, 0.86767, 0.20147, 0.93803, 0.17084, 0.54958, 0.44798, 1.23363, 0.58991, 0.07665, 2.25291]
PERFORMANCE: total number of moves (proposed, successful, accepted) in general, and to fix gamma=0.0,t=0.0 cases
	--------moves general--------				 --------moves gamma,t------	
move	 Num.Proposed	 Num.Successful	 Num.Accepted	 | Num.Proposed	 Num.Successful	 Num.Accepted
add		 23		 23		 3	 |	 NA 		 NA 		 NA 
mvorigin	 50		 50		 5	 |	 0		 0		 --
mvtarget	 44		 44		 5	 |	 0		 0		 --
chdir		 36		 36		 2	 |	 0		 0		 --
delete		 0		 0		 0	 |	 0		 0		 --
nni		 44		 36		 0	 |	 2		 2		 
Begins heuristic optimization of network------

found best network, now we re-optimize branch lengths and gamma more precisely
STOPPED by number of failures criteria
END optTopLevel: found minimizer topology at step 129 (failures: 75) with -loglik=1264.43513 and ht_min=[0.02633, 0.0, 0.01122, 3.17742, 6.11169, 3.71104, 0.08178, 2.76459, 0.0, 1.43289, 0.30133, 0.27736, 4.61786, 1.20705, 0.75655, 0.0, 6.72651, 0.0, 0.16716, 0.0, 1.56385]
PERFORMANCE: total number of moves (proposed, successful, accepted) in general, and to fix gamma=0.0,t=0.0 cases
	--------moves general--------				 --------moves gamma,t------	
move	 Num.Proposed	 Num.Successful	 Num.Accepted	 | Num.Proposed	 Num.Successful	 Num.Accepted
add		 10		 10		 3	 |	 NA 		 NA 		 NA 
mvorigin	 38		 38		 2	 |	 612		 612		 --
mvtarget	 34		 34		 2	 |	 613		 613		 --
chdir		 27		 27		 0	 |	 1225		 1225		 --
delete		 0		 0		 0	 |	 41		 41		 --
nni		 20		 16		 0	 |	 0		 0		 --
Total		 129		 125		 7	 |	 2491		 2491		 334
Proportion	 -- 		 1.0		 0.1	 |	 -- 		 1.0		 0.1
(Saccharomyces_uvarum,Saccharomyces_eubayanus,(#H18:0.0::2.772802588570119e-20,((((Saccharomyces_kudriavzevii,#H16:1.471113057594208e-12::0.026334829919380173):1.6893689042786308e-15,(Saccharomyces_mikatae,((Saccharomyces_cerevisiae,Saccharomyces_paradoxus):1.2170449457263438e-14)#H16:6.726511999230111::0.9736651700806198):1.4328905131827767):0.3013264971346915,Saccharomyces_arboricola):0.2773598599247 changed starting topology by NNI move

Begins heuristic optimization of network------

found best network, now we re-optimize branch lengths and gamma more precisely
STOPPED by number of failures criteria
END optTopLevel: found minimizer topology at step 304 (failures: 75) with -loglik=10375.63455 and ht_min=[0.00364, 0.16122, 0.34643, 2.75557, 0.14977, 1.31333, 2.95056, 3.21251, 0.53629, 1.00354, 0.09291, 9.97159, 0.03729, 9.73875, 2.3618, 4.2256, 1.01463, 0.31198, 0.4478, 0.81048, 0.26548, 0.15047, 0.4099, 0.13687, 8.04861, 0.81408, 0.00856]
PERFORMANCE: total number of moves (proposed, successful, accepted) in general, and to fix gamma=0.0,t=0.0 cases
	--------moves general--------				 --------moves gamma,t------	
move	 Num.Proposed	 Num.Successful	 Num.Accepted	 | Num.Proposed	 Num.Successful	 Num.Accepted
add		 14		 12		 3	 |	 NA 		 NA 		 NA 
mvorigin	 73		 73		 18	 |	 64		 64		 --
mvtarget	 67		 40		 2	 |	 65		 65		 --
chdir		 68		 65		 3	 |	 129		 129		 --
delete		 0		 0		 0	 |	 0		 0		 --
nni		 82		 74		 1	 |	 1		 1		 --
Total		 304		 264		 27	 |	 259		 259		 73
Proportion	 -- 		 1.0		 0.1	 |	 -- 		 1.0		 0.3
(Kazachstania_naganishii,(yHAB147_Kazachstania_taianensis,((((yHAB166_Kazachstania_yakushimaensis,yHAB154_Kazachstania_transvaalensis):9.971593761131691,(yHAB143_Kazachstania_siamensis,((yHAB159_Kazachstania_solicola,yHAB164_Kazachstania_aerobia):9.738750516807121,(yHAB133_Kazachstania_unispora,#H22:0.4098991636614567::0.003639237125259915):0.09290543745664907):2.361797571098571):4.225600407210079):1.0146338245239008,(yHAB148_Kazachstania_intestinalis,((((((yHAB134_Kazachstania_turicensis,yHAB160_Kazachstania_kunashirensis):2.7555705263092283,(yHAB153_Kazachstania_rosinii,yHAB155_Kazachstania_spencerorum):0.26547948006546557):1.3133326501930038,(Kazachstania_africana,(yHAB158_Kazachstania_viticola,#H24:::0.161222754343171):0.13687026723399906):0.14977463723568404):0.44779610737627895,((Naumovozyma_castellii,Naumovozyma_dairenensis):2.950561187008866,(Tetrapisispora_blattae,yHMPu5000035629_Yueomyces_sinensis):3.2125084010172325):0.8104802462352549):0.5362907039771441,(yHAB132_Kazachstania_martiniae)#H24:::0.838777245656829):0.1504724553630086)#H22:0.03728518010939434::0.9963607628747401):1.0035432849834867):0.0)#H26:0.814080677470912::0.653569950957565):0.31197837975424997,(yHAB136_Kazachstania_bromeliacearum,#H26:0.008559688045512423::0.34643004904243496):8.04860702301507);
---------------------
seed: 32426 for run 6, 2019-03-10 4:34:29.821

BEGIN SNaQ for run 6, seed 32426 and hmax 3 changed starting topology by NNI move

Begins heuristic optimization of network------

found best network, now we re-optimize branch lengths and gamma more precisely
STOPPED by number of failures criteria
END optTopLevel: found minimizer topology at step 129 (failures: 75) with -loglik=9706.54628 and ht_min=[0.06555, 0.14373, 0.00782, 0.54335, 2.60252, 0.38529, 0.17248, 2.95113, 0.92664, 0.04306, 0.89192, 9.91343, 7.6971, 2.52931, 4.25547, 0.81416, 1.30045, 0.36664, 0.48171, 1.61041, 0.14104, 2.45817, 0.15486, 8.19596, 0.0, 1.20721, 3.02452, 1.14198]
PERFORMANCE: total number of moves (proposed, successful, accepted) in general, and to fix gamma=0.0,t=0.0 cases
	--------moves general--------				 --------moves gamma,t------	
move	 Num.Proposed	 Num.Successful	 Num.Accepted	 | Num.Proposed	 Num.Successful	 Num.Accepted
add		 3		 3		 3	 |	 NA 		 NA 		 NA 
mvorigin	 41		 41		 7	 |	 1		 1		 --
mvtarget	 21		 21		 2	 |	 1		 1		 --
chdir		 32		 32		 1	 |	 2		 2		 --
delete		 0		 0		 0	 |	 0		 0		 --
nni		 32		 28		 0	 |	 2		 2		 --
Total		 129		 125		 13	 |	 6		 6		 4
Proportion	 -- 		 1.0		 0.1	 |	 -- 		 1.0		 0.7
(((yHAB160_Kazachstania_kunashirensis,yHAB134_Kazachstania_turicensis):2.6025206691145404,(((((Naumovozyma_dairenensis,Naumovozyma_castellii):2.951127766098019,((Tetrapisispora_blattae,yHMPu5000035629_Yueomyces_sinensis):2.458166380314069,#H22:8.195962013636333::0.06555476307692108):0.8141566112053189):0.9266442138781844,((yHAB148_Kazachstania_intestinalis,((Kazachstania_naganishii,yHAB136_Kazachstania_bromeliacearum):0.04305571065602102,((((yHAB166_Kazachstania_yakushimaensis,yHAB154_Kazachstania_transvaalensis):9.91343202417418,(yHAB143_Kazachstania_siamensis,(yHAB133_Kazachstania_unispora,((yHAB159_Kazachstania_solicola,yHAB164_Kazachstania_aerobia):7.697101804205168)#H26:3.0245203603836224::0.9921817990295922):2.5293140591138754):4.255469600038336):0.8919207542954083,(yHAB147_Kazachstania_taianensis,#H26:1.1419840534827315::0.007818200970407703):1.2072098224204038):0.1724818862056373)#H22:0.1548646660841163::0.9344452369230789):1.300446891763897):0.3666350381038942,yHAB132_Kazachstania_martiniae):0.48171351878948643):0.385294783179299,(Kazachstania_africana,yHAB158_Kazachstania_viticola):0.14104280727392):0.0,#H24:::0.14373068680790194):1.6104071057207985):0.5433465714081784,yHAB155_Kazachstania_spencerorum,(yHAB153_Kazachstania_rosinii)#H24:::0.8562693131920981);
---------------------
seed: 46188 for run 7, 2019-03-10 14:1:14.936

BEGIN SNaQ for run 7, seed 46188 and hmax 3 changed starting topology by NNI move

Begins heuristic optimization of network------

found best network, now we re-optimize branch lengths and gamma more precisely
STOPPED by number of failures criteria
END optTopLevel: found minimizer topology at step 111 (failures: 75) with -loglik=10996.59309 and ht_min=[0.01173, 0.0, 0.00887, 1.07801, 0.14177, 2.61039, 0.38476, 3.41859, 3.38804, 0.11981, 10.0, 10.0, 2.1111, 4.05333, 0.73016, 0.21673, 0.95079, 0.30314, 0.41275, 0.285, 0.42471, 0.0, 0.13637, 0.0, 0.22064, 0.02178, 0.32483]
PERFORMANCE: total number of moves (proposed, successful, accepted) in general, and to fix gamma=0.0,t=0.0 cases
	--------moves general--------				 --------moves gamma,t------	
move	 Num.Proposed	 Num.Successful	 Num.Accepted	 | Num.Proposed	 Num.Successful	 Num.Accepted
add		 5		 4		 3	 |	 NA 		 NA 		 NA 
mvorigin	 25		 25		 0	 |	 368		 368		 --
mvtarget	 39		 38		 2	 |	 369		 369		 --
chdir		 13		 12		 0	 |	 737		 737		 --
delete		 0		 0		 0	 |	 8		 8		 --
nni		 29		 26		 0	 |	 2		 2		 --
Total		 111		 105		 5	 |	 1484		 1484		 293
Proportion	 -- 		 1.0		 0.0	 |	 -- 		 1.0		 0.2
(yHAB155_Kazachstania_spencerorum,yHAB153_Kazachstania_rosinii,((#H24:0.021775399016897977::0.0,((yHAB158_Kazachstania_viticola,Kazachstania_africana):0.14177224993009907,((yHAB132_Kazachstania_martiniae,(yHAB148_Kazachstania_intestinalis,((Kazachstania_naganishii,yHAB136_Kazachstania_bromeliacearum):0.11980913313467235,(((yHAB143_Kazachstania_siamensis,(yHAB133_Kazachstania_unispora,((yHAB159_Kazachstania_solicola,yHAB164_Kazachstania_aerobia):9.999999999976497,#H22:0.0::0.011730276073783932):4.995096197884959e-15):2.1111038000547198):4.0533323828064916,(yHAB166_Kazachstania_yakushimaensis,yHAB154_Kazachstania_transvaalensis):9.999999999996373):0.7301622983297157,yHAB147_Kazachstania_taianensis):0.21672562249384172):0.950789851365909):0.30313970270569995):0.41274632265418254,((((Tetrapisispora_blattae,(yHMPu5000035629_Yueomyces_sinensis)#H26:::0.9911257824751817):3.418592673025797,(Naumovozyma_dairenensis,Naumovozyma_castellii):3.3880383440126978):0.3248333584581605,#H26:::0.008874217524818337):0.3847578829657684)#H22:0.13636912608966195::0.988269723926216):0.4247062880223164):0.22063583148617696):1.0780089936477395,((yHAB134_Kazachstania_turicensis,yHAB160_Kazachstania_kunashirensis):0.0)#H24:2.6103874478922826::1.0):0.28500029128333604);
---------------------
seed: 77225 for run 8, 2019-03-12 13:57:13.892

BEGIN SNaQ for run 8, seed 77225 and hmax 3 changed starting topology by NNI move

Begins heuristic optimization of network------

found best network, now we re-optimize branch lengths and gamma more precisely
STOPPED by number of failures criteria
END optTopLevel: found minimizer topology at step 1112 (failures: 75) with -loglik=8086.5964 and ht_min=[0.11257, 0.35202, 0.09228, 2.56706, 0.0, 9.99613, 2.94093, 2.91126, 1.82786, 0.16552, 0.1679, 3.24198, 9.99999, 1.60809, 0.36451, 0.52061, 0.98179, 10.0, 2.1637, 1.2402, 0.39524, 0.31156, 0.14398, 0.0, 0.70457, 0.33442, 0.83681, 9.98043]
PERFORMANCE: total number of moves (proposed, successful, accepted) in general, and to fix gamma=0.0,t=0.0 cases
	--------moves general--------				 --------moves gamma,t------	
move	 Num.Proposed	 Num.Successful	 Num.Accepted	 | Num.Proposed	 Num.Successful	 Num.Accepted
add		 12		 12		 6	 |	 NA 		 NA 		 NA 
mvorigin	 293		 293		 83	 |	 73		 73		 --
mvtarget	 281		 281		 12	 |	 75		 75		 --
chdir		 242		 242		 5	 |	 148		 148		 --
delete		 0		 0		 0	 |	 3		 3		 --
nni		 284		 238		 3	 |	 26		 26		 --
Total		 1112		 1066		 109	 |	 325		 325		 117
Proportion	 -- 		 1.0		 0.1	 |	 -- 		 1.0		 0.4
(yHAB158_Kazachstania_viticola,Kazachstania_africana,((((yHAB132_Kazachstania_martiniae,(yHAB148_Kazachstania_intestinalis,(((yHAB136_Kazachstania_bromeliacearum,(Kazachstania_naganishii,(yHAB147_Kazachstania_taianensis)#H28:::0.6479791511677591):1.6080927582651297):0.16789666569894104,((yHAB166_Kazachstania_yakushimaensis,yHAB154_Kazachstania_transvaalensis):9.99999639819748,(#H28:::0.3520208488322409,(yHAB143_Kazachstania_siamensis,(yHAB133_Kazachstania_unispora,(yHAB159_Kazachstania_solicola,yHAB164_Kazachstania_aerobia):9.999990185076589):2.163704436972563):3.2419766446543656):0.3115594422082227):1.2402022797778005):0.8368109440293072)#H32:0.1655186139092373::0.9077239915366071):0.3952361035796316):0.520605353861662,((Naumovozyma_castellii,Naumovozyma_dairenensis):2.940933726217877,(#H32:9.980431814706488::0.09227600846339287,(Tetrapisispora_blattae,yHMPu5000035629_Yueomyces_sinensis):2.911259912509017):0.3344234705157855):0.9817917309986762):0.36450754634037114,((yHAB160_Kazachstania_kunashirensis,yHAB134_Kazachstania_turicensis):2.567064049516169,((yHAB153_Kazachstania_rosinii,yHAB155_Kazachstania_spencerorum):0.0)#H30:0.7045743038461204::0.8874349569256896):1.8278620940073975):0.0,#H30:9.996130376231198::0.11256504307431035):0.14398214487866148);
---------------------
seed: 90545 for run 9, 2019-03-15 17:25:25.858

BEGIN SNaQ for run 9, seed 90545 and hmax 3 changed starting topology by NNI move

Begins heuristic optimization of network------

found best network, now we re-optimize branch lengths and gamma more precisely
STOPPED by number of failures criteria
END optTopLevel: found minimizer topology at step 349 (failures: 75) with -loglik=10804.75304 and ht_min=[0.03665, 0.00611, 0.02398, 0.30809, 2.69106, 0.09396, 3.08141, 2.94854, 0.34131, 0.11733, 9.62964, 1.18292, 9.43741, 4.90713, 0.89419, 0.19339, 0.9532, 0.07387, 0.89434, 0.28177, 1.63609, 6.20397, 0.14133, 0.01079, 0.08518, 1.18924, 0.01732, 0.70654, 0.30693, 0.07113]
PERFORMANCE: total number of moves (proposed, successful, accepted) in general, and to fix gamma=0.0,t=0.0 cases
	--------moves general--------				 --------moves gamma,t------	
move	 Num.Proposed	 Num.Successful	 Num.Accepted	 | Num.Proposed	 Num.Successful	 Num.Accepted
add		 9		 9		 3	 |	 NA 		 NA 		 NA 
mvorigin	 94		 94		 7	 |	 0		 0		 --
mvtarget	 85		 70		 8	 |	 0		 0		 --
chdir		 82		 47		 0	 |	 0		 0		 --
delete		 0		 0		 0	 |	 0		 0		 --
nni		 79		 65		 0	 |	 1		 1		 --
Total		 349		 285		 18	 |	 1		 1		 1
Proportion	 -- 		 1.0		 0.1	 |	 -- 		 1.0		 1.0
(yHAB155_Kazachstania_spencerorum,(yHAB153_Kazachstania_rosinii,#H22:0.010793584923252981::0.036652397957501956):6.203973113727087,((yHAB160_Kazachstania_kunashirensis,yHAB134_Kazachstania_turicensis):2.6910590255092375,((Kazachstania_africana,yHAB158_Kazachstania_viticola):0.09396305829447756,((((Naumovozyma_dairenensis,Naumovozyma_castellii):2.9485356407613796,((yHMPu5000035629_Yueomyces_sinensis,Tetrapisispora_blattae):0.7065430565544262,#H26:0.07112580902890753::0.023982543716437016):3.0814119973120744):0.8943409183664739,(((yHAB132_Kazachstania_martiniae,(yHAB148_Kazachstania_intestinalis,((Kazachstania_naganishii,yHAB136_Kazachstania_bromeliacearum):0.1173280851622635,(yHAB147_Kazachstania_taianensis,((yHAB166_Kazachstania_yakushimaensis,yHAB154_Kazachstania_transvaalensis):9.629638245407472,(yHAB143_Kazachstania_siamensis,((yHAB133_Kazachstania_unispora,(yHAB159_Kazachstania_solicola,yHAB164_Kazachstania_aerobia):9.437412247970954):1.1892371013945235)#H24:1.18292252454707::0.9938856582108444):4.907128499151519):0.8941891721588577):0.19338692406917835):0.9532036631063343):0.30692662391077086):0.08517524195598025,#H24:0.017315511198632796::0.006114341789155636):0.07387083438060932)#H26:0.28176984881333833::0.976017456283563):0.14133035339481156)#H22:0.34131168576935644::0.963347602042498):1.6360922561173337):0.3080900562525741);
---------------------
seed: 94441 for run 10, 2019-03-16 8:46:35.371

BEGIN SNaQ for run 10, seed 94441 and hmax 3 changed starting topology by NNI move

Begins heuristic optimization of network------

found best network, now we re-optimize branch lengths and gamma more precisely
STOPPED by number of failures criteria
END optTopLevel: found minimizer topology at step 228 (failures: 75) with -loglik=8563.25545 and ht_min=[0.12128, 0.0, 0.17579, 0.43476, 0.18528, 3.21253, 2.96105, 8.0e-5, 0.38384, 0.0, 2.14201, 3.54875, 0.0, 10.0, 0.41141, 1.49554, 0.3937, 0.50072, 0.14251, 1.25958, 1.15831, 0.72323, 1.01284, 10.0, 10.0, 1.69988]
PERFORMANCE: total number of moves (proposed, successful, accepted) in general, and to fix gamma=0.0,t=0.0 cases
	--------moves general--------				 --------moves gamma,t------	
move	 Num.Proposed	 Num.Successful	 Num.Accepted	 | Num.Proposed	 Num.Successful	 Num.Accepted
add		 13		 12		 5	 |	 NA 		 NA 		 NA 
mvorigin	 63		 63		 16	 |	 165		 165		 --
mvtarget	 53		 53		 7	 |	 165		 165		 --
chdir		 51		 51		 7	 |	 330		 330		 --
delete		 0		 0		 0	 |	 0		 0		 --
nni		 48		 44		 1	 |	 11		 11		 --
Total		 228		 223		 36	 |	 671		 671		 227
Proportion	 -- 		 1.0		 0.2	 |	 -- 		 1.0		 0.3
(yHAB153_Kazachstania_rosinii,(((yHAB158_Kazachstania_viticola,Kazachstania_africana):0.14250587186357402,((yHAB132_Kazachstania_martiniae,(yHAB148_Kazachstania_intestinalis,((yHAB136_Kazachstania_bromeliacearum,Kazachstania_naganishii):0.0,(yHAB147_Kazachstania_taianensis,(((yHAB166_Kazachstania_yakushimaensis,yHAB154_Kazachstania_transvaalensis):9.99999999998957,(yHAB143_Kazachstania_siamensis,((yHAB164_Kazachstania_aerobia,yHAB159_Kazachstania_solicola):9.999999999977657,yHAB133_Kazachstania_unispora):2.142014073649963):3.54875217142609):1.012843552386507)#H22:0.0::0.8787179720867294):0.4114109333301581):1.495536411351777):0.39370094925860455):0.5007231010130478,(#H22:9.999999896218963::0.12128202791327063,((Tetrapisispora_blattae,(yHMPu5000035629_Yueomyces_sinensis)#H24:::1.0):3.2125318432599657,(Naumovozyma_dairenensis,(#H24:::0.0,Naumovozyma_castellii):8.021184929434489e-5):2.96104881226807):0.18527840993615213):0.7232291690914523):0.38384173115909437):1.2595847098717605,((yHAB160_Kazachstania_kunashirensis,yHAB134_Kazachstania_turicensis):1.6998819166240848,#H30:::0.1757908934980985):1.1583117649785508):0.43475613933950114,(yHAB155_Kazachstania_spencerorum)#H30:::0.8242091065019015);
---------------------

2019-03-17 18:11:46.895
MaxNet is (yHAB158_Kazachstania_viticola,Kazachstania_africana,((((yHAB132_Kazachstania_martiniae,(yHAB148_Kazachstania_intestinalis,(((yHAB136_Kazachstania_bromeliacearum,(Kazachstania_naganishii,(yHAB147_Kazachstania_taianensis)#H28:::0.6479791511677591):1.6080927582651297):0.16789666569894104,((yHAB166_Kazachstania_yakushimaensis,yHAB154_Kazachstania_transvaalensis):9.99999639819748,(#H28:::0.3520208488322409,(yHAB143_Kazachstania_siamensis,(yHAB133_Kazachstania_unispora,(yHAB159_Kazachstania_solicola,yHAB164_Kazachstania_aerobia):9.999990185076589):2.163704436972563):3.2419766446543656):0.3115594422082227):1.2402022797778005):0.8368109440293072)#H32:0.1655186139092373::0.9077239915366071):0.3952361035796316):0.520605353861662,((Naumovozyma_castellii,Naumovozyma_dairenensis):2.940933726217877,(#H32:9.980431814706488::0.09227600846339287,(Tetrapisispora_blattae,yHMPu5000035629_Yueomyces_sinensis):2.911259912509017):0.3344234705157855):0.9817917309986762):0.36450754634037114,((yHAB160_Kazachstania_kunashirensis,yHAB134_Kazachstania_turicensis):2.567064049516169,((yHAB153_Kazachstania_rosinii,yHAB155_Kazachstania_spencerorum):0.0)#H30:0.7045743038461204::0.8874349569256896):1.8278620940073975):0.0,#H30:9.996130376231198::0.11256504307431035):0.14398214487866148); 
with -loglik 8086.596403568495
