IQ-TREE multicore version 1.6.8 for Linux 64-bit built Oct 28 2018
Developed by Bui Quang Minh, Nguyen Lam Tung, Olga Chernomor,
Heiko Schmidt, Dominik Schrempf, Michael Woodhams.

Host:    sango10118.oist.jp (AVX2, FMA3, 125 GB RAM)
Command: iqtree -s examples/6taxon_300genes_4cores//aln_seqs/1_seqgen67.nex.aln -bb 1000 -redo -nt 3 -m MFP
Seed:    940820 (Using SPRNG - Scalable Parallel Random Number Generator)
Time:    Fri Jan 11 12:16:10 2019
Kernel:  AVX+FMA - 3 threads (24 CPU cores detected)

Reading alignment file examples/6taxon_300genes_4cores//aln_seqs/1_seqgen67.nex.aln ... Fasta format detected
Alignment most likely contains DNA/RNA sequences
Alignment has 6 sequences with 500 columns, 59 distinct patterns
14 parsimony-informative, 91 singleton sites, 395 constant sites
   Gap/Ambiguity  Composition  p-value
   1  F    0.00%    passed     95.85%
   2  E    0.00%    passed     98.71%
   3  B    0.00%    passed     99.44%
   4  A    0.00%    passed     99.62%
   5  C    0.00%    passed     99.53%
   6  D    0.00%    passed     99.19%
****  TOTAL    0.00%  0 sequences failed composition chi2 test (p-value<5%; df=3)


Create initial parsimony tree by phylogenetic likelihood library (PLL)... 0.003 seconds
NOTE: ModelFinder requires 0 MB RAM!
ModelFinder will test 286 DNA models (sample size: 500) ...
 No. Model         -LnL         df  AIC          AICc         BIC
WARNING: Number of threads seems too high for short alignments. Use -nt AUTO to determine best number of threads.
  1  JC            1296.550     9   2611.099     2611.466     2649.031
WARNING: Number of threads seems too high for short alignments. Use -nt AUTO to determine best number of threads.
  2  JC+I          1296.550     10  2613.099     2613.549     2655.245
WARNING: Number of threads seems too high for short alignments. Use -nt AUTO to determine best number of threads.
  3  JC+G4         1296.553     10  2613.106     2613.556     2655.252
WARNING: Number of threads seems too high for short alignments. Use -nt AUTO to determine best number of threads.
  4  JC+I+G4       1299.185     11  2620.371     2620.912     2666.731
WARNING: Number of threads seems too high for short alignments. Use -nt AUTO to determine best number of threads.
  5  JC+R2         1296.786     11  2615.572     2616.113     2661.933
WARNING: Number of threads seems too high for short alignments. Use -nt AUTO to determine best number of threads.
  6  JC+R3         1296.719     13  2619.437     2620.186     2674.227
WARNING: Number of threads seems too high for short alignments. Use -nt AUTO to determine best number of threads.
 14  F81+F         1278.623     12  2581.247     2581.887     2631.822
WARNING: Number of threads seems too high for short alignments. Use -nt AUTO to determine best number of threads.
 15  F81+F+I       1278.623     13  2583.247     2583.996     2638.037
WARNING: Number of threads seems too high for short alignments. Use -nt AUTO to determine best number of threads.
 16  F81+F+G4      1278.627     13  2583.254     2584.003     2638.044
WARNING: Number of threads seems too high for short alignments. Use -nt AUTO to determine best number of threads.
 17  F81+F+I+G4    1281.204     14  2590.408     2591.273     2649.412
WARNING: Number of threads seems too high for short alignments. Use -nt AUTO to determine best number of threads.
 18  F81+F+R2      1278.801     14  2585.601     2586.467     2644.606
WARNING: Number of threads seems too high for short alignments. Use -nt AUTO to determine best number of threads.
 19  F81+F+R3      1278.735     16  2589.469     2590.596     2656.903
WARNING: Number of threads seems too high for short alignments. Use -nt AUTO to determine best number of threads.
 27  K2P           1261.742     10  2543.485     2543.935     2585.631
WARNING: Number of threads seems too high for short alignments. Use -nt AUTO to determine best number of threads.
 28  K2P+I         1261.742     11  2545.485     2546.026     2591.845
WARNING: Number of threads seems too high for short alignments. Use -nt AUTO to determine best number of threads.
 29  K2P+G4        1261.745     11  2545.490     2546.031     2591.851
WARNING: Number of threads seems too high for short alignments. Use -nt AUTO to determine best number of threads.
 30  K2P+I+G4      1263.661     12  2551.321     2551.962     2601.897
WARNING: Number of threads seems too high for short alignments. Use -nt AUTO to determine best number of threads.
 31  K2P+R2        1261.843     12  2547.686     2548.327     2598.261
WARNING: Number of threads seems too high for short alignments. Use -nt AUTO to determine best number of threads.
 32  K2P+R3        1261.799     14  2551.598     2552.464     2610.603
WARNING: Number of threads seems too high for short alignments. Use -nt AUTO to determine best number of threads.
 40  HKY+F         1240.450     13  2506.900     2507.649     2561.690
WARNING: Number of threads seems too high for short alignments. Use -nt AUTO to determine best number of threads.
 41  HKY+F+I       1240.450     14  2508.900     2509.766     2567.904
WARNING: Number of threads seems too high for short alignments. Use -nt AUTO to determine best number of threads.
 42  HKY+F+G4      1240.453     14  2508.906     2509.772     2567.911
WARNING: Number of threads seems too high for short alignments. Use -nt AUTO to determine best number of threads.
 43  HKY+F+I+G4    1242.413     15  2514.825     2515.817     2578.044
WARNING: Number of threads seems too high for short alignments. Use -nt AUTO to determine best number of threads.
 44  HKY+F+R2      1240.534     15  2511.068     2512.059     2574.287
WARNING: Number of threads seems too high for short alignments. Use -nt AUTO to determine best number of threads.
 45  HKY+F+R3      1240.492     17  2514.984     2516.253     2586.632
WARNING: Number of threads seems too high for short alignments. Use -nt AUTO to determine best number of threads.
 53  TNe           1261.699     11  2545.398     2545.939     2591.759
WARNING: Number of threads seems too high for short alignments. Use -nt AUTO to determine best number of threads.
 54  TNe+I         1261.699     12  2547.398     2548.039     2597.973
WARNING: Number of threads seems too high for short alignments. Use -nt AUTO to determine best number of threads.
 55  TNe+G4        1261.702     12  2547.404     2548.044     2597.979
WARNING: Number of threads seems too high for short alignments. Use -nt AUTO to determine best number of threads.
 56  TNe+I+G4      1263.450     13  2552.900     2553.648     2607.689
WARNING: Number of threads seems too high for short alignments. Use -nt AUTO to determine best number of threads.
 57  TNe+R2        1261.757     13  2549.514     2550.263     2604.304
WARNING: Number of threads seems too high for short alignments. Use -nt AUTO to determine best number of threads.
 58  TNe+R3        1261.725     15  2553.450     2554.442     2616.669
WARNING: Number of threads seems too high for short alignments. Use -nt AUTO to determine best number of threads.
 66  TN+F          1240.412     14  2508.825     2509.691     2567.829
WARNING: Number of threads seems too high for short alignments. Use -nt AUTO to determine best number of threads.
 67  TN+F+I        1240.412     15  2510.824     2511.816     2574.043
WARNING: Number of threads seems too high for short alignments. Use -nt AUTO to determine best number of threads.
 68  TN+F+G4       1240.415     15  2510.830     2511.822     2574.049
WARNING: Number of threads seems too high for short alignments. Use -nt AUTO to determine best number of threads.
 69  TN+F+I+G4     1242.202     16  2516.404     2517.530     2583.838
WARNING: Number of threads seems too high for short alignments. Use -nt AUTO to determine best number of threads.
 70  TN+F+R2       1240.460     16  2512.920     2514.047     2580.354
WARNING: Number of threads seems too high for short alignments. Use -nt AUTO to determine best number of threads.
 71  TN+F+R3       1240.431     18  2516.862     2518.284     2592.724
WARNING: Number of threads seems too high for short alignments. Use -nt AUTO to determine best number of threads.
 79  K3P           1261.596     11  2545.193     2545.734     2591.553
WARNING: Number of threads seems too high for short alignments. Use -nt AUTO to determine best number of threads.
 80  K3P+I         1261.596     12  2547.193     2547.833     2597.768
WARNING: Number of threads seems too high for short alignments. Use -nt AUTO to determine best number of threads.
 81  K3P+G4        1261.599     12  2547.198     2547.839     2597.773
WARNING: Number of threads seems too high for short alignments. Use -nt AUTO to determine best number of threads.
 82  K3P+I+G4      1263.213     13  2552.426     2553.175     2607.216
WARNING: Number of threads seems too high for short alignments. Use -nt AUTO to determine best number of threads.
 83  K3P+R2        1261.629     13  2549.259     2550.008     2604.049
WARNING: Number of threads seems too high for short alignments. Use -nt AUTO to determine best number of threads.
 84  K3P+R3        1261.607     15  2553.215     2554.207     2616.434
WARNING: Number of threads seems too high for short alignments. Use -nt AUTO to determine best number of threads.
 92  K3Pu+F        1240.442     14  2508.883     2509.749     2567.888
WARNING: Number of threads seems too high for short alignments. Use -nt AUTO to determine best number of threads.
 93  K3Pu+F+I      1240.441     15  2510.883     2511.875     2574.102
WARNING: Number of threads seems too high for short alignments. Use -nt AUTO to determine best number of threads.
 94  K3Pu+F+G4     1240.445     15  2510.889     2511.881     2574.108
WARNING: Number of threads seems too high for short alignments. Use -nt AUTO to determine best number of threads.
 95  K3Pu+F+I+G4   1242.160     16  2516.320     2517.446     2583.753
WARNING: Number of threads seems too high for short alignments. Use -nt AUTO to determine best number of threads.
 96  K3Pu+F+R2     1240.469     16  2512.939     2514.065     2580.372
WARNING: Number of threads seems too high for short alignments. Use -nt AUTO to determine best number of threads.
 97  K3Pu+F+R3     1240.450     18  2516.899     2518.321     2592.762
WARNING: Number of threads seems too high for short alignments. Use -nt AUTO to determine best number of threads.
105  TPM2+F        1240.324     14  2508.647     2509.513     2567.652
WARNING: Number of threads seems too high for short alignments. Use -nt AUTO to determine best number of threads.
106  TPM2+F+I      1240.324     15  2510.647     2511.639     2573.866
WARNING: Number of threads seems too high for short alignments. Use -nt AUTO to determine best number of threads.
107  TPM2+F+G4     1240.327     15  2510.653     2511.645     2573.873
WARNING: Number of threads seems too high for short alignments. Use -nt AUTO to determine best number of threads.
108  TPM2+F+I+G4   1241.979     16  2515.959     2517.085     2583.393
WARNING: Number of threads seems too high for short alignments. Use -nt AUTO to determine best number of threads.
109  TPM2+F+R2     1240.344     16  2512.689     2513.815     2580.122
WARNING: Number of threads seems too high for short alignments. Use -nt AUTO to determine best number of threads.
110  TPM2+F+R3     1240.329     18  2516.658     2518.080     2592.521
WARNING: Number of threads seems too high for short alignments. Use -nt AUTO to determine best number of threads.
118  TPM2u+F       1240.324     14  2508.647     2509.513     2567.652
WARNING: Number of threads seems too high for short alignments. Use -nt AUTO to determine best number of threads.
119  TPM2u+F+I     1240.324     15  2510.647     2511.639     2573.866
WARNING: Number of threads seems too high for short alignments. Use -nt AUTO to determine best number of threads.
120  TPM2u+F+G4    1240.327     15  2510.653     2511.645     2573.873
WARNING: Number of threads seems too high for short alignments. Use -nt AUTO to determine best number of threads.
121  TPM2u+F+I+G4  1241.939     16  2515.877     2517.003     2583.311
WARNING: Number of threads seems too high for short alignments. Use -nt AUTO to determine best number of threads.
122  TPM2u+F+R2    1240.339     16  2512.678     2513.804     2580.112
WARNING: Number of threads seems too high for short alignments. Use -nt AUTO to determine best number of threads.
123  TPM2u+F+R3    1240.327     18  2516.654     2518.076     2592.517
WARNING: Number of threads seems too high for short alignments. Use -nt AUTO to determine best number of threads.
131  TPM3+F        1239.137     14  2506.274     2507.140     2565.279
WARNING: Number of threads seems too high for short alignments. Use -nt AUTO to determine best number of threads.
132  TPM3+F+I      1239.137     15  2508.274     2509.266     2571.493
WARNING: Number of threads seems too high for short alignments. Use -nt AUTO to determine best number of threads.
133  TPM3+F+G4     1239.140     15  2508.281     2509.272     2571.500
WARNING: Number of threads seems too high for short alignments. Use -nt AUTO to determine best number of threads.
134  TPM3+F+I+G4   1240.700     16  2513.400     2514.527     2580.834
WARNING: Number of threads seems too high for short alignments. Use -nt AUTO to determine best number of threads.
135  TPM3+F+R2     1239.149     16  2510.297     2511.424     2577.731
WARNING: Number of threads seems too high for short alignments. Use -nt AUTO to determine best number of threads.
136  TPM3+F+R3     1239.139     18  2514.278     2515.700     2590.141
WARNING: Number of threads seems too high for short alignments. Use -nt AUTO to determine best number of threads.
144  TPM3u+F       1239.137     14  2506.274     2507.140     2565.279
WARNING: Number of threads seems too high for short alignments. Use -nt AUTO to determine best number of threads.
145  TPM3u+F+I     1239.137     15  2508.274     2509.266     2571.493
WARNING: Number of threads seems too high for short alignments. Use -nt AUTO to determine best number of threads.
146  TPM3u+F+G4    1239.140     15  2508.281     2509.272     2571.500
WARNING: Number of threads seems too high for short alignments. Use -nt AUTO to determine best number of threads.
147  TPM3u+F+I+G4  1240.663     16  2513.325     2514.452     2580.759
WARNING: Number of threads seems too high for short alignments. Use -nt AUTO to determine best number of threads.
148  TPM3u+F+R2    1239.146     16  2510.291     2511.418     2577.725
WARNING: Number of threads seems too high for short alignments. Use -nt AUTO to determine best number of threads.
149  TPM3u+F+R3    1239.138     18  2514.277     2515.699     2590.140
WARNING: Number of threads seems too high for short alignments. Use -nt AUTO to determine best number of threads.
157  TIMe          1261.553     12  2547.106     2547.747     2597.682
WARNING: Number of threads seems too high for short alignments. Use -nt AUTO to determine best number of threads.
158  TIMe+I        1261.553     13  2549.106     2549.855     2603.896
WARNING: Number of threads seems too high for short alignments. Use -nt AUTO to determine best number of threads.
159  TIMe+G4       1261.556     13  2549.112     2549.861     2603.902
WARNING: Number of threads seems too high for short alignments. Use -nt AUTO to determine best number of threads.
160  TIMe+I+G4     1262.938     14  2553.876     2554.742     2612.881
WARNING: Number of threads seems too high for short alignments. Use -nt AUTO to determine best number of threads.
161  TIMe+R2       1261.560     14  2551.120     2551.986     2610.124
WARNING: Number of threads seems too high for short alignments. Use -nt AUTO to determine best number of threads.
162  TIMe+R3       1261.554     16  2555.109     2556.235     2622.543
WARNING: Number of threads seems too high for short alignments. Use -nt AUTO to determine best number of threads.
170  TIM+F         1240.404     15  2510.809     2511.801     2574.028
WARNING: Number of threads seems too high for short alignments. Use -nt AUTO to determine best number of threads.
171  TIM+F+I       1240.404     16  2512.809     2513.935     2580.243
WARNING: Number of threads seems too high for short alignments. Use -nt AUTO to determine best number of threads.
172  TIM+F+G4      1240.407     16  2512.815     2513.941     2580.249
WARNING: Number of threads seems too high for short alignments. Use -nt AUTO to determine best number of threads.
173  TIM+F+I+G4    1241.874     17  2517.747     2519.017     2589.396
WARNING: Number of threads seems too high for short alignments. Use -nt AUTO to determine best number of threads.
174  TIM+F+R2      1240.409     17  2514.817     2516.087     2586.466
WARNING: Number of threads seems too high for short alignments. Use -nt AUTO to determine best number of threads.
175  TIM+F+R3      1240.404     19  2518.808     2520.392     2598.886
WARNING: Number of threads seems too high for short alignments. Use -nt AUTO to determine best number of threads.
183  TIM2e         1260.927     12  2545.853     2546.494     2596.428
WARNING: Number of threads seems too high for short alignments. Use -nt AUTO to determine best number of threads.
184  TIM2e+I       1260.927     13  2547.853     2548.602     2602.643
WARNING: Number of threads seems too high for short alignments. Use -nt AUTO to determine best number of threads.
185  TIM2e+G4      1260.929     13  2547.858     2548.607     2602.648
WARNING: Number of threads seems too high for short alignments. Use -nt AUTO to determine best number of threads.
186  TIM2e+I+G4    1262.186     14  2552.371     2553.237     2611.376
WARNING: Number of threads seems too high for short alignments. Use -nt AUTO to determine best number of threads.
187  TIM2e+R2      1260.930     14  2549.859     2550.725     2608.864
WARNING: Number of threads seems too high for short alignments. Use -nt AUTO to determine best number of threads.
188  TIM2e+R3      1260.927     16  2553.854     2554.980     2621.287
WARNING: Number of threads seems too high for short alignments. Use -nt AUTO to determine best number of threads.
196  TIM2+F        1240.286     15  2510.572     2511.564     2573.791
WARNING: Number of threads seems too high for short alignments. Use -nt AUTO to determine best number of threads.
197  TIM2+F+I      1240.286     16  2512.572     2513.698     2580.006
WARNING: Number of threads seems too high for short alignments. Use -nt AUTO to determine best number of threads.
198  TIM2+F+G4     1240.289     16  2512.578     2513.704     2580.012
WARNING: Number of threads seems too high for short alignments. Use -nt AUTO to determine best number of threads.
199  TIM2+F+I+G4   1241.678     17  2517.355     2518.625     2589.004
WARNING: Number of threads seems too high for short alignments. Use -nt AUTO to determine best number of threads.
200  TIM2+F+R2     1240.291     17  2514.581     2515.851     2586.230
WARNING: Number of threads seems too high for short alignments. Use -nt AUTO to determine best number of threads.
201  TIM2+F+R3     1240.288     19  2518.576     2520.159     2598.653
WARNING: Number of threads seems too high for short alignments. Use -nt AUTO to determine best number of threads.
209  TIM3e         1261.293     12  2546.587     2547.227     2597.162
WARNING: Number of threads seems too high for short alignments. Use -nt AUTO to determine best number of threads.
210  TIM3e+I       1261.293     13  2548.587     2549.336     2603.377
WARNING: Number of threads seems too high for short alignments. Use -nt AUTO to determine best number of threads.
211  TIM3e+G4      1261.296     13  2548.592     2549.341     2603.382
WARNING: Number of threads seems too high for short alignments. Use -nt AUTO to determine best number of threads.
212  TIM3e+I+G4    1262.586     14  2553.173     2554.039     2612.177
WARNING: Number of threads seems too high for short alignments. Use -nt AUTO to determine best number of threads.
213  TIM3e+R2      1261.295     14  2550.590     2551.456     2609.595
WARNING: Number of threads seems too high for short alignments. Use -nt AUTO to determine best number of threads.
214  TIM3e+R3      1261.293     16  2554.587     2555.713     2622.021
WARNING: Number of threads seems too high for short alignments. Use -nt AUTO to determine best number of threads.
222  TIM3+F        1239.101     15  2508.201     2509.193     2571.420
WARNING: Number of threads seems too high for short alignments. Use -nt AUTO to determine best number of threads.
223  TIM3+F+I      1239.101     16  2510.201     2511.328     2577.635
WARNING: Number of threads seems too high for short alignments. Use -nt AUTO to determine best number of threads.
224  TIM3+F+G4     1239.104     16  2510.207     2511.334     2577.641
WARNING: Number of threads seems too high for short alignments. Use -nt AUTO to determine best number of threads.
225  TIM3+F+I+G4   1240.422     17  2514.845     2516.114     2586.493
WARNING: Number of threads seems too high for short alignments. Use -nt AUTO to determine best number of threads.
226  TIM3+F+R2     1239.103     17  2512.205     2513.475     2583.853
WARNING: Number of threads seems too high for short alignments. Use -nt AUTO to determine best number of threads.
227  TIM3+F+R3     1239.101     19  2516.202     2517.785     2596.280
WARNING: Number of threads seems too high for short alignments. Use -nt AUTO to determine best number of threads.
235  TVMe          1260.309     13  2546.619     2547.368     2601.409
WARNING: Number of threads seems too high for short alignments. Use -nt AUTO to determine best number of threads.
236  TVMe+I        1260.309     14  2548.619     2549.485     2607.623
WARNING: Number of threads seems too high for short alignments. Use -nt AUTO to determine best number of threads.
237  TVMe+G4       1260.312     14  2548.624     2549.490     2607.628
WARNING: Number of threads seems too high for short alignments. Use -nt AUTO to determine best number of threads.
238  TVMe+I+G4     1261.480     15  2552.959     2553.951     2616.178
WARNING: Number of threads seems too high for short alignments. Use -nt AUTO to determine best number of threads.
239  TVMe+R2       1260.312     15  2550.624     2551.615     2613.843
WARNING: Number of threads seems too high for short alignments. Use -nt AUTO to determine best number of threads.
240  TVMe+R3       1260.311     17  2554.622     2555.891     2626.270
WARNING: Number of threads seems too high for short alignments. Use -nt AUTO to determine best number of threads.
248  TVM+F         1238.801     16  2509.601     2510.727     2577.035
WARNING: Number of threads seems too high for short alignments. Use -nt AUTO to determine best number of threads.
249  TVM+F+I       1238.800     17  2511.601     2512.871     2583.249
WARNING: Number of threads seems too high for short alignments. Use -nt AUTO to determine best number of threads.
250  TVM+F+G4      1238.803     17  2511.607     2512.877     2583.255
WARNING: Number of threads seems too high for short alignments. Use -nt AUTO to determine best number of threads.
251  TVM+F+I+G4    1240.059     18  2516.118     2517.540     2591.981
WARNING: Number of threads seems too high for short alignments. Use -nt AUTO to determine best number of threads.
252  TVM+F+R2      1238.801     18  2513.602     2515.024     2589.465
WARNING: Number of threads seems too high for short alignments. Use -nt AUTO to determine best number of threads.
253  TVM+F+R3      1238.800     20  2517.601     2519.354     2601.893
WARNING: Number of threads seems too high for short alignments. Use -nt AUTO to determine best number of threads.
261  SYM           1260.266     14  2548.533     2549.399     2607.537
WARNING: Number of threads seems too high for short alignments. Use -nt AUTO to determine best number of threads.
262  SYM+I         1260.266     15  2550.533     2551.524     2613.752
WARNING: Number of threads seems too high for short alignments. Use -nt AUTO to determine best number of threads.
263  SYM+G4        1260.269     15  2550.538     2551.530     2613.757
WARNING: Number of threads seems too high for short alignments. Use -nt AUTO to determine best number of threads.
264  SYM+I+G4      1261.385     16  2554.771     2555.897     2622.204
WARNING: Number of threads seems too high for short alignments. Use -nt AUTO to determine best number of threads.
265  SYM+R2        1260.267     16  2552.534     2553.660     2619.967
WARNING: Number of threads seems too high for short alignments. Use -nt AUTO to determine best number of threads.
266  SYM+R3        1260.266     18  2556.533     2557.955     2632.395
WARNING: Number of threads seems too high for short alignments. Use -nt AUTO to determine best number of threads.
274  GTR+F         1238.764     17  2511.527     2512.797     2583.176
WARNING: Number of threads seems too high for short alignments. Use -nt AUTO to determine best number of threads.
275  GTR+F+I       1238.764     18  2513.527     2514.949     2589.390
WARNING: Number of threads seems too high for short alignments. Use -nt AUTO to determine best number of threads.
276  GTR+F+G4      1238.767     18  2513.533     2514.955     2589.396
WARNING: Number of threads seems too high for short alignments. Use -nt AUTO to determine best number of threads.
277  GTR+F+I+G4    1239.958     19  2517.916     2519.499     2597.994
WARNING: Number of threads seems too high for short alignments. Use -nt AUTO to determine best number of threads.
278  GTR+F+R2      1238.764     19  2515.528     2517.111     2595.606
WARNING: Number of threads seems too high for short alignments. Use -nt AUTO to determine best number of threads.
279  GTR+F+R3      1238.764     21  2519.527     2521.460     2608.034
Akaike Information Criterion:           TPM3u+F
Corrected Akaike Information Criterion: TPM3u+F
Bayesian Information Criterion:         HKY+F
Best-fit model: HKY+F chosen according to BIC

All model information printed to examples/6taxon_300genes_4cores//aln_seqs/1_seqgen67.nex.aln.model.gz
CPU time for ModelFinder: 1.864 seconds (0h:0m:1s)
Wall-clock time for ModelFinder: 120.367 seconds (0h:2m:0s)
Generating 1000 samples for ultrafast bootstrap (seed: 940820)...

NOTE: 0 MB RAM (0 GB) is required!
WARNING: Number of threads seems too high for short alignments. Use -nt AUTO to determine best number of threads.
Estimate model parameters (epsilon = 0.100)
1. Initial log-likelihood: -1278.753
2. Current log-likelihood: -1272.265
3. Current log-likelihood: -1271.628
4. Current log-likelihood: -1271.282
5. Current log-likelihood: -1270.929
6. Current log-likelihood: -1270.567
7. Current log-likelihood: -1270.198
8. Current log-likelihood: -1269.819
9. Current log-likelihood: -1269.432
10. Current log-likelihood: -1269.035
11. Current log-likelihood: -1268.629
12. Current log-likelihood: -1268.212
13. Current log-likelihood: -1267.784
14. Current log-likelihood: -1267.345
15. Current log-likelihood: -1266.893
16. Current log-likelihood: -1266.429
17. Current log-likelihood: -1265.952
18. Current log-likelihood: -1265.460
19. Current log-likelihood: -1264.953
20. Current log-likelihood: -1264.431
21. Current log-likelihood: -1263.891
22. Current log-likelihood: -1263.334
23. Current log-likelihood: -1262.758
24. Current log-likelihood: -1262.162
25. Current log-likelihood: -1261.544
26. Current log-likelihood: -1260.903
27. Current log-likelihood: -1260.237
28. Current log-likelihood: -1259.545
29. Current log-likelihood: -1258.825
30. Current log-likelihood: -1258.075
31. Current log-likelihood: -1257.292
32. Current log-likelihood: -1256.475
33. Current log-likelihood: -1255.621
34. Current log-likelihood: -1254.727
35. Current log-likelihood: -1253.790
36. Current log-likelihood: -1252.810
37. Current log-likelihood: -1251.782
38. Current log-likelihood: -1250.708
39. Current log-likelihood: -1249.586
40. Current log-likelihood: -1248.420
41. Current log-likelihood: -1247.217
42. Current log-likelihood: -1245.993
43. Current log-likelihood: -1240.472
Optimal log-likelihood: -1240.450
Rate parameters:  A-C: 1.00000  A-G: 5.81429  A-T: 1.00000  C-G: 1.00000  C-T: 5.81429  G-T: 1.00000
Base frequencies:  A: 0.318  C: 0.186  G: 0.181  T: 0.315
Parameters optimization took 43 rounds (19.450 sec)
Computing ML distances based on estimated model parameters... 0.001 sec
Computing BIONJ tree...
0.408 seconds
Log-likelihood of BIONJ tree: -1240.450
--------------------------------------------------------------------
|             INITIALIZING CANDIDATE TREE SET                      |
--------------------------------------------------------------------
Generating 99 parsimony trees... 2.553 second
Computing log-likelihood of 6 initial trees ... 2.418 seconds
Current best score: -1240.450

Do NNI search on 7 best initial trees
Finish initializing candidate tree set (7)
Current best tree score: -1240.450 / CPU time: 18.139
Number of iterations: 7
--------------------------------------------------------------------
|               OPTIMIZING CANDIDATE TREE SET                      |
--------------------------------------------------------------------
Iteration 10 / LogL: -1240.450 / Time: 0h:0m:46s
UPDATE BEST LOG-LIKELIHOOD: -1240.450
Iteration 20 / LogL: -1240.453 / Time: 0h:1m:15s
Iteration 30 / LogL: -1240.450 / Time: 0h:1m:43s (0h:4m:8s left)
Iteration 40 / LogL: -1241.191 / Time: 0h:2m:5s (0h:3m:12s left)
Iteration 50 / LogL: -1240.451 / Time: 0h:2m:32s (0h:2m:35s left)
Log-likelihood cutoff on original alignment: -1260.922
Iteration 60 / LogL: -1240.450 / Time: 0h:3m:2s (0h:2m:3s left)
Iteration 70 / LogL: -1240.453 / Time: 0h:3m:29s (0h:1m:30s left)
Iteration 80 / LogL: -1240.451 / Time: 0h:3m:54s (0h:0m:59s left)
Iteration 90 / LogL: -1244.393 / Time: 0h:4m:19s (0h:0m:29s left)
Iteration 100 / LogL: -1240.450 / Time: 0h:4m:40s (0h:0m:0s left)
Log-likelihood cutoff on original alignment: -1260.967
NOTE: Bootstrap correlation coefficient of split occurrence frequencies: 0.999
TREE SEARCH COMPLETED AFTER 101 ITERATIONS / Time: 0h:4m:47s

--------------------------------------------------------------------
|                    FINALIZING TREE SEARCH                        |
--------------------------------------------------------------------
Performs final model parameters optimization
Estimate model parameters (epsilon = 0.010)
1. Initial log-likelihood: -1240.450
Optimal log-likelihood: -1240.450
Rate parameters:  A-C: 1.00000  A-G: 5.80666  A-T: 1.00000  C-G: 1.00000  C-T: 5.80666  G-T: 1.00000
Base frequencies:  A: 0.318  C: 0.186  G: 0.181  T: 0.315
Parameters optimization took 1 rounds (0.192 sec)
BEST SCORE FOUND : -1240.450
Creating bootstrap support values...
Split supports printed to NEXUS file examples/6taxon_300genes_4cores//aln_seqs/1_seqgen67.nex.aln.splits.nex
Total tree length: 0.232

Total number of iterations: 101
CPU time used for tree search: 3.416 sec (0h:0m:3s)
Wall-clock time used for tree search: 264.947 sec (0h:4m:24s)
Total CPU time used: 3.746 sec (0h:0m:3s)
Total wall-clock time used: 290.305 sec (0h:4m:50s)

Computing bootstrap consensus tree...
Reading input file examples/6taxon_300genes_4cores//aln_seqs/1_seqgen67.nex.aln.splits.nex...
6 taxa and 21 splits.
Consensus tree written to examples/6taxon_300genes_4cores//aln_seqs/1_seqgen67.nex.aln.contree
Reading input trees file examples/6taxon_300genes_4cores//aln_seqs/1_seqgen67.nex.aln.contree
Log-likelihood of consensus tree: -1240.450

Analysis results written to: 
  IQ-TREE report:                examples/6taxon_300genes_4cores//aln_seqs/1_seqgen67.nex.aln.iqtree
  Maximum-likelihood tree:       examples/6taxon_300genes_4cores//aln_seqs/1_seqgen67.nex.aln.treefile
  Likelihood distances:          examples/6taxon_300genes_4cores//aln_seqs/1_seqgen67.nex.aln.mldist

Ultrafast bootstrap approximation results written to:
  Split support values:          examples/6taxon_300genes_4cores//aln_seqs/1_seqgen67.nex.aln.splits.nex
  Consensus tree:                examples/6taxon_300genes_4cores//aln_seqs/1_seqgen67.nex.aln.contree
  Screen log file:               examples/6taxon_300genes_4cores//aln_seqs/1_seqgen67.nex.aln.log

Date and Time: Fri Jan 11 12:23:05 2019
