IQ-TREE multicore version 1.6.8 for Linux 64-bit built Oct 28 2018
Developed by Bui Quang Minh, Nguyen Lam Tung, Olga Chernomor,
Heiko Schmidt, Dominik Schrempf, Michael Woodhams.

Host:    sango11904.oist.jp (AVX2, FMA3, 125 GB RAM)
Command: iqtree -s examples/10taxon_300genes_4cores//aln_seqs/1_seqgen276.nex.aln -bb 1000 -redo -nt 3 -m MFP
Seed:    853097 (Using SPRNG - Scalable Parallel Random Number Generator)
Time:    Mon Feb 18 10:50:09 2019
Kernel:  AVX+FMA - 3 threads (24 CPU cores detected)

Reading alignment file examples/10taxon_300genes_4cores//aln_seqs/1_seqgen276.nex.aln ... Fasta format detected
Alignment most likely contains DNA/RNA sequences
Alignment has 10 sequences with 500 columns, 148 distinct patterns
107 parsimony-informative, 118 singleton sites, 275 constant sites
    Gap/Ambiguity  Composition  p-value
   1  A     0.00%    passed     88.29%
   2  A0    0.00%    passed     95.06%
   3  A1    0.00%    passed     86.29%
   4  A4    0.00%    passed     98.91%
   5  B     0.00%    passed     95.48%
   6  C     0.00%    passed     89.41%
   7  D     0.00%    passed     98.50%
   8  E     0.00%    passed     92.08%
   9  H     0.00%    passed     99.90%
  10  I     0.00%    passed     83.08%
****  TOTAL    0.00%  0 sequences failed composition chi2 test (p-value<5%; df=3)


Create initial parsimony tree by phylogenetic likelihood library (PLL)... 0.000 seconds
NOTE: ModelFinder requires 1 MB RAM!
ModelFinder will test 286 DNA models (sample size: 500) ...
 No. Model         -LnL         df  AIC          AICc         BIC
WARNING: Number of threads seems too high for short alignments. Use -nt AUTO to determine best number of threads.
  1  JC            2205.277     17  4444.554     4445.824     4516.203
WARNING: Number of threads seems too high for short alignments. Use -nt AUTO to determine best number of threads.
  2  JC+I          2204.349     18  4444.697     4446.119     4520.560
WARNING: Number of threads seems too high for short alignments. Use -nt AUTO to determine best number of threads.
  3  JC+G4         2204.256     18  4444.511     4445.933     4520.374
WARNING: Number of threads seems too high for short alignments. Use -nt AUTO to determine best number of threads.
  4  JC+I+G4       2204.933     19  4447.866     4449.450     4527.944
WARNING: Number of threads seems too high for short alignments. Use -nt AUTO to determine best number of threads.
  5  JC+R2         2204.303     19  4446.606     4448.189     4526.683
WARNING: Number of threads seems too high for short alignments. Use -nt AUTO to determine best number of threads.
  6  JC+R3         2204.289     21  4450.579     4452.512     4539.085
WARNING: Number of threads seems too high for short alignments. Use -nt AUTO to determine best number of threads.
 14  F81+F         2193.692     20  4427.383     4429.137     4511.676
WARNING: Number of threads seems too high for short alignments. Use -nt AUTO to determine best number of threads.
 15  F81+F+I       2192.906     21  4427.811     4429.744     4516.318
WARNING: Number of threads seems too high for short alignments. Use -nt AUTO to determine best number of threads.
 16  F81+F+G4      2192.772     21  4427.545     4429.478     4516.051
WARNING: Number of threads seems too high for short alignments. Use -nt AUTO to determine best number of threads.
 17  F81+F+I+G4    2193.456     22  4430.913     4433.034     4523.634
WARNING: Number of threads seems too high for short alignments. Use -nt AUTO to determine best number of threads.
 18  F81+F+R2      2192.824     22  4429.647     4431.769     4522.369
WARNING: Number of threads seems too high for short alignments. Use -nt AUTO to determine best number of threads.
 19  F81+F+R3      2192.806     24  4433.612     4436.138     4534.762
WARNING: Number of threads seems too high for short alignments. Use -nt AUTO to determine best number of threads.
 27  K2P           2141.479     18  4318.957     4320.379     4394.820
WARNING: Number of threads seems too high for short alignments. Use -nt AUTO to determine best number of threads.
 28  K2P+I         2140.114     19  4318.228     4319.812     4398.306
WARNING: Number of threads seems too high for short alignments. Use -nt AUTO to determine best number of threads.
 29  K2P+G4        2139.896     19  4317.791     4319.374     4397.869
WARNING: Number of threads seems too high for short alignments. Use -nt AUTO to determine best number of threads.
 30  K2P+I+G4      2140.295     20  4320.589     4322.343     4404.881
WARNING: Number of threads seems too high for short alignments. Use -nt AUTO to determine best number of threads.
 31  K2P+R2        2139.912     20  4319.823     4321.577     4404.116
WARNING: Number of threads seems too high for short alignments. Use -nt AUTO to determine best number of threads.
 32  K2P+R3        2139.909     22  4323.819     4325.940     4416.540
WARNING: Number of threads seems too high for short alignments. Use -nt AUTO to determine best number of threads.
 40  HKY+F         2126.385     21  4294.771     4296.704     4383.277
WARNING: Number of threads seems too high for short alignments. Use -nt AUTO to determine best number of threads.
 41  HKY+F+I       2125.307     22  4294.615     4296.736     4387.336
WARNING: Number of threads seems too high for short alignments. Use -nt AUTO to determine best number of threads.
 42  HKY+F+G4      2124.943     22  4293.886     4296.008     4386.608
WARNING: Number of threads seems too high for short alignments. Use -nt AUTO to determine best number of threads.
 43  HKY+F+I+G4    2125.602     23  4297.204     4299.523     4394.140
WARNING: Number of threads seems too high for short alignments. Use -nt AUTO to determine best number of threads.
 44  HKY+F+R2      2124.984     23  4295.969     4298.288     4392.905
WARNING: Number of threads seems too high for short alignments. Use -nt AUTO to determine best number of threads.
 45  HKY+F+R3      2124.984     25  4299.967     4302.710     4405.332
WARNING: Number of threads seems too high for short alignments. Use -nt AUTO to determine best number of threads.
 53  TNe           2141.436     19  4320.872     4322.455     4400.949
WARNING: Number of threads seems too high for short alignments. Use -nt AUTO to determine best number of threads.
 54  TNe+I         2140.085     20  4320.170     4321.923     4404.462
WARNING: Number of threads seems too high for short alignments. Use -nt AUTO to determine best number of threads.
 55  TNe+G4        2139.842     20  4319.683     4321.437     4403.975
WARNING: Number of threads seems too high for short alignments. Use -nt AUTO to determine best number of threads.
 56  TNe+I+G4      2140.222     21  4322.443     4324.376     4410.950
WARNING: Number of threads seems too high for short alignments. Use -nt AUTO to determine best number of threads.
 57  TNe+R2        2139.860     21  4321.720     4323.653     4410.226
WARNING: Number of threads seems too high for short alignments. Use -nt AUTO to determine best number of threads.
 58  TNe+R3        2139.860     23  4325.719     4328.038     4422.655
WARNING: Number of threads seems too high for short alignments. Use -nt AUTO to determine best number of threads.
 66  TN+F          2126.378     22  4296.757     4298.878     4389.478
WARNING: Number of threads seems too high for short alignments. Use -nt AUTO to determine best number of threads.
 67  TN+F+I        2125.293     23  4296.585     4298.905     4393.521
WARNING: Number of threads seems too high for short alignments. Use -nt AUTO to determine best number of threads.
 68  TN+F+G4       2124.938     23  4295.877     4298.196     4392.813
WARNING: Number of threads seems too high for short alignments. Use -nt AUTO to determine best number of threads.
 69  TN+F+I+G4     2125.525     24  4299.051     4301.577     4400.201
WARNING: Number of threads seems too high for short alignments. Use -nt AUTO to determine best number of threads.
 70  TN+F+R2       2124.979     24  4297.958     4300.484     4399.108
WARNING: Number of threads seems too high for short alignments. Use -nt AUTO to determine best number of threads.
 71  TN+F+R3       2124.978     26  4301.956     4304.925     4411.536
WARNING: Number of threads seems too high for short alignments. Use -nt AUTO to determine best number of threads.
 79  K3P           2140.766     19  4319.533     4321.116     4399.610
WARNING: Number of threads seems too high for short alignments. Use -nt AUTO to determine best number of threads.
 80  K3P+I         2139.373     20  4318.746     4320.500     4403.039
WARNING: Number of threads seems too high for short alignments. Use -nt AUTO to determine best number of threads.
 81  K3P+G4        2139.151     20  4318.301     4320.055     4402.594
WARNING: Number of threads seems too high for short alignments. Use -nt AUTO to determine best number of threads.
 82  K3P+I+G4      2139.464     21  4320.928     4322.861     4409.435
WARNING: Number of threads seems too high for short alignments. Use -nt AUTO to determine best number of threads.
 83  K3P+R2        2139.167     21  4320.335     4322.268     4408.842
WARNING: Number of threads seems too high for short alignments. Use -nt AUTO to determine best number of threads.
 84  K3P+R3        2139.167     23  4324.333     4326.653     4421.269
WARNING: Number of threads seems too high for short alignments. Use -nt AUTO to determine best number of threads.
 92  K3Pu+F        2125.219     22  4294.439     4296.560     4387.160
WARNING: Number of threads seems too high for short alignments. Use -nt AUTO to determine best number of threads.
 93  K3Pu+F+I      2124.119     23  4294.239     4296.558     4391.175
WARNING: Number of threads seems too high for short alignments. Use -nt AUTO to determine best number of threads.
 94  K3Pu+F+G4     2123.731     23  4293.461     4295.781     4390.397
WARNING: Number of threads seems too high for short alignments. Use -nt AUTO to determine best number of threads.
 95  K3Pu+F+I+G4   2124.307     24  4296.613     4299.140     4397.764
WARNING: Number of threads seems too high for short alignments. Use -nt AUTO to determine best number of threads.
 96  K3Pu+F+R2     2123.776     24  4295.553     4298.079     4396.703
WARNING: Number of threads seems too high for short alignments. Use -nt AUTO to determine best number of threads.
 97  K3Pu+F+R3     2123.776     26  4299.551     4302.519     4409.131
WARNING: Number of threads seems too high for short alignments. Use -nt AUTO to determine best number of threads.
105  TPM2+F        2126.212     22  4296.424     4298.546     4389.146
WARNING: Number of threads seems too high for short alignments. Use -nt AUTO to determine best number of threads.
106  TPM2+F+I      2125.136     23  4296.272     4298.592     4393.208
WARNING: Number of threads seems too high for short alignments. Use -nt AUTO to determine best number of threads.
107  TPM2+F+G4     2124.779     23  4295.558     4297.878     4392.494
WARNING: Number of threads seems too high for short alignments. Use -nt AUTO to determine best number of threads.
108  TPM2+F+I+G4   2125.309     24  4298.618     4301.144     4399.768
WARNING: Number of threads seems too high for short alignments. Use -nt AUTO to determine best number of threads.
109  TPM2+F+R2     2124.819     24  4297.638     4300.165     4398.789
WARNING: Number of threads seems too high for short alignments. Use -nt AUTO to determine best number of threads.
110  TPM2+F+R3     2124.818     26  4301.636     4304.604     4411.216
WARNING: Number of threads seems too high for short alignments. Use -nt AUTO to determine best number of threads.
118  TPM2u+F       2126.212     22  4296.424     4298.545     4389.145
WARNING: Number of threads seems too high for short alignments. Use -nt AUTO to determine best number of threads.
119  TPM2u+F+I     2125.136     23  4296.272     4298.591     4393.208
WARNING: Number of threads seems too high for short alignments. Use -nt AUTO to determine best number of threads.
120  TPM2u+F+G4    2124.779     23  4295.558     4297.877     4392.494
WARNING: Number of threads seems too high for short alignments. Use -nt AUTO to determine best number of threads.
121  TPM2u+F+I+G4  2125.290     24  4298.580     4301.106     4399.731
WARNING: Number of threads seems too high for short alignments. Use -nt AUTO to determine best number of threads.
122  TPM2u+F+R2    2124.818     24  4297.636     4300.162     4398.787
WARNING: Number of threads seems too high for short alignments. Use -nt AUTO to determine best number of threads.
123  TPM2u+F+R3    2124.817     26  4301.634     4304.602     4411.214
WARNING: Number of threads seems too high for short alignments. Use -nt AUTO to determine best number of threads.
131  TPM3+F        2126.312     22  4296.623     4298.745     4389.345
WARNING: Number of threads seems too high for short alignments. Use -nt AUTO to determine best number of threads.
132  TPM3+F+I      2125.240     23  4296.480     4298.800     4393.416
WARNING: Number of threads seems too high for short alignments. Use -nt AUTO to determine best number of threads.
133  TPM3+F+G4     2124.870     23  4295.741     4298.060     4392.677
WARNING: Number of threads seems too high for short alignments. Use -nt AUTO to determine best number of threads.
134  TPM3+F+I+G4   2125.383     24  4298.766     4301.292     4399.916
WARNING: Number of threads seems too high for short alignments. Use -nt AUTO to determine best number of threads.
135  TPM3+F+R2     2124.909     24  4297.819     4300.345     4398.970
WARNING: Number of threads seems too high for short alignments. Use -nt AUTO to determine best number of threads.
136  TPM3+F+R3     2124.908     26  4301.816     4304.785     4411.396
WARNING: Number of threads seems too high for short alignments. Use -nt AUTO to determine best number of threads.
144  TPM3u+F       2126.312     22  4296.624     4298.745     4389.345
WARNING: Number of threads seems too high for short alignments. Use -nt AUTO to determine best number of threads.
145  TPM3u+F+I     2125.240     23  4296.480     4298.800     4393.416
WARNING: Number of threads seems too high for short alignments. Use -nt AUTO to determine best number of threads.
146  TPM3u+F+G4    2124.870     23  4295.741     4298.060     4392.677
WARNING: Number of threads seems too high for short alignments. Use -nt AUTO to determine best number of threads.
147  TPM3u+F+I+G4  2125.368     24  4298.736     4301.262     4399.886
WARNING: Number of threads seems too high for short alignments. Use -nt AUTO to determine best number of threads.
148  TPM3u+F+R2    2124.909     24  4297.818     4300.345     4398.969
WARNING: Number of threads seems too high for short alignments. Use -nt AUTO to determine best number of threads.
149  TPM3u+F+R3    2124.908     26  4301.816     4304.784     4411.395
WARNING: Number of threads seems too high for short alignments. Use -nt AUTO to determine best number of threads.
157  TIMe          2140.722     20  4321.444     4323.198     4405.736
WARNING: Number of threads seems too high for short alignments. Use -nt AUTO to determine best number of threads.
158  TIMe+I        2139.342     21  4320.684     4322.617     4409.191
WARNING: Number of threads seems too high for short alignments. Use -nt AUTO to determine best number of threads.
159  TIMe+G4       2139.096     21  4320.192     4322.125     4408.699
WARNING: Number of threads seems too high for short alignments. Use -nt AUTO to determine best number of threads.
160  TIMe+I+G4     2139.373     22  4322.747     4324.868     4415.468
WARNING: Number of threads seems too high for short alignments. Use -nt AUTO to determine best number of threads.
161  TIMe+R2       2139.117     22  4322.233     4324.355     4414.955
WARNING: Number of threads seems too high for short alignments. Use -nt AUTO to determine best number of threads.
162  TIMe+R3       2139.115     24  4326.229     4328.756     4427.380
WARNING: Number of threads seems too high for short alignments. Use -nt AUTO to determine best number of threads.
170  TIM+F         2125.213     23  4296.427     4298.746     4393.363
WARNING: Number of threads seems too high for short alignments. Use -nt AUTO to determine best number of threads.
171  TIM+F+I       2124.104     24  4296.209     4298.735     4397.359
WARNING: Number of threads seems too high for short alignments. Use -nt AUTO to determine best number of threads.
172  TIM+F+G4      2123.726     24  4295.453     4297.979     4396.603
WARNING: Number of threads seems too high for short alignments. Use -nt AUTO to determine best number of threads.
173  TIM+F+I+G4    2124.201     25  4298.402     4301.144     4403.767
WARNING: Number of threads seems too high for short alignments. Use -nt AUTO to determine best number of threads.
174  TIM+F+R2      2123.770     25  4297.539     4300.282     4402.904
WARNING: Number of threads seems too high for short alignments. Use -nt AUTO to determine best number of threads.
175  TIM+F+R3      2123.768     27  4301.536     4304.740     4415.331
WARNING: Number of threads seems too high for short alignments. Use -nt AUTO to determine best number of threads.
183  TIM2e         2140.384     20  4320.769     4322.522     4405.061
WARNING: Number of threads seems too high for short alignments. Use -nt AUTO to determine best number of threads.
184  TIM2e+I       2138.951     21  4319.902     4321.835     4408.409
WARNING: Number of threads seems too high for short alignments. Use -nt AUTO to determine best number of threads.
185  TIM2e+G4      2138.721     21  4319.442     4321.375     4407.949
WARNING: Number of threads seems too high for short alignments. Use -nt AUTO to determine best number of threads.
186  TIM2e+I+G4    2138.964     22  4321.929     4324.050     4414.650
WARNING: Number of threads seems too high for short alignments. Use -nt AUTO to determine best number of threads.
187  TIM2e+R2      2138.740     22  4321.481     4323.602     4414.202
WARNING: Number of threads seems too high for short alignments. Use -nt AUTO to determine best number of threads.
188  TIM2e+R3      2138.738     24  4325.476     4328.003     4426.627
WARNING: Number of threads seems too high for short alignments. Use -nt AUTO to determine best number of threads.
196  TIM2+F        2126.205     23  4298.411     4300.730     4395.347
WARNING: Number of threads seems too high for short alignments. Use -nt AUTO to determine best number of threads.
197  TIM2+F+I      2125.122     24  4298.243     4300.769     4399.394
WARNING: Number of threads seems too high for short alignments. Use -nt AUTO to determine best number of threads.
198  TIM2+F+G4     2124.774     24  4297.549     4300.075     4398.699
WARNING: Number of threads seems too high for short alignments. Use -nt AUTO to determine best number of threads.
199  TIM2+F+I+G4   2125.207     25  4300.414     4303.157     4405.779
WARNING: Number of threads seems too high for short alignments. Use -nt AUTO to determine best number of threads.
200  TIM2+F+R2     2124.813     25  4299.626     4302.369     4404.992
WARNING: Number of threads seems too high for short alignments. Use -nt AUTO to determine best number of threads.
201  TIM2+F+R3     2124.812     27  4303.623     4306.827     4417.418
WARNING: Number of threads seems too high for short alignments. Use -nt AUTO to determine best number of threads.
209  TIM3e         2141.221     20  4322.443     4324.196     4406.735
WARNING: Number of threads seems too high for short alignments. Use -nt AUTO to determine best number of threads.
210  TIM3e+I       2139.804     21  4321.607     4323.540     4410.114
WARNING: Number of threads seems too high for short alignments. Use -nt AUTO to determine best number of threads.
211  TIM3e+G4      2139.560     21  4321.120     4323.054     4409.627
WARNING: Number of threads seems too high for short alignments. Use -nt AUTO to determine best number of threads.
212  TIM3e+I+G4    2139.807     22  4323.614     4325.736     4416.336
WARNING: Number of threads seems too high for short alignments. Use -nt AUTO to determine best number of threads.
213  TIM3e+R2      2139.578     22  4323.157     4325.278     4415.878
WARNING: Number of threads seems too high for short alignments. Use -nt AUTO to determine best number of threads.
214  TIM3e+R3      2139.576     24  4327.153     4329.679     4428.303
WARNING: Number of threads seems too high for short alignments. Use -nt AUTO to determine best number of threads.
222  TIM3+F        2126.305     23  4298.610     4300.929     4395.546
WARNING: Number of threads seems too high for short alignments. Use -nt AUTO to determine best number of threads.
223  TIM3+F+I      2125.226     24  4298.453     4300.979     4399.604
WARNING: Number of threads seems too high for short alignments. Use -nt AUTO to determine best number of threads.
224  TIM3+F+G4     2124.865     24  4297.730     4300.256     4398.880
WARNING: Number of threads seems too high for short alignments. Use -nt AUTO to determine best number of threads.
225  TIM3+F+I+G4   2125.301     25  4300.603     4303.345     4405.968
WARNING: Number of threads seems too high for short alignments. Use -nt AUTO to determine best number of threads.
226  TIM3+F+R2     2124.905     25  4299.811     4302.553     4405.176
WARNING: Number of threads seems too high for short alignments. Use -nt AUTO to determine best number of threads.
227  TIM3+F+R3     2124.903     27  4303.806     4307.009     4417.600
WARNING: Number of threads seems too high for short alignments. Use -nt AUTO to determine best number of threads.
235  TVMe          2139.034     21  4320.068     4322.001     4408.575
WARNING: Number of threads seems too high for short alignments. Use -nt AUTO to determine best number of threads.
236  TVMe+I        2137.474     22  4318.947     4321.069     4411.668
WARNING: Number of threads seems too high for short alignments. Use -nt AUTO to determine best number of threads.
237  TVMe+G4       2137.269     22  4318.538     4320.659     4411.259
WARNING: Number of threads seems too high for short alignments. Use -nt AUTO to determine best number of threads.
238  TVMe+I+G4     2137.452     23  4320.905     4323.224     4417.841
WARNING: Number of threads seems too high for short alignments. Use -nt AUTO to determine best number of threads.
239  TVMe+R2       2137.290     23  4320.579     4322.898     4417.515
WARNING: Number of threads seems too high for short alignments. Use -nt AUTO to determine best number of threads.
240  TVMe+R3       2137.287     25  4324.574     4327.316     4429.939
WARNING: Number of threads seems too high for short alignments. Use -nt AUTO to determine best number of threads.
248  TVM+F         2124.832     24  4297.663     4300.189     4398.814
WARNING: Number of threads seems too high for short alignments. Use -nt AUTO to determine best number of threads.
249  TVM+F+I       2123.738     25  4297.476     4300.218     4402.841
WARNING: Number of threads seems too high for short alignments. Use -nt AUTO to determine best number of threads.
250  TVM+F+G4      2123.362     25  4296.723     4299.466     4402.088
WARNING: Number of threads seems too high for short alignments. Use -nt AUTO to determine best number of threads.
251  TVM+F+I+G4    2123.794     26  4299.588     4302.557     4409.168
WARNING: Number of threads seems too high for short alignments. Use -nt AUTO to determine best number of threads.
252  TVM+F+R2      2123.405     26  4298.810     4301.779     4408.390
WARNING: Number of threads seems too high for short alignments. Use -nt AUTO to determine best number of threads.
253  TVM+F+R3      2123.403     28  4302.807     4306.255     4420.816
WARNING: Number of threads seems too high for short alignments. Use -nt AUTO to determine best number of threads.
261  SYM           2138.988     22  4321.977     4324.098     4414.698
WARNING: Number of threads seems too high for short alignments. Use -nt AUTO to determine best number of threads.
262  SYM+I         2137.443     23  4320.887     4323.206     4417.823
WARNING: Number of threads seems too high for short alignments. Use -nt AUTO to determine best number of threads.
263  SYM+G4        2137.211     23  4320.422     4322.741     4417.358
WARNING: Number of threads seems too high for short alignments. Use -nt AUTO to determine best number of threads.
264  SYM+I+G4      2137.413     24  4322.826     4325.352     4423.976
WARNING: Number of threads seems too high for short alignments. Use -nt AUTO to determine best number of threads.
265  SYM+R2        2137.233     24  4322.466     4324.993     4423.617
WARNING: Number of threads seems too high for short alignments. Use -nt AUTO to determine best number of threads.
266  SYM+R3        2137.230     26  4326.460     4329.428     4436.040
WARNING: Number of threads seems too high for short alignments. Use -nt AUTO to determine best number of threads.
274  GTR+F         2124.826     25  4299.651     4302.394     4405.017
WARNING: Number of threads seems too high for short alignments. Use -nt AUTO to determine best number of threads.
275  GTR+F+I       2123.727     26  4299.454     4302.422     4409.034
WARNING: Number of threads seems too high for short alignments. Use -nt AUTO to determine best number of threads.
276  GTR+F+G4      2123.360     26  4298.721     4301.689     4408.301
WARNING: Number of threads seems too high for short alignments. Use -nt AUTO to determine best number of threads.
277  GTR+F+I+G4    2123.769     27  4301.538     4304.741     4415.332
WARNING: Number of threads seems too high for short alignments. Use -nt AUTO to determine best number of threads.
278  GTR+F+R2      2123.403     27  4300.805     4304.009     4414.600
WARNING: Number of threads seems too high for short alignments. Use -nt AUTO to determine best number of threads.
279  GTR+F+R3      2123.400     29  4304.800     4308.502     4427.024
Akaike Information Criterion:           K3Pu+F+G4
Corrected Akaike Information Criterion: K3Pu+F+G4
Bayesian Information Criterion:         HKY+F
Best-fit model: HKY+F chosen according to BIC

All model information printed to examples/10taxon_300genes_4cores//aln_seqs/1_seqgen276.nex.aln.model.gz
CPU time for ModelFinder: 4.230 seconds (0h:0m:4s)
Wall-clock time for ModelFinder: 96.694 seconds (0h:1m:36s)
Generating 1000 samples for ultrafast bootstrap (seed: 853097)...

NOTE: 0 MB RAM (0 GB) is required!
WARNING: Number of threads seems too high for short alignments. Use -nt AUTO to determine best number of threads.
Estimate model parameters (epsilon = 0.100)
1. Initial log-likelihood: -2193.891
2. Current log-likelihood: -2189.470
3. Current log-likelihood: -2174.221
4. Current log-likelihood: -2155.434
5. Current log-likelihood: -2126.504
6. Current log-likelihood: -2126.385
Optimal log-likelihood: -2126.385
Rate parameters:  A-C: 1.00000  A-G: 4.12833  A-T: 1.00000  C-G: 1.00000  C-T: 4.12833  G-T: 1.00000
Base frequencies:  A: 0.279  C: 0.205  G: 0.201  T: 0.315
Parameters optimization took 6 rounds (0.470 sec)
Computing ML distances based on estimated model parameters... 0.001 sec
Computing BIONJ tree...
0.053 seconds
Log-likelihood of BIONJ tree: -2125.264
--------------------------------------------------------------------
|             INITIALIZING CANDIDATE TREE SET                      |
--------------------------------------------------------------------
Generating 98 parsimony trees... 1.336 second
Computing log-likelihood of 91 initial trees ... 9.584 seconds
Current best score: -2125.264

Do NNI search on 20 best initial trees
Estimate model parameters (epsilon = 0.100)
BETTER TREE FOUND at iteration 1: -2125.253
Iteration 10 / LogL: -2125.308 / Time: 0h:0m:18s
Iteration 20 / LogL: -2125.253 / Time: 0h:0m:27s
Finish initializing candidate tree set (1)
Current best tree score: -2125.253 / CPU time: 26.851
Number of iterations: 20
--------------------------------------------------------------------
|               OPTIMIZING CANDIDATE TREE SET                      |
--------------------------------------------------------------------
UPDATE BEST LOG-LIKELIHOOD: -2125.253
Iteration 30 / LogL: -2125.254 / Time: 0h:0m:38s (0h:1m:33s left)
UPDATE BEST LOG-LIKELIHOOD: -2125.253
Iteration 40 / LogL: -2125.511 / Time: 0h:0m:49s (0h:1m:16s left)
Iteration 50 / LogL: -2125.254 / Time: 0h:1m:33s (0h:1m:37s left)
Log-likelihood cutoff on original alignment: -2159.320
Iteration 60 / LogL: -2125.270 / Time: 0h:1m:45s (0h:1m:13s left)
Iteration 70 / LogL: -2173.078 / Time: 0h:2m:3s (0h:0m:55s left)
Iteration 80 / LogL: -2125.254 / Time: 0h:2m:25s (0h:0m:38s left)
Iteration 90 / LogL: -2125.254 / Time: 0h:2m:41s (0h:0m:19s left)
Iteration 100 / LogL: -2125.260 / Time: 0h:2m:48s (0h:0m:1s left)
Log-likelihood cutoff on original alignment: -2159.593
NOTE: Bootstrap correlation coefficient of split occurrence frequencies: 1.000
TREE SEARCH COMPLETED AFTER 102 ITERATIONS / Time: 0h:2m:50s

--------------------------------------------------------------------
|                    FINALIZING TREE SEARCH                        |
--------------------------------------------------------------------
Performs final model parameters optimization
Estimate model parameters (epsilon = 0.010)
1. Initial log-likelihood: -2125.253
Optimal log-likelihood: -2125.253
Rate parameters:  A-C: 1.00000  A-G: 4.20816  A-T: 1.00000  C-G: 1.00000  C-T: 4.20816  G-T: 1.00000
Base frequencies:  A: 0.279  C: 0.205  G: 0.201  T: 0.315
Parameters optimization took 1 rounds (0.077 sec)
BEST SCORE FOUND : -2125.253
Creating bootstrap support values...
Split supports printed to NEXUS file examples/10taxon_300genes_4cores//aln_seqs/1_seqgen276.nex.aln.splits.nex
Total tree length: 0.643

Total number of iterations: 102
CPU time used for tree search: 7.955 sec (0h:0m:7s)
Wall-clock time used for tree search: 169.294 sec (0h:2m:49s)
Total CPU time used: 8.078 sec (0h:0m:8s)
Total wall-clock time used: 171.247 sec (0h:2m:51s)

Computing bootstrap consensus tree...
Reading input file examples/10taxon_300genes_4cores//aln_seqs/1_seqgen276.nex.aln.splits.nex...
10 taxa and 25 splits.
Consensus tree written to examples/10taxon_300genes_4cores//aln_seqs/1_seqgen276.nex.aln.contree
Reading input trees file examples/10taxon_300genes_4cores//aln_seqs/1_seqgen276.nex.aln.contree
Log-likelihood of consensus tree: -2125.253

Analysis results written to: 
  IQ-TREE report:                examples/10taxon_300genes_4cores//aln_seqs/1_seqgen276.nex.aln.iqtree
  Maximum-likelihood tree:       examples/10taxon_300genes_4cores//aln_seqs/1_seqgen276.nex.aln.treefile
  Likelihood distances:          examples/10taxon_300genes_4cores//aln_seqs/1_seqgen276.nex.aln.mldist

Ultrafast bootstrap approximation results written to:
  Split support values:          examples/10taxon_300genes_4cores//aln_seqs/1_seqgen276.nex.aln.splits.nex
  Consensus tree:                examples/10taxon_300genes_4cores//aln_seqs/1_seqgen276.nex.aln.contree
  Screen log file:               examples/10taxon_300genes_4cores//aln_seqs/1_seqgen276.nex.aln.log

Date and Time: Mon Feb 18 10:54:38 2019
