IQ-TREE multicore version 1.6.8 for Linux 64-bit built Oct 28 2018
Developed by Bui Quang Minh, Nguyen Lam Tung, Olga Chernomor,
Heiko Schmidt, Dominik Schrempf, Michael Woodhams.

Host:    sango11904.oist.jp (AVX2, FMA3, 125 GB RAM)
Command: iqtree -s examples/10taxon_300genes_4cores//aln_seqs/1_seqgen100.nex.aln -bb 1000 -redo -nt 3 -m MFP
Seed:    892928 (Using SPRNG - Scalable Parallel Random Number Generator)
Time:    Mon Feb 18 10:50:03 2019
Kernel:  AVX+FMA - 3 threads (24 CPU cores detected)

Reading alignment file examples/10taxon_300genes_4cores//aln_seqs/1_seqgen100.nex.aln ... Fasta format detected
Alignment most likely contains DNA/RNA sequences
Alignment has 10 sequences with 500 columns, 117 distinct patterns
60 parsimony-informative, 126 singleton sites, 314 constant sites
    Gap/Ambiguity  Composition  p-value
   1  A     0.00%    passed     91.56%
   2  A0    0.00%    passed     93.00%
   3  A1    0.00%    passed     96.18%
   4  A4    0.00%    passed     98.58%
   5  B     0.00%    passed     94.89%
   6  C     0.00%    passed     75.99%
   7  D     0.00%    passed     99.97%
   8  E     0.00%    passed     89.47%
   9  H     0.00%    passed     94.51%
  10  I     0.00%    passed     80.57%
****  TOTAL    0.00%  0 sequences failed composition chi2 test (p-value<5%; df=3)


Create initial parsimony tree by phylogenetic likelihood library (PLL)... 0.000 seconds
NOTE: ModelFinder requires 0 MB RAM!
ModelFinder will test 286 DNA models (sample size: 500) ...
 No. Model         -LnL         df  AIC          AICc         BIC
WARNING: Number of threads seems too high for short alignments. Use -nt AUTO to determine best number of threads.
  1  JC            1881.116     17  3796.233     3797.502     3867.881
WARNING: Number of threads seems too high for short alignments. Use -nt AUTO to determine best number of threads.
  2  JC+I          1880.985     18  3797.969     3799.391     3873.832
WARNING: Number of threads seems too high for short alignments. Use -nt AUTO to determine best number of threads.
  3  JC+G4         1880.921     18  3797.843     3799.265     3873.706
WARNING: Number of threads seems too high for short alignments. Use -nt AUTO to determine best number of threads.
  4  JC+I+G4       1882.064     19  3802.129     3803.712     3882.207
WARNING: Number of threads seems too high for short alignments. Use -nt AUTO to determine best number of threads.
  5  JC+R2         1881.111     19  3800.223     3801.806     3880.300
WARNING: Number of threads seems too high for short alignments. Use -nt AUTO to determine best number of threads.
  6  JC+R3         1881.015     21  3804.030     3805.963     3892.537
WARNING: Number of threads seems too high for short alignments. Use -nt AUTO to determine best number of threads.
 14  F81+F         1865.378     20  3770.755     3772.509     3855.047
WARNING: Number of threads seems too high for short alignments. Use -nt AUTO to determine best number of threads.
 15  F81+F+I       1865.329     21  3772.658     3774.591     3861.165
WARNING: Number of threads seems too high for short alignments. Use -nt AUTO to determine best number of threads.
 16  F81+F+G4      1865.267     21  3772.534     3774.467     3861.040
WARNING: Number of threads seems too high for short alignments. Use -nt AUTO to determine best number of threads.
 17  F81+F+I+G4    1866.540     22  3777.080     3779.202     3869.801
WARNING: Number of threads seems too high for short alignments. Use -nt AUTO to determine best number of threads.
 18  F81+F+R2      1865.410     22  3774.820     3776.941     3867.541
WARNING: Number of threads seems too high for short alignments. Use -nt AUTO to determine best number of threads.
 19  F81+F+R3      1865.379     24  3778.757     3781.283     3879.908
WARNING: Number of threads seems too high for short alignments. Use -nt AUTO to determine best number of threads.
 27  K2P           1828.266     18  3692.532     3693.954     3768.395
WARNING: Number of threads seems too high for short alignments. Use -nt AUTO to determine best number of threads.
 28  K2P+I         1827.947     19  3693.894     3695.477     3773.972
WARNING: Number of threads seems too high for short alignments. Use -nt AUTO to determine best number of threads.
 29  K2P+G4        1827.831     19  3693.662     3695.246     3773.740
WARNING: Number of threads seems too high for short alignments. Use -nt AUTO to determine best number of threads.
 30  K2P+I+G4      1828.458     20  3696.916     3698.670     3781.208
WARNING: Number of threads seems too high for short alignments. Use -nt AUTO to determine best number of threads.
 31  K2P+R2        1827.855     20  3695.711     3697.464     3780.003
WARNING: Number of threads seems too high for short alignments. Use -nt AUTO to determine best number of threads.
 32  K2P+R3        1827.854     22  3699.708     3701.830     3792.430
WARNING: Number of threads seems too high for short alignments. Use -nt AUTO to determine best number of threads.
 40  HKY+F         1807.769     21  3657.537     3659.470     3746.044
WARNING: Number of threads seems too high for short alignments. Use -nt AUTO to determine best number of threads.
 41  HKY+F+I       1807.609     22  3659.218     3661.340     3751.940
WARNING: Number of threads seems too high for short alignments. Use -nt AUTO to determine best number of threads.
 42  HKY+F+G4      1807.465     22  3658.930     3661.051     3751.651
WARNING: Number of threads seems too high for short alignments. Use -nt AUTO to determine best number of threads.
 43  HKY+F+I+G4    1808.370     23  3662.739     3665.059     3759.675
WARNING: Number of threads seems too high for short alignments. Use -nt AUTO to determine best number of threads.
 44  HKY+F+R2      1807.504     23  3661.009     3663.328     3757.945
WARNING: Number of threads seems too high for short alignments. Use -nt AUTO to determine best number of threads.
 45  HKY+F+R3      1807.497     25  3664.995     3667.737     3770.360
WARNING: Number of threads seems too high for short alignments. Use -nt AUTO to determine best number of threads.
 53  TNe           1828.263     19  3694.527     3696.110     3774.604
WARNING: Number of threads seems too high for short alignments. Use -nt AUTO to determine best number of threads.
 54  TNe+I         1827.944     20  3695.889     3697.643     3780.181
WARNING: Number of threads seems too high for short alignments. Use -nt AUTO to determine best number of threads.
 55  TNe+G4        1827.827     20  3695.655     3697.408     3779.947
WARNING: Number of threads seems too high for short alignments. Use -nt AUTO to determine best number of threads.
 56  TNe+I+G4      1828.376     21  3698.753     3700.686     3787.259
WARNING: Number of threads seems too high for short alignments. Use -nt AUTO to determine best number of threads.
 57  TNe+R2        1827.851     21  3697.703     3699.636     3786.209
WARNING: Number of threads seems too high for short alignments. Use -nt AUTO to determine best number of threads.
 58  TNe+R3        1827.849     23  3701.698     3704.017     3798.633
WARNING: Number of threads seems too high for short alignments. Use -nt AUTO to determine best number of threads.
 66  TN+F          1807.612     22  3659.225     3661.346     3751.946
WARNING: Number of threads seems too high for short alignments. Use -nt AUTO to determine best number of threads.
 67  TN+F+I        1807.453     23  3660.906     3663.225     3757.842
WARNING: Number of threads seems too high for short alignments. Use -nt AUTO to determine best number of threads.
 68  TN+F+G4       1807.298     23  3660.595     3662.914     3757.531
WARNING: Number of threads seems too high for short alignments. Use -nt AUTO to determine best number of threads.
 69  TN+F+I+G4     1808.121     24  3664.242     3666.769     3765.393
WARNING: Number of threads seems too high for short alignments. Use -nt AUTO to determine best number of threads.
 70  TN+F+R2       1807.333     24  3662.665     3665.192     3763.816
WARNING: Number of threads seems too high for short alignments. Use -nt AUTO to determine best number of threads.
 71  TN+F+R3       1807.326     26  3666.652     3669.620     3776.232
WARNING: Number of threads seems too high for short alignments. Use -nt AUTO to determine best number of threads.
 79  K3P           1827.523     19  3693.046     3694.630     3773.124
WARNING: Number of threads seems too high for short alignments. Use -nt AUTO to determine best number of threads.
 80  K3P+I         1827.197     20  3694.395     3696.148     3778.687
WARNING: Number of threads seems too high for short alignments. Use -nt AUTO to determine best number of threads.
 81  K3P+G4        1827.088     20  3694.175     3695.929     3778.468
WARNING: Number of threads seems too high for short alignments. Use -nt AUTO to determine best number of threads.
 82  K3P+I+G4      1827.558     21  3697.115     3699.048     3785.622
WARNING: Number of threads seems too high for short alignments. Use -nt AUTO to determine best number of threads.
 83  K3P+R2        1827.111     21  3696.222     3698.155     3784.729
WARNING: Number of threads seems too high for short alignments. Use -nt AUTO to determine best number of threads.
 84  K3P+R3        1827.106     23  3700.212     3702.531     3797.148
WARNING: Number of threads seems too high for short alignments. Use -nt AUTO to determine best number of threads.
 92  K3Pu+F        1807.496     22  3658.992     3661.114     3751.714
WARNING: Number of threads seems too high for short alignments. Use -nt AUTO to determine best number of threads.
 93  K3Pu+F+I      1807.334     23  3660.668     3662.988     3757.604
WARNING: Number of threads seems too high for short alignments. Use -nt AUTO to determine best number of threads.
 94  K3Pu+F+G4     1807.198     23  3660.397     3662.716     3757.333
WARNING: Number of threads seems too high for short alignments. Use -nt AUTO to determine best number of threads.
 95  K3Pu+F+I+G4   1807.918     24  3663.837     3666.363     3764.988
WARNING: Number of threads seems too high for short alignments. Use -nt AUTO to determine best number of threads.
 96  K3Pu+F+R2     1807.230     24  3662.461     3664.987     3763.611
WARNING: Number of threads seems too high for short alignments. Use -nt AUTO to determine best number of threads.
 97  K3Pu+F+R3     1807.221     26  3666.441     3669.410     3776.021
WARNING: Number of threads seems too high for short alignments. Use -nt AUTO to determine best number of threads.
105  TPM2+F        1807.741     22  3659.483     3661.604     3752.204
WARNING: Number of threads seems too high for short alignments. Use -nt AUTO to determine best number of threads.
106  TPM2+F+I      1807.584     23  3661.169     3663.488     3758.105
WARNING: Number of threads seems too high for short alignments. Use -nt AUTO to determine best number of threads.
107  TPM2+F+G4     1807.439     23  3660.877     3663.197     3757.813
WARNING: Number of threads seems too high for short alignments. Use -nt AUTO to determine best number of threads.
108  TPM2+F+I+G4   1808.142     24  3664.284     3666.810     3765.435
WARNING: Number of threads seems too high for short alignments. Use -nt AUTO to determine best number of threads.
109  TPM2+F+R2     1807.468     24  3662.936     3665.462     3764.087
WARNING: Number of threads seems too high for short alignments. Use -nt AUTO to determine best number of threads.
110  TPM2+F+R3     1807.459     26  3666.918     3669.886     3776.498
WARNING: Number of threads seems too high for short alignments. Use -nt AUTO to determine best number of threads.
118  TPM2u+F       1807.741     22  3659.483     3661.604     3752.204
WARNING: Number of threads seems too high for short alignments. Use -nt AUTO to determine best number of threads.
119  TPM2u+F+I     1807.584     23  3661.169     3663.488     3758.105
WARNING: Number of threads seems too high for short alignments. Use -nt AUTO to determine best number of threads.
120  TPM2u+F+G4    1807.439     23  3660.878     3663.197     3757.814
WARNING: Number of threads seems too high for short alignments. Use -nt AUTO to determine best number of threads.
121  TPM2u+F+I+G4  1808.107     24  3664.214     3666.740     3765.365
WARNING: Number of threads seems too high for short alignments. Use -nt AUTO to determine best number of threads.
122  TPM2u+F+R2    1807.466     24  3662.932     3665.458     3764.083
WARNING: Number of threads seems too high for short alignments. Use -nt AUTO to determine best number of threads.
123  TPM2u+F+R3    1807.456     26  3666.912     3669.880     3776.492
WARNING: Number of threads seems too high for short alignments. Use -nt AUTO to determine best number of threads.
131  TPM3+F        1807.684     22  3659.368     3661.489     3752.089
WARNING: Number of threads seems too high for short alignments. Use -nt AUTO to determine best number of threads.
132  TPM3+F+I      1807.520     23  3661.040     3663.360     3757.976
WARNING: Number of threads seems too high for short alignments. Use -nt AUTO to determine best number of threads.
133  TPM3+F+G4     1807.369     23  3660.738     3663.057     3757.674
WARNING: Number of threads seems too high for short alignments. Use -nt AUTO to determine best number of threads.
134  TPM3+F+I+G4   1808.002     24  3664.003     3666.530     3765.154
WARNING: Number of threads seems too high for short alignments. Use -nt AUTO to determine best number of threads.
135  TPM3+F+R2     1807.395     24  3662.791     3665.317     3763.941
WARNING: Number of threads seems too high for short alignments. Use -nt AUTO to determine best number of threads.
136  TPM3+F+R3     1807.384     26  3666.769     3669.737     3776.348
WARNING: Number of threads seems too high for short alignments. Use -nt AUTO to determine best number of threads.
144  TPM3u+F       1807.684     22  3659.368     3661.489     3752.089
WARNING: Number of threads seems too high for short alignments. Use -nt AUTO to determine best number of threads.
145  TPM3u+F+I     1807.520     23  3661.040     3663.360     3757.976
WARNING: Number of threads seems too high for short alignments. Use -nt AUTO to determine best number of threads.
146  TPM3u+F+G4    1807.369     23  3660.738     3663.057     3757.674
WARNING: Number of threads seems too high for short alignments. Use -nt AUTO to determine best number of threads.
147  TPM3u+F+I+G4  1807.973     24  3663.945     3666.472     3765.096
WARNING: Number of threads seems too high for short alignments. Use -nt AUTO to determine best number of threads.
148  TPM3u+F+R2    1807.395     24  3662.789     3665.315     3763.940
WARNING: Number of threads seems too high for short alignments. Use -nt AUTO to determine best number of threads.
149  TPM3u+F+R3    1807.382     26  3666.765     3669.733     3776.344
WARNING: Number of threads seems too high for short alignments. Use -nt AUTO to determine best number of threads.
157  TIMe          1827.521     20  3695.042     3696.796     3779.334
WARNING: Number of threads seems too high for short alignments. Use -nt AUTO to determine best number of threads.
158  TIMe+I        1827.197     21  3696.394     3698.327     3784.900
WARNING: Number of threads seems too high for short alignments. Use -nt AUTO to determine best number of threads.
159  TIMe+G4       1827.084     21  3696.168     3698.101     3784.675
WARNING: Number of threads seems too high for short alignments. Use -nt AUTO to determine best number of threads.
160  TIMe+I+G4     1827.414     22  3698.827     3700.949     3791.549
WARNING: Number of threads seems too high for short alignments. Use -nt AUTO to determine best number of threads.
161  TIMe+R2       1827.112     22  3698.223     3700.345     3790.945
WARNING: Number of threads seems too high for short alignments. Use -nt AUTO to determine best number of threads.
162  TIMe+R3       1827.099     24  3702.198     3704.724     3803.349
WARNING: Number of threads seems too high for short alignments. Use -nt AUTO to determine best number of threads.
170  TIM+F         1807.340     23  3660.680     3663.000     3757.616
WARNING: Number of threads seems too high for short alignments. Use -nt AUTO to determine best number of threads.
171  TIM+F+I       1807.177     24  3662.354     3664.880     3763.505
WARNING: Number of threads seems too high for short alignments. Use -nt AUTO to determine best number of threads.
172  TIM+F+G4      1807.031     24  3662.061     3664.588     3763.212
WARNING: Number of threads seems too high for short alignments. Use -nt AUTO to determine best number of threads.
173  TIM+F+I+G4    1807.586     25  3665.171     3667.914     3770.536
WARNING: Number of threads seems too high for short alignments. Use -nt AUTO to determine best number of threads.
174  TIM+F+R2      1807.056     25  3664.112     3666.855     3769.477
WARNING: Number of threads seems too high for short alignments. Use -nt AUTO to determine best number of threads.
175  TIM+F+R3      1807.041     27  3668.082     3671.285     3781.877
WARNING: Number of threads seems too high for short alignments. Use -nt AUTO to determine best number of threads.
183  TIM2e         1827.635     20  3695.269     3697.023     3779.561
WARNING: Number of threads seems too high for short alignments. Use -nt AUTO to determine best number of threads.
184  TIM2e+I       1827.300     21  3696.600     3698.533     3785.107
WARNING: Number of threads seems too high for short alignments. Use -nt AUTO to determine best number of threads.
185  TIM2e+G4      1827.161     21  3696.321     3698.254     3784.828
WARNING: Number of threads seems too high for short alignments. Use -nt AUTO to determine best number of threads.
186  TIM2e+I+G4    1827.484     22  3698.968     3701.089     3791.689
WARNING: Number of threads seems too high for short alignments. Use -nt AUTO to determine best number of threads.
187  TIM2e+R2      1827.195     22  3698.389     3700.511     3791.111
WARNING: Number of threads seems too high for short alignments. Use -nt AUTO to determine best number of threads.
188  TIM2e+R3      1827.176     24  3702.352     3704.878     3803.502
WARNING: Number of threads seems too high for short alignments. Use -nt AUTO to determine best number of threads.
196  TIM2+F        1807.585     23  3661.169     3663.489     3758.105
WARNING: Number of threads seems too high for short alignments. Use -nt AUTO to determine best number of threads.
197  TIM2+F+I      1807.427     24  3662.855     3665.381     3764.005
WARNING: Number of threads seems too high for short alignments. Use -nt AUTO to determine best number of threads.
198  TIM2+F+G4     1807.271     24  3662.541     3665.068     3763.692
WARNING: Number of threads seems too high for short alignments. Use -nt AUTO to determine best number of threads.
199  TIM2+F+I+G4   1807.807     25  3665.614     3668.356     3770.979
WARNING: Number of threads seems too high for short alignments. Use -nt AUTO to determine best number of threads.
200  TIM2+F+R2     1807.298     25  3664.596     3667.338     3769.961
WARNING: Number of threads seems too high for short alignments. Use -nt AUTO to determine best number of threads.
201  TIM2+F+R3     1807.279     27  3668.559     3671.762     3782.353
WARNING: Number of threads seems too high for short alignments. Use -nt AUTO to determine best number of threads.
209  TIM3e         1827.950     20  3695.900     3697.653     3780.192
WARNING: Number of threads seems too high for short alignments. Use -nt AUTO to determine best number of threads.
210  TIM3e+I       1827.614     21  3697.227     3699.161     3785.734
WARNING: Number of threads seems too high for short alignments. Use -nt AUTO to determine best number of threads.
211  TIM3e+G4      1827.501     21  3697.002     3698.935     3785.509
WARNING: Number of threads seems too high for short alignments. Use -nt AUTO to determine best number of threads.
212  TIM3e+I+G4    1827.775     22  3699.550     3701.672     3792.272
WARNING: Number of threads seems too high for short alignments. Use -nt AUTO to determine best number of threads.
213  TIM3e+R2      1827.529     22  3699.058     3701.180     3791.779
WARNING: Number of threads seems too high for short alignments. Use -nt AUTO to determine best number of threads.
214  TIM3e+R3      1827.510     24  3703.020     3705.546     3804.171
WARNING: Number of threads seems too high for short alignments. Use -nt AUTO to determine best number of threads.
222  TIM3+F        1807.527     23  3661.054     3663.373     3757.990
WARNING: Number of threads seems too high for short alignments. Use -nt AUTO to determine best number of threads.
223  TIM3+F+I      1807.362     24  3662.723     3665.250     3763.874
WARNING: Number of threads seems too high for short alignments. Use -nt AUTO to determine best number of threads.
224  TIM3+F+G4     1807.199     24  3662.399     3664.925     3763.549
WARNING: Number of threads seems too high for short alignments. Use -nt AUTO to determine best number of threads.
225  TIM3+F+I+G4   1807.699     25  3665.398     3668.141     3770.763
WARNING: Number of threads seems too high for short alignments. Use -nt AUTO to determine best number of threads.
226  TIM3+F+R2     1807.227     25  3664.455     3667.197     3769.820
WARNING: Number of threads seems too high for short alignments. Use -nt AUTO to determine best number of threads.
227  TIM3+F+R3     1807.205     27  3668.411     3671.614     3782.205
WARNING: Number of threads seems too high for short alignments. Use -nt AUTO to determine best number of threads.
235  TVMe          1826.908     21  3695.817     3697.750     3784.324
WARNING: Number of threads seems too high for short alignments. Use -nt AUTO to determine best number of threads.
236  TVMe+I        1826.551     22  3697.102     3699.223     3789.823
WARNING: Number of threads seems too high for short alignments. Use -nt AUTO to determine best number of threads.
237  TVMe+G4       1826.426     22  3696.851     3698.973     3789.572
WARNING: Number of threads seems too high for short alignments. Use -nt AUTO to determine best number of threads.
238  TVMe+I+G4     1826.679     23  3699.358     3701.677     3796.294
WARNING: Number of threads seems too high for short alignments. Use -nt AUTO to determine best number of threads.
239  TVMe+R2       1826.458     23  3698.917     3701.236     3795.853
WARNING: Number of threads seems too high for short alignments. Use -nt AUTO to determine best number of threads.
240  TVMe+R3       1826.434     25  3702.868     3705.611     3808.234
WARNING: Number of threads seems too high for short alignments. Use -nt AUTO to determine best number of threads.
248  TVM+F         1807.328     24  3662.656     3665.182     3763.807
WARNING: Number of threads seems too high for short alignments. Use -nt AUTO to determine best number of threads.
249  TVM+F+I       1807.160     25  3664.321     3667.063     3769.686
WARNING: Number of threads seems too high for short alignments. Use -nt AUTO to determine best number of threads.
250  TVM+F+G4      1807.017     25  3664.033     3666.776     3769.399
WARNING: Number of threads seems too high for short alignments. Use -nt AUTO to determine best number of threads.
251  TVM+F+I+G4    1807.463     26  3666.926     3669.894     3776.505
WARNING: Number of threads seems too high for short alignments. Use -nt AUTO to determine best number of threads.
252  TVM+F+R2      1807.042     26  3666.083     3669.051     3775.663
WARNING: Number of threads seems too high for short alignments. Use -nt AUTO to determine best number of threads.
253  TVM+F+R3      1807.020     28  3670.041     3673.489     3788.050
WARNING: Number of threads seems too high for short alignments. Use -nt AUTO to determine best number of threads.
261  SYM           1826.907     22  3697.813     3699.935     3790.534
WARNING: Number of threads seems too high for short alignments. Use -nt AUTO to determine best number of threads.
262  SYM+I         1826.547     23  3699.095     3701.414     3796.031
WARNING: Number of threads seems too high for short alignments. Use -nt AUTO to determine best number of threads.
263  SYM+G4        1826.420     23  3698.841     3701.160     3795.777
WARNING: Number of threads seems too high for short alignments. Use -nt AUTO to determine best number of threads.
264  SYM+I+G4      1826.659     24  3701.318     3703.844     3802.468
WARNING: Number of threads seems too high for short alignments. Use -nt AUTO to determine best number of threads.
265  SYM+R2        1826.453     24  3700.906     3703.433     3802.057
WARNING: Number of threads seems too high for short alignments. Use -nt AUTO to determine best number of threads.
266  SYM+R3        1826.427     26  3704.854     3707.823     3814.434
WARNING: Number of threads seems too high for short alignments. Use -nt AUTO to determine best number of threads.
274  GTR+F         1807.170     25  3664.341     3667.083     3769.706
WARNING: Number of threads seems too high for short alignments. Use -nt AUTO to determine best number of threads.
275  GTR+F+I       1807.001     26  3666.001     3668.969     3775.581
WARNING: Number of threads seems too high for short alignments. Use -nt AUTO to determine best number of threads.
276  GTR+F+G4      1806.845     26  3665.691     3668.659     3775.271
WARNING: Number of threads seems too high for short alignments. Use -nt AUTO to determine best number of threads.
277  GTR+F+I+G4    1807.278     27  3668.556     3671.760     3782.351
WARNING: Number of threads seems too high for short alignments. Use -nt AUTO to determine best number of threads.
278  GTR+F+R2      1806.872     27  3667.745     3670.948     3781.539
WARNING: Number of threads seems too high for short alignments. Use -nt AUTO to determine best number of threads.
279  GTR+F+R3      1806.847     29  3671.694     3675.396     3793.918
Akaike Information Criterion:           HKY+F
Corrected Akaike Information Criterion: HKY+F
Bayesian Information Criterion:         HKY+F
Best-fit model: HKY+F chosen according to BIC

All model information printed to examples/10taxon_300genes_4cores//aln_seqs/1_seqgen100.nex.aln.model.gz
CPU time for ModelFinder: 4.373 seconds (0h:0m:4s)
Wall-clock time for ModelFinder: 111.165 seconds (0h:1m:51s)
Generating 1000 samples for ultrafast bootstrap (seed: 892928)...

NOTE: 0 MB RAM (0 GB) is required!
WARNING: Number of threads seems too high for short alignments. Use -nt AUTO to determine best number of threads.
Estimate model parameters (epsilon = 0.100)
1. Initial log-likelihood: -1865.494
2. Current log-likelihood: -1841.481
3. Current log-likelihood: -1832.047
4. Current log-likelihood: -1821.597
5. Current log-likelihood: -1807.837
Optimal log-likelihood: -1807.769
Rate parameters:  A-C: 1.00000  A-G: 4.48076  A-T: 1.00000  C-G: 1.00000  C-T: 4.48076  G-T: 1.00000
Base frequencies:  A: 0.309  C: 0.177  G: 0.201  T: 0.313
Parameters optimization took 5 rounds (0.905 sec)
Computing ML distances based on estimated model parameters... 0.002 sec
Computing BIONJ tree...
0.080 seconds
Log-likelihood of BIONJ tree: -1808.440
--------------------------------------------------------------------
|             INITIALIZING CANDIDATE TREE SET                      |
--------------------------------------------------------------------
Generating 98 parsimony trees... 1.208 second
Computing log-likelihood of 81 initial trees ... 22.765 seconds
Current best score: -1807.769

Do NNI search on 20 best initial trees
Estimate model parameters (epsilon = 0.100)
BETTER TREE FOUND at iteration 1: -1807.769
Iteration 10 / LogL: -1807.769 / Time: 0h:0m:47s
Iteration 20 / LogL: -1807.778 / Time: 0h:1m:5s
Finish initializing candidate tree set (1)
Current best tree score: -1807.769 / CPU time: 64.529
Number of iterations: 20
--------------------------------------------------------------------
|               OPTIMIZING CANDIDATE TREE SET                      |
--------------------------------------------------------------------
Iteration 30 / LogL: -1807.769 / Time: 0h:1m:18s (0h:3m:12s left)
UPDATE BEST LOG-LIKELIHOOD: -1807.769
Iteration 40 / LogL: -1807.769 / Time: 0h:1m:29s (0h:2m:20s left)
Iteration 50 / LogL: -1807.772 / Time: 0h:1m:44s (0h:1m:48s left)
Log-likelihood cutoff on original alignment: -1853.006
Iteration 60 / LogL: -1807.779 / Time: 0h:1m:59s (0h:1m:22s left)
Iteration 70 / LogL: -1807.769 / Time: 0h:2m:13s (0h:0m:59s left)
Iteration 80 / LogL: -1807.771 / Time: 0h:2m:24s (0h:0m:38s left)
Iteration 90 / LogL: -1807.769 / Time: 0h:2m:36s (0h:0m:19s left)
Iteration 100 / LogL: -1807.772 / Time: 0h:2m:43s (0h:0m:1s left)
Log-likelihood cutoff on original alignment: -1852.853
NOTE: Bootstrap correlation coefficient of split occurrence frequencies: 1.000
TREE SEARCH COMPLETED AFTER 102 ITERATIONS / Time: 0h:2m:46s

--------------------------------------------------------------------
|                    FINALIZING TREE SEARCH                        |
--------------------------------------------------------------------
Performs final model parameters optimization
Estimate model parameters (epsilon = 0.010)
1. Initial log-likelihood: -1807.769
Optimal log-likelihood: -1807.769
Rate parameters:  A-C: 1.00000  A-G: 4.47987  A-T: 1.00000  C-G: 1.00000  C-T: 4.47987  G-T: 1.00000
Base frequencies:  A: 0.309  C: 0.177  G: 0.201  T: 0.313
Parameters optimization took 1 rounds (0.064 sec)
BEST SCORE FOUND : -1807.769
Creating bootstrap support values...
Split supports printed to NEXUS file examples/10taxon_300genes_4cores//aln_seqs/1_seqgen100.nex.aln.splits.nex
Total tree length: 0.486

Total number of iterations: 102
CPU time used for tree search: 10.426 sec (0h:0m:10s)
Wall-clock time used for tree search: 165.051 sec (0h:2m:45s)
Total CPU time used: 10.559 sec (0h:0m:10s)
Total wall-clock time used: 167.263 sec (0h:2m:47s)

Computing bootstrap consensus tree...
Reading input file examples/10taxon_300genes_4cores//aln_seqs/1_seqgen100.nex.aln.splits.nex...
10 taxa and 41 splits.
Consensus tree written to examples/10taxon_300genes_4cores//aln_seqs/1_seqgen100.nex.aln.contree
Reading input trees file examples/10taxon_300genes_4cores//aln_seqs/1_seqgen100.nex.aln.contree
Log-likelihood of consensus tree: -1807.769

Analysis results written to: 
  IQ-TREE report:                examples/10taxon_300genes_4cores//aln_seqs/1_seqgen100.nex.aln.iqtree
  Maximum-likelihood tree:       examples/10taxon_300genes_4cores//aln_seqs/1_seqgen100.nex.aln.treefile
  Likelihood distances:          examples/10taxon_300genes_4cores//aln_seqs/1_seqgen100.nex.aln.mldist

Ultrafast bootstrap approximation results written to:
  Split support values:          examples/10taxon_300genes_4cores//aln_seqs/1_seqgen100.nex.aln.splits.nex
  Consensus tree:                examples/10taxon_300genes_4cores//aln_seqs/1_seqgen100.nex.aln.contree
  Screen log file:               examples/10taxon_300genes_4cores//aln_seqs/1_seqgen100.nex.aln.log

Date and Time: Mon Feb 18 10:54:43 2019
