



              Maximum Pseudo-likelihood Estimation of Species Trees (MPEST_2.0)  

                                     by

                                  Liang Liu

                          Department of Statistics
                            University of Georgia
                                 lliu@uga.edu

                 Distributed under the GNU General Public License

	round 1000 		loglike -69775.603548 	....completed....
	round 2000 		loglike -59665.675386 	....completed....
	round 3000 		loglike -54802.216223 	....completed....
	round 4000 		loglike -51916.632599 	....completed....
	round 5000 		loglike -46445.706651 	....completed....
	round 6000 		loglike -44276.069864 	....completed....
	round 7000 		loglike -41901.632410 	....completed....
	round 8000 		loglike -40206.401988 	....completed....
	round 9000 		loglike -38715.066961 	....completed....
	round 10000 		loglike -37706.531377 	....completed....
	round 11000 		loglike -36968.753051 	....completed....
	round 12000 		loglike -36388.253032 	....completed....
	round 13000 		loglike -35670.407432 	....completed....
	round 14000 		loglike -35341.547797 	....completed....
	round 15000 		loglike -35198.275637 	....completed....
	round 16000 		loglike -35036.718125 	....completed....
	round 17000 		loglike -34899.775200 	....completed....
	round 18000 		loglike -34843.317925 	....completed....
	round 19000 		loglike -34776.908230 	....completed....
	round 20000 		loglike -34752.164376 	....completed....
	round 21000 		loglike -34730.647028 	....completed....
	round 22000 		loglike -34677.960589 	....completed....
	round 23000 		loglike -34640.889419 	....completed....
	round 24000 		loglike -34622.885447 	....completed....
	round 25000 		loglike -34603.058966 	....completed....
	round 26000 		loglike -34595.504920 	....completed....
	round 27000 		loglike -34589.038268 	....completed....
	round 28000 		loglike -34585.895731 	....completed....
	round 29000 		loglike -34585.591806 	....completed....
	round 30000 		loglike -34585.591170 	....completed....
	round 31000 		loglike -34585.591170 	....completed....
	round 32000 		loglike -34585.588756 	....completed....
	round 33000 		loglike -34585.588606 	....completed....
	round 34000 		loglike -34585.588497 	....completed....
	round 35000 		loglike -34585.588488 	....completed....
	round 36000 		loglike -34585.588419 	....completed....
	round 37000 		loglike -34585.588419 	....completed....
	round 38000 		loglike -34585.588419 	....completed....
	round 39000 		loglike -34585.588419 	....completed....
	round 40000 		loglike -34585.588419 	....completed....
	round 41000 		loglike -34585.588417 	....completed....
	round 42000 		loglike -34585.588417 	....completed....
	round 43000 		loglike -34585.588417 	....completed....
	round 44000 		loglike -34585.588417 	....completed....
	round 45000 		loglike -34585.588417 	....completed....
	round 46000 		loglike -34585.588417 	....completed....
	round 47000 		loglike -34585.588417 	....completed....
	round 48000 		loglike -34585.588417 	....completed....
	round 49000 		loglike -34585.588417 	....completed....
	round 50000 		loglike -34585.588415 	....completed....
	round 51000 		loglike -34585.588415 	....completed....
	round 52000 		loglike -34585.588373 	....completed....
	round 53000 		loglike -34585.588373 	....completed....
	round 54000 		loglike -34585.588372 	....completed....
	round 55000 		loglike -34585.588372 	....completed....
	round 56000 		loglike -34585.588372 	....completed....
	round 57000 		loglike -34585.588372 	....completed....
	round 58000 		loglike -34585.588372 	....completed....
	round 59000 		loglike -34585.588372 	....completed....
	round 60000 		loglike -34585.588372 	....completed....
	round 61000 		loglike -34585.588372 	....completed....
	round 62000 		loglike -34585.588372 	....completed....
	round 63000 		loglike -34585.588367 	....completed....
	round 64000 		loglike -34585.588367 	....completed....
	round 65000 		loglike -34585.588353 	....completed....
	round 66000 		loglike -34585.588353 	....completed....
	round 67000 		loglike -34585.588353 	....completed....
	round 68000 		loglike -34585.588353 	....completed....
	round 69000 		loglike -34585.588353 	....completed....
	round 70000 		loglike -34585.588352 	....completed....
	round 71000 		loglike -34585.588352 	....completed....
	round 72000 		loglike -34585.588352 	....completed....
	round 73000 		loglike -34585.588352 	....completed....
	round 74000 		loglike -34585.588352 	....completed....
	round 75000 		loglike -34585.588352 	....completed....
	round 76000 		loglike -34585.588352 	....completed....
	round 77000 		loglike -34585.588350 	....completed....
	round 78000 		loglike -34585.588350 	....completed....
	round 79000 		loglike -34585.588350 	....completed....
	round 80000 		loglike -34585.588350 	....completed....
	round 81000 		loglike -34585.588350 	....completed....
	round 82000 		loglike -34585.588350 	....completed....
	round 83000 		loglike -34585.588350 	....completed....
	round 84000 		loglike -34585.588350 	....completed....
	round 85000 		loglike -34585.588350 	....completed....
	round 86000 		loglike -34585.588350 	....completed....
	round 87000 		loglike -34585.588349 	....completed....
	round 88000 		loglike -34585.588349 	....completed....
	round 89000 		loglike -34585.588349 	....completed....
	round 90000 		loglike -34585.588349 	....completed....
	round 91000 		loglike -34585.588349 	....completed....
	round 92000 		loglike -34585.588349 	....completed....
	round 93000 		loglike -34585.588348 	....completed....
	round 94000 		loglike -34585.588348 	....completed....
	round 95000 		loglike -34585.588348 	....completed....
	round 96000 		loglike -34585.588348 	....completed....
	round 97000 		loglike -34585.588344 	....completed....
	round 98000 		loglike -34585.588344 	....completed....
	round 99000 		loglike -34585.588344 	....completed....
	round 100000 		loglike -34585.588344 	....completed....
	round 101000 		loglike -34585.588344 	....completed....
	round 102000 		loglike -34585.588344 	....completed....
	round 103000 		loglike -34585.588344 	....completed....
	round 104000 		loglike -34585.588340 	....completed....
	round 105000 		loglike -34585.588340 	....completed....
	round 106000 		loglike -34585.588340 	....completed....
	round 107000 		loglike -34585.588340 	....completed....
	round 108000 		loglike -34585.588340 	....completed....
	round 109000 		loglike -34585.588340 	....completed....
	round 110000 		loglike -34585.588340 	....completed....
	round 111000 		loglike -34585.588340 	....completed....
	round 112000 		loglike -34585.588340 	....completed....
	round 113000 		loglike -34585.588340 	....completed....
	round 114000 		loglike -34585.588340 	....completed....
	round 115000 		loglike -34585.588340 	....completed....
	round 116000 		loglike -34585.588340 	....completed....
	round 117000 		loglike -34585.588339 	....completed....
	round 118000 		loglike -34585.588339 	....completed....
	round 119000 		loglike -34585.588339 	....completed....
	round 120000 		loglike -34585.588339 	....completed....
	round 121000 		loglike -34585.588339 	....completed....
	round 122000 		loglike -34585.588339 	....completed....
	round 123000 		loglike -34585.588339 	....completed....
	round 124000 		loglike -34585.588339 	....completed....
	round 125000 		loglike -34585.588339 	....completed....
	round 126000 		loglike -34585.588339 	....completed....
	round 127000 		loglike -34585.588339 	....completed....
	round 128000 		loglike -34585.588339 	....completed....
	round 129000 		loglike -34585.588339 	....completed....
	round 130000 		loglike -34585.588339 	....completed....
	round 131000 		loglike -34585.588339 	....completed....
	round 132000 		loglike -34585.588339 	....completed....
	round 133000 		loglike -34585.588339 	....completed....
	round 134000 		loglike -34585.588339 	....completed....
	round 135000 		loglike -34585.588339 	....completed....
	round 136000 		loglike -34585.588339 	....completed....
			Analysis is completed in 5 seconds (cpu time is 5 seconds)
	round 1000 		loglike -68489.490604 	....completed....
	round 2000 		loglike -59421.890478 	....completed....
	round 3000 		loglike -53891.800826 	....completed....
	round 4000 		loglike -50196.971335 	....completed....
	round 5000 		loglike -47198.520043 	....completed....
	round 6000 		loglike -43945.798119 	....completed....
	round 7000 		loglike -41611.020328 	....completed....
	round 8000 		loglike -39928.059209 	....completed....
	round 9000 		loglike -38713.183776 	....completed....
	round 10000 		loglike -37434.694323 	....completed....
	round 11000 		loglike -36771.110922 	....completed....
	round 12000 		loglike -36011.498121 	....completed....
	round 13000 		loglike -35656.526159 	....completed....
	round 14000 		loglike -35237.248426 	....completed....
	round 15000 		loglike -35082.924782 	....completed....
	round 16000 		loglike -34967.182242 	....completed....
	round 17000 		loglike -34870.242716 	....completed....
	round 18000 		loglike -34790.470317 	....completed....
	round 19000 		loglike -34707.580068 	....completed....
	round 20000 		loglike -34684.942270 	....completed....
	round 21000 		loglike -34655.813303 	....completed....
	round 22000 		loglike -34631.630218 	....completed....
	round 23000 		loglike -34605.981971 	....completed....
	round 24000 		loglike -34602.584012 	....completed....
	round 25000 		loglike -34589.522238 	....completed....
	round 26000 		loglike -34586.598391 	....completed....
	round 27000 		loglike -34585.598578 	....completed....
	round 28000 		loglike -34585.595653 	....completed....
	round 29000 		loglike -34585.595297 	....completed....
	round 30000 		loglike -34585.594926 	....completed....
	round 31000 		loglike -34585.594750 	....completed....
	round 32000 		loglike -34585.594661 	....completed....
	round 33000 		loglike -34585.588739 	....completed....
	round 34000 		loglike -34585.588739 	....completed....
	round 35000 		loglike -34585.588730 	....completed....
	round 36000 		loglike -34585.588730 	....completed....
	round 37000 		loglike -34585.588730 	....completed....
	round 38000 		loglike -34585.588730 	....completed....
	round 39000 		loglike -34585.588730 	....completed....
	round 40000 		loglike -34585.588730 	....completed....
	round 41000 		loglike -34585.588730 	....completed....
	round 42000 		loglike -34585.588714 	....completed....
	round 43000 		loglike -34585.588714 	....completed....
	round 44000 		loglike -34585.588713 	....completed....
	round 45000 		loglike -34585.588609 	....completed....
	round 46000 		loglike -34585.588609 	....completed....
	round 47000 		loglike -34585.588609 	....completed....
	round 48000 		loglike -34585.588609 	....completed....
	round 49000 		loglike -34585.588605 	....completed....
	round 50000 		loglike -34585.588605 	....completed....
	round 51000 		loglike -34585.588605 	....completed....
	round 52000 		loglike -34585.588602 	....completed....
	round 53000 		loglike -34585.588498 	....completed....
	round 54000 		loglike -34585.588498 	....completed....
	round 55000 		loglike -34585.588498 	....completed....
	round 56000 		loglike -34585.588495 	....completed....
	round 57000 		loglike -34585.588495 	....completed....
	round 58000 		loglike -34585.588495 	....completed....
	round 59000 		loglike -34585.588491 	....completed....
	round 60000 		loglike -34585.588489 	....completed....
	round 61000 		loglike -34585.588489 	....completed....
	round 62000 		loglike -34585.588454 	....completed....
	round 63000 		loglike -34585.588450 	....completed....
	round 64000 		loglike -34585.588413 	....completed....
	round 65000 		loglike -34585.588413 	....completed....
	round 66000 		loglike -34585.588413 	....completed....
	round 67000 		loglike -34585.588413 	....completed....
	round 68000 		loglike -34585.588413 	....completed....
	round 69000 		loglike -34585.588380 	....completed....
	round 70000 		loglike -34585.588380 	....completed....
	round 71000 		loglike -34585.588380 	....completed....
	round 72000 		loglike -34585.588379 	....completed....
	round 73000 		loglike -34585.588369 	....completed....
	round 74000 		loglike -34585.588369 	....completed....
	round 75000 		loglike -34585.588369 	....completed....
	round 76000 		loglike -34585.588369 	....completed....
	round 77000 		loglike -34585.588369 	....completed....
	round 78000 		loglike -34585.588369 	....completed....
	round 79000 		loglike -34585.588369 	....completed....
	round 80000 		loglike -34585.588369 	....completed....
	round 81000 		loglike -34585.588369 	....completed....
	round 82000 		loglike -34585.588369 	....completed....
	round 83000 		loglike -34585.588369 	....completed....
	round 84000 		loglike -34585.588369 	....completed....
	round 85000 		loglike -34585.588369 	....completed....
	round 86000 		loglike -34585.588369 	....completed....
	round 87000 		loglike -34585.588369 	....completed....
	round 88000 		loglike -34585.588369 	....completed....
	round 89000 		loglike -34585.588369 	....completed....
	round 90000 		loglike -34585.588361 	....completed....
	round 91000 		loglike -34585.588361 	....completed....
	round 92000 		loglike -34585.588361 	....completed....
	round 93000 		loglike -34585.588361 	....completed....
	round 94000 		loglike -34585.588361 	....completed....
	round 95000 		loglike -34585.588361 	....completed....
	round 96000 		loglike -34585.588361 	....completed....
	round 97000 		loglike -34585.588361 	....completed....
	round 98000 		loglike -34585.588361 	....completed....
	round 99000 		loglike -34585.588361 	....completed....
	round 100000 		loglike -34585.588361 	....completed....
	round 101000 		loglike -34585.588361 	....completed....
	round 102000 		loglike -34585.588361 	....completed....
	round 103000 		loglike -34585.588361 	....completed....
	round 104000 		loglike -34585.588361 	....completed....
	round 105000 		loglike -34585.588361 	....completed....
	round 106000 		loglike -34585.588361 	....completed....
	round 107000 		loglike -34585.588361 	....completed....
	round 108000 		loglike -34585.588355 	....completed....
	round 109000 		loglike -34585.588355 	....completed....
	round 110000 		loglike -34585.588355 	....completed....
	round 111000 		loglike -34585.588355 	....completed....
	round 112000 		loglike -34585.588355 	....completed....
	round 113000 		loglike -34585.588355 	....completed....
	round 114000 		loglike -34585.588355 	....completed....
	round 115000 		loglike -34585.588355 	....completed....
	round 116000 		loglike -34585.588355 	....completed....
	round 117000 		loglike -34585.588355 	....completed....
	round 118000 		loglike -34585.588355 	....completed....
	round 119000 		loglike -34585.588355 	....completed....
	round 120000 		loglike -34585.588355 	....completed....
	round 121000 		loglike -34585.588355 	....completed....
	round 122000 		loglike -34585.588355 	....completed....
	round 123000 		loglike -34585.588355 	....completed....
	round 124000 		loglike -34585.588355 	....completed....
	round 125000 		loglike -34585.588355 	....completed....
	round 126000 		loglike -34585.588355 	....completed....
	round 127000 		loglike -34585.588354 	....completed....
	round 128000 		loglike -34585.588354 	....completed....
	round 129000 		loglike -34585.588354 	....completed....
	round 130000 		loglike -34585.588354 	....completed....
	round 131000 		loglike -34585.588354 	....completed....
	round 132000 		loglike -34585.588354 	....completed....
	round 133000 		loglike -34585.588354 	....completed....
	round 134000 		loglike -34585.588354 	....completed....
	round 135000 		loglike -34585.588354 	....completed....
	round 136000 		loglike -34585.588354 	....completed....
	round 137000 		loglike -34585.588354 	....completed....
	round 138000 		loglike -34585.588354 	....completed....
	round 139000 		loglike -34585.588354 	....completed....
	round 140000 		loglike -34585.588349 	....completed....
	round 141000 		loglike -34585.588349 	....completed....
	round 142000 		loglike -34585.588349 	....completed....
	round 143000 		loglike -34585.588349 	....completed....
	round 144000 		loglike -34585.588349 	....completed....
	round 145000 		loglike -34585.588349 	....completed....
	round 146000 		loglike -34585.588345 	....completed....
	round 147000 		loglike -34585.588345 	....completed....
	round 148000 		loglike -34585.588345 	....completed....
	round 149000 		loglike -34585.588345 	....completed....
	round 150000 		loglike -34585.588345 	....completed....
	round 151000 		loglike -34585.588345 	....completed....
	round 152000 		loglike -34585.588345 	....completed....
	round 153000 		loglike -34585.588345 	....completed....
	round 154000 		loglike -34585.588345 	....completed....
	round 155000 		loglike -34585.588345 	....completed....
	round 156000 		loglike -34585.588345 	....completed....
	round 157000 		loglike -34585.588345 	....completed....
	round 158000 		loglike -34585.588345 	....completed....
	round 159000 		loglike -34585.588345 	....completed....
	round 160000 		loglike -34585.588345 	....completed....
	round 161000 		loglike -34585.588345 	....completed....
	round 162000 		loglike -34585.588345 	....completed....
	round 163000 		loglike -34585.588345 	....completed....
	round 164000 		loglike -34585.588345 	....completed....
	round 165000 		loglike -34585.588345 	....completed....
	round 166000 		loglike -34585.588344 	....completed....
	round 167000 		loglike -34585.588344 	....completed....
	round 168000 		loglike -34585.588344 	....completed....
	round 169000 		loglike -34585.588344 	....completed....
	round 170000 		loglike -34585.588344 	....completed....
	round 171000 		loglike -34585.588344 	....completed....
	round 172000 		loglike -34585.588344 	....completed....
	round 173000 		loglike -34585.588344 	....completed....
	round 174000 		loglike -34585.588344 	....completed....
	round 175000 		loglike -34585.588344 	....completed....
	round 176000 		loglike -34585.588344 	....completed....
	round 177000 		loglike -34585.588344 	....completed....
	round 178000 		loglike -34585.588344 	....completed....
	round 179000 		loglike -34585.588344 	....completed....
	round 180000 		loglike -34585.588344 	....completed....
	round 181000 		loglike -34585.588344 	....completed....
	round 182000 		loglike -34585.588344 	....completed....
	round 183000 		loglike -34585.588344 	....completed....
	round 184000 		loglike -34585.588344 	....completed....
	round 185000 		loglike -34585.588344 	....completed....
	round 186000 		loglike -34585.588344 	....completed....
	round 187000 		loglike -34585.588344 	....completed....
	round 188000 		loglike -34585.588344 	....completed....
	round 189000 		loglike -34585.588344 	....completed....
	round 190000 		loglike -34585.588344 	....completed....
	round 191000 		loglike -34585.588344 	....completed....
	round 192000 		loglike -34585.588344 	....completed....
	round 193000 		loglike -34585.588344 	....completed....
	round 194000 		loglike -34585.588344 	....completed....
	round 195000 		loglike -34585.588344 	....completed....
	round 196000 		loglike -34585.588344 	....completed....
	round 197000 		loglike -34585.588344 	....completed....
	round 198000 		loglike -34585.588344 	....completed....
	round 199000 		loglike -34585.588344 	....completed....
	round 200000 		loglike -34585.588344 	....completed....
	round 201000 		loglike -34585.588344 	....completed....
	round 202000 		loglike -34585.588344 	....completed....
	round 203000 		loglike -34585.588344 	....completed....
	round 204000 		loglike -34585.588344 	....completed....
	round 205000 		loglike -34585.588342 	....completed....
	round 206000 		loglike -34585.588342 	....completed....
	round 207000 		loglike -34585.588342 	....completed....
	round 208000 		loglike -34585.588342 	....completed....
	round 209000 		loglike -34585.588342 	....completed....
	round 210000 		loglike -34585.588342 	....completed....
	round 211000 		loglike -34585.588342 	....completed....
	round 212000 		loglike -34585.588342 	....completed....
	round 213000 		loglike -34585.588342 	....completed....
	round 214000 		loglike -34585.588342 	....completed....
	round 215000 		loglike -34585.588342 	....completed....
	round 216000 		loglike -34585.588342 	....completed....
	round 217000 		loglike -34585.588342 	....completed....
	round 218000 		loglike -34585.588342 	....completed....
	round 219000 		loglike -34585.588342 	....completed....
	round 220000 		loglike -34585.588342 	....completed....
	round 221000 		loglike -34585.588342 	....completed....
	round 222000 		loglike -34585.588342 	....completed....
	round 223000 		loglike -34585.588341 	....completed....
	round 224000 		loglike -34585.588341 	....completed....
	round 225000 		loglike -34585.588341 	....completed....
	round 226000 		loglike -34585.588341 	....completed....
	round 227000 		loglike -34585.588341 	....completed....
	round 228000 		loglike -34585.588341 	....completed....
	round 229000 		loglike -34585.588341 	....completed....
	round 230000 		loglike -34585.588341 	....completed....
	round 231000 		loglike -34585.588341 	....completed....
	round 232000 		loglike -34585.588341 	....completed....
	round 233000 		loglike -34585.588341 	....completed....
	round 234000 		loglike -34585.588341 	....completed....
	round 235000 		loglike -34585.588341 	....completed....
	round 236000 		loglike -34585.588341 	....completed....
	round 237000 		loglike -34585.588341 	....completed....
	round 238000 		loglike -34585.588341 	....completed....
	round 239000 		loglike -34585.588341 	....completed....
	round 240000 		loglike -34585.588341 	....completed....
	round 241000 		loglike -34585.588341 	....completed....
	round 242000 		loglike -34585.588341 	....completed....
	round 243000 		loglike -34585.588341 	....completed....
	round 244000 		loglike -34585.588341 	....completed....
	round 245000 		loglike -34585.588341 	....completed....
	round 246000 		loglike -34585.588341 	....completed....
	round 247000 		loglike -34585.588341 	....completed....
	round 248000 		loglike -34585.588341 	....completed....
	round 249000 		loglike -34585.588341 	....completed....
	round 250000 		loglike -34585.588341 	....completed....
	round 251000 		loglike -34585.588341 	....completed....
	round 252000 		loglike -34585.588341 	....completed....
	round 253000 		loglike -34585.588341 	....completed....
	round 254000 		loglike -34585.588341 	....completed....
	round 255000 		loglike -34585.588341 	....completed....
	round 256000 		loglike -34585.588341 	....completed....
	round 257000 		loglike -34585.588341 	....completed....
	round 258000 		loglike -34585.588341 	....completed....
	round 259000 		loglike -34585.588341 	....completed....
	round 260000 		loglike -34585.588341 	....completed....
	round 261000 		loglike -34585.588341 	....completed....
	round 262000 		loglike -34585.588341 	....completed....
			Analysis is completed in 10 seconds (cpu time is 10 seconds)
	round 1000 		loglike -76717.979827 	....completed....
	round 2000 		loglike -61440.198433 	....completed....
	round 3000 		loglike -53408.041346 	....completed....
	round 4000 		loglike -48152.796578 	....completed....
	round 5000 		loglike -45311.648116 	....completed....
	round 6000 		loglike -42534.607175 	....completed....
	round 7000 		loglike -41143.671899 	....completed....
	round 8000 		loglike -39891.230099 	....completed....
	round 9000 		loglike -38201.566929 	....completed....
	round 10000 		loglike -37241.929930 	....completed....
	round 11000 		loglike -36642.783216 	....completed....
	round 12000 		loglike -36125.494531 	....completed....
	round 13000 		loglike -35880.216570 	....completed....
	round 14000 		loglike -35482.970337 	....completed....
	round 15000 		loglike -35264.930651 	....completed....
	round 16000 		loglike -35067.904940 	....completed....
	round 17000 		loglike -34941.767559 	....completed....
	round 18000 		loglike -34863.895288 	....completed....
	round 19000 		loglike -34811.454275 	....completed....
	round 20000 		loglike -34735.390064 	....completed....
	round 21000 		loglike -34667.382740 	....completed....
	round 22000 		loglike -34629.906733 	....completed....
	round 23000 		loglike -34618.057264 	....completed....
	round 24000 		loglike -34604.246767 	....completed....
	round 25000 		loglike -34591.410974 	....completed....
	round 26000 		loglike -34587.592880 	....completed....
	round 27000 		loglike -34585.594018 	....completed....
	round 28000 		loglike -34585.591827 	....completed....
	round 29000 		loglike -34585.590859 	....completed....
	round 30000 		loglike -34585.590859 	....completed....
	round 31000 		loglike -34585.590229 	....completed....
	round 32000 		loglike -34585.590172 	....completed....
	round 33000 		loglike -34585.590005 	....completed....
	round 34000 		loglike -34585.589668 	....completed....
	round 35000 		loglike -34585.589668 	....completed....
	round 36000 		loglike -34585.589268 	....completed....
	round 37000 		loglike -34585.589186 	....completed....
	round 38000 		loglike -34585.589186 	....completed....
	round 39000 		loglike -34585.588998 	....completed....
	round 40000 		loglike -34585.588998 	....completed....
	round 41000 		loglike -34585.588989 	....completed....
	round 42000 		loglike -34585.588977 	....completed....
	round 43000 		loglike -34585.588956 	....completed....
	round 44000 		loglike -34585.588945 	....completed....
	round 45000 		loglike -34585.588945 	....completed....
	round 46000 		loglike -34585.588868 	....completed....
	round 47000 		loglike -34585.588868 	....completed....
	round 48000 		loglike -34585.588868 	....completed....
	round 49000 		loglike -34585.588857 	....completed....
	round 50000 		loglike -34585.588461 	....completed....
	round 51000 		loglike -34585.588461 	....completed....
	round 52000 		loglike -34585.588459 	....completed....
	round 53000 		loglike -34585.588459 	....completed....
	round 54000 		loglike -34585.588459 	....completed....
	round 55000 		loglike -34585.588459 	....completed....
	round 56000 		loglike -34585.588459 	....completed....
	round 57000 		loglike -34585.588459 	....completed....
	round 58000 		loglike -34585.588459 	....completed....
	round 59000 		loglike -34585.588459 	....completed....
	round 60000 		loglike -34585.588383 	....completed....
	round 61000 		loglike -34585.588383 	....completed....
	round 62000 		loglike -34585.588383 	....completed....
	round 63000 		loglike -34585.588383 	....completed....
	round 64000 		loglike -34585.588383 	....completed....
	round 65000 		loglike -34585.588383 	....completed....
	round 66000 		loglike -34585.588383 	....completed....
	round 67000 		loglike -34585.588383 	....completed....
	round 68000 		loglike -34585.588383 	....completed....
	round 69000 		loglike -34585.588383 	....completed....
	round 70000 		loglike -34585.588382 	....completed....
	round 71000 		loglike -34585.588382 	....completed....
	round 72000 		loglike -34585.588382 	....completed....
	round 73000 		loglike -34585.588382 	....completed....
	round 74000 		loglike -34585.588382 	....completed....
	round 75000 		loglike -34585.588367 	....completed....
	round 76000 		loglike -34585.588367 	....completed....
	round 77000 		loglike -34585.588367 	....completed....
	round 78000 		loglike -34585.588367 	....completed....
	round 79000 		loglike -34585.588367 	....completed....
	round 80000 		loglike -34585.588364 	....completed....
	round 81000 		loglike -34585.588364 	....completed....
	round 82000 		loglike -34585.588364 	....completed....
	round 83000 		loglike -34585.588364 	....completed....
	round 84000 		loglike -34585.588364 	....completed....
	round 85000 		loglike -34585.588364 	....completed....
	round 86000 		loglike -34585.588364 	....completed....
	round 87000 		loglike -34585.588364 	....completed....
	round 88000 		loglike -34585.588359 	....completed....
	round 89000 		loglike -34585.588359 	....completed....
	round 90000 		loglike -34585.588359 	....completed....
	round 91000 		loglike -34585.588358 	....completed....
	round 92000 		loglike -34585.588358 	....completed....
	round 93000 		loglike -34585.588358 	....completed....
	round 94000 		loglike -34585.588358 	....completed....
	round 95000 		loglike -34585.588358 	....completed....
	round 96000 		loglike -34585.588358 	....completed....
	round 97000 		loglike -34585.588358 	....completed....
	round 98000 		loglike -34585.588358 	....completed....
	round 99000 		loglike -34585.588358 	....completed....
	round 100000 		loglike -34585.588358 	....completed....
	round 101000 		loglike -34585.588358 	....completed....
	round 102000 		loglike -34585.588358 	....completed....
	round 103000 		loglike -34585.588356 	....completed....
	round 104000 		loglike -34585.588356 	....completed....
	round 105000 		loglike -34585.588356 	....completed....
	round 106000 		loglike -34585.588350 	....completed....
	round 107000 		loglike -34585.588349 	....completed....
	round 108000 		loglike -34585.588349 	....completed....
	round 109000 		loglike -34585.588349 	....completed....
	round 110000 		loglike -34585.588349 	....completed....
	round 111000 		loglike -34585.588349 	....completed....
	round 112000 		loglike -34585.588349 	....completed....
	round 113000 		loglike -34585.588349 	....completed....
	round 114000 		loglike -34585.588349 	....completed....
	round 115000 		loglike -34585.588349 	....completed....
	round 116000 		loglike -34585.588349 	....completed....
	round 117000 		loglike -34585.588349 	....completed....
	round 118000 		loglike -34585.588349 	....completed....
	round 119000 		loglike -34585.588349 	....completed....
	round 120000 		loglike -34585.588349 	....completed....
	round 121000 		loglike -34585.588349 	....completed....
	round 122000 		loglike -34585.588349 	....completed....
	round 123000 		loglike -34585.588349 	....completed....
	round 124000 		loglike -34585.588349 	....completed....
	round 125000 		loglike -34585.588349 	....completed....
	round 126000 		loglike -34585.588349 	....completed....
	round 127000 		loglike -34585.588349 	....completed....
	round 128000 		loglike -34585.588349 	....completed....
	round 129000 		loglike -34585.588349 	....completed....
	round 130000 		loglike -34585.588349 	....completed....
	round 131000 		loglike -34585.588349 	....completed....
	round 132000 		loglike -34585.588349 	....completed....
	round 133000 		loglike -34585.588349 	....completed....
	round 134000 		loglike -34585.588349 	....completed....
	round 135000 		loglike -34585.588349 	....completed....
	round 136000 		loglike -34585.588349 	....completed....
	round 137000 		loglike -34585.588349 	....completed....
	round 138000 		loglike -34585.588349 	....completed....
	round 139000 		loglike -34585.588349 	....completed....
	round 140000 		loglike -34585.588349 	....completed....
	round 141000 		loglike -34585.588349 	....completed....
	round 142000 		loglike -34585.588349 	....completed....
	round 143000 		loglike -34585.588349 	....completed....
	round 144000 		loglike -34585.588349 	....completed....
	round 145000 		loglike -34585.588347 	....completed....
	round 146000 		loglike -34585.588347 	....completed....
	round 147000 		loglike -34585.588347 	....completed....
	round 148000 		loglike -34585.588347 	....completed....
	round 149000 		loglike -34585.588347 	....completed....
	round 150000 		loglike -34585.588347 	....completed....
	round 151000 		loglike -34585.588347 	....completed....
	round 152000 		loglike -34585.588347 	....completed....
	round 153000 		loglike -34585.588347 	....completed....
	round 154000 		loglike -34585.588347 	....completed....
	round 155000 		loglike -34585.588347 	....completed....
	round 156000 		loglike -34585.588347 	....completed....
	round 157000 		loglike -34585.588347 	....completed....
	round 158000 		loglike -34585.588347 	....completed....
	round 159000 		loglike -34585.588347 	....completed....
	round 160000 		loglike -34585.588347 	....completed....
	round 161000 		loglike -34585.588347 	....completed....
	round 162000 		loglike -34585.588347 	....completed....
	round 163000 		loglike -34585.588344 	....completed....
	round 164000 		loglike -34585.588344 	....completed....
	round 165000 		loglike -34585.588344 	....completed....
	round 166000 		loglike -34585.588344 	....completed....
	round 167000 		loglike -34585.588344 	....completed....
	round 168000 		loglike -34585.588344 	....completed....
	round 169000 		loglike -34585.588344 	....completed....
	round 170000 		loglike -34585.588344 	....completed....
	round 171000 		loglike -34585.588344 	....completed....
	round 172000 		loglike -34585.588344 	....completed....
	round 173000 		loglike -34585.588344 	....completed....
	round 174000 		loglike -34585.588344 	....completed....
	round 175000 		loglike -34585.588344 	....completed....
	round 176000 		loglike -34585.588344 	....completed....
	round 177000 		loglike -34585.588344 	....completed....
	round 178000 		loglike -34585.588344 	....completed....
	round 179000 		loglike -34585.588343 	....completed....
	round 180000 		loglike -34585.588343 	....completed....
	round 181000 		loglike -34585.588343 	....completed....
	round 182000 		loglike -34585.588343 	....completed....
	round 183000 		loglike -34585.588343 	....completed....
	round 184000 		loglike -34585.588343 	....completed....
	round 185000 		loglike -34585.588343 	....completed....
	round 186000 		loglike -34585.588343 	....completed....
	round 187000 		loglike -34585.588343 	....completed....
	round 188000 		loglike -34585.588343 	....completed....
	round 189000 		loglike -34585.588343 	....completed....
	round 190000 		loglike -34585.588343 	....completed....
	round 191000 		loglike -34585.588342 	....completed....
	round 192000 		loglike -34585.588342 	....completed....
	round 193000 		loglike -34585.588342 	....completed....
	round 194000 		loglike -34585.588342 	....completed....
	round 195000 		loglike -34585.588342 	....completed....
	round 196000 		loglike -34585.588342 	....completed....
	round 197000 		loglike -34585.588342 	....completed....
	round 198000 		loglike -34585.588342 	....completed....
	round 199000 		loglike -34585.588342 	....completed....
	round 200000 		loglike -34585.588342 	....completed....
	round 201000 		loglike -34585.588342 	....completed....
	round 202000 		loglike -34585.588342 	....completed....
	round 203000 		loglike -34585.588342 	....completed....
	round 204000 		loglike -34585.588342 	....completed....
	round 205000 		loglike -34585.588342 	....completed....
	round 206000 		loglike -34585.588342 	....completed....
	round 207000 		loglike -34585.588342 	....completed....
	round 208000 		loglike -34585.588342 	....completed....
	round 209000 		loglike -34585.588342 	....completed....
	round 210000 		loglike -34585.588342 	....completed....
			Analysis is completed in 7 seconds (cpu time is 8 seconds)
	round 1000 		loglike -78727.358002 	....completed....
	round 2000 		loglike -63941.893335 	....completed....
	round 3000 		loglike -57234.160386 	....completed....
	round 4000 		loglike -51805.694243 	....completed....
	round 5000 		loglike -47510.251328 	....completed....
	round 6000 		loglike -45350.670038 	....completed....
	round 7000 		loglike -42696.088311 	....completed....
	round 8000 		loglike -40695.635749 	....completed....
	round 9000 		loglike -39064.530979 	....completed....
	round 10000 		loglike -38022.045528 	....completed....
	round 11000 		loglike -37265.703452 	....completed....
	round 12000 		loglike -36565.055090 	....completed....
	round 13000 		loglike -35751.284611 	....completed....
	round 14000 		loglike -35536.019580 	....completed....
	round 15000 		loglike -35295.041031 	....completed....
	round 16000 		loglike -35043.065081 	....completed....
	round 17000 		loglike -34924.236348 	....completed....
	round 18000 		loglike -34822.197285 	....completed....
	round 19000 		loglike -34751.296471 	....completed....
	round 20000 		loglike -34718.817078 	....completed....
	round 21000 		loglike -34704.028725 	....completed....
	round 22000 		loglike -34668.589161 	....completed....
	round 23000 		loglike -34634.323107 	....completed....
	round 24000 		loglike -34606.031907 	....completed....
	round 25000 		loglike -34597.282857 	....completed....
	round 26000 		loglike -34589.142184 	....completed....
	round 27000 		loglike -34585.669364 	....completed....
	round 28000 		loglike -34585.601316 	....completed....
	round 29000 		loglike -34585.595629 	....completed....
	round 30000 		loglike -34585.594699 	....completed....
	round 31000 		loglike -34585.590563 	....completed....
	round 32000 		loglike -34585.589466 	....completed....
	round 33000 		loglike -34585.589466 	....completed....
	round 34000 		loglike -34585.589062 	....completed....
	round 35000 		loglike -34585.588811 	....completed....
	round 36000 		loglike -34585.588501 	....completed....
	round 37000 		loglike -34585.588501 	....completed....
	round 38000 		loglike -34585.588462 	....completed....
	round 39000 		loglike -34585.588462 	....completed....
	round 40000 		loglike -34585.588461 	....completed....
	round 41000 		loglike -34585.588461 	....completed....
	round 42000 		loglike -34585.588461 	....completed....
	round 43000 		loglike -34585.588461 	....completed....
	round 44000 		loglike -34585.588460 	....completed....
	round 45000 		loglike -34585.588417 	....completed....
	round 46000 		loglike -34585.588417 	....completed....
	round 47000 		loglike -34585.588401 	....completed....
	round 48000 		loglike -34585.588400 	....completed....
	round 49000 		loglike -34585.588400 	....completed....
	round 50000 		loglike -34585.588400 	....completed....
	round 51000 		loglike -34585.588393 	....completed....
	round 52000 		loglike -34585.588393 	....completed....
	round 53000 		loglike -34585.588390 	....completed....
	round 54000 		loglike -34585.588389 	....completed....
	round 55000 		loglike -34585.588389 	....completed....
	round 56000 		loglike -34585.588389 	....completed....
	round 57000 		loglike -34585.588389 	....completed....
	round 58000 		loglike -34585.588389 	....completed....
	round 59000 		loglike -34585.588386 	....completed....
	round 60000 		loglike -34585.588385 	....completed....
	round 61000 		loglike -34585.588384 	....completed....
	round 62000 		loglike -34585.588384 	....completed....
	round 63000 		loglike -34585.588384 	....completed....
	round 64000 		loglike -34585.588384 	....completed....
	round 65000 		loglike -34585.588384 	....completed....
	round 66000 		loglike -34585.588384 	....completed....
	round 67000 		loglike -34585.588384 	....completed....
	round 68000 		loglike -34585.588384 	....completed....
	round 69000 		loglike -34585.588384 	....completed....
	round 70000 		loglike -34585.588384 	....completed....
	round 71000 		loglike -34585.588384 	....completed....
	round 72000 		loglike -34585.588384 	....completed....
	round 73000 		loglike -34585.588383 	....completed....
	round 74000 		loglike -34585.588383 	....completed....
	round 75000 		loglike -34585.588383 	....completed....
	round 76000 		loglike -34585.588383 	....completed....
	round 77000 		loglike -34585.588383 	....completed....
	round 78000 		loglike -34585.588379 	....completed....
	round 79000 		loglike -34585.588379 	....completed....
	round 80000 		loglike -34585.588379 	....completed....
	round 81000 		loglike -34585.588378 	....completed....
	round 82000 		loglike -34585.588375 	....completed....
	round 83000 		loglike -34585.588375 	....completed....
	round 84000 		loglike -34585.588375 	....completed....
	round 85000 		loglike -34585.588375 	....completed....
	round 86000 		loglike -34585.588368 	....completed....
	round 87000 		loglike -34585.588367 	....completed....
	round 88000 		loglike -34585.588367 	....completed....
	round 89000 		loglike -34585.588367 	....completed....
	round 90000 		loglike -34585.588367 	....completed....
	round 91000 		loglike -34585.588367 	....completed....
	round 92000 		loglike -34585.588367 	....completed....
	round 93000 		loglike -34585.588367 	....completed....
	round 94000 		loglike -34585.588366 	....completed....
	round 95000 		loglike -34585.588366 	....completed....
	round 96000 		loglike -34585.588366 	....completed....
	round 97000 		loglike -34585.588366 	....completed....
	round 98000 		loglike -34585.588366 	....completed....
	round 99000 		loglike -34585.588366 	....completed....
	round 100000 		loglike -34585.588366 	....completed....
	round 101000 		loglike -34585.588366 	....completed....
	round 102000 		loglike -34585.588366 	....completed....
	round 103000 		loglike -34585.588366 	....completed....
	round 104000 		loglike -34585.588366 	....completed....
	round 105000 		loglike -34585.588366 	....completed....
	round 106000 		loglike -34585.588366 	....completed....
	round 107000 		loglike -34585.588366 	....completed....
	round 108000 		loglike -34585.588366 	....completed....
	round 109000 		loglike -34585.588366 	....completed....
	round 110000 		loglike -34585.588366 	....completed....
	round 111000 		loglike -34585.588366 	....completed....
	round 112000 		loglike -34585.588366 	....completed....
	round 113000 		loglike -34585.588366 	....completed....
	round 114000 		loglike -34585.588366 	....completed....
	round 115000 		loglike -34585.588366 	....completed....
	round 116000 		loglike -34585.588366 	....completed....
	round 117000 		loglike -34585.588366 	....completed....
	round 118000 		loglike -34585.588366 	....completed....
	round 119000 		loglike -34585.588366 	....completed....
	round 120000 		loglike -34585.588366 	....completed....
			Analysis is completed in 5 seconds (cpu time is 4 seconds)
	round 1000 		loglike -76564.838136 	....completed....
	round 2000 		loglike -62645.959521 	....completed....
	round 3000 		loglike -57622.604354 	....completed....
	round 4000 		loglike -52851.082845 	....completed....
	round 5000 		loglike -47643.265379 	....completed....
	round 6000 		loglike -44485.805340 	....completed....
	round 7000 		loglike -41842.294834 	....completed....
	round 8000 		loglike -39396.718784 	....completed....
	round 9000 		loglike -37967.661443 	....completed....
	round 10000 		loglike -37068.959426 	....completed....
	round 11000 		loglike -36453.504089 	....completed....
	round 12000 		loglike -36155.346819 	....completed....
	round 13000 		loglike -35664.514878 	....completed....
	round 14000 		loglike -35480.289303 	....completed....
	round 15000 		loglike -35295.654526 	....completed....
	round 16000 		loglike -35097.238323 	....completed....
	round 17000 		loglike -34918.660189 	....completed....
	round 18000 		loglike -34817.275038 	....completed....
	round 19000 		loglike -34784.915369 	....completed....
	round 20000 		loglike -34692.552335 	....completed....
	round 21000 		loglike -34656.377685 	....completed....
	round 22000 		loglike -34615.672885 	....completed....
	round 23000 		loglike -34598.563094 	....completed....
	round 24000 		loglike -34590.435885 	....completed....
	round 25000 		loglike -34585.923688 	....completed....
	round 26000 		loglike -34585.592432 	....completed....
	round 27000 		loglike -34585.591599 	....completed....
	round 28000 		loglike -34585.590432 	....completed....
	round 29000 		loglike -34585.590413 	....completed....
	round 30000 		loglike -34585.589534 	....completed....
	round 31000 		loglike -34585.589515 	....completed....
	round 32000 		loglike -34585.589494 	....completed....
	round 33000 		loglike -34585.589494 	....completed....
	round 34000 		loglike -34585.589489 	....completed....
	round 35000 		loglike -34585.589488 	....completed....
	round 36000 		loglike -34585.589488 	....completed....
	round 37000 		loglike -34585.589488 	....completed....
	round 38000 		loglike -34585.589488 	....completed....
	round 39000 		loglike -34585.589458 	....completed....
	round 40000 		loglike -34585.588775 	....completed....
	round 41000 		loglike -34585.588746 	....completed....
	round 42000 		loglike -34585.588722 	....completed....
	round 43000 		loglike -34585.588722 	....completed....
	round 44000 		loglike -34585.588722 	....completed....
	round 45000 		loglike -34585.588722 	....completed....
	round 46000 		loglike -34585.588708 	....completed....
	round 47000 		loglike -34585.588708 	....completed....
	round 48000 		loglike -34585.588447 	....completed....
	round 49000 		loglike -34585.588447 	....completed....
	round 50000 		loglike -34585.588447 	....completed....
	round 51000 		loglike -34585.588447 	....completed....
	round 52000 		loglike -34585.588447 	....completed....
	round 53000 		loglike -34585.588419 	....completed....
	round 54000 		loglike -34585.588419 	....completed....
	round 55000 		loglike -34585.588419 	....completed....
	round 56000 		loglike -34585.588413 	....completed....
	round 57000 		loglike -34585.588413 	....completed....
	round 58000 		loglike -34585.588411 	....completed....
	round 59000 		loglike -34585.588411 	....completed....
	round 60000 		loglike -34585.588411 	....completed....
	round 61000 		loglike -34585.588411 	....completed....
	round 62000 		loglike -34585.588411 	....completed....
	round 63000 		loglike -34585.588405 	....completed....
	round 64000 		loglike -34585.588404 	....completed....
	round 65000 		loglike -34585.588404 	....completed....
	round 66000 		loglike -34585.588404 	....completed....
	round 67000 		loglike -34585.588404 	....completed....
	round 68000 		loglike -34585.588404 	....completed....
	round 69000 		loglike -34585.588404 	....completed....
	round 70000 		loglike -34585.588404 	....completed....
	round 71000 		loglike -34585.588404 	....completed....
	round 72000 		loglike -34585.588399 	....completed....
	round 73000 		loglike -34585.588399 	....completed....
	round 74000 		loglike -34585.588398 	....completed....
	round 75000 		loglike -34585.588398 	....completed....
	round 76000 		loglike -34585.588398 	....completed....
	round 77000 		loglike -34585.588398 	....completed....
	round 78000 		loglike -34585.588398 	....completed....
	round 79000 		loglike -34585.588398 	....completed....
	round 80000 		loglike -34585.588397 	....completed....
	round 81000 		loglike -34585.588397 	....completed....
	round 82000 		loglike -34585.588397 	....completed....
	round 83000 		loglike -34585.588397 	....completed....
	round 84000 		loglike -34585.588397 	....completed....
	round 85000 		loglike -34585.588397 	....completed....
	round 86000 		loglike -34585.588397 	....completed....
	round 87000 		loglike -34585.588397 	....completed....
	round 88000 		loglike -34585.588397 	....completed....
	round 89000 		loglike -34585.588397 	....completed....
	round 90000 		loglike -34585.588397 	....completed....
	round 91000 		loglike -34585.588397 	....completed....
	round 92000 		loglike -34585.588397 	....completed....
	round 93000 		loglike -34585.588397 	....completed....
	round 94000 		loglike -34585.588397 	....completed....
	round 95000 		loglike -34585.588397 	....completed....
	round 96000 		loglike -34585.588397 	....completed....
	round 97000 		loglike -34585.588397 	....completed....
	round 98000 		loglike -34585.588397 	....completed....
	round 99000 		loglike -34585.588397 	....completed....
	round 100000 		loglike -34585.588397 	....completed....
	round 101000 		loglike -34585.588397 	....completed....
	round 102000 		loglike -34585.588397 	....completed....
	round 103000 		loglike -34585.588397 	....completed....
	round 104000 		loglike -34585.588397 	....completed....
	round 105000 		loglike -34585.588397 	....completed....
	round 106000 		loglike -34585.588397 	....completed....
	round 107000 		loglike -34585.588397 	....completed....
	round 108000 		loglike -34585.588397 	....completed....
	round 109000 		loglike -34585.588397 	....completed....
	round 110000 		loglike -34585.588397 	....completed....
	round 111000 		loglike -34585.588396 	....completed....
	round 112000 		loglike -34585.588396 	....completed....
	round 113000 		loglike -34585.588396 	....completed....
	round 114000 		loglike -34585.588396 	....completed....
	round 115000 		loglike -34585.588396 	....completed....
	round 116000 		loglike -34585.588396 	....completed....
	round 117000 		loglike -34585.588396 	....completed....
	round 118000 		loglike -34585.588396 	....completed....
	round 119000 		loglike -34585.588396 	....completed....
	round 120000 		loglike -34585.588396 	....completed....
	round 121000 		loglike -34585.588396 	....completed....
	round 122000 		loglike -34585.588396 	....completed....
	round 123000 		loglike -34585.588396 	....completed....
	round 124000 		loglike -34585.588396 	....completed....
	round 125000 		loglike -34585.588396 	....completed....
	round 126000 		loglike -34585.588396 	....completed....
	round 127000 		loglike -34585.588396 	....completed....
	round 128000 		loglike -34585.588396 	....completed....
	round 129000 		loglike -34585.588396 	....completed....
	round 130000 		loglike -34585.588396 	....completed....
	round 131000 		loglike -34585.588396 	....completed....
	round 132000 		loglike -34585.588396 	....completed....
	round 133000 		loglike -34585.588396 	....completed....
	round 134000 		loglike -34585.588396 	....completed....
	round 135000 		loglike -34585.588346 	....completed....
	round 136000 		loglike -34585.588346 	....completed....
	round 137000 		loglike -34585.588346 	....completed....
	round 138000 		loglike -34585.588346 	....completed....
	round 139000 		loglike -34585.588346 	....completed....
	round 140000 		loglike -34585.588346 	....completed....
	round 141000 		loglike -34585.588346 	....completed....
	round 142000 		loglike -34585.588346 	....completed....
	round 143000 		loglike -34585.588346 	....completed....
	round 144000 		loglike -34585.588346 	....completed....
	round 145000 		loglike -34585.588346 	....completed....
	round 146000 		loglike -34585.588346 	....completed....
	round 147000 		loglike -34585.588346 	....completed....
	round 148000 		loglike -34585.588346 	....completed....
	round 149000 		loglike -34585.588346 	....completed....
	round 150000 		loglike -34585.588346 	....completed....
	round 151000 		loglike -34585.588346 	....completed....
	round 152000 		loglike -34585.588346 	....completed....
	round 153000 		loglike -34585.588346 	....completed....
	round 154000 		loglike -34585.588346 	....completed....
	round 155000 		loglike -34585.588346 	....completed....
	round 156000 		loglike -34585.588346 	....completed....
	round 157000 		loglike -34585.588346 	....completed....
	round 158000 		loglike -34585.588346 	....completed....
	round 159000 		loglike -34585.588346 	....completed....
	round 160000 		loglike -34585.588346 	....completed....
	round 161000 		loglike -34585.588346 	....completed....
	round 162000 		loglike -34585.588346 	....completed....
	round 163000 		loglike -34585.588346 	....completed....
	round 164000 		loglike -34585.588346 	....completed....
	round 165000 		loglike -34585.588346 	....completed....
	round 166000 		loglike -34585.588346 	....completed....
	round 167000 		loglike -34585.588346 	....completed....
	round 168000 		loglike -34585.588346 	....completed....
	round 169000 		loglike -34585.588346 	....completed....
	round 170000 		loglike -34585.588346 	....completed....
	round 171000 		loglike -34585.588346 	....completed....
	round 172000 		loglike -34585.588346 	....completed....
	round 173000 		loglike -34585.588346 	....completed....
	round 174000 		loglike -34585.588346 	....completed....
	round 175000 		loglike -34585.588346 	....completed....
	round 176000 		loglike -34585.588346 	....completed....
	round 177000 		loglike -34585.588346 	....completed....
	round 178000 		loglike -34585.588346 	....completed....
	round 179000 		loglike -34585.588346 	....completed....
	round 180000 		loglike -34585.588346 	....completed....
	round 181000 		loglike -34585.588346 	....completed....
	round 182000 		loglike -34585.588346 	....completed....
	round 183000 		loglike -34585.588346 	....completed....
	round 184000 		loglike -34585.588346 	....completed....
	round 185000 		loglike -34585.588346 	....completed....
	round 186000 		loglike -34585.588346 	....completed....
	round 187000 		loglike -34585.588346 	....completed....
	round 188000 		loglike -34585.588346 	....completed....
	round 189000 		loglike -34585.588346 	....completed....
	round 190000 		loglike -34585.588346 	....completed....
	round 191000 		loglike -34585.588346 	....completed....
	round 192000 		loglike -34585.588346 	....completed....
	round 193000 		loglike -34585.588346 	....completed....
	round 194000 		loglike -34585.588346 	....completed....
	round 195000 		loglike -34585.588346 	....completed....
	round 196000 		loglike -34585.588346 	....completed....
	round 197000 		loglike -34585.588346 	....completed....
	round 198000 		loglike -34585.588346 	....completed....
	round 199000 		loglike -34585.588346 	....completed....
	round 200000 		loglike -34585.588346 	....completed....
	round 201000 		loglike -34585.588346 	....completed....
	round 202000 		loglike -34585.588346 	....completed....
	round 203000 		loglike -34585.588346 	....completed....
	round 204000 		loglike -34585.588346 	....completed....
	round 205000 		loglike -34585.588346 	....completed....
	round 206000 		loglike -34585.588346 	....completed....
	round 207000 		loglike -34585.588346 	....completed....
	round 208000 		loglike -34585.588346 	....completed....
	round 209000 		loglike -34585.588346 	....completed....
	round 210000 		loglike -34585.588346 	....completed....
	round 211000 		loglike -34585.588346 	....completed....
	round 212000 		loglike -34585.588346 	....completed....
	round 213000 		loglike -34585.588346 	....completed....
	round 214000 		loglike -34585.588346 	....completed....
	round 215000 		loglike -34585.588346 	....completed....
	round 216000 		loglike -34585.588346 	....completed....
			Analysis is completed in 8 seconds (cpu time is 8 seconds)
