IQ-TREE multicore version 1.6.8 for Linux 64-bit built Oct 28 2018
Developed by Bui Quang Minh, Nguyen Lam Tung, Olga Chernomor,
Heiko Schmidt, Dominik Schrempf, Michael Woodhams.

Host:    sango11411.oist.jp (AVX2, FMA3, 125 GB RAM)
Command: iqtree -s examples/6taxon_100genes_4cores//aln_seqs/1_seqgen25.nex.aln -bb 1000 -redo -nt 3 -m MFP
Seed:    808133 (Using SPRNG - Scalable Parallel Random Number Generator)
Time:    Fri Jan 11 12:16:01 2019
Kernel:  AVX+FMA - 3 threads (24 CPU cores detected)

Reading alignment file examples/6taxon_100genes_4cores//aln_seqs/1_seqgen25.nex.aln ... Fasta format detected
Alignment most likely contains DNA/RNA sequences
Alignment has 6 sequences with 500 columns, 67 distinct patterns
17 parsimony-informative, 83 singleton sites, 400 constant sites
   Gap/Ambiguity  Composition  p-value
   1  F    0.00%    passed     99.58%
   2  E    0.00%    passed     90.67%
   3  C    0.00%    passed     99.58%
   4  D    0.00%    passed     99.83%
   5  A    0.00%    passed     98.96%
   6  B    0.00%    passed     98.21%
****  TOTAL    0.00%  0 sequences failed composition chi2 test (p-value<5%; df=3)


Create initial parsimony tree by phylogenetic likelihood library (PLL)... 0.000 seconds
NOTE: ModelFinder requires 0 MB RAM!
ModelFinder will test 286 DNA models (sample size: 500) ...
 No. Model         -LnL         df  AIC          AICc         BIC
WARNING: Number of threads seems too high for short alignments. Use -nt AUTO to determine best number of threads.
  1  JC            1313.210     9   2644.420     2644.787     2682.351
WARNING: Number of threads seems too high for short alignments. Use -nt AUTO to determine best number of threads.
  2  JC+I          1311.838     10  2643.677     2644.127     2685.823
WARNING: Number of threads seems too high for short alignments. Use -nt AUTO to determine best number of threads.
  3  JC+G4         1311.792     10  2643.584     2644.034     2685.730
WARNING: Number of threads seems too high for short alignments. Use -nt AUTO to determine best number of threads.
  4  JC+I+G4       1311.904     11  2645.809     2646.350     2692.169
WARNING: Number of threads seems too high for short alignments. Use -nt AUTO to determine best number of threads.
  5  JC+R2         1311.825     11  2645.651     2646.192     2692.012
WARNING: Number of threads seems too high for short alignments. Use -nt AUTO to determine best number of threads.
  6  JC+R3         1311.801     13  2649.603     2650.352     2704.392
WARNING: Number of threads seems too high for short alignments. Use -nt AUTO to determine best number of threads.
 14  F81+F         1297.949     12  2619.898     2620.538     2670.473
WARNING: Number of threads seems too high for short alignments. Use -nt AUTO to determine best number of threads.
 15  F81+F+I       1296.672     13  2619.345     2620.094     2674.135
WARNING: Number of threads seems too high for short alignments. Use -nt AUTO to determine best number of threads.
 16  F81+F+G4      1296.615     13  2619.229     2619.978     2674.019
WARNING: Number of threads seems too high for short alignments. Use -nt AUTO to determine best number of threads.
 17  F81+F+I+G4    1296.762     14  2621.524     2622.390     2680.529
WARNING: Number of threads seems too high for short alignments. Use -nt AUTO to determine best number of threads.
 18  F81+F+R2      1296.640     14  2621.279     2622.145     2680.284
WARNING: Number of threads seems too high for short alignments. Use -nt AUTO to determine best number of threads.
 19  F81+F+R3      1296.627     16  2625.254     2626.380     2692.688
WARNING: Number of threads seems too high for short alignments. Use -nt AUTO to determine best number of threads.
 27  K2P           1298.454     10  2616.908     2617.358     2659.054
WARNING: Number of threads seems too high for short alignments. Use -nt AUTO to determine best number of threads.
 28  K2P+I         1296.942     11  2615.884     2616.425     2662.244
WARNING: Number of threads seems too high for short alignments. Use -nt AUTO to determine best number of threads.
 29  K2P+G4        1296.866     11  2615.732     2616.273     2662.093
WARNING: Number of threads seems too high for short alignments. Use -nt AUTO to determine best number of threads.
 30  K2P+I+G4      1296.973     12  2617.947     2618.587     2668.522
WARNING: Number of threads seems too high for short alignments. Use -nt AUTO to determine best number of threads.
 31  K2P+R2        1296.922     12  2617.843     2618.484     2668.418
WARNING: Number of threads seems too high for short alignments. Use -nt AUTO to determine best number of threads.
 32  K2P+R3        1296.875     14  2621.749     2622.615     2680.754
WARNING: Number of threads seems too high for short alignments. Use -nt AUTO to determine best number of threads.
 40  HKY+F         1281.338     13  2588.677     2589.426     2643.467
WARNING: Number of threads seems too high for short alignments. Use -nt AUTO to determine best number of threads.
 41  HKY+F+I       1279.920     14  2587.839     2588.705     2646.844
WARNING: Number of threads seems too high for short alignments. Use -nt AUTO to determine best number of threads.
 42  HKY+F+G4      1279.822     14  2587.644     2588.510     2646.649
WARNING: Number of threads seems too high for short alignments. Use -nt AUTO to determine best number of threads.
 43  HKY+F+I+G4    1279.971     15  2589.941     2590.933     2653.160
WARNING: Number of threads seems too high for short alignments. Use -nt AUTO to determine best number of threads.
 44  HKY+F+R2      1279.870     15  2589.741     2590.733     2652.960
WARNING: Number of threads seems too high for short alignments. Use -nt AUTO to determine best number of threads.
 45  HKY+F+R3      1279.833     17  2593.666     2594.936     2665.315
WARNING: Number of threads seems too high for short alignments. Use -nt AUTO to determine best number of threads.
 53  TNe           1298.086     11  2618.171     2618.712     2664.532
WARNING: Number of threads seems too high for short alignments. Use -nt AUTO to determine best number of threads.
 54  TNe+I         1296.502     12  2617.004     2617.644     2667.579
WARNING: Number of threads seems too high for short alignments. Use -nt AUTO to determine best number of threads.
 55  TNe+G4        1296.451     12  2616.902     2617.542     2667.477
WARNING: Number of threads seems too high for short alignments. Use -nt AUTO to determine best number of threads.
 56  TNe+I+G4      1296.520     13  2619.040     2619.789     2673.830
WARNING: Number of threads seems too high for short alignments. Use -nt AUTO to determine best number of threads.
 57  TNe+R2        1296.491     13  2618.982     2619.731     2673.772
WARNING: Number of threads seems too high for short alignments. Use -nt AUTO to determine best number of threads.
 58  TNe+R3        1296.456     15  2622.912     2623.903     2686.131
WARNING: Number of threads seems too high for short alignments. Use -nt AUTO to determine best number of threads.
 66  TN+F          1281.065     14  2590.129     2590.995     2649.134
WARNING: Number of threads seems too high for short alignments. Use -nt AUTO to determine best number of threads.
 67  TN+F+I        1279.602     15  2589.204     2590.196     2652.423
WARNING: Number of threads seems too high for short alignments. Use -nt AUTO to determine best number of threads.
 68  TN+F+G4       1279.527     15  2589.054     2590.046     2652.273
WARNING: Number of threads seems too high for short alignments. Use -nt AUTO to determine best number of threads.
 69  TN+F+I+G4     1279.640     16  2591.281     2592.407     2658.715
WARNING: Number of threads seems too high for short alignments. Use -nt AUTO to determine best number of threads.
 70  TN+F+R2       1279.561     16  2591.123     2592.249     2658.556
WARNING: Number of threads seems too high for short alignments. Use -nt AUTO to determine best number of threads.
 71  TN+F+R3       1279.534     18  2595.069     2596.491     2670.931
WARNING: Number of threads seems too high for short alignments. Use -nt AUTO to determine best number of threads.
 79  K3P           1298.446     11  2618.892     2619.433     2665.252
WARNING: Number of threads seems too high for short alignments. Use -nt AUTO to determine best number of threads.
 80  K3P+I         1296.934     12  2617.868     2618.509     2668.444
WARNING: Number of threads seems too high for short alignments. Use -nt AUTO to determine best number of threads.
 81  K3P+G4        1296.858     12  2617.715     2618.356     2668.290
WARNING: Number of threads seems too high for short alignments. Use -nt AUTO to determine best number of threads.
 82  K3P+I+G4      1296.959     13  2619.919     2620.668     2674.709
WARNING: Number of threads seems too high for short alignments. Use -nt AUTO to determine best number of threads.
 83  K3P+R2        1296.895     13  2619.791     2620.540     2674.581
WARNING: Number of threads seems too high for short alignments. Use -nt AUTO to determine best number of threads.
 84  K3P+R3        1296.865     15  2623.730     2624.722     2686.949
WARNING: Number of threads seems too high for short alignments. Use -nt AUTO to determine best number of threads.
 92  K3Pu+F        1281.299     14  2590.597     2591.463     2649.602
WARNING: Number of threads seems too high for short alignments. Use -nt AUTO to determine best number of threads.
 93  K3Pu+F+I      1279.878     15  2589.756     2590.748     2652.975
WARNING: Number of threads seems too high for short alignments. Use -nt AUTO to determine best number of threads.
 94  K3Pu+F+G4     1279.782     15  2589.565     2590.557     2652.784
WARNING: Number of threads seems too high for short alignments. Use -nt AUTO to determine best number of threads.
 95  K3Pu+F+I+G4   1279.921     16  2591.842     2592.968     2659.276
WARNING: Number of threads seems too high for short alignments. Use -nt AUTO to determine best number of threads.
 96  K3Pu+F+R2     1279.821     16  2591.643     2592.769     2659.077
WARNING: Number of threads seems too high for short alignments. Use -nt AUTO to determine best number of threads.
 97  K3Pu+F+R3     1279.792     18  2595.585     2597.007     2671.447
WARNING: Number of threads seems too high for short alignments. Use -nt AUTO to determine best number of threads.
105  TPM2+F        1280.833     14  2589.666     2590.532     2648.671
WARNING: Number of threads seems too high for short alignments. Use -nt AUTO to determine best number of threads.
106  TPM2+F+I      1279.433     15  2588.865     2589.857     2652.084
WARNING: Number of threads seems too high for short alignments. Use -nt AUTO to determine best number of threads.
107  TPM2+F+G4     1279.347     15  2588.693     2589.685     2651.913
WARNING: Number of threads seems too high for short alignments. Use -nt AUTO to determine best number of threads.
108  TPM2+F+I+G4   1279.473     16  2590.945     2592.072     2658.379
WARNING: Number of threads seems too high for short alignments. Use -nt AUTO to determine best number of threads.
109  TPM2+F+R2     1279.378     16  2590.757     2591.883     2658.190
WARNING: Number of threads seems too high for short alignments. Use -nt AUTO to determine best number of threads.
110  TPM2+F+R3     1279.354     18  2594.709     2596.131     2670.571
WARNING: Number of threads seems too high for short alignments. Use -nt AUTO to determine best number of threads.
118  TPM2u+F       1280.833     14  2589.667     2590.533     2648.671
WARNING: Number of threads seems too high for short alignments. Use -nt AUTO to determine best number of threads.
119  TPM2u+F+I     1279.431     15  2588.863     2589.854     2652.082
WARNING: Number of threads seems too high for short alignments. Use -nt AUTO to determine best number of threads.
120  TPM2u+F+G4    1279.347     15  2588.693     2589.685     2651.912
WARNING: Number of threads seems too high for short alignments. Use -nt AUTO to determine best number of threads.
121  TPM2u+F+I+G4  1279.470     16  2590.941     2592.067     2658.374
WARNING: Number of threads seems too high for short alignments. Use -nt AUTO to determine best number of threads.
122  TPM2u+F+R2    1279.378     16  2590.756     2591.882     2658.190
WARNING: Number of threads seems too high for short alignments. Use -nt AUTO to determine best number of threads.
123  TPM2u+F+R3    1279.354     18  2594.707     2596.129     2670.570
WARNING: Number of threads seems too high for short alignments. Use -nt AUTO to determine best number of threads.
131  TPM3+F        1280.272     14  2588.544     2589.410     2647.548
WARNING: Number of threads seems too high for short alignments. Use -nt AUTO to determine best number of threads.
132  TPM3+F+I      1278.886     15  2587.771     2588.763     2650.991
WARNING: Number of threads seems too high for short alignments. Use -nt AUTO to determine best number of threads.
133  TPM3+F+G4     1278.802     15  2587.605     2588.596     2650.824
WARNING: Number of threads seems too high for short alignments. Use -nt AUTO to determine best number of threads.
134  TPM3+F+I+G4   1278.931     16  2589.862     2590.989     2657.296
WARNING: Number of threads seems too high for short alignments. Use -nt AUTO to determine best number of threads.
135  TPM3+F+R2     1278.833     16  2589.665     2590.792     2657.099
WARNING: Number of threads seems too high for short alignments. Use -nt AUTO to determine best number of threads.
136  TPM3+F+R3     1278.809     18  2593.619     2595.041     2669.481
WARNING: Number of threads seems too high for short alignments. Use -nt AUTO to determine best number of threads.
144  TPM3u+F       1280.272     14  2588.544     2589.410     2647.549
WARNING: Number of threads seems too high for short alignments. Use -nt AUTO to determine best number of threads.
145  TPM3u+F+I     1278.886     15  2587.772     2588.764     2650.991
WARNING: Number of threads seems too high for short alignments. Use -nt AUTO to determine best number of threads.
146  TPM3u+F+G4    1278.802     15  2587.605     2588.597     2650.824
WARNING: Number of threads seems too high for short alignments. Use -nt AUTO to determine best number of threads.
147  TPM3u+F+I+G4  1278.929     16  2589.858     2590.984     2657.291
WARNING: Number of threads seems too high for short alignments. Use -nt AUTO to determine best number of threads.
148  TPM3u+F+R2    1278.832     16  2589.665     2590.791     2657.099
WARNING: Number of threads seems too high for short alignments. Use -nt AUTO to determine best number of threads.
149  TPM3u+F+R3    1278.809     18  2593.618     2595.040     2669.481
WARNING: Number of threads seems too high for short alignments. Use -nt AUTO to determine best number of threads.
157  TIMe          1298.078     12  2620.155     2620.796     2670.731
WARNING: Number of threads seems too high for short alignments. Use -nt AUTO to determine best number of threads.
158  TIMe+I        1296.496     13  2618.992     2619.741     2673.782
WARNING: Number of threads seems too high for short alignments. Use -nt AUTO to determine best number of threads.
159  TIMe+G4       1296.442     13  2618.885     2619.634     2673.675
WARNING: Number of threads seems too high for short alignments. Use -nt AUTO to determine best number of threads.
160  TIMe+I+G4     1296.504     14  2621.007     2621.873     2680.012
WARNING: Number of threads seems too high for short alignments. Use -nt AUTO to determine best number of threads.
161  TIMe+R2       1296.468     14  2620.937     2621.803     2679.941
WARNING: Number of threads seems too high for short alignments. Use -nt AUTO to determine best number of threads.
162  TIMe+R3       1296.448     16  2624.895     2626.022     2692.329
WARNING: Number of threads seems too high for short alignments. Use -nt AUTO to determine best number of threads.
170  TIM+F         1281.025     15  2592.051     2593.042     2655.270
WARNING: Number of threads seems too high for short alignments. Use -nt AUTO to determine best number of threads.
171  TIM+F+I       1279.561     16  2591.123     2592.249     2658.557
WARNING: Number of threads seems too high for short alignments. Use -nt AUTO to determine best number of threads.
172  TIM+F+G4      1279.488     16  2590.977     2592.103     2658.410
WARNING: Number of threads seems too high for short alignments. Use -nt AUTO to determine best number of threads.
173  TIM+F+I+G4    1279.586     17  2593.173     2594.443     2664.821
WARNING: Number of threads seems too high for short alignments. Use -nt AUTO to determine best number of threads.
174  TIM+F+R2      1279.516     17  2593.031     2594.301     2664.679
WARNING: Number of threads seems too high for short alignments. Use -nt AUTO to determine best number of threads.
175  TIM+F+R3      1279.493     19  2596.986     2598.570     2677.064
WARNING: Number of threads seems too high for short alignments. Use -nt AUTO to determine best number of threads.
183  TIM2e         1296.232     12  2616.465     2617.105     2667.040
WARNING: Number of threads seems too high for short alignments. Use -nt AUTO to determine best number of threads.
184  TIM2e+I       1294.580     13  2615.160     2615.909     2669.950
WARNING: Number of threads seems too high for short alignments. Use -nt AUTO to determine best number of threads.
185  TIM2e+G4      1294.539     13  2615.078     2615.827     2669.868
WARNING: Number of threads seems too high for short alignments. Use -nt AUTO to determine best number of threads.
186  TIM2e+I+G4    1294.583     14  2617.167     2618.033     2676.171
WARNING: Number of threads seems too high for short alignments. Use -nt AUTO to determine best number of threads.
187  TIM2e+R2      1294.559     14  2617.118     2617.984     2676.123
WARNING: Number of threads seems too high for short alignments. Use -nt AUTO to determine best number of threads.
188  TIM2e+R3      1294.542     16  2621.083     2622.209     2688.517
WARNING: Number of threads seems too high for short alignments. Use -nt AUTO to determine best number of threads.
196  TIM2+F        1280.563     15  2591.127     2592.118     2654.346
WARNING: Number of threads seems too high for short alignments. Use -nt AUTO to determine best number of threads.
197  TIM2+F+I      1279.112     16  2590.223     2591.350     2657.657
WARNING: Number of threads seems too high for short alignments. Use -nt AUTO to determine best number of threads.
198  TIM2+F+G4     1279.050     16  2590.099     2591.226     2657.533
WARNING: Number of threads seems too high for short alignments. Use -nt AUTO to determine best number of threads.
199  TIM2+F+I+G4   1279.136     17  2592.271     2593.541     2663.920
WARNING: Number of threads seems too high for short alignments. Use -nt AUTO to determine best number of threads.
200  TIM2+F+R2     1279.070     17  2592.140     2593.410     2663.788
WARNING: Number of threads seems too high for short alignments. Use -nt AUTO to determine best number of threads.
201  TIM2+F+R3     1279.053     19  2596.105     2597.688     2676.183
WARNING: Number of threads seems too high for short alignments. Use -nt AUTO to determine best number of threads.
209  TIM3e         1297.823     12  2619.647     2620.287     2670.222
WARNING: Number of threads seems too high for short alignments. Use -nt AUTO to determine best number of threads.
210  TIM3e+I       1296.300     13  2618.599     2619.348     2673.389
WARNING: Number of threads seems too high for short alignments. Use -nt AUTO to determine best number of threads.
211  TIM3e+G4      1296.254     13  2618.509     2619.258     2673.299
WARNING: Number of threads seems too high for short alignments. Use -nt AUTO to determine best number of threads.
212  TIM3e+I+G4    1296.312     14  2620.623     2621.489     2679.628
WARNING: Number of threads seems too high for short alignments. Use -nt AUTO to determine best number of threads.
213  TIM3e+R2      1296.269     14  2620.539     2621.405     2679.543
WARNING: Number of threads seems too high for short alignments. Use -nt AUTO to determine best number of threads.
214  TIM3e+R3      1296.256     16  2624.511     2625.638     2691.945
WARNING: Number of threads seems too high for short alignments. Use -nt AUTO to determine best number of threads.
222  TIM3+F        1280.000     15  2590.000     2590.992     2653.220
WARNING: Number of threads seems too high for short alignments. Use -nt AUTO to determine best number of threads.
223  TIM3+F+I      1278.564     16  2589.129     2590.255     2656.562
WARNING: Number of threads seems too high for short alignments. Use -nt AUTO to determine best number of threads.
224  TIM3+F+G4     1278.503     16  2589.006     2590.133     2656.440
WARNING: Number of threads seems too high for short alignments. Use -nt AUTO to determine best number of threads.
225  TIM3+F+I+G4   1278.592     17  2591.184     2592.454     2662.833
WARNING: Number of threads seems too high for short alignments. Use -nt AUTO to determine best number of threads.
226  TIM3+F+R2     1278.523     17  2591.046     2592.316     2662.694
WARNING: Number of threads seems too high for short alignments. Use -nt AUTO to determine best number of threads.
227  TIM3+F+R3     1278.506     19  2595.013     2596.596     2675.090
WARNING: Number of threads seems too high for short alignments. Use -nt AUTO to determine best number of threads.
235  TVMe          1296.333     13  2618.665     2619.414     2673.455
WARNING: Number of threads seems too high for short alignments. Use -nt AUTO to determine best number of threads.
236  TVMe+I        1294.790     14  2617.579     2618.445     2676.584
WARNING: Number of threads seems too high for short alignments. Use -nt AUTO to determine best number of threads.
237  TVMe+G4       1294.732     14  2617.464     2618.330     2676.469
WARNING: Number of threads seems too high for short alignments. Use -nt AUTO to determine best number of threads.
238  TVMe+I+G4     1294.799     15  2619.598     2620.590     2682.817
WARNING: Number of threads seems too high for short alignments. Use -nt AUTO to determine best number of threads.
239  TVMe+R2       1294.752     15  2619.504     2620.496     2682.723
WARNING: Number of threads seems too high for short alignments. Use -nt AUTO to determine best number of threads.
240  TVMe+R3       1294.735     17  2623.469     2624.739     2695.117
WARNING: Number of threads seems too high for short alignments. Use -nt AUTO to determine best number of threads.
248  TVM+F         1279.759     16  2591.518     2592.644     2658.952
WARNING: Number of threads seems too high for short alignments. Use -nt AUTO to determine best number of threads.
249  TVM+F+I       1278.389     17  2590.777     2592.047     2662.426
WARNING: Number of threads seems too high for short alignments. Use -nt AUTO to determine best number of threads.
250  TVM+F+G4      1278.318     17  2590.637     2591.906     2662.285
WARNING: Number of threads seems too high for short alignments. Use -nt AUTO to determine best number of threads.
251  TVM+F+I+G4    1278.423     18  2592.845     2594.267     2668.708
WARNING: Number of threads seems too high for short alignments. Use -nt AUTO to determine best number of threads.
252  TVM+F+R2      1278.343     18  2592.686     2594.108     2668.549
WARNING: Number of threads seems too high for short alignments. Use -nt AUTO to determine best number of threads.
253  TVM+F+R3      1278.323     20  2596.647     2598.401     2680.939
WARNING: Number of threads seems too high for short alignments. Use -nt AUTO to determine best number of threads.
261  SYM           1295.966     14  2619.932     2620.798     2678.937
WARNING: Number of threads seems too high for short alignments. Use -nt AUTO to determine best number of threads.
262  SYM+I         1294.375     15  2618.751     2619.742     2681.970
WARNING: Number of threads seems too high for short alignments. Use -nt AUTO to determine best number of threads.
263  SYM+G4        1294.339     15  2618.678     2619.670     2681.897
WARNING: Number of threads seems too high for short alignments. Use -nt AUTO to determine best number of threads.
264  SYM+I+G4      1294.379     16  2620.758     2621.885     2688.192
WARNING: Number of threads seems too high for short alignments. Use -nt AUTO to determine best number of threads.
265  SYM+R2        1294.350     16  2620.701     2621.827     2688.134
WARNING: Number of threads seems too high for short alignments. Use -nt AUTO to determine best number of threads.
266  SYM+R3        1294.340     18  2624.680     2626.102     2700.543
WARNING: Number of threads seems too high for short alignments. Use -nt AUTO to determine best number of threads.
274  GTR+F         1279.492     17  2592.984     2594.254     2664.633
WARNING: Number of threads seems too high for short alignments. Use -nt AUTO to determine best number of threads.
275  GTR+F+I       1278.066     18  2592.131     2593.553     2667.994
WARNING: Number of threads seems too high for short alignments. Use -nt AUTO to determine best number of threads.
276  GTR+F+G4      1278.017     18  2592.033     2593.455     2667.896
WARNING: Number of threads seems too high for short alignments. Use -nt AUTO to determine best number of threads.
277  GTR+F+I+G4    1278.090     19  2594.179     2595.763     2674.257
WARNING: Number of threads seems too high for short alignments. Use -nt AUTO to determine best number of threads.
278  GTR+F+R2      1278.031     19  2594.061     2595.644     2674.139
WARNING: Number of threads seems too high for short alignments. Use -nt AUTO to determine best number of threads.
279  GTR+F+R3      1278.018     21  2598.037     2599.970     2686.543
Akaike Information Criterion:           TPM3+F+G4
Corrected Akaike Information Criterion: HKY+F+G4
Bayesian Information Criterion:         HKY+F
Best-fit model: HKY+F chosen according to BIC

All model information printed to examples/6taxon_100genes_4cores//aln_seqs/1_seqgen25.nex.aln.model.gz
CPU time for ModelFinder: 1.385 seconds (0h:0m:1s)
Wall-clock time for ModelFinder: 34.443 seconds (0h:0m:34s)
Generating 1000 samples for ultrafast bootstrap (seed: 808133)...

NOTE: 0 MB RAM (0 GB) is required!
WARNING: Number of threads seems too high for short alignments. Use -nt AUTO to determine best number of threads.
Estimate model parameters (epsilon = 0.100)
1. Initial log-likelihood: -1297.951
2. Current log-likelihood: -1281.341
Optimal log-likelihood: -1281.338
Rate parameters:  A-C: 1.00000  A-G: 3.06538  A-T: 1.00000  C-G: 1.00000  C-T: 3.06538  G-T: 1.00000
Base frequencies:  A: 0.319  C: 0.197  G: 0.182  T: 0.302
Parameters optimization took 2 rounds (0.505 sec)
Computing ML distances based on estimated model parameters... 0.001 sec
Computing BIONJ tree...
0.134 seconds
Log-likelihood of BIONJ tree: -1281.338
--------------------------------------------------------------------
|             INITIALIZING CANDIDATE TREE SET                      |
--------------------------------------------------------------------
Generating 99 parsimony trees... 0.829 second
Computing log-likelihood of 6 initial trees ... 0.963 seconds
Current best score: -1281.338

Do NNI search on 7 best initial trees
Finish initializing candidate tree set (7)
Current best tree score: -1281.338 / CPU time: 5.511
Number of iterations: 7
--------------------------------------------------------------------
|               OPTIMIZING CANDIDATE TREE SET                      |
--------------------------------------------------------------------
UPDATE BEST LOG-LIKELIHOOD: -1281.338
Iteration 10 / LogL: -1281.338 / Time: 0h:0m:9s
Iteration 20 / LogL: -1281.949 / Time: 0h:0m:17s
Iteration 30 / LogL: -1281.339 / Time: 0h:0m:25s (0h:1m:1s left)
Iteration 40 / LogL: -1281.339 / Time: 0h:0m:34s (0h:0m:53s left)
Iteration 50 / LogL: -1281.339 / Time: 0h:0m:42s (0h:0m:43s left)
Log-likelihood cutoff on original alignment: -1297.314
Iteration 60 / LogL: -1281.341 / Time: 0h:0m:51s (0h:0m:34s left)
Iteration 70 / LogL: -1281.339 / Time: 0h:0m:59s (0h:0m:25s left)
Iteration 80 / LogL: -1281.339 / Time: 0h:1m:8s (0h:0m:17s left)
Iteration 90 / LogL: -1281.949 / Time: 0h:1m:16s (0h:0m:8s left)
Iteration 100 / LogL: -1281.341 / Time: 0h:1m:25s (0h:0m:0s left)
Log-likelihood cutoff on original alignment: -1297.406
NOTE: Bootstrap correlation coefficient of split occurrence frequencies: 1.000
TREE SEARCH COMPLETED AFTER 101 ITERATIONS / Time: 0h:1m:26s

--------------------------------------------------------------------
|                    FINALIZING TREE SEARCH                        |
--------------------------------------------------------------------
Performs final model parameters optimization
Estimate model parameters (epsilon = 0.010)
1. Initial log-likelihood: -1281.338
Optimal log-likelihood: -1281.338
Rate parameters:  A-C: 1.00000  A-G: 3.06538  A-T: 1.00000  C-G: 1.00000  C-T: 3.06538  G-T: 1.00000
Base frequencies:  A: 0.319  C: 0.197  G: 0.182  T: 0.302
Parameters optimization took 1 rounds (0.164 sec)
BEST SCORE FOUND : -1281.338
Creating bootstrap support values...
Split supports printed to NEXUS file examples/6taxon_100genes_4cores//aln_seqs/1_seqgen25.nex.aln.splits.nex
Total tree length: 0.238

Total number of iterations: 101
CPU time used for tree search: 3.201 sec (0h:0m:3s)
Wall-clock time used for tree search: 85.302 sec (0h:1m:25s)
Total CPU time used: 3.286 sec (0h:0m:3s)
Total wall-clock time used: 88.060 sec (0h:1m:28s)

Computing bootstrap consensus tree...
Reading input file examples/6taxon_100genes_4cores//aln_seqs/1_seqgen25.nex.aln.splits.nex...
6 taxa and 23 splits.
Consensus tree written to examples/6taxon_100genes_4cores//aln_seqs/1_seqgen25.nex.aln.contree
Reading input trees file examples/6taxon_100genes_4cores//aln_seqs/1_seqgen25.nex.aln.contree
Log-likelihood of consensus tree: -1281.338

Analysis results written to: 
  IQ-TREE report:                examples/6taxon_100genes_4cores//aln_seqs/1_seqgen25.nex.aln.iqtree
  Maximum-likelihood tree:       examples/6taxon_100genes_4cores//aln_seqs/1_seqgen25.nex.aln.treefile
  Likelihood distances:          examples/6taxon_100genes_4cores//aln_seqs/1_seqgen25.nex.aln.mldist

Ultrafast bootstrap approximation results written to:
  Split support values:          examples/6taxon_100genes_4cores//aln_seqs/1_seqgen25.nex.aln.splits.nex
  Consensus tree:                examples/6taxon_100genes_4cores//aln_seqs/1_seqgen25.nex.aln.contree
  Screen log file:               examples/6taxon_100genes_4cores//aln_seqs/1_seqgen25.nex.aln.log

Date and Time: Fri Jan 11 12:18:06 2019
