IQ-TREE multicore version 1.6.8 for Linux 64-bit built Oct 28 2018
Developed by Bui Quang Minh, Nguyen Lam Tung, Olga Chernomor,
Heiko Schmidt, Dominik Schrempf, Michael Woodhams.

Host:    sango11411.oist.jp (AVX2, FMA3, 125 GB RAM)
Command: iqtree -s examples/6taxon_100genes_4cores//aln_seqs/1_seqgen8.nex.aln -bb 1000 -redo -nt 3 -m MFP
Seed:    824305 (Using SPRNG - Scalable Parallel Random Number Generator)
Time:    Fri Jan 11 12:16:09 2019
Kernel:  AVX+FMA - 3 threads (24 CPU cores detected)

Reading alignment file examples/6taxon_100genes_4cores//aln_seqs/1_seqgen8.nex.aln ... Fasta format detected
Alignment most likely contains DNA/RNA sequences
Alignment has 6 sequences with 500 columns, 59 distinct patterns
32 parsimony-informative, 70 singleton sites, 398 constant sites
   Gap/Ambiguity  Composition  p-value
   1  F    0.00%    passed     95.18%
   2  E    0.00%    passed     93.52%
   3  C    0.00%    passed     93.54%
   4  D    0.00%    passed     99.00%
   5  A    0.00%    passed     99.26%
   6  B    0.00%    passed     99.15%
****  TOTAL    0.00%  0 sequences failed composition chi2 test (p-value<5%; df=3)


Create initial parsimony tree by phylogenetic likelihood library (PLL)... 0.000 seconds
NOTE: ModelFinder requires 0 MB RAM!
ModelFinder will test 286 DNA models (sample size: 500) ...
 No. Model         -LnL         df  AIC          AICc         BIC
WARNING: Number of threads seems too high for short alignments. Use -nt AUTO to determine best number of threads.
  1  JC            1304.462     9   2626.924     2627.291     2664.856
WARNING: Number of threads seems too high for short alignments. Use -nt AUTO to determine best number of threads.
  2  JC+I          1304.455     10  2628.910     2629.360     2671.056
WARNING: Number of threads seems too high for short alignments. Use -nt AUTO to determine best number of threads.
  3  JC+G4         1304.462     10  2628.924     2629.374     2671.070
WARNING: Number of threads seems too high for short alignments. Use -nt AUTO to determine best number of threads.
  4  JC+I+G4       1305.796     11  2633.591     2634.132     2679.952
WARNING: Number of threads seems too high for short alignments. Use -nt AUTO to determine best number of threads.
  5  JC+R2         1304.842     11  2631.684     2632.225     2678.045
WARNING: Number of threads seems too high for short alignments. Use -nt AUTO to determine best number of threads.
  6  JC+R3         1304.704     13  2635.408     2636.157     2690.198
WARNING: Number of threads seems too high for short alignments. Use -nt AUTO to determine best number of threads.
 14  F81+F         1284.878     12  2593.757     2594.398     2644.332
WARNING: Number of threads seems too high for short alignments. Use -nt AUTO to determine best number of threads.
 15  F81+F+I       1284.878     13  2595.756     2596.505     2650.546
WARNING: Number of threads seems too high for short alignments. Use -nt AUTO to determine best number of threads.
 16  F81+F+G4      1284.879     13  2595.757     2596.506     2650.547
WARNING: Number of threads seems too high for short alignments. Use -nt AUTO to determine best number of threads.
 17  F81+F+I+G4    1286.339     14  2600.678     2601.544     2659.682
WARNING: Number of threads seems too high for short alignments. Use -nt AUTO to determine best number of threads.
 18  F81+F+R2      1285.263     14  2598.527     2599.393     2657.531
WARNING: Number of threads seems too high for short alignments. Use -nt AUTO to determine best number of threads.
 19  F81+F+R3      1285.118     16  2602.236     2603.363     2669.670
WARNING: Number of threads seems too high for short alignments. Use -nt AUTO to determine best number of threads.
 27  K2P           1273.854     10  2567.708     2568.158     2609.855
WARNING: Number of threads seems too high for short alignments. Use -nt AUTO to determine best number of threads.
 28  K2P+I         1273.793     11  2569.585     2570.126     2615.946
WARNING: Number of threads seems too high for short alignments. Use -nt AUTO to determine best number of threads.
 29  K2P+G4        1273.822     11  2569.644     2570.185     2616.004
WARNING: Number of threads seems too high for short alignments. Use -nt AUTO to determine best number of threads.
 30  K2P+I+G4      1274.654     12  2573.307     2573.948     2623.882
WARNING: Number of threads seems too high for short alignments. Use -nt AUTO to determine best number of threads.
 31  K2P+R2        1273.922     12  2571.843     2572.484     2622.418
WARNING: Number of threads seems too high for short alignments. Use -nt AUTO to determine best number of threads.
 32  K2P+R3        1273.857     14  2575.713     2576.579     2634.718
WARNING: Number of threads seems too high for short alignments. Use -nt AUTO to determine best number of threads.
 40  HKY+F         1251.527     13  2529.053     2529.802     2583.843
WARNING: Number of threads seems too high for short alignments. Use -nt AUTO to determine best number of threads.
 41  HKY+F+I       1251.500     14  2531.000     2531.866     2590.004
WARNING: Number of threads seems too high for short alignments. Use -nt AUTO to determine best number of threads.
 42  HKY+F+G4      1251.517     14  2531.033     2531.899     2590.038
WARNING: Number of threads seems too high for short alignments. Use -nt AUTO to determine best number of threads.
 43  HKY+F+I+G4    1252.541     15  2535.083     2536.074     2598.302
WARNING: Number of threads seems too high for short alignments. Use -nt AUTO to determine best number of threads.
 44  HKY+F+R2      1251.657     15  2533.315     2534.306     2596.534
WARNING: Number of threads seems too high for short alignments. Use -nt AUTO to determine best number of threads.
 45  HKY+F+R3      1251.581     17  2537.162     2538.432     2608.811
WARNING: Number of threads seems too high for short alignments. Use -nt AUTO to determine best number of threads.
 53  TNe           1273.565     11  2569.129     2569.670     2615.490
WARNING: Number of threads seems too high for short alignments. Use -nt AUTO to determine best number of threads.
 54  TNe+I         1273.487     12  2570.973     2571.614     2621.549
WARNING: Number of threads seems too high for short alignments. Use -nt AUTO to determine best number of threads.
 55  TNe+G4        1273.526     12  2571.053     2571.694     2621.628
WARNING: Number of threads seems too high for short alignments. Use -nt AUTO to determine best number of threads.
 56  TNe+I+G4      1274.217     13  2574.434     2575.183     2629.224
WARNING: Number of threads seems too high for short alignments. Use -nt AUTO to determine best number of threads.
 57  TNe+R2        1273.579     13  2573.159     2573.908     2627.949
WARNING: Number of threads seems too high for short alignments. Use -nt AUTO to determine best number of threads.
 58  TNe+R3        1273.535     15  2577.071     2578.063     2640.290
WARNING: Number of threads seems too high for short alignments. Use -nt AUTO to determine best number of threads.
 66  TN+F          1250.916     14  2529.833     2530.699     2588.837
WARNING: Number of threads seems too high for short alignments. Use -nt AUTO to determine best number of threads.
 67  TN+F+I        1250.868     15  2531.736     2532.727     2594.955
WARNING: Number of threads seems too high for short alignments. Use -nt AUTO to determine best number of threads.
 68  TN+F+G4       1250.899     15  2531.798     2532.790     2595.017
WARNING: Number of threads seems too high for short alignments. Use -nt AUTO to determine best number of threads.
 69  TN+F+I+G4     1251.675     16  2535.349     2536.476     2602.783
WARNING: Number of threads seems too high for short alignments. Use -nt AUTO to determine best number of threads.
 70  TN+F+R2       1250.978     16  2533.956     2535.082     2601.389
WARNING: Number of threads seems too high for short alignments. Use -nt AUTO to determine best number of threads.
 71  TN+F+R3       1250.926     18  2537.852     2539.274     2613.715
WARNING: Number of threads seems too high for short alignments. Use -nt AUTO to determine best number of threads.
 79  K3P           1272.947     11  2567.893     2568.434     2614.254
WARNING: Number of threads seems too high for short alignments. Use -nt AUTO to determine best number of threads.
 80  K3P+I         1272.884     12  2569.768     2570.408     2620.343
WARNING: Number of threads seems too high for short alignments. Use -nt AUTO to determine best number of threads.
 81  K3P+G4        1272.909     12  2569.818     2570.459     2620.393
WARNING: Number of threads seems too high for short alignments. Use -nt AUTO to determine best number of threads.
 82  K3P+I+G4      1273.588     13  2573.176     2573.925     2627.966
WARNING: Number of threads seems too high for short alignments. Use -nt AUTO to determine best number of threads.
 83  K3P+R2        1272.951     13  2571.902     2572.651     2626.692
WARNING: Number of threads seems too high for short alignments. Use -nt AUTO to determine best number of threads.
 84  K3P+R3        1272.917     15  2575.834     2576.826     2639.053
WARNING: Number of threads seems too high for short alignments. Use -nt AUTO to determine best number of threads.
 92  K3Pu+F        1251.066     14  2530.132     2530.998     2589.136
WARNING: Number of threads seems too high for short alignments. Use -nt AUTO to determine best number of threads.
 93  K3Pu+F+I      1251.038     15  2532.077     2533.069     2595.296
WARNING: Number of threads seems too high for short alignments. Use -nt AUTO to determine best number of threads.
 94  K3Pu+F+G4     1251.054     15  2532.108     2533.100     2595.327
WARNING: Number of threads seems too high for short alignments. Use -nt AUTO to determine best number of threads.
 95  K3Pu+F+I+G4   1251.907     16  2535.814     2536.940     2603.248
WARNING: Number of threads seems too high for short alignments. Use -nt AUTO to determine best number of threads.
 96  K3Pu+F+R2     1251.132     16  2534.264     2535.390     2601.697
WARNING: Number of threads seems too high for short alignments. Use -nt AUTO to determine best number of threads.
 97  K3Pu+F+R3     1251.086     18  2538.171     2539.593     2614.034
WARNING: Number of threads seems too high for short alignments. Use -nt AUTO to determine best number of threads.
105  TPM2+F        1251.336     14  2530.673     2531.539     2589.677
WARNING: Number of threads seems too high for short alignments. Use -nt AUTO to determine best number of threads.
106  TPM2+F+I      1251.311     15  2532.621     2533.613     2595.840
WARNING: Number of threads seems too high for short alignments. Use -nt AUTO to determine best number of threads.
107  TPM2+F+G4     1251.326     15  2532.651     2533.643     2595.870
WARNING: Number of threads seems too high for short alignments. Use -nt AUTO to determine best number of threads.
108  TPM2+F+I+G4   1252.153     16  2536.306     2537.432     2603.740
WARNING: Number of threads seems too high for short alignments. Use -nt AUTO to determine best number of threads.
109  TPM2+F+R2     1251.394     16  2534.788     2535.914     2602.222
WARNING: Number of threads seems too high for short alignments. Use -nt AUTO to determine best number of threads.
110  TPM2+F+R3     1251.354     18  2538.707     2540.129     2614.570
WARNING: Number of threads seems too high for short alignments. Use -nt AUTO to determine best number of threads.
118  TPM2u+F       1251.336     14  2530.672     2531.538     2589.676
WARNING: Number of threads seems too high for short alignments. Use -nt AUTO to determine best number of threads.
119  TPM2u+F+I     1251.310     15  2532.619     2533.611     2595.839
WARNING: Number of threads seems too high for short alignments. Use -nt AUTO to determine best number of threads.
120  TPM2u+F+G4    1251.325     15  2532.651     2533.642     2595.870
WARNING: Number of threads seems too high for short alignments. Use -nt AUTO to determine best number of threads.
121  TPM2u+F+I+G4  1252.124     16  2536.248     2537.374     2603.682
WARNING: Number of threads seems too high for short alignments. Use -nt AUTO to determine best number of threads.
122  TPM2u+F+R2    1251.384     16  2534.769     2535.895     2602.202
WARNING: Number of threads seems too high for short alignments. Use -nt AUTO to determine best number of threads.
123  TPM2u+F+R3    1251.349     18  2538.697     2540.119     2614.560
WARNING: Number of threads seems too high for short alignments. Use -nt AUTO to determine best number of threads.
131  TPM3+F        1251.144     14  2530.288     2531.154     2589.292
WARNING: Number of threads seems too high for short alignments. Use -nt AUTO to determine best number of threads.
132  TPM3+F+I      1251.115     15  2532.230     2533.221     2595.449
WARNING: Number of threads seems too high for short alignments. Use -nt AUTO to determine best number of threads.
133  TPM3+F+G4     1251.134     15  2532.269     2533.260     2595.488
WARNING: Number of threads seems too high for short alignments. Use -nt AUTO to determine best number of threads.
134  TPM3+F+I+G4   1251.884     16  2535.768     2536.894     2603.202
WARNING: Number of threads seems too high for short alignments. Use -nt AUTO to determine best number of threads.
135  TPM3+F+R2     1251.184     16  2534.368     2535.495     2601.802
WARNING: Number of threads seems too high for short alignments. Use -nt AUTO to determine best number of threads.
136  TPM3+F+R3     1251.152     18  2538.304     2539.726     2614.167
WARNING: Number of threads seems too high for short alignments. Use -nt AUTO to determine best number of threads.
144  TPM3u+F       1251.144     14  2530.289     2531.155     2589.293
WARNING: Number of threads seems too high for short alignments. Use -nt AUTO to determine best number of threads.
145  TPM3u+F+I     1251.115     15  2532.229     2533.221     2595.449
WARNING: Number of threads seems too high for short alignments. Use -nt AUTO to determine best number of threads.
146  TPM3u+F+G4    1251.134     15  2532.268     2533.260     2595.488
WARNING: Number of threads seems too high for short alignments. Use -nt AUTO to determine best number of threads.
147  TPM3u+F+I+G4  1251.859     16  2535.718     2536.844     2603.151
WARNING: Number of threads seems too high for short alignments. Use -nt AUTO to determine best number of threads.
148  TPM3u+F+R2    1251.177     16  2534.355     2535.481     2601.788
WARNING: Number of threads seems too high for short alignments. Use -nt AUTO to determine best number of threads.
149  TPM3u+F+R3    1251.149     18  2538.297     2539.719     2614.160
WARNING: Number of threads seems too high for short alignments. Use -nt AUTO to determine best number of threads.
157  TIMe          1272.654     12  2569.309     2569.949     2619.884
WARNING: Number of threads seems too high for short alignments. Use -nt AUTO to determine best number of threads.
158  TIMe+I        1272.575     13  2571.151     2571.900     2625.941
WARNING: Number of threads seems too high for short alignments. Use -nt AUTO to determine best number of threads.
159  TIMe+G4       1272.610     13  2571.220     2571.969     2626.010
WARNING: Number of threads seems too high for short alignments. Use -nt AUTO to determine best number of threads.
160  TIMe+I+G4     1273.085     14  2574.171     2575.037     2633.175
WARNING: Number of threads seems too high for short alignments. Use -nt AUTO to determine best number of threads.
161  TIMe+R2       1272.613     14  2573.227     2574.093     2632.231
WARNING: Number of threads seems too high for short alignments. Use -nt AUTO to determine best number of threads.
162  TIMe+R3       1272.602     16  2577.204     2578.330     2644.638
WARNING: Number of threads seems too high for short alignments. Use -nt AUTO to determine best number of threads.
170  TIM+F         1250.453     15  2530.905     2531.897     2594.125
WARNING: Number of threads seems too high for short alignments. Use -nt AUTO to determine best number of threads.
171  TIM+F+I       1250.402     16  2532.804     2533.931     2600.238
WARNING: Number of threads seems too high for short alignments. Use -nt AUTO to determine best number of threads.
172  TIM+F+G4      1250.432     16  2532.865     2533.991     2600.299
WARNING: Number of threads seems too high for short alignments. Use -nt AUTO to determine best number of threads.
173  TIM+F+I+G4    1251.007     17  2536.014     2537.284     2607.662
WARNING: Number of threads seems too high for short alignments. Use -nt AUTO to determine best number of threads.
174  TIM+F+R2      1250.451     17  2534.901     2536.171     2606.550
WARNING: Number of threads seems too high for short alignments. Use -nt AUTO to determine best number of threads.
175  TIM+F+R3      1250.432     19  2538.863     2540.447     2618.941
WARNING: Number of threads seems too high for short alignments. Use -nt AUTO to determine best number of threads.
183  TIM2e         1272.611     12  2569.222     2569.863     2619.797
WARNING: Number of threads seems too high for short alignments. Use -nt AUTO to determine best number of threads.
184  TIM2e+I       1272.511     13  2571.022     2571.771     2625.812
WARNING: Number of threads seems too high for short alignments. Use -nt AUTO to determine best number of threads.
185  TIM2e+G4      1272.551     13  2571.102     2571.851     2625.892
WARNING: Number of threads seems too high for short alignments. Use -nt AUTO to determine best number of threads.
186  TIM2e+I+G4    1272.935     14  2573.869     2574.735     2632.874
WARNING: Number of threads seems too high for short alignments. Use -nt AUTO to determine best number of threads.
187  TIM2e+R2      1272.548     14  2573.096     2573.962     2632.101
WARNING: Number of threads seems too high for short alignments. Use -nt AUTO to determine best number of threads.
188  TIM2e+R3      1272.542     16  2577.084     2578.210     2644.518
WARNING: Number of threads seems too high for short alignments. Use -nt AUTO to determine best number of threads.
196  TIM2+F        1250.723     15  2531.447     2532.438     2594.666
WARNING: Number of threads seems too high for short alignments. Use -nt AUTO to determine best number of threads.
197  TIM2+F+I      1250.676     16  2533.353     2534.479     2600.787
WARNING: Number of threads seems too high for short alignments. Use -nt AUTO to determine best number of threads.
198  TIM2+F+G4     1250.706     16  2533.411     2534.538     2600.845
WARNING: Number of threads seems too high for short alignments. Use -nt AUTO to determine best number of threads.
199  TIM2+F+I+G4   1251.256     17  2536.511     2537.781     2608.160
WARNING: Number of threads seems too high for short alignments. Use -nt AUTO to determine best number of threads.
200  TIM2+F+R2     1250.723     17  2535.447     2536.717     2607.095
WARNING: Number of threads seems too high for short alignments. Use -nt AUTO to determine best number of threads.
201  TIM2+F+R3     1250.705     19  2539.411     2540.994     2619.488
WARNING: Number of threads seems too high for short alignments. Use -nt AUTO to determine best number of threads.
209  TIM3e         1272.286     12  2568.572     2569.213     2619.148
WARNING: Number of threads seems too high for short alignments. Use -nt AUTO to determine best number of threads.
210  TIM3e+I       1272.176     13  2570.351     2571.100     2625.141
WARNING: Number of threads seems too high for short alignments. Use -nt AUTO to determine best number of threads.
211  TIM3e+G4      1272.226     13  2570.451     2571.200     2625.241
WARNING: Number of threads seems too high for short alignments. Use -nt AUTO to determine best number of threads.
212  TIM3e+I+G4    1272.554     14  2573.107     2573.973     2632.112
WARNING: Number of threads seems too high for short alignments. Use -nt AUTO to determine best number of threads.
213  TIM3e+R2      1272.219     14  2572.439     2573.305     2631.443
WARNING: Number of threads seems too high for short alignments. Use -nt AUTO to determine best number of threads.
214  TIM3e+R3      1272.213     16  2576.426     2577.552     2643.859
WARNING: Number of threads seems too high for short alignments. Use -nt AUTO to determine best number of threads.
222  TIM3+F        1250.533     15  2531.066     2532.058     2594.285
WARNING: Number of threads seems too high for short alignments. Use -nt AUTO to determine best number of threads.
223  TIM3+F+I      1250.479     16  2532.959     2534.085     2600.392
WARNING: Number of threads seems too high for short alignments. Use -nt AUTO to determine best number of threads.
224  TIM3+F+G4     1250.515     16  2533.029     2534.156     2600.463
WARNING: Number of threads seems too high for short alignments. Use -nt AUTO to determine best number of threads.
225  TIM3+F+I+G4   1251.005     17  2536.010     2537.279     2607.658
WARNING: Number of threads seems too high for short alignments. Use -nt AUTO to determine best number of threads.
226  TIM3+F+R2     1250.529     17  2535.057     2536.327     2606.706
WARNING: Number of threads seems too high for short alignments. Use -nt AUTO to determine best number of threads.
227  TIM3+F+R3     1250.512     19  2539.023     2540.607     2619.101
WARNING: Number of threads seems too high for short alignments. Use -nt AUTO to determine best number of threads.
235  TVMe          1271.354     13  2568.708     2569.457     2623.498
WARNING: Number of threads seems too high for short alignments. Use -nt AUTO to determine best number of threads.
236  TVMe+I        1271.244     14  2570.487     2571.353     2629.492
WARNING: Number of threads seems too high for short alignments. Use -nt AUTO to determine best number of threads.
237  TVMe+G4       1271.277     14  2570.554     2571.420     2629.558
WARNING: Number of threads seems too high for short alignments. Use -nt AUTO to determine best number of threads.
238  TVMe+I+G4     1271.601     15  2573.201     2574.193     2636.420
WARNING: Number of threads seems too high for short alignments. Use -nt AUTO to determine best number of threads.
239  TVMe+R2       1271.272     15  2572.543     2573.535     2635.762
WARNING: Number of threads seems too high for short alignments. Use -nt AUTO to determine best number of threads.
240  TVMe+R3       1271.269     17  2576.538     2577.808     2648.187
WARNING: Number of threads seems too high for short alignments. Use -nt AUTO to determine best number of threads.
248  TVM+F         1250.785     16  2533.571     2534.697     2601.005
WARNING: Number of threads seems too high for short alignments. Use -nt AUTO to determine best number of threads.
249  TVM+F+I       1250.757     17  2535.513     2536.783     2607.161
WARNING: Number of threads seems too high for short alignments. Use -nt AUTO to determine best number of threads.
250  TVM+F+G4      1250.774     17  2535.547     2536.817     2607.196
WARNING: Number of threads seems too high for short alignments. Use -nt AUTO to determine best number of threads.
251  TVM+F+I+G4    1251.359     18  2538.718     2540.140     2614.581
WARNING: Number of threads seems too high for short alignments. Use -nt AUTO to determine best number of threads.
252  TVM+F+R2      1250.797     18  2537.595     2539.017     2613.458
WARNING: Number of threads seems too high for short alignments. Use -nt AUTO to determine best number of threads.
253  TVM+F+R3      1250.782     20  2541.563     2543.317     2625.856
WARNING: Number of threads seems too high for short alignments. Use -nt AUTO to determine best number of threads.
261  SYM           1271.058     14  2570.116     2570.982     2629.120
WARNING: Number of threads seems too high for short alignments. Use -nt AUTO to determine best number of threads.
262  SYM+I         1270.926     15  2571.852     2572.844     2635.071
WARNING: Number of threads seems too high for short alignments. Use -nt AUTO to determine best number of threads.
263  SYM+G4        1270.970     15  2571.941     2572.933     2635.160
WARNING: Number of threads seems too high for short alignments. Use -nt AUTO to determine best number of threads.
264  SYM+I+G4      1271.221     16  2574.441     2575.567     2641.875
WARNING: Number of threads seems too high for short alignments. Use -nt AUTO to determine best number of threads.
265  SYM+R2        1270.964     16  2573.929     2575.055     2641.363
WARNING: Number of threads seems too high for short alignments. Use -nt AUTO to determine best number of threads.
266  SYM+R3        1270.962     18  2577.924     2579.346     2653.787
WARNING: Number of threads seems too high for short alignments. Use -nt AUTO to determine best number of threads.
274  GTR+F         1250.170     17  2534.340     2535.609     2605.988
WARNING: Number of threads seems too high for short alignments. Use -nt AUTO to determine best number of threads.
275  GTR+F+I       1250.118     18  2536.236     2537.658     2612.099
WARNING: Number of threads seems too high for short alignments. Use -nt AUTO to determine best number of threads.
276  GTR+F+G4      1250.150     18  2536.300     2537.722     2612.163
WARNING: Number of threads seems too high for short alignments. Use -nt AUTO to determine best number of threads.
277  GTR+F+I+G4    1250.594     19  2539.187     2540.770     2619.265
WARNING: Number of threads seems too high for short alignments. Use -nt AUTO to determine best number of threads.
278  GTR+F+R2      1250.159     19  2538.318     2539.902     2618.396
WARNING: Number of threads seems too high for short alignments. Use -nt AUTO to determine best number of threads.
279  GTR+F+R3      1250.146     21  2542.292     2544.225     2630.798
Akaike Information Criterion:           HKY+F
Corrected Akaike Information Criterion: HKY+F
Bayesian Information Criterion:         HKY+F
Best-fit model: HKY+F chosen according to BIC

All model information printed to examples/6taxon_100genes_4cores//aln_seqs/1_seqgen8.nex.aln.model.gz
CPU time for ModelFinder: 1.526 seconds (0h:0m:1s)
Wall-clock time for ModelFinder: 41.468 seconds (0h:0m:41s)
Generating 1000 samples for ultrafast bootstrap (seed: 824305)...

NOTE: 0 MB RAM (0 GB) is required!
WARNING: Number of threads seems too high for short alignments. Use -nt AUTO to determine best number of threads.
Estimate model parameters (epsilon = 0.100)
1. Initial log-likelihood: -1284.905
2. Current log-likelihood: -1270.171
3. Current log-likelihood: -1268.844
4. Current log-likelihood: -1267.522
5. Current log-likelihood: -1266.115
6. Current log-likelihood: -1264.615
7. Current log-likelihood: -1263.017
8. Current log-likelihood: -1261.320
9. Current log-likelihood: -1259.531
10. Current log-likelihood: -1257.680
11. Current log-likelihood: -1251.537
Optimal log-likelihood: -1251.527
Rate parameters:  A-C: 1.00000  A-G: 5.06803  A-T: 1.00000  C-G: 1.00000  C-T: 5.06803  G-T: 1.00000
Base frequencies:  A: 0.301  C: 0.191  G: 0.179  T: 0.328
Parameters optimization took 11 rounds (1.137 sec)
Computing ML distances based on estimated model parameters... 0.002 sec
Computing BIONJ tree...
0.070 seconds
Log-likelihood of BIONJ tree: -1251.527
--------------------------------------------------------------------
|             INITIALIZING CANDIDATE TREE SET                      |
--------------------------------------------------------------------
Generating 99 parsimony trees... 0.865 second
Computing log-likelihood of 6 initial trees ... 0.741 seconds
Current best score: -1251.527

Do NNI search on 7 best initial trees
Finish initializing candidate tree set (7)
Current best tree score: -1251.527 / CPU time: 5.495
Number of iterations: 7
--------------------------------------------------------------------
|               OPTIMIZING CANDIDATE TREE SET                      |
--------------------------------------------------------------------
Iteration 10 / LogL: -1251.527 / Time: 0h:0m:10s
UPDATE BEST LOG-LIKELIHOOD: -1251.527
Iteration 20 / LogL: -1251.527 / Time: 0h:0m:18s
Iteration 30 / LogL: -1251.528 / Time: 0h:0m:27s (0h:1m:4s left)
Iteration 40 / LogL: -1251.531 / Time: 0h:0m:34s (0h:0m:53s left)
Iteration 50 / LogL: -1251.527 / Time: 0h:0m:43s (0h:0m:44s left)
Log-likelihood cutoff on original alignment: -1279.826
Iteration 60 / LogL: -1251.527 / Time: 0h:0m:54s (0h:0m:36s left)
Iteration 70 / LogL: -1251.527 / Time: 0h:1m:3s (0h:0m:27s left)
Iteration 80 / LogL: -1251.527 / Time: 0h:1m:12s (0h:0m:18s left)
Iteration 90 / LogL: -1251.527 / Time: 0h:1m:18s (0h:0m:8s left)
Iteration 100 / LogL: -1254.525 / Time: 0h:1m:22s (0h:0m:0s left)
Log-likelihood cutoff on original alignment: -1280.153
NOTE: Bootstrap correlation coefficient of split occurrence frequencies: 1.000
TREE SEARCH COMPLETED AFTER 101 ITERATIONS / Time: 0h:1m:23s

--------------------------------------------------------------------
|                    FINALIZING TREE SEARCH                        |
--------------------------------------------------------------------
Performs final model parameters optimization
Estimate model parameters (epsilon = 0.010)
1. Initial log-likelihood: -1251.527
Optimal log-likelihood: -1251.527
Rate parameters:  A-C: 1.00000  A-G: 5.06561  A-T: 1.00000  C-G: 1.00000  C-T: 5.06561  G-T: 1.00000
Base frequencies:  A: 0.301  C: 0.191  G: 0.179  T: 0.328
Parameters optimization took 1 rounds (0.021 sec)
BEST SCORE FOUND : -1251.527
Creating bootstrap support values...
Split supports printed to NEXUS file examples/6taxon_100genes_4cores//aln_seqs/1_seqgen8.nex.aln.splits.nex
Total tree length: 0.233

Total number of iterations: 101
CPU time used for tree search: 3.324 sec (0h:0m:3s)
Wall-clock time used for tree search: 81.187 sec (0h:1m:21s)
Total CPU time used: 3.456 sec (0h:0m:3s)
Total wall-clock time used: 83.785 sec (0h:1m:23s)

Computing bootstrap consensus tree...
Reading input file examples/6taxon_100genes_4cores//aln_seqs/1_seqgen8.nex.aln.splits.nex...
6 taxa and 12 splits.
Consensus tree written to examples/6taxon_100genes_4cores//aln_seqs/1_seqgen8.nex.aln.contree
Reading input trees file examples/6taxon_100genes_4cores//aln_seqs/1_seqgen8.nex.aln.contree
Log-likelihood of consensus tree: -1251.527

Analysis results written to: 
  IQ-TREE report:                examples/6taxon_100genes_4cores//aln_seqs/1_seqgen8.nex.aln.iqtree
  Maximum-likelihood tree:       examples/6taxon_100genes_4cores//aln_seqs/1_seqgen8.nex.aln.treefile
  Likelihood distances:          examples/6taxon_100genes_4cores//aln_seqs/1_seqgen8.nex.aln.mldist

Ultrafast bootstrap approximation results written to:
  Split support values:          examples/6taxon_100genes_4cores//aln_seqs/1_seqgen8.nex.aln.splits.nex
  Consensus tree:                examples/6taxon_100genes_4cores//aln_seqs/1_seqgen8.nex.aln.contree
  Screen log file:               examples/6taxon_100genes_4cores//aln_seqs/1_seqgen8.nex.aln.log

Date and Time: Fri Jan 11 12:18:15 2019
