



              Maximum Pseudo-likelihood Estimation of Species Trees (MPEST_2.0)  

                                     by

                                  Liang Liu

                          Department of Statistics
                            University of Georgia
                                 lliu@uga.edu

                 Distributed under the GNU General Public License

	round 1000 		loglike -99558.491085 	....completed....
	round 2000 		loglike -87735.818064 	....completed....
	round 3000 		loglike -80597.864065 	....completed....
	round 4000 		loglike -77678.330723 	....completed....
	round 5000 		loglike -76127.546820 	....completed....
	round 6000 		loglike -74780.090270 	....completed....
	round 7000 		loglike -73526.689642 	....completed....
	round 8000 		loglike -73079.151780 	....completed....
	round 9000 		loglike -72219.168570 	....completed....
	round 10000 		loglike -71596.712458 	....completed....
	round 11000 		loglike -71301.829032 	....completed....
	round 12000 		loglike -70903.451801 	....completed....
	round 13000 		loglike -70543.857511 	....completed....
	round 14000 		loglike -70236.601070 	....completed....
	round 15000 		loglike -70143.065438 	....completed....
	round 16000 		loglike -69981.740338 	....completed....
	round 17000 		loglike -69831.443386 	....completed....
	round 18000 		loglike -69660.965952 	....completed....
	round 19000 		loglike -69561.748699 	....completed....
	round 20000 		loglike -69516.660142 	....completed....
	round 21000 		loglike -69461.921734 	....completed....
	round 22000 		loglike -69432.325121 	....completed....
	round 23000 		loglike -69397.052580 	....completed....
	round 24000 		loglike -69391.364605 	....completed....
	round 25000 		loglike -69381.083963 	....completed....
	round 26000 		loglike -69372.563129 	....completed....
	round 27000 		loglike -69360.490928 	....completed....
	round 28000 		loglike -69357.927716 	....completed....
	round 29000 		loglike -69356.454974 	....completed....
	round 30000 		loglike -69353.763124 	....completed....
	round 31000 		loglike -69348.692848 	....completed....
	round 32000 		loglike -69346.719284 	....completed....
	round 33000 		loglike -69345.593856 	....completed....
	round 34000 		loglike -69344.603176 	....completed....
	round 35000 		loglike -69344.162683 	....completed....
	round 36000 		loglike -69344.032277 	....completed....
	round 37000 		loglike -69343.817093 	....completed....
	round 38000 		loglike -69343.735498 	....completed....
	round 39000 		loglike -69343.723805 	....completed....
	round 40000 		loglike -69343.723764 	....completed....
	round 41000 		loglike -69343.719273 	....completed....
	round 42000 		loglike -69343.719161 	....completed....
	round 43000 		loglike -69343.719070 	....completed....
	round 44000 		loglike -69343.719070 	....completed....
	round 45000 		loglike -69343.718921 	....completed....
	round 46000 		loglike -69343.718921 	....completed....
	round 47000 		loglike -69343.718920 	....completed....
	round 48000 		loglike -69343.718902 	....completed....
	round 49000 		loglike -69343.718902 	....completed....
	round 50000 		loglike -69343.718902 	....completed....
	round 51000 		loglike -69343.718902 	....completed....
	round 52000 		loglike -69343.718900 	....completed....
	round 53000 		loglike -69343.718779 	....completed....
	round 54000 		loglike -69343.718771 	....completed....
	round 55000 		loglike -69343.718771 	....completed....
	round 56000 		loglike -69343.718770 	....completed....
	round 57000 		loglike -69343.718770 	....completed....
	round 58000 		loglike -69343.718763 	....completed....
	round 59000 		loglike -69343.718749 	....completed....
	round 60000 		loglike -69343.718747 	....completed....
	round 61000 		loglike -69343.718737 	....completed....
	round 62000 		loglike -69343.718732 	....completed....
	round 63000 		loglike -69343.718390 	....completed....
	round 64000 		loglike -69343.718389 	....completed....
	round 65000 		loglike -69343.718366 	....completed....
	round 66000 		loglike -69343.718366 	....completed....
	round 67000 		loglike -69343.718366 	....completed....
	round 68000 		loglike -69343.718348 	....completed....
	round 69000 		loglike -69343.718348 	....completed....
	round 70000 		loglike -69343.718348 	....completed....
	round 71000 		loglike -69343.718348 	....completed....
	round 72000 		loglike -69343.718348 	....completed....
	round 73000 		loglike -69343.718348 	....completed....
	round 74000 		loglike -69343.718348 	....completed....
	round 75000 		loglike -69343.718348 	....completed....
	round 76000 		loglike -69343.718308 	....completed....
	round 77000 		loglike -69343.718308 	....completed....
	round 78000 		loglike -69343.718308 	....completed....
	round 79000 		loglike -69343.718300 	....completed....
	round 80000 		loglike -69343.718300 	....completed....
	round 81000 		loglike -69343.718300 	....completed....
	round 82000 		loglike -69343.718300 	....completed....
	round 83000 		loglike -69343.718299 	....completed....
	round 84000 		loglike -69343.718299 	....completed....
	round 85000 		loglike -69343.718299 	....completed....
	round 86000 		loglike -69343.718299 	....completed....
	round 87000 		loglike -69343.718299 	....completed....
	round 88000 		loglike -69343.718298 	....completed....
	round 89000 		loglike -69343.718298 	....completed....
	round 90000 		loglike -69343.718298 	....completed....
	round 91000 		loglike -69343.718298 	....completed....
	round 92000 		loglike -69343.718298 	....completed....
	round 93000 		loglike -69343.718226 	....completed....
	round 94000 		loglike -69343.718226 	....completed....
	round 95000 		loglike -69343.718222 	....completed....
	round 96000 		loglike -69343.718222 	....completed....
	round 97000 		loglike -69343.718222 	....completed....
	round 98000 		loglike -69343.718222 	....completed....
	round 99000 		loglike -69343.718222 	....completed....
	round 100000 		loglike -69343.718222 	....completed....
	round 101000 		loglike -69343.718222 	....completed....
	round 102000 		loglike -69343.718222 	....completed....
	round 103000 		loglike -69343.718222 	....completed....
	round 104000 		loglike -69343.718222 	....completed....
	round 105000 		loglike -69343.718222 	....completed....
	round 106000 		loglike -69343.718222 	....completed....
	round 107000 		loglike -69343.718222 	....completed....
	round 108000 		loglike -69343.718222 	....completed....
	round 109000 		loglike -69343.718222 	....completed....
	round 110000 		loglike -69343.718222 	....completed....
	round 111000 		loglike -69343.718193 	....completed....
	round 112000 		loglike -69343.718193 	....completed....
	round 113000 		loglike -69343.718191 	....completed....
	round 114000 		loglike -69343.718191 	....completed....
	round 115000 		loglike -69343.718181 	....completed....
	round 116000 		loglike -69343.718181 	....completed....
	round 117000 		loglike -69343.718181 	....completed....
	round 118000 		loglike -69343.718181 	....completed....
	round 119000 		loglike -69343.718180 	....completed....
	round 120000 		loglike -69343.718180 	....completed....
	round 121000 		loglike -69343.718180 	....completed....
	round 122000 		loglike -69343.718180 	....completed....
	round 123000 		loglike -69343.718180 	....completed....
	round 124000 		loglike -69343.718180 	....completed....
	round 125000 		loglike -69343.718180 	....completed....
	round 126000 		loglike -69343.718180 	....completed....
	round 127000 		loglike -69343.718180 	....completed....
	round 128000 		loglike -69343.718180 	....completed....
	round 129000 		loglike -69343.718180 	....completed....
	round 130000 		loglike -69343.718180 	....completed....
	round 131000 		loglike -69343.718180 	....completed....
	round 132000 		loglike -69343.718180 	....completed....
	round 133000 		loglike -69343.718180 	....completed....
	round 134000 		loglike -69343.718180 	....completed....
	round 135000 		loglike -69343.718180 	....completed....
	round 136000 		loglike -69343.718180 	....completed....
	round 137000 		loglike -69343.718180 	....completed....
	round 138000 		loglike -69343.718180 	....completed....
	round 139000 		loglike -69343.718180 	....completed....
	round 140000 		loglike -69343.718180 	....completed....
	round 141000 		loglike -69343.718180 	....completed....
	round 142000 		loglike -69343.718180 	....completed....
	round 143000 		loglike -69343.718180 	....completed....
	round 144000 		loglike -69343.718179 	....completed....
	round 145000 		loglike -69343.718179 	....completed....
	round 146000 		loglike -69343.718137 	....completed....
	round 147000 		loglike -69343.718137 	....completed....
	round 148000 		loglike -69343.718137 	....completed....
	round 149000 		loglike -69343.718137 	....completed....
	round 150000 		loglike -69343.718137 	....completed....
	round 151000 		loglike -69343.718137 	....completed....
	round 152000 		loglike -69343.718137 	....completed....
	round 153000 		loglike -69343.718137 	....completed....
	round 154000 		loglike -69343.718137 	....completed....
	round 155000 		loglike -69343.718137 	....completed....
	round 156000 		loglike -69343.718137 	....completed....
	round 157000 		loglike -69343.718137 	....completed....
	round 158000 		loglike -69343.718137 	....completed....
	round 159000 		loglike -69343.718137 	....completed....
	round 160000 		loglike -69343.718137 	....completed....
	round 161000 		loglike -69343.718137 	....completed....
	round 162000 		loglike -69343.718137 	....completed....
	round 163000 		loglike -69343.718137 	....completed....
	round 164000 		loglike -69343.718137 	....completed....
	round 165000 		loglike -69343.718137 	....completed....
	round 166000 		loglike -69343.718137 	....completed....
	round 167000 		loglike -69343.718137 	....completed....
	round 168000 		loglike -69343.718137 	....completed....
	round 169000 		loglike -69343.718064 	....completed....
	round 170000 		loglike -69343.717995 	....completed....
	round 171000 		loglike -69343.717995 	....completed....
	round 172000 		loglike -69343.717995 	....completed....
	round 173000 		loglike -69343.717995 	....completed....
	round 174000 		loglike -69343.717988 	....completed....
	round 175000 		loglike -69343.717985 	....completed....
	round 176000 		loglike -69343.717984 	....completed....
	round 177000 		loglike -69343.717984 	....completed....
	round 178000 		loglike -69343.717984 	....completed....
	round 179000 		loglike -69343.717984 	....completed....
	round 180000 		loglike -69343.717984 	....completed....
	round 181000 		loglike -69343.717984 	....completed....
	round 182000 		loglike -69343.717984 	....completed....
	round 183000 		loglike -69343.717984 	....completed....
	round 184000 		loglike -69343.717984 	....completed....
	round 185000 		loglike -69343.717984 	....completed....
	round 186000 		loglike -69343.717984 	....completed....
	round 187000 		loglike -69343.717977 	....completed....
	round 188000 		loglike -69343.717977 	....completed....
	round 189000 		loglike -69343.717977 	....completed....
	round 190000 		loglike -69343.717977 	....completed....
	round 191000 		loglike -69343.717977 	....completed....
	round 192000 		loglike -69343.717977 	....completed....
	round 193000 		loglike -69343.717977 	....completed....
	round 194000 		loglike -69343.717977 	....completed....
	round 195000 		loglike -69343.717977 	....completed....
	round 196000 		loglike -69343.717977 	....completed....
	round 197000 		loglike -69343.717977 	....completed....
	round 198000 		loglike -69343.717682 	....completed....
	round 199000 		loglike -69343.717682 	....completed....
	round 200000 		loglike -69343.717682 	....completed....
	round 201000 		loglike -69343.717682 	....completed....
	round 202000 		loglike -69343.717681 	....completed....
	round 203000 		loglike -69343.717681 	....completed....
	round 204000 		loglike -69343.717681 	....completed....
	round 205000 		loglike -69343.717681 	....completed....
	round 206000 		loglike -69343.717681 	....completed....
	round 207000 		loglike -69343.717681 	....completed....
	round 208000 		loglike -69343.717681 	....completed....
	round 209000 		loglike -69343.717681 	....completed....
	round 210000 		loglike -69343.717672 	....completed....
	round 211000 		loglike -69343.717672 	....completed....
	round 212000 		loglike -69343.717672 	....completed....
	round 213000 		loglike -69343.717672 	....completed....
	round 214000 		loglike -69343.717672 	....completed....
	round 215000 		loglike -69343.717672 	....completed....
	round 216000 		loglike -69343.717672 	....completed....
	round 217000 		loglike -69343.717672 	....completed....
	round 218000 		loglike -69343.717671 	....completed....
	round 219000 		loglike -69343.717671 	....completed....
	round 220000 		loglike -69343.717671 	....completed....
	round 221000 		loglike -69343.717671 	....completed....
	round 222000 		loglike -69343.717671 	....completed....
	round 223000 		loglike -69343.717671 	....completed....
	round 224000 		loglike -69343.717671 	....completed....
	round 225000 		loglike -69343.717671 	....completed....
	round 226000 		loglike -69343.717666 	....completed....
	round 227000 		loglike -69343.717666 	....completed....
	round 228000 		loglike -69343.717666 	....completed....
	round 229000 		loglike -69343.717666 	....completed....
	round 230000 		loglike -69343.717666 	....completed....
	round 231000 		loglike -69343.717666 	....completed....
	round 232000 		loglike -69343.717666 	....completed....
	round 233000 		loglike -69343.717666 	....completed....
	round 234000 		loglike -69343.717666 	....completed....
	round 235000 		loglike -69343.717666 	....completed....
	round 236000 		loglike -69343.717666 	....completed....
	round 237000 		loglike -69343.717666 	....completed....
	round 238000 		loglike -69343.717666 	....completed....
	round 239000 		loglike -69343.717666 	....completed....
	round 240000 		loglike -69343.717666 	....completed....
	round 241000 		loglike -69343.717666 	....completed....
	round 242000 		loglike -69343.717666 	....completed....
	round 243000 		loglike -69343.717666 	....completed....
	round 244000 		loglike -69343.717666 	....completed....
	round 245000 		loglike -69343.717666 	....completed....
	round 246000 		loglike -69343.717666 	....completed....
	round 247000 		loglike -69343.717602 	....completed....
	round 248000 		loglike -69343.717601 	....completed....
	round 249000 		loglike -69343.717601 	....completed....
	round 250000 		loglike -69343.717601 	....completed....
	round 251000 		loglike -69343.717601 	....completed....
	round 252000 		loglike -69343.717601 	....completed....
	round 253000 		loglike -69343.717601 	....completed....
	round 254000 		loglike -69343.717601 	....completed....
	round 255000 		loglike -69343.717597 	....completed....
	round 256000 		loglike -69343.717597 	....completed....
	round 257000 		loglike -69343.717597 	....completed....
	round 258000 		loglike -69343.717597 	....completed....
	round 259000 		loglike -69343.717597 	....completed....
	round 260000 		loglike -69343.717597 	....completed....
	round 261000 		loglike -69343.717597 	....completed....
	round 262000 		loglike -69343.717597 	....completed....
	round 263000 		loglike -69343.717597 	....completed....
	round 264000 		loglike -69343.717597 	....completed....
	round 265000 		loglike -69343.717597 	....completed....
	round 266000 		loglike -69343.717597 	....completed....
	round 267000 		loglike -69343.717597 	....completed....
	round 268000 		loglike -69343.717597 	....completed....
	round 269000 		loglike -69343.717597 	....completed....
	round 270000 		loglike -69343.717597 	....completed....
	round 271000 		loglike -69343.717597 	....completed....
	round 272000 		loglike -69343.717597 	....completed....
	round 273000 		loglike -69343.717597 	....completed....
	round 274000 		loglike -69343.717597 	....completed....
	round 275000 		loglike -69343.717597 	....completed....
	round 276000 		loglike -69343.717597 	....completed....
	round 277000 		loglike -69343.717597 	....completed....
	round 278000 		loglike -69343.717597 	....completed....
	round 279000 		loglike -69343.717597 	....completed....
	round 280000 		loglike -69343.717597 	....completed....
	round 281000 		loglike -69343.717597 	....completed....
	round 282000 		loglike -69343.717597 	....completed....
	round 283000 		loglike -69343.717597 	....completed....
	round 284000 		loglike -69343.717597 	....completed....
	round 285000 		loglike -69343.717597 	....completed....
	round 286000 		loglike -69343.717597 	....completed....
	round 287000 		loglike -69343.717597 	....completed....
	round 288000 		loglike -69343.717597 	....completed....
	round 289000 		loglike -69343.717597 	....completed....
	round 290000 		loglike -69343.717597 	....completed....
	round 291000 		loglike -69343.717597 	....completed....
	round 292000 		loglike -69343.717597 	....completed....
	round 293000 		loglike -69343.717597 	....completed....
	round 294000 		loglike -69343.717597 	....completed....
	round 295000 		loglike -69343.717597 	....completed....
	round 296000 		loglike -69343.717597 	....completed....
	round 297000 		loglike -69343.717597 	....completed....
	round 298000 		loglike -69343.717597 	....completed....
	round 299000 		loglike -69343.717597 	....completed....
	round 300000 		loglike -69343.717597 	....completed....
	round 301000 		loglike -69343.717597 	....completed....
	round 302000 		loglike -69343.717597 	....completed....
	round 303000 		loglike -69343.717597 	....completed....
	round 304000 		loglike -69343.717597 	....completed....
	round 305000 		loglike -69343.717597 	....completed....
	round 306000 		loglike -69343.717597 	....completed....
	round 307000 		loglike -69343.717597 	....completed....
	round 308000 		loglike -69343.717597 	....completed....
	round 309000 		loglike -69343.717597 	....completed....
			Analysis is completed in 36 seconds (cpu time is 36 seconds)
	round 1000 		loglike -92183.543103 	....completed....
	round 2000 		loglike -83088.939981 	....completed....
	round 3000 		loglike -80270.061921 	....completed....
	round 4000 		loglike -77281.601693 	....completed....
	round 5000 		loglike -76290.098302 	....completed....
	round 6000 		loglike -75543.706076 	....completed....
	round 7000 		loglike -74750.894622 	....completed....
	round 8000 		loglike -74154.174479 	....completed....
	round 9000 		loglike -73309.097728 	....completed....
	round 10000 		loglike -72756.917565 	....completed....
	round 11000 		loglike -72349.491493 	....completed....
	round 12000 		loglike -72143.750432 	....completed....
	round 13000 		loglike -71546.785308 	....completed....
	round 14000 		loglike -71049.766826 	....completed....
	round 15000 		loglike -70801.590066 	....completed....
	round 16000 		loglike -70534.577867 	....completed....
	round 17000 		loglike -70138.117811 	....completed....
	round 18000 		loglike -69875.618476 	....completed....
	round 19000 		loglike -69771.864834 	....completed....
	round 20000 		loglike -69571.599713 	....completed....
	round 21000 		loglike -69523.805698 	....completed....
	round 22000 		loglike -69472.698997 	....completed....
	round 23000 		loglike -69450.000014 	....completed....
	round 24000 		loglike -69401.075160 	....completed....
	round 25000 		loglike -69371.420650 	....completed....
	round 26000 		loglike -69360.130020 	....completed....
	round 27000 		loglike -69353.493320 	....completed....
	round 28000 		loglike -69348.912391 	....completed....
	round 29000 		loglike -69347.702759 	....completed....
	round 30000 		loglike -69345.938251 	....completed....
	round 31000 		loglike -69345.598188 	....completed....
	round 32000 		loglike -69345.043872 	....completed....
	round 33000 		loglike -69344.731699 	....completed....
	round 34000 		loglike -69344.519756 	....completed....
	round 35000 		loglike -69344.321624 	....completed....
	round 36000 		loglike -69344.068086 	....completed....
	round 37000 		loglike -69343.881439 	....completed....
	round 38000 		loglike -69343.755317 	....completed....
	round 39000 		loglike -69343.739451 	....completed....
	round 40000 		loglike -69343.722302 	....completed....
	round 41000 		loglike -69343.719750 	....completed....
	round 42000 		loglike -69343.719688 	....completed....
	round 43000 		loglike -69343.719688 	....completed....
	round 44000 		loglike -69343.719652 	....completed....
	round 45000 		loglike -69343.719652 	....completed....
	round 46000 		loglike -69343.719569 	....completed....
	round 47000 		loglike -69343.719569 	....completed....
	round 48000 		loglike -69343.719569 	....completed....
	round 49000 		loglike -69343.719569 	....completed....
	round 50000 		loglike -69343.719569 	....completed....
	round 51000 		loglike -69343.719565 	....completed....
	round 52000 		loglike -69343.719565 	....completed....
	round 53000 		loglike -69343.719563 	....completed....
	round 54000 		loglike -69343.719563 	....completed....
	round 55000 		loglike -69343.719563 	....completed....
	round 56000 		loglike -69343.719434 	....completed....
	round 57000 		loglike -69343.719434 	....completed....
	round 58000 		loglike -69343.718652 	....completed....
	round 59000 		loglike -69343.718609 	....completed....
	round 60000 		loglike -69343.718609 	....completed....
	round 61000 		loglike -69343.718465 	....completed....
	round 62000 		loglike -69343.718465 	....completed....
	round 63000 		loglike -69343.718465 	....completed....
	round 64000 		loglike -69343.718464 	....completed....
	round 65000 		loglike -69343.718464 	....completed....
	round 66000 		loglike -69343.718266 	....completed....
	round 67000 		loglike -69343.717955 	....completed....
	round 68000 		loglike -69343.717955 	....completed....
	round 69000 		loglike -69343.717954 	....completed....
	round 70000 		loglike -69343.717954 	....completed....
	round 71000 		loglike -69343.717892 	....completed....
	round 72000 		loglike -69343.717821 	....completed....
	round 73000 		loglike -69343.717800 	....completed....
	round 74000 		loglike -69343.717800 	....completed....
	round 75000 		loglike -69343.717799 	....completed....
	round 76000 		loglike -69343.717797 	....completed....
	round 77000 		loglike -69343.717759 	....completed....
	round 78000 		loglike -69343.717759 	....completed....
	round 79000 		loglike -69343.717759 	....completed....
	round 80000 		loglike -69343.717759 	....completed....
	round 81000 		loglike -69343.717759 	....completed....
	round 82000 		loglike -69343.717759 	....completed....
	round 83000 		loglike -69343.717759 	....completed....
	round 84000 		loglike -69343.717759 	....completed....
	round 85000 		loglike -69343.717617 	....completed....
	round 86000 		loglike -69343.717617 	....completed....
	round 87000 		loglike -69343.717617 	....completed....
	round 88000 		loglike -69343.717617 	....completed....
	round 89000 		loglike -69343.717607 	....completed....
	round 90000 		loglike -69343.717571 	....completed....
	round 91000 		loglike -69343.717571 	....completed....
	round 92000 		loglike -69343.717571 	....completed....
	round 93000 		loglike -69343.717571 	....completed....
	round 94000 		loglike -69343.717567 	....completed....
	round 95000 		loglike -69343.717567 	....completed....
	round 96000 		loglike -69343.717567 	....completed....
	round 97000 		loglike -69343.717566 	....completed....
	round 98000 		loglike -69343.717566 	....completed....
	round 99000 		loglike -69343.717566 	....completed....
	round 100000 		loglike -69343.717566 	....completed....
	round 101000 		loglike -69343.717566 	....completed....
	round 102000 		loglike -69343.717566 	....completed....
	round 103000 		loglike -69343.717566 	....completed....
	round 104000 		loglike -69343.717566 	....completed....
	round 105000 		loglike -69343.717566 	....completed....
	round 106000 		loglike -69343.717566 	....completed....
	round 107000 		loglike -69343.717566 	....completed....
	round 108000 		loglike -69343.717566 	....completed....
	round 109000 		loglike -69343.717566 	....completed....
	round 110000 		loglike -69343.717566 	....completed....
	round 111000 		loglike -69343.717566 	....completed....
	round 112000 		loglike -69343.717566 	....completed....
	round 113000 		loglike -69343.717566 	....completed....
	round 114000 		loglike -69343.717566 	....completed....
	round 115000 		loglike -69343.717566 	....completed....
	round 116000 		loglike -69343.717566 	....completed....
	round 117000 		loglike -69343.717566 	....completed....
	round 118000 		loglike -69343.717566 	....completed....
	round 119000 		loglike -69343.717566 	....completed....
	round 120000 		loglike -69343.717566 	....completed....
	round 121000 		loglike -69343.717530 	....completed....
	round 122000 		loglike -69343.717530 	....completed....
	round 123000 		loglike -69343.717530 	....completed....
	round 124000 		loglike -69343.717530 	....completed....
	round 125000 		loglike -69343.717530 	....completed....
	round 126000 		loglike -69343.717530 	....completed....
	round 127000 		loglike -69343.717530 	....completed....
	round 128000 		loglike -69343.717530 	....completed....
	round 129000 		loglike -69343.717530 	....completed....
	round 130000 		loglike -69343.717530 	....completed....
	round 131000 		loglike -69343.717530 	....completed....
	round 132000 		loglike -69343.717530 	....completed....
	round 133000 		loglike -69343.717530 	....completed....
	round 134000 		loglike -69343.717523 	....completed....
	round 135000 		loglike -69343.717523 	....completed....
	round 136000 		loglike -69343.717523 	....completed....
	round 137000 		loglike -69343.717523 	....completed....
	round 138000 		loglike -69343.717523 	....completed....
	round 139000 		loglike -69343.717521 	....completed....
	round 140000 		loglike -69343.717518 	....completed....
	round 141000 		loglike -69343.717518 	....completed....
	round 142000 		loglike -69343.717518 	....completed....
	round 143000 		loglike -69343.717518 	....completed....
	round 144000 		loglike -69343.717518 	....completed....
	round 145000 		loglike -69343.717518 	....completed....
	round 146000 		loglike -69343.717518 	....completed....
	round 147000 		loglike -69343.717518 	....completed....
	round 148000 		loglike -69343.717518 	....completed....
	round 149000 		loglike -69343.717518 	....completed....
	round 150000 		loglike -69343.717518 	....completed....
	round 151000 		loglike -69343.717518 	....completed....
	round 152000 		loglike -69343.717518 	....completed....
	round 153000 		loglike -69343.717518 	....completed....
	round 154000 		loglike -69343.717518 	....completed....
	round 155000 		loglike -69343.717518 	....completed....
	round 156000 		loglike -69343.717518 	....completed....
	round 157000 		loglike -69343.717518 	....completed....
	round 158000 		loglike -69343.717518 	....completed....
	round 159000 		loglike -69343.717518 	....completed....
	round 160000 		loglike -69343.717518 	....completed....
	round 161000 		loglike -69343.717518 	....completed....
	round 162000 		loglike -69343.717518 	....completed....
	round 163000 		loglike -69343.717518 	....completed....
	round 164000 		loglike -69343.717518 	....completed....
	round 165000 		loglike -69343.717518 	....completed....
	round 166000 		loglike -69343.717518 	....completed....
	round 167000 		loglike -69343.717518 	....completed....
	round 168000 		loglike -69343.717518 	....completed....
	round 169000 		loglike -69343.717518 	....completed....
	round 170000 		loglike -69343.717518 	....completed....
	round 171000 		loglike -69343.717518 	....completed....
	round 172000 		loglike -69343.717518 	....completed....
	round 173000 		loglike -69343.717518 	....completed....
	round 174000 		loglike -69343.717518 	....completed....
	round 175000 		loglike -69343.717518 	....completed....
	round 176000 		loglike -69343.717518 	....completed....
	round 177000 		loglike -69343.717518 	....completed....
	round 178000 		loglike -69343.717518 	....completed....
	round 179000 		loglike -69343.717518 	....completed....
	round 180000 		loglike -69343.717518 	....completed....
	round 181000 		loglike -69343.717518 	....completed....
	round 182000 		loglike -69343.717518 	....completed....
	round 183000 		loglike -69343.717518 	....completed....
	round 184000 		loglike -69343.717518 	....completed....
	round 185000 		loglike -69343.717518 	....completed....
	round 186000 		loglike -69343.717518 	....completed....
	round 187000 		loglike -69343.717518 	....completed....
	round 188000 		loglike -69343.717518 	....completed....
	round 189000 		loglike -69343.717518 	....completed....
	round 190000 		loglike -69343.717517 	....completed....
	round 191000 		loglike -69343.717517 	....completed....
	round 192000 		loglike -69343.717517 	....completed....
	round 193000 		loglike -69343.717517 	....completed....
	round 194000 		loglike -69343.717517 	....completed....
	round 195000 		loglike -69343.717517 	....completed....
	round 196000 		loglike -69343.717517 	....completed....
	round 197000 		loglike -69343.717517 	....completed....
	round 198000 		loglike -69343.717517 	....completed....
	round 199000 		loglike -69343.717517 	....completed....
	round 200000 		loglike -69343.717517 	....completed....
	round 201000 		loglike -69343.717517 	....completed....
	round 202000 		loglike -69343.717517 	....completed....
	round 203000 		loglike -69343.717517 	....completed....
	round 204000 		loglike -69343.717517 	....completed....
	round 205000 		loglike -69343.717517 	....completed....
	round 206000 		loglike -69343.717517 	....completed....
	round 207000 		loglike -69343.717517 	....completed....
	round 208000 		loglike -69343.717517 	....completed....
	round 209000 		loglike -69343.717517 	....completed....
			Analysis is completed in 24 seconds (cpu time is 24 seconds)
	round 1000 		loglike -99167.501137 	....completed....
	round 2000 		loglike -86482.434949 	....completed....
	round 3000 		loglike -82086.532208 	....completed....
	round 4000 		loglike -79437.572225 	....completed....
	round 5000 		loglike -78096.903658 	....completed....
	round 6000 		loglike -76163.384741 	....completed....
	round 7000 		loglike -74468.604901 	....completed....
	round 8000 		loglike -73187.432545 	....completed....
	round 9000 		loglike -72725.492562 	....completed....
	round 10000 		loglike -72195.254539 	....completed....
	round 11000 		loglike -71592.479692 	....completed....
	round 12000 		loglike -70871.933880 	....completed....
	round 13000 		loglike -70504.357870 	....completed....
	round 14000 		loglike -70265.575166 	....completed....
	round 15000 		loglike -70099.727749 	....completed....
	round 16000 		loglike -69833.501126 	....completed....
	round 17000 		loglike -69698.359057 	....completed....
	round 18000 		loglike -69601.039775 	....completed....
	round 19000 		loglike -69533.355969 	....completed....
	round 20000 		loglike -69464.481700 	....completed....
	round 21000 		loglike -69441.186051 	....completed....
	round 22000 		loglike -69391.318096 	....completed....
	round 23000 		loglike -69373.409985 	....completed....
	round 24000 		loglike -69359.842502 	....completed....
	round 25000 		loglike -69353.362488 	....completed....
	round 26000 		loglike -69351.790316 	....completed....
	round 27000 		loglike -69351.025728 	....completed....
	round 28000 		loglike -69349.048800 	....completed....
	round 29000 		loglike -69348.254732 	....completed....
	round 30000 		loglike -69347.745805 	....completed....
	round 31000 		loglike -69346.476818 	....completed....
	round 32000 		loglike -69345.831100 	....completed....
	round 33000 		loglike -69345.211192 	....completed....
	round 34000 		loglike -69344.226462 	....completed....
	round 35000 		loglike -69344.041302 	....completed....
	round 36000 		loglike -69343.886581 	....completed....
	round 37000 		loglike -69343.778216 	....completed....
	round 38000 		loglike -69343.734333 	....completed....
	round 39000 		loglike -69343.729965 	....completed....
	round 40000 		loglike -69343.729950 	....completed....
	round 41000 		loglike -69343.729950 	....completed....
	round 42000 		loglike -69343.729950 	....completed....
	round 43000 		loglike -69343.729950 	....completed....
	round 44000 		loglike -69343.729943 	....completed....
	round 45000 		loglike -69343.729941 	....completed....
	round 46000 		loglike -69343.729941 	....completed....
	round 47000 		loglike -69343.729941 	....completed....
	round 48000 		loglike -69343.729900 	....completed....
	round 49000 		loglike -69343.725771 	....completed....
	round 50000 		loglike -69343.725771 	....completed....
	round 51000 		loglike -69343.725771 	....completed....
	round 52000 		loglike -69343.725742 	....completed....
	round 53000 		loglike -69343.725654 	....completed....
	round 54000 		loglike -69343.725584 	....completed....
	round 55000 		loglike -69343.725584 	....completed....
	round 56000 		loglike -69343.724146 	....completed....
	round 57000 		loglike -69343.724140 	....completed....
	round 58000 		loglike -69343.724122 	....completed....
	round 59000 		loglike -69343.724122 	....completed....
	round 60000 		loglike -69343.724122 	....completed....
	round 61000 		loglike -69343.723620 	....completed....
	round 62000 		loglike -69343.723620 	....completed....
	round 63000 		loglike -69343.723620 	....completed....
	round 64000 		loglike -69343.723619 	....completed....
	round 65000 		loglike -69343.723619 	....completed....
	round 66000 		loglike -69343.723619 	....completed....
	round 67000 		loglike -69343.723619 	....completed....
	round 68000 		loglike -69343.723619 	....completed....
	round 69000 		loglike -69343.723619 	....completed....
	round 70000 		loglike -69343.723619 	....completed....
	round 71000 		loglike -69343.723619 	....completed....
	round 72000 		loglike -69343.723619 	....completed....
	round 73000 		loglike -69343.723619 	....completed....
	round 74000 		loglike -69343.723619 	....completed....
	round 75000 		loglike -69343.723619 	....completed....
	round 76000 		loglike -69343.723619 	....completed....
	round 77000 		loglike -69343.723370 	....completed....
	round 78000 		loglike -69343.723253 	....completed....
	round 79000 		loglike -69343.723253 	....completed....
	round 80000 		loglike -69343.723253 	....completed....
	round 81000 		loglike -69343.723252 	....completed....
	round 82000 		loglike -69343.723252 	....completed....
	round 83000 		loglike -69343.723252 	....completed....
	round 84000 		loglike -69343.723137 	....completed....
	round 85000 		loglike -69343.723137 	....completed....
	round 86000 		loglike -69343.722968 	....completed....
	round 87000 		loglike -69343.722968 	....completed....
	round 88000 		loglike -69343.722968 	....completed....
	round 89000 		loglike -69343.722937 	....completed....
	round 90000 		loglike -69343.722937 	....completed....
	round 91000 		loglike -69343.722937 	....completed....
	round 92000 		loglike -69343.722856 	....completed....
	round 93000 		loglike -69343.722856 	....completed....
	round 94000 		loglike -69343.722856 	....completed....
	round 95000 		loglike -69343.722856 	....completed....
	round 96000 		loglike -69343.722725 	....completed....
	round 97000 		loglike -69343.722698 	....completed....
	round 98000 		loglike -69343.722698 	....completed....
	round 99000 		loglike -69343.720811 	....completed....
	round 100000 		loglike -69343.720694 	....completed....
	round 101000 		loglike -69343.720694 	....completed....
	round 102000 		loglike -69343.720694 	....completed....
	round 103000 		loglike -69343.720694 	....completed....
	round 104000 		loglike -69343.719887 	....completed....
	round 105000 		loglike -69343.719887 	....completed....
	round 106000 		loglike -69343.719887 	....completed....
	round 107000 		loglike -69343.719887 	....completed....
	round 108000 		loglike -69343.719887 	....completed....
	round 109000 		loglike -69343.719887 	....completed....
	round 110000 		loglike -69343.719887 	....completed....
	round 111000 		loglike -69343.719887 	....completed....
	round 112000 		loglike -69343.719092 	....completed....
	round 113000 		loglike -69343.719092 	....completed....
	round 114000 		loglike -69343.719092 	....completed....
	round 115000 		loglike -69343.719092 	....completed....
	round 116000 		loglike -69343.719092 	....completed....
	round 117000 		loglike -69343.719047 	....completed....
	round 118000 		loglike -69343.719047 	....completed....
	round 119000 		loglike -69343.719047 	....completed....
	round 120000 		loglike -69343.719047 	....completed....
	round 121000 		loglike -69343.719047 	....completed....
	round 122000 		loglike -69343.719036 	....completed....
	round 123000 		loglike -69343.719036 	....completed....
	round 124000 		loglike -69343.719036 	....completed....
	round 125000 		loglike -69343.719036 	....completed....
	round 126000 		loglike -69343.718257 	....completed....
	round 127000 		loglike -69343.718257 	....completed....
	round 128000 		loglike -69343.718257 	....completed....
	round 129000 		loglike -69343.718257 	....completed....
	round 130000 		loglike -69343.718257 	....completed....
	round 131000 		loglike -69343.718257 	....completed....
	round 132000 		loglike -69343.718257 	....completed....
	round 133000 		loglike -69343.718257 	....completed....
	round 134000 		loglike -69343.718257 	....completed....
	round 135000 		loglike -69343.718257 	....completed....
	round 136000 		loglike -69343.718257 	....completed....
	round 137000 		loglike -69343.718257 	....completed....
	round 138000 		loglike -69343.718257 	....completed....
	round 139000 		loglike -69343.718220 	....completed....
	round 140000 		loglike -69343.718220 	....completed....
	round 141000 		loglike -69343.718220 	....completed....
	round 142000 		loglike -69343.718220 	....completed....
	round 143000 		loglike -69343.718220 	....completed....
	round 144000 		loglike -69343.718220 	....completed....
	round 145000 		loglike -69343.718220 	....completed....
	round 146000 		loglike -69343.718220 	....completed....
	round 147000 		loglike -69343.718220 	....completed....
	round 148000 		loglike -69343.718219 	....completed....
	round 149000 		loglike -69343.718219 	....completed....
	round 150000 		loglike -69343.718219 	....completed....
	round 151000 		loglike -69343.718093 	....completed....
	round 152000 		loglike -69343.718093 	....completed....
	round 153000 		loglike -69343.718092 	....completed....
	round 154000 		loglike -69343.718092 	....completed....
	round 155000 		loglike -69343.718092 	....completed....
	round 156000 		loglike -69343.718092 	....completed....
	round 157000 		loglike -69343.718092 	....completed....
	round 158000 		loglike -69343.718092 	....completed....
	round 159000 		loglike -69343.718091 	....completed....
	round 160000 		loglike -69343.717866 	....completed....
	round 161000 		loglike -69343.717866 	....completed....
	round 162000 		loglike -69343.717866 	....completed....
	round 163000 		loglike -69343.717866 	....completed....
	round 164000 		loglike -69343.717866 	....completed....
	round 165000 		loglike -69343.717866 	....completed....
	round 166000 		loglike -69343.717866 	....completed....
	round 167000 		loglike -69343.717866 	....completed....
	round 168000 		loglike -69343.717815 	....completed....
	round 169000 		loglike -69343.717815 	....completed....
	round 170000 		loglike -69343.717815 	....completed....
	round 171000 		loglike -69343.717813 	....completed....
	round 172000 		loglike -69343.717813 	....completed....
	round 173000 		loglike -69343.717813 	....completed....
	round 174000 		loglike -69343.717813 	....completed....
	round 175000 		loglike -69343.717813 	....completed....
	round 176000 		loglike -69343.717813 	....completed....
	round 177000 		loglike -69343.717813 	....completed....
	round 178000 		loglike -69343.717810 	....completed....
	round 179000 		loglike -69343.717810 	....completed....
	round 180000 		loglike -69343.717810 	....completed....
	round 181000 		loglike -69343.717810 	....completed....
	round 182000 		loglike -69343.717799 	....completed....
	round 183000 		loglike -69343.717799 	....completed....
	round 184000 		loglike -69343.717799 	....completed....
	round 185000 		loglike -69343.717799 	....completed....
	round 186000 		loglike -69343.717798 	....completed....
	round 187000 		loglike -69343.717798 	....completed....
	round 188000 		loglike -69343.717705 	....completed....
	round 189000 		loglike -69343.717696 	....completed....
	round 190000 		loglike -69343.717696 	....completed....
	round 191000 		loglike -69343.717696 	....completed....
	round 192000 		loglike -69343.717696 	....completed....
	round 193000 		loglike -69343.717696 	....completed....
	round 194000 		loglike -69343.717696 	....completed....
	round 195000 		loglike -69343.717696 	....completed....
	round 196000 		loglike -69343.717696 	....completed....
	round 197000 		loglike -69343.717696 	....completed....
	round 198000 		loglike -69343.717696 	....completed....
	round 199000 		loglike -69343.717696 	....completed....
	round 200000 		loglike -69343.717696 	....completed....
	round 201000 		loglike -69343.717689 	....completed....
	round 202000 		loglike -69343.717689 	....completed....
	round 203000 		loglike -69343.717689 	....completed....
	round 204000 		loglike -69343.717689 	....completed....
	round 205000 		loglike -69343.717689 	....completed....
	round 206000 		loglike -69343.717689 	....completed....
	round 207000 		loglike -69343.717689 	....completed....
	round 208000 		loglike -69343.717689 	....completed....
	round 209000 		loglike -69343.717683 	....completed....
	round 210000 		loglike -69343.717683 	....completed....
	round 211000 		loglike -69343.717683 	....completed....
	round 212000 		loglike -69343.717683 	....completed....
	round 213000 		loglike -69343.717683 	....completed....
	round 214000 		loglike -69343.717683 	....completed....
	round 215000 		loglike -69343.717683 	....completed....
	round 216000 		loglike -69343.717683 	....completed....
	round 217000 		loglike -69343.717683 	....completed....
	round 218000 		loglike -69343.717683 	....completed....
	round 219000 		loglike -69343.717682 	....completed....
	round 220000 		loglike -69343.717682 	....completed....
	round 221000 		loglike -69343.717682 	....completed....
	round 222000 		loglike -69343.717682 	....completed....
	round 223000 		loglike -69343.717682 	....completed....
	round 224000 		loglike -69343.717682 	....completed....
	round 225000 		loglike -69343.717682 	....completed....
	round 226000 		loglike -69343.717682 	....completed....
	round 227000 		loglike -69343.717681 	....completed....
	round 228000 		loglike -69343.717681 	....completed....
	round 229000 		loglike -69343.717681 	....completed....
	round 230000 		loglike -69343.717681 	....completed....
	round 231000 		loglike -69343.717681 	....completed....
	round 232000 		loglike -69343.717681 	....completed....
	round 233000 		loglike -69343.717681 	....completed....
	round 234000 		loglike -69343.717681 	....completed....
	round 235000 		loglike -69343.717681 	....completed....
	round 236000 		loglike -69343.717681 	....completed....
	round 237000 		loglike -69343.717663 	....completed....
	round 238000 		loglike -69343.717663 	....completed....
	round 239000 		loglike -69343.717663 	....completed....
	round 240000 		loglike -69343.717663 	....completed....
	round 241000 		loglike -69343.717663 	....completed....
	round 242000 		loglike -69343.717663 	....completed....
	round 243000 		loglike -69343.717647 	....completed....
	round 244000 		loglike -69343.717647 	....completed....
	round 245000 		loglike -69343.717647 	....completed....
	round 246000 		loglike -69343.717647 	....completed....
	round 247000 		loglike -69343.717647 	....completed....
	round 248000 		loglike -69343.717647 	....completed....
	round 249000 		loglike -69343.717647 	....completed....
	round 250000 		loglike -69343.717647 	....completed....
	round 251000 		loglike -69343.717647 	....completed....
	round 252000 		loglike -69343.717647 	....completed....
	round 253000 		loglike -69343.717647 	....completed....
	round 254000 		loglike -69343.717647 	....completed....
	round 255000 		loglike -69343.717647 	....completed....
	round 256000 		loglike -69343.717647 	....completed....
	round 257000 		loglike -69343.717647 	....completed....
	round 258000 		loglike -69343.717647 	....completed....
	round 259000 		loglike -69343.717645 	....completed....
	round 260000 		loglike -69343.717645 	....completed....
	round 261000 		loglike -69343.717645 	....completed....
	round 262000 		loglike -69343.717645 	....completed....
	round 263000 		loglike -69343.717645 	....completed....
	round 264000 		loglike -69343.717645 	....completed....
	round 265000 		loglike -69343.717645 	....completed....
	round 266000 		loglike -69343.717645 	....completed....
	round 267000 		loglike -69343.717645 	....completed....
	round 268000 		loglike -69343.717643 	....completed....
	round 269000 		loglike -69343.717642 	....completed....
	round 270000 		loglike -69343.717642 	....completed....
	round 271000 		loglike -69343.717635 	....completed....
	round 272000 		loglike -69343.717635 	....completed....
	round 273000 		loglike -69343.717635 	....completed....
	round 274000 		loglike -69343.717635 	....completed....
	round 275000 		loglike -69343.717635 	....completed....
	round 276000 		loglike -69343.717635 	....completed....
	round 277000 		loglike -69343.717635 	....completed....
	round 278000 		loglike -69343.717635 	....completed....
	round 279000 		loglike -69343.717635 	....completed....
	round 280000 		loglike -69343.717635 	....completed....
	round 281000 		loglike -69343.717635 	....completed....
	round 282000 		loglike -69343.717635 	....completed....
	round 283000 		loglike -69343.717635 	....completed....
	round 284000 		loglike -69343.717635 	....completed....
	round 285000 		loglike -69343.717633 	....completed....
	round 286000 		loglike -69343.717633 	....completed....
	round 287000 		loglike -69343.717624 	....completed....
	round 288000 		loglike -69343.717624 	....completed....
	round 289000 		loglike -69343.717624 	....completed....
	round 290000 		loglike -69343.717624 	....completed....
	round 291000 		loglike -69343.717624 	....completed....
	round 292000 		loglike -69343.717624 	....completed....
	round 293000 		loglike -69343.717624 	....completed....
	round 294000 		loglike -69343.717624 	....completed....
	round 295000 		loglike -69343.717624 	....completed....
	round 296000 		loglike -69343.717624 	....completed....
	round 297000 		loglike -69343.717624 	....completed....
	round 298000 		loglike -69343.717571 	....completed....
	round 299000 		loglike -69343.717571 	....completed....
	round 300000 		loglike -69343.717571 	....completed....
	round 301000 		loglike -69343.717571 	....completed....
	round 302000 		loglike -69343.717571 	....completed....
	round 303000 		loglike -69343.717571 	....completed....
	round 304000 		loglike -69343.717571 	....completed....
	round 305000 		loglike -69343.717571 	....completed....
	round 306000 		loglike -69343.717571 	....completed....
	round 307000 		loglike -69343.717571 	....completed....
	round 308000 		loglike -69343.717571 	....completed....
	round 309000 		loglike -69343.717571 	....completed....
	round 310000 		loglike -69343.717570 	....completed....
	round 311000 		loglike -69343.717570 	....completed....
	round 312000 		loglike -69343.717570 	....completed....
	round 313000 		loglike -69343.717570 	....completed....
	round 314000 		loglike -69343.717570 	....completed....
	round 315000 		loglike -69343.717570 	....completed....
	round 316000 		loglike -69343.717570 	....completed....
	round 317000 		loglike -69343.717570 	....completed....
	round 318000 		loglike -69343.717570 	....completed....
	round 319000 		loglike -69343.717570 	....completed....
	round 320000 		loglike -69343.717570 	....completed....
	round 321000 		loglike -69343.717570 	....completed....
	round 322000 		loglike -69343.717570 	....completed....
	round 323000 		loglike -69343.717570 	....completed....
	round 324000 		loglike -69343.717570 	....completed....
	round 325000 		loglike -69343.717570 	....completed....
	round 326000 		loglike -69343.717570 	....completed....
	round 327000 		loglike -69343.717570 	....completed....
	round 328000 		loglike -69343.717570 	....completed....
	round 329000 		loglike -69343.717570 	....completed....
	round 330000 		loglike -69343.717570 	....completed....
			Analysis is completed in 37 seconds (cpu time is 38 seconds)
	round 1000 		loglike -95172.041610 	....completed....
	round 2000 		loglike -86103.748989 	....completed....
	round 3000 		loglike -81725.029366 	....completed....
	round 4000 		loglike -78761.975940 	....completed....
	round 5000 		loglike -76574.555616 	....completed....
	round 6000 		loglike -75108.436990 	....completed....
	round 7000 		loglike -73802.566666 	....completed....
	round 8000 		loglike -72925.520079 	....completed....
	round 9000 		loglike -72444.675918 	....completed....
	round 10000 		loglike -72171.107014 	....completed....
	round 11000 		loglike -71450.576876 	....completed....
	round 12000 		loglike -71211.561828 	....completed....
	round 13000 		loglike -70887.173485 	....completed....
	round 14000 		loglike -70490.169087 	....completed....
	round 15000 		loglike -70172.445723 	....completed....
	round 16000 		loglike -69891.633770 	....completed....
	round 17000 		loglike -69839.736080 	....completed....
	round 18000 		loglike -69701.650070 	....completed....
	round 19000 		loglike -69609.536795 	....completed....
	round 20000 		loglike -69560.254896 	....completed....
	round 21000 		loglike -69471.114322 	....completed....
	round 22000 		loglike -69424.771092 	....completed....
	round 23000 		loglike -69397.646642 	....completed....
	round 24000 		loglike -69377.995796 	....completed....
	round 25000 		loglike -69369.879573 	....completed....
	round 26000 		loglike -69364.610767 	....completed....
	round 27000 		loglike -69361.178891 	....completed....
	round 28000 		loglike -69358.032678 	....completed....
	round 29000 		loglike -69353.954322 	....completed....
	round 30000 		loglike -69351.906171 	....completed....
	round 31000 		loglike -69350.628334 	....completed....
	round 32000 		loglike -69348.300758 	....completed....
	round 33000 		loglike -69347.305262 	....completed....
	round 34000 		loglike -69346.905842 	....completed....
	round 35000 		loglike -69346.765895 	....completed....
	round 36000 		loglike -69346.064006 	....completed....
	round 37000 		loglike -69345.737159 	....completed....
	round 38000 		loglike -69345.286632 	....completed....
	round 39000 		loglike -69344.850038 	....completed....
	round 40000 		loglike -69344.462604 	....completed....
	round 41000 		loglike -69344.255570 	....completed....
	round 42000 		loglike -69343.807843 	....completed....
	round 43000 		loglike -69343.731642 	....completed....
	round 44000 		loglike -69343.721571 	....completed....
	round 45000 		loglike -69343.721081 	....completed....
	round 46000 		loglike -69343.721019 	....completed....
	round 47000 		loglike -69343.720998 	....completed....
	round 48000 		loglike -69343.720997 	....completed....
	round 49000 		loglike -69343.720997 	....completed....
	round 50000 		loglike -69343.720995 	....completed....
	round 51000 		loglike -69343.720994 	....completed....
	round 52000 		loglike -69343.720994 	....completed....
	round 53000 		loglike -69343.720994 	....completed....
	round 54000 		loglike -69343.720994 	....completed....
	round 55000 		loglike -69343.720850 	....completed....
	round 56000 		loglike -69343.720848 	....completed....
	round 57000 		loglike -69343.720848 	....completed....
	round 58000 		loglike -69343.720796 	....completed....
	round 59000 		loglike -69343.720415 	....completed....
	round 60000 		loglike -69343.720331 	....completed....
	round 61000 		loglike -69343.720330 	....completed....
	round 62000 		loglike -69343.720310 	....completed....
	round 63000 		loglike -69343.720310 	....completed....
	round 64000 		loglike -69343.720310 	....completed....
	round 65000 		loglike -69343.720009 	....completed....
	round 66000 		loglike -69343.720009 	....completed....
	round 67000 		loglike -69343.720009 	....completed....
	round 68000 		loglike -69343.719616 	....completed....
	round 69000 		loglike -69343.719616 	....completed....
	round 70000 		loglike -69343.719605 	....completed....
	round 71000 		loglike -69343.719605 	....completed....
	round 72000 		loglike -69343.719605 	....completed....
	round 73000 		loglike -69343.719605 	....completed....
	round 74000 		loglike -69343.719605 	....completed....
	round 75000 		loglike -69343.719605 	....completed....
	round 76000 		loglike -69343.719605 	....completed....
	round 77000 		loglike -69343.719605 	....completed....
	round 78000 		loglike -69343.719605 	....completed....
	round 79000 		loglike -69343.719104 	....completed....
	round 80000 		loglike -69343.719001 	....completed....
	round 81000 		loglike -69343.719001 	....completed....
	round 82000 		loglike -69343.719001 	....completed....
	round 83000 		loglike -69343.719001 	....completed....
	round 84000 		loglike -69343.718894 	....completed....
	round 85000 		loglike -69343.718750 	....completed....
	round 86000 		loglike -69343.718673 	....completed....
	round 87000 		loglike -69343.718673 	....completed....
	round 88000 		loglike -69343.718060 	....completed....
	round 89000 		loglike -69343.718060 	....completed....
	round 90000 		loglike -69343.718060 	....completed....
	round 91000 		loglike -69343.718054 	....completed....
	round 92000 		loglike -69343.718054 	....completed....
	round 93000 		loglike -69343.718035 	....completed....
	round 94000 		loglike -69343.718035 	....completed....
	round 95000 		loglike -69343.718035 	....completed....
	round 96000 		loglike -69343.718035 	....completed....
	round 97000 		loglike -69343.718035 	....completed....
	round 98000 		loglike -69343.718035 	....completed....
	round 99000 		loglike -69343.718035 	....completed....
	round 100000 		loglike -69343.718035 	....completed....
	round 101000 		loglike -69343.718019 	....completed....
	round 102000 		loglike -69343.718019 	....completed....
	round 103000 		loglike -69343.717969 	....completed....
	round 104000 		loglike -69343.717969 	....completed....
	round 105000 		loglike -69343.717969 	....completed....
	round 106000 		loglike -69343.717969 	....completed....
	round 107000 		loglike -69343.717969 	....completed....
	round 108000 		loglike -69343.717969 	....completed....
	round 109000 		loglike -69343.717969 	....completed....
	round 110000 		loglike -69343.717969 	....completed....
	round 111000 		loglike -69343.717969 	....completed....
	round 112000 		loglike -69343.717969 	....completed....
	round 113000 		loglike -69343.717969 	....completed....
	round 114000 		loglike -69343.717969 	....completed....
	round 115000 		loglike -69343.717969 	....completed....
	round 116000 		loglike -69343.717959 	....completed....
	round 117000 		loglike -69343.717951 	....completed....
	round 118000 		loglike -69343.717951 	....completed....
	round 119000 		loglike -69343.717949 	....completed....
	round 120000 		loglike -69343.717949 	....completed....
	round 121000 		loglike -69343.717949 	....completed....
	round 122000 		loglike -69343.717949 	....completed....
	round 123000 		loglike -69343.717949 	....completed....
	round 124000 		loglike -69343.717949 	....completed....
	round 125000 		loglike -69343.717949 	....completed....
	round 126000 		loglike -69343.717949 	....completed....
	round 127000 		loglike -69343.717949 	....completed....
	round 128000 		loglike -69343.717949 	....completed....
	round 129000 		loglike -69343.717925 	....completed....
	round 130000 		loglike -69343.717925 	....completed....
	round 131000 		loglike -69343.717925 	....completed....
	round 132000 		loglike -69343.717925 	....completed....
	round 133000 		loglike -69343.717925 	....completed....
	round 134000 		loglike -69343.717925 	....completed....
	round 135000 		loglike -69343.717925 	....completed....
	round 136000 		loglike -69343.717925 	....completed....
	round 137000 		loglike -69343.717925 	....completed....
	round 138000 		loglike -69343.717924 	....completed....
	round 139000 		loglike -69343.717924 	....completed....
	round 140000 		loglike -69343.717924 	....completed....
	round 141000 		loglike -69343.717924 	....completed....
	round 142000 		loglike -69343.717921 	....completed....
	round 143000 		loglike -69343.717913 	....completed....
	round 144000 		loglike -69343.717913 	....completed....
	round 145000 		loglike -69343.717913 	....completed....
	round 146000 		loglike -69343.717913 	....completed....
	round 147000 		loglike -69343.717913 	....completed....
	round 148000 		loglike -69343.717913 	....completed....
	round 149000 		loglike -69343.717913 	....completed....
	round 150000 		loglike -69343.717913 	....completed....
	round 151000 		loglike -69343.717913 	....completed....
	round 152000 		loglike -69343.717913 	....completed....
	round 153000 		loglike -69343.717913 	....completed....
	round 154000 		loglike -69343.717913 	....completed....
	round 155000 		loglike -69343.717913 	....completed....
	round 156000 		loglike -69343.717913 	....completed....
	round 157000 		loglike -69343.717913 	....completed....
	round 158000 		loglike -69343.717913 	....completed....
	round 159000 		loglike -69343.717714 	....completed....
	round 160000 		loglike -69343.717714 	....completed....
	round 161000 		loglike -69343.717637 	....completed....
	round 162000 		loglike -69343.717637 	....completed....
	round 163000 		loglike -69343.717637 	....completed....
	round 164000 		loglike -69343.717637 	....completed....
	round 165000 		loglike -69343.717629 	....completed....
	round 166000 		loglike -69343.717629 	....completed....
	round 167000 		loglike -69343.717624 	....completed....
	round 168000 		loglike -69343.717624 	....completed....
	round 169000 		loglike -69343.717617 	....completed....
	round 170000 		loglike -69343.717617 	....completed....
	round 171000 		loglike -69343.717617 	....completed....
	round 172000 		loglike -69343.717617 	....completed....
	round 173000 		loglike -69343.717617 	....completed....
	round 174000 		loglike -69343.717617 	....completed....
	round 175000 		loglike -69343.717617 	....completed....
	round 176000 		loglike -69343.717617 	....completed....
	round 177000 		loglike -69343.717617 	....completed....
	round 178000 		loglike -69343.717617 	....completed....
	round 179000 		loglike -69343.717617 	....completed....
	round 180000 		loglike -69343.717617 	....completed....
	round 181000 		loglike -69343.717617 	....completed....
	round 182000 		loglike -69343.717617 	....completed....
	round 183000 		loglike -69343.717617 	....completed....
	round 184000 		loglike -69343.717617 	....completed....
	round 185000 		loglike -69343.717617 	....completed....
	round 186000 		loglike -69343.717617 	....completed....
	round 187000 		loglike -69343.717617 	....completed....
	round 188000 		loglike -69343.717617 	....completed....
			Analysis is completed in 22 seconds (cpu time is 21 seconds)
	round 1000 		loglike -97472.062733 	....completed....
	round 2000 		loglike -85867.110550 	....completed....
	round 3000 		loglike -82438.168225 	....completed....
	round 4000 		loglike -78786.926429 	....completed....
	round 5000 		loglike -76475.813635 	....completed....
	round 6000 		loglike -75116.047219 	....completed....
	round 7000 		loglike -73971.193791 	....completed....
	round 8000 		loglike -73301.762872 	....completed....
	round 9000 		loglike -72673.049316 	....completed....
	round 10000 		loglike -72281.693288 	....completed....
	round 11000 		loglike -71940.242483 	....completed....
	round 12000 		loglike -71536.223105 	....completed....
	round 13000 		loglike -71073.985244 	....completed....
	round 14000 		loglike -70746.969131 	....completed....
	round 15000 		loglike -70334.564227 	....completed....
	round 16000 		loglike -70222.961265 	....completed....
	round 17000 		loglike -70076.075451 	....completed....
	round 18000 		loglike -69785.337263 	....completed....
	round 19000 		loglike -69638.948326 	....completed....
	round 20000 		loglike -69556.183419 	....completed....
	round 21000 		loglike -69495.887077 	....completed....
	round 22000 		loglike -69436.400588 	....completed....
	round 23000 		loglike -69375.918582 	....completed....
	round 24000 		loglike -69373.426069 	....completed....
	round 25000 		loglike -69370.795757 	....completed....
	round 26000 		loglike -69359.897395 	....completed....
	round 27000 		loglike -69349.624864 	....completed....
	round 28000 		loglike -69347.968496 	....completed....
	round 29000 		loglike -69345.861620 	....completed....
	round 30000 		loglike -69345.382464 	....completed....
	round 31000 		loglike -69345.277538 	....completed....
	round 32000 		loglike -69344.414973 	....completed....
	round 33000 		loglike -69344.213050 	....completed....
	round 34000 		loglike -69344.132131 	....completed....
	round 35000 		loglike -69343.904592 	....completed....
	round 36000 		loglike -69343.754028 	....completed....
	round 37000 		loglike -69343.732900 	....completed....
	round 38000 		loglike -69343.731478 	....completed....
	round 39000 		loglike -69343.731478 	....completed....
	round 40000 		loglike -69343.731478 	....completed....
	round 41000 		loglike -69343.722757 	....completed....
	round 42000 		loglike -69343.722742 	....completed....
	round 43000 		loglike -69343.722740 	....completed....
	round 44000 		loglike -69343.722338 	....completed....
	round 45000 		loglike -69343.722338 	....completed....
	round 46000 		loglike -69343.722338 	....completed....
	round 47000 		loglike -69343.722006 	....completed....
	round 48000 		loglike -69343.722006 	....completed....
	round 49000 		loglike -69343.722005 	....completed....
	round 50000 		loglike -69343.721627 	....completed....
	round 51000 		loglike -69343.721584 	....completed....
	round 52000 		loglike -69343.721573 	....completed....
	round 53000 		loglike -69343.721572 	....completed....
	round 54000 		loglike -69343.719950 	....completed....
	round 55000 		loglike -69343.719940 	....completed....
	round 56000 		loglike -69343.719940 	....completed....
	round 57000 		loglike -69343.719888 	....completed....
	round 58000 		loglike -69343.719887 	....completed....
	round 59000 		loglike -69343.719887 	....completed....
	round 60000 		loglike -69343.719887 	....completed....
	round 61000 		loglike -69343.719658 	....completed....
	round 62000 		loglike -69343.718619 	....completed....
	round 63000 		loglike -69343.718619 	....completed....
	round 64000 		loglike -69343.718619 	....completed....
	round 65000 		loglike -69343.718609 	....completed....
	round 66000 		loglike -69343.718609 	....completed....
	round 67000 		loglike -69343.718608 	....completed....
	round 68000 		loglike -69343.718608 	....completed....
	round 69000 		loglike -69343.718608 	....completed....
	round 70000 		loglike -69343.718608 	....completed....
	round 71000 		loglike -69343.718608 	....completed....
	round 72000 		loglike -69343.718608 	....completed....
	round 73000 		loglike -69343.718607 	....completed....
	round 74000 		loglike -69343.718607 	....completed....
	round 75000 		loglike -69343.718607 	....completed....
	round 76000 		loglike -69343.718607 	....completed....
	round 77000 		loglike -69343.718244 	....completed....
	round 78000 		loglike -69343.718244 	....completed....
	round 79000 		loglike -69343.718244 	....completed....
	round 80000 		loglike -69343.718244 	....completed....
	round 81000 		loglike -69343.718066 	....completed....
	round 82000 		loglike -69343.718066 	....completed....
	round 83000 		loglike -69343.718066 	....completed....
	round 84000 		loglike -69343.718064 	....completed....
	round 85000 		loglike -69343.718064 	....completed....
	round 86000 		loglike -69343.718064 	....completed....
	round 87000 		loglike -69343.718064 	....completed....
	round 88000 		loglike -69343.717983 	....completed....
	round 89000 		loglike -69343.717975 	....completed....
	round 90000 		loglike -69343.717914 	....completed....
	round 91000 		loglike -69343.717913 	....completed....
	round 92000 		loglike -69343.717898 	....completed....
	round 93000 		loglike -69343.717898 	....completed....
	round 94000 		loglike -69343.717898 	....completed....
	round 95000 		loglike -69343.717898 	....completed....
	round 96000 		loglike -69343.717898 	....completed....
	round 97000 		loglike -69343.717898 	....completed....
	round 98000 		loglike -69343.717898 	....completed....
	round 99000 		loglike -69343.717858 	....completed....
	round 100000 		loglike -69343.717858 	....completed....
	round 101000 		loglike -69343.717858 	....completed....
	round 102000 		loglike -69343.717858 	....completed....
	round 103000 		loglike -69343.717858 	....completed....
	round 104000 		loglike -69343.717858 	....completed....
	round 105000 		loglike -69343.717858 	....completed....
	round 106000 		loglike -69343.717858 	....completed....
	round 107000 		loglike -69343.717858 	....completed....
	round 108000 		loglike -69343.717858 	....completed....
	round 109000 		loglike -69343.717858 	....completed....
	round 110000 		loglike -69343.717858 	....completed....
	round 111000 		loglike -69343.717858 	....completed....
	round 112000 		loglike -69343.717665 	....completed....
	round 113000 		loglike -69343.717648 	....completed....
	round 114000 		loglike -69343.717631 	....completed....
	round 115000 		loglike -69343.717631 	....completed....
	round 116000 		loglike -69343.717631 	....completed....
	round 117000 		loglike -69343.717631 	....completed....
	round 118000 		loglike -69343.717631 	....completed....
	round 119000 		loglike -69343.717631 	....completed....
	round 120000 		loglike -69343.717631 	....completed....
	round 121000 		loglike -69343.717631 	....completed....
	round 122000 		loglike -69343.717631 	....completed....
	round 123000 		loglike -69343.717630 	....completed....
	round 124000 		loglike -69343.717630 	....completed....
	round 125000 		loglike -69343.717630 	....completed....
	round 126000 		loglike -69343.717630 	....completed....
	round 127000 		loglike -69343.717630 	....completed....
	round 128000 		loglike -69343.717628 	....completed....
	round 129000 		loglike -69343.717628 	....completed....
	round 130000 		loglike -69343.717628 	....completed....
	round 131000 		loglike -69343.717628 	....completed....
	round 132000 		loglike -69343.717628 	....completed....
	round 133000 		loglike -69343.717628 	....completed....
	round 134000 		loglike -69343.717628 	....completed....
	round 135000 		loglike -69343.717628 	....completed....
	round 136000 		loglike -69343.717618 	....completed....
	round 137000 		loglike -69343.717618 	....completed....
	round 138000 		loglike -69343.717618 	....completed....
	round 139000 		loglike -69343.717618 	....completed....
	round 140000 		loglike -69343.717618 	....completed....
	round 141000 		loglike -69343.717617 	....completed....
	round 142000 		loglike -69343.717617 	....completed....
	round 143000 		loglike -69343.717617 	....completed....
	round 144000 		loglike -69343.717617 	....completed....
	round 145000 		loglike -69343.717617 	....completed....
	round 146000 		loglike -69343.717617 	....completed....
	round 147000 		loglike -69343.717617 	....completed....
	round 148000 		loglike -69343.717616 	....completed....
	round 149000 		loglike -69343.717616 	....completed....
	round 150000 		loglike -69343.717616 	....completed....
	round 151000 		loglike -69343.717616 	....completed....
	round 152000 		loglike -69343.717616 	....completed....
	round 153000 		loglike -69343.717616 	....completed....
	round 154000 		loglike -69343.717616 	....completed....
	round 155000 		loglike -69343.717616 	....completed....
	round 156000 		loglike -69343.717616 	....completed....
	round 157000 		loglike -69343.717614 	....completed....
	round 158000 		loglike -69343.717614 	....completed....
	round 159000 		loglike -69343.717614 	....completed....
	round 160000 		loglike -69343.717614 	....completed....
	round 161000 		loglike -69343.717611 	....completed....
	round 162000 		loglike -69343.717611 	....completed....
	round 163000 		loglike -69343.717611 	....completed....
	round 164000 		loglike -69343.717611 	....completed....
	round 165000 		loglike -69343.717611 	....completed....
	round 166000 		loglike -69343.717611 	....completed....
	round 167000 		loglike -69343.717601 	....completed....
	round 168000 		loglike -69343.717601 	....completed....
	round 169000 		loglike -69343.717601 	....completed....
	round 170000 		loglike -69343.717601 	....completed....
	round 171000 		loglike -69343.717601 	....completed....
	round 172000 		loglike -69343.717594 	....completed....
	round 173000 		loglike -69343.717594 	....completed....
	round 174000 		loglike -69343.717594 	....completed....
	round 175000 		loglike -69343.717594 	....completed....
	round 176000 		loglike -69343.717594 	....completed....
	round 177000 		loglike -69343.717594 	....completed....
	round 178000 		loglike -69343.717594 	....completed....
	round 179000 		loglike -69343.717594 	....completed....
	round 180000 		loglike -69343.717594 	....completed....
	round 181000 		loglike -69343.717594 	....completed....
	round 182000 		loglike -69343.717594 	....completed....
	round 183000 		loglike -69343.717594 	....completed....
	round 184000 		loglike -69343.717594 	....completed....
	round 185000 		loglike -69343.717594 	....completed....
	round 186000 		loglike -69343.717594 	....completed....
	round 187000 		loglike -69343.717594 	....completed....
	round 188000 		loglike -69343.717594 	....completed....
	round 189000 		loglike -69343.717594 	....completed....
	round 190000 		loglike -69343.717594 	....completed....
	round 191000 		loglike -69343.717594 	....completed....
			Analysis is completed in 22 seconds (cpu time is 22 seconds)
