IQ-TREE multicore version 1.6.8 for Linux 64-bit built Oct 28 2018
Developed by Bui Quang Minh, Nguyen Lam Tung, Olga Chernomor,
Heiko Schmidt, Dominik Schrempf, Michael Woodhams.

Host:    sango40413.oist.jp (AVX2, FMA3, 503 GB RAM)
Command: iqtree -s Yeast_2408//aln_seqs/OG1512.nt.aln -bb 1000 -redo -nt 3 -spp Yeast_2408//aln_seqs/OG1512.nt.aln.nex -m MFPMERGE
Seed:    101068 (Using SPRNG - Scalable Parallel Random Number Generator)
Time:    Mon Feb 18 09:12:47 2019
Kernel:  AVX+FMA - 3 threads (24 CPU cores detected)

Reading partition model file Yeast_2408//aln_seqs/OG1512.nt.aln.nex ...
Reading alignment file Yeast_2408//aln_seqs/OG1512.nt.aln ... Fasta format detected
Alignment most likely contains DNA/RNA sequences
Alignment has 40 sequences with 1509 columns, 765 distinct patterns
680 parsimony-informative, 235 singleton sites, 594 constant sites
                                             Gap/Ambiguity  Composition  p-value
   1  Candida_glabrata                               0.00%    failed      4.24%
   2  Kazachstania_africana                          0.00%    passed     62.75%
   3  Kazachstania_naganishii                        0.00%    failed      0.00%
   4  Nakaseomyces_bacillisporus                     0.00%    failed      1.55%
   5  Nakaseomyces_bracarensis                       0.00%    passed      8.33%
   6  Nakaseomyces_castellii                         0.00%    passed     64.65%
   7  Nakaseomyces_delphensis                        0.00%    failed      2.26%
   8  Nakaseomyces_nivariensis                       0.00%    failed      0.04%
   9  Naumovozyma_castellii                          0.00%    passed     62.36%
  10  Naumovozyma_dairenensis                        0.00%    failed      0.50%
  11  Neurospora_crassa                              0.00%    failed      0.00%
  12  Saccharomyces_arboricola                       0.00%    passed     80.57%
  13  Saccharomyces_cerevisiae                       0.00%    passed     97.29%
  14  Saccharomyces_eubayanus                        0.00%    passed     48.48%
  15  Saccharomyces_kudriavzevii                     0.00%    passed     75.15%
  16  Saccharomyces_mikatae                          0.00%    passed     99.30%
  17  Saccharomyces_paradoxus                        0.00%    passed     76.71%
  18  Saccharomyces_uvarum                           0.00%    passed     31.92%
  19  Tetrapisispora_blattae                         0.00%    failed      0.05%
  20  Tetrapisispora_phaffii                         0.00%    passed     15.81%
  21  Vanderwaltozyma_polyspora                      0.00%    passed     26.27%
  22  yHAB132_Kazachstania_martiniae                 0.00%    passed     13.21%
  23  yHAB133_Kazachstania_unispora                  0.00%    failed      3.25%
  24  yHAB134_Kazachstania_turicensis                0.00%    passed     74.71%
  25  yHAB136_Kazachstania_bromeliacearum            0.00%    passed     61.15%
  26  yHAB143_Kazachstania_siamensis                 0.00%    failed      0.93%
  27  yHAB147_Kazachstania_taianensis                0.00%    failed      0.00%
  28  yHAB148_Kazachstania_intestinalis              0.00%    failed      0.57%
  29  yHAB153_Kazachstania_rosinii                   0.00%    failed      0.42%
  30  yHAB154_Kazachstania_transvaalensis            0.00%    failed      0.44%
  31  yHAB155_Kazachstania_spencerorum               0.00%    passed      5.80%
  32  yHAB158_Kazachstania_viticola                  0.00%    passed      9.73%
  33  yHAB159_Kazachstania_solicola                  0.00%    passed     77.21%
  34  yHAB160_Kazachstania_kunashirensis             0.00%    passed     11.30%
  35  yHAB164_Kazachstania_aerobia                   0.00%    passed     77.24%
  36  yHAB166_Kazachstania_yakushimaensis            0.00%    failed      0.01%
  37  yHMPu5000034875_Tetrapisispora_fleetii         0.00%    failed      0.07%
  38  yHMPu5000034876_Tetrapisispora_iriomotensis    0.00%    failed      2.44%
  39  yHMPu5000034877_Tetrapisispora_namnaonensis    0.00%    failed      0.17%
  40  yHMPu5000035629_Yueomyces_sinensis             0.00%    passed     24.14%
****  TOTAL                                          0.00%  18 sequences failed composition chi2 test (p-value<5%; df=3)
NOTE: No CharPartition defined, use all CharSets

Loading 3 partitions...
Subset	Type	Seqs	Sites	Infor	Invar	Model	Name
1		40	503	156	240	MFPMERGE	p1
2		40	503	72	338	MFPMERGE	p2
3		40	503	452	16	MFPMERGE	p3
Degree of missing data: 0.000
Info: multi-threading strategy over partitions



Create initial parsimony tree by phylogenetic likelihood library (PLL)... 0.716 seconds
NOTE: ModelFinder requires 13 MB RAM!
Testing GTR+F+G on supermatrix...
GTR+F+G4 / LnL: -22764.794 / df: 86 / AIC: 45701.588 / AICc: 45712.112 / BIC: 46159.040
Selecting individual models for 3 charsets using BIC...
 No. Model        Score       Charset
   1 TPM3u+F+G4   5757.372    p2
WARNING: Log-likelihood of TVMe+R4 worse than TVMe+R3
   2 GTR+F+G4     9588.479    p1
WARNING: Log-likelihood of SYM+R4 worse than SYM+R3
   3 TVM+F+R9     28574.795   p3
Full partition model BIC score: 44521.948 (LnL: -21832.801  df:117)
Merging models to increase model fit (about 7 total partition schemes)...
   4 GTR+F+G4     44593.057   p1+p2
   5 TIM2+F+I+G4  45759.459   p2+p3
   6 SYM+I+G4     45314.154   p1+p3
BEST-FIT PARTITION MODEL: 
  charpartition BIC = GTR+F+G4: p1, TPM3u+F+G4: p2, TVM+F+R9: p3;
Agglomerative model selection: (p1,p2,p3)
Partition information was printed to Yeast_2408//aln_seqs/OG1512.nt.aln.nex.best_scheme.nex
Partition information in Raxml format was printed to Yeast_2408//aln_seqs/OG1512.nt.aln.nex.best_scheme

All model information printed to Yeast_2408//aln_seqs/OG1512.nt.aln.nex.model.gz
CPU time for ModelFinder: 247.858 seconds (0h:4m:7s)
Wall-clock time for ModelFinder: 12127.576 seconds (3h:22m:7s)
Generating 1000 samples for ultrafast bootstrap (seed: 101068)...

NOTE: 10 MB RAM (0 GB) is required!
Estimate model parameters (epsilon = 0.100)
Initial log-likelihood: -24908.705
Current log-likelihood at step 1: -21928.066
Current log-likelihood at step 2: -21878.290
Current log-likelihood at step 3: -21868.390
Current log-likelihood at step 4: -21867.348
Current log-likelihood at step 5: -21867.013
Current log-likelihood at step 6: -21866.854
Current log-likelihood at step 7: -21866.751
Current log-likelihood at step 8: -21866.686
Partition-specific rates:  0.534 0.281 2.185
Parameters optimization took 7 rounds (208.833 sec)

Computing ML distances based on estimated model parameters... 0.046 sec
Computing BIONJ tree...
0.182 seconds
Log-likelihood of BIONJ tree: -21847.449
--------------------------------------------------------------------
|             INITIALIZING CANDIDATE TREE SET                      |
--------------------------------------------------------------------
Generating 98 parsimony trees... 59.598 second
Computing log-likelihood of 98 initial trees ... 762.002 seconds
Current best score: -21837.720

Do NNI search on 20 best initial trees
Estimate model parameters (epsilon = 0.100)
Initial log-likelihood: -21813.047
Current log-likelihood at step 1: -21796.229
Current log-likelihood at step 2: -21788.829
Current log-likelihood at step 3: -21785.553
Current log-likelihood at step 4: -21783.590
Current log-likelihood at step 5: -21782.208
Current log-likelihood at step 6: -21781.222
Current log-likelihood at step 7: -21780.514
Current log-likelihood at step 8: -21779.935
Current log-likelihood at step 9: -21779.456
Current log-likelihood at step 10: -21778.999
Current log-likelihood at step 11: -21778.610
Current log-likelihood at step 12: -21778.262
Current log-likelihood at step 13: -21777.933
Current log-likelihood at step 14: -21777.627
Current log-likelihood at step 15: -21777.336
Current log-likelihood at step 16: -21777.062
Current log-likelihood at step 17: -21776.802
Current log-likelihood at step 18: -21776.559
Current log-likelihood at step 19: -21776.326
Current log-likelihood at step 20: -21776.108
Current log-likelihood at step 21: -21775.896
Current log-likelihood at step 22: -21775.698
Current log-likelihood at step 23: -21775.504
Current log-likelihood at step 24: -21775.322
Current log-likelihood at step 25: -21775.142
Current log-likelihood at step 26: -21774.971
Current log-likelihood at step 27: -21774.801
Current log-likelihood at step 28: -21774.638
Current log-likelihood at step 29: -21774.487
Current log-likelihood at step 30: -21774.375
Current log-likelihood at step 31: -21774.263
Current log-likelihood at step 32: -21774.154
Current log-likelihood at step 33: -21774.042
Current log-likelihood at step 34: -21773.935
Current log-likelihood at step 35: -21773.813
Current log-likelihood at step 36: -21773.704
Current log-likelihood at step 37: -21773.599
Current log-likelihood at step 38: -21773.489
Current log-likelihood at step 39: -21773.386
Current log-likelihood at step 40: -21773.279
Current log-likelihood at step 41: -21773.178
Current log-likelihood at step 42: -21773.071
Current log-likelihood at step 43: -21772.970
Current log-likelihood at step 44: -21772.866
Current log-likelihood at step 45: -21772.766
Current log-likelihood at step 46: -21772.662
Current log-likelihood at step 47: -21772.561
Current log-likelihood at step 48: -21772.456
Current log-likelihood at step 49: -21772.354
Current log-likelihood at step 50: -21772.249
Current log-likelihood at step 51: -21772.146
Current log-likelihood at step 52: -21772.038
Current log-likelihood at step 53: -21771.933
Current log-likelihood at step 54: -21771.822
Current log-likelihood at step 55: -21771.714
Current log-likelihood at step 56: -21771.602
Current log-likelihood at step 57: -21771.491
Current log-likelihood at step 58: -21771.377
Current log-likelihood at step 59: -21771.263
Current log-likelihood at step 60: -21771.146
Current log-likelihood at step 61: -21771.030
Current log-likelihood at step 62: -21770.910
Current log-likelihood at step 63: -21770.777
Current log-likelihood at step 64: -21770.602
Current log-likelihood at step 65: -21770.426
Current log-likelihood at step 66: -21770.245
Current log-likelihood at step 67: -21770.065
Current log-likelihood at step 68: -21769.885
Current log-likelihood at step 69: -21769.707
Current log-likelihood at step 70: -21769.530
Current log-likelihood at step 71: -21769.358
Current log-likelihood at step 72: -21769.188
Current log-likelihood at step 73: -21769.024
Current log-likelihood at step 74: -21768.865
Current log-likelihood at step 75: -21768.827
Parameters optimization took 74 rounds (2404.374 sec)

BETTER TREE FOUND at iteration 1: -21768.827
Estimate model parameters (epsilon = 0.100)
Initial log-likelihood: -21756.774
Current log-likelihood at step 1: -21755.761
Current log-likelihood at step 2: -21755.733
Parameters optimization took 1 rounds (14.565 sec)

BETTER TREE FOUND at iteration 2: -21755.733
Estimate model parameters (epsilon = 0.100)
Initial log-likelihood: -21752.764
WARNING: Too high (saturated) partition rates for proportional partition model!
Current log-likelihood at step 1: -21752.615
WARNING: Too high (saturated) partition rates for proportional partition model!
Current log-likelihood at step 2: -21752.584
Parameters optimization took 1 rounds (28.564 sec)

BETTER TREE FOUND at iteration 3: -21752.584
Iteration 10 / LogL: -21761.641 / Time: 1h:20m:15s
Estimate model parameters (epsilon = 0.100)
Initial log-likelihood: -21748.653
Current log-likelihood at step 1: -21748.481
Current log-likelihood at step 2: -21748.452
Parameters optimization took 1 rounds (33.893 sec)

BETTER TREE FOUND at iteration 17: -21748.452
Iteration 20 / LogL: -21783.482 / Time: 1h:44m:46s
Finish initializing candidate tree set (19)
Current best tree score: -21748.452 / CPU time: 6050.789
Number of iterations: 20
--------------------------------------------------------------------
|               OPTIMIZING CANDIDATE TREE SET                      |
--------------------------------------------------------------------
Iteration 30 / LogL: -21750.841 / Time: 2h:2m:0s (6h:5m:59s left)
Estimate model parameters (epsilon = 0.100)
Initial log-likelihood: -21748.394
Current log-likelihood at step 1: -21748.382
Parameters optimization took 0 rounds (3.811 sec)

UPDATE BEST LOG-LIKELIHOOD: -21748.382
Iteration 40 / LogL: -21748.903 / Time: 2h:15m:16s (4h:27m:3s left)
Estimate model parameters (epsilon = 0.100)
Initial log-likelihood: -21748.077
Current log-likelihood at step 1: -21748.010
Parameters optimization took 0 rounds (3.485 sec)

BETTER TREE FOUND at iteration 48: -21748.010
Iteration 50 / LogL: -21752.762 / Time: 2h:35m:49s (5h:11m:37s left)
Log-likelihood cutoff on original alignment: -21813.414
Estimate model parameters (epsilon = 0.100)
Initial log-likelihood: -21747.728
Current log-likelihood at step 1: -21747.694
Parameters optimization took 0 rounds (10.779 sec)

BETTER TREE FOUND at iteration 53: -21747.694
UPDATE BEST LOG-LIKELIHOOD: -21747.687
Iteration 60 / LogL: -21748.084 / Time: 2h:46m:15s (4h:22m:4s left)
Iteration 70 / LogL: -21748.018 / Time: 2h:57m:16s (3h:33m:14s left)
UPDATE BEST LOG-LIKELIHOOD: -21747.686
Iteration 80 / LogL: -21748.913 / Time: 3h:9m:55s (2h:55m:29s left)
UPDATE BEST LOG-LIKELIHOOD: -21747.684
Iteration 90 / LogL: -21747.735 / Time: 3h:23m:21s (2h:23m:56s left)
UPDATE BEST LOG-LIKELIHOOD: -21747.684
Iteration 100 / LogL: -21747.795 / Time: 3h:33m:51s (1h:54m:29s left)
Log-likelihood cutoff on original alignment: -21813.414
NOTE: Bootstrap correlation coefficient of split occurrence frequencies: 0.980
NOTE: UFBoot does not converge, continue at least 100 more iterations
Iteration 110 / LogL: -21749.288 / Time: 3h:48m:18s (3h:8m:30s left)
Iteration 120 / LogL: -21747.688 / Time: 3h:59m:21s (2h:40m:54s left)
Iteration 130 / LogL: -21747.782 / Time: 4h:7m:4s (2h:14m:4s left)
Iteration 140 / LogL: -21754.528 / Time: 4h:17m:46s (1h:51m:16s left)
Iteration 150 / LogL: -21748.641 / Time: 4h:28m:4s (1h:29m:57s left)
Log-likelihood cutoff on original alignment: -21813.414
UPDATE BEST LOG-LIKELIHOOD: -21747.681
UPDATE BEST LOG-LIKELIHOOD: -21747.679
Iteration 160 / LogL: -21748.190 / Time: 4h:44m:8s (1h:11m:28s left)
Iteration 170 / LogL: -21749.205 / Time: 4h:53m:5s (0h:52m:1s left)
Iteration 180 / LogL: -21747.704 / Time: 5h:5m:1s (0h:34m:4s left)
Iteration 190 / LogL: -21747.681 / Time: 5h:16m:22s (0h:16m:44s left)
Iteration 200 / LogL: -21756.450 / Time: 5h:24m:53s (0h:0m:0s left)
Log-likelihood cutoff on original alignment: -21813.414
NOTE: Bootstrap correlation coefficient of split occurrence frequencies: 0.994
TREE SEARCH COMPLETED AFTER 200 ITERATIONS / Time: 5h:25m:13s

--------------------------------------------------------------------
|                    FINALIZING TREE SEARCH                        |
--------------------------------------------------------------------
Performs final model parameters optimization
Estimate model parameters (epsilon = 0.010)
Initial log-likelihood: -21747.678
Current log-likelihood at step 1: -21747.672
Partition-specific rates:  0.352 0.199 2.449
Parameters optimization took 0 rounds (1.645 sec)

BEST SCORE FOUND : -21747.672
Creating bootstrap support values...
Split supports printed to NEXUS file Yeast_2408//aln_seqs/OG1512.nt.aln.nex.splits.nex
Total tree length: 16.342

Total number of iterations: 200
CPU time used for tree search: 648.391 sec (0h:10m:48s)
Wall-clock time used for tree search: 19276.227 sec (5h:21m:16s)
Total CPU time used: 653.497 sec (0h:10m:53s)
Total wall-clock time used: 19520.142 sec (5h:25m:20s)

Computing bootstrap consensus tree...
Reading input file Yeast_2408//aln_seqs/OG1512.nt.aln.nex.splits.nex...
40 taxa and 428 splits.
Consensus tree written to Yeast_2408//aln_seqs/OG1512.nt.aln.nex.contree
Reading input trees file Yeast_2408//aln_seqs/OG1512.nt.aln.nex.contree
Log-likelihood of consensus tree: -21747.674

Analysis results written to: 
  IQ-TREE report:                Yeast_2408//aln_seqs/OG1512.nt.aln.nex.iqtree
  Maximum-likelihood tree:       Yeast_2408//aln_seqs/OG1512.nt.aln.nex.treefile
  Likelihood distances:          Yeast_2408//aln_seqs/OG1512.nt.aln.nex.mldist
  Best partitioning scheme:      Yeast_2408//aln_seqs/OG1512.nt.aln.nex.best_scheme.nex
           in RAxML format:      Yeast_2408//aln_seqs/OG1512.nt.aln.nex.best_scheme

Ultrafast bootstrap approximation results written to:
  Split support values:          Yeast_2408//aln_seqs/OG1512.nt.aln.nex.splits.nex
  Consensus tree:                Yeast_2408//aln_seqs/OG1512.nt.aln.nex.contree
  Screen log file:               Yeast_2408//aln_seqs/OG1512.nt.aln.nex.log

Date and Time: Mon Feb 18 18:00:40 2019
