IQ-TREE multicore version 1.6.8 for Linux 64-bit built Oct 28 2018
Developed by Bui Quang Minh, Nguyen Lam Tung, Olga Chernomor,
Heiko Schmidt, Dominik Schrempf, Michael Woodhams.

Host:    sango40413.oist.jp (AVX2, FMA3, 503 GB RAM)
Command: iqtree -s Yeast_2408//aln_seqs/OG1616.nt.aln -bb 1000 -redo -nt 3 -spp Yeast_2408//aln_seqs/OG1616.nt.aln.nex -m MFPMERGE
Seed:    630744 (Using SPRNG - Scalable Parallel Random Number Generator)
Time:    Mon Feb 18 10:52:55 2019
Kernel:  AVX+FMA - 3 threads (24 CPU cores detected)

Reading partition model file Yeast_2408//aln_seqs/OG1616.nt.aln.nex ...
Reading alignment file Yeast_2408//aln_seqs/OG1616.nt.aln ... Fasta format detected
Alignment most likely contains DNA/RNA sequences
Alignment has 40 sequences with 7860 columns, 6322 distinct patterns
5750 parsimony-informative, 770 singleton sites, 1340 constant sites
                                             Gap/Ambiguity  Composition  p-value
   1  Candida_glabrata                              10.53%    passed     24.64%
   2  Kazachstania_africana                          6.95%    passed     97.37%
   3  Kazachstania_naganishii                       16.11%    failed      0.00%
   4  Nakaseomyces_bacillisporus                    10.27%    passed     16.24%
   5  Nakaseomyces_bracarensis                      10.53%    failed      0.17%
   6  Nakaseomyces_castellii                        10.61%    failed      1.32%
   7  Nakaseomyces_delphensis                        6.76%    failed      2.15%
   8  Nakaseomyces_nivariensis                      10.50%    passed     19.14%
   9  Naumovozyma_castellii                         10.61%    passed      7.89%
  10  Naumovozyma_dairenensis                       26.45%    passed     21.92%
  11  Neurospora_crassa                             12.60%    failed      0.00%
  12  Saccharomyces_arboricola                       6.76%    failed      0.05%
  13  Saccharomyces_cerevisiae                      10.69%    failed      1.23%
  14  Saccharomyces_eubayanus                        7.10%    failed      0.00%
  15  Saccharomyces_kudriavzevii                    10.69%    failed      0.39%
  16  Saccharomyces_mikatae                          6.95%    failed      1.02%
  17  Saccharomyces_paradoxus                       15.38%    failed      1.16%
  18  Saccharomyces_uvarum                          12.67%    failed      0.01%
  19  Tetrapisispora_blattae                        10.31%    failed      0.00%
  20  Tetrapisispora_phaffii                         9.58%    failed      0.00%
  21  Vanderwaltozyma_polyspora                     10.11%    failed      0.00%
  22  yHAB132_Kazachstania_martiniae                10.69%    failed      4.37%
  23  yHAB133_Kazachstania_unispora                 15.00%    failed      1.78%
  24  yHAB134_Kazachstania_turicensis                9.92%    passed      9.36%
  25  yHAB136_Kazachstania_bromeliacearum           10.65%    failed      0.00%
  26  yHAB143_Kazachstania_siamensis                12.29%    failed      1.74%
  27  yHAB147_Kazachstania_taianensis                8.51%    passed      8.67%
  28  yHAB148_Kazachstania_intestinalis             10.76%    failed      0.00%
  29  yHAB153_Kazachstania_rosinii                  10.08%    passed     16.16%
  30  yHAB154_Kazachstania_transvaalensis           10.00%    failed      2.59%
  31  yHAB155_Kazachstania_spencerorum              11.34%    passed     11.38%
  32  yHAB158_Kazachstania_viticola                 10.27%    passed      9.07%
  33  yHAB159_Kazachstania_solicola                 13.93%    passed     40.31%
  34  yHAB160_Kazachstania_kunashirensis             6.68%    failed      0.00%
  35  yHAB164_Kazachstania_aerobia                  10.27%    passed     20.40%
  36  yHAB166_Kazachstania_yakushimaensis           10.04%    failed      0.00%
  37  yHMPu5000034875_Tetrapisispora_fleetii         9.50%    failed      0.00%
  38  yHMPu5000034876_Tetrapisispora_iriomotensis    9.66%    failed      0.00%
  39  yHMPu5000034877_Tetrapisispora_namnaonensis    9.54%    failed      0.00%
  40  yHMPu5000035629_Yueomyces_sinensis            11.03%    failed      2.96%
****  TOTAL                                         10.81%  27 sequences failed composition chi2 test (p-value<5%; df=3)
NOTE: No CharPartition defined, use all CharSets

Loading 3 partitions...
Subset	Type	Seqs	Sites	Infor	Invar	Model	Name
1		40	2620	1888	426	MFPMERGE	p1
2		40	2620	1458	757	MFPMERGE	p2
3		40	2620	2404	157	MFPMERGE	p3
Degree of missing data: 0.000
Info: multi-threading strategy over partitions



Create initial parsimony tree by phylogenetic likelihood library (PLL)... 9.033 seconds
NOTE: ModelFinder requires 108 MB RAM!
Testing GTR+F+G on supermatrix...
GTR+F+G4 / LnL: -205163.706 / df: 86 / AIC: 410499.412 / AICc: 410501.337 / BIC: 411098.792
Selecting individual models for 3 charsets using BIC...
 No. Model        Score       Charset
   1 GTR+F+R5     84409.519   p2
   2 GTR+F+R5     121276.049  p1
WARNING: Log-likelihood of TPM2+F+R4 worse than TPM2+F+R3
WARNING: Log-likelihood of TPM2u+F+R4 worse than TPM2u+F+R3
WARNING: Log-likelihood of TPM3+F+R4 worse than TPM3+F+R3
WARNING: Log-likelihood of TPM3u+F+R4 worse than TPM3u+F+R3
WARNING: Log-likelihood of TIM3e+R4 worse than TIM3e+R3
   3 TN+F+R10     195785.532  p3
Full partition model BIC score: 402216.505 (LnL: -200507.293  df:134)
Merging models to increase model fit (about 7 total partition schemes)...
   4 GTR+F+R5     403256.702  p1+p2
WARNING: Log-likelihood of TPM2+F+R8 worse than TPM2+F+R7
WARNING: Log-likelihood of TIM+F+R7 worse than TIM+F+R6
WARNING: Log-likelihood of TIM2+F+R7 worse than TIM2+F+R6
   5 TVM+F+R6     408959.959  p2+p3
WARNING: Log-likelihood of TVM+F+R8 worse than TVM+F+R7
WARNING: Log-likelihood of GTR+F+R8 worse than GTR+F+R7
   6 GTR+F+R7     407384.480  p1+p3
BEST-FIT PARTITION MODEL: 
  charpartition BIC = GTR+F+R5: p1, GTR+F+R5: p2, TN+F+R10: p3;
Agglomerative model selection: (p1,p2,p3)
Partition information was printed to Yeast_2408//aln_seqs/OG1616.nt.aln.nex.best_scheme.nex
Partition information in Raxml format was printed to Yeast_2408//aln_seqs/OG1616.nt.aln.nex.best_scheme

All model information printed to Yeast_2408//aln_seqs/OG1616.nt.aln.nex.model.gz
CPU time for ModelFinder: 3044.201 seconds (0h:50m:44s)
Wall-clock time for ModelFinder: 37718.040 seconds (10h:28m:38s)
Generating 1000 samples for ultrafast bootstrap (seed: 630744)...

NOTE: 82 MB RAM (0 GB) is required!
Estimate model parameters (epsilon = 0.100)
Initial log-likelihood: -214300.563
Current log-likelihood at step 1: -202083.365
Current log-likelihood at step 2: -201088.560
Current log-likelihood at step 3: -200885.713
Current log-likelihood at step 4: -200772.877
Current log-likelihood at step 5: -200701.447
Current log-likelihood at step 6: -200653.338
Current log-likelihood at step 7: -200619.886
Current log-likelihood at step 8: -200595.809
Current log-likelihood at step 9: -200577.952
Current log-likelihood at step 10: -200564.010
Current log-likelihood at step 11: -200552.947
Current log-likelihood at step 12: -200543.654
Current log-likelihood at step 13: -200535.020
Current log-likelihood at step 14: -200526.476
Current log-likelihood at step 15: -200518.041
Current log-likelihood at step 16: -200510.342
Current log-likelihood at step 17: -200503.969
Current log-likelihood at step 18: -200498.290
Current log-likelihood at step 19: -200493.204
Current log-likelihood at step 20: -200488.669
Current log-likelihood at step 21: -200484.602
Current log-likelihood at step 22: -200481.055
Current log-likelihood at step 23: -200478.033
Current log-likelihood at step 24: -200475.372
Current log-likelihood at step 25: -200472.895
Current log-likelihood at step 26: -200470.623
Current log-likelihood at step 27: -200468.533
Current log-likelihood at step 28: -200466.625
Current log-likelihood at step 29: -200464.896
Current log-likelihood at step 30: -200463.333
Current log-likelihood at step 31: -200461.933
Current log-likelihood at step 32: -200460.673
Current log-likelihood at step 33: -200459.551
Current log-likelihood at step 34: -200458.555
Current log-likelihood at step 35: -200457.646
Current log-likelihood at step 36: -200456.856
Current log-likelihood at step 37: -200456.138
Current log-likelihood at step 38: -200455.511
Current log-likelihood at step 39: -200454.956
Current log-likelihood at step 40: -200454.463
Current log-likelihood at step 41: -200454.045
Current log-likelihood at step 42: -200453.666
Current log-likelihood at step 43: -200453.328
Current log-likelihood at step 44: -200453.020
Current log-likelihood at step 45: -200452.741
Current log-likelihood at step 46: -200452.508
Current log-likelihood at step 47: -200452.314
Current log-likelihood at step 48: -200452.136
Current log-likelihood at step 49: -200451.991
Current log-likelihood at step 50: -200451.874
Current log-likelihood at step 51: -200451.757
Current log-likelihood at step 52: -200451.658
Partition-specific rates:  0.320 0.173 2.507
Parameters optimization took 51 rounds (55.639 sec)

Computing ML distances based on estimated model parameters... 0.145 sec
WARNING: Some pairwise ML distances are too long (saturated)
Computing BIONJ tree...
0.017 seconds
Log-likelihood of BIONJ tree: -200364.607
--------------------------------------------------------------------
|             INITIALIZING CANDIDATE TREE SET                      |
--------------------------------------------------------------------
Generating 98 parsimony trees... 3.103 second
Computing log-likelihood of 98 initial trees ... 10.134 seconds
Current best score: -200364.607

Do NNI search on 20 best initial trees
Estimate model parameters (epsilon = 0.100)
Initial log-likelihood: -200334.198
Current log-likelihood at step 1: -200333.527
Current log-likelihood at step 2: -200333.212
Current log-likelihood at step 3: -200333.025
Current log-likelihood at step 4: -200332.863
Current log-likelihood at step 5: -200332.739
Current log-likelihood at step 6: -200332.647
Parameters optimization took 5 rounds (4.068 sec)

BETTER TREE FOUND at iteration 1: -200332.647
Estimate model parameters (epsilon = 0.100)
Initial log-likelihood: -200327.681
WARNING: Too high (saturated) partition rates for proportional partition model!
Current log-likelihood at step 1: -200327.221
Current log-likelihood at step 2: -200327.139
Parameters optimization took 1 rounds (0.929 sec)

BETTER TREE FOUND at iteration 3: -200327.139
Iteration 10 / LogL: -200327.315 / Time: 0h:1m:22s
Estimate model parameters (epsilon = 0.100)
Initial log-likelihood: -200324.780
WARNING: Too high (saturated) partition rates for proportional partition model!
Current log-likelihood at step 1: -200324.667
WARNING: Too high (saturated) partition rates for proportional partition model!
Current log-likelihood at step 2: -200324.622
Parameters optimization took 1 rounds (0.886 sec)

BETTER TREE FOUND at iteration 13: -200324.622
Iteration 20 / LogL: -200564.235 / Time: 0h:1m:33s
Finish initializing candidate tree set (11)
Current best tree score: -200324.622 / CPU time: 37.131
Number of iterations: 20
--------------------------------------------------------------------
|               OPTIMIZING CANDIDATE TREE SET                      |
--------------------------------------------------------------------
Iteration 30 / LogL: -200341.861 / Time: 0h:1m:43s (0h:4m:55s left)
Iteration 40 / LogL: -200348.355 / Time: 0h:1m:52s (0h:3m:30s left)
Iteration 50 / LogL: -200337.917 / Time: 0h:2m:2s (0h:2m:37s left)
Log-likelihood cutoff on original alignment: -200374.483
Iteration 60 / LogL: -200324.633 / Time: 0h:2m:13s (0h:1m:59s left)
Iteration 70 / LogL: -200329.648 / Time: 0h:2m:24s (0h:1m:29s left)
Iteration 80 / LogL: -200325.408 / Time: 0h:2m:36s (0h:1m:5s left)
Iteration 90 / LogL: -200328.278 / Time: 0h:2m:47s (0h:0m:43s left)
Iteration 100 / LogL: -200330.017 / Time: 0h:2m:57s (0h:0m:23s left)
Log-likelihood cutoff on original alignment: -200374.483
NOTE: Bootstrap correlation coefficient of split occurrence frequencies: 0.999
Iteration 110 / LogL: -200325.764 / Time: 0h:3m:7s (0h:2m:34s left)
TREE SEARCH COMPLETED AFTER 114 ITERATIONS / Time: 0h:3m:11s

--------------------------------------------------------------------
|                    FINALIZING TREE SEARCH                        |
--------------------------------------------------------------------
Performs final model parameters optimization
Estimate model parameters (epsilon = 0.010)
Initial log-likelihood: -200324.610
WARNING: Too high (saturated) partition rates for proportional partition model!
Current log-likelihood at step 1: -200324.582
WARNING: Too high (saturated) partition rates for proportional partition model!
Current log-likelihood at step 2: -200324.559
WARNING: Too high (saturated) partition rates for proportional partition model!
Current log-likelihood at step 3: -200324.539
WARNING: Too high (saturated) partition rates for proportional partition model!
Current log-likelihood at step 4: -200324.520
WARNING: Too high (saturated) partition rates for proportional partition model!
Current log-likelihood at step 5: -200324.503
WARNING: Too high (saturated) partition rates for proportional partition model!
Current log-likelihood at step 6: -200324.489
WARNING: Too high (saturated) partition rates for proportional partition model!
Current log-likelihood at step 7: -200324.475
WARNING: Too high (saturated) partition rates for proportional partition model!
Current log-likelihood at step 8: -200324.464
WARNING: Too high (saturated) partition rates for proportional partition model!
Current log-likelihood at step 9: -200324.452
WARNING: Too high (saturated) partition rates for proportional partition model!
Current log-likelihood at step 10: -200324.445
Partition-specific rates:  0.320 0.173 2.507
Parameters optimization took 9 rounds (3.327 sec)

BEST SCORE FOUND : -200324.445
Creating bootstrap support values...
Split supports printed to NEXUS file Yeast_2408//aln_seqs/OG1616.nt.aln.nex.splits.nex
Total tree length: 43.135

Total number of iterations: 114
CPU time used for tree search: 393.263 sec (0h:6m:33s)
Wall-clock time used for tree search: 134.850 sec (0h:2m:14s)
Total CPU time used: 524.453 sec (0h:8m:44s)
Total wall-clock time used: 194.860 sec (0h:3m:14s)

Computing bootstrap consensus tree...
Reading input file Yeast_2408//aln_seqs/OG1616.nt.aln.nex.splits.nex...
40 taxa and 172 splits.
Consensus tree written to Yeast_2408//aln_seqs/OG1616.nt.aln.nex.contree
Reading input trees file Yeast_2408//aln_seqs/OG1616.nt.aln.nex.contree
Log-likelihood of consensus tree: -200324.507

Analysis results written to: 
  IQ-TREE report:                Yeast_2408//aln_seqs/OG1616.nt.aln.nex.iqtree
  Maximum-likelihood tree:       Yeast_2408//aln_seqs/OG1616.nt.aln.nex.treefile
  Likelihood distances:          Yeast_2408//aln_seqs/OG1616.nt.aln.nex.mldist
  Best partitioning scheme:      Yeast_2408//aln_seqs/OG1616.nt.aln.nex.best_scheme.nex
           in RAxML format:      Yeast_2408//aln_seqs/OG1616.nt.aln.nex.best_scheme

Ultrafast bootstrap approximation results written to:
  Split support values:          Yeast_2408//aln_seqs/OG1616.nt.aln.nex.splits.nex
  Consensus tree:                Yeast_2408//aln_seqs/OG1616.nt.aln.nex.contree
  Screen log file:               Yeast_2408//aln_seqs/OG1616.nt.aln.nex.log

Date and Time: Mon Feb 18 21:25:06 2019
