IQ-TREE multicore version 1.6.8 for Linux 64-bit built Oct 28 2018
Developed by Bui Quang Minh, Nguyen Lam Tung, Olga Chernomor,
Heiko Schmidt, Dominik Schrempf, Michael Woodhams.

Host:    sango40413.oist.jp (AVX2, FMA3, 503 GB RAM)
Command: iqtree -s Yeast_2408//aln_seqs/OG1658.nt.aln -bb 1000 -redo -nt 3 -spp Yeast_2408//aln_seqs/OG1658.nt.aln.nex -m MFPMERGE
Seed:    126292 (Using SPRNG - Scalable Parallel Random Number Generator)
Time:    Mon Feb 18 09:11:37 2019
Kernel:  AVX+FMA - 3 threads (24 CPU cores detected)

Reading partition model file Yeast_2408//aln_seqs/OG1658.nt.aln.nex ...
Reading alignment file Yeast_2408//aln_seqs/OG1658.nt.aln ... Fasta format detected
Alignment most likely contains DNA/RNA sequences
Alignment has 40 sequences with 942 columns, 494 distinct patterns
394 parsimony-informative, 182 singleton sites, 366 constant sites
                                             Gap/Ambiguity  Composition  p-value
   1  Candida_glabrata                               0.00%    passed     27.99%
   2  Kazachstania_africana                          0.00%    passed     86.58%
   3  Kazachstania_naganishii                        0.00%    failed      0.15%
   4  Nakaseomyces_bacillisporus                     0.00%    passed     99.27%
   5  Nakaseomyces_bracarensis                       0.00%    passed     34.92%
   6  Nakaseomyces_castellii                         0.00%    failed      3.56%
   7  Nakaseomyces_delphensis                        0.00%    passed     12.85%
   8  Nakaseomyces_nivariensis                       0.00%    passed     39.45%
   9  Naumovozyma_castellii                          0.00%    passed     55.08%
  10  Naumovozyma_dairenensis                        0.00%    passed     32.61%
  11  Neurospora_crassa                              0.64%    failed      0.00%
  12  Saccharomyces_arboricola                       0.00%    passed     73.20%
  13  Saccharomyces_cerevisiae                       0.00%    passed     72.44%
  14  Saccharomyces_eubayanus                        0.00%    passed     84.50%
  15  Saccharomyces_kudriavzevii                     0.00%    passed     77.16%
  16  Saccharomyces_mikatae                          0.00%    passed     68.40%
  17  Saccharomyces_paradoxus                        0.00%    passed     57.35%
  18  Saccharomyces_uvarum                           0.00%    passed     80.35%
  19  Tetrapisispora_blattae                         0.64%    passed     80.38%
  20  Tetrapisispora_phaffii                         0.32%    passed     37.25%
  21  Vanderwaltozyma_polyspora                      0.32%    passed     93.32%
  22  yHAB132_Kazachstania_martiniae                 6.37%    passed     41.72%
  23  yHAB133_Kazachstania_unispora                  0.00%    passed     26.51%
  24  yHAB134_Kazachstania_turicensis                0.00%    passed     84.78%
  25  yHAB136_Kazachstania_bromeliacearum            0.00%    passed     96.87%
  26  yHAB143_Kazachstania_siamensis                 0.00%    passed     42.99%
  27  yHAB147_Kazachstania_taianensis                0.00%    passed     12.99%
  28  yHAB148_Kazachstania_intestinalis              0.00%    passed     87.38%
  29  yHAB153_Kazachstania_rosinii                   0.00%    passed     82.87%
  30  yHAB154_Kazachstania_transvaalensis            0.00%    failed      0.71%
  31  yHAB155_Kazachstania_spencerorum               0.00%    passed     35.93%
  32  yHAB158_Kazachstania_viticola                  0.00%    passed     35.18%
  33  yHAB159_Kazachstania_solicola                  0.00%    passed     46.46%
  34  yHAB160_Kazachstania_kunashirensis             0.00%    passed     37.94%
  35  yHAB164_Kazachstania_aerobia                   0.00%    passed     23.61%
  36  yHAB166_Kazachstania_yakushimaensis            0.00%    passed     13.68%
  37  yHMPu5000034875_Tetrapisispora_fleetii         9.24%    passed     22.21%
  38  yHMPu5000034876_Tetrapisispora_iriomotensis    0.32%    passed     16.27%
  39  yHMPu5000034877_Tetrapisispora_namnaonensis    7.96%    passed     34.26%
  40  yHMPu5000035629_Yueomyces_sinensis             0.64%    passed     84.85%
****  TOTAL                                          0.66%  4 sequences failed composition chi2 test (p-value<5%; df=3)
NOTE: No CharPartition defined, use all CharSets

Loading 3 partitions...
Subset	Type	Seqs	Sites	Infor	Invar	Model	Name
1		40	314	106	140	MFPMERGE	p1
2		40	314	50	194	MFPMERGE	p2
3		40	314	238	32	MFPMERGE	p3
Degree of missing data: 0.000
Info: multi-threading strategy over partitions



Create initial parsimony tree by phylogenetic likelihood library (PLL)... 0.249 seconds
NOTE: ModelFinder requires 9 MB RAM!
Testing GTR+F+G on supermatrix...
GTR+F+G4 / LnL: -10466.341 / df: 86 / AIC: 21104.682 / AICc: 21122.183 / BIC: 21521.610
Selecting individual models for 3 charsets using BIC...
 No. Model        Score       Charset
   1 TVMe+G4      3393.200    p2
   2 K2P+G4       5291.034    p1
   3 TIM2+F+G4    11336.835   p3
Full partition model BIC score: 20560.193 (LnL: -9961.665  df:93)
Merging models to increase model fit (about 7 total partition schemes)...
WARNING: ABNORMAL_TERMINATION_IN_LNSRCH
   4 TIM2e+G4     20610.899   p1+p2
   5 SYM+G4       21063.631   p1+p3
   6 GTR+F+G4     21184.263   p2+p3
BEST-FIT PARTITION MODEL: 
  charpartition BIC = K2P+G4: p1, TVMe+G4: p2, TIM2+F+G4: p3;
Agglomerative model selection: (p1,p2,p3)
Partition information was printed to Yeast_2408//aln_seqs/OG1658.nt.aln.nex.best_scheme.nex
Partition information in Raxml format was printed to Yeast_2408//aln_seqs/OG1658.nt.aln.nex.best_scheme

All model information printed to Yeast_2408//aln_seqs/OG1658.nt.aln.nex.model.gz
CPU time for ModelFinder: 80.332 seconds (0h:1m:20s)
Wall-clock time for ModelFinder: 3505.271 seconds (0h:58m:25s)
Generating 1000 samples for ultrafast bootstrap (seed: 126292)...

NOTE: 5 MB RAM (0 GB) is required!
WARNING: Number of threads seems too high for short alignments. Use -nt AUTO to determine best number of threads.
Estimate model parameters (epsilon = 0.100)
Initial log-likelihood: -11130.217
Current log-likelihood at step 1: -10004.438
Current log-likelihood at step 2: -9972.699
Current log-likelihood at step 3: -9972.077
Current log-likelihood at step 4: -9972.000
Partition-specific rates:  0.594 0.457 1.949
Parameters optimization took 3 rounds (18.295 sec)

Computing ML distances based on estimated model parameters... 0.031 sec
Computing BIONJ tree...
0.096 seconds
Log-likelihood of BIONJ tree: -9960.120
--------------------------------------------------------------------
|             INITIALIZING CANDIDATE TREE SET                      |
--------------------------------------------------------------------
Generating 98 parsimony trees... 33.116 second
Computing log-likelihood of 98 initial trees ... 717.197 seconds
Current best score: -9960.120

Do NNI search on 20 best initial trees
Estimate model parameters (epsilon = 0.100)
Initial log-likelihood: -9931.160
Current log-likelihood at step 1: -9913.873
Current log-likelihood at step 2: -9910.853
Current log-likelihood at step 3: -9909.881
Current log-likelihood at step 4: -9909.528
Current log-likelihood at step 5: -9909.422
Current log-likelihood at step 6: -9909.382
Parameters optimization took 5 rounds (15.893 sec)

BETTER TREE FOUND at iteration 1: -9909.382
Iteration 10 / LogL: -9914.902 / Time: 0h:16m:43s
Estimate model parameters (epsilon = 0.100)
Initial log-likelihood: -9907.581
Current log-likelihood at step 1: -9907.397
Current log-likelihood at step 2: -9907.395
Parameters optimization took 1 rounds (3.286 sec)

BETTER TREE FOUND at iteration 18: -9907.395
Iteration 20 / LogL: -9913.867 / Time: 0h:20m:26s
Finish initializing candidate tree set (11)
Current best tree score: -9907.395 / CPU time: 1196.436
Number of iterations: 20
--------------------------------------------------------------------
|               OPTIMIZING CANDIDATE TREE SET                      |
--------------------------------------------------------------------
Estimate model parameters (epsilon = 0.100)
Initial log-likelihood: -9904.536
Current log-likelihood at step 1: -9904.440
Parameters optimization took 0 rounds (1.378 sec)

BETTER TREE FOUND at iteration 25: -9904.440
Estimate model parameters (epsilon = 0.100)
Initial log-likelihood: -9903.094
Current log-likelihood at step 1: -9903.090
Parameters optimization took 0 rounds (2.393 sec)

BETTER TREE FOUND at iteration 28: -9903.090
Iteration 30 / LogL: -9904.442 / Time: 0h:32m:56s (1h:51m:19s left)
Iteration 40 / LogL: -9907.687 / Time: 0h:42m:37s (1h:36m:10s left)
Iteration 50 / LogL: -9904.441 / Time: 0h:51m:53s (1h:22m:35s left)
Log-likelihood cutoff on original alignment: -9957.003
Iteration 60 / LogL: -9904.702 / Time: 1h:2m:18s (1h:11m:48s left)
Iteration 70 / LogL: -9946.868 / Time: 1h:9m:47s (0h:58m:39s left)
UPDATE BEST LOG-LIKELIHOOD: -9903.090
Iteration 80 / LogL: -9904.394 / Time: 1h:23m:39s (0h:50m:49s left)
Iteration 90 / LogL: -9903.092 / Time: 1h:40m:58s (0h:43m:6s left)
Iteration 100 / LogL: -9903.447 / Time: 1h:56m:40s (0h:32m:59s left)
Log-likelihood cutoff on original alignment: -9957.003
NOTE: Bootstrap correlation coefficient of split occurrence frequencies: 0.998
Iteration 110 / LogL: -9904.366 / Time: 2h:6m:7s (1h:44m:8s left)
Iteration 120 / LogL: -9903.090 / Time: 2h:17m:1s (1h:32m:6s left)
TREE SEARCH COMPLETED AFTER 129 ITERATIONS / Time: 2h:23m:32s

--------------------------------------------------------------------
|                    FINALIZING TREE SEARCH                        |
--------------------------------------------------------------------
Performs final model parameters optimization
Estimate model parameters (epsilon = 0.010)
Initial log-likelihood: -9903.090
Current log-likelihood at step 1: -9903.090
Partition-specific rates:  0.479 0.235 2.286
Parameters optimization took 0 rounds (1.909 sec)

BEST SCORE FOUND : -9903.090
Creating bootstrap support values...
Split supports printed to NEXUS file Yeast_2408//aln_seqs/OG1658.nt.aln.nex.splits.nex
Total tree length: 8.560

Total number of iterations: 129
CPU time used for tree search: 252.852 sec (0h:4m:12s)
Wall-clock time used for tree search: 8581.139 sec (2h:23m:1s)
Total CPU time used: 254.445 sec (0h:4m:14s)
Total wall-clock time used: 8623.912 sec (2h:23m:43s)

Computing bootstrap consensus tree...
Reading input file Yeast_2408//aln_seqs/OG1658.nt.aln.nex.splits.nex...
40 taxa and 248 splits.
Consensus tree written to Yeast_2408//aln_seqs/OG1658.nt.aln.nex.contree
Reading input trees file Yeast_2408//aln_seqs/OG1658.nt.aln.nex.contree
Log-likelihood of consensus tree: -9903.090

Analysis results written to: 
  IQ-TREE report:                Yeast_2408//aln_seqs/OG1658.nt.aln.nex.iqtree
  Maximum-likelihood tree:       Yeast_2408//aln_seqs/OG1658.nt.aln.nex.treefile
  Likelihood distances:          Yeast_2408//aln_seqs/OG1658.nt.aln.nex.mldist
  Best partitioning scheme:      Yeast_2408//aln_seqs/OG1658.nt.aln.nex.best_scheme.nex
           in RAxML format:      Yeast_2408//aln_seqs/OG1658.nt.aln.nex.best_scheme

Ultrafast bootstrap approximation results written to:
  Split support values:          Yeast_2408//aln_seqs/OG1658.nt.aln.nex.splits.nex
  Consensus tree:                Yeast_2408//aln_seqs/OG1658.nt.aln.nex.contree
  Screen log file:               Yeast_2408//aln_seqs/OG1658.nt.aln.nex.log

Date and Time: Mon Feb 18 12:34:16 2019
