IQ-TREE multicore version 1.6.8 for Linux 64-bit built Oct 28 2018
Developed by Bui Quang Minh, Nguyen Lam Tung, Olga Chernomor,
Heiko Schmidt, Dominik Schrempf, Michael Woodhams.

Host:    sango40413.oist.jp (AVX2, FMA3, 503 GB RAM)
Command: iqtree -s Yeast_2408//aln_seqs/OG1821.nt.aln -bb 1000 -redo -nt 3 -spp Yeast_2408//aln_seqs/OG1821.nt.aln.nex -m MFPMERGE
Seed:    651758 (Using SPRNG - Scalable Parallel Random Number Generator)
Time:    Mon Feb 18 09:34:26 2019
Kernel:  AVX+FMA - 3 threads (24 CPU cores detected)

Reading partition model file Yeast_2408//aln_seqs/OG1821.nt.aln.nex ...
Reading alignment file Yeast_2408//aln_seqs/OG1821.nt.aln ... Fasta format detected
Alignment most likely contains DNA/RNA sequences
Alignment has 40 sequences with 3567 columns, 2944 distinct patterns
2733 parsimony-informative, 373 singleton sites, 461 constant sites
                                             Gap/Ambiguity  Composition  p-value
   1  Candida_glabrata                               1.01%    passed     16.16%
   2  Kazachstania_africana                          0.00%    failed      4.60%
   3  Kazachstania_naganishii                        0.00%    failed      0.00%
   4  Nakaseomyces_bacillisporus                     0.00%    passed     10.27%
   5  Nakaseomyces_bracarensis                       0.76%    passed     78.86%
   6  Nakaseomyces_castellii                         0.00%    passed     10.18%
   7  Nakaseomyces_delphensis                        0.93%    passed     71.93%
   8  Nakaseomyces_nivariensis                       0.84%    passed     34.88%
   9  Naumovozyma_castellii                          9.84%    failed      0.55%
  10  Naumovozyma_dairenensis                        0.00%    failed      0.01%
  11  Neurospora_crassa                              1.60%    failed      0.00%
  12  Saccharomyces_arboricola                       0.08%    failed      3.18%
  13  Saccharomyces_cerevisiae                       0.08%    failed      1.61%
  14  Saccharomyces_eubayanus                        0.08%    failed      0.33%
  15  Saccharomyces_kudriavzevii                     0.08%    failed      1.01%
  16  Saccharomyces_mikatae                          0.08%    failed      3.38%
  17  Saccharomyces_paradoxus                        0.08%    failed      2.91%
  18  Saccharomyces_uvarum                           0.08%    failed      0.41%
  19  Tetrapisispora_blattae                         0.84%    failed      0.00%
  20  Tetrapisispora_phaffii                         0.08%    passed      5.64%
  21  Vanderwaltozyma_polyspora                      0.00%    passed      6.89%
  22  yHAB132_Kazachstania_martiniae                 0.08%    passed      5.84%
  23  yHAB133_Kazachstania_unispora                  0.00%    failed      0.42%
  24  yHAB134_Kazachstania_turicensis                0.42%    failed      0.00%
  25  yHAB136_Kazachstania_bromeliacearum            0.08%    failed      0.54%
  26  yHAB143_Kazachstania_siamensis                 3.36%    failed      0.01%
  27  yHAB147_Kazachstania_taianensis                1.26%    failed      0.00%
  28  yHAB148_Kazachstania_intestinalis              0.17%    failed      0.00%
  29  yHAB153_Kazachstania_rosinii                   0.08%    failed      0.26%
  30  yHAB154_Kazachstania_transvaalensis           10.26%    failed      0.26%
  31  yHAB155_Kazachstania_spencerorum               0.00%    passed      5.23%
  32  yHAB158_Kazachstania_viticola                  0.00%    passed     14.41%
  33  yHAB159_Kazachstania_solicola                  0.08%    passed     12.38%
  34  yHAB160_Kazachstania_kunashirensis             0.17%    failed      0.08%
  35  yHAB164_Kazachstania_aerobia                   0.00%    failed      0.66%
  36  yHAB166_Kazachstania_yakushimaensis            4.96%    failed      0.00%
  37  yHMPu5000034875_Tetrapisispora_fleetii         0.00%    failed      0.64%
  38  yHMPu5000034876_Tetrapisispora_iriomotensis    0.00%    failed      1.11%
  39  yHMPu5000034877_Tetrapisispora_namnaonensis    0.00%    passed      5.15%
  40  yHMPu5000035629_Yueomyces_sinensis             0.17%    failed      0.00%
****  TOTAL                                          0.94%  27 sequences failed composition chi2 test (p-value<5%; df=3)
NOTE: No CharPartition defined, use all CharSets

Loading 3 partitions...
Subset	Type	Seqs	Sites	Infor	Invar	Model	Name
1		40	1189	879	155	MFPMERGE	p1
2		40	1189	682	297	MFPMERGE	p2
3		40	1189	1172	9	MFPMERGE	p3
Degree of missing data: 0.000
Info: multi-threading strategy over partitions



Create initial parsimony tree by phylogenetic likelihood library (PLL)... 3.540 seconds
NOTE: ModelFinder requires 50 MB RAM!
Testing GTR+F+G on supermatrix...
GTR+F+G4 / LnL: -99641.597 / df: 86 / AIC: 199455.195 / AICc: 199459.495 / BIC: 199986.630
Selecting individual models for 3 charsets using BIC...
 No. Model        Score       Charset
   1 GTR+F+R4     55787.324   p1
   2 GTR+F+G4     39374.226   p2
WARNING: Log-likelihood of TPM3+F+R4 worse than TPM3+F+R3
WARNING: Log-likelihood of TPM3u+F+R4 worse than TPM3u+F+R3
WARNING: Log-likelihood of TIM2+F+R4 worse than TIM2+F+R3
WARNING: Log-likelihood of TIM3e+R4 worse than TIM3e+R3
WARNING: Log-likelihood of SYM+R4 worse than SYM+R3
   3 TN+F+R10     99608.703   p3
Full partition model BIC score: 195445.726 (LnL: -97211.646  df:125)
Merging models to increase model fit (about 7 total partition schemes)...
WARNING: Log-likelihood of HKY+F+R7 worse than HKY+F+R6
   4 GTR+F+R4     195836.215  p1+p2
WARNING: Log-likelihood of TPM2u+F+R8 worse than TPM2u+F+R7
WARNING: Log-likelihood of TIM+F+R7 worse than TIM+F+R6
   5 TVM+F+R5     198891.024  p2+p3
WARNING: Log-likelihood of TIM2+F+R7 worse than TIM2+F+R6
WARNING: Log-likelihood of TIM3+F+R7 worse than TIM3+F+R6
WARNING: Log-likelihood of TVM+F+R7 worse than TVM+F+R6
   6 GTR+F+R6     198081.823  p1+p3
BEST-FIT PARTITION MODEL: 
  charpartition BIC = GTR+F+R4: p1, GTR+F+G4: p2, TN+F+R10: p3;
Agglomerative model selection: (p1,p2,p3)
Partition information was printed to Yeast_2408//aln_seqs/OG1821.nt.aln.nex.best_scheme.nex
Partition information in Raxml format was printed to Yeast_2408//aln_seqs/OG1821.nt.aln.nex.best_scheme

All model information printed to Yeast_2408//aln_seqs/OG1821.nt.aln.nex.model.gz
CPU time for ModelFinder: 980.750 seconds (0h:16m:20s)
Wall-clock time for ModelFinder: 38684.812 seconds (10h:44m:44s)
Generating 1000 samples for ultrafast bootstrap (seed: 651758)...

NOTE: 36 MB RAM (0 GB) is required!
Estimate model parameters (epsilon = 0.100)
Initial log-likelihood: -103664.060
Current log-likelihood at step 1: -97808.148
Current log-likelihood at step 2: -97513.546
Current log-likelihood at step 3: -97424.671
Current log-likelihood at step 4: -97373.670
Current log-likelihood at step 5: -97338.483
Current log-likelihood at step 6: -97313.494
Current log-likelihood at step 7: -97294.624
Current log-likelihood at step 8: -97279.949
Current log-likelihood at step 9: -97268.178
Current log-likelihood at step 10: -97258.533
Current log-likelihood at step 11: -97250.442
Current log-likelihood at step 12: -97243.633
Current log-likelihood at step 13: -97237.792
Current log-likelihood at step 14: -97232.780
Current log-likelihood at step 15: -97228.410
Current log-likelihood at step 16: -97224.680
Current log-likelihood at step 17: -97221.504
Current log-likelihood at step 18: -97218.676
Current log-likelihood at step 19: -97216.222
Current log-likelihood at step 20: -97214.095
Current log-likelihood at step 21: -97212.209
Current log-likelihood at step 22: -97210.495
Current log-likelihood at step 23: -97208.915
Current log-likelihood at step 24: -97207.482
Current log-likelihood at step 25: -97206.263
Current log-likelihood at step 26: -97205.267
Current log-likelihood at step 27: -97204.322
Current log-likelihood at step 28: -97203.470
Current log-likelihood at step 29: -97202.683
Current log-likelihood at step 30: -97201.959
Current log-likelihood at step 31: -97201.278
Current log-likelihood at step 32: -97200.652
Current log-likelihood at step 33: -97200.070
Current log-likelihood at step 34: -97199.539
Current log-likelihood at step 35: -97199.043
Current log-likelihood at step 36: -97198.592
Current log-likelihood at step 37: -97198.173
Current log-likelihood at step 38: -97197.783
Current log-likelihood at step 39: -97197.417
Current log-likelihood at step 40: -97197.078
Current log-likelihood at step 41: -97196.761
Current log-likelihood at step 42: -97196.469
Current log-likelihood at step 43: -97196.198
Current log-likelihood at step 44: -97195.946
Current log-likelihood at step 45: -97195.713
Current log-likelihood at step 46: -97195.490
Current log-likelihood at step 47: -97195.284
Current log-likelihood at step 48: -97195.097
Current log-likelihood at step 49: -97194.916
Current log-likelihood at step 50: -97194.753
Current log-likelihood at step 51: -97194.631
Current log-likelihood at step 52: -97194.506
Current log-likelihood at step 53: -97194.393
Current log-likelihood at step 54: -97194.290
Current log-likelihood at step 55: -97194.188
Current log-likelihood at step 56: -97194.090
Partition-specific rates:  0.271 0.147 2.583
Parameters optimization took 55 rounds (1000.548 sec)

Computing ML distances based on estimated model parameters... 0.122 sec
WARNING: Some pairwise ML distances are too long (saturated)
Computing BIONJ tree...
0.037 seconds
Log-likelihood of BIONJ tree: -97172.296
--------------------------------------------------------------------
|             INITIALIZING CANDIDATE TREE SET                      |
--------------------------------------------------------------------
Generating 98 parsimony trees... 16.386 second
Computing log-likelihood of 98 initial trees ... 235.064 seconds
Current best score: -97172.296

Do NNI search on 20 best initial trees
Estimate model parameters (epsilon = 0.100)
Initial log-likelihood: -97130.421
Current log-likelihood at step 1: -97129.864
Current log-likelihood at step 2: -97129.723
Current log-likelihood at step 3: -97129.523
Current log-likelihood at step 4: -97129.328
Current log-likelihood at step 5: -97129.161
Current log-likelihood at step 6: -97129.026
Current log-likelihood at step 7: -97128.935
Parameters optimization took 6 rounds (106.104 sec)

BETTER TREE FOUND at iteration 1: -97128.935
Estimate model parameters (epsilon = 0.100)
Initial log-likelihood: -97125.909
WARNING: Too high (saturated) partition rates for proportional partition model!
Current log-likelihood at step 1: -97125.705
WARNING: Too high (saturated) partition rates for proportional partition model!
Current log-likelihood at step 2: -97125.602
Current log-likelihood at step 3: -97125.504
Parameters optimization took 2 rounds (17.942 sec)

BETTER TREE FOUND at iteration 3: -97125.504
Estimate model parameters (epsilon = 0.100)
Initial log-likelihood: -97114.438
Current log-likelihood at step 1: -97113.973
Current log-likelihood at step 2: -97113.800
WARNING: Too high (saturated) partition rates for proportional partition model!
Current log-likelihood at step 3: -97113.779
Parameters optimization took 2 rounds (34.546 sec)

BETTER TREE FOUND at iteration 6: -97113.779
Iteration 10 / LogL: -97114.226 / Time: 0h:27m:54s
Iteration 20 / LogL: -97123.195 / Time: 0h:31m:16s
Finish initializing candidate tree set (12)
Current best tree score: -97113.779 / CPU time: 842.084
Number of iterations: 20
--------------------------------------------------------------------
|               OPTIMIZING CANDIDATE TREE SET                      |
--------------------------------------------------------------------
Iteration 30 / LogL: -97121.484 / Time: 0h:33m:33s (1h:27m:57s left)
Estimate model parameters (epsilon = 0.100)
Initial log-likelihood: -97113.032
Current log-likelihood at step 1: -97112.842
Current log-likelihood at step 2: -97112.757
Parameters optimization took 1 rounds (7.016 sec)

UPDATE BEST LOG-LIKELIHOOD: -97112.757
Iteration 40 / LogL: -97115.842 / Time: 0h:35m:48s (1h:0m:36s left)
Iteration 50 / LogL: -97159.229 / Time: 0h:37m:17s (0h:42m:37s left)
Log-likelihood cutoff on original alignment: -97181.621
Estimate model parameters (epsilon = 0.100)
Initial log-likelihood: -97112.598
Current log-likelihood at step 1: -97112.465
Current log-likelihood at step 2: -97112.431
Parameters optimization took 1 rounds (8.023 sec)

BETTER TREE FOUND at iteration 59: -97112.431
Iteration 60 / LogL: -97114.149 / Time: 0h:39m:12s (1h:5m:46s left)
Iteration 70 / LogL: -97114.050 / Time: 0h:40m:37s (0h:52m:24s left)
Iteration 80 / LogL: -97113.787 / Time: 0h:42m:3s (0h:42m:3s left)
Iteration 90 / LogL: -97114.549 / Time: 0h:42m:47s (0h:33m:10s left)
Iteration 100 / LogL: -97147.300 / Time: 0h:43m:47s (0h:26m:5s left)
Log-likelihood cutoff on original alignment: -97181.621
NOTE: Bootstrap correlation coefficient of split occurrence frequencies: 0.997
Estimate model parameters (epsilon = 0.100)
Initial log-likelihood: -97111.110
Current log-likelihood at step 1: -97110.711
Current log-likelihood at step 2: -97110.612
Parameters optimization took 1 rounds (3.466 sec)

UPDATE BEST LOG-LIKELIHOOD: -97110.612
Iteration 110 / LogL: -97113.623 / Time: 0h:45m:4s (0h:37m:12s left)
Iteration 120 / LogL: -97113.394 / Time: 0h:46m:27s (0h:31m:13s left)
Iteration 130 / LogL: -97148.398 / Time: 0h:47m:45s (0h:25m:54s left)
Iteration 140 / LogL: -97123.357 / Time: 0h:48m:12s (0h:20m:48s left)
Estimate model parameters (epsilon = 0.100)
Initial log-likelihood: -97109.838
Current log-likelihood at step 1: -97109.807
Parameters optimization took 0 rounds (1.236 sec)

UPDATE BEST LOG-LIKELIHOOD: -97109.807
Iteration 150 / LogL: -97119.502 / Time: 0h:49m:21s (0h:16m:33s left)
Log-likelihood cutoff on original alignment: -97169.594
Iteration 160 / LogL: -97110.214 / Time: 0h:50m:28s (0h:12m:41s left)
TREE SEARCH COMPLETED AFTER 160 ITERATIONS / Time: 0h:50m:28s

--------------------------------------------------------------------
|                    FINALIZING TREE SEARCH                        |
--------------------------------------------------------------------
Performs final model parameters optimization
Estimate model parameters (epsilon = 0.010)
Initial log-likelihood: -97109.806
Current log-likelihood at step 1: -97109.779
Current log-likelihood at step 2: -97109.753
Current log-likelihood at step 3: -97109.735
Current log-likelihood at step 4: -97109.720
Current log-likelihood at step 5: -97109.706
Current log-likelihood at step 6: -97109.687
Current log-likelihood at step 7: -97109.678
Partition-specific rates:  0.267 0.145 2.588
Parameters optimization took 6 rounds (8.463 sec)

BEST SCORE FOUND : -97109.678
WARNING: bootstrap analysis did not converge. You should rerun with higher number of iterations (-nm option)
Creating bootstrap support values...
Split supports printed to NEXUS file Yeast_2408//aln_seqs/OG1821.nt.aln.nex.splits.nex
Total tree length: 41.880

Total number of iterations: 160
CPU time used for tree search: 906.342 sec (0h:15m:6s)
Wall-clock time used for tree search: 1994.173 sec (0h:33m:14s)
Total CPU time used: 1004.367 sec (0h:16m:44s)
Total wall-clock time used: 3037.592 sec (0h:50m:37s)

Computing bootstrap consensus tree...
Reading input file Yeast_2408//aln_seqs/OG1821.nt.aln.nex.splits.nex...
40 taxa and 224 splits.
Consensus tree written to Yeast_2408//aln_seqs/OG1821.nt.aln.nex.contree
Reading input trees file Yeast_2408//aln_seqs/OG1821.nt.aln.nex.contree
Log-likelihood of consensus tree: -97116.740

Analysis results written to: 
  IQ-TREE report:                Yeast_2408//aln_seqs/OG1821.nt.aln.nex.iqtree
  Maximum-likelihood tree:       Yeast_2408//aln_seqs/OG1821.nt.aln.nex.treefile
  Likelihood distances:          Yeast_2408//aln_seqs/OG1821.nt.aln.nex.mldist
  Best partitioning scheme:      Yeast_2408//aln_seqs/OG1821.nt.aln.nex.best_scheme.nex
           in RAxML format:      Yeast_2408//aln_seqs/OG1821.nt.aln.nex.best_scheme

Ultrafast bootstrap approximation results written to:
  Split support values:          Yeast_2408//aln_seqs/OG1821.nt.aln.nex.splits.nex
  Consensus tree:                Yeast_2408//aln_seqs/OG1821.nt.aln.nex.contree
  Screen log file:               Yeast_2408//aln_seqs/OG1821.nt.aln.nex.log

Date and Time: Mon Feb 18 21:09:56 2019
