IQ-TREE multicore version 1.6.8 for Linux 64-bit built Oct 28 2018
Developed by Bui Quang Minh, Nguyen Lam Tung, Olga Chernomor,
Heiko Schmidt, Dominik Schrempf, Michael Woodhams.

Host:    sango40413.oist.jp (AVX2, FMA3, 503 GB RAM)
Command: iqtree -s Yeast_2408//aln_seqs/OG1926.nt.aln -bb 1000 -redo -nt 3 -spp Yeast_2408//aln_seqs/OG1926.nt.aln.nex -m MFPMERGE
Seed:    772598 (Using SPRNG - Scalable Parallel Random Number Generator)
Time:    Mon Feb 18 09:14:02 2019
Kernel:  AVX+FMA - 3 threads (24 CPU cores detected)

Reading partition model file Yeast_2408//aln_seqs/OG1926.nt.aln.nex ...
Reading alignment file Yeast_2408//aln_seqs/OG1926.nt.aln ... Fasta format detected
Alignment most likely contains DNA/RNA sequences
Alignment has 40 sequences with 1908 columns, 1210 distinct patterns
1113 parsimony-informative, 225 singleton sites, 570 constant sites
                                             Gap/Ambiguity  Composition  p-value
   1  Candida_glabrata                               0.00%    passed     51.05%
   2  Kazachstania_africana                          0.00%    passed     61.59%
   3  Kazachstania_naganishii                        0.00%    failed      0.00%
   4  Nakaseomyces_bacillisporus                     0.00%    passed     94.20%
   5  Nakaseomyces_bracarensis                       0.00%    passed     85.17%
   6  Nakaseomyces_castellii                         0.00%    passed     82.13%
   7  Nakaseomyces_delphensis                        0.00%    failed      0.99%
   8  Nakaseomyces_nivariensis                       0.00%    failed      3.90%
   9  Naumovozyma_castellii                          0.00%    passed     85.75%
  10  Naumovozyma_dairenensis                        0.00%    passed     35.30%
  11  Neurospora_crassa                              0.00%    failed      0.00%
  12  Saccharomyces_arboricola                       0.00%    passed     84.50%
  13  Saccharomyces_cerevisiae                       0.00%    passed     96.01%
  14  Saccharomyces_eubayanus                        0.00%    passed     48.66%
  15  Saccharomyces_kudriavzevii                     0.00%    passed     88.96%
  16  Saccharomyces_mikatae                          0.00%    passed     75.85%
  17  Saccharomyces_paradoxus                        0.00%    passed     89.61%
  18  Saccharomyces_uvarum                           0.00%    passed     45.27%
  19  Tetrapisispora_blattae                         0.31%    failed      0.00%
  20  Tetrapisispora_phaffii                         0.00%    passed      5.94%
  21  Vanderwaltozyma_polyspora                      0.00%    passed     13.20%
  22  yHAB132_Kazachstania_martiniae                 0.00%    passed     17.34%
  23  yHAB133_Kazachstania_unispora                  0.00%    failed      0.01%
  24  yHAB134_Kazachstania_turicensis                0.00%    passed     11.95%
  25  yHAB136_Kazachstania_bromeliacearum            0.00%    failed      1.10%
  26  yHAB143_Kazachstania_siamensis                 0.00%    failed      0.00%
  27  yHAB147_Kazachstania_taianensis                0.00%    failed      0.00%
  28  yHAB148_Kazachstania_intestinalis              0.00%    failed      0.01%
  29  yHAB153_Kazachstania_rosinii                   0.00%    failed      1.31%
  30  yHAB154_Kazachstania_transvaalensis            0.00%    passed      5.45%
  31  yHAB155_Kazachstania_spencerorum               0.00%    failed      3.72%
  32  yHAB158_Kazachstania_viticola                  0.00%    failed      3.19%
  33  yHAB159_Kazachstania_solicola                  0.00%    passed     15.18%
  34  yHAB160_Kazachstania_kunashirensis             0.00%    passed     19.86%
  35  yHAB164_Kazachstania_aerobia                   0.00%    failed      0.18%
  36  yHAB166_Kazachstania_yakushimaensis            0.00%    failed      0.02%
  37  yHMPu5000034875_Tetrapisispora_fleetii         0.00%    failed      0.24%
  38  yHMPu5000034876_Tetrapisispora_iriomotensis    0.00%    failed      0.23%
  39  yHMPu5000034877_Tetrapisispora_namnaonensis    0.00%    failed      0.25%
  40  yHMPu5000035629_Yueomyces_sinensis             0.00%    failed      0.00%
****  TOTAL                                          0.01%  19 sequences failed composition chi2 test (p-value<5%; df=3)
NOTE: No CharPartition defined, use all CharSets

Loading 3 partitions...
Subset	Type	Seqs	Sites	Infor	Invar	Model	Name
1		40	636	311	223	MFPMERGE	p1
2		40	636	190	336	MFPMERGE	p2
3		40	636	612	11	MFPMERGE	p3
Degree of missing data: 0.000
Info: multi-threading strategy over partitions



Create initial parsimony tree by phylogenetic likelihood library (PLL)... 0.408 seconds
NOTE: ModelFinder requires 21 MB RAM!
Testing GTR+F+G on supermatrix...
GTR+F+G4 / LnL: -39597.229 / df: 86 / AIC: 79366.457 / AICc: 79374.675 / BIC: 79844.085
Selecting individual models for 3 charsets using BIC...
 No. Model        Score       Charset
   1 GTR+F+I+G4   11292.207   p2
   2 GTR+F+I+G4   18931.860   p1
   3 TN+F+R6      46536.152   p3
Full partition model BIC score: 77376.056 (LnL: -38257.461  df:114)
Merging models to increase model fit (about 7 total partition schemes)...
   4 TIM3+F+I+G4  77638.957   p1+p2
   5 GTR+F+I+G4   79087.796   p2+p3
   6 GTR+F+I+G4   78608.757   p1+p3
BEST-FIT PARTITION MODEL: 
  charpartition BIC = GTR+F+I+G4: p1, GTR+F+I+G4: p2, TN+F+R6: p3;
Agglomerative model selection: (p1,p2,p3)
Partition information was printed to Yeast_2408//aln_seqs/OG1926.nt.aln.nex.best_scheme.nex
Partition information in Raxml format was printed to Yeast_2408//aln_seqs/OG1926.nt.aln.nex.best_scheme

All model information printed to Yeast_2408//aln_seqs/OG1926.nt.aln.nex.model.gz
CPU time for ModelFinder: 579.653 seconds (0h:9m:39s)
Wall-clock time for ModelFinder: 29406.598 seconds (8h:10m:6s)
Generating 1000 samples for ultrafast bootstrap (seed: 772598)...

NOTE: 12 MB RAM (0 GB) is required!
Estimate model parameters (epsilon = 0.100)
Initial log-likelihood: -41437.426
Current log-likelihood at step 1: -38436.189
Current log-likelihood at step 2: -38341.080
Current log-likelihood at step 3: -38297.456
Current log-likelihood at step 4: -38269.549
Current log-likelihood at step 5: -38250.779
Current log-likelihood at step 6: -38238.064
Current log-likelihood at step 7: -38229.440
Current log-likelihood at step 8: -38223.248
Current log-likelihood at step 9: -38218.772
Current log-likelihood at step 10: -38215.415
Current log-likelihood at step 11: -38212.937
Current log-likelihood at step 12: -38211.086
Current log-likelihood at step 13: -38209.678
Current log-likelihood at step 14: -38208.644
Current log-likelihood at step 15: -38207.884
Current log-likelihood at step 16: -38207.350
Current log-likelihood at step 17: -38206.923
Current log-likelihood at step 18: -38206.579
Current log-likelihood at step 19: -38206.307
Current log-likelihood at step 20: -38206.071
Current log-likelihood at step 21: -38205.900
Current log-likelihood at step 22: -38205.779
Current log-likelihood at step 23: -38205.626
Current log-likelihood at step 24: -38205.529
Partition-specific rates:  0.284 0.138 2.578
Parameters optimization took 23 rounds (184.492 sec)

Computing ML distances based on estimated model parameters... 0.055 sec
Computing BIONJ tree...
0.074 seconds
Log-likelihood of BIONJ tree: -38193.307
--------------------------------------------------------------------
|             INITIALIZING CANDIDATE TREE SET                      |
--------------------------------------------------------------------
Generating 98 parsimony trees... 35.679 second
Computing log-likelihood of 98 initial trees ... 773.726 seconds
Current best score: -38178.131

Do NNI search on 20 best initial trees
Estimate model parameters (epsilon = 0.100)
Initial log-likelihood: -38148.292
Current log-likelihood at step 1: -38145.633
Current log-likelihood at step 2: -38145.145
Current log-likelihood at step 3: -38144.798
Current log-likelihood at step 4: -38144.520
Current log-likelihood at step 5: -38144.336
Current log-likelihood at step 6: -38144.192
Current log-likelihood at step 7: -38144.065
Current log-likelihood at step 8: -38143.953
Current log-likelihood at step 9: -38143.854
Parameters optimization took 8 rounds (89.734 sec)

BETTER TREE FOUND at iteration 1: -38143.854
Iteration 10 / LogL: -38158.330 / Time: 0h:26m:43s
Iteration 20 / LogL: -38144.062 / Time: 0h:33m:20s
Finish initializing candidate tree set (15)
Current best tree score: -38143.854 / CPU time: 1774.458
Number of iterations: 20
--------------------------------------------------------------------
|               OPTIMIZING CANDIDATE TREE SET                      |
--------------------------------------------------------------------
Estimate model parameters (epsilon = 0.100)
Initial log-likelihood: -38143.820
Current log-likelihood at step 1: -38143.716
Current log-likelihood at step 2: -38143.622
Parameters optimization took 1 rounds (11.542 sec)

UPDATE BEST LOG-LIKELIHOOD: -38143.622
Iteration 30 / LogL: -38149.155 / Time: 0h:42m:28s (1h:43m:59s left)
Iteration 40 / LogL: -38211.964 / Time: 0h:53m:50s (1h:24m:12s left)
Iteration 50 / LogL: -38144.016 / Time: 1h:0m:11s (1h:2m:39s left)
Log-likelihood cutoff on original alignment: -38216.556
Estimate model parameters (epsilon = 0.100)
Initial log-likelihood: -38143.603
Current log-likelihood at step 1: -38143.519
Parameters optimization took 0 rounds (26.105 sec)

UPDATE BEST LOG-LIKELIHOOD: -38143.519
UPDATE BEST LOG-LIKELIHOOD: -38143.518
Estimate model parameters (epsilon = 0.100)
Initial log-likelihood: -38142.848
Current log-likelihood at step 1: -38142.332
Current log-likelihood at step 2: -38142.293
Parameters optimization took 1 rounds (14.626 sec)

BETTER TREE FOUND at iteration 60: -38142.293
Iteration 60 / LogL: -38142.293 / Time: 1h:7m:18s (1h:54m:5s left)
UPDATE BEST LOG-LIKELIHOOD: -38142.291
Iteration 70 / LogL: -38142.831 / Time: 1h:14m:36s (1h:37m:18s left)
UPDATE BEST LOG-LIKELIHOOD: -38142.291
Iteration 80 / LogL: -38144.309 / Time: 1h:23m:44s (1h:24m:48s left)
Estimate model parameters (epsilon = 0.100)
Initial log-likelihood: -38137.343
Current log-likelihood at step 1: -38137.108
Current log-likelihood at step 2: -38136.989
Current log-likelihood at step 3: -38136.888
Current log-likelihood at step 4: -38136.798
Parameters optimization took 3 rounds (16.127 sec)

BETTER TREE FOUND at iteration 86: -38136.798
Iteration 90 / LogL: -38142.212 / Time: 1h:32m:41s (1h:39m:58s left)
Estimate model parameters (epsilon = 0.100)
Initial log-likelihood: -38135.502
Current log-likelihood at step 1: -38135.466
Parameters optimization took 0 rounds (9.694 sec)

BETTER TREE FOUND at iteration 100: -38135.466
Iteration 100 / LogL: -38135.466 / Time: 1h:42m:38s (1h:43m:40s left)
Log-likelihood cutoff on original alignment: -38216.556
NOTE: Bootstrap correlation coefficient of split occurrence frequencies: 0.965
NOTE: UFBoot does not converge, continue at least 100 more iterations
BETTER TREE FOUND at iteration 103: -38135.463
UPDATE BEST LOG-LIKELIHOOD: -38135.463
Iteration 110 / LogL: -38135.463 / Time: 1h:51m:14s (1h:34m:54s left)
Iteration 120 / LogL: -38135.463 / Time: 2h:4m:58s (1h:27m:9s left)
UPDATE BEST LOG-LIKELIHOOD: -38135.463
Iteration 130 / LogL: -38137.266 / Time: 2h:15m:57s (1h:16m:55s left)
Iteration 140 / LogL: -38140.446 / Time: 2h:18m:51s (1h:2m:56s left)
UPDATE BEST LOG-LIKELIHOOD: -38135.463
Iteration 150 / LogL: -38145.899 / Time: 2h:22m:11s (0h:50m:34s left)
Log-likelihood cutoff on original alignment: -38216.556
Iteration 160 / LogL: -38137.266 / Time: 2h:25m:9s (0h:39m:15s left)
Iteration 170 / LogL: -38139.920 / Time: 2h:30m:5s (0h:29m:18s left)
Iteration 180 / LogL: -38137.266 / Time: 2h:33m:48s (0h:19m:45s left)
Iteration 190 / LogL: -38192.243 / Time: 2h:40m:32s (0h:11m:2s left)
Iteration 200 / LogL: -38137.339 / Time: 2h:43m:25s (0h:2m:27s left)
Log-likelihood cutoff on original alignment: -38216.556
NOTE: Bootstrap correlation coefficient of split occurrence frequencies: 0.969
NOTE: UFBoot does not converge, continue at least 100 more iterations
Iteration 210 / LogL: -38142.583 / Time: 2h:49m:31s (1h:12m:59s left)
Iteration 220 / LogL: -38135.463 / Time: 2h:52m:7s (1h:2m:52s left)
Iteration 230 / LogL: -38137.266 / Time: 2h:56m:24s (0h:53m:55s left)
Iteration 240 / LogL: -38135.463 / Time: 2h:58m:12s (0h:44m:44s left)
Iteration 250 / LogL: -38135.463 / Time: 3h:0m:28s (0h:36m:14s left)
Log-likelihood cutoff on original alignment: -38216.556
Iteration 260 / LogL: -38146.194 / Time: 3h:4m:42s (0h:28m:31s left)
Iteration 270 / LogL: -38136.796 / Time: 3h:8m:27s (0h:21m:1s left)
Iteration 280 / LogL: -38137.266 / Time: 3h:11m:15s (0h:13m:42s left)
Iteration 290 / LogL: -38140.054 / Time: 3h:14m:48s (0h:6m:44s left)
Iteration 300 / LogL: -38140.054 / Time: 3h:17m:39s (0h:0m:0s left)
Log-likelihood cutoff on original alignment: -38216.556
NOTE: Bootstrap correlation coefficient of split occurrence frequencies: 0.992
TREE SEARCH COMPLETED AFTER 300 ITERATIONS / Time: 3h:17m:40s

--------------------------------------------------------------------
|                    FINALIZING TREE SEARCH                        |
--------------------------------------------------------------------
Performs final model parameters optimization
Estimate model parameters (epsilon = 0.010)
Initial log-likelihood: -38135.463
Current log-likelihood at step 1: -38135.455
Partition-specific rates:  0.260 0.127 2.614
Parameters optimization took 0 rounds (2.511 sec)

BEST SCORE FOUND : -38135.455
Creating bootstrap support values...
Split supports printed to NEXUS file Yeast_2408//aln_seqs/OG1926.nt.aln.nex.splits.nex
Total tree length: 24.649

Total number of iterations: 300
CPU time used for tree search: 901.532 sec (0h:15m:1s)
Wall-clock time used for tree search: 11633.788 sec (3h:13m:53s)
Total CPU time used: 915.052 sec (0h:15m:15s)
Total wall-clock time used: 11865.704 sec (3h:17m:45s)

Computing bootstrap consensus tree...
Reading input file Yeast_2408//aln_seqs/OG1926.nt.aln.nex.splits.nex...
40 taxa and 362 splits.
Consensus tree written to Yeast_2408//aln_seqs/OG1926.nt.aln.nex.contree
Reading input trees file Yeast_2408//aln_seqs/OG1926.nt.aln.nex.contree
Log-likelihood of consensus tree: -38135.454

Analysis results written to: 
  IQ-TREE report:                Yeast_2408//aln_seqs/OG1926.nt.aln.nex.iqtree
  Maximum-likelihood tree:       Yeast_2408//aln_seqs/OG1926.nt.aln.nex.treefile
  Likelihood distances:          Yeast_2408//aln_seqs/OG1926.nt.aln.nex.mldist
  Best partitioning scheme:      Yeast_2408//aln_seqs/OG1926.nt.aln.nex.best_scheme.nex
           in RAxML format:      Yeast_2408//aln_seqs/OG1926.nt.aln.nex.best_scheme

Ultrafast bootstrap approximation results written to:
  Split support values:          Yeast_2408//aln_seqs/OG1926.nt.aln.nex.splits.nex
  Consensus tree:                Yeast_2408//aln_seqs/OG1926.nt.aln.nex.contree
  Screen log file:               Yeast_2408//aln_seqs/OG1926.nt.aln.nex.log

Date and Time: Mon Feb 18 20:42:02 2019
