IQ-TREE multicore version 1.6.8 for Linux 64-bit built Oct 28 2018
Developed by Bui Quang Minh, Nguyen Lam Tung, Olga Chernomor,
Heiko Schmidt, Dominik Schrempf, Michael Woodhams.

Host:    sango40413.oist.jp (AVX2, FMA3, 503 GB RAM)
Command: iqtree -s Yeast_2408//aln_seqs/OG1919.nt.aln -bb 1000 -redo -nt 3 -spp Yeast_2408//aln_seqs/OG1919.nt.aln.nex -m MFPMERGE
Seed:    56464 (Using SPRNG - Scalable Parallel Random Number Generator)
Time:    Mon Feb 18 09:13:25 2019
Kernel:  AVX+FMA - 3 threads (24 CPU cores detected)

Reading partition model file Yeast_2408//aln_seqs/OG1919.nt.aln.nex ...
Reading alignment file Yeast_2408//aln_seqs/OG1919.nt.aln ... Fasta format detected
Alignment most likely contains DNA/RNA sequences
Alignment has 40 sequences with 1386 columns, 1123 distinct patterns
1032 parsimony-informative, 115 singleton sites, 239 constant sites
                                             Gap/Ambiguity  Composition  p-value
   1  Candida_glabrata                               0.43%    passed     23.54%
   2  Kazachstania_africana                          1.73%    passed     40.03%
   3  Kazachstania_naganishii                        0.65%    failed      0.00%
   4  Nakaseomyces_bacillisporus                     1.08%    passed     29.77%
   5  Nakaseomyces_bracarensis                       0.65%    passed      5.76%
   6  Nakaseomyces_castellii                         1.08%    passed      8.49%
   7  Nakaseomyces_delphensis                        0.22%    failed      0.11%
   8  Nakaseomyces_nivariensis                       0.65%    passed     22.66%
   9  Naumovozyma_castellii                          1.30%    passed     81.67%
  10  Naumovozyma_dairenensis                        1.08%    failed      0.04%
  11  Neurospora_crassa                              1.30%    failed      0.00%
  12  Saccharomyces_arboricola                       3.03%    passed     32.24%
  13  Saccharomyces_cerevisiae                       0.65%    passed     33.89%
  14  Saccharomyces_eubayanus                        0.65%    passed     29.02%
  15  Saccharomyces_kudriavzevii                     0.65%    passed     61.52%
  16  Saccharomyces_mikatae                          0.65%    passed     23.61%
  17  Saccharomyces_paradoxus                        0.65%    passed     48.05%
  18  Saccharomyces_uvarum                           2.38%    passed     18.78%
  19  Tetrapisispora_blattae                         1.08%    failed      0.00%
  20  Tetrapisispora_phaffii                         0.87%    failed      0.81%
  21  Vanderwaltozyma_polyspora                      1.08%    passed      5.62%
  22  yHAB132_Kazachstania_martiniae                 0.22%    passed      7.57%
  23  yHAB133_Kazachstania_unispora                  0.43%    failed      4.25%
  24  yHAB134_Kazachstania_turicensis                0.65%    failed      3.91%
  25  yHAB136_Kazachstania_bromeliacearum            3.46%    passed     18.08%
  26  yHAB143_Kazachstania_siamensis                 0.43%    passed     35.17%
  27  yHAB147_Kazachstania_taianensis                0.22%    failed      0.00%
  28  yHAB148_Kazachstania_intestinalis              0.65%    failed      0.26%
  29  yHAB153_Kazachstania_rosinii                   0.22%    failed      0.00%
  30  yHAB154_Kazachstania_transvaalensis            0.00%    passed     13.96%
  31  yHAB155_Kazachstania_spencerorum               0.22%    failed      0.03%
  32  yHAB158_Kazachstania_viticola                  0.22%    passed     26.99%
  33  yHAB159_Kazachstania_solicola                  0.43%    passed     15.50%
  34  yHAB160_Kazachstania_kunashirensis             0.65%    failed      0.13%
  35  yHAB164_Kazachstania_aerobia                   0.43%    passed     59.31%
  36  yHAB166_Kazachstania_yakushimaensis            0.00%    failed      1.12%
  37  yHMPu5000034875_Tetrapisispora_fleetii         0.87%    failed      0.00%
  38  yHMPu5000034876_Tetrapisispora_iriomotensis    0.87%    failed      0.01%
  39  yHMPu5000034877_Tetrapisispora_namnaonensis    0.87%    failed      0.28%
  40  yHMPu5000035629_Yueomyces_sinensis             1.30%    failed      0.00%
****  TOTAL                                          0.85%  18 sequences failed composition chi2 test (p-value<5%; df=3)
NOTE: No CharPartition defined, use all CharSets

Loading 3 partitions...
Subset	Type	Seqs	Sites	Infor	Invar	Model	Name
1		40	462	324	88	MFPMERGE	p1
2		40	462	259	143	MFPMERGE	p2
3		40	462	449	8	MFPMERGE	p3
Degree of missing data: 0.000
Info: multi-threading strategy over partitions



Create initial parsimony tree by phylogenetic likelihood library (PLL)... 0.310 seconds
NOTE: ModelFinder requires 19 MB RAM!
Testing GTR+F+G on supermatrix...
GTR+F+G4 / LnL: -38379.890 / df: 86 / AIC: 76931.780 / AICc: 76943.300 / BIC: 77381.919
Selecting individual models for 3 charsets using BIC...
 No. Model        Score       Charset
   1 TPM3u+F+I+G4 15880.562   p2
   2 TIM2e+I+G4   22192.126   p1
   3 TIM3+F+I+G4  37020.192   p3
Full partition model BIC score: 75667.946 (LnL: -37475.881  df:99)
Merging models to increase model fit (about 7 total partition schemes)...
   4 GTR+F+I+G4   75919.421   p1+p2
   5 TPM3u+F+I+G4 77122.112   p2+p3
   6 GTR+F+I+G4   76384.362   p1+p3
BEST-FIT PARTITION MODEL: 
  charpartition BIC = TIM2e+I+G4: p1, TPM3u+F+I+G4: p2, TIM3+F+I+G4: p3;
Agglomerative model selection: (p1,p2,p3)
Partition information was printed to Yeast_2408//aln_seqs/OG1919.nt.aln.nex.best_scheme.nex
Partition information in Raxml format was printed to Yeast_2408//aln_seqs/OG1919.nt.aln.nex.best_scheme

All model information printed to Yeast_2408//aln_seqs/OG1919.nt.aln.nex.model.gz
CPU time for ModelFinder: 300.027 seconds (0h:5m:0s)
Wall-clock time for ModelFinder: 17425.965 seconds (4h:50m:25s)
Generating 1000 samples for ultrafast bootstrap (seed: 56464)...

NOTE: 10 MB RAM (0 GB) is required!
Estimate model parameters (epsilon = 0.100)
Initial log-likelihood: -39419.437
Current log-likelihood at step 1: -37668.864
Current log-likelihood at step 2: -37496.217
Current log-likelihood at step 3: -37488.186
Current log-likelihood at step 4: -37487.677
Current log-likelihood at step 5: -37487.552
Current log-likelihood at step 6: -37487.525
Partition-specific rates:  0.578 0.412 2.010
Parameters optimization took 5 rounds (42.038 sec)

Computing ML distances based on estimated model parameters... 0.040 sec
Computing BIONJ tree...
0.159 seconds
Log-likelihood of BIONJ tree: -37472.871
--------------------------------------------------------------------
|             INITIALIZING CANDIDATE TREE SET                      |
--------------------------------------------------------------------
Generating 98 parsimony trees... 56.281 second
Computing log-likelihood of 98 initial trees ... 942.305 seconds
Current best score: -37469.858

Do NNI search on 20 best initial trees
Estimate model parameters (epsilon = 0.100)
Initial log-likelihood: -37433.520
Current log-likelihood at step 1: -37417.706
Current log-likelihood at step 2: -37412.926
Current log-likelihood at step 3: -37409.898
Current log-likelihood at step 4: -37408.072
Current log-likelihood at step 5: -37406.923
Current log-likelihood at step 6: -37406.214
Current log-likelihood at step 7: -37405.759
Current log-likelihood at step 8: -37405.465
Current log-likelihood at step 9: -37405.308
Current log-likelihood at step 10: -37405.167
Current log-likelihood at step 11: -37405.080
Parameters optimization took 10 rounds (88.149 sec)

BETTER TREE FOUND at iteration 1: -37405.080
Iteration 10 / LogL: -37409.063 / Time: 0h:34m:56s
Iteration 20 / LogL: -37412.399 / Time: 0h:50m:51s
Finish initializing candidate tree set (14)
Current best tree score: -37405.080 / CPU time: 2967.125
Number of iterations: 20
--------------------------------------------------------------------
|               OPTIMIZING CANDIDATE TREE SET                      |
--------------------------------------------------------------------
Estimate model parameters (epsilon = 0.100)
Initial log-likelihood: -37405.056
Current log-likelihood at step 1: -37404.941
Current log-likelihood at step 2: -37404.896
Parameters optimization took 1 rounds (15.145 sec)

UPDATE BEST LOG-LIKELIHOOD: -37404.896
UPDATE BEST LOG-LIKELIHOOD: -37404.894
Iteration 30 / LogL: -37404.950 / Time: 1h:5m:4s (2h:39m:19s left)
Estimate model parameters (epsilon = 0.100)
Initial log-likelihood: -37403.255
Current log-likelihood at step 1: -37402.917
Current log-likelihood at step 2: -37402.789
Current log-likelihood at step 3: -37402.687
Current log-likelihood at step 4: -37402.620
Parameters optimization took 3 rounds (48.186 sec)

BETTER TREE FOUND at iteration 31: -37402.620
Estimate model parameters (epsilon = 0.100)
Initial log-likelihood: -37397.469
Current log-likelihood at step 1: -37397.340
Current log-likelihood at step 2: -37397.294
Parameters optimization took 1 rounds (13.324 sec)

BETTER TREE FOUND at iteration 35: -37397.294
Iteration 40 / LogL: -37405.348 / Time: 1h:25m:25s (3h:28m:4s left)
Iteration 50 / LogL: -37404.947 / Time: 1h:34m:15s (2h:43m:30s left)
Log-likelihood cutoff on original alignment: -37453.191
Estimate model parameters (epsilon = 0.100)
Initial log-likelihood: -37395.815
Current log-likelihood at step 1: -37395.691
Current log-likelihood at step 2: -37395.625
Parameters optimization took 1 rounds (6.912 sec)

BETTER TREE FOUND at iteration 60: -37395.625
Iteration 60 / LogL: -37395.625 / Time: 1h:49m:3s (3h:4m:50s left)
Estimate model parameters (epsilon = 0.100)
Initial log-likelihood: -37395.461
Current log-likelihood at step 1: -37395.387
Parameters optimization took 0 rounds (11.854 sec)

UPDATE BEST LOG-LIKELIHOOD: -37395.387
Iteration 70 / LogL: -37395.940 / Time: 2h:16m:36s (2h:58m:11s left)
Iteration 80 / LogL: -37396.020 / Time: 2h:25m:16s (2h:27m:6s left)
Estimate model parameters (epsilon = 0.100)
Initial log-likelihood: -37388.032
Current log-likelihood at step 1: -37387.897
Current log-likelihood at step 2: -37387.893
Parameters optimization took 1 rounds (10.853 sec)

BETTER TREE FOUND at iteration 81: -37387.893
Iteration 90 / LogL: -37395.842 / Time: 2h:31m:25s (2h:34m:49s left)
BETTER TREE FOUND at iteration 100: -37387.892
Iteration 100 / LogL: -37387.892 / Time: 2h:45m:32s (2h:47m:12s left)
Log-likelihood cutoff on original alignment: -37436.105
NOTE: Bootstrap correlation coefficient of split occurrence frequencies: 0.903
NOTE: UFBoot does not converge, continue at least 100 more iterations
Estimate model parameters (epsilon = 0.100)
Initial log-likelihood: -37387.637
Current log-likelihood at step 1: -37387.561
Parameters optimization took 0 rounds (2.942 sec)

BETTER TREE FOUND at iteration 107: -37387.561
Iteration 110 / LogL: -37387.814 / Time: 2h:59m:56s (2h:40m:7s left)
Iteration 120 / LogL: -37389.315 / Time: 3h:6m:45s (2h:16m:31s left)
Iteration 130 / LogL: -37387.814 / Time: 3h:22m:17s (2h:0m:45s left)
Iteration 140 / LogL: -37387.941 / Time: 3h:32m:15s (1h:42m:18s left)
Iteration 150 / LogL: -37391.538 / Time: 3h:45m:16s (1h:26m:10s left)
Log-likelihood cutoff on original alignment: -37436.105
Iteration 160 / LogL: -37387.814 / Time: 3h:55m:30s (1h:9m:36s left)
Iteration 170 / LogL: -37410.154 / Time: 4h:2m:58s (0h:53m:11s left)
Iteration 180 / LogL: -37387.769 / Time: 4h:14m:9s (0h:38m:20s left)
Iteration 190 / LogL: -37387.782 / Time: 4h:24m:21s (0h:23m:46s left)
Iteration 200 / LogL: -37387.814 / Time: 4h:34m:1s (0h:9m:38s left)
Log-likelihood cutoff on original alignment: -37434.377
NOTE: Bootstrap correlation coefficient of split occurrence frequencies: 0.993
Estimate model parameters (epsilon = 0.100)
Initial log-likelihood: -37387.514
Current log-likelihood at step 1: -37387.486
Parameters optimization took 0 rounds (3.945 sec)

UPDATE BEST LOG-LIKELIHOOD: -37387.486
TREE SEARCH COMPLETED AFTER 208 ITERATIONS / Time: 4h:40m:47s

--------------------------------------------------------------------
|                    FINALIZING TREE SEARCH                        |
--------------------------------------------------------------------
Performs final model parameters optimization
Estimate model parameters (epsilon = 0.010)
Initial log-likelihood: -37387.481
Current log-likelihood at step 1: -37387.450
Current log-likelihood at step 2: -37387.416
Current log-likelihood at step 3: -37387.403
Current log-likelihood at step 4: -37387.393
Current log-likelihood at step 5: -37387.386
Partition-specific rates:  0.436 0.259 2.305
Parameters optimization took 4 rounds (29.518 sec)

BEST SCORE FOUND : -37387.386
Creating bootstrap support values...
Split supports printed to NEXUS file Yeast_2408//aln_seqs/OG1919.nt.aln.nex.splits.nex
Total tree length: 22.960

Total number of iterations: 208
CPU time used for tree search: 653.548 sec (0h:10m:53s)
Wall-clock time used for tree search: 16761.502 sec (4h:39m:21s)
Total CPU time used: 657.750 sec (0h:10m:57s)
Total wall-clock time used: 16894.225 sec (4h:41m:34s)

Computing bootstrap consensus tree...
Reading input file Yeast_2408//aln_seqs/OG1919.nt.aln.nex.splits.nex...
40 taxa and 392 splits.
Consensus tree written to Yeast_2408//aln_seqs/OG1919.nt.aln.nex.contree
Reading input trees file Yeast_2408//aln_seqs/OG1919.nt.aln.nex.contree
Log-likelihood of consensus tree: -37387.387

Analysis results written to: 
  IQ-TREE report:                Yeast_2408//aln_seqs/OG1919.nt.aln.nex.iqtree
  Maximum-likelihood tree:       Yeast_2408//aln_seqs/OG1919.nt.aln.nex.treefile
  Likelihood distances:          Yeast_2408//aln_seqs/OG1919.nt.aln.nex.mldist
  Best partitioning scheme:      Yeast_2408//aln_seqs/OG1919.nt.aln.nex.best_scheme.nex
           in RAxML format:      Yeast_2408//aln_seqs/OG1919.nt.aln.nex.best_scheme

Ultrafast bootstrap approximation results written to:
  Split support values:          Yeast_2408//aln_seqs/OG1919.nt.aln.nex.splits.nex
  Consensus tree:                Yeast_2408//aln_seqs/OG1919.nt.aln.nex.contree
  Screen log file:               Yeast_2408//aln_seqs/OG1919.nt.aln.nex.log

Date and Time: Mon Feb 18 18:45:37 2019
