IQ-TREE multicore version 1.6.8 for Linux 64-bit built Oct 28 2018
Developed by Bui Quang Minh, Nguyen Lam Tung, Olga Chernomor,
Heiko Schmidt, Dominik Schrempf, Michael Woodhams.

Host:    sango40413.oist.jp (AVX2, FMA3, 503 GB RAM)
Command: iqtree -s Yeast_2408//aln_seqs/OG2174.nt.aln -bb 1000 -redo -nt 3 -spp Yeast_2408//aln_seqs/OG2174.nt.aln.nex -m MFPMERGE
Seed:    399876 (Using SPRNG - Scalable Parallel Random Number Generator)
Time:    Mon Feb 18 09:10:53 2019
Kernel:  AVX+FMA - 3 threads (24 CPU cores detected)

Reading partition model file Yeast_2408//aln_seqs/OG2174.nt.aln.nex ...
Reading alignment file Yeast_2408//aln_seqs/OG2174.nt.aln ... Fasta format detected
Alignment most likely contains DNA/RNA sequences
Alignment has 40 sequences with 687 columns, 420 distinct patterns
372 parsimony-informative, 71 singleton sites, 243 constant sites
                                             Gap/Ambiguity  Composition  p-value
   1  Candida_glabrata                               0.00%    passed     82.27%
   2  Kazachstania_africana                          0.00%    passed     67.91%
   3  Kazachstania_naganishii                        0.00%    failed      0.00%
   4  Nakaseomyces_bacillisporus                     0.00%    passed     40.77%
   5  Nakaseomyces_bracarensis                       0.00%    passed     89.93%
   6  Nakaseomyces_castellii                         0.00%    failed      0.00%
   7  Nakaseomyces_delphensis                        0.00%    passed     13.84%
   8  Nakaseomyces_nivariensis                       0.00%    passed     43.81%
   9  Naumovozyma_castellii                          0.00%    passed     94.73%
  10  Naumovozyma_dairenensis                        0.00%    passed     22.86%
  11  Neurospora_crassa                              0.00%    failed      0.00%
  12  Saccharomyces_arboricola                       0.00%    passed     72.33%
  13  Saccharomyces_cerevisiae                       0.00%    passed     58.58%
  14  Saccharomyces_eubayanus                        0.00%    passed     19.19%
  15  Saccharomyces_kudriavzevii                     0.00%    passed     52.28%
  16  Saccharomyces_mikatae                          0.00%    passed     88.45%
  17  Saccharomyces_paradoxus                        0.00%    passed     78.80%
  18  Saccharomyces_uvarum                           0.00%    passed     20.66%
  19  Tetrapisispora_blattae                         0.00%    failed      0.03%
  20  Tetrapisispora_phaffii                         0.00%    passed      5.80%
  21  Vanderwaltozyma_polyspora                      0.00%    passed     14.13%
  22  yHAB132_Kazachstania_martiniae                 0.00%    passed     34.33%
  23  yHAB133_Kazachstania_unispora                  0.00%    failed      1.17%
  24  yHAB134_Kazachstania_turicensis                0.00%    failed      0.72%
  25  yHAB136_Kazachstania_bromeliacearum            0.00%    passed     56.07%
  26  yHAB143_Kazachstania_siamensis                 0.00%    passed      6.73%
  27  yHAB147_Kazachstania_taianensis                0.00%    failed      0.00%
  28  yHAB148_Kazachstania_intestinalis              0.00%    failed      0.00%
  29  yHAB153_Kazachstania_rosinii                   0.00%    passed      8.31%
  30  yHAB154_Kazachstania_transvaalensis            0.00%    failed      1.01%
  31  yHAB155_Kazachstania_spencerorum               0.00%    passed     37.51%
  32  yHAB158_Kazachstania_viticola                  0.00%    failed      3.40%
  33  yHAB159_Kazachstania_solicola                  0.00%    passed     33.34%
  34  yHAB160_Kazachstania_kunashirensis             0.00%    passed     21.57%
  35  yHAB164_Kazachstania_aerobia                   0.00%    passed     24.23%
  36  yHAB166_Kazachstania_yakushimaensis            0.00%    failed      0.02%
  37  yHMPu5000034875_Tetrapisispora_fleetii         0.00%    failed      0.09%
  38  yHMPu5000034876_Tetrapisispora_iriomotensis    0.00%    failed      0.34%
  39  yHMPu5000034877_Tetrapisispora_namnaonensis    0.00%    passed     13.82%
  40  yHMPu5000035629_Yueomyces_sinensis             0.00%    failed      0.61%
****  TOTAL                                          0.00%  14 sequences failed composition chi2 test (p-value<5%; df=3)
NOTE: No CharPartition defined, use all CharSets

Loading 3 partitions...
Subset	Type	Seqs	Sites	Infor	Invar	Model	Name
1		40	229	93	98	MFPMERGE	p1
2		40	229	57	139	MFPMERGE	p2
3		40	229	222	7	MFPMERGE	p3
Degree of missing data: 0.000
Info: multi-threading strategy over partitions



Create initial parsimony tree by phylogenetic likelihood library (PLL)... 0.250 seconds
NOTE: ModelFinder requires 7 MB RAM!
Testing GTR+F+G on supermatrix...
GTR+F+G4 / LnL: -13155.185 / df: 86 / AIC: 26482.370 / AICc: 26507.310 / BIC: 26872.151
Selecting individual models for 3 charsets using BIC...
 No. Model        Score       Charset
   1 TIM3+F+G4    3650.144    p2
   2 SYM+G4       5710.103    p1
   3 TIM3+F+I+G4  16080.415   p3
Full partition model BIC score: 25963.485 (LnL: -12655.126  df:100)
Merging models to increase model fit (about 7 total partition schemes)...
   4 TVMe+I+G4    26071.939   p1+p2
   5 TIM2+F+I+G4  26404.362   p1+p3
   6 TIM3+F+I+G4  26704.297   p2+p3
BEST-FIT PARTITION MODEL: 
  charpartition BIC = SYM+G4: p1, TIM3+F+G4: p2, TIM3+F+I+G4: p3;
Agglomerative model selection: (p1,p2,p3)
Partition information was printed to Yeast_2408//aln_seqs/OG2174.nt.aln.nex.best_scheme.nex
Partition information in Raxml format was printed to Yeast_2408//aln_seqs/OG2174.nt.aln.nex.best_scheme

All model information printed to Yeast_2408//aln_seqs/OG2174.nt.aln.nex.model.gz
CPU time for ModelFinder: 102.617 seconds (0h:1m:42s)
Wall-clock time for ModelFinder: 4941.300 seconds (1h:22m:21s)
Generating 1000 samples for ultrafast bootstrap (seed: 399876)...

NOTE: 4 MB RAM (0 GB) is required!
WARNING: Number of threads seems too high for short alignments. Use -nt AUTO to determine best number of threads.
Estimate model parameters (epsilon = 0.100)
Initial log-likelihood: -14104.687
Current log-likelihood at step 1: -12920.685
Current log-likelihood at step 2: -12756.528
Current log-likelihood at step 3: -12689.858
Current log-likelihood at step 4: -12687.671
Current log-likelihood at step 5: -12687.326
Current log-likelihood at step 6: -12687.196
Current log-likelihood at step 7: -12687.139
Partition-specific rates:  0.304 0.567 2.129
Parameters optimization took 6 rounds (25.226 sec)

Computing ML distances based on estimated model parameters... 0.036 sec
Computing BIONJ tree...
0.027 seconds
Log-likelihood of BIONJ tree: -12649.050
--------------------------------------------------------------------
|             INITIALIZING CANDIDATE TREE SET                      |
--------------------------------------------------------------------
Generating 98 parsimony trees... 63.437 second
Computing log-likelihood of 98 initial trees ... 761.289 seconds
Current best score: -12649.050

Do NNI search on 20 best initial trees
Estimate model parameters (epsilon = 0.100)
Initial log-likelihood: -12641.252
Current log-likelihood at step 1: -12605.272
Current log-likelihood at step 2: -12603.455
Current log-likelihood at step 3: -12602.708
Current log-likelihood at step 4: -12602.152
Current log-likelihood at step 5: -12601.732
Current log-likelihood at step 6: -12601.406
Current log-likelihood at step 7: -12601.143
Current log-likelihood at step 8: -12600.963
Current log-likelihood at step 9: -12600.837
Current log-likelihood at step 10: -12600.729
Current log-likelihood at step 11: -12600.640
Parameters optimization took 10 rounds (26.348 sec)

BETTER TREE FOUND at iteration 1: -12600.640
Estimate model parameters (epsilon = 0.100)
Initial log-likelihood: -12592.953
Current log-likelihood at step 1: -12592.502
Current log-likelihood at step 2: -12592.415
Parameters optimization took 1 rounds (3.707 sec)

BETTER TREE FOUND at iteration 2: -12592.415
Estimate model parameters (epsilon = 0.100)
Initial log-likelihood: -12586.822
Current log-likelihood at step 1: -12586.316
Current log-likelihood at step 2: -12586.235
Parameters optimization took 1 rounds (22.259 sec)

BETTER TREE FOUND at iteration 8: -12586.235
Iteration 10 / LogL: -12609.285 / Time: 0h:26m:26s
Iteration 20 / LogL: -12599.401 / Time: 0h:32m:29s
Finish initializing candidate tree set (20)
Current best tree score: -12586.235 / CPU time: 1918.636
Number of iterations: 20
--------------------------------------------------------------------
|               OPTIMIZING CANDIDATE TREE SET                      |
--------------------------------------------------------------------
Iteration 30 / LogL: -12591.339 / Time: 0h:41m:0s (1h:50m:17s left)
Estimate model parameters (epsilon = 0.100)
Initial log-likelihood: -12585.584
Current log-likelihood at step 1: -12584.648
Current log-likelihood at step 2: -12584.566
Parameters optimization took 1 rounds (6.607 sec)

BETTER TREE FOUND at iteration 36: -12584.566
Iteration 40 / LogL: -12588.386 / Time: 0h:52m:6s (2h:8m:15s left)
Estimate model parameters (epsilon = 0.100)
Initial log-likelihood: -12583.858
Current log-likelihood at step 1: -12583.704
Current log-likelihood at step 2: -12583.669
Parameters optimization took 1 rounds (3.476 sec)

BETTER TREE FOUND at iteration 41: -12583.669
Iteration 50 / LogL: -12590.878 / Time: 1h:5m:36s (2h:1m:50s left)
Log-likelihood cutoff on original alignment: -12628.282
Iteration 60 / LogL: -12585.931 / Time: 1h:15m:24s (1h:43m:31s left)
Iteration 70 / LogL: -12583.920 / Time: 1h:20m:8s (1h:22m:27s left)
Estimate model parameters (epsilon = 0.100)
Initial log-likelihood: -12583.319
Current log-likelihood at step 1: -12583.021
Current log-likelihood at step 2: -12582.960
Parameters optimization took 1 rounds (4.226 sec)

BETTER TREE FOUND at iteration 73: -12582.960
Iteration 80 / LogL: -12593.104 / Time: 1h:27m:57s (1h:43m:31s left)
Iteration 90 / LogL: -12583.799 / Time: 1h:34m:35s (1h:28m:13s left)
Iteration 100 / LogL: -12583.796 / Time: 1h:45m:58s (1h:18m:8s left)
Log-likelihood cutoff on original alignment: -12628.282
NOTE: Bootstrap correlation coefficient of split occurrence frequencies: 0.991
Iteration 110 / LogL: -12586.678 / Time: 1h:54m:30s (1h:34m:33s left)
Iteration 120 / LogL: -12583.773 / Time: 2h:1m:33s (1h:21m:43s left)
Iteration 130 / LogL: -12586.710 / Time: 2h:9m:58s (1h:10m:31s left)
Iteration 140 / LogL: -12582.998 / Time: 2h:21m:0s (1h:0m:51s left)
Iteration 150 / LogL: -12582.972 / Time: 2h:26m:21s (0h:49m:6s left)
Log-likelihood cutoff on original alignment: -12628.282
Iteration 160 / LogL: -12583.798 / Time: 2h:35m:25s (0h:39m:6s left)
Iteration 170 / LogL: -12583.715 / Time: 2h:44m:17s (0h:29m:9s left)
UPDATE BEST LOG-LIKELIHOOD: -12582.952
TREE SEARCH COMPLETED AFTER 174 ITERATIONS / Time: 2h:50m:49s

--------------------------------------------------------------------
|                    FINALIZING TREE SEARCH                        |
--------------------------------------------------------------------
Performs final model parameters optimization
Estimate model parameters (epsilon = 0.010)
Initial log-likelihood: -12582.951
Current log-likelihood at step 1: -12582.884
Current log-likelihood at step 2: -12582.835
Current log-likelihood at step 3: -12582.794
Current log-likelihood at step 4: -12582.761
Current log-likelihood at step 5: -12582.733
Current log-likelihood at step 6: -12582.713
Current log-likelihood at step 7: -12582.703
Current log-likelihood at step 8: -12582.688
Current log-likelihood at step 9: -12582.680
Partition-specific rates:  0.243 0.105 2.652
Parameters optimization took 8 rounds (33.513 sec)

BEST SCORE FOUND : -12582.680
Creating bootstrap support values...
Split supports printed to NEXUS file Yeast_2408//aln_seqs/OG2174.nt.aln.nex.splits.nex
Total tree length: 20.488

Total number of iterations: 174
CPU time used for tree search: 307.290 sec (0h:5m:7s)
Wall-clock time used for tree search: 10217.329 sec (2h:50m:17s)
Total CPU time used: 310.071 sec (0h:5m:10s)
Total wall-clock time used: 10295.204 sec (2h:51m:35s)

Computing bootstrap consensus tree...
Reading input file Yeast_2408//aln_seqs/OG2174.nt.aln.nex.splits.nex...
40 taxa and 534 splits.
Consensus tree written to Yeast_2408//aln_seqs/OG2174.nt.aln.nex.contree
Reading input trees file Yeast_2408//aln_seqs/OG2174.nt.aln.nex.contree
Log-likelihood of consensus tree: -12582.679

Analysis results written to: 
  IQ-TREE report:                Yeast_2408//aln_seqs/OG2174.nt.aln.nex.iqtree
  Maximum-likelihood tree:       Yeast_2408//aln_seqs/OG2174.nt.aln.nex.treefile
  Likelihood distances:          Yeast_2408//aln_seqs/OG2174.nt.aln.nex.mldist
  Best partitioning scheme:      Yeast_2408//aln_seqs/OG2174.nt.aln.nex.best_scheme.nex
           in RAxML format:      Yeast_2408//aln_seqs/OG2174.nt.aln.nex.best_scheme

Ultrafast bootstrap approximation results written to:
  Split support values:          Yeast_2408//aln_seqs/OG2174.nt.aln.nex.splits.nex
  Consensus tree:                Yeast_2408//aln_seqs/OG2174.nt.aln.nex.contree
  Screen log file:               Yeast_2408//aln_seqs/OG2174.nt.aln.nex.log

Date and Time: Mon Feb 18 13:25:11 2019
