IQ-TREE multicore version 1.6.8 for Linux 64-bit built Oct 28 2018
Developed by Bui Quang Minh, Nguyen Lam Tung, Olga Chernomor,
Heiko Schmidt, Dominik Schrempf, Michael Woodhams.

Host:    sango40413.oist.jp (AVX2, FMA3, 503 GB RAM)
Command: iqtree -s Yeast_2408//aln_seqs/OG2378.nt.aln -bb 1000 -redo -nt 3 -spp Yeast_2408//aln_seqs/OG2378.nt.aln.nex -m MFPMERGE
Seed:    22660 (Using SPRNG - Scalable Parallel Random Number Generator)
Time:    Mon Feb 18 09:19:41 2019
Kernel:  AVX+FMA - 3 threads (24 CPU cores detected)

Reading partition model file Yeast_2408//aln_seqs/OG2378.nt.aln.nex ...
Reading alignment file Yeast_2408//aln_seqs/OG2378.nt.aln ... Fasta format detected
Alignment most likely contains DNA/RNA sequences
Alignment has 40 sequences with 1986 columns, 1673 distinct patterns
1548 parsimony-informative, 148 singleton sites, 290 constant sites
                                             Gap/Ambiguity  Composition  p-value
   1  Candida_glabrata                              11.93%    failed      0.14%
   2  Kazachstania_africana                          8.46%    passed     99.98%
   3  Kazachstania_naganishii                        9.97%    failed      0.00%
   4  Nakaseomyces_bacillisporus                    11.63%    failed      3.31%
   5  Nakaseomyces_bracarensis                      10.73%    failed      0.00%
   6  Nakaseomyces_castellii                        11.63%    failed      0.21%
   7  Nakaseomyces_delphensis                       10.73%    failed      1.03%
   8  Nakaseomyces_nivariensis                      10.73%    passed     25.70%
   9  Naumovozyma_castellii                          8.46%    passed     42.08%
  10  Naumovozyma_dairenensis                        8.46%    passed     14.42%
  11  Neurospora_crassa                             15.41%    failed      0.00%
  12  Saccharomyces_arboricola                       9.52%    passed     40.25%
  13  Saccharomyces_cerevisiae                       9.52%    passed     45.01%
  14  Saccharomyces_eubayanus                        9.67%    passed     31.56%
  15  Saccharomyces_kudriavzevii                     9.67%    passed     45.28%
  16  Saccharomyces_mikatae                          9.52%    passed     38.45%
  17  Saccharomyces_paradoxus                        9.52%    passed     14.64%
  18  Saccharomyces_uvarum                          13.75%    passed     75.58%
  19  Tetrapisispora_blattae                         9.37%    passed      9.75%
  20  Tetrapisispora_phaffii                         9.21%    failed      0.05%
  21  Vanderwaltozyma_polyspora                      8.76%    failed      0.03%
  22  yHAB132_Kazachstania_martiniae                10.27%    passed     70.41%
  23  yHAB133_Kazachstania_unispora                 10.27%    passed     44.66%
  24  yHAB134_Kazachstania_turicensis                9.21%    failed      2.23%
  25  yHAB136_Kazachstania_bromeliacearum            9.97%    passed     56.87%
  26  yHAB143_Kazachstania_siamensis                10.27%    failed      0.02%
  27  yHAB147_Kazachstania_taianensis               10.57%    failed      2.57%
  28  yHAB148_Kazachstania_intestinalis             10.88%    passed      5.14%
  29  yHAB153_Kazachstania_rosinii                   9.52%    passed     45.46%
  30  yHAB154_Kazachstania_transvaalensis            9.97%    passed      5.86%
  31  yHAB155_Kazachstania_spencerorum               9.82%    passed     31.32%
  32  yHAB158_Kazachstania_viticola                  9.06%    passed     33.58%
  33  yHAB159_Kazachstania_solicola                 10.27%    passed     76.53%
  34  yHAB160_Kazachstania_kunashirensis             9.21%    failed      3.24%
  35  yHAB164_Kazachstania_aerobia                  10.27%    passed     34.35%
  36  yHAB166_Kazachstania_yakushimaensis            9.97%    failed      0.04%
  37  yHMPu5000034875_Tetrapisispora_fleetii         9.21%    failed      0.04%
  38  yHMPu5000034876_Tetrapisispora_iriomotensis    9.21%    failed      0.04%
  39  yHMPu5000034877_Tetrapisispora_namnaonensis    9.21%    failed      0.10%
  40  yHMPu5000035629_Yueomyces_sinensis             9.37%    passed     14.15%
****  TOTAL                                         10.08%  17 sequences failed composition chi2 test (p-value<5%; df=3)
NOTE: No CharPartition defined, use all CharSets

Loading 3 partitions...
Subset	Type	Seqs	Sites	Infor	Invar	Model	Name
1		40	662	507	104	MFPMERGE	p1
2		40	662	441	133	MFPMERGE	p2
3		40	662	600	53	MFPMERGE	p3
Degree of missing data: 0.000
Info: multi-threading strategy over partitions



Create initial parsimony tree by phylogenetic likelihood library (PLL)... 0.699 seconds
NOTE: ModelFinder requires 29 MB RAM!
Testing GTR+F+G on supermatrix...
GTR+F+G4 / LnL: -57224.498 / df: 86 / AIC: 114620.997 / AICc: 114628.877 / BIC: 115102.070
Selecting individual models for 3 charsets using BIC...
 No. Model        Score       Charset
   1 GTR+F+I+G4   26615.322   p2
   2 TIM3+F+I+G4  34863.423   p1
   3 TN+F+R7      51005.194   p3
Full partition model BIC score: 113102.820 (LnL: -56118.559  df:114)
Merging models to increase model fit (about 7 total partition schemes)...
   4 TPM3u+F+I+G4 113307.817  p1+p2
   5 GTR+F+I+G4   114102.497  p1+p3
   6 TPM3u+F+I+G4 114766.890  p2+p3
BEST-FIT PARTITION MODEL: 
  charpartition BIC = TIM3+F+I+G4: p1, GTR+F+I+G4: p2, TN+F+R7: p3;
Agglomerative model selection: (p1,p2,p3)
Partition information was printed to Yeast_2408//aln_seqs/OG2378.nt.aln.nex.best_scheme.nex
Partition information in Raxml format was printed to Yeast_2408//aln_seqs/OG2378.nt.aln.nex.best_scheme

All model information printed to Yeast_2408//aln_seqs/OG2378.nt.aln.nex.model.gz
CPU time for ModelFinder: 634.649 seconds (0h:10m:34s)
Wall-clock time for ModelFinder: 32513.158 seconds (9h:1m:53s)
Generating 1000 samples for ultrafast bootstrap (seed: 22660)...

NOTE: 18 MB RAM (0 GB) is required!
Estimate model parameters (epsilon = 0.100)
Initial log-likelihood: -58948.874
Current log-likelihood at step 1: -56237.997
Current log-likelihood at step 2: -56165.756
Current log-likelihood at step 3: -56160.210
Current log-likelihood at step 4: -56159.153
Current log-likelihood at step 5: -56158.789
Current log-likelihood at step 6: -56158.673
Current log-likelihood at step 7: -56158.615
Partition-specific rates:  0.562 0.438 1.999
Parameters optimization took 6 rounds (119.872 sec)

Computing ML distances based on estimated model parameters... 0.073 sec
Computing BIONJ tree...
0.074 seconds
Log-likelihood of BIONJ tree: -56130.095
--------------------------------------------------------------------
|             INITIALIZING CANDIDATE TREE SET                      |
--------------------------------------------------------------------
Generating 98 parsimony trees... 119.025 second
Computing log-likelihood of 98 initial trees ... 924.409 seconds
Current best score: -56130.095

Do NNI search on 20 best initial trees
Estimate model parameters (epsilon = 0.100)
Initial log-likelihood: -56113.743
Current log-likelihood at step 1: -56077.698
Current log-likelihood at step 2: -56062.893
Current log-likelihood at step 3: -56053.915
Current log-likelihood at step 4: -56047.864
Current log-likelihood at step 5: -56043.437
Current log-likelihood at step 6: -56040.139
Current log-likelihood at step 7: -56037.497
Current log-likelihood at step 8: -56035.293
Current log-likelihood at step 9: -56033.431
Current log-likelihood at step 10: -56031.803
Current log-likelihood at step 11: -56030.374
Current log-likelihood at step 12: -56029.148
Current log-likelihood at step 13: -56028.362
Current log-likelihood at step 14: -56027.811
Current log-likelihood at step 15: -56027.378
Current log-likelihood at step 16: -56026.967
Current log-likelihood at step 17: -56026.658
Current log-likelihood at step 18: -56026.366
Current log-likelihood at step 19: -56026.118
Current log-likelihood at step 20: -56025.919
Current log-likelihood at step 21: -56025.790
Current log-likelihood at step 22: -56025.659
Current log-likelihood at step 23: -56025.549
Current log-likelihood at step 24: -56025.446
Current log-likelihood at step 25: -56025.348
Parameters optimization took 24 rounds (298.358 sec)

BETTER TREE FOUND at iteration 1: -56025.348
Estimate model parameters (epsilon = 0.100)
Initial log-likelihood: -56020.837
Current log-likelihood at step 1: -56020.364
Current log-likelihood at step 2: -56020.202
Current log-likelihood at step 3: -56020.106
Parameters optimization took 2 rounds (63.009 sec)

BETTER TREE FOUND at iteration 2: -56020.106
Iteration 10 / LogL: -56020.465 / Time: 0h:41m:37s
Iteration 20 / LogL: -56020.252 / Time: 0h:53m:49s
Finish initializing candidate tree set (4)
Current best tree score: -56020.106 / CPU time: 3083.594
Number of iterations: 20
--------------------------------------------------------------------
|               OPTIMIZING CANDIDATE TREE SET                      |
--------------------------------------------------------------------
Estimate model parameters (epsilon = 0.100)
Initial log-likelihood: -56019.305
Current log-likelihood at step 1: -56019.062
Current log-likelihood at step 2: -56018.950
Current log-likelihood at step 3: -56018.881
Parameters optimization took 2 rounds (35.876 sec)

BETTER TREE FOUND at iteration 22: -56018.881
Iteration 30 / LogL: -56026.309 / Time: 1h:4m:46s (3h:25m:29s left)
Iteration 40 / LogL: -56118.615 / Time: 1h:15m:51s (2h:39m:28s left)
Iteration 50 / LogL: -56028.221 / Time: 1h:18m:50s (1h:55m:50s left)
Log-likelihood cutoff on original alignment: -56065.945
Iteration 60 / LogL: -56021.036 / Time: 1h:24m:4s (1h:28m:20s left)
Iteration 70 / LogL: -56019.953 / Time: 1h:28m:45s (1h:6m:52s left)
Iteration 80 / LogL: -56020.255 / Time: 1h:36m:6s (0h:51m:5s left)
Iteration 90 / LogL: -56025.509 / Time: 1h:39m:15s (0h:35m:41s left)
Iteration 100 / LogL: -56020.771 / Time: 1h:44m:27s (0h:23m:12s left)
Log-likelihood cutoff on original alignment: -56051.380
NOTE: Bootstrap correlation coefficient of split occurrence frequencies: 0.998
Iteration 110 / LogL: -56025.858 / Time: 1h:49m:52s (1h:30m:43s left)
Iteration 120 / LogL: -56027.826 / Time: 1h:56m:10s (1h:18m:6s left)
TREE SEARCH COMPLETED AFTER 123 ITERATIONS / Time: 1h:57m:32s

--------------------------------------------------------------------
|                    FINALIZING TREE SEARCH                        |
--------------------------------------------------------------------
Performs final model parameters optimization
Estimate model parameters (epsilon = 0.010)
Initial log-likelihood: -56018.862
Current log-likelihood at step 1: -56018.788
Current log-likelihood at step 2: -56018.717
Current log-likelihood at step 3: -56018.659
Current log-likelihood at step 4: -56018.603
Current log-likelihood at step 5: -56018.561
Current log-likelihood at step 6: -56018.519
Current log-likelihood at step 7: -56018.480
Current log-likelihood at step 8: -56018.447
Current log-likelihood at step 9: -56018.415
Current log-likelihood at step 10: -56018.387
Current log-likelihood at step 11: -56018.363
Current log-likelihood at step 12: -56018.347
Current log-likelihood at step 13: -56018.329
Current log-likelihood at step 14: -56018.317
Current log-likelihood at step 15: -56018.302
Current log-likelihood at step 16: -56018.290
Current log-likelihood at step 17: -56018.277
Current log-likelihood at step 18: -56018.265
Current log-likelihood at step 19: -56018.255
Current log-likelihood at step 20: -56018.246
Partition-specific rates:  0.369 0.245 2.387
Parameters optimization took 19 rounds (86.945 sec)

BEST SCORE FOUND : -56018.246
Creating bootstrap support values...
Split supports printed to NEXUS file Yeast_2408//aln_seqs/OG2378.nt.aln.nex.splits.nex
Total tree length: 40.469

Total number of iterations: 123
CPU time used for tree search: 505.540 sec (0h:8m:25s)
Wall-clock time used for tree search: 6905.166 sec (1h:55m:5s)
Total CPU time used: 521.885 sec (0h:8m:41s)
Total wall-clock time used: 7141.546 sec (1h:59m:1s)

Computing bootstrap consensus tree...
Reading input file Yeast_2408//aln_seqs/OG2378.nt.aln.nex.splits.nex...
40 taxa and 199 splits.
Consensus tree written to Yeast_2408//aln_seqs/OG2378.nt.aln.nex.contree
Reading input trees file Yeast_2408//aln_seqs/OG2378.nt.aln.nex.contree
Log-likelihood of consensus tree: -56018.263

Analysis results written to: 
  IQ-TREE report:                Yeast_2408//aln_seqs/OG2378.nt.aln.nex.iqtree
  Maximum-likelihood tree:       Yeast_2408//aln_seqs/OG2378.nt.aln.nex.treefile
  Likelihood distances:          Yeast_2408//aln_seqs/OG2378.nt.aln.nex.mldist
  Best partitioning scheme:      Yeast_2408//aln_seqs/OG2378.nt.aln.nex.best_scheme.nex
           in RAxML format:      Yeast_2408//aln_seqs/OG2378.nt.aln.nex.best_scheme

Ultrafast bootstrap approximation results written to:
  Split support values:          Yeast_2408//aln_seqs/OG2378.nt.aln.nex.splits.nex
  Consensus tree:                Yeast_2408//aln_seqs/OG2378.nt.aln.nex.contree
  Screen log file:               Yeast_2408//aln_seqs/OG2378.nt.aln.nex.log

Date and Time: Mon Feb 18 20:21:05 2019
