IQ-TREE multicore version 1.6.8 for Linux 64-bit built Oct 28 2018
Developed by Bui Quang Minh, Nguyen Lam Tung, Olga Chernomor,
Heiko Schmidt, Dominik Schrempf, Michael Woodhams.

Host:    sango40413.oist.jp (AVX2, FMA3, 503 GB RAM)
Command: iqtree -s Yeast_2408//aln_seqs/OG2495.nt.aln -bb 1000 -redo -nt 3 -spp Yeast_2408//aln_seqs/OG2495.nt.aln.nex -m MFPMERGE
Seed:    878211 (Using SPRNG - Scalable Parallel Random Number Generator)
Time:    Mon Feb 18 09:13:23 2019
Kernel:  AVX+FMA - 3 threads (24 CPU cores detected)

Reading partition model file Yeast_2408//aln_seqs/OG2495.nt.aln.nex ...
Reading alignment file Yeast_2408//aln_seqs/OG2495.nt.aln ... Fasta format detected
Alignment most likely contains DNA/RNA sequences
Alignment has 40 sequences with 1569 columns, 1087 distinct patterns
977 parsimony-informative, 149 singleton sites, 443 constant sites
                                             Gap/Ambiguity  Composition  p-value
   1  Candida_glabrata                               0.00%    failed      0.00%
   2  Kazachstania_africana                          0.00%    failed      0.17%
   3  Kazachstania_naganishii                        0.00%    failed      0.00%
   4  Nakaseomyces_bacillisporus                     0.00%    passed     11.00%
   5  Nakaseomyces_bracarensis                       0.00%    failed      3.49%
   6  Nakaseomyces_castellii                         0.00%    passed     37.63%
   7  Nakaseomyces_delphensis                        0.00%    failed      0.03%
   8  Nakaseomyces_nivariensis                       0.00%    failed      1.14%
   9  Naumovozyma_castellii                          0.00%    passed     13.95%
  10  Naumovozyma_dairenensis                        0.00%    failed      0.01%
  11  Neurospora_crassa                              0.00%    failed      0.00%
  12  Saccharomyces_arboricola                       0.00%    failed      0.00%
  13  Saccharomyces_cerevisiae                       0.00%    failed      0.00%
  14  Saccharomyces_eubayanus                        0.00%    failed      0.00%
  15  Saccharomyces_kudriavzevii                     0.00%    failed      0.00%
  16  Saccharomyces_mikatae                          0.00%    failed      0.01%
  17  Saccharomyces_paradoxus                        0.00%    failed      0.00%
  18  Saccharomyces_uvarum                           0.00%    failed      0.00%
  19  Tetrapisispora_blattae                         0.00%    failed      0.00%
  20  Tetrapisispora_phaffii                         0.00%    passed     11.58%
  21  Vanderwaltozyma_polyspora                     21.99%    failed      0.00%
  22  yHAB132_Kazachstania_martiniae                 0.00%    failed      0.00%
  23  yHAB133_Kazachstania_unispora                  0.00%    failed      0.00%
  24  yHAB134_Kazachstania_turicensis                0.00%    failed      0.00%
  25  yHAB136_Kazachstania_bromeliacearum            0.00%    failed      1.43%
  26  yHAB143_Kazachstania_siamensis                 0.00%    failed      0.00%
  27  yHAB147_Kazachstania_taianensis                0.00%    failed      0.01%
  28  yHAB148_Kazachstania_intestinalis              0.00%    failed      1.46%
  29  yHAB153_Kazachstania_rosinii                   0.00%    failed      0.00%
  30  yHAB154_Kazachstania_transvaalensis            0.00%    failed      0.00%
  31  yHAB155_Kazachstania_spencerorum               0.19%    failed      0.00%
  32  yHAB158_Kazachstania_viticola                  0.00%    failed      0.00%
  33  yHAB159_Kazachstania_solicola                  0.00%    failed      0.01%
  34  yHAB160_Kazachstania_kunashirensis             0.00%    failed      0.00%
  35  yHAB164_Kazachstania_aerobia                   0.00%    failed      0.00%
  36  yHAB166_Kazachstania_yakushimaensis            0.00%    failed      0.00%
  37  yHMPu5000034875_Tetrapisispora_fleetii         8.80%    passed      6.28%
  38  yHMPu5000034876_Tetrapisispora_iriomotensis    0.00%    failed      0.00%
  39  yHMPu5000034877_Tetrapisispora_namnaonensis    0.57%    passed     29.73%
  40  yHMPu5000035629_Yueomyces_sinensis             0.00%    failed      0.00%
****  TOTAL                                          0.79%  34 sequences failed composition chi2 test (p-value<5%; df=3)
NOTE: No CharPartition defined, use all CharSets

Loading 3 partitions...
Subset	Type	Seqs	Sites	Infor	Invar	Model	Name
1		40	523	296	163	MFPMERGE	p1
2		40	523	177	264	MFPMERGE	p2
3		40	523	504	16	MFPMERGE	p3
Degree of missing data: 0.000
Info: multi-threading strategy over partitions



Create initial parsimony tree by phylogenetic likelihood library (PLL)... 0.260 seconds
NOTE: ModelFinder requires 19 MB RAM!
Testing GTR+F+G on supermatrix...
GTR+F+G4 / LnL: -36284.765 / df: 86 / AIC: 72741.530 / AICc: 72751.628 / BIC: 73202.335
Selecting individual models for 3 charsets using BIC...
 No. Model        Score       Charset
   1 TIM3+F+R4    11135.890   p2
   2 GTR+F+I+G4   18857.309   p1
   3 TIM+F+R4     40918.229   p3
Full partition model BIC score: 71511.300 (LnL: -35339.912  df:113)
Merging models to increase model fit (about 7 total partition schemes)...
   4 GTR+F+R4     71675.050   p1+p2
   5 GTR+F+R5     72830.470   p2+p3
   6 GTR+F+R5     72267.877   p1+p3
BEST-FIT PARTITION MODEL: 
  charpartition BIC = GTR+F+I+G4: p1, TIM3+F+R4: p2, TIM+F+R4: p3;
Agglomerative model selection: (p1,p2,p3)
Partition information was printed to Yeast_2408//aln_seqs/OG2495.nt.aln.nex.best_scheme.nex
Partition information in Raxml format was printed to Yeast_2408//aln_seqs/OG2495.nt.aln.nex.best_scheme

All model information printed to Yeast_2408//aln_seqs/OG2495.nt.aln.nex.model.gz
CPU time for ModelFinder: 170.007 seconds (0h:2m:50s)
Wall-clock time for ModelFinder: 9010.542 seconds (2h:30m:10s)
Generating 1000 samples for ultrafast bootstrap (seed: 878211)...

NOTE: 10 MB RAM (0 GB) is required!
Estimate model parameters (epsilon = 0.100)
Initial log-likelihood: -37606.163
Current log-likelihood at step 1: -35440.634
Current log-likelihood at step 2: -35375.261
Current log-likelihood at step 3: -35363.310
Current log-likelihood at step 4: -35358.073
Current log-likelihood at step 5: -35354.981
Current log-likelihood at step 6: -35352.449
Current log-likelihood at step 7: -35350.280
Current log-likelihood at step 8: -35348.345
Current log-likelihood at step 9: -35346.584
Current log-likelihood at step 10: -35344.933
Current log-likelihood at step 11: -35343.404
Current log-likelihood at step 12: -35341.957
Current log-likelihood at step 13: -35340.664
Current log-likelihood at step 14: -35339.506
Current log-likelihood at step 15: -35338.478
Current log-likelihood at step 16: -35337.606
Current log-likelihood at step 17: -35336.894
Current log-likelihood at step 18: -35336.299
Current log-likelihood at step 19: -35335.756
Current log-likelihood at step 20: -35335.290
Current log-likelihood at step 21: -35334.872
Current log-likelihood at step 22: -35334.497
Current log-likelihood at step 23: -35334.151
Current log-likelihood at step 24: -35333.842
Current log-likelihood at step 25: -35333.553
Current log-likelihood at step 26: -35333.082
Current log-likelihood at step 27: -35332.826
Current log-likelihood at step 28: -35332.628
Current log-likelihood at step 29: -35332.468
Current log-likelihood at step 30: -35332.328
Current log-likelihood at step 31: -35332.196
Current log-likelihood at step 32: -35332.075
Current log-likelihood at step 33: -35331.956
Current log-likelihood at step 34: -35331.846
Current log-likelihood at step 35: -35331.740
Current log-likelihood at step 36: -35331.643
Partition-specific rates:  0.473 0.207 2.320
Parameters optimization took 35 rounds (423.277 sec)

Computing ML distances based on estimated model parameters... 0.040 sec
Computing BIONJ tree...
0.007 seconds
Log-likelihood of BIONJ tree: -35354.144
--------------------------------------------------------------------
|             INITIALIZING CANDIDATE TREE SET                      |
--------------------------------------------------------------------
Generating 98 parsimony trees... 100.808 second
Computing log-likelihood of 98 initial trees ... 645.259 seconds
Current best score: -35296.974

Do NNI search on 20 best initial trees
Estimate model parameters (epsilon = 0.100)
Initial log-likelihood: -35273.478
Current log-likelihood at step 1: -35272.558
Current log-likelihood at step 2: -35272.241
Current log-likelihood at step 3: -35272.036
Current log-likelihood at step 4: -35271.879
Current log-likelihood at step 5: -35271.748
Current log-likelihood at step 6: -35271.638
Current log-likelihood at step 7: -35271.536
Current log-likelihood at step 8: -35271.445
Parameters optimization took 7 rounds (162.215 sec)

BETTER TREE FOUND at iteration 1: -35271.445
Estimate model parameters (epsilon = 0.100)
Initial log-likelihood: -35270.284
Current log-likelihood at step 1: -35270.125
Current log-likelihood at step 2: -35270.025
Parameters optimization took 1 rounds (27.287 sec)

BETTER TREE FOUND at iteration 5: -35270.025
Iteration 10 / LogL: -35284.064 / Time: 0h:33m:13s
Iteration 20 / LogL: -35271.669 / Time: 0h:46m:33s
Finish initializing candidate tree set (8)
Current best tree score: -35270.025 / CPU time: 2347.725
Number of iterations: 20
--------------------------------------------------------------------
|               OPTIMIZING CANDIDATE TREE SET                      |
--------------------------------------------------------------------
Iteration 30 / LogL: -35283.835 / Time: 0h:55m:45s (2h:24m:11s left)
Iteration 40 / LogL: -35270.224 / Time: 1h:3m:34s (1h:45m:58s left)
UPDATE BEST LOG-LIKELIHOOD: -35270.024
Iteration 50 / LogL: -35270.068 / Time: 1h:19m:57s (1h:29m:44s left)
Log-likelihood cutoff on original alignment: -35322.353
Iteration 60 / LogL: -35270.053 / Time: 1h:31m:12s (1h:9m:33s left)
Iteration 70 / LogL: -35281.894 / Time: 1h:42m:30s (0h:51m:59s left)
Iteration 80 / LogL: -35281.861 / Time: 1h:53m:29s (0h:35m:54s left)
Iteration 90 / LogL: -35271.033 / Time: 2h:4m:46s (0h:21m:1s left)
Iteration 100 / LogL: -35270.063 / Time: 2h:16m:46s (0h:6m:54s left)
Log-likelihood cutoff on original alignment: -35321.660
NOTE: Bootstrap correlation coefficient of split occurrence frequencies: 0.997
UPDATE BEST LOG-LIKELIHOOD: -35270.020
TREE SEARCH COMPLETED AFTER 106 ITERATIONS / Time: 2h:25m:44s

--------------------------------------------------------------------
|                    FINALIZING TREE SEARCH                        |
--------------------------------------------------------------------
Performs final model parameters optimization
Estimate model parameters (epsilon = 0.010)
Initial log-likelihood: -35270.010
Current log-likelihood at step 1: -35269.893
Current log-likelihood at step 2: -35269.796
Current log-likelihood at step 3: -35269.598
Current log-likelihood at step 4: -35269.506
Current log-likelihood at step 5: -35269.428
Current log-likelihood at step 6: -35269.357
Current log-likelihood at step 7: -35269.295
Current log-likelihood at step 8: -35269.237
Current log-likelihood at step 9: -35269.185
Current log-likelihood at step 10: -35269.140
Current log-likelihood at step 11: -35269.094
Current log-likelihood at step 12: -35269.056
Current log-likelihood at step 13: -35269.021
Current log-likelihood at step 14: -35268.987
Current log-likelihood at step 15: -35268.956
Current log-likelihood at step 16: -35268.929
Current log-likelihood at step 17: -35268.904
Current log-likelihood at step 18: -35268.881
Current log-likelihood at step 19: -35268.866
Current log-likelihood at step 20: -35268.850
Current log-likelihood at step 21: -35268.838
Current log-likelihood at step 22: -35268.825
Current log-likelihood at step 23: -35268.811
Current log-likelihood at step 24: -35268.800
Current log-likelihood at step 25: -35268.789
Current log-likelihood at step 26: -35268.780
Partition-specific rates:  0.444 0.197 2.360
Parameters optimization took 25 rounds (367.428 sec)

BEST SCORE FOUND : -35268.780
Creating bootstrap support values...
Split supports printed to NEXUS file Yeast_2408//aln_seqs/OG2495.nt.aln.nex.splits.nex
Total tree length: 15.571

Total number of iterations: 106
CPU time used for tree search: 244.363 sec (0h:4m:4s)
Wall-clock time used for tree search: 8296.713 sec (2h:18m:16s)
Total CPU time used: 266.925 sec (0h:4m:26s)
Total wall-clock time used: 9124.878 sec (2h:32m:4s)

Computing bootstrap consensus tree...
Reading input file Yeast_2408//aln_seqs/OG2495.nt.aln.nex.splits.nex...
40 taxa and 238 splits.
Consensus tree written to Yeast_2408//aln_seqs/OG2495.nt.aln.nex.contree
Reading input trees file Yeast_2408//aln_seqs/OG2495.nt.aln.nex.contree
Log-likelihood of consensus tree: -35268.779

Analysis results written to: 
  IQ-TREE report:                Yeast_2408//aln_seqs/OG2495.nt.aln.nex.iqtree
  Maximum-likelihood tree:       Yeast_2408//aln_seqs/OG2495.nt.aln.nex.treefile
  Likelihood distances:          Yeast_2408//aln_seqs/OG2495.nt.aln.nex.mldist
  Best partitioning scheme:      Yeast_2408//aln_seqs/OG2495.nt.aln.nex.best_scheme.nex
           in RAxML format:      Yeast_2408//aln_seqs/OG2495.nt.aln.nex.best_scheme

Ultrafast bootstrap approximation results written to:
  Split support values:          Yeast_2408//aln_seqs/OG2495.nt.aln.nex.splits.nex
  Consensus tree:                Yeast_2408//aln_seqs/OG2495.nt.aln.nex.contree
  Screen log file:               Yeast_2408//aln_seqs/OG2495.nt.aln.nex.log

Date and Time: Mon Feb 18 14:16:27 2019
