IQ-TREE multicore version 1.6.8 for Linux 64-bit built Oct 28 2018
Developed by Bui Quang Minh, Nguyen Lam Tung, Olga Chernomor,
Heiko Schmidt, Dominik Schrempf, Michael Woodhams.

Host:    sango40413.oist.jp (AVX2, FMA3, 503 GB RAM)
Command: iqtree -s Yeast_2408//aln_seqs/OG2790.nt.aln -bb 1000 -redo -nt 3 -spp Yeast_2408//aln_seqs/OG2790.nt.aln.nex -m MFPMERGE
Seed:    659654 (Using SPRNG - Scalable Parallel Random Number Generator)
Time:    Mon Feb 18 09:11:52 2019
Kernel:  AVX+FMA - 3 threads (24 CPU cores detected)

Reading partition model file Yeast_2408//aln_seqs/OG2790.nt.aln.nex ...
Reading alignment file Yeast_2408//aln_seqs/OG2790.nt.aln ... Fasta format detected
Alignment most likely contains DNA/RNA sequences
Alignment has 40 sequences with 876 columns, 630 distinct patterns
573 parsimony-informative, 91 singleton sites, 212 constant sites
                                             Gap/Ambiguity  Composition  p-value
   1  Candida_glabrata                               0.00%    passed     73.28%
   2  Kazachstania_africana                          0.00%    passed     88.79%
   3  Kazachstania_naganishii                        0.00%    failed      0.00%
   4  Nakaseomyces_bacillisporus                     0.00%    passed     82.72%
   5  Nakaseomyces_bracarensis                       0.00%    passed      9.54%
   6  Nakaseomyces_castellii                         0.00%    passed     23.12%
   7  Nakaseomyces_delphensis                        0.00%    passed     37.47%
   8  Nakaseomyces_nivariensis                       0.00%    passed      9.06%
   9  Naumovozyma_castellii                          0.00%    passed     78.71%
  10  Naumovozyma_dairenensis                        0.00%    passed     18.30%
  11  Neurospora_crassa                              0.00%    failed      0.00%
  12  Saccharomyces_arboricola                       0.00%    failed      0.33%
  13  Saccharomyces_cerevisiae                       0.00%    passed      6.24%
  14  Saccharomyces_eubayanus                        0.00%    failed      0.03%
  15  Saccharomyces_kudriavzevii                     0.00%    failed      0.01%
  16  Saccharomyces_mikatae                          0.00%    passed      5.24%
  17  Saccharomyces_paradoxus                        0.00%    failed      4.76%
  18  Saccharomyces_uvarum                           0.00%    failed      0.00%
  19  Tetrapisispora_blattae                         0.00%    failed      0.52%
  20  Tetrapisispora_phaffii                         0.00%    failed      2.64%
  21  Vanderwaltozyma_polyspora                      0.00%    failed      0.03%
  22  yHAB132_Kazachstania_martiniae                 0.00%    passed     53.74%
  23  yHAB133_Kazachstania_unispora                  0.00%    failed      0.00%
  24  yHAB134_Kazachstania_turicensis                0.00%    passed     47.40%
  25  yHAB136_Kazachstania_bromeliacearum            0.34%    failed      0.12%
  26  yHAB143_Kazachstania_siamensis                 0.00%    failed      0.01%
  27  yHAB147_Kazachstania_taianensis                0.00%    failed      0.00%
  28  yHAB148_Kazachstania_intestinalis              0.00%    failed      0.54%
  29  yHAB153_Kazachstania_rosinii                   0.00%    failed      0.00%
  30  yHAB154_Kazachstania_transvaalensis            0.00%    failed      0.21%
  31  yHAB155_Kazachstania_spencerorum               0.00%    passed     20.59%
  32  yHAB158_Kazachstania_viticola                  0.00%    failed      0.02%
  33  yHAB159_Kazachstania_solicola                  0.00%    failed      0.16%
  34  yHAB160_Kazachstania_kunashirensis             0.00%    failed      0.39%
  35  yHAB164_Kazachstania_aerobia                   0.00%    failed      0.02%
  36  yHAB166_Kazachstania_yakushimaensis            0.00%    failed      0.01%
  37  yHMPu5000034875_Tetrapisispora_fleetii         0.00%    failed      0.63%
  38  yHMPu5000034876_Tetrapisispora_iriomotensis    0.00%    failed      0.09%
  39  yHMPu5000034877_Tetrapisispora_namnaonensis    0.00%    passed      6.62%
  40  yHMPu5000035629_Yueomyces_sinensis             0.00%    failed      0.00%
****  TOTAL                                          0.01%  25 sequences failed composition chi2 test (p-value<5%; df=3)
NOTE: No CharPartition defined, use all CharSets

Loading 3 partitions...
Subset	Type	Seqs	Sites	Infor	Invar	Model	Name
1		40	292	183	69	MFPMERGE	p1
2		40	292	104	141	MFPMERGE	p2
3		40	292	286	2	MFPMERGE	p3
Degree of missing data: 0.000
Info: multi-threading strategy over partitions



Create initial parsimony tree by phylogenetic likelihood library (PLL)... 0.317 seconds
NOTE: ModelFinder requires 11 MB RAM!
Testing GTR+F+G on supermatrix...
GTR+F+G4 / LnL: -20915.956 / df: 86 / AIC: 42003.911 / AICc: 42022.877 / BIC: 42414.592
Selecting individual models for 3 charsets using BIC...
 No. Model        Score       Charset
   1 TIM2e+I+G4   11252.920   p1
   2 GTR+F+I+G4   6371.278    p2
WARNING: Log-likelihood of TIM+F+R5 worse than TIM+F+R4
WARNING: Log-likelihood of TIM2+F+R5 worse than TIM2+F+R4
WARNING: Log-likelihood of TIM3+F+R6 worse than TIM3+F+R5
WARNING: Log-likelihood of TVM+F+R5 worse than TVM+F+R4
WARNING: Log-likelihood of GTR+F+R5 worse than GTR+F+R4
   3 HKY+F+R6     23271.706   p3
Full partition model BIC score: 41445.987 (LnL: -20357.124  df:108)
Merging models to increase model fit (about 7 total partition schemes)...
   4 SYM+I+G4     41628.498   p1+p2
   5 GTR+F+I+G4   42196.093   p2+p3
   6 GTR+F+I+G4   41868.962   p1+p3
BEST-FIT PARTITION MODEL: 
  charpartition BIC = TIM2e+I+G4: p1, GTR+F+I+G4: p2, HKY+F+R6: p3;
Agglomerative model selection: (p1,p2,p3)
Partition information was printed to Yeast_2408//aln_seqs/OG2790.nt.aln.nex.best_scheme.nex
Partition information in Raxml format was printed to Yeast_2408//aln_seqs/OG2790.nt.aln.nex.best_scheme

All model information printed to Yeast_2408//aln_seqs/OG2790.nt.aln.nex.model.gz
CPU time for ModelFinder: 231.174 seconds (0h:3m:51s)
Wall-clock time for ModelFinder: 12907.046 seconds (3h:35m:7s)
Generating 1000 samples for ultrafast bootstrap (seed: 659654)...

NOTE: 6 MB RAM (0 GB) is required!
Estimate model parameters (epsilon = 0.100)
Initial log-likelihood: -21796.936
Current log-likelihood at step 1: -20592.353
Current log-likelihood at step 2: -20356.464
Current log-likelihood at step 3: -20340.592
Current log-likelihood at step 4: -20338.906
Current log-likelihood at step 5: -20338.604
Current log-likelihood at step 6: -20338.502
Current log-likelihood at step 7: -20338.451
Partition-specific rates:  0.384 0.198 2.418
Parameters optimization took 6 rounds (81.348 sec)

Computing ML distances based on estimated model parameters... 0.043 sec
Computing BIONJ tree...
0.176 seconds
Log-likelihood of BIONJ tree: -20283.395
--------------------------------------------------------------------
|             INITIALIZING CANDIDATE TREE SET                      |
--------------------------------------------------------------------
Generating 98 parsimony trees... 58.282 second
Computing log-likelihood of 98 initial trees ... 608.221 seconds
Current best score: -20283.395

Do NNI search on 20 best initial trees
Estimate model parameters (epsilon = 0.100)
Initial log-likelihood: -20262.518
Current log-likelihood at step 1: -20253.414
Current log-likelihood at step 2: -20250.071
Current log-likelihood at step 3: -20247.745
Current log-likelihood at step 4: -20245.991
Current log-likelihood at step 5: -20244.611
Current log-likelihood at step 6: -20243.497
Current log-likelihood at step 7: -20242.568
Current log-likelihood at step 8: -20241.819
Current log-likelihood at step 9: -20241.195
Current log-likelihood at step 10: -20240.654
Current log-likelihood at step 11: -20240.180
Current log-likelihood at step 12: -20239.761
Current log-likelihood at step 13: -20239.392
Current log-likelihood at step 14: -20239.042
Current log-likelihood at step 15: -20238.750
Current log-likelihood at step 16: -20238.485
Current log-likelihood at step 17: -20238.278
Current log-likelihood at step 18: -20238.076
Current log-likelihood at step 19: -20237.899
Current log-likelihood at step 20: -20237.762
Current log-likelihood at step 21: -20237.636
Current log-likelihood at step 22: -20237.514
Current log-likelihood at step 23: -20237.401
Current log-likelihood at step 24: -20237.293
Current log-likelihood at step 25: -20237.191
Current log-likelihood at step 26: -20237.094
Parameters optimization took 25 rounds (344.416 sec)

BETTER TREE FOUND at iteration 1: -20237.094
Iteration 10 / LogL: -20255.531 / Time: 0h:39m:14s
Iteration 20 / LogL: -20304.393 / Time: 0h:55m:55s
Finish initializing candidate tree set (15)
Current best tree score: -20237.094 / CPU time: 3241.453
Number of iterations: 20
--------------------------------------------------------------------
|               OPTIMIZING CANDIDATE TREE SET                      |
--------------------------------------------------------------------
Estimate model parameters (epsilon = 0.100)
Initial log-likelihood: -20236.210
Current log-likelihood at step 1: -20235.970
Current log-likelihood at step 2: -20235.828
Current log-likelihood at step 3: -20235.717
Current log-likelihood at step 4: -20235.615
Current log-likelihood at step 5: -20235.517
Parameters optimization took 4 rounds (31.471 sec)

BETTER TREE FOUND at iteration 24: -20235.517
Iteration 30 / LogL: -20242.784 / Time: 1h:7m:2s (3h:37m:17s left)
Estimate model parameters (epsilon = 0.100)
Initial log-likelihood: -20235.122
Current log-likelihood at step 1: -20234.810
Current log-likelihood at step 2: -20234.671
Current log-likelihood at step 3: -20234.557
Current log-likelihood at step 4: -20234.449
Current log-likelihood at step 5: -20234.347
Current log-likelihood at step 6: -20234.250
Parameters optimization took 5 rounds (45.661 sec)

BETTER TREE FOUND at iteration 36: -20234.250
Estimate model parameters (epsilon = 0.100)
Initial log-likelihood: -20234.113
Current log-likelihood at step 1: -20233.966
Current log-likelihood at step 2: -20233.868
Parameters optimization took 1 rounds (12.175 sec)

BETTER TREE FOUND at iteration 39: -20233.868
Iteration 40 / LogL: -20234.606 / Time: 1h:18m:18s (3h:18m:46s left)
Estimate model parameters (epsilon = 0.100)
Initial log-likelihood: -20233.436
Current log-likelihood at step 1: -20233.162
Current log-likelihood at step 2: -20233.052
Current log-likelihood at step 3: -20232.968
Parameters optimization took 2 rounds (17.666 sec)

BETTER TREE FOUND at iteration 41: -20232.968
Estimate model parameters (epsilon = 0.100)
Initial log-likelihood: -20229.656
Current log-likelihood at step 1: -20229.419
Current log-likelihood at step 2: -20229.330
Parameters optimization took 1 rounds (12.766 sec)

BETTER TREE FOUND at iteration 42: -20229.330
Iteration 50 / LogL: -20233.506 / Time: 1h:24m:53s (2h:39m:23s left)
Log-likelihood cutoff on original alignment: -20294.859
Iteration 60 / LogL: -20235.324 / Time: 1h:42m:0s (2h:21m:45s left)
UPDATE BEST LOG-LIKELIHOOD: -20229.329
Iteration 70 / LogL: -20235.769 / Time: 1h:54m:3s (1h:59m:0s left)
Iteration 80 / LogL: -20230.324 / Time: 2h:2m:25s (1h:36m:4s left)
Estimate model parameters (epsilon = 0.100)
Initial log-likelihood: -20229.310
Current log-likelihood at step 1: -20229.229
Parameters optimization took 0 rounds (6.126 sec)

UPDATE BEST LOG-LIKELIHOOD: -20229.229
Iteration 90 / LogL: -20229.399 / Time: 2h:20m:5s (1h:21m:51s left)
Iteration 100 / LogL: -20230.393 / Time: 2h:30m:15s (1h:3m:44s left)
Log-likelihood cutoff on original alignment: -20294.859
NOTE: Bootstrap correlation coefficient of split occurrence frequencies: 0.980
NOTE: UFBoot does not converge, continue at least 100 more iterations
Iteration 110 / LogL: -20229.546 / Time: 2h:39m:33s (2h:11m:44s left)
Iteration 120 / LogL: -20235.365 / Time: 2h:46m:41s (1h:52m:3s left)
Iteration 130 / LogL: -20229.461 / Time: 2h:56m:46s (1h:35m:55s left)
Iteration 140 / LogL: -20229.231 / Time: 3h:2m:23s (1h:18m:43s left)
Iteration 150 / LogL: -20229.387 / Time: 3h:6m:40s (1h:2m:38s left)
Log-likelihood cutoff on original alignment: -20294.859
UPDATE BEST LOG-LIKELIHOOD: -20229.225
Iteration 160 / LogL: -20229.230 / Time: 3h:11m:57s (0h:48m:17s left)
Iteration 170 / LogL: -20348.695 / Time: 3h:28m:45s (0h:37m:3s left)
Iteration 180 / LogL: -20230.310 / Time: 3h:44m:13s (0h:25m:3s left)
Iteration 190 / LogL: -20229.747 / Time: 3h:57m:0s (0h:12m:32s left)
Iteration 200 / LogL: -20229.390 / Time: 4h:13m:12s (0h:0m:0s left)
Log-likelihood cutoff on original alignment: -20294.859
NOTE: Bootstrap correlation coefficient of split occurrence frequencies: 0.992
TREE SEARCH COMPLETED AFTER 200 ITERATIONS / Time: 4h:13m:28s

--------------------------------------------------------------------
|                    FINALIZING TREE SEARCH                        |
--------------------------------------------------------------------
Performs final model parameters optimization
Estimate model parameters (epsilon = 0.010)
Initial log-likelihood: -20229.218
Current log-likelihood at step 1: -20229.127
Current log-likelihood at step 2: -20229.052
Current log-likelihood at step 3: -20228.985
Current log-likelihood at step 4: -20228.919
Current log-likelihood at step 5: -20228.855
Current log-likelihood at step 6: -20228.798
Current log-likelihood at step 7: -20228.741
Current log-likelihood at step 8: -20228.688
Current log-likelihood at step 9: -20228.636
Current log-likelihood at step 10: -20228.587
Current log-likelihood at step 11: -20228.541
Current log-likelihood at step 12: -20228.498
Current log-likelihood at step 13: -20228.459
Current log-likelihood at step 14: -20228.420
Current log-likelihood at step 15: -20228.385
Current log-likelihood at step 16: -20228.351
Current log-likelihood at step 17: -20228.320
Current log-likelihood at step 18: -20228.288
Current log-likelihood at step 19: -20228.260
Current log-likelihood at step 20: -20228.233
Current log-likelihood at step 21: -20228.208
Current log-likelihood at step 22: -20228.184
Current log-likelihood at step 23: -20228.161
Current log-likelihood at step 24: -20228.139
Current log-likelihood at step 25: -20228.118
Current log-likelihood at step 26: -20228.098
Current log-likelihood at step 27: -20228.079
Current log-likelihood at step 28: -20228.063
Current log-likelihood at step 29: -20228.050
Current log-likelihood at step 30: -20228.038
Current log-likelihood at step 31: -20228.026
Current log-likelihood at step 32: -20228.015
Current log-likelihood at step 33: -20228.005
Current log-likelihood at step 34: -20227.995
Partition-specific rates:  0.235 0.100 2.664
Parameters optimization took 33 rounds (415.196 sec)

BEST SCORE FOUND : -20227.995
Creating bootstrap support values...
Split supports printed to NEXUS file Yeast_2408//aln_seqs/OG2790.nt.aln.nex.splits.nex
Total tree length: 36.703

Total number of iterations: 200
CPU time used for tree search: 460.368 sec (0h:7m:40s)
Wall-clock time used for tree search: 15093.055 sec (4h:11m:33s)
Total CPU time used: 474.862 sec (0h:7m:54s)
Total wall-clock time used: 15628.774 sec (4h:20m:28s)

Computing bootstrap consensus tree...
Reading input file Yeast_2408//aln_seqs/OG2790.nt.aln.nex.splits.nex...
40 taxa and 293 splits.
Consensus tree written to Yeast_2408//aln_seqs/OG2790.nt.aln.nex.contree
Reading input trees file Yeast_2408//aln_seqs/OG2790.nt.aln.nex.contree
Log-likelihood of consensus tree: -20229.342

Analysis results written to: 
  IQ-TREE report:                Yeast_2408//aln_seqs/OG2790.nt.aln.nex.iqtree
  Maximum-likelihood tree:       Yeast_2408//aln_seqs/OG2790.nt.aln.nex.treefile
  Likelihood distances:          Yeast_2408//aln_seqs/OG2790.nt.aln.nex.mldist
  Best partitioning scheme:      Yeast_2408//aln_seqs/OG2790.nt.aln.nex.best_scheme.nex
           in RAxML format:      Yeast_2408//aln_seqs/OG2790.nt.aln.nex.best_scheme

Ultrafast bootstrap approximation results written to:
  Split support values:          Yeast_2408//aln_seqs/OG2790.nt.aln.nex.splits.nex
  Consensus tree:                Yeast_2408//aln_seqs/OG2790.nt.aln.nex.contree
  Screen log file:               Yeast_2408//aln_seqs/OG2790.nt.aln.nex.log

Date and Time: Mon Feb 18 17:07:45 2019
