IQ-TREE multicore version 1.6.8 for Linux 64-bit built Oct 28 2018
Developed by Bui Quang Minh, Nguyen Lam Tung, Olga Chernomor,
Heiko Schmidt, Dominik Schrempf, Michael Woodhams.

Host:    sango40413.oist.jp (AVX2, FMA3, 503 GB RAM)
Command: iqtree -s Yeast_2408//aln_seqs/OG3023.nt.aln -bb 1000 -redo -nt 3 -spp Yeast_2408//aln_seqs/OG3023.nt.aln.nex -m MFPMERGE
Seed:    363100 (Using SPRNG - Scalable Parallel Random Number Generator)
Time:    Mon Feb 18 09:17:14 2019
Kernel:  AVX+FMA - 3 threads (24 CPU cores detected)

Reading partition model file Yeast_2408//aln_seqs/OG3023.nt.aln.nex ...
Reading alignment file Yeast_2408//aln_seqs/OG3023.nt.aln ... Fasta format detected
Alignment most likely contains DNA/RNA sequences
Alignment has 40 sequences with 2241 columns, 1637 distinct patterns
1470 parsimony-informative, 344 singleton sites, 427 constant sites
                                             Gap/Ambiguity  Composition  p-value
   1  Candida_glabrata                               0.54%    failed      0.00%
   2  Kazachstania_africana                          0.13%    passed     78.10%
   3  Kazachstania_naganishii                        0.00%    failed      0.00%
   4  Nakaseomyces_bacillisporus                    10.98%    passed     97.77%
   5  Nakaseomyces_bracarensis                       0.67%    failed      0.00%
   6  Nakaseomyces_castellii                         0.27%    failed      0.01%
   7  Nakaseomyces_delphensis                        0.54%    failed      0.00%
   8  Nakaseomyces_nivariensis                       0.54%    failed      0.01%
   9  Naumovozyma_castellii                          0.00%    passed     73.83%
  10  Naumovozyma_dairenensis                        0.00%    failed      0.94%
  11  Neurospora_crassa                              1.47%    failed      0.00%
  12  Saccharomyces_arboricola                       0.13%    passed     10.92%
  13  Saccharomyces_cerevisiae                       0.13%    passed     22.18%
  14  Saccharomyces_eubayanus                        0.13%    failed      1.61%
  15  Saccharomyces_kudriavzevii                     0.13%    passed      6.95%
  16  Saccharomyces_mikatae                          0.13%    passed      8.09%
  17  Saccharomyces_paradoxus                        0.13%    failed      2.28%
  18  Saccharomyces_uvarum                           0.13%    passed      5.21%
  19  Tetrapisispora_blattae                         0.67%    failed      0.00%
  20  Tetrapisispora_phaffii                         0.13%    failed      0.01%
  21  Vanderwaltozyma_polyspora                     35.34%    failed      0.03%
  22  yHAB132_Kazachstania_martiniae                 0.00%    passed     80.56%
  23  yHAB133_Kazachstania_unispora                  0.13%    failed      0.24%
  24  yHAB134_Kazachstania_turicensis                1.34%    failed      0.00%
  25  yHAB136_Kazachstania_bromeliacearum            0.13%    failed      4.08%
  26  yHAB143_Kazachstania_siamensis                 0.13%    failed      0.00%
  27  yHAB147_Kazachstania_taianensis                0.13%    failed      0.59%
  28  yHAB148_Kazachstania_intestinalis              0.13%    failed      0.00%
  29  yHAB153_Kazachstania_rosinii                   7.50%    passed     11.48%
  30  yHAB154_Kazachstania_transvaalensis            7.10%    passed     50.08%
  31  yHAB155_Kazachstania_spencerorum               0.13%    failed      0.00%
  32  yHAB158_Kazachstania_viticola                  0.13%    failed      0.00%
  33  yHAB159_Kazachstania_solicola                  0.13%    passed     54.12%
  34  yHAB160_Kazachstania_kunashirensis             0.13%    failed      3.34%
  35  yHAB164_Kazachstania_aerobia                   0.13%    passed     20.86%
  36  yHAB166_Kazachstania_yakushimaensis            1.47%    failed      3.47%
  37  yHMPu5000034875_Tetrapisispora_fleetii         0.13%    failed      0.00%
  38  yHMPu5000034876_Tetrapisispora_iriomotensis    0.13%    failed      0.07%
  39  yHMPu5000034877_Tetrapisispora_namnaonensis    0.13%    failed      0.00%
  40  yHMPu5000035629_Yueomyces_sinensis            12.58%    failed      0.00%
****  TOTAL                                          2.10%  27 sequences failed composition chi2 test (p-value<5%; df=3)
NOTE: No CharPartition defined, use all CharSets

Loading 3 partitions...
Subset	Type	Seqs	Sites	Infor	Invar	Model	Name
1		40	747	444	138	MFPMERGE	p1
2		40	747	289	279	MFPMERGE	p2
3		40	747	737	10	MFPMERGE	p3
Degree of missing data: 0.000
Info: multi-threading strategy over partitions



Create initial parsimony tree by phylogenetic likelihood library (PLL)... 0.742 seconds
NOTE: ModelFinder requires 28 MB RAM!
Testing GTR+F+G on supermatrix...
GTR+F+G4 / LnL: -52335.181 / df: 86 / AIC: 104842.361 / AICc: 104849.308 / BIC: 105333.823
Selecting individual models for 3 charsets using BIC...
 No. Model        Score       Charset
   1 GTR+F+R4     17058.921   p2
   2 GTR+F+R4     27249.540   p1
WARNING: Log-likelihood of TIM3e+R4 worse than TIM3e+R3
   3 HKY+F+R9     57567.202   p3
Full partition model BIC score: 102518.007 (LnL: -50769.122  df:127)
Merging models to increase model fit (about 7 total partition schemes)...
WARNING: Log-likelihood of HKY+F+R6 worse than HKY+F+R5
   4 TIM3+F+R4    102774.982  p1+p2
WARNING: Log-likelihood of HKY+F+R7 worse than HKY+F+R6
WARNING: Log-likelihood of TPM2+F+R8 worse than TPM2+F+R7
WARNING: Log-likelihood of TPM2u+F+R8 worse than TPM2u+F+R7
WARNING: Log-likelihood of TPM3+F+R9 worse than TPM3+F+R8
WARNING: Log-likelihood of TIM+F+R7 worse than TIM+F+R6
WARNING: Log-likelihood of TIM2+F+R6 worse than TIM2+F+R5
   5 TVM+F+R5     104692.632  p2+p3
WARNING: Log-likelihood of TIM+F+R7 worse than TIM+F+R6
WARNING: Log-likelihood of TIM2+F+R7 worse than TIM2+F+R6
WARNING: Log-likelihood of TIM3+F+R9 worse than TIM3+F+R8
   6 GTR+F+R6     104038.789  p1+p3
BEST-FIT PARTITION MODEL: 
  charpartition BIC = GTR+F+R4: p1, GTR+F+R4: p2, HKY+F+R9: p3;
Agglomerative model selection: (p1,p2,p3)
Partition information was printed to Yeast_2408//aln_seqs/OG3023.nt.aln.nex.best_scheme.nex
Partition information in Raxml format was printed to Yeast_2408//aln_seqs/OG3023.nt.aln.nex.best_scheme

All model information printed to Yeast_2408//aln_seqs/OG3023.nt.aln.nex.model.gz
CPU time for ModelFinder: 500.581 seconds (0h:8m:20s)
Wall-clock time for ModelFinder: 31782.773 seconds (8h:49m:42s)
Generating 1000 samples for ultrafast bootstrap (seed: 363100)...

NOTE: 20 MB RAM (0 GB) is required!
Estimate model parameters (epsilon = 0.100)
Initial log-likelihood: -55821.726
Current log-likelihood at step 1: -52191.987
Current log-likelihood at step 2: -51065.511
Current log-likelihood at step 3: -50965.986
Current log-likelihood at step 4: -50915.169
Current log-likelihood at step 5: -50882.648
Current log-likelihood at step 6: -50859.351
Current log-likelihood at step 7: -50842.237
Current log-likelihood at step 8: -50829.505
Current log-likelihood at step 9: -50819.859
Current log-likelihood at step 10: -50812.469
Current log-likelihood at step 11: -50806.500
Current log-likelihood at step 12: -50800.479
Current log-likelihood at step 13: -50794.981
Current log-likelihood at step 14: -50789.755
Current log-likelihood at step 15: -50786.028
Current log-likelihood at step 16: -50782.749
Current log-likelihood at step 17: -50780.037
Current log-likelihood at step 18: -50777.930
Current log-likelihood at step 19: -50775.915
Current log-likelihood at step 20: -50774.262
Current log-likelihood at step 21: -50772.740
Current log-likelihood at step 22: -50771.267
Current log-likelihood at step 23: -50769.965
Current log-likelihood at step 24: -50768.658
Current log-likelihood at step 25: -50767.536
Current log-likelihood at step 26: -50766.528
Current log-likelihood at step 27: -50765.689
Current log-likelihood at step 28: -50764.997
Current log-likelihood at step 29: -50764.427
Current log-likelihood at step 30: -50763.959
Current log-likelihood at step 31: -50763.570
Current log-likelihood at step 32: -50763.270
Current log-likelihood at step 33: -50763.052
Current log-likelihood at step 34: -50762.884
Current log-likelihood at step 35: -50762.747
Current log-likelihood at step 36: -50762.640
Current log-likelihood at step 37: -50762.556
Partition-specific rates:  0.237 0.086 2.676
Parameters optimization took 36 rounds (1020.767 sec)

Computing ML distances based on estimated model parameters... 0.073 sec
WARNING: Some pairwise ML distances are too long (saturated)
Computing BIONJ tree...
0.279 seconds
Log-likelihood of BIONJ tree: -50702.356
--------------------------------------------------------------------
|             INITIALIZING CANDIDATE TREE SET                      |
--------------------------------------------------------------------
Generating 98 parsimony trees... 32.162 second
Computing log-likelihood of 98 initial trees ... 569.995 seconds
Current best score: -50702.356

Do NNI search on 20 best initial trees
Estimate model parameters (epsilon = 0.100)
Initial log-likelihood: -50634.079
Current log-likelihood at step 1: -50629.222
Current log-likelihood at step 2: -50628.618
Current log-likelihood at step 3: -50628.262
Current log-likelihood at step 4: -50627.975
Current log-likelihood at step 5: -50627.749
Current log-likelihood at step 6: -50627.572
Current log-likelihood at step 7: -50627.414
Current log-likelihood at step 8: -50627.276
Current log-likelihood at step 9: -50627.169
Current log-likelihood at step 10: -50627.097
Parameters optimization took 9 rounds (112.517 sec)

BETTER TREE FOUND at iteration 1: -50627.097
Estimate model parameters (epsilon = 0.100)
Initial log-likelihood: -50625.597
Current log-likelihood at step 1: -50624.547
Current log-likelihood at step 2: -50624.248
Current log-likelihood at step 3: -50624.097
Current log-likelihood at step 4: -50623.992
Current log-likelihood at step 5: -50623.941
Parameters optimization took 4 rounds (109.034 sec)

BETTER TREE FOUND at iteration 4: -50623.941
Iteration 10 / LogL: -50651.331 / Time: 0h:41m:51s
Iteration 20 / LogL: -50650.991 / Time: 0h:46m:51s
Finish initializing candidate tree set (19)
Current best tree score: -50623.941 / CPU time: 1764.246
Number of iterations: 20
--------------------------------------------------------------------
|               OPTIMIZING CANDIDATE TREE SET                      |
--------------------------------------------------------------------
Iteration 30 / LogL: -50624.799 / Time: 0h:56m:57s (2h:25m:19s left)
Iteration 40 / LogL: -50637.891 / Time: 1h:5m:12s (1h:47m:0s left)
Iteration 50 / LogL: -50636.065 / Time: 1h:13m:38s (1h:21m:9s left)
Log-likelihood cutoff on original alignment: -50700.277
Estimate model parameters (epsilon = 0.100)
Initial log-likelihood: -50623.824
WARNING: Too high (saturated) partition rates for proportional partition model!
Current log-likelihood at step 1: -50623.564
WARNING: Too high (saturated) partition rates for proportional partition model!
Current log-likelihood at step 2: -50623.529
Parameters optimization took 1 rounds (53.436 sec)

BETTER TREE FOUND at iteration 55: -50623.529
Iteration 60 / LogL: -50626.271 / Time: 1h:29m:8s (2h:23m:30s left)
Iteration 70 / LogL: -50625.441 / Time: 1h:33m:37s (1h:55m:19s left)
Iteration 80 / LogL: -50625.123 / Time: 1h:42m:12s (1h:37m:2s left)
Iteration 90 / LogL: -50625.727 / Time: 1h:50m:40s (1h:20m:49s left)
Iteration 100 / LogL: -50641.445 / Time: 1h:54m:12s (1h:3m:26s left)
Log-likelihood cutoff on original alignment: -50675.264
NOTE: Bootstrap correlation coefficient of split occurrence frequencies: 0.997
Iteration 110 / LogL: -50625.332 / Time: 2h:6m:3s (1h:44m:4s left)
Iteration 120 / LogL: -50624.761 / Time: 2h:13m:20s (1h:29m:38s left)
Iteration 130 / LogL: -50623.661 / Time: 2h:18m:12s (1h:14m:59s left)
Iteration 140 / LogL: -50628.865 / Time: 2h:22m:20s (1h:1m:26s left)
Iteration 150 / LogL: -50624.939 / Time: 2h:26m:4s (0h:49m:1s left)
Log-likelihood cutoff on original alignment: -50675.264
TREE SEARCH COMPLETED AFTER 156 ITERATIONS / Time: 2h:28m:58s

--------------------------------------------------------------------
|                    FINALIZING TREE SEARCH                        |
--------------------------------------------------------------------
Performs final model parameters optimization
Estimate model parameters (epsilon = 0.010)
Initial log-likelihood: -50623.529
WARNING: Too high (saturated) partition rates for proportional partition model!
Current log-likelihood at step 1: -50623.509
WARNING: Too high (saturated) partition rates for proportional partition model!
Current log-likelihood at step 2: -50623.504
Partition-specific rates:  0.234 0.082 2.684
Parameters optimization took 1 rounds (3.691 sec)

BEST SCORE FOUND : -50623.504
Creating bootstrap support values...
Split supports printed to NEXUS file Yeast_2408//aln_seqs/OG3023.nt.aln.nex.splits.nex
Total tree length: 46.217

Total number of iterations: 156
CPU time used for tree search: 610.407 sec (0h:10m:10s)
Wall-clock time used for tree search: 7891.138 sec (2h:11m:31s)
Total CPU time used: 646.900 sec (0h:10m:46s)
Total wall-clock time used: 8944.404 sec (2h:29m:4s)

Computing bootstrap consensus tree...
Reading input file Yeast_2408//aln_seqs/OG3023.nt.aln.nex.splits.nex...
40 taxa and 227 splits.
Consensus tree written to Yeast_2408//aln_seqs/OG3023.nt.aln.nex.contree
Reading input trees file Yeast_2408//aln_seqs/OG3023.nt.aln.nex.contree
Log-likelihood of consensus tree: -50625.734

Analysis results written to: 
  IQ-TREE report:                Yeast_2408//aln_seqs/OG3023.nt.aln.nex.iqtree
  Maximum-likelihood tree:       Yeast_2408//aln_seqs/OG3023.nt.aln.nex.treefile
  Likelihood distances:          Yeast_2408//aln_seqs/OG3023.nt.aln.nex.mldist
  Best partitioning scheme:      Yeast_2408//aln_seqs/OG3023.nt.aln.nex.best_scheme.nex
           in RAxML format:      Yeast_2408//aln_seqs/OG3023.nt.aln.nex.best_scheme

Ultrafast bootstrap approximation results written to:
  Split support values:          Yeast_2408//aln_seqs/OG3023.nt.aln.nex.splits.nex
  Consensus tree:                Yeast_2408//aln_seqs/OG3023.nt.aln.nex.contree
  Screen log file:               Yeast_2408//aln_seqs/OG3023.nt.aln.nex.log

Date and Time: Mon Feb 18 20:36:12 2019
