IQ-TREE multicore version 1.6.8 for Linux 64-bit built Oct 28 2018
Developed by Bui Quang Minh, Nguyen Lam Tung, Olga Chernomor,
Heiko Schmidt, Dominik Schrempf, Michael Woodhams.

Host:    sango40413.oist.jp (AVX2, FMA3, 503 GB RAM)
Command: iqtree -s Yeast_2408//aln_seqs/OG3367.nt.aln -bb 1000 -redo -nt 3 -spp Yeast_2408//aln_seqs/OG3367.nt.aln.nex -m MFPMERGE
Seed:    59515 (Using SPRNG - Scalable Parallel Random Number Generator)
Time:    Mon Feb 18 09:10:43 2019
Kernel:  AVX+FMA - 3 threads (24 CPU cores detected)

Reading partition model file Yeast_2408//aln_seqs/OG3367.nt.aln.nex ...
Reading alignment file Yeast_2408//aln_seqs/OG3367.nt.aln ... Fasta format detected
Alignment most likely contains DNA/RNA sequences
Alignment has 40 sequences with 894 columns, 731 distinct patterns
665 parsimony-informative, 97 singleton sites, 132 constant sites
                                             Gap/Ambiguity  Composition  p-value
   1  Candida_glabrata                               0.00%    passed     63.32%
   2  Kazachstania_africana                          0.00%    passed     61.44%
   3  Kazachstania_naganishii                        0.00%    failed      0.00%
   4  Nakaseomyces_bacillisporus                     0.00%    passed     84.33%
   5  Nakaseomyces_bracarensis                       0.00%    passed     10.20%
   6  Nakaseomyces_castellii                         0.00%    passed     33.18%
   7  Nakaseomyces_delphensis                        0.00%    failed      0.00%
   8  Nakaseomyces_nivariensis                       0.00%    passed      6.65%
   9  Naumovozyma_castellii                          0.00%    failed      1.56%
  10  Naumovozyma_dairenensis                        0.00%    failed      1.48%
  11  Neurospora_crassa                              0.00%    failed      0.00%
  12  Saccharomyces_arboricola                       0.00%    failed      0.12%
  13  Saccharomyces_cerevisiae                       0.00%    failed      0.62%
  14  Saccharomyces_eubayanus                        0.00%    failed      0.00%
  15  Saccharomyces_kudriavzevii                     0.00%    failed      0.02%
  16  Saccharomyces_mikatae                          0.00%    passed     10.26%
  17  Saccharomyces_paradoxus                        0.00%    failed      1.05%
  18  Saccharomyces_uvarum                           0.00%    failed      0.00%
  19  Tetrapisispora_blattae                         0.34%    failed      0.00%
  20  Tetrapisispora_phaffii                         0.00%    failed      0.01%
  21  Vanderwaltozyma_polyspora                      0.00%    failed      0.01%
  22  yHAB132_Kazachstania_martiniae                 0.00%    failed      4.00%
  23  yHAB133_Kazachstania_unispora                  0.00%    failed      0.01%
  24  yHAB134_Kazachstania_turicensis                0.00%    passed     12.30%
  25  yHAB136_Kazachstania_bromeliacearum            0.00%    passed     11.17%
  26  yHAB143_Kazachstania_siamensis                 0.00%    failed      0.01%
  27  yHAB147_Kazachstania_taianensis                0.00%    passed      9.30%
  28  yHAB148_Kazachstania_intestinalis              0.00%    failed      0.05%
  29  yHAB153_Kazachstania_rosinii                   0.00%    failed      0.00%
  30  yHAB154_Kazachstania_transvaalensis            0.00%    failed      0.01%
  31  yHAB155_Kazachstania_spencerorum               0.00%    failed      0.00%
  32  yHAB158_Kazachstania_viticola                  0.00%    failed      0.02%
  33  yHAB159_Kazachstania_solicola                  0.00%    passed     66.15%
  34  yHAB160_Kazachstania_kunashirensis             0.00%    failed      0.20%
  35  yHAB164_Kazachstania_aerobia                   0.00%    failed      0.33%
  36  yHAB166_Kazachstania_yakushimaensis            0.00%    failed      0.00%
  37  yHMPu5000034875_Tetrapisispora_fleetii         0.00%    failed      0.20%
  38  yHMPu5000034876_Tetrapisispora_iriomotensis    0.00%    passed     15.32%
  39  yHMPu5000034877_Tetrapisispora_namnaonensis    0.00%    failed      0.03%
  40  yHMPu5000035629_Yueomyces_sinensis             0.00%    failed      0.00%
****  TOTAL                                          0.01%  28 sequences failed composition chi2 test (p-value<5%; df=3)
NOTE: No CharPartition defined, use all CharSets

Loading 3 partitions...
Subset	Type	Seqs	Sites	Infor	Invar	Model	Name
1		40	298	213	42	MFPMERGE	p1
2		40	298	158	88	MFPMERGE	p2
3		40	298	294	2	MFPMERGE	p3
Degree of missing data: 0.000
Info: multi-threading strategy over partitions



Create initial parsimony tree by phylogenetic likelihood library (PLL)... 0.383 seconds
NOTE: ModelFinder requires 12 MB RAM!
Testing GTR+F+G on supermatrix...
GTR+F+G4 / LnL: -22617.305 / df: 86 / AIC: 45406.610 / AICc: 45425.153 / BIC: 45819.041
Selecting individual models for 3 charsets using BIC...
 No. Model        Score       Charset
   1 TIM3+F+G4    7816.301    p2
   2 GTR+F+I+G4   12513.925   p1
WARNING: Log-likelihood of TPM2+F+R4 worse than TPM2+F+R3
WARNING: Log-likelihood of TPM2u+F+R4 worse than TPM2u+F+R3
WARNING: Log-likelihood of TPM3+F+R4 worse than TPM3+F+R3
WARNING: Log-likelihood of TIMe+R4 worse than TIMe+R3
WARNING: Log-likelihood of TIM3e+R4 worse than TIM3e+R3
WARNING: Log-likelihood of TVMe+R4 worse than TVMe+R3
   3 HKY+F+R6     23985.289   p3
Full partition model BIC score: 44869.341 (LnL: -22060.907  df:110)
Merging models to increase model fit (about 7 total partition schemes)...
WARNING: Log-likelihood of TIM+F+R6 worse than TIM+F+R5
   4 TIM3+F+I+G4  44981.247   p1+p2
   5 TVM+F+I+G4   45640.154   p2+p3
   6 TN+F+R8      45400.938   p1+p3
BEST-FIT PARTITION MODEL: 
  charpartition BIC = GTR+F+I+G4: p1, TIM3+F+G4: p2, HKY+F+R6: p3;
Agglomerative model selection: (p1,p2,p3)
Partition information was printed to Yeast_2408//aln_seqs/OG3367.nt.aln.nex.best_scheme.nex
Partition information in Raxml format was printed to Yeast_2408//aln_seqs/OG3367.nt.aln.nex.best_scheme

All model information printed to Yeast_2408//aln_seqs/OG3367.nt.aln.nex.model.gz
CPU time for ModelFinder: 118.020 seconds (0h:1m:58s)
Wall-clock time for ModelFinder: 7316.807 seconds (2h:1m:56s)
Generating 1000 samples for ultrafast bootstrap (seed: 59515)...

NOTE: 7 MB RAM (0 GB) is required!
Estimate model parameters (epsilon = 0.100)
Initial log-likelihood: -23711.212
Current log-likelihood at step 1: -22402.940
Current log-likelihood at step 2: -22104.845
Current log-likelihood at step 3: -22061.177
Current log-likelihood at step 4: -22056.505
Current log-likelihood at step 5: -22053.870
Current log-likelihood at step 6: -22051.908
Current log-likelihood at step 7: -22050.462
Current log-likelihood at step 8: -22049.399
Current log-likelihood at step 9: -22048.636
Current log-likelihood at step 10: -22048.077
Current log-likelihood at step 11: -22047.646
Current log-likelihood at step 12: -22047.318
Current log-likelihood at step 13: -22047.061
Current log-likelihood at step 14: -22046.863
Current log-likelihood at step 15: -22046.719
Current log-likelihood at step 16: -22046.629
Partition-specific rates:  0.354 0.144 2.502
Parameters optimization took 15 rounds (228.333 sec)

Computing ML distances based on estimated model parameters... 0.053 sec
WARNING: Some pairwise ML distances are too long (saturated)
Computing BIONJ tree...
0.212 seconds
Log-likelihood of BIONJ tree: -22046.386
--------------------------------------------------------------------
|             INITIALIZING CANDIDATE TREE SET                      |
--------------------------------------------------------------------
Generating 98 parsimony trees... 48.555 second
Computing log-likelihood of 98 initial trees ... 911.126 seconds
Current best score: -22035.710

Do NNI search on 20 best initial trees
Estimate model parameters (epsilon = 0.100)
Initial log-likelihood: -22023.380
Current log-likelihood at step 1: -22022.828
Current log-likelihood at step 2: -22022.590
Current log-likelihood at step 3: -22022.408
Current log-likelihood at step 4: -22022.289
Current log-likelihood at step 5: -22022.208
Parameters optimization took 4 rounds (66.644 sec)

BETTER TREE FOUND at iteration 1: -22022.208
Estimate model parameters (epsilon = 0.100)
Initial log-likelihood: -22021.124
WARNING: Too high (saturated) partition rates for proportional partition model!
Current log-likelihood at step 1: -22020.758
Current log-likelihood at step 2: -22020.714
Parameters optimization took 1 rounds (15.171 sec)

BETTER TREE FOUND at iteration 8: -22020.714
Iteration 10 / LogL: -22035.086 / Time: 0h:32m:21s
Estimate model parameters (epsilon = 0.100)
Initial log-likelihood: -22018.164
WARNING: Too high (saturated) partition rates for proportional partition model!
Current log-likelihood at step 1: -22017.419
WARNING: Too high (saturated) partition rates for proportional partition model!
Current log-likelihood at step 2: -22017.057
WARNING: Too high (saturated) partition rates for proportional partition model!
Current log-likelihood at step 3: -22016.966
Parameters optimization took 2 rounds (31.714 sec)

BETTER TREE FOUND at iteration 11: -22016.966
Estimate model parameters (epsilon = 0.100)
Initial log-likelihood: -22011.402
Current log-likelihood at step 1: -22010.964
Current log-likelihood at step 2: -22010.904
Parameters optimization took 1 rounds (15.171 sec)

BETTER TREE FOUND at iteration 12: -22010.904
Estimate model parameters (epsilon = 0.100)
Initial log-likelihood: -22007.187
Current log-likelihood at step 1: -22007.092
Parameters optimization took 0 rounds (6.587 sec)

BETTER TREE FOUND at iteration 14: -22007.092
Iteration 20 / LogL: -22022.602 / Time: 0h:41m:30s
Finish initializing candidate tree set (18)
Current best tree score: -22007.092 / CPU time: 2240.690
Number of iterations: 20
--------------------------------------------------------------------
|               OPTIMIZING CANDIDATE TREE SET                      |
--------------------------------------------------------------------
Estimate model parameters (epsilon = 0.100)
Initial log-likelihood: -22005.787
Current log-likelihood at step 1: -22005.503
Current log-likelihood at step 2: -22005.465
Parameters optimization took 1 rounds (10.860 sec)

BETTER TREE FOUND at iteration 21: -22005.465
Iteration 30 / LogL: -22008.424 / Time: 0h:52m:47s (2h:45m:39s left)
Iteration 40 / LogL: -22011.966 / Time: 1h:10m:45s (2h:26m:56s left)
Estimate model parameters (epsilon = 0.100)
Initial log-likelihood: -22005.182
Current log-likelihood at step 1: -22005.160
Parameters optimization took 0 rounds (7.921 sec)

BETTER TREE FOUND at iteration 50: -22005.160
Iteration 50 / LogL: -22005.160 / Time: 1h:25m:43s (2h:54m:56s left)
Log-likelihood cutoff on original alignment: -22056.095
Iteration 60 / LogL: -22022.992 / Time: 1h:44m:30s (2h:39m:25s left)
Iteration 70 / LogL: -22005.790 / Time: 1h:59m:1s (2h:18m:0s left)
Iteration 80 / LogL: -22005.737 / Time: 2h:8m:48s (1h:54m:7s left)
Iteration 90 / LogL: -22005.445 / Time: 2h:18m:50s (1h:33m:35s left)
UPDATE BEST LOG-LIKELIHOOD: -22005.160
Iteration 100 / LogL: -22006.502 / Time: 2h:27m:52s (1h:14m:41s left)
Log-likelihood cutoff on original alignment: -22056.095
NOTE: Bootstrap correlation coefficient of split occurrence frequencies: 0.997
Iteration 110 / LogL: -22013.328 / Time: 2h:39m:20s (2h:11m:34s left)
Iteration 120 / LogL: -22005.183 / Time: 3h:2m:54s (2h:2m:57s left)
Iteration 130 / LogL: -22005.664 / Time: 3h:14m:3s (1h:45m:17s left)
Estimate model parameters (epsilon = 0.100)
Initial log-likelihood: -22003.816
Current log-likelihood at step 1: -22003.445
Current log-likelihood at step 2: -22003.190
Current log-likelihood at step 3: -22002.991
Current log-likelihood at step 4: -22002.893
Parameters optimization took 3 rounds (81.916 sec)

BETTER TREE FOUND at iteration 137: -22002.893
Estimate model parameters (epsilon = 0.100)
Initial log-likelihood: -22002.473
Current log-likelihood at step 1: -22002.423
Parameters optimization took 0 rounds (5.196 sec)

UPDATE BEST LOG-LIKELIHOOD: -22002.423
Iteration 140 / LogL: -22004.675 / Time: 3h:31m:2s (2h:27m:16s left)
Iteration 150 / LogL: -22005.474 / Time: 3h:43m:20s (2h:10m:24s left)
Log-likelihood cutoff on original alignment: -22056.095
Iteration 160 / LogL: -22003.773 / Time: 3h:51m:56s (1h:52m:19s left)
Iteration 170 / LogL: -22013.526 / Time: 4h:6m:18s (1h:37m:38s left)
Iteration 180 / LogL: -22003.076 / Time: 4h:15m:53s (1h:21m:28s left)
Iteration 190 / LogL: -22005.077 / Time: 4h:22m:12s (1h:5m:12s left)
Iteration 200 / LogL: -22005.087 / Time: 4h:39m:15s (0h:51m:55s left)
Log-likelihood cutoff on original alignment: -22056.095
NOTE: Bootstrap correlation coefficient of split occurrence frequencies: 0.987
NOTE: UFBoot does not converge, continue at least 100 more iterations
Iteration 210 / LogL: -22002.667 / Time: 5h:0m:22s (2h:9m:20s left)
Iteration 220 / LogL: -22004.987 / Time: 5h:9m:46s (1h:53m:9s left)
Iteration 230 / LogL: -22004.988 / Time: 5h:16m:32s (1h:36m:45s left)
Iteration 240 / LogL: -22005.834 / Time: 5h:25m:31s (1h:21m:43s left)
Iteration 250 / LogL: -22005.119 / Time: 5h:38m:38s (1h:7m:59s left)
Log-likelihood cutoff on original alignment: -22056.095
Iteration 260 / LogL: -22002.626 / Time: 5h:48m:57s (0h:53m:53s left)
Iteration 270 / LogL: -22002.591 / Time: 5h:56m:53s (0h:39m:48s left)
UPDATE BEST LOG-LIKELIHOOD: -22002.418
Iteration 280 / LogL: -22003.602 / Time: 6h:7m:2s (0h:26m:18s left)
Iteration 290 / LogL: -22002.519 / Time: 6h:18m:24s (0h:13m:5s left)
Iteration 300 / LogL: -22005.015 / Time: 6h:22m:34s (0h:0m:0s left)
Log-likelihood cutoff on original alignment: -22056.095
NOTE: Bootstrap correlation coefficient of split occurrence frequencies: 0.992
TREE SEARCH COMPLETED AFTER 300 ITERATIONS / Time: 6h:22m:39s

--------------------------------------------------------------------
|                    FINALIZING TREE SEARCH                        |
--------------------------------------------------------------------
Performs final model parameters optimization
Estimate model parameters (epsilon = 0.010)
Initial log-likelihood: -22002.412
Current log-likelihood at step 1: -22002.407
Partition-specific rates:  0.340 0.138 2.521
Parameters optimization took 0 rounds (7.029 sec)

BEST SCORE FOUND : -22002.407
Creating bootstrap support values...
Split supports printed to NEXUS file Yeast_2408//aln_seqs/OG3367.nt.aln.nex.splits.nex
Total tree length: 33.966

Total number of iterations: 300
CPU time used for tree search: 745.630 sec (0h:12m:25s)
Wall-clock time used for tree search: 22707.824 sec (6h:18m:27s)
Total CPU time used: 752.068 sec (0h:12m:32s)
Total wall-clock time used: 22985.606 sec (6h:23m:5s)

Computing bootstrap consensus tree...
Reading input file Yeast_2408//aln_seqs/OG3367.nt.aln.nex.splits.nex...
40 taxa and 478 splits.
Consensus tree written to Yeast_2408//aln_seqs/OG3367.nt.aln.nex.contree
Reading input trees file Yeast_2408//aln_seqs/OG3367.nt.aln.nex.contree
Log-likelihood of consensus tree: -22002.407

Analysis results written to: 
  IQ-TREE report:                Yeast_2408//aln_seqs/OG3367.nt.aln.nex.iqtree
  Maximum-likelihood tree:       Yeast_2408//aln_seqs/OG3367.nt.aln.nex.treefile
  Likelihood distances:          Yeast_2408//aln_seqs/OG3367.nt.aln.nex.mldist
  Best partitioning scheme:      Yeast_2408//aln_seqs/OG3367.nt.aln.nex.best_scheme.nex
           in RAxML format:      Yeast_2408//aln_seqs/OG3367.nt.aln.nex.best_scheme

Ultrafast bootstrap approximation results written to:
  Split support values:          Yeast_2408//aln_seqs/OG3367.nt.aln.nex.splits.nex
  Consensus tree:                Yeast_2408//aln_seqs/OG3367.nt.aln.nex.contree
  Screen log file:               Yeast_2408//aln_seqs/OG3367.nt.aln.nex.log

Date and Time: Mon Feb 18 17:36:08 2019
