IQ-TREE multicore version 1.6.8 for Linux 64-bit built Oct 28 2018
Developed by Bui Quang Minh, Nguyen Lam Tung, Olga Chernomor,
Heiko Schmidt, Dominik Schrempf, Michael Woodhams.

Host:    sango40413.oist.jp (AVX2, FMA3, 503 GB RAM)
Command: iqtree -s Yeast_2408//aln_seqs/OG3472.nt.aln -bb 1000 -redo -nt 3 -spp Yeast_2408//aln_seqs/OG3472.nt.aln.nex -m MFPMERGE
Seed:    771944 (Using SPRNG - Scalable Parallel Random Number Generator)
Time:    Mon Feb 18 09:11:57 2019
Kernel:  AVX+FMA - 3 threads (24 CPU cores detected)

Reading partition model file Yeast_2408//aln_seqs/OG3472.nt.aln.nex ...
Reading alignment file Yeast_2408//aln_seqs/OG3472.nt.aln ... Fasta format detected
Alignment most likely contains DNA/RNA sequences
Alignment has 40 sequences with 906 columns, 795 distinct patterns
743 parsimony-informative, 70 singleton sites, 93 constant sites
                                             Gap/Ambiguity  Composition  p-value
   1  Candida_glabrata                               0.00%    passed     29.72%
   2  Kazachstania_africana                          0.00%    passed     86.23%
   3  Kazachstania_naganishii                        2.32%    failed      0.00%
   4  Nakaseomyces_bacillisporus                     1.32%    passed     45.45%
   5  Nakaseomyces_bracarensis                       0.00%    failed      0.67%
   6  Nakaseomyces_castellii                         0.66%    failed      0.00%
   7  Nakaseomyces_delphensis                        0.00%    failed      0.02%
   8  Nakaseomyces_nivariensis                       0.00%    passed      9.84%
   9  Naumovozyma_castellii                          0.00%    passed     81.71%
  10  Naumovozyma_dairenensis                        0.00%    passed      5.79%
  11  Neurospora_crassa                              0.00%    failed      0.00%
  12  Saccharomyces_arboricola                       0.00%    passed     32.37%
  13  Saccharomyces_cerevisiae                       0.00%    passed     69.46%
  14  Saccharomyces_eubayanus                        0.00%    passed     22.30%
  15  Saccharomyces_kudriavzevii                     0.00%    passed     18.89%
  16  Saccharomyces_mikatae                          0.00%    passed     50.29%
  17  Saccharomyces_paradoxus                        0.00%    passed     20.17%
  18  Saccharomyces_uvarum                           0.00%    passed     33.05%
  19  Tetrapisispora_blattae                         0.00%    failed      0.02%
  20  Tetrapisispora_phaffii                         0.00%    failed      3.42%
  21  Vanderwaltozyma_polyspora                      0.00%    failed      0.01%
  22  yHAB132_Kazachstania_martiniae                 0.00%    passed     10.54%
  23  yHAB133_Kazachstania_unispora                  2.32%    failed      0.09%
  24  yHAB134_Kazachstania_turicensis                2.32%    failed      4.20%
  25  yHAB136_Kazachstania_bromeliacearum            2.65%    passed     97.21%
  26  yHAB143_Kazachstania_siamensis                 2.32%    failed      3.29%
  27  yHAB147_Kazachstania_taianensis                2.32%    failed      0.00%
  28  yHAB148_Kazachstania_intestinalis              0.00%    failed      1.70%
  29  yHAB153_Kazachstania_rosinii                   0.00%    failed      0.00%
  30  yHAB154_Kazachstania_transvaalensis            2.98%    passed     57.92%
  31  yHAB155_Kazachstania_spencerorum               0.33%    failed      4.34%
  32  yHAB158_Kazachstania_viticola                  0.00%    failed      1.39%
  33  yHAB159_Kazachstania_solicola                  1.32%    passed     15.21%
  34  yHAB160_Kazachstania_kunashirensis             1.99%    passed     13.29%
  35  yHAB164_Kazachstania_aerobia                   0.99%    failed      1.39%
  36  yHAB166_Kazachstania_yakushimaensis            2.32%    failed      4.00%
  37  yHMPu5000034875_Tetrapisispora_fleetii         0.00%    failed      0.00%
  38  yHMPu5000034876_Tetrapisispora_iriomotensis    0.00%    failed      0.26%
  39  yHMPu5000034877_Tetrapisispora_namnaonensis    0.00%    failed      1.30%
  40  yHMPu5000035629_Yueomyces_sinensis             0.33%    failed      0.00%
****  TOTAL                                          0.66%  22 sequences failed composition chi2 test (p-value<5%; df=3)
NOTE: No CharPartition defined, use all CharSets

Loading 3 partitions...
Subset	Type	Seqs	Sites	Infor	Invar	Model	Name
1		40	302	239	37	MFPMERGE	p1
2		40	302	210	53	MFPMERGE	p2
3		40	302	294	3	MFPMERGE	p3
Degree of missing data: 0.000
Info: multi-threading strategy over partitions



Create initial parsimony tree by phylogenetic likelihood library (PLL)... 0.179 seconds
NOTE: ModelFinder requires 13 MB RAM!
Testing GTR+F+G on supermatrix...
GTR+F+G4 / LnL: -27994.750 / df: 86 / AIC: 56161.501 / AICc: 56179.772 / BIC: 56575.078
Selecting individual models for 3 charsets using BIC...
 No. Model        Score       Charset
   1 GTR+F+I+G4   16540.727   p1
   2 GTR+F+G4     12815.803   p2
   3 TIM2+F+I+G4  25557.323   p3
Full partition model BIC score: 55464.297 (LnL: -27371.270  df:106)
Merging models to increase model fit (about 7 total partition schemes)...
   4 TPM3u+F+I+G4 55602.428   p1+p2
   5 TIM3+F+I+G4  56487.559   p2+p3
   6 GTR+F+I+G4   55967.264   p1+p3
BEST-FIT PARTITION MODEL: 
  charpartition BIC = GTR+F+I+G4: p1, GTR+F+G4: p2, TIM2+F+I+G4: p3;
Agglomerative model selection: (p1,p2,p3)
Partition information was printed to Yeast_2408//aln_seqs/OG3472.nt.aln.nex.best_scheme.nex
Partition information in Raxml format was printed to Yeast_2408//aln_seqs/OG3472.nt.aln.nex.best_scheme

All model information printed to Yeast_2408//aln_seqs/OG3472.nt.aln.nex.model.gz
CPU time for ModelFinder: 205.924 seconds (0h:3m:25s)
Wall-clock time for ModelFinder: 12634.502 seconds (3h:30m:34s)
Generating 1000 samples for ultrafast bootstrap (seed: 771944)...

NOTE: 7 MB RAM (0 GB) is required!
Estimate model parameters (epsilon = 0.100)
Initial log-likelihood: -28606.574
Current log-likelihood at step 1: -27474.077
Current log-likelihood at step 2: -27376.252
Current log-likelihood at step 3: -27373.188
Current log-likelihood at step 4: -27373.114
Partition-specific rates:  0.611 0.495 1.895
Parameters optimization took 3 rounds (28.464 sec)

Computing ML distances based on estimated model parameters... 0.040 sec
Computing BIONJ tree...
0.183 seconds
Log-likelihood of BIONJ tree: -27320.041
--------------------------------------------------------------------
|             INITIALIZING CANDIDATE TREE SET                      |
--------------------------------------------------------------------
Generating 98 parsimony trees... 48.333 second
Computing log-likelihood of 98 initial trees ... 1254.897 seconds
Current best score: -27320.041

Do NNI search on 20 best initial trees
Estimate model parameters (epsilon = 0.100)
Initial log-likelihood: -27301.348
Current log-likelihood at step 1: -27286.189
Current log-likelihood at step 2: -27280.222
Current log-likelihood at step 3: -27276.197
Current log-likelihood at step 4: -27273.412
Current log-likelihood at step 5: -27271.553
Current log-likelihood at step 6: -27270.227
Current log-likelihood at step 7: -27269.277
Current log-likelihood at step 8: -27268.552
Current log-likelihood at step 9: -27268.033
Current log-likelihood at step 10: -27267.635
Current log-likelihood at step 11: -27267.322
Current log-likelihood at step 12: -27267.108
Current log-likelihood at step 13: -27266.968
Current log-likelihood at step 14: -27266.824
Current log-likelihood at step 15: -27266.718
Current log-likelihood at step 16: -27266.587
Current log-likelihood at step 17: -27266.498
Parameters optimization took 16 rounds (93.995 sec)

BETTER TREE FOUND at iteration 1: -27266.498
Estimate model parameters (epsilon = 0.100)
Initial log-likelihood: -27266.423
Current log-likelihood at step 1: -27266.067
Current log-likelihood at step 2: -27265.996
Parameters optimization took 1 rounds (31.996 sec)

BETTER TREE FOUND at iteration 8: -27265.996
Iteration 10 / LogL: -27270.020 / Time: 0h:46m:11s
Estimate model parameters (epsilon = 0.100)
Initial log-likelihood: -27264.394
Current log-likelihood at step 1: -27264.192
Current log-likelihood at step 2: -27264.132
Parameters optimization took 1 rounds (8.220 sec)

BETTER TREE FOUND at iteration 13: -27264.132
Estimate model parameters (epsilon = 0.100)
Initial log-likelihood: -27262.341
Current log-likelihood at step 1: -27262.243
Parameters optimization took 0 rounds (4.370 sec)

BETTER TREE FOUND at iteration 14: -27262.243
Iteration 20 / LogL: -27282.798 / Time: 1h:6m:45s
Finish initializing candidate tree set (18)
Current best tree score: -27262.243 / CPU time: 3920.155
Number of iterations: 20
--------------------------------------------------------------------
|               OPTIMIZING CANDIDATE TREE SET                      |
--------------------------------------------------------------------
Estimate model parameters (epsilon = 0.100)
Initial log-likelihood: -27261.721
Current log-likelihood at step 1: -27261.614
Current log-likelihood at step 2: -27261.534
Parameters optimization took 1 rounds (6.532 sec)

BETTER TREE FOUND at iteration 23: -27261.534
Iteration 30 / LogL: -27261.888 / Time: 1h:24m:27s (4h:30m:49s left)
Estimate model parameters (epsilon = 0.100)
Initial log-likelihood: -27260.421
Current log-likelihood at step 1: -27260.322
Parameters optimization took 0 rounds (3.117 sec)

BETTER TREE FOUND at iteration 33: -27260.322
Iteration 40 / LogL: -27262.238 / Time: 1h:32m:42s (3h:41m:3s left)
Iteration 50 / LogL: -27261.889 / Time: 1h:40m:2s (2h:49m:26s left)
Log-likelihood cutoff on original alignment: -27317.388
Iteration 60 / LogL: -27265.308 / Time: 1h:46m:44s (2h:12m:3s left)
Estimate model parameters (epsilon = 0.100)
Initial log-likelihood: -27259.860
Current log-likelihood at step 1: -27259.757
Current log-likelihood at step 2: -27259.739
Parameters optimization took 1 rounds (5.364 sec)

BETTER TREE FOUND at iteration 65: -27259.739
Estimate model parameters (epsilon = 0.100)
Initial log-likelihood: -27259.644
Current log-likelihood at step 1: -27259.544
Parameters optimization took 0 rounds (3.024 sec)

BETTER TREE FOUND at iteration 70: -27259.544
Iteration 70 / LogL: -27259.544 / Time: 2h:0m:49s (2h:55m:6s left)
Estimate model parameters (epsilon = 0.100)
Initial log-likelihood: -27259.488
Current log-likelihood at step 1: -27259.438
Parameters optimization took 0 rounds (2.747 sec)

UPDATE BEST LOG-LIKELIHOOD: -27259.438
Iteration 80 / LogL: -27259.955 / Time: 2h:13m:40s (2h:32m:16s left)
Iteration 90 / LogL: -27259.501 / Time: 2h:25m:54s (2h:11m:9s left)
Estimate model parameters (epsilon = 0.100)
Initial log-likelihood: -27259.381
Current log-likelihood at step 1: -27259.365
Parameters optimization took 0 rounds (6.118 sec)

UPDATE BEST LOG-LIKELIHOOD: -27259.365
Iteration 100 / LogL: -27259.365 / Time: 2h:35m:31s (1h:49m:57s left)
Log-likelihood cutoff on original alignment: -27313.597
NOTE: Bootstrap correlation coefficient of split occurrence frequencies: 0.961
NOTE: UFBoot does not converge, continue at least 100 more iterations
Iteration 110 / LogL: -27260.094 / Time: 2h:41m:59s (2h:13m:45s left)
Iteration 120 / LogL: -27260.078 / Time: 2h:58m:59s (2h:0m:19s left)
Iteration 130 / LogL: -27259.538 / Time: 3h:6m:57s (1h:41m:26s left)
Iteration 140 / LogL: -27301.982 / Time: 3h:12m:36s (1h:23m:8s left)
Iteration 150 / LogL: -27259.924 / Time: 3h:18m:41s (1h:6m:40s left)
Log-likelihood cutoff on original alignment: -27313.597
Iteration 160 / LogL: -27259.449 / Time: 3h:32m:21s (0h:53m:25s left)
Iteration 170 / LogL: -27259.938 / Time: 3h:44m:47s (0h:39m:54s left)
Iteration 180 / LogL: -27264.546 / Time: 3h:51m:9s (0h:25m:49s left)
Iteration 190 / LogL: -27259.403 / Time: 3h:55m:37s (0h:12m:28s left)
Iteration 200 / LogL: -27272.152 / Time: 4h:2m:14s (0h:0m:0s left)
Log-likelihood cutoff on original alignment: -27313.597
NOTE: Bootstrap correlation coefficient of split occurrence frequencies: 0.996
TREE SEARCH COMPLETED AFTER 200 ITERATIONS / Time: 4h:2m:21s

--------------------------------------------------------------------
|                    FINALIZING TREE SEARCH                        |
--------------------------------------------------------------------
Performs final model parameters optimization
Estimate model parameters (epsilon = 0.010)
Initial log-likelihood: -27259.363
Current log-likelihood at step 1: -27259.353
Partition-specific rates:  0.370 0.291 2.339
Parameters optimization took 0 rounds (1.742 sec)

BEST SCORE FOUND : -27259.353
Creating bootstrap support values...
Split supports printed to NEXUS file Yeast_2408//aln_seqs/OG3472.nt.aln.nex.splits.nex
Total tree length: 35.794

Total number of iterations: 200
CPU time used for tree search: 464.689 sec (0h:7m:44s)
Wall-clock time used for tree search: 14454.509 sec (4h:0m:54s)
Total CPU time used: 468.083 sec (0h:7m:48s)
Total wall-clock time used: 14549.375 sec (4h:2m:29s)

Computing bootstrap consensus tree...
Reading input file Yeast_2408//aln_seqs/OG3472.nt.aln.nex.splits.nex...
40 taxa and 429 splits.
Consensus tree written to Yeast_2408//aln_seqs/OG3472.nt.aln.nex.contree
Reading input trees file Yeast_2408//aln_seqs/OG3472.nt.aln.nex.contree
Log-likelihood of consensus tree: -27260.231

Analysis results written to: 
  IQ-TREE report:                Yeast_2408//aln_seqs/OG3472.nt.aln.nex.iqtree
  Maximum-likelihood tree:       Yeast_2408//aln_seqs/OG3472.nt.aln.nex.treefile
  Likelihood distances:          Yeast_2408//aln_seqs/OG3472.nt.aln.nex.mldist
  Best partitioning scheme:      Yeast_2408//aln_seqs/OG3472.nt.aln.nex.best_scheme.nex
           in RAxML format:      Yeast_2408//aln_seqs/OG3472.nt.aln.nex.best_scheme

Ultrafast bootstrap approximation results written to:
  Split support values:          Yeast_2408//aln_seqs/OG3472.nt.aln.nex.splits.nex
  Consensus tree:                Yeast_2408//aln_seqs/OG3472.nt.aln.nex.contree
  Screen log file:               Yeast_2408//aln_seqs/OG3472.nt.aln.nex.log

Date and Time: Mon Feb 18 16:45:40 2019
