IQ-TREE multicore version 1.6.8 for Linux 64-bit built Oct 28 2018
Developed by Bui Quang Minh, Nguyen Lam Tung, Olga Chernomor,
Heiko Schmidt, Dominik Schrempf, Michael Woodhams.

Host:    sango40413.oist.jp (AVX2, FMA3, 503 GB RAM)
Command: iqtree -s Yeast_2408//aln_seqs/OG3649.nt.aln -bb 1000 -redo -nt 3 -spp Yeast_2408//aln_seqs/OG3649.nt.aln.nex -m MFPMERGE
Seed:    785575 (Using SPRNG - Scalable Parallel Random Number Generator)
Time:    Mon Feb 18 09:10:14 2019
Kernel:  AVX+FMA - 3 threads (24 CPU cores detected)

Reading partition model file Yeast_2408//aln_seqs/OG3649.nt.aln.nex ...
Reading alignment file Yeast_2408//aln_seqs/OG3649.nt.aln ... Fasta format detected
Alignment most likely contains DNA/RNA sequences
Alignment has 40 sequences with 573 columns, 490 distinct patterns
426 parsimony-informative, 52 singleton sites, 95 constant sites
                                             Gap/Ambiguity  Composition  p-value
   1  Candida_glabrata                              10.47%    passed     85.35%
   2  Kazachstania_africana                         13.09%    passed     71.68%
   3  Kazachstania_naganishii                       10.47%    passed      6.97%
   4  Nakaseomyces_bacillisporus                     9.95%    passed     96.96%
   5  Nakaseomyces_bracarensis                       9.95%    passed     58.86%
   6  Nakaseomyces_castellii                         9.95%    passed     62.39%
   7  Nakaseomyces_delphensis                        9.95%    passed     26.95%
   8  Nakaseomyces_nivariensis                       9.95%    passed     92.03%
   9  Naumovozyma_castellii                          9.95%    passed     97.25%
  10  Naumovozyma_dairenensis                        9.95%    passed     28.88%
  11  Neurospora_crassa                              7.85%    failed      0.00%
  12  Saccharomyces_arboricola                       9.95%    passed     46.98%
  13  Saccharomyces_cerevisiae                       9.95%    passed     96.93%
  14  Saccharomyces_eubayanus                        9.95%    passed     75.86%
  15  Saccharomyces_kudriavzevii                     9.95%    passed     37.41%
  16  Saccharomyces_mikatae                          9.95%    passed     84.00%
  17  Saccharomyces_paradoxus                        9.95%    passed     82.61%
  18  Saccharomyces_uvarum                           9.95%    passed     53.11%
  19  Tetrapisispora_blattae                         9.95%    failed      0.06%
  20  Tetrapisispora_phaffii                        23.04%    failed      0.67%
  21  Vanderwaltozyma_polyspora                     20.42%    passed     33.78%
  22  yHAB132_Kazachstania_martiniae                12.57%    passed     70.40%
  23  yHAB133_Kazachstania_unispora                  9.95%    failed      1.96%
  24  yHAB134_Kazachstania_turicensis               13.09%    passed     22.30%
  25  yHAB136_Kazachstania_bromeliacearum            9.95%    passed     43.75%
  26  yHAB143_Kazachstania_siamensis                 9.95%    passed     43.28%
  27  yHAB147_Kazachstania_taianensis               11.52%    passed     44.57%
  28  yHAB148_Kazachstania_intestinalis             10.47%    failed      1.33%
  29  yHAB153_Kazachstania_rosinii                  10.47%    passed     34.03%
  30  yHAB154_Kazachstania_transvaalensis           16.75%    failed      1.23%
  31  yHAB155_Kazachstania_spencerorum              11.52%    passed     88.05%
  32  yHAB158_Kazachstania_viticola                 10.99%    passed     36.41%
  33  yHAB159_Kazachstania_solicola                  9.95%    passed     63.15%
  34  yHAB160_Kazachstania_kunashirensis            13.09%    passed     42.75%
  35  yHAB164_Kazachstania_aerobia                   9.95%    passed     66.28%
  36  yHAB166_Kazachstania_yakushimaensis           10.47%    passed     14.90%
  37  yHMPu5000034875_Tetrapisispora_fleetii        13.09%    failed      0.00%
  38  yHMPu5000034876_Tetrapisispora_iriomotensis   15.18%    passed     20.18%
  39  yHMPu5000034877_Tetrapisispora_namnaonensis   23.04%    passed     83.85%
  40  yHMPu5000035629_Yueomyces_sinensis            16.23%    failed      0.53%
****  TOTAL                                         11.82%  8 sequences failed composition chi2 test (p-value<5%; df=3)
NOTE: No CharPartition defined, use all CharSets

Loading 3 partitions...
Subset	Type	Seqs	Sites	Infor	Invar	Model	Name
1		40	191	141	27	MFPMERGE	p1
2		40	191	114	49	MFPMERGE	p2
3		40	191	171	19	MFPMERGE	p3
Degree of missing data: 0.000
Info: multi-threading strategy over partitions



Create initial parsimony tree by phylogenetic likelihood library (PLL)... 0.003 seconds
NOTE: ModelFinder requires 8 MB RAM!
Testing GTR+F+G on supermatrix...
GTR+F+G4 / LnL: -16044.698 / df: 86 / AIC: 32261.396 / AICc: 32292.186 / BIC: 32635.572
Selecting individual models for 3 charsets using BIC...
 No. Model        Score       Charset
   1 GTR+F+G4     9904.198    p1
   2 TIM3+F+G4    6915.056    p2
   3 HKY+F+G4     14745.528   p3
Full partition model BIC score: 32073.816 (LnL: -15719.364  df:100)
Merging models to increase model fit (about 7 total partition schemes)...
   4 TIM3+F+G4    32117.589   p1+p2
   5 GTR+F+R3     32381.871   p1+p3
   6 TIM3+F+G4    32567.260   p2+p3
BEST-FIT PARTITION MODEL: 
  charpartition BIC = GTR+F+G4: p1, TIM3+F+G4: p2, HKY+F+G4: p3;
Agglomerative model selection: (p1,p2,p3)
Partition information was printed to Yeast_2408//aln_seqs/OG3649.nt.aln.nex.best_scheme.nex
Partition information in Raxml format was printed to Yeast_2408//aln_seqs/OG3649.nt.aln.nex.best_scheme

All model information printed to Yeast_2408//aln_seqs/OG3649.nt.aln.nex.model.gz
CPU time for ModelFinder: 44.722 seconds (0h:0m:44s)
Wall-clock time for ModelFinder: 2081.221 seconds (0h:34m:41s)
Generating 1000 samples for ultrafast bootstrap (seed: 785575)...

NOTE: 4 MB RAM (0 GB) is required!
WARNING: Number of threads seems too high for short alignments. Use -nt AUTO to determine best number of threads.
Estimate model parameters (epsilon = 0.100)
Initial log-likelihood: -16481.502
Current log-likelihood at step 1: -15780.686
Current log-likelihood at step 2: -15725.021
Current log-likelihood at step 3: -15724.061
Current log-likelihood at step 4: -15724.042
Partition-specific rates:  0.608 0.393 1.999
Parameters optimization took 3 rounds (45.906 sec)

Computing ML distances based on estimated model parameters... 0.046 sec
Computing BIONJ tree...
0.003 seconds
Log-likelihood of BIONJ tree: -15722.452
--------------------------------------------------------------------
|             INITIALIZING CANDIDATE TREE SET                      |
--------------------------------------------------------------------
Generating 98 parsimony trees... 89.120 second
Computing log-likelihood of 98 initial trees ... 639.033 seconds
Current best score: -15705.120

Do NNI search on 20 best initial trees
Estimate model parameters (epsilon = 0.100)
Initial log-likelihood: -15676.610
Current log-likelihood at step 1: -15670.862
Current log-likelihood at step 2: -15668.854
Current log-likelihood at step 3: -15667.651
Current log-likelihood at step 4: -15666.930
Current log-likelihood at step 5: -15666.509
Current log-likelihood at step 6: -15666.224
Current log-likelihood at step 7: -15666.059
Current log-likelihood at step 8: -15665.956
Current log-likelihood at step 9: -15665.873
Parameters optimization took 8 rounds (24.510 sec)

BETTER TREE FOUND at iteration 1: -15665.873
Iteration 10 / LogL: -15680.973 / Time: 0h:19m:45s
Estimate model parameters (epsilon = 0.100)
Initial log-likelihood: -15659.919
Current log-likelihood at step 1: -15659.786
Current log-likelihood at step 2: -15659.785
Parameters optimization took 1 rounds (3.220 sec)

BETTER TREE FOUND at iteration 11: -15659.785
Estimate model parameters (epsilon = 0.100)
Initial log-likelihood: -15657.533
Current log-likelihood at step 1: -15657.085
Current log-likelihood at step 2: -15657.051
Parameters optimization took 1 rounds (3.744 sec)

BETTER TREE FOUND at iteration 14: -15657.051
Iteration 20 / LogL: -15681.243 / Time: 0h:26m:46s
Finish initializing candidate tree set (20)
Current best tree score: -15657.051 / CPU time: 1531.554
Number of iterations: 20
--------------------------------------------------------------------
|               OPTIMIZING CANDIDATE TREE SET                      |
--------------------------------------------------------------------
Estimate model parameters (epsilon = 0.100)
Initial log-likelihood: -15655.468
Current log-likelihood at step 1: -15655.271
Current log-likelihood at step 2: -15655.265
Parameters optimization took 1 rounds (4.421 sec)

BETTER TREE FOUND at iteration 24: -15655.265
Estimate model parameters (epsilon = 0.100)
Initial log-likelihood: -15655.045
Current log-likelihood at step 1: -15654.898
Current log-likelihood at step 2: -15654.879
Parameters optimization took 1 rounds (34.868 sec)

BETTER TREE FOUND at iteration 27: -15654.879
Iteration 30 / LogL: -15655.551 / Time: 0h:40m:39s (2h:15m:56s left)
Estimate model parameters (epsilon = 0.100)
Initial log-likelihood: -15654.635
Current log-likelihood at step 1: -15654.605
Parameters optimization took 0 rounds (1.578 sec)

BETTER TREE FOUND at iteration 34: -15654.605
Iteration 40 / LogL: -15656.902 / Time: 0h:49m:6s (1h:58m:21s left)
Iteration 50 / LogL: -15654.643 / Time: 0h:59m:30s (1h:41m:59s left)
Log-likelihood cutoff on original alignment: -15703.769
Iteration 60 / LogL: -15656.690 / Time: 1h:12m:40s (1h:31m:8s left)
Iteration 70 / LogL: -15654.765 / Time: 1h:23m:50s (1h:17m:45s left)
Iteration 80 / LogL: -15654.824 / Time: 1h:32m:5s (1h:2m:56s left)
Iteration 90 / LogL: -15655.988 / Time: 1h:42m:23s (0h:50m:37s left)
Iteration 100 / LogL: -15655.803 / Time: 1h:51m:1s (0h:38m:7s left)
Log-likelihood cutoff on original alignment: -15703.769
NOTE: Bootstrap correlation coefficient of split occurrence frequencies: 0.998
Iteration 110 / LogL: -15668.993 / Time: 1h:59m:55s (1h:39m:0s left)
Iteration 120 / LogL: -15654.688 / Time: 2h:9m:39s (1h:27m:9s left)
Iteration 130 / LogL: -15655.240 / Time: 2h:18m:49s (1h:15m:19s left)
TREE SEARCH COMPLETED AFTER 135 ITERATIONS / Time: 2h:22m:32s

--------------------------------------------------------------------
|                    FINALIZING TREE SEARCH                        |
--------------------------------------------------------------------
Performs final model parameters optimization
Estimate model parameters (epsilon = 0.010)
Initial log-likelihood: -15654.601
Current log-likelihood at step 1: -15654.587
Current log-likelihood at step 2: -15654.579
Partition-specific rates:  0.457 0.284 2.259
Parameters optimization took 1 rounds (3.392 sec)

BEST SCORE FOUND : -15654.579
Creating bootstrap support values...
Split supports printed to NEXUS file Yeast_2408//aln_seqs/OG3649.nt.aln.nex.splits.nex
Total tree length: 28.695

Total number of iterations: 135
CPU time used for tree search: 277.623 sec (0h:4m:37s)
Wall-clock time used for tree search: 8476.241 sec (2h:21m:16s)
Total CPU time used: 280.363 sec (0h:4m:40s)
Total wall-clock time used: 8565.095 sec (2h:22m:45s)

Computing bootstrap consensus tree...
Reading input file Yeast_2408//aln_seqs/OG3649.nt.aln.nex.splits.nex...
40 taxa and 460 splits.
Consensus tree written to Yeast_2408//aln_seqs/OG3649.nt.aln.nex.contree
Reading input trees file Yeast_2408//aln_seqs/OG3649.nt.aln.nex.contree
Log-likelihood of consensus tree: -15655.757

Analysis results written to: 
  IQ-TREE report:                Yeast_2408//aln_seqs/OG3649.nt.aln.nex.iqtree
  Maximum-likelihood tree:       Yeast_2408//aln_seqs/OG3649.nt.aln.nex.treefile
  Likelihood distances:          Yeast_2408//aln_seqs/OG3649.nt.aln.nex.mldist
  Best partitioning scheme:      Yeast_2408//aln_seqs/OG3649.nt.aln.nex.best_scheme.nex
           in RAxML format:      Yeast_2408//aln_seqs/OG3649.nt.aln.nex.best_scheme

Ultrafast bootstrap approximation results written to:
  Split support values:          Yeast_2408//aln_seqs/OG3649.nt.aln.nex.splits.nex
  Consensus tree:                Yeast_2408//aln_seqs/OG3649.nt.aln.nex.contree
  Screen log file:               Yeast_2408//aln_seqs/OG3649.nt.aln.nex.log

Date and Time: Mon Feb 18 12:07:56 2019
