IQ-TREE multicore version 1.6.8 for Linux 64-bit built Oct 28 2018
Developed by Bui Quang Minh, Nguyen Lam Tung, Olga Chernomor,
Heiko Schmidt, Dominik Schrempf, Michael Woodhams.

Host:    sango40413.oist.jp (AVX2, FMA3, 503 GB RAM)
Command: iqtree -s Yeast_2408//aln_seqs/OG4038.nt.aln -bb 1000 -redo -nt 3 -spp Yeast_2408//aln_seqs/OG4038.nt.aln.nex -m MFPMERGE
Seed:    529957 (Using SPRNG - Scalable Parallel Random Number Generator)
Time:    Mon Feb 18 09:09:58 2019
Kernel:  AVX+FMA - 3 threads (24 CPU cores detected)

Reading partition model file Yeast_2408//aln_seqs/OG4038.nt.aln.nex ...
Reading alignment file Yeast_2408//aln_seqs/OG4038.nt.aln ... Fasta format detected
Alignment most likely contains DNA/RNA sequences
Alignment has 40 sequences with 555 columns, 463 distinct patterns
424 parsimony-informative, 58 singleton sites, 73 constant sites
                                             Gap/Ambiguity  Composition  p-value
   1  Candida_glabrata                               0.00%    passed     32.32%
   2  Kazachstania_africana                          0.00%    passed     80.34%
   3  Kazachstania_naganishii                        0.00%    failed      0.00%
   4  Nakaseomyces_bacillisporus                     0.00%    passed      5.80%
   5  Nakaseomyces_bracarensis                       0.00%    failed      3.08%
   6  Nakaseomyces_castellii                         3.78%    failed      0.00%
   7  Nakaseomyces_delphensis                        0.00%    passed     23.66%
   8  Nakaseomyces_nivariensis                       0.00%    passed      7.91%
   9  Naumovozyma_castellii                          0.00%    passed     62.07%
  10  Naumovozyma_dairenensis                        0.00%    failed      0.56%
  11  Neurospora_crassa                              0.00%    failed      0.00%
  12  Saccharomyces_arboricola                       0.00%    passed     68.86%
  13  Saccharomyces_cerevisiae                       0.00%    passed     51.21%
  14  Saccharomyces_eubayanus                        0.00%    passed     86.17%
  15  Saccharomyces_kudriavzevii                     0.00%    passed     81.49%
  16  Saccharomyces_mikatae                          0.00%    passed     29.69%
  17  Saccharomyces_paradoxus                        0.00%    passed     62.83%
  18  Saccharomyces_uvarum                           0.00%    passed     66.83%
  19  Tetrapisispora_blattae                         1.62%    failed      0.53%
  20  Tetrapisispora_phaffii                         0.00%    failed      2.89%
  21  Vanderwaltozyma_polyspora                      0.00%    failed      0.05%
  22  yHAB132_Kazachstania_martiniae                 0.00%    passed     13.02%
  23  yHAB133_Kazachstania_unispora                  0.00%    failed      2.23%
  24  yHAB134_Kazachstania_turicensis                0.00%    passed     71.44%
  25  yHAB136_Kazachstania_bromeliacearum            0.00%    passed     33.64%
  26  yHAB143_Kazachstania_siamensis                 0.00%    failed      0.91%
  27  yHAB147_Kazachstania_taianensis                0.00%    failed      0.00%
  28  yHAB148_Kazachstania_intestinalis              0.00%    passed     83.27%
  29  yHAB153_Kazachstania_rosinii                   0.00%    passed     68.03%
  30  yHAB154_Kazachstania_transvaalensis            0.00%    failed      4.89%
  31  yHAB155_Kazachstania_spencerorum               0.00%    failed      0.57%
  32  yHAB158_Kazachstania_viticola                  0.00%    passed     42.48%
  33  yHAB159_Kazachstania_solicola                  0.00%    passed     10.93%
  34  yHAB160_Kazachstania_kunashirensis             0.00%    passed     14.47%
  35  yHAB164_Kazachstania_aerobia                   0.00%    failed      4.19%
  36  yHAB166_Kazachstania_yakushimaensis            0.00%    failed      1.69%
  37  yHMPu5000034875_Tetrapisispora_fleetii         0.00%    failed      1.55%
  38  yHMPu5000034876_Tetrapisispora_iriomotensis    0.00%    passed     71.67%
  39  yHMPu5000034877_Tetrapisispora_namnaonensis    0.00%    failed      1.53%
  40  yHMPu5000035629_Yueomyces_sinensis             2.16%    failed      4.50%
****  TOTAL                                          0.19%  18 sequences failed composition chi2 test (p-value<5%; df=3)
NOTE: No CharPartition defined, use all CharSets

Loading 3 partitions...
Subset	Type	Seqs	Sites	Infor	Invar	Model	Name
1		40	185	146	21	MFPMERGE	p1
2		40	185	96	51	MFPMERGE	p2
3		40	185	182	1	MFPMERGE	p3
Degree of missing data: 0.000
Info: multi-threading strategy over partitions



Create initial parsimony tree by phylogenetic likelihood library (PLL)... 0.003 seconds
NOTE: ModelFinder requires 8 MB RAM!
Testing GTR+F+G on supermatrix...
GTR+F+G4 / LnL: -15701.686 / df: 86 / AIC: 31575.373 / AICc: 31607.347 / BIC: 31946.804
Selecting individual models for 3 charsets using BIC...
 No. Model        Score       Charset
WARNING: Log-likelihood of TIM+F+R5 worse than TIM+F+R4
WARNING: Log-likelihood of TIM2+F+R5 worse than TIM2+F+R4
   1 GTR+F+I+G4   9430.610    p1
WARNING: Log-likelihood of TIM3+F+R5 worse than TIM3+F+R4
WARNING: Log-likelihood of TVM+F+R5 worse than TVM+F+R4
WARNING: Log-likelihood of GTR+F+R5 worse than GTR+F+R4
   2 TN+F+R5      15292.940   p3
   3 GTR+F+G4     6127.398    p2
Full partition model BIC score: 31369.641 (LnL: -15334.118  df:111)
Merging models to increase model fit (about 7 total partition schemes)...
   4 TVMe+G4      31432.272   p1+p2
   5 GTR+F+I+G4   31748.966   p1+p3
   6 TIM3+F+I+G4  31821.268   p2+p3
BEST-FIT PARTITION MODEL: 
  charpartition BIC = GTR+F+I+G4: p1, GTR+F+G4: p2, TN+F+R5: p3;
Agglomerative model selection: (p1,p2,p3)
Partition information was printed to Yeast_2408//aln_seqs/OG4038.nt.aln.nex.best_scheme.nex
Partition information in Raxml format was printed to Yeast_2408//aln_seqs/OG4038.nt.aln.nex.best_scheme

All model information printed to Yeast_2408//aln_seqs/OG4038.nt.aln.nex.model.gz
CPU time for ModelFinder: 103.121 seconds (0h:1m:43s)
Wall-clock time for ModelFinder: 5119.058 seconds (1h:25m:19s)
Generating 1000 samples for ultrafast bootstrap (seed: 529957)...

NOTE: 4 MB RAM (0 GB) is required!
WARNING: Number of threads seems too high for short alignments. Use -nt AUTO to determine best number of threads.
Estimate model parameters (epsilon = 0.100)
Initial log-likelihood: -16340.898
Current log-likelihood at step 1: -15374.029
Current log-likelihood at step 2: -15356.346
Current log-likelihood at step 3: -15352.816
Current log-likelihood at step 4: -15351.974
Current log-likelihood at step 5: -15351.745
Current log-likelihood at step 6: -15351.641
Current log-likelihood at step 7: -15351.580
Partition-specific rates:  0.606 0.466 1.928
Parameters optimization took 6 rounds (34.554 sec)

Computing ML distances based on estimated model parameters... 0.041 sec
Computing BIONJ tree...
0.248 seconds
Log-likelihood of BIONJ tree: -15312.078
--------------------------------------------------------------------
|             INITIALIZING CANDIDATE TREE SET                      |
--------------------------------------------------------------------
Generating 98 parsimony trees... 30.982 second
Computing log-likelihood of 98 initial trees ... 391.887 seconds
Current best score: -15312.078

Do NNI search on 20 best initial trees
Estimate model parameters (epsilon = 0.100)
Initial log-likelihood: -15302.340
Current log-likelihood at step 1: -15301.503
Current log-likelihood at step 2: -15301.452
Parameters optimization took 1 rounds (26.190 sec)

BETTER TREE FOUND at iteration 1: -15301.452
Estimate model parameters (epsilon = 0.100)
Initial log-likelihood: -15296.795
Current log-likelihood at step 1: -15296.533
Current log-likelihood at step 2: -15296.511
Parameters optimization took 1 rounds (6.969 sec)

BETTER TREE FOUND at iteration 5: -15296.511
Iteration 10 / LogL: -15302.365 / Time: 0h:18m:37s
Iteration 20 / LogL: -15306.042 / Time: 0h:29m:58s
Finish initializing candidate tree set (18)
Current best tree score: -15296.511 / CPU time: 1753.354
Number of iterations: 20
--------------------------------------------------------------------
|               OPTIMIZING CANDIDATE TREE SET                      |
--------------------------------------------------------------------
Estimate model parameters (epsilon = 0.100)
Initial log-likelihood: -15294.942
Current log-likelihood at step 1: -15294.722
Current log-likelihood at step 2: -15294.698
Parameters optimization took 1 rounds (6.425 sec)

BETTER TREE FOUND at iteration 25: -15294.698
UPDATE BEST LOG-LIKELIHOOD: -15294.694
Iteration 30 / LogL: -15301.738 / Time: 0h:40m:50s (2h:13m:47s left)
Iteration 40 / LogL: -15297.393 / Time: 0h:47m:48s (1h:44m:11s left)
Estimate model parameters (epsilon = 0.100)
Initial log-likelihood: -15294.360
Current log-likelihood at step 1: -15275.722
Current log-likelihood at step 2: -15267.551
Current log-likelihood at step 3: -15263.080
Current log-likelihood at step 4: -15260.157
Current log-likelihood at step 5: -15258.125
Current log-likelihood at step 6: -15256.666
Current log-likelihood at step 7: -15255.591
Current log-likelihood at step 8: -15254.810
Current log-likelihood at step 9: -15254.254
Current log-likelihood at step 10: -15253.809
Current log-likelihood at step 11: -15253.458
Current log-likelihood at step 12: -15253.176
Current log-likelihood at step 13: -15252.979
Current log-likelihood at step 14: -15252.854
Current log-likelihood at step 15: -15252.739
Current log-likelihood at step 16: -15252.642
Parameters optimization took 15 rounds (157.286 sec)

BETTER TREE FOUND at iteration 41: -15252.642
Estimate model parameters (epsilon = 0.100)
Initial log-likelihood: -15252.619
Current log-likelihood at step 1: -15252.507
Current log-likelihood at step 2: -15252.449
Parameters optimization took 1 rounds (9.450 sec)

UPDATE BEST LOG-LIKELIHOOD: -15252.449
Estimate model parameters (epsilon = 0.100)
Initial log-likelihood: -15248.761
WARNING: Too high (saturated) partition rates for proportional partition model!
Current log-likelihood at step 1: -15247.845
Current log-likelihood at step 2: -15247.736
Current log-likelihood at step 3: -15247.663
Parameters optimization took 2 rounds (13.520 sec)

BETTER TREE FOUND at iteration 46: -15247.663
Iteration 50 / LogL: -15252.841 / Time: 1h:4m:43s (2h:6m:48s left)
Log-likelihood cutoff on original alignment: -15309.732
Estimate model parameters (epsilon = 0.100)
Initial log-likelihood: -15243.556
WARNING: Too high (saturated) partition rates for proportional partition model!
Current log-likelihood at step 1: -15243.120
Current log-likelihood at step 2: -15243.090
Parameters optimization took 1 rounds (65.675 sec)

BETTER TREE FOUND at iteration 56: -15243.090
UPDATE BEST LOG-LIKELIHOOD: -15243.088
Iteration 60 / LogL: -15261.166 / Time: 1h:24m:44s (2h:17m:53s left)
Estimate model parameters (epsilon = 0.100)
Initial log-likelihood: -15242.203
Current log-likelihood at step 1: -15241.692
Current log-likelihood at step 2: -15241.659
Parameters optimization took 1 rounds (8.503 sec)

BETTER TREE FOUND at iteration 64: -15241.659
Iteration 70 / LogL: -15248.730 / Time: 1h:38m:12s (2h:13m:47s left)
Estimate model parameters (epsilon = 0.100)
Initial log-likelihood: -15239.580
Current log-likelihood at step 1: -15239.527
Parameters optimization took 0 rounds (5.570 sec)

BETTER TREE FOUND at iteration 75: -15239.527
Iteration 80 / LogL: -15243.417 / Time: 1h:49m:19s (2h:11m:28s left)
Iteration 90 / LogL: -15286.844 / Time: 1h:58m:33s (1h:53m:14s left)
Iteration 100 / LogL: -15244.325 / Time: 2h:7m:30s (1h:36m:35s left)
Log-likelihood cutoff on original alignment: -15309.732
NOTE: Bootstrap correlation coefficient of split occurrence frequencies: 0.921
NOTE: UFBoot does not converge, continue at least 100 more iterations
Estimate model parameters (epsilon = 0.100)
Initial log-likelihood: -15239.376
WARNING: Too high (saturated) partition rates for proportional partition model!
Current log-likelihood at step 1: -15239.267
Current log-likelihood at step 2: -15239.258
Parameters optimization took 1 rounds (7.103 sec)

BETTER TREE FOUND at iteration 110: -15239.258
Iteration 110 / LogL: -15239.258 / Time: 2h:20m:10s (2h:8m:36s left)
Iteration 120 / LogL: -15245.407 / Time: 2h:29m:4s (1h:52m:44s left)
Iteration 130 / LogL: -15239.611 / Time: 2h:49m:59s (1h:45m:25s left)
Iteration 140 / LogL: -15244.106 / Time: 3h:0m:4s (1h:30m:40s left)
Iteration 150 / LogL: -15250.826 / Time: 3h:10m:39s (1h:16m:46s left)
Log-likelihood cutoff on original alignment: -15309.732
Iteration 160 / LogL: -15240.493 / Time: 3h:21m:28s (1h:3m:21s left)
UPDATE BEST LOG-LIKELIHOOD: -15239.258
Iteration 170 / LogL: -15239.261 / Time: 3h:34m:42s (0h:50m:49s left)
Iteration 180 / LogL: -15242.002 / Time: 3h:49m:49s (0h:38m:31s left)
Iteration 190 / LogL: -15240.546 / Time: 4h:1m:12s (0h:25m:31s left)
Iteration 200 / LogL: -15239.638 / Time: 4h:11m:2s (0h:12m:36s left)
Log-likelihood cutoff on original alignment: -15309.732
NOTE: Bootstrap correlation coefficient of split occurrence frequencies: 0.996
Iteration 210 / LogL: -15244.103 / Time: 4h:27m:55s (1h:55m:22s left)
TREE SEARCH COMPLETED AFTER 211 ITERATIONS / Time: 4h:28m:49s

--------------------------------------------------------------------
|                    FINALIZING TREE SEARCH                        |
--------------------------------------------------------------------
Performs final model parameters optimization
Estimate model parameters (epsilon = 0.010)
Initial log-likelihood: -15239.258
Current log-likelihood at step 1: -15239.255
Partition-specific rates:  0.356 0.221 2.423
Parameters optimization took 0 rounds (3.579 sec)

BEST SCORE FOUND : -15239.255
Creating bootstrap support values...
Split supports printed to NEXUS file Yeast_2408//aln_seqs/OG4038.nt.aln.nex.splits.nex
Total tree length: 39.868

Total number of iterations: 211
CPU time used for tree search: 463.368 sec (0h:7m:43s)
Wall-clock time used for tree search: 16082.891 sec (4h:28m:2s)
Total CPU time used: 465.573 sec (0h:7m:45s)
Total wall-clock time used: 16143.028 sec (4h:29m:3s)

Computing bootstrap consensus tree...
Reading input file Yeast_2408//aln_seqs/OG4038.nt.aln.nex.splits.nex...
40 taxa and 355 splits.
Consensus tree written to Yeast_2408//aln_seqs/OG4038.nt.aln.nex.contree
Reading input trees file Yeast_2408//aln_seqs/OG4038.nt.aln.nex.contree
Log-likelihood of consensus tree: -15239.266

Analysis results written to: 
  IQ-TREE report:                Yeast_2408//aln_seqs/OG4038.nt.aln.nex.iqtree
  Maximum-likelihood tree:       Yeast_2408//aln_seqs/OG4038.nt.aln.nex.treefile
  Likelihood distances:          Yeast_2408//aln_seqs/OG4038.nt.aln.nex.mldist
  Best partitioning scheme:      Yeast_2408//aln_seqs/OG4038.nt.aln.nex.best_scheme.nex
           in RAxML format:      Yeast_2408//aln_seqs/OG4038.nt.aln.nex.best_scheme

Ultrafast bootstrap approximation results written to:
  Split support values:          Yeast_2408//aln_seqs/OG4038.nt.aln.nex.splits.nex
  Consensus tree:                Yeast_2408//aln_seqs/OG4038.nt.aln.nex.contree
  Screen log file:               Yeast_2408//aln_seqs/OG4038.nt.aln.nex.log

Date and Time: Mon Feb 18 15:05:08 2019
