
================== ASTRAL ===================== 

This is ASTRAL version 5.6.3
Gene trees are treated as unrooted
345 trees read from Yeast_2408/all_iqtree_btstraped.txt
All output trees will be *arbitrarily* rooted at Nakaseomyces_delphensis

======== Running the main analysis
Number of taxa: 40 (40 species)
Taxa: [Nakaseomyces_delphensis, Tetrapisispora_phaffii, Nakaseomyces_nivariensis, yHAB134_Kazachstania_turicensis, yHAB166_Kazachstania_yakushimaensis, Saccharomyces_cerevisiae, yHAB153_Kazachstania_rosinii, yHAB160_Kazachstania_kunashirensis, yHAB132_Kazachstania_martiniae, yHAB133_Kazachstania_unispora, Nakaseomyces_bacillisporus, Saccharomyces_paradoxus, Kazachstania_africana, yHAB136_Kazachstania_bromeliacearum, yHAB148_Kazachstania_intestinalis, yHMPu5000034876_Tetrapisispora_iriomotensis, yHAB155_Kazachstania_spencerorum, Naumovozyma_castellii, Vanderwaltozyma_polyspora, yHAB164_Kazachstania_aerobia, Saccharomyces_mikatae, yHMPu5000035629_Yueomyces_sinensis, Nakaseomyces_bracarensis, Candida_glabrata, yHMPu5000034877_Tetrapisispora_namnaonensis, Saccharomyces_eubayanus, yHMPu5000034875_Tetrapisispora_fleetii, Saccharomyces_uvarum, Nakaseomyces_castellii, Saccharomyces_arboricola, yHAB154_Kazachstania_transvaalensis, Kazachstania_naganishii, yHAB143_Kazachstania_siamensis, yHAB158_Kazachstania_viticola, Naumovozyma_dairenensis, Saccharomyces_kudriavzevii, Tetrapisispora_blattae, Neurospora_crassa, yHAB159_Kazachstania_solicola, yHAB147_Kazachstania_taianensis]
Taxon occupancy: {Nakaseomyces_delphensis=345, Tetrapisispora_phaffii=345, yHAB134_Kazachstania_turicensis=345, Nakaseomyces_nivariensis=345, yHAB166_Kazachstania_yakushimaensis=345, Saccharomyces_cerevisiae=345, yHAB153_Kazachstania_rosinii=345, yHAB132_Kazachstania_martiniae=345, yHAB160_Kazachstania_kunashirensis=345, yHAB133_Kazachstania_unispora=345, Nakaseomyces_bacillisporus=345, Saccharomyces_paradoxus=345, Kazachstania_africana=345, yHAB136_Kazachstania_bromeliacearum=345, yHAB148_Kazachstania_intestinalis=345, yHMPu5000034876_Tetrapisispora_iriomotensis=345, yHAB155_Kazachstania_spencerorum=345, Naumovozyma_castellii=345, Vanderwaltozyma_polyspora=345, yHAB164_Kazachstania_aerobia=345, Saccharomyces_mikatae=345, yHMPu5000035629_Yueomyces_sinensis=345, Nakaseomyces_bracarensis=345, Candida_glabrata=345, yHMPu5000034877_Tetrapisispora_namnaonensis=345, yHMPu5000034875_Tetrapisispora_fleetii=345, Saccharomyces_eubayanus=345, Saccharomyces_uvarum=345, Nakaseomyces_castellii=345, Saccharomyces_arboricola=345, yHAB154_Kazachstania_transvaalensis=345, yHAB143_Kazachstania_siamensis=345, Kazachstania_naganishii=345, yHAB158_Kazachstania_viticola=345, Naumovozyma_dairenensis=345, Saccharomyces_kudriavzevii=345, Tetrapisispora_blattae=345, Neurospora_crassa=345, yHAB159_Kazachstania_solicola=345, yHAB147_Kazachstania_taianensis=345}
Number of gene trees: 345
0 trees have missing taxa
Calculating quartet distance matrix (for completion of X)
Species tree distances calculated ...
Building set of clusters (X) from gene trees 
------------------------------
gradient0: 2665
Number of Clusters after addition by distance: 2665
calculating extra bipartitions to be added at level 1 ...
Adding to X using resolutions of greedy consensus ...
Limit for sigma of degrees:1050
polytomy size limit : 6
discarded polytomies:  [3, 3, 3, 6, 6]
Threshold 0.0:
Threshold 0.01:
Threshold 0.02:
Threshold 0.05:
Threshold 0.1:
Threshold 0.2:
polytomy of size 3; rounds with additions with at least 5 support: 0; clusters: 2665
polytomy of size 3; rounds with additions with at least 5 support: 0; clusters: 2665
Threshold 0.3333333333333333:
polytomy of size 3; rounds with additions with at least 5 support: 0; clusters: 2665
polytomy of size 6; rounds with additions with at least 5 support: 0; clusters: 2665
polytomy of size 6; rounds with additions with at least 5 support: 0; clusters: 2665
max k is :0
Number of Clusters after addition by greedy: 2665
gradient0 in heuristiic: 2665
partitions formed in 0.933 secs
Dynamic Programming starting after 0.933 secs
Using tree-based weight calculation.
Using polytree-based weight calculation.
Polytree max score: 31529550
Polytree building time: 0.061 seconds.
Number of quartet trees in the gene trees: 31529550
Size of largest cluster: 40
Greedy score: 23290326
estimationFactor: 1.3537616433535538
Sub-optimal score: 24023135
Total Number of elements weighted: 8362
Normalized score (portion of input quartet trees satisfied before correcting for multiple individuals): 0.8154338707656785
Optimization score: 25710263
Optimal tree inferred in 1.892 secs.
(yHAB134_Kazachstania_turicensis,(yHAB160_Kazachstania_kunashirensis,((yHAB153_Kazachstania_rosinii,yHAB155_Kazachstania_spencerorum),((Kazachstania_africana,yHAB158_Kazachstania_viticola),((yHAB132_Kazachstania_martiniae,(yHAB148_Kazachstania_intestinalis,(yHAB136_Kazachstania_bromeliacearum,((Kazachstania_naganishii,yHAB147_Kazachstania_taianensis),((yHAB166_Kazachstania_yakushimaensis,yHAB154_Kazachstania_transvaalensis),(yHAB143_Kazachstania_siamensis,(yHAB133_Kazachstania_unispora,(yHAB164_Kazachstania_aerobia,yHAB159_Kazachstania_solicola)))))))),((Naumovozyma_castellii,Naumovozyma_dairenensis),(Neurospora_crassa,(((yHMPu5000035629_Yueomyces_sinensis,Tetrapisispora_blattae),(Vanderwaltozyma_polyspora,(yHMPu5000034876_Tetrapisispora_iriomotensis,(Tetrapisispora_phaffii,(yHMPu5000034877_Tetrapisispora_namnaonensis,yHMPu5000034875_Tetrapisispora_fleetii))))),(((Nakaseomyces_bacillisporus,Nakaseomyces_castellii),(Candida_glabrata,(Nakaseomyces_bracarensis,(Nakaseomyces_delphensis,Nakaseomyces_nivariensis)))),((Saccharomyces_eubayanus,Saccharomyces_uvarum),(Saccharomyces_arboricola,(Saccharomyces_kudriavzevii,(Saccharomyces_mikatae,(Saccharomyces_cerevisiae,Saccharomyces_paradoxus))))))))))))));
Final quartet score is: 25710263
Final normalized quartet score is: 0.8154338707656785
(Nakaseomyces_delphensis,(Nakaseomyces_nivariensis,(Nakaseomyces_bracarensis,(Candida_glabrata,((Nakaseomyces_bacillisporus,Nakaseomyces_castellii)1:1.1000371387151153,(((Saccharomyces_eubayanus,Saccharomyces_uvarum)1:3.6441764036915547,(Saccharomyces_arboricola,(Saccharomyces_kudriavzevii,(Saccharomyces_mikatae,(Saccharomyces_cerevisiae,Saccharomyces_paradoxus)1:2.723954795864591)1:1.7788375378111354)1:0.4227482035866289)1:0.5527628451492012)1:5.004711959719982,(((yHMPu5000035629_Yueomyces_sinensis,Tetrapisispora_blattae)1:3.0580661851166977,(Vanderwaltozyma_polyspora,(yHMPu5000034876_Tetrapisispora_iriomotensis,(Tetrapisispora_phaffii,(yHMPu5000034877_Tetrapisispora_namnaonensis,yHMPu5000034875_Tetrapisispora_fleetii)1:3.3547980930883807)1:2.8675136198201163)1:5.282749661734661)1:1.8017938813878962)1:1.0079432028559878,(Neurospora_crassa,((Naumovozyma_castellii,Naumovozyma_dairenensis)1:2.4128582675211847,((yHAB132_Kazachstania_martiniae,(yHAB148_Kazachstania_intestinalis,(yHAB136_Kazachstania_bromeliacearum,((Kazachstania_naganishii,yHAB147_Kazachstania_taianensis)1:0.36488880850831895,((yHAB166_Kazachstania_yakushimaensis,yHAB154_Kazachstania_transvaalensis)1:5.383815253109606,(yHAB143_Kazachstania_siamensis,(yHAB133_Kazachstania_unispora,(yHAB164_Kazachstania_aerobia,yHAB159_Kazachstania_solicola)1:4.734403466057466)1:2.346150490751339)1:3.796850196527578)1:0.9588542731667079)0.51:0.022129124145833394)1:1.1329187957575038)0.99:0.11801975890931893)1:0.4544677383000334,((Kazachstania_africana,yHAB158_Kazachstania_viticola)1:0.16139699175132521,((yHAB153_Kazachstania_rosinii,yHAB155_Kazachstania_spencerorum)1:0.3268963630181089,(yHAB160_Kazachstania_kunashirensis,yHAB134_Kazachstania_turicensis)1:2.675353614025871)1:1.250539371456406)1:0.5208953741759927)1:1.2879870370893458)1:0.1936709958304701)0.74:0.048980032653165306)1:0.49593565533911593)1:0.2708053783070849)1:4.4134572999652)1:3.1191307573511)1:0.7045381674694456));
Weight calculation took 0.754750376 secs
ASTRAL finished in 2.641 secs
