IQ-TREE multicore version 1.6.8 for Linux 64-bit built Oct 28 2018
Developed by Bui Quang Minh, Nguyen Lam Tung, Olga Chernomor,
Heiko Schmidt, Dominik Schrempf, Michael Woodhams.

Host:    sango10618.oist.jp (AVX2, FMA3, 125 GB RAM)
Command: iqtree -s examples/6taxon_300genes_8cores//aln_seqs/1_seqgen108.nex.aln -bb 1000 -redo -nt 3 -m MFP
Seed:    235721 (Using SPRNG - Scalable Parallel Random Number Generator)
Time:    Fri Jan 11 12:16:21 2019
Kernel:  AVX+FMA - 3 threads (24 CPU cores detected)

Reading alignment file examples/6taxon_300genes_8cores//aln_seqs/1_seqgen108.nex.aln ... Fasta format detected
Alignment most likely contains DNA/RNA sequences
Alignment has 6 sequences with 500 columns, 57 distinct patterns
21 parsimony-informative, 75 singleton sites, 404 constant sites
   Gap/Ambiguity  Composition  p-value
   1  F    0.00%    passed     97.68%
   2  E    0.00%    passed     97.78%
   3  B    0.00%    passed     97.99%
   4  A    0.00%    passed     97.93%
   5  C    0.00%    passed     98.64%
   6  D    0.00%    passed     98.12%
****  TOTAL    0.00%  0 sequences failed composition chi2 test (p-value<5%; df=3)


Create initial parsimony tree by phylogenetic likelihood library (PLL)... 0.000 seconds
NOTE: ModelFinder requires 0 MB RAM!
ModelFinder will test 286 DNA models (sample size: 500) ...
 No. Model         -LnL         df  AIC          AICc         BIC
WARNING: Number of threads seems too high for short alignments. Use -nt AUTO to determine best number of threads.
  1  JC            1266.848     9   2551.696     2552.063     2589.627
WARNING: Number of threads seems too high for short alignments. Use -nt AUTO to determine best number of threads.
  2  JC+I          1266.848     10  2553.696     2554.145     2595.842
WARNING: Number of threads seems too high for short alignments. Use -nt AUTO to determine best number of threads.
  3  JC+G4         1266.848     10  2553.697     2554.147     2595.843
WARNING: Number of threads seems too high for short alignments. Use -nt AUTO to determine best number of threads.
  4  JC+I+G4       1268.535     11  2559.070     2559.611     2605.431
WARNING: Number of threads seems too high for short alignments. Use -nt AUTO to determine best number of threads.
  5  JC+R2         1267.279     11  2556.558     2557.099     2602.919
WARNING: Number of threads seems too high for short alignments. Use -nt AUTO to determine best number of threads.
  6  JC+R3         1267.112     13  2560.223     2560.972     2615.013
WARNING: Number of threads seems too high for short alignments. Use -nt AUTO to determine best number of threads.
 14  F81+F         1252.590     12  2529.180     2529.820     2579.755
WARNING: Number of threads seems too high for short alignments. Use -nt AUTO to determine best number of threads.
 15  F81+F+I       1252.590     13  2531.180     2531.929     2585.970
WARNING: Number of threads seems too high for short alignments. Use -nt AUTO to determine best number of threads.
 16  F81+F+G4      1252.591     13  2531.181     2531.930     2585.971
WARNING: Number of threads seems too high for short alignments. Use -nt AUTO to determine best number of threads.
 17  F81+F+I+G4    1254.264     14  2536.528     2537.394     2595.533
WARNING: Number of threads seems too high for short alignments. Use -nt AUTO to determine best number of threads.
 18  F81+F+R2      1252.966     14  2533.931     2534.797     2592.936
WARNING: Number of threads seems too high for short alignments. Use -nt AUTO to determine best number of threads.
 19  F81+F+R3      1252.812     16  2537.625     2538.751     2605.058
WARNING: Number of threads seems too high for short alignments. Use -nt AUTO to determine best number of threads.
 27  K2P           1242.010     10  2504.020     2504.469     2546.166
WARNING: Number of threads seems too high for short alignments. Use -nt AUTO to determine best number of threads.
 28  K2P+I         1242.010     11  2506.020     2506.561     2552.380
WARNING: Number of threads seems too high for short alignments. Use -nt AUTO to determine best number of threads.
 29  K2P+G4        1242.010     11  2506.020     2506.561     2552.381
WARNING: Number of threads seems too high for short alignments. Use -nt AUTO to determine best number of threads.
 30  K2P+I+G4      1243.195     12  2510.391     2511.031     2560.966
WARNING: Number of threads seems too high for short alignments. Use -nt AUTO to determine best number of threads.
 31  K2P+R2        1242.198     12  2508.395     2509.036     2558.971
WARNING: Number of threads seems too high for short alignments. Use -nt AUTO to determine best number of threads.
 32  K2P+R3        1242.107     14  2512.215     2513.081     2571.219
WARNING: Number of threads seems too high for short alignments. Use -nt AUTO to determine best number of threads.
 40  HKY+F         1225.988     13  2477.977     2478.726     2532.767
WARNING: Number of threads seems too high for short alignments. Use -nt AUTO to determine best number of threads.
 41  HKY+F+I       1225.988     14  2479.977     2480.843     2538.981
WARNING: Number of threads seems too high for short alignments. Use -nt AUTO to determine best number of threads.
 42  HKY+F+G4      1225.989     14  2479.977     2480.843     2538.982
WARNING: Number of threads seems too high for short alignments. Use -nt AUTO to determine best number of threads.
 43  HKY+F+I+G4    1227.137     15  2484.273     2485.265     2547.492
WARNING: Number of threads seems too high for short alignments. Use -nt AUTO to determine best number of threads.
 44  HKY+F+R2      1226.165     15  2482.329     2483.321     2545.548
WARNING: Number of threads seems too high for short alignments. Use -nt AUTO to determine best number of threads.
 45  HKY+F+R3      1226.081     17  2486.161     2487.431     2557.810
WARNING: Number of threads seems too high for short alignments. Use -nt AUTO to determine best number of threads.
 53  TNe           1242.003     11  2506.006     2506.547     2552.366
WARNING: Number of threads seems too high for short alignments. Use -nt AUTO to determine best number of threads.
 54  TNe+I         1242.003     12  2508.006     2508.646     2558.581
WARNING: Number of threads seems too high for short alignments. Use -nt AUTO to determine best number of threads.
 55  TNe+G4        1242.003     12  2508.006     2508.647     2558.581
WARNING: Number of threads seems too high for short alignments. Use -nt AUTO to determine best number of threads.
 56  TNe+I+G4      1243.074     13  2512.149     2512.898     2566.938
WARNING: Number of threads seems too high for short alignments. Use -nt AUTO to determine best number of threads.
 57  TNe+R2        1242.144     13  2510.289     2511.038     2565.078
WARNING: Number of threads seems too high for short alignments. Use -nt AUTO to determine best number of threads.
 58  TNe+R3        1242.075     15  2514.150     2515.141     2577.369
WARNING: Number of threads seems too high for short alignments. Use -nt AUTO to determine best number of threads.
 66  TN+F          1225.988     14  2479.976     2480.842     2538.981
WARNING: Number of threads seems too high for short alignments. Use -nt AUTO to determine best number of threads.
 67  TN+F+I        1225.988     15  2481.976     2482.968     2545.195
WARNING: Number of threads seems too high for short alignments. Use -nt AUTO to determine best number of threads.
 68  TN+F+G4       1225.988     15  2481.976     2482.968     2545.196
WARNING: Number of threads seems too high for short alignments. Use -nt AUTO to determine best number of threads.
 69  TN+F+I+G4     1227.066     16  2486.133     2487.259     2553.567
WARNING: Number of threads seems too high for short alignments. Use -nt AUTO to determine best number of threads.
 70  TN+F+R2       1226.124     16  2484.247     2485.374     2551.681
WARNING: Number of threads seems too high for short alignments. Use -nt AUTO to determine best number of threads.
 71  TN+F+R3       1226.058     18  2488.117     2489.539     2563.980
WARNING: Number of threads seems too high for short alignments. Use -nt AUTO to determine best number of threads.
 79  K3P           1241.919     11  2505.838     2506.379     2552.199
WARNING: Number of threads seems too high for short alignments. Use -nt AUTO to determine best number of threads.
 80  K3P+I         1241.919     12  2507.838     2508.479     2558.413
WARNING: Number of threads seems too high for short alignments. Use -nt AUTO to determine best number of threads.
 81  K3P+G4        1241.919     12  2507.839     2508.479     2558.414
WARNING: Number of threads seems too high for short alignments. Use -nt AUTO to determine best number of threads.
 82  K3P+I+G4      1242.905     13  2511.811     2512.560     2566.601
WARNING: Number of threads seems too high for short alignments. Use -nt AUTO to determine best number of threads.
 83  K3P+R2        1242.025     13  2510.049     2510.798     2564.839
WARNING: Number of threads seems too high for short alignments. Use -nt AUTO to determine best number of threads.
 84  K3P+R3        1241.972     15  2513.944     2514.935     2577.163
WARNING: Number of threads seems too high for short alignments. Use -nt AUTO to determine best number of threads.
 92  K3Pu+F        1225.757     14  2479.513     2480.379     2538.518
WARNING: Number of threads seems too high for short alignments. Use -nt AUTO to determine best number of threads.
 93  K3Pu+F+I      1225.757     15  2481.513     2482.505     2544.732
WARNING: Number of threads seems too high for short alignments. Use -nt AUTO to determine best number of threads.
 94  K3Pu+F+G4     1225.757     15  2481.514     2482.506     2544.733
WARNING: Number of threads seems too high for short alignments. Use -nt AUTO to determine best number of threads.
 95  K3Pu+F+I+G4   1226.739     16  2485.478     2486.604     2552.911
WARNING: Number of threads seems too high for short alignments. Use -nt AUTO to determine best number of threads.
 96  K3Pu+F+R2     1225.860     16  2483.720     2484.846     2551.153
WARNING: Number of threads seems too high for short alignments. Use -nt AUTO to determine best number of threads.
 97  K3Pu+F+R3     1225.810     18  2487.619     2489.041     2563.482
WARNING: Number of threads seems too high for short alignments. Use -nt AUTO to determine best number of threads.
105  TPM2+F        1225.475     14  2478.949     2479.815     2537.954
WARNING: Number of threads seems too high for short alignments. Use -nt AUTO to determine best number of threads.
106  TPM2+F+I      1225.475     15  2480.949     2481.941     2544.169
WARNING: Number of threads seems too high for short alignments. Use -nt AUTO to determine best number of threads.
107  TPM2+F+G4     1225.475     15  2480.950     2481.941     2544.169
WARNING: Number of threads seems too high for short alignments. Use -nt AUTO to determine best number of threads.
108  TPM2+F+I+G4   1226.460     16  2484.919     2486.045     2552.353
WARNING: Number of threads seems too high for short alignments. Use -nt AUTO to determine best number of threads.
109  TPM2+F+R2     1225.570     16  2483.141     2484.267     2550.575
WARNING: Number of threads seems too high for short alignments. Use -nt AUTO to determine best number of threads.
110  TPM2+F+R3     1225.524     18  2487.048     2488.470     2562.911
WARNING: Number of threads seems too high for short alignments. Use -nt AUTO to determine best number of threads.
118  TPM2u+F       1225.474     14  2478.949     2479.815     2537.953
WARNING: Number of threads seems too high for short alignments. Use -nt AUTO to determine best number of threads.
119  TPM2u+F+I     1225.474     15  2480.949     2481.940     2544.168
WARNING: Number of threads seems too high for short alignments. Use -nt AUTO to determine best number of threads.
120  TPM2u+F+G4    1225.475     15  2480.949     2481.941     2544.168
WARNING: Number of threads seems too high for short alignments. Use -nt AUTO to determine best number of threads.
121  TPM2u+F+I+G4  1226.432     16  2484.864     2485.990     2552.297
WARNING: Number of threads seems too high for short alignments. Use -nt AUTO to determine best number of threads.
122  TPM2u+F+R2    1225.561     16  2483.121     2484.247     2550.555
WARNING: Number of threads seems too high for short alignments. Use -nt AUTO to determine best number of threads.
123  TPM2u+F+R3    1225.519     18  2487.038     2488.460     2562.901
WARNING: Number of threads seems too high for short alignments. Use -nt AUTO to determine best number of threads.
131  TPM3+F        1225.987     14  2479.975     2480.841     2538.979
WARNING: Number of threads seems too high for short alignments. Use -nt AUTO to determine best number of threads.
132  TPM3+F+I      1225.987     15  2481.975     2482.966     2545.194
WARNING: Number of threads seems too high for short alignments. Use -nt AUTO to determine best number of threads.
133  TPM3+F+G4     1225.988     15  2481.975     2482.967     2545.194
WARNING: Number of threads seems too high for short alignments. Use -nt AUTO to determine best number of threads.
134  TPM3+F+I+G4   1226.920     16  2485.840     2486.966     2553.274
WARNING: Number of threads seems too high for short alignments. Use -nt AUTO to determine best number of threads.
135  TPM3+F+R2     1226.066     16  2484.131     2485.258     2551.565
WARNING: Number of threads seems too high for short alignments. Use -nt AUTO to determine best number of threads.
136  TPM3+F+R3     1226.028     18  2488.056     2489.478     2563.919
WARNING: Number of threads seems too high for short alignments. Use -nt AUTO to determine best number of threads.
144  TPM3u+F       1225.988     14  2479.975     2480.841     2538.980
WARNING: Number of threads seems too high for short alignments. Use -nt AUTO to determine best number of threads.
145  TPM3u+F+I     1225.988     15  2481.975     2482.967     2545.194
WARNING: Number of threads seems too high for short alignments. Use -nt AUTO to determine best number of threads.
146  TPM3u+F+G4    1225.988     15  2481.976     2482.967     2545.195
WARNING: Number of threads seems too high for short alignments. Use -nt AUTO to determine best number of threads.
147  TPM3u+F+I+G4  1226.895     16  2485.789     2486.915     2553.223
WARNING: Number of threads seems too high for short alignments. Use -nt AUTO to determine best number of threads.
148  TPM3u+F+R2    1226.058     16  2484.117     2485.243     2551.550
WARNING: Number of threads seems too high for short alignments. Use -nt AUTO to determine best number of threads.
149  TPM3u+F+R3    1226.024     18  2488.049     2489.471     2563.912
WARNING: Number of threads seems too high for short alignments. Use -nt AUTO to determine best number of threads.
157  TIMe          1241.913     12  2507.825     2508.466     2558.400
WARNING: Number of threads seems too high for short alignments. Use -nt AUTO to determine best number of threads.
158  TIMe+I        1241.912     13  2509.825     2510.574     2564.615
WARNING: Number of threads seems too high for short alignments. Use -nt AUTO to determine best number of threads.
159  TIMe+G4       1241.913     13  2509.825     2510.574     2564.615
WARNING: Number of threads seems too high for short alignments. Use -nt AUTO to determine best number of threads.
160  TIMe+I+G4     1242.740     14  2513.479     2514.345     2572.484
WARNING: Number of threads seems too high for short alignments. Use -nt AUTO to determine best number of threads.
161  TIMe+R2       1241.967     14  2511.934     2512.800     2570.938
WARNING: Number of threads seems too high for short alignments. Use -nt AUTO to determine best number of threads.
162  TIMe+R3       1241.940     16  2515.879     2517.005     2583.313
WARNING: Number of threads seems too high for short alignments. Use -nt AUTO to determine best number of threads.
170  TIM+F         1225.756     15  2481.512     2482.504     2544.732
WARNING: Number of threads seems too high for short alignments. Use -nt AUTO to determine best number of threads.
171  TIM+F+I       1225.756     16  2483.512     2484.639     2550.946
WARNING: Number of threads seems too high for short alignments. Use -nt AUTO to determine best number of threads.
172  TIM+F+G4      1225.757     16  2483.513     2484.639     2550.947
WARNING: Number of threads seems too high for short alignments. Use -nt AUTO to determine best number of threads.
173  TIM+F+I+G4    1226.587     17  2487.175     2488.444     2558.823
WARNING: Number of threads seems too high for short alignments. Use -nt AUTO to determine best number of threads.
174  TIM+F+R2      1225.812     17  2485.625     2486.894     2557.273
WARNING: Number of threads seems too high for short alignments. Use -nt AUTO to determine best number of threads.
175  TIM+F+R3      1225.785     19  2489.570     2491.153     2569.648
WARNING: Number of threads seems too high for short alignments. Use -nt AUTO to determine best number of threads.
183  TIM2e         1240.546     12  2505.092     2505.733     2555.667
WARNING: Number of threads seems too high for short alignments. Use -nt AUTO to determine best number of threads.
184  TIM2e+I       1240.545     13  2507.090     2507.839     2561.880
WARNING: Number of threads seems too high for short alignments. Use -nt AUTO to determine best number of threads.
185  TIM2e+G4      1240.546     13  2507.092     2507.841     2561.882
WARNING: Number of threads seems too high for short alignments. Use -nt AUTO to determine best number of threads.
186  TIM2e+I+G4    1241.292     14  2510.584     2511.450     2569.588
WARNING: Number of threads seems too high for short alignments. Use -nt AUTO to determine best number of threads.
187  TIM2e+R2      1240.581     14  2509.161     2510.027     2568.166
WARNING: Number of threads seems too high for short alignments. Use -nt AUTO to determine best number of threads.
188  TIM2e+R3      1240.562     16  2513.123     2514.250     2580.557
WARNING: Number of threads seems too high for short alignments. Use -nt AUTO to determine best number of threads.
196  TIM2+F        1225.474     15  2480.947     2481.939     2544.167
WARNING: Number of threads seems too high for short alignments. Use -nt AUTO to determine best number of threads.
197  TIM2+F+I      1225.474     16  2482.947     2484.074     2550.381
WARNING: Number of threads seems too high for short alignments. Use -nt AUTO to determine best number of threads.
198  TIM2+F+G4     1225.474     16  2482.948     2484.074     2550.382
WARNING: Number of threads seems too high for short alignments. Use -nt AUTO to determine best number of threads.
199  TIM2+F+I+G4   1226.296     17  2486.593     2487.862     2558.241
WARNING: Number of threads seems too high for short alignments. Use -nt AUTO to determine best number of threads.
200  TIM2+F+R2     1225.525     17  2485.049     2486.319     2556.698
WARNING: Number of threads seems too high for short alignments. Use -nt AUTO to determine best number of threads.
201  TIM2+F+R3     1225.500     19  2489.001     2490.584     2569.078
WARNING: Number of threads seems too high for short alignments. Use -nt AUTO to determine best number of threads.
209  TIM3e         1241.889     12  2507.779     2508.419     2558.354
WARNING: Number of threads seems too high for short alignments. Use -nt AUTO to determine best number of threads.
210  TIM3e+I       1241.889     13  2509.779     2510.528     2564.568
WARNING: Number of threads seems too high for short alignments. Use -nt AUTO to determine best number of threads.
211  TIM3e+G4      1241.890     13  2509.779     2510.528     2564.569
WARNING: Number of threads seems too high for short alignments. Use -nt AUTO to determine best number of threads.
212  TIM3e+I+G4    1242.641     14  2513.281     2514.147     2572.286
WARNING: Number of threads seems too high for short alignments. Use -nt AUTO to determine best number of threads.
213  TIM3e+R2      1241.928     14  2511.856     2512.722     2570.861
WARNING: Number of threads seems too high for short alignments. Use -nt AUTO to determine best number of threads.
214  TIM3e+R3      1241.909     16  2515.818     2516.944     2583.252
WARNING: Number of threads seems too high for short alignments. Use -nt AUTO to determine best number of threads.
222  TIM3+F        1225.987     15  2481.974     2482.966     2545.193
WARNING: Number of threads seems too high for short alignments. Use -nt AUTO to determine best number of threads.
223  TIM3+F+I      1225.987     16  2483.974     2485.100     2551.408
WARNING: Number of threads seems too high for short alignments. Use -nt AUTO to determine best number of threads.
224  TIM3+F+G4     1225.987     16  2483.974     2485.101     2551.408
WARNING: Number of threads seems too high for short alignments. Use -nt AUTO to determine best number of threads.
225  TIM3+F+I+G4   1226.768     17  2487.537     2488.807     2559.185
WARNING: Number of threads seems too high for short alignments. Use -nt AUTO to determine best number of threads.
226  TIM3+F+R2     1226.032     17  2486.063     2487.333     2557.712
WARNING: Number of threads seems too high for short alignments. Use -nt AUTO to determine best number of threads.
227  TIM3+F+R3     1226.011     19  2490.021     2491.605     2570.099
WARNING: Number of threads seems too high for short alignments. Use -nt AUTO to determine best number of threads.
235  TVMe          1240.037     13  2506.074     2506.823     2560.864
WARNING: Number of threads seems too high for short alignments. Use -nt AUTO to determine best number of threads.
236  TVMe+I        1240.033     14  2508.066     2508.932     2567.070
WARNING: Number of threads seems too high for short alignments. Use -nt AUTO to determine best number of threads.
237  TVMe+G4       1240.037     14  2508.074     2508.940     2567.078
WARNING: Number of threads seems too high for short alignments. Use -nt AUTO to determine best number of threads.
238  TVMe+I+G4     1240.644     15  2511.288     2512.280     2574.507
WARNING: Number of threads seems too high for short alignments. Use -nt AUTO to determine best number of threads.
239  TVMe+R2       1240.054     15  2510.108     2511.100     2573.327
WARNING: Number of threads seems too high for short alignments. Use -nt AUTO to determine best number of threads.
240  TVMe+R3       1240.043     17  2514.086     2515.356     2585.734
WARNING: Number of threads seems too high for short alignments. Use -nt AUTO to determine best number of threads.
248  TVM+F         1225.016     16  2482.033     2483.159     2549.467
WARNING: Number of threads seems too high for short alignments. Use -nt AUTO to determine best number of threads.
249  TVM+F+I       1225.016     17  2484.032     2485.302     2555.681
WARNING: Number of threads seems too high for short alignments. Use -nt AUTO to determine best number of threads.
250  TVM+F+G4      1225.017     17  2484.033     2485.303     2555.681
WARNING: Number of threads seems too high for short alignments. Use -nt AUTO to determine best number of threads.
251  TVM+F+I+G4    1225.716     18  2487.432     2488.854     2563.295
WARNING: Number of threads seems too high for short alignments. Use -nt AUTO to determine best number of threads.
252  TVM+F+R2      1225.051     18  2486.103     2487.525     2561.966
WARNING: Number of threads seems too high for short alignments. Use -nt AUTO to determine best number of threads.
253  TVM+F+R3      1225.034     20  2490.068     2491.822     2574.360
WARNING: Number of threads seems too high for short alignments. Use -nt AUTO to determine best number of threads.
261  SYM           1240.030     14  2508.061     2508.927     2567.065
WARNING: Number of threads seems too high for short alignments. Use -nt AUTO to determine best number of threads.
262  SYM+I         1240.026     15  2510.052     2511.044     2573.271
WARNING: Number of threads seems too high for short alignments. Use -nt AUTO to determine best number of threads.
263  SYM+G4        1240.030     15  2510.060     2511.052     2573.280
WARNING: Number of threads seems too high for short alignments. Use -nt AUTO to determine best number of threads.
264  SYM+I+G4      1240.608     16  2513.216     2514.342     2580.650
WARNING: Number of threads seems too high for short alignments. Use -nt AUTO to determine best number of threads.
265  SYM+R2        1240.046     16  2512.091     2513.218     2579.525
WARNING: Number of threads seems too high for short alignments. Use -nt AUTO to determine best number of threads.
266  SYM+R3        1240.036     18  2516.071     2517.493     2591.934
WARNING: Number of threads seems too high for short alignments. Use -nt AUTO to determine best number of threads.
274  GTR+F         1225.017     17  2484.034     2485.303     2555.682
WARNING: Number of threads seems too high for short alignments. Use -nt AUTO to determine best number of threads.
275  GTR+F+I       1225.017     18  2486.034     2487.456     2561.897
WARNING: Number of threads seems too high for short alignments. Use -nt AUTO to determine best number of threads.
276  GTR+F+G4      1225.017     18  2486.034     2487.456     2561.896
WARNING: Number of threads seems too high for short alignments. Use -nt AUTO to determine best number of threads.
277  GTR+F+I+G4    1225.686     19  2489.373     2490.956     2569.450
WARNING: Number of threads seems too high for short alignments. Use -nt AUTO to determine best number of threads.
278  GTR+F+R2      1225.047     19  2488.095     2489.678     2568.172
WARNING: Number of threads seems too high for short alignments. Use -nt AUTO to determine best number of threads.
279  GTR+F+R3      1225.033     21  2492.065     2493.998     2580.572
Akaike Information Criterion:           HKY+F
Corrected Akaike Information Criterion: HKY+F
Bayesian Information Criterion:         HKY+F
Best-fit model: HKY+F chosen according to BIC

All model information printed to examples/6taxon_300genes_8cores//aln_seqs/1_seqgen108.nex.aln.model.gz
CPU time for ModelFinder: 1.430 seconds (0h:0m:1s)
Wall-clock time for ModelFinder: 44.800 seconds (0h:0m:44s)
Generating 1000 samples for ultrafast bootstrap (seed: 235721)...

NOTE: 0 MB RAM (0 GB) is required!
WARNING: Number of threads seems too high for short alignments. Use -nt AUTO to determine best number of threads.
Estimate model parameters (epsilon = 0.100)
1. Initial log-likelihood: -1252.614
2. Current log-likelihood: -1243.760
3. Current log-likelihood: -1242.047
4. Current log-likelihood: -1240.299
5. Current log-likelihood: -1238.407
6. Current log-likelihood: -1236.362
7. Current log-likelihood: -1234.170
8. Current log-likelihood: -1231.873
9. Current log-likelihood: -1226.001
Optimal log-likelihood: -1225.988
Rate parameters:  A-C: 1.00000  A-G: 4.45067  A-T: 1.00000  C-G: 1.00000  C-T: 4.45067  G-T: 1.00000
Base frequencies:  A: 0.311  C: 0.205  G: 0.188  T: 0.297
Parameters optimization took 9 rounds (1.841 sec)
Computing ML distances based on estimated model parameters... 0.001 sec
Computing BIONJ tree...
0.144 seconds
Log-likelihood of BIONJ tree: -1225.988
--------------------------------------------------------------------
|             INITIALIZING CANDIDATE TREE SET                      |
--------------------------------------------------------------------
Generating 99 parsimony trees... 1.142 second
Computing log-likelihood of 6 initial trees ... 0.661 seconds
Current best score: -1225.988

Do NNI search on 7 best initial trees
Finish initializing candidate tree set (7)
Current best tree score: -1225.988 / CPU time: 7.077
Number of iterations: 7
--------------------------------------------------------------------
|               OPTIMIZING CANDIDATE TREE SET                      |
--------------------------------------------------------------------
UPDATE BEST LOG-LIKELIHOOD: -1225.988
Iteration 10 / LogL: -1225.989 / Time: 0h:0m:12s
Iteration 20 / LogL: -1225.988 / Time: 0h:0m:28s
Iteration 30 / LogL: -1225.988 / Time: 0h:0m:46s (0h:1m:52s left)
Iteration 40 / LogL: -1225.991 / Time: 0h:1m:2s (0h:1m:36s left)
Iteration 50 / LogL: -1225.989 / Time: 0h:1m:19s (0h:1m:20s left)
Log-likelihood cutoff on original alignment: -1248.381
Iteration 60 / LogL: -1225.988 / Time: 0h:1m:33s (0h:1m:3s left)
Iteration 70 / LogL: -1225.989 / Time: 0h:1m:46s (0h:0m:46s left)
Iteration 80 / LogL: -1225.989 / Time: 0h:1m:58s (0h:0m:29s left)
Iteration 90 / LogL: -1225.989 / Time: 0h:2m:9s (0h:0m:14s left)
Iteration 100 / LogL: -1225.988 / Time: 0h:2m:19s (0h:0m:0s left)
Log-likelihood cutoff on original alignment: -1248.317
NOTE: Bootstrap correlation coefficient of split occurrence frequencies: 1.000
TREE SEARCH COMPLETED AFTER 101 ITERATIONS / Time: 0h:2m:21s

--------------------------------------------------------------------
|                    FINALIZING TREE SEARCH                        |
--------------------------------------------------------------------
Performs final model parameters optimization
Estimate model parameters (epsilon = 0.010)
1. Initial log-likelihood: -1225.988
Optimal log-likelihood: -1225.988
Rate parameters:  A-C: 1.00000  A-G: 4.45324  A-T: 1.00000  C-G: 1.00000  C-T: 4.45324  G-T: 1.00000
Base frequencies:  A: 0.311  C: 0.205  G: 0.188  T: 0.297
Parameters optimization took 1 rounds (0.155 sec)
BEST SCORE FOUND : -1225.988
Creating bootstrap support values...
Split supports printed to NEXUS file examples/6taxon_300genes_8cores//aln_seqs/1_seqgen108.nex.aln.splits.nex
Total tree length: 0.216

Total number of iterations: 101
CPU time used for tree search: 3.579 sec (0h:0m:3s)
Wall-clock time used for tree search: 139.006 sec (0h:2m:19s)
Total CPU time used: 3.686 sec (0h:0m:3s)
Total wall-clock time used: 143.267 sec (0h:2m:23s)

Computing bootstrap consensus tree...
Reading input file examples/6taxon_300genes_8cores//aln_seqs/1_seqgen108.nex.aln.splits.nex...
6 taxa and 14 splits.
Consensus tree written to examples/6taxon_300genes_8cores//aln_seqs/1_seqgen108.nex.aln.contree
Reading input trees file examples/6taxon_300genes_8cores//aln_seqs/1_seqgen108.nex.aln.contree
Log-likelihood of consensus tree: -1225.988

Analysis results written to: 
  IQ-TREE report:                examples/6taxon_300genes_8cores//aln_seqs/1_seqgen108.nex.aln.iqtree
  Maximum-likelihood tree:       examples/6taxon_300genes_8cores//aln_seqs/1_seqgen108.nex.aln.treefile
  Likelihood distances:          examples/6taxon_300genes_8cores//aln_seqs/1_seqgen108.nex.aln.mldist

Ultrafast bootstrap approximation results written to:
  Split support values:          examples/6taxon_300genes_8cores//aln_seqs/1_seqgen108.nex.aln.splits.nex
  Consensus tree:                examples/6taxon_300genes_8cores//aln_seqs/1_seqgen108.nex.aln.contree
  Screen log file:               examples/6taxon_300genes_8cores//aln_seqs/1_seqgen108.nex.aln.log

Date and Time: Fri Jan 11 12:19:31 2019
