IQ-TREE multicore version 1.6.8 for Linux 64-bit built Oct 28 2018
Developed by Bui Quang Minh, Nguyen Lam Tung, Olga Chernomor,
Heiko Schmidt, Dominik Schrempf, Michael Woodhams.

Host:    sango10618.oist.jp (AVX2, FMA3, 125 GB RAM)
Command: iqtree -s examples/6taxon_300genes_8cores//aln_seqs/1_seqgen251.nex.aln -bb 1000 -redo -nt 3 -m MFP
Seed:    221197 (Using SPRNG - Scalable Parallel Random Number Generator)
Time:    Fri Jan 11 12:16:44 2019
Kernel:  AVX+FMA - 3 threads (24 CPU cores detected)

Reading alignment file examples/6taxon_300genes_8cores//aln_seqs/1_seqgen251.nex.aln ... Fasta format detected
Alignment most likely contains DNA/RNA sequences
Alignment has 6 sequences with 500 columns, 57 distinct patterns
35 parsimony-informative, 62 singleton sites, 403 constant sites
   Gap/Ambiguity  Composition  p-value
   1  F    0.00%    passed     92.14%
   2  E    0.00%    passed     99.10%
   3  A    0.00%    passed     99.94%
   4  B    0.00%    passed     99.76%
   5  C    0.00%    passed     95.01%
   6  D    0.00%    passed     99.92%
****  TOTAL    0.00%  0 sequences failed composition chi2 test (p-value<5%; df=3)


Create initial parsimony tree by phylogenetic likelihood library (PLL)... 0.000 seconds
NOTE: ModelFinder requires 0 MB RAM!
ModelFinder will test 286 DNA models (sample size: 500) ...
 No. Model         -LnL         df  AIC          AICc         BIC
WARNING: Number of threads seems too high for short alignments. Use -nt AUTO to determine best number of threads.
  1  JC            1254.460     9   2526.919     2527.287     2564.851
WARNING: Number of threads seems too high for short alignments. Use -nt AUTO to determine best number of threads.
  2  JC+I          1254.460     10  2528.919     2529.369     2571.065
WARNING: Number of threads seems too high for short alignments. Use -nt AUTO to determine best number of threads.
  3  JC+G4         1254.461     10  2528.922     2529.372     2571.068
WARNING: Number of threads seems too high for short alignments. Use -nt AUTO to determine best number of threads.
  4  JC+I+G4       1256.581     11  2535.163     2535.704     2581.523
WARNING: Number of threads seems too high for short alignments. Use -nt AUTO to determine best number of threads.
  5  JC+R2         1254.808     11  2531.616     2532.157     2577.977
WARNING: Number of threads seems too high for short alignments. Use -nt AUTO to determine best number of threads.
  6  JC+R3         1254.765     13  2535.530     2536.279     2590.320
WARNING: Number of threads seems too high for short alignments. Use -nt AUTO to determine best number of threads.
 14  F81+F         1237.913     12  2499.826     2500.467     2550.401
WARNING: Number of threads seems too high for short alignments. Use -nt AUTO to determine best number of threads.
 15  F81+F+I       1237.913     13  2501.826     2502.575     2556.616
WARNING: Number of threads seems too high for short alignments. Use -nt AUTO to determine best number of threads.
 16  F81+F+G4      1237.914     13  2501.828     2502.577     2556.618
WARNING: Number of threads seems too high for short alignments. Use -nt AUTO to determine best number of threads.
 17  F81+F+I+G4    1239.870     14  2507.740     2508.606     2566.744
WARNING: Number of threads seems too high for short alignments. Use -nt AUTO to determine best number of threads.
 18  F81+F+R2      1238.196     14  2504.393     2505.259     2563.397
WARNING: Number of threads seems too high for short alignments. Use -nt AUTO to determine best number of threads.
 19  F81+F+R3      1238.146     16  2508.293     2509.419     2575.727
WARNING: Number of threads seems too high for short alignments. Use -nt AUTO to determine best number of threads.
 27  K2P           1228.016     10  2476.032     2476.482     2518.178
WARNING: Number of threads seems too high for short alignments. Use -nt AUTO to determine best number of threads.
 28  K2P+I         1228.016     11  2478.032     2478.573     2524.393
WARNING: Number of threads seems too high for short alignments. Use -nt AUTO to determine best number of threads.
 29  K2P+G4        1228.017     11  2478.034     2478.575     2524.394
WARNING: Number of threads seems too high for short alignments. Use -nt AUTO to determine best number of threads.
 30  K2P+I+G4      1229.412     12  2482.825     2483.466     2533.400
WARNING: Number of threads seems too high for short alignments. Use -nt AUTO to determine best number of threads.
 31  K2P+R2        1228.160     12  2480.319     2480.960     2530.895
WARNING: Number of threads seems too high for short alignments. Use -nt AUTO to determine best number of threads.
 32  K2P+R3        1228.143     14  2484.286     2485.152     2543.291
WARNING: Number of threads seems too high for short alignments. Use -nt AUTO to determine best number of threads.
 40  HKY+F         1210.564     13  2447.127     2447.876     2501.917
WARNING: Number of threads seems too high for short alignments. Use -nt AUTO to determine best number of threads.
 41  HKY+F+I       1210.564     14  2449.127     2449.993     2508.132
WARNING: Number of threads seems too high for short alignments. Use -nt AUTO to determine best number of threads.
 42  HKY+F+G4      1210.564     14  2449.129     2449.995     2508.133
WARNING: Number of threads seems too high for short alignments. Use -nt AUTO to determine best number of threads.
 43  HKY+F+I+G4    1211.926     15  2453.852     2454.844     2517.071
WARNING: Number of threads seems too high for short alignments. Use -nt AUTO to determine best number of threads.
 44  HKY+F+R2      1210.693     15  2451.386     2452.378     2514.605
WARNING: Number of threads seems too high for short alignments. Use -nt AUTO to determine best number of threads.
 45  HKY+F+R3      1210.674     17  2455.347     2456.617     2526.996
WARNING: Number of threads seems too high for short alignments. Use -nt AUTO to determine best number of threads.
 53  TNe           1227.641     11  2477.282     2477.823     2523.643
WARNING: Number of threads seems too high for short alignments. Use -nt AUTO to determine best number of threads.
 54  TNe+I         1227.641     12  2479.282     2479.923     2529.858
WARNING: Number of threads seems too high for short alignments. Use -nt AUTO to determine best number of threads.
 55  TNe+G4        1227.642     12  2479.284     2479.924     2529.859
WARNING: Number of threads seems too high for short alignments. Use -nt AUTO to determine best number of threads.
 56  TNe+I+G4      1228.861     13  2483.723     2484.472     2538.513
WARNING: Number of threads seems too high for short alignments. Use -nt AUTO to determine best number of threads.
 57  TNe+R2        1227.749     13  2481.498     2482.247     2536.288
WARNING: Number of threads seems too high for short alignments. Use -nt AUTO to determine best number of threads.
 58  TNe+R3        1227.729     15  2485.459     2486.450     2548.678
WARNING: Number of threads seems too high for short alignments. Use -nt AUTO to determine best number of threads.
 66  TN+F          1210.556     14  2449.112     2449.978     2508.116
WARNING: Number of threads seems too high for short alignments. Use -nt AUTO to determine best number of threads.
 67  TN+F+I        1210.556     15  2451.112     2452.103     2514.331
WARNING: Number of threads seems too high for short alignments. Use -nt AUTO to determine best number of threads.
 68  TN+F+G4       1210.557     15  2451.113     2452.105     2514.332
WARNING: Number of threads seems too high for short alignments. Use -nt AUTO to determine best number of threads.
 69  TN+F+I+G4     1211.773     16  2455.547     2456.673     2522.981
WARNING: Number of threads seems too high for short alignments. Use -nt AUTO to determine best number of threads.
 70  TN+F+R2       1210.659     16  2453.319     2454.445     2520.753
WARNING: Number of threads seems too high for short alignments. Use -nt AUTO to determine best number of threads.
 71  TN+F+R3       1210.638     18  2457.276     2458.698     2533.139
WARNING: Number of threads seems too high for short alignments. Use -nt AUTO to determine best number of threads.
 79  K3P           1227.656     11  2477.313     2477.854     2523.674
WARNING: Number of threads seems too high for short alignments. Use -nt AUTO to determine best number of threads.
 80  K3P+I         1227.656     12  2479.313     2479.953     2529.888
WARNING: Number of threads seems too high for short alignments. Use -nt AUTO to determine best number of threads.
 81  K3P+G4        1227.657     12  2479.314     2479.955     2529.889
WARNING: Number of threads seems too high for short alignments. Use -nt AUTO to determine best number of threads.
 82  K3P+I+G4      1228.785     13  2483.570     2484.319     2538.360
WARNING: Number of threads seems too high for short alignments. Use -nt AUTO to determine best number of threads.
 83  K3P+R2        1227.738     13  2481.477     2482.226     2536.267
WARNING: Number of threads seems too high for short alignments. Use -nt AUTO to determine best number of threads.
 84  K3P+R3        1227.727     15  2485.454     2486.446     2548.673
WARNING: Number of threads seems too high for short alignments. Use -nt AUTO to determine best number of threads.
 92  K3Pu+F        1210.401     14  2448.801     2449.667     2507.806
WARNING: Number of threads seems too high for short alignments. Use -nt AUTO to determine best number of threads.
 93  K3Pu+F+I      1210.401     15  2450.801     2451.793     2514.020
WARNING: Number of threads seems too high for short alignments. Use -nt AUTO to determine best number of threads.
 94  K3Pu+F+G4     1210.401     15  2450.803     2451.794     2514.022
WARNING: Number of threads seems too high for short alignments. Use -nt AUTO to determine best number of threads.
 95  K3Pu+F+I+G4   1211.504     16  2455.009     2456.135     2522.443
WARNING: Number of threads seems too high for short alignments. Use -nt AUTO to determine best number of threads.
 96  K3Pu+F+R2     1210.477     16  2452.953     2454.080     2520.387
WARNING: Number of threads seems too high for short alignments. Use -nt AUTO to determine best number of threads.
 97  K3Pu+F+R3     1210.464     18  2456.928     2458.350     2532.791
WARNING: Number of threads seems too high for short alignments. Use -nt AUTO to determine best number of threads.
105  TPM2+F        1210.558     14  2449.117     2449.983     2508.121
WARNING: Number of threads seems too high for short alignments. Use -nt AUTO to determine best number of threads.
106  TPM2+F+I      1210.558     15  2451.117     2452.108     2514.336
WARNING: Number of threads seems too high for short alignments. Use -nt AUTO to determine best number of threads.
107  TPM2+F+G4     1210.559     15  2451.118     2452.110     2514.337
WARNING: Number of threads seems too high for short alignments. Use -nt AUTO to determine best number of threads.
108  TPM2+F+I+G4   1211.600     16  2455.199     2456.326     2522.633
WARNING: Number of threads seems too high for short alignments. Use -nt AUTO to determine best number of threads.
109  TPM2+F+R2     1210.627     16  2453.253     2454.380     2520.687
WARNING: Number of threads seems too high for short alignments. Use -nt AUTO to determine best number of threads.
110  TPM2+F+R3     1210.612     18  2457.223     2458.645     2533.086
WARNING: Number of threads seems too high for short alignments. Use -nt AUTO to determine best number of threads.
118  TPM2u+F       1210.559     14  2449.118     2449.984     2508.122
WARNING: Number of threads seems too high for short alignments. Use -nt AUTO to determine best number of threads.
119  TPM2u+F+I     1210.558     15  2451.116     2452.108     2514.335
WARNING: Number of threads seems too high for short alignments. Use -nt AUTO to determine best number of threads.
120  TPM2u+F+G4    1210.559     15  2451.118     2452.110     2514.337
WARNING: Number of threads seems too high for short alignments. Use -nt AUTO to determine best number of threads.
121  TPM2u+F+I+G4  1211.551     16  2455.101     2456.228     2522.535
WARNING: Number of threads seems too high for short alignments. Use -nt AUTO to determine best number of threads.
122  TPM2u+F+R2    1210.620     16  2453.241     2454.367     2520.674
WARNING: Number of threads seems too high for short alignments. Use -nt AUTO to determine best number of threads.
123  TPM2u+F+R3    1210.605     18  2457.210     2458.632     2533.073
WARNING: Number of threads seems too high for short alignments. Use -nt AUTO to determine best number of threads.
131  TPM3+F        1210.552     14  2449.103     2449.969     2508.108
WARNING: Number of threads seems too high for short alignments. Use -nt AUTO to determine best number of threads.
132  TPM3+F+I      1210.552     15  2451.103     2452.095     2514.322
WARNING: Number of threads seems too high for short alignments. Use -nt AUTO to determine best number of threads.
133  TPM3+F+G4     1210.552     15  2451.105     2452.096     2514.324
WARNING: Number of threads seems too high for short alignments. Use -nt AUTO to determine best number of threads.
134  TPM3+F+I+G4   1211.501     16  2455.001     2456.127     2522.435
WARNING: Number of threads seems too high for short alignments. Use -nt AUTO to determine best number of threads.
135  TPM3+F+R2     1210.606     16  2453.212     2454.338     2520.645
WARNING: Number of threads seems too high for short alignments. Use -nt AUTO to determine best number of threads.
136  TPM3+F+R3     1210.593     18  2457.185     2458.607     2533.048
WARNING: Number of threads seems too high for short alignments. Use -nt AUTO to determine best number of threads.
144  TPM3u+F       1210.552     14  2449.103     2449.969     2508.108
WARNING: Number of threads seems too high for short alignments. Use -nt AUTO to determine best number of threads.
145  TPM3u+F+I     1210.552     15  2451.103     2452.095     2514.322
WARNING: Number of threads seems too high for short alignments. Use -nt AUTO to determine best number of threads.
146  TPM3u+F+G4    1210.552     15  2451.105     2452.096     2514.324
WARNING: Number of threads seems too high for short alignments. Use -nt AUTO to determine best number of threads.
147  TPM3u+F+I+G4  1211.459     16  2454.919     2456.045     2522.353
WARNING: Number of threads seems too high for short alignments. Use -nt AUTO to determine best number of threads.
148  TPM3u+F+R2    1210.601     16  2453.202     2454.328     2520.635
WARNING: Number of threads seems too high for short alignments. Use -nt AUTO to determine best number of threads.
149  TPM3u+F+R3    1210.588     18  2457.175     2458.597     2533.038
WARNING: Number of threads seems too high for short alignments. Use -nt AUTO to determine best number of threads.
157  TIMe          1227.281     12  2478.562     2479.203     2529.137
WARNING: Number of threads seems too high for short alignments. Use -nt AUTO to determine best number of threads.
158  TIMe+I        1227.281     13  2480.562     2481.311     2535.352
WARNING: Number of threads seems too high for short alignments. Use -nt AUTO to determine best number of threads.
159  TIMe+G4       1227.282     13  2480.563     2481.312     2535.353
WARNING: Number of threads seems too high for short alignments. Use -nt AUTO to determine best number of threads.
160  TIMe+I+G4     1228.117     14  2484.233     2485.099     2543.238
WARNING: Number of threads seems too high for short alignments. Use -nt AUTO to determine best number of threads.
161  TIMe+R2       1227.324     14  2482.649     2483.514     2541.653
WARNING: Number of threads seems too high for short alignments. Use -nt AUTO to determine best number of threads.
162  TIMe+R3       1227.312     16  2486.623     2487.750     2554.057
WARNING: Number of threads seems too high for short alignments. Use -nt AUTO to determine best number of threads.
170  TIM+F         1210.393     15  2450.785     2451.777     2514.004
WARNING: Number of threads seems too high for short alignments. Use -nt AUTO to determine best number of threads.
171  TIM+F+I       1210.393     16  2452.785     2453.912     2520.219
WARNING: Number of threads seems too high for short alignments. Use -nt AUTO to determine best number of threads.
172  TIM+F+G4      1210.393     16  2452.787     2453.913     2520.221
WARNING: Number of threads seems too high for short alignments. Use -nt AUTO to determine best number of threads.
173  TIM+F+I+G4    1211.240     17  2456.480     2457.750     2528.129
WARNING: Number of threads seems too high for short alignments. Use -nt AUTO to determine best number of threads.
174  TIM+F+R2      1210.435     17  2454.871     2456.140     2526.519
WARNING: Number of threads seems too high for short alignments. Use -nt AUTO to determine best number of threads.
175  TIM+F+R3      1210.422     19  2458.844     2460.427     2538.922
WARNING: Number of threads seems too high for short alignments. Use -nt AUTO to determine best number of threads.
183  TIM2e         1227.473     12  2478.946     2479.586     2529.521
WARNING: Number of threads seems too high for short alignments. Use -nt AUTO to determine best number of threads.
184  TIM2e+I       1227.472     13  2480.945     2481.694     2535.735
WARNING: Number of threads seems too high for short alignments. Use -nt AUTO to determine best number of threads.
185  TIM2e+G4      1227.473     13  2480.946     2481.695     2535.736
WARNING: Number of threads seems too high for short alignments. Use -nt AUTO to determine best number of threads.
186  TIM2e+I+G4    1228.210     14  2484.421     2485.287     2543.425
WARNING: Number of threads seems too high for short alignments. Use -nt AUTO to determine best number of threads.
187  TIM2e+R2      1227.502     14  2483.004     2483.870     2542.009
WARNING: Number of threads seems too high for short alignments. Use -nt AUTO to determine best number of threads.
188  TIM2e+R3      1227.494     16  2486.988     2488.114     2554.421
WARNING: Number of threads seems too high for short alignments. Use -nt AUTO to determine best number of threads.
196  TIM2+F        1210.550     15  2451.101     2452.093     2514.320
WARNING: Number of threads seems too high for short alignments. Use -nt AUTO to determine best number of threads.
197  TIM2+F+I      1210.550     16  2453.101     2454.227     2520.534
WARNING: Number of threads seems too high for short alignments. Use -nt AUTO to determine best number of threads.
198  TIM2+F+G4     1210.551     16  2453.102     2454.229     2520.536
WARNING: Number of threads seems too high for short alignments. Use -nt AUTO to determine best number of threads.
199  TIM2+F+I+G4   1211.346     17  2456.692     2457.962     2528.341
WARNING: Number of threads seems too high for short alignments. Use -nt AUTO to determine best number of threads.
200  TIM2+F+R2     1210.582     17  2455.164     2456.433     2526.812
WARNING: Number of threads seems too high for short alignments. Use -nt AUTO to determine best number of threads.
201  TIM2+F+R3     1210.573     19  2459.145     2460.728     2539.223
WARNING: Number of threads seems too high for short alignments. Use -nt AUTO to determine best number of threads.
209  TIM3e         1227.453     12  2478.905     2479.546     2529.481
WARNING: Number of threads seems too high for short alignments. Use -nt AUTO to determine best number of threads.
210  TIM3e+I       1227.453     13  2480.905     2481.654     2535.695
WARNING: Number of threads seems too high for short alignments. Use -nt AUTO to determine best number of threads.
211  TIM3e+G4      1227.453     13  2480.907     2481.656     2535.697
WARNING: Number of threads seems too high for short alignments. Use -nt AUTO to determine best number of threads.
212  TIM3e+I+G4    1228.170     14  2484.341     2485.207     2543.345
WARNING: Number of threads seems too high for short alignments. Use -nt AUTO to determine best number of threads.
213  TIM3e+R2      1227.478     14  2482.955     2483.821     2541.960
WARNING: Number of threads seems too high for short alignments. Use -nt AUTO to determine best number of threads.
214  TIM3e+R3      1227.470     16  2486.939     2488.066     2554.373
WARNING: Number of threads seems too high for short alignments. Use -nt AUTO to determine best number of threads.
222  TIM3+F        1210.544     15  2451.088     2452.080     2514.307
WARNING: Number of threads seems too high for short alignments. Use -nt AUTO to determine best number of threads.
223  TIM3+F+I      1210.544     16  2453.088     2454.214     2520.522
WARNING: Number of threads seems too high for short alignments. Use -nt AUTO to determine best number of threads.
224  TIM3+F+G4     1210.545     16  2453.089     2454.216     2520.523
WARNING: Number of threads seems too high for short alignments. Use -nt AUTO to determine best number of threads.
225  TIM3+F+I+G4   1211.308     17  2456.615     2457.885     2528.264
WARNING: Number of threads seems too high for short alignments. Use -nt AUTO to determine best number of threads.
226  TIM3+F+R2     1210.572     17  2455.143     2456.413     2526.792
WARNING: Number of threads seems too high for short alignments. Use -nt AUTO to determine best number of threads.
227  TIM3+F+R3     1210.562     19  2459.125     2460.708     2539.202
WARNING: Number of threads seems too high for short alignments. Use -nt AUTO to determine best number of threads.
235  TVMe          1227.424     13  2480.848     2481.597     2535.638
WARNING: Number of threads seems too high for short alignments. Use -nt AUTO to determine best number of threads.
236  TVMe+I        1227.424     14  2482.848     2483.714     2541.853
WARNING: Number of threads seems too high for short alignments. Use -nt AUTO to determine best number of threads.
237  TVMe+G4       1227.425     14  2482.849     2483.715     2541.854
WARNING: Number of threads seems too high for short alignments. Use -nt AUTO to determine best number of threads.
238  TVMe+I+G4     1228.127     15  2486.254     2487.246     2549.474
WARNING: Number of threads seems too high for short alignments. Use -nt AUTO to determine best number of threads.
239  TVMe+R2       1227.446     15  2484.893     2485.885     2548.112
WARNING: Number of threads seems too high for short alignments. Use -nt AUTO to determine best number of threads.
240  TVMe+R3       1227.438     17  2488.877     2490.146     2560.525
WARNING: Number of threads seems too high for short alignments. Use -nt AUTO to determine best number of threads.
248  TVM+F         1210.364     16  2452.727     2453.854     2520.161
WARNING: Number of threads seems too high for short alignments. Use -nt AUTO to determine best number of threads.
249  TVM+F+I       1210.364     17  2454.727     2455.997     2526.375
WARNING: Number of threads seems too high for short alignments. Use -nt AUTO to determine best number of threads.
250  TVM+F+G4      1210.364     17  2454.729     2455.998     2526.377
WARNING: Number of threads seems too high for short alignments. Use -nt AUTO to determine best number of threads.
251  TVM+F+I+G4    1211.107     18  2458.213     2459.635     2534.076
WARNING: Number of threads seems too high for short alignments. Use -nt AUTO to determine best number of threads.
252  TVM+F+R2      1210.387     18  2456.774     2458.196     2532.637
WARNING: Number of threads seems too high for short alignments. Use -nt AUTO to determine best number of threads.
253  TVM+F+R3      1210.378     20  2460.755     2462.509     2545.047
WARNING: Number of threads seems too high for short alignments. Use -nt AUTO to determine best number of threads.
261  SYM           1227.054     14  2482.107     2482.973     2541.112
WARNING: Number of threads seems too high for short alignments. Use -nt AUTO to determine best number of threads.
262  SYM+I         1227.053     15  2484.106     2485.098     2547.326
WARNING: Number of threads seems too high for short alignments. Use -nt AUTO to determine best number of threads.
263  SYM+G4        1227.054     15  2484.107     2485.099     2547.327
WARNING: Number of threads seems too high for short alignments. Use -nt AUTO to determine best number of threads.
264  SYM+I+G4      1227.708     16  2487.416     2488.542     2554.849
WARNING: Number of threads seems too high for short alignments. Use -nt AUTO to determine best number of threads.
265  SYM+R2        1227.071     16  2486.141     2487.267     2553.575
WARNING: Number of threads seems too high for short alignments. Use -nt AUTO to determine best number of threads.
266  SYM+R3        1227.063     18  2490.127     2491.549     2565.990
WARNING: Number of threads seems too high for short alignments. Use -nt AUTO to determine best number of threads.
274  GTR+F         1210.355     17  2454.711     2455.980     2526.359
WARNING: Number of threads seems too high for short alignments. Use -nt AUTO to determine best number of threads.
275  GTR+F+I       1210.355     18  2456.711     2458.133     2532.574
WARNING: Number of threads seems too high for short alignments. Use -nt AUTO to determine best number of threads.
276  GTR+F+G4      1210.356     18  2456.712     2458.134     2532.575
WARNING: Number of threads seems too high for short alignments. Use -nt AUTO to determine best number of threads.
277  GTR+F+I+G4    1211.076     19  2460.152     2461.736     2540.230
WARNING: Number of threads seems too high for short alignments. Use -nt AUTO to determine best number of threads.
278  GTR+F+R2      1210.375     19  2458.751     2460.334     2538.828
WARNING: Number of threads seems too high for short alignments. Use -nt AUTO to determine best number of threads.
279  GTR+F+R3      1210.367     21  2462.734     2464.667     2551.241
Akaike Information Criterion:           HKY+F
Corrected Akaike Information Criterion: HKY+F
Bayesian Information Criterion:         HKY+F
Best-fit model: HKY+F chosen according to BIC

All model information printed to examples/6taxon_300genes_8cores//aln_seqs/1_seqgen251.nex.aln.model.gz
CPU time for ModelFinder: 1.722 seconds (0h:0m:1s)
Wall-clock time for ModelFinder: 66.908 seconds (0h:1m:6s)
Generating 1000 samples for ultrafast bootstrap (seed: 221197)...

NOTE: 0 MB RAM (0 GB) is required!
WARNING: Number of threads seems too high for short alignments. Use -nt AUTO to determine best number of threads.
Estimate model parameters (epsilon = 0.100)
1. Initial log-likelihood: -1238.099
2. Current log-likelihood: -1227.815
3. Current log-likelihood: -1226.038
4. Current log-likelihood: -1224.454
5. Current log-likelihood: -1222.749
6. Current log-likelihood: -1220.916
7. Current log-likelihood: -1218.958
8. Current log-likelihood: -1216.900
9. Current log-likelihood: -1210.603
Optimal log-likelihood: -1210.564
Rate parameters:  A-C: 1.00000  A-G: 4.58230  A-T: 1.00000  C-G: 1.00000  C-T: 4.58230  G-T: 1.00000
Base frequencies:  A: 0.331  C: 0.169  G: 0.224  T: 0.276
Parameters optimization took 9 rounds (2.853 sec)
Computing ML distances based on estimated model parameters... 0.001 sec
Computing BIONJ tree...
0.172 seconds
Log-likelihood of BIONJ tree: -1210.347
--------------------------------------------------------------------
|             INITIALIZING CANDIDATE TREE SET                      |
--------------------------------------------------------------------
Generating 98 parsimony trees... 1.111 second
Computing log-likelihood of 9 initial trees ... 1.347 seconds
Current best score: -1210.347

Do NNI search on 11 best initial trees
Iteration 10 / LogL: -1210.347 / Time: 0h:0m:14s
Finish initializing candidate tree set (11)
Current best tree score: -1210.347 / CPU time: 12.629
Number of iterations: 11
--------------------------------------------------------------------
|               OPTIMIZING CANDIDATE TREE SET                      |
--------------------------------------------------------------------
Iteration 20 / LogL: -1210.402 / Time: 0h:0m:26s
Iteration 30 / LogL: -1210.356 / Time: 0h:0m:41s (0h:1m:39s left)
Iteration 40 / LogL: -1210.347 / Time: 0h:1m:0s (0h:1m:31s left)
UPDATE BEST LOG-LIKELIHOOD: -1210.347
Iteration 50 / LogL: -1210.347 / Time: 0h:1m:16s (0h:1m:18s left)
Log-likelihood cutoff on original alignment: -1211.405
Iteration 60 / LogL: -1210.402 / Time: 0h:1m:28s (0h:0m:59s left)
Iteration 70 / LogL: -1210.359 / Time: 0h:1m:38s (0h:0m:42s left)
Iteration 80 / LogL: -1210.347 / Time: 0h:1m:46s (0h:0m:26s left)
Iteration 90 / LogL: -1210.402 / Time: 0h:1m:52s (0h:0m:12s left)
Iteration 100 / LogL: -1210.347 / Time: 0h:1m:57s (0h:0m:0s left)
Log-likelihood cutoff on original alignment: -1211.405
NOTE: Bootstrap correlation coefficient of split occurrence frequencies: 0.999
TREE SEARCH COMPLETED AFTER 101 ITERATIONS / Time: 0h:1m:57s

--------------------------------------------------------------------
|                    FINALIZING TREE SEARCH                        |
--------------------------------------------------------------------
Performs final model parameters optimization
Estimate model parameters (epsilon = 0.010)
1. Initial log-likelihood: -1210.347
Optimal log-likelihood: -1210.346
Rate parameters:  A-C: 1.00000  A-G: 4.54697  A-T: 1.00000  C-G: 1.00000  C-T: 4.54697  G-T: 1.00000
Base frequencies:  A: 0.331  C: 0.169  G: 0.224  T: 0.276
Parameters optimization took 1 rounds (0.041 sec)
BEST SCORE FOUND : -1210.346
Creating bootstrap support values...
Split supports printed to NEXUS file examples/6taxon_300genes_8cores//aln_seqs/1_seqgen251.nex.aln.splits.nex
Total tree length: 0.216

Total number of iterations: 101
CPU time used for tree search: 3.481 sec (0h:0m:3s)
Wall-clock time used for tree search: 113.735 sec (0h:1m:53s)
Total CPU time used: 3.612 sec (0h:0m:3s)
Total wall-clock time used: 118.466 sec (0h:1m:58s)

Computing bootstrap consensus tree...
Reading input file examples/6taxon_300genes_8cores//aln_seqs/1_seqgen251.nex.aln.splits.nex...
6 taxa and 11 splits.
Consensus tree written to examples/6taxon_300genes_8cores//aln_seqs/1_seqgen251.nex.aln.contree
Reading input trees file examples/6taxon_300genes_8cores//aln_seqs/1_seqgen251.nex.aln.contree
Log-likelihood of consensus tree: -1210.346

Analysis results written to: 
  IQ-TREE report:                examples/6taxon_300genes_8cores//aln_seqs/1_seqgen251.nex.aln.iqtree
  Maximum-likelihood tree:       examples/6taxon_300genes_8cores//aln_seqs/1_seqgen251.nex.aln.treefile
  Likelihood distances:          examples/6taxon_300genes_8cores//aln_seqs/1_seqgen251.nex.aln.mldist

Ultrafast bootstrap approximation results written to:
  Split support values:          examples/6taxon_300genes_8cores//aln_seqs/1_seqgen251.nex.aln.splits.nex
  Consensus tree:                examples/6taxon_300genes_8cores//aln_seqs/1_seqgen251.nex.aln.contree
  Screen log file:               examples/6taxon_300genes_8cores//aln_seqs/1_seqgen251.nex.aln.log

Date and Time: Fri Jan 11 12:19:50 2019
