IQ-TREE multicore version 1.6.8 for Linux 64-bit built Oct 28 2018
Developed by Bui Quang Minh, Nguyen Lam Tung, Olga Chernomor,
Heiko Schmidt, Dominik Schrempf, Michael Woodhams.

Host:    sango10411.oist.jp (AVX2, FMA3, 125 GB RAM)
Command: iqtree -s Yeast_2408_clade1//aln_seqs/OG1776.nt.aln -bb 1000 -redo -nt 3 -spp Yeast_2408_clade1//aln_seqs/OG1776.nt.aln.nex -m MFPMERGE
Seed:    788227 (Using SPRNG - Scalable Parallel Random Number Generator)
Time:    Thu Mar  7 05:26:10 2019
Kernel:  AVX+FMA - 3 threads (24 CPU cores detected)

Reading partition model file Yeast_2408_clade1//aln_seqs/OG1776.nt.aln.nex ...
Reading alignment file Yeast_2408_clade1//aln_seqs/OG1776.nt.aln ... Fasta format detected
Alignment most likely contains DNA/RNA sequences
Alignment has 15 sequences with 1305 columns, 428 distinct patterns
382 parsimony-informative, 81 singleton sites, 842 constant sites
                                    Gap/Ambiguity  Composition  p-value
   1  Candida_glabrata                      0.00%    passed     23.99%
   2  Nakaseomyces_bacillisporus            0.00%    passed     33.96%
   3  Nakaseomyces_bracarensis              0.00%    passed     26.29%
   4  Nakaseomyces_castellii                0.00%    passed     16.59%
   5  Nakaseomyces_delphensis               0.00%    passed     19.71%
   6  Nakaseomyces_nivariensis              0.00%    passed     30.21%
   7  Saccharomyces_arboricola              0.00%    passed     95.67%
   8  Saccharomyces_cerevisiae              0.00%    passed     99.00%
   9  Saccharomyces_eubayanus               0.00%    passed     73.94%
  10  Saccharomyces_kudriavzevii            0.00%    passed     98.83%
  11  Saccharomyces_mikatae                 0.00%    passed     93.51%
  12  Saccharomyces_paradoxus               0.00%    passed     93.72%
  13  Saccharomyces_uvarum                  0.00%    passed     79.22%
  14  Tetrapisispora_blattae                0.00%    failed      1.38%
  15  yHMPu5000035629_Yueomyces_sinensis    0.00%    failed      1.70%
****  TOTAL                                 0.00%  2 sequences failed composition chi2 test (p-value<5%; df=3)
NOTE: No CharPartition defined, use all CharSets

Loading 3 partitions...
Subset	Type	Seqs	Sites	Infor	Invar	Model	Name
1		15	435	48	368	MFPMERGE	p1
2		15	435	12	412	MFPMERGE	p2
3		15	435	322	62	MFPMERGE	p3
Degree of missing data: 0.000
Info: multi-threading strategy over partitions



Create initial parsimony tree by phylogenetic likelihood library (PLL)... 0.001 seconds
NOTE: ModelFinder requires 4 MB RAM!
Testing GTR+F+G on supermatrix...
GTR+F+G4 / LnL: -7288.640 / df: 36 / AIC: 14649.279 / AICc: 14651.380 / BIC: 14835.542
Selecting individual models for 3 charsets using BIC...
 No. Model        Score       Charset
   1 F81+F+I      1655.394    p2
   2 TIM3+F+I+G4  2571.182    p1
   3 K3Pu+F+I+G4  9417.967    p3
Full partition model BIC score: 13855.236 (LnL: -6755.443  df:48)
Merging models to increase model fit (about 7 total partition schemes)...
   4 TIM3+F+I+G4  13917.778   p1+p2
   5 GTR+F+I+G4   14456.989   p1+p3
   6 TVM+F+I+G4   14563.276   p2+p3
BEST-FIT PARTITION MODEL: 
  charpartition BIC = TIM3+F+I+G4: p1, F81+F+I: p2, K3Pu+F+I+G4: p3;
Agglomerative model selection: (p1,p2,p3)
Partition information was printed to Yeast_2408_clade1//aln_seqs/OG1776.nt.aln.nex.best_scheme.nex
Partition information in Raxml format was printed to Yeast_2408_clade1//aln_seqs/OG1776.nt.aln.nex.best_scheme

All model information printed to Yeast_2408_clade1//aln_seqs/OG1776.nt.aln.nex.model.gz
CPU time for ModelFinder: 14.870 seconds (0h:0m:14s)
Wall-clock time for ModelFinder: 841.215 seconds (0h:14m:1s)
Generating 1000 samples for ultrafast bootstrap (seed: 788227)...

NOTE: 2 MB RAM (0 GB) is required!
WARNING: Number of threads seems too high for short alignments. Use -nt AUTO to determine best number of threads.
Estimate model parameters (epsilon = 0.100)
Initial log-likelihood: -7942.828
Current log-likelihood at step 1: -6806.030
Current log-likelihood at step 2: -6765.310
Current log-likelihood at step 3: -6756.146
Current log-likelihood at step 4: -6753.786
Current log-likelihood at step 5: -6752.847
Current log-likelihood at step 6: -6752.143
Current log-likelihood at step 7: -6751.733
Current log-likelihood at step 8: -6751.519
Current log-likelihood at step 9: -6751.415
Current log-likelihood at step 10: -6751.361
Partition-specific rates:  0.198 0.032 2.770
Parameters optimization took 9 rounds (10.132 sec)


WARNING: Estimated model parameters are at boundary that can cause numerical instability!

Computing ML distances based on estimated model parameters... 0.006 sec
Computing BIONJ tree...
0.028 seconds
Log-likelihood of BIONJ tree: -6742.737
--------------------------------------------------------------------
|             INITIALIZING CANDIDATE TREE SET                      |
--------------------------------------------------------------------
Generating 98 parsimony trees... 18.007 second
Computing log-likelihood of 98 initial trees ... 511.641 seconds
Current best score: -6741.135

Do NNI search on 20 best initial trees
Estimate model parameters (epsilon = 0.100)
Initial log-likelihood: -6738.709
Current log-likelihood at step 1: -6738.405
Current log-likelihood at step 2: -6738.394
Parameters optimization took 1 rounds (2.800 sec)


WARNING: Estimated model parameters are at boundary that can cause numerical instability!

BETTER TREE FOUND at iteration 1: -6738.394
Iteration 10 / LogL: -6738.402 / Time: 0h:12m:5s
Iteration 20 / LogL: -6738.406 / Time: 0h:14m:46s
Finish initializing candidate tree set (2)
Current best tree score: -6738.394 / CPU time: 873.629
Number of iterations: 20
--------------------------------------------------------------------
|               OPTIMIZING CANDIDATE TREE SET                      |
--------------------------------------------------------------------
Iteration 30 / LogL: -6738.441 / Time: 0h:17m:52s (0h:43m:46s left)
Iteration 40 / LogL: -6738.401 / Time: 0h:21m:52s (0h:34m:12s left)
Iteration 50 / LogL: -6738.406 / Time: 0h:24m:56s (0h:25m:57s left)
Log-likelihood cutoff on original alignment: -6768.436
Iteration 60 / LogL: -6738.397 / Time: 0h:28m:19s (0h:19m:41s left)
Iteration 70 / LogL: -6773.379 / Time: 0h:35m:46s (0h:16m:4s left)
Iteration 80 / LogL: -6769.950 / Time: 0h:40m:44s (0h:10m:49s left)
Iteration 90 / LogL: -6773.398 / Time: 0h:46m:58s (0h:5m:48s left)
Iteration 100 / LogL: -6738.417 / Time: 0h:48m:6s (0h:0m:29s left)
Log-likelihood cutoff on original alignment: -6769.950
NOTE: Bootstrap correlation coefficient of split occurrence frequencies: 1.000
TREE SEARCH COMPLETED AFTER 102 ITERATIONS / Time: 0h:48m:22s

--------------------------------------------------------------------
|                    FINALIZING TREE SEARCH                        |
--------------------------------------------------------------------
Performs final model parameters optimization
Estimate model parameters (epsilon = 0.010)
Initial log-likelihood: -6738.394
Current log-likelihood at step 1: -6738.387
Partition-specific rates:  0.194 0.032 2.774
Parameters optimization took 0 rounds (0.595 sec)


WARNING: Estimated model parameters are at boundary that can cause numerical instability!

BEST SCORE FOUND : -6738.387
Creating bootstrap support values...
Split supports printed to NEXUS file Yeast_2408_clade1//aln_seqs/OG1776.nt.aln.nex.splits.nex
Total tree length: 2.360

Total number of iterations: 102
CPU time used for tree search: 64.524 sec (0h:1m:4s)
Wall-clock time used for tree search: 2888.242 sec (0h:48m:8s)
Total CPU time used: 65.156 sec (0h:1m:5s)
Total wall-clock time used: 2906.017 sec (0h:48m:26s)

Computing bootstrap consensus tree...
Reading input file Yeast_2408_clade1//aln_seqs/OG1776.nt.aln.nex.splits.nex...
15 taxa and 80 splits.
Consensus tree written to Yeast_2408_clade1//aln_seqs/OG1776.nt.aln.nex.contree
Reading input trees file Yeast_2408_clade1//aln_seqs/OG1776.nt.aln.nex.contree
Log-likelihood of consensus tree: -6738.387

Analysis results written to: 
  IQ-TREE report:                Yeast_2408_clade1//aln_seqs/OG1776.nt.aln.nex.iqtree
  Maximum-likelihood tree:       Yeast_2408_clade1//aln_seqs/OG1776.nt.aln.nex.treefile
  Likelihood distances:          Yeast_2408_clade1//aln_seqs/OG1776.nt.aln.nex.mldist
  Best partitioning scheme:      Yeast_2408_clade1//aln_seqs/OG1776.nt.aln.nex.best_scheme.nex
           in RAxML format:      Yeast_2408_clade1//aln_seqs/OG1776.nt.aln.nex.best_scheme

Ultrafast bootstrap approximation results written to:
  Split support values:          Yeast_2408_clade1//aln_seqs/OG1776.nt.aln.nex.splits.nex
  Consensus tree:                Yeast_2408_clade1//aln_seqs/OG1776.nt.aln.nex.contree
  Screen log file:               Yeast_2408_clade1//aln_seqs/OG1776.nt.aln.nex.log

Date and Time: Thu Mar  7 06:28:42 2019
