IQ-TREE multicore version 1.6.8 for Linux 64-bit built Oct 28 2018
Developed by Bui Quang Minh, Nguyen Lam Tung, Olga Chernomor,
Heiko Schmidt, Dominik Schrempf, Michael Woodhams.

Host:    sango10411.oist.jp (AVX2, FMA3, 125 GB RAM)
Command: iqtree -s Yeast_2408_clade1//aln_seqs/OG1943.nt.aln -bb 1000 -redo -nt 3 -spp Yeast_2408_clade1//aln_seqs/OG1943.nt.aln.nex -m MFPMERGE
Seed:    92084 (Using SPRNG - Scalable Parallel Random Number Generator)
Time:    Thu Mar  7 05:26:10 2019
Kernel:  AVX+FMA - 3 threads (24 CPU cores detected)

Reading partition model file Yeast_2408_clade1//aln_seqs/OG1943.nt.aln.nex ...
Reading alignment file Yeast_2408_clade1//aln_seqs/OG1943.nt.aln ... Fasta format detected
Alignment most likely contains DNA/RNA sequences
Alignment has 15 sequences with 1209 columns, 513 distinct patterns
465 parsimony-informative, 132 singleton sites, 612 constant sites
                                    Gap/Ambiguity  Composition  p-value
   1  Candida_glabrata                      0.00%    passed     17.23%
   2  Nakaseomyces_bacillisporus            0.00%    passed     26.82%
   3  Nakaseomyces_bracarensis              0.00%    passed     24.72%
   4  Nakaseomyces_castellii                0.00%    passed      7.09%
   5  Nakaseomyces_delphensis               0.00%    failed      0.69%
   6  Nakaseomyces_nivariensis              0.00%    passed     84.96%
   7  Saccharomyces_arboricola              0.00%    passed     62.38%
   8  Saccharomyces_cerevisiae              0.00%    passed     99.82%
   9  Saccharomyces_eubayanus               0.00%    passed     64.62%
  10  Saccharomyces_kudriavzevii            0.00%    passed     28.50%
  11  Saccharomyces_mikatae                 0.00%    passed     95.67%
  12  Saccharomyces_paradoxus               0.00%    passed     93.80%
  13  Saccharomyces_uvarum                  0.00%    passed     20.70%
  14  Tetrapisispora_blattae                0.00%    failed      0.00%
  15  yHMPu5000035629_Yueomyces_sinensis    0.00%    failed      0.00%
****  TOTAL                                 0.00%  3 sequences failed composition chi2 test (p-value<5%; df=3)
NOTE: No CharPartition defined, use all CharSets

Loading 3 partitions...
Subset	Type	Seqs	Sites	Infor	Invar	Model	Name
1		15	403	95	257	MFPMERGE	p1
2		15	403	43	327	MFPMERGE	p2
3		15	403	327	28	MFPMERGE	p3
Degree of missing data: 0.000
Info: multi-threading strategy over partitions



Create initial parsimony tree by phylogenetic likelihood library (PLL)... 0.001 seconds
NOTE: ModelFinder requires 4 MB RAM!
Testing GTR+F+G on supermatrix...
GTR+F+G4 / LnL: -8590.699 / df: 36 / AIC: 17253.398 / AICc: 17255.671 / BIC: 17436.910
Selecting individual models for 3 charsets using BIC...
 No. Model        Score       Charset
   1 F81+F+I      2547.308    p2
   2 TN+F+G4      3889.252    p1
   3 TPM3u+F+I+G4 9871.022    p3
Full partition model BIC score: 16514.091 (LnL: -8093.802  df:46)
Merging models to increase model fit (about 7 total partition schemes)...
   4 TNe+G4       16579.533   p1+p2
   5 SYM+I+G4     16997.185   p1+p3
   6 TN+F+I+G4    17190.136   p2+p3
BEST-FIT PARTITION MODEL: 
  charpartition BIC = TN+F+G4: p1, F81+F+I: p2, TPM3u+F+I+G4: p3;
Agglomerative model selection: (p1,p2,p3)
Partition information was printed to Yeast_2408_clade1//aln_seqs/OG1943.nt.aln.nex.best_scheme.nex
Partition information in Raxml format was printed to Yeast_2408_clade1//aln_seqs/OG1943.nt.aln.nex.best_scheme

All model information printed to Yeast_2408_clade1//aln_seqs/OG1943.nt.aln.nex.model.gz
CPU time for ModelFinder: 13.343 seconds (0h:0m:13s)
Wall-clock time for ModelFinder: 703.110 seconds (0h:11m:43s)
Generating 1000 samples for ultrafast bootstrap (seed: 92084)...

NOTE: 3 MB RAM (0 GB) is required!
WARNING: Number of threads seems too high for short alignments. Use -nt AUTO to determine best number of threads.
Estimate model parameters (epsilon = 0.100)
Initial log-likelihood: -9224.614
Current log-likelihood at step 1: -8236.362
Current log-likelihood at step 2: -8123.546
Current log-likelihood at step 3: -8116.235
Current log-likelihood at step 4: -8093.902
Current log-likelihood at step 5: -8092.867
Current log-likelihood at step 6: -8092.227
Current log-likelihood at step 7: -8091.741
Current log-likelihood at step 8: -8091.364
Current log-likelihood at step 9: -8091.102
Current log-likelihood at step 10: -8090.944
Current log-likelihood at step 11: -8090.863
Partition-specific rates:  0.262 0.098 2.640
Parameters optimization took 10 rounds (12.529 sec)

Computing ML distances based on estimated model parameters... 0.007 sec
Computing BIONJ tree...
0.229 seconds
Log-likelihood of BIONJ tree: -8090.863
--------------------------------------------------------------------
|             INITIALIZING CANDIDATE TREE SET                      |
--------------------------------------------------------------------
Generating 99 parsimony trees... 13.208 second
Computing log-likelihood of 99 initial trees ... 304.807 seconds
Current best score: -8090.863

Do NNI search on 20 best initial trees
Estimate model parameters (epsilon = 0.100)
Initial log-likelihood: -8089.149
Current log-likelihood at step 1: -8089.106
Parameters optimization took 0 rounds (0.999 sec)

BETTER TREE FOUND at iteration 1: -8089.106
Iteration 10 / LogL: -8089.174 / Time: 0h:7m:28s
Iteration 20 / LogL: -8089.137 / Time: 0h:11m:22s
Finish initializing candidate tree set (3)
Current best tree score: -8089.106 / CPU time: 665.606
Number of iterations: 20
--------------------------------------------------------------------
|               OPTIMIZING CANDIDATE TREE SET                      |
--------------------------------------------------------------------
Iteration 30 / LogL: -8089.205 / Time: 0h:13m:50s (0h:33m:52s left)
Iteration 40 / LogL: -8089.175 / Time: 0h:18m:36s (0h:29m:6s left)
Iteration 50 / LogL: -8089.145 / Time: 0h:21m:56s (0h:22m:49s left)
Log-likelihood cutoff on original alignment: -8123.900
UPDATE BEST LOG-LIKELIHOOD: -8089.105
Iteration 60 / LogL: -8089.152 / Time: 0h:23m:58s (0h:16m:39s left)
Iteration 70 / LogL: -8089.178 / Time: 0h:29m:38s (0h:13m:18s left)
Iteration 80 / LogL: -8104.700 / Time: 0h:33m:38s (0h:8m:56s left)
Iteration 90 / LogL: -8089.138 / Time: 0h:37m:37s (0h:4m:38s left)
UPDATE BEST LOG-LIKELIHOOD: -8089.105
Iteration 100 / LogL: -8089.289 / Time: 0h:39m:55s (0h:0m:24s left)
Log-likelihood cutoff on original alignment: -8123.900
NOTE: Bootstrap correlation coefficient of split occurrence frequencies: 0.998
TREE SEARCH COMPLETED AFTER 102 ITERATIONS / Time: 0h:41m:8s

--------------------------------------------------------------------
|                    FINALIZING TREE SEARCH                        |
--------------------------------------------------------------------
Performs final model parameters optimization
Estimate model parameters (epsilon = 0.010)
Initial log-likelihood: -8089.104
Current log-likelihood at step 1: -8089.094
Current log-likelihood at step 2: -8089.090
Partition-specific rates:  0.264 0.097 2.639
Parameters optimization took 1 rounds (2.145 sec)

BEST SCORE FOUND : -8089.090
Creating bootstrap support values...
Split supports printed to NEXUS file Yeast_2408_clade1//aln_seqs/OG1943.nt.aln.nex.splits.nex
Total tree length: 4.080

Total number of iterations: 102
CPU time used for tree search: 57.608 sec (0h:0m:57s)
Wall-clock time used for tree search: 2450.858 sec (0h:40m:50s)
Total CPU time used: 58.411 sec (0h:0m:58s)
Total wall-clock time used: 2474.340 sec (0h:41m:14s)

Computing bootstrap consensus tree...
Reading input file Yeast_2408_clade1//aln_seqs/OG1943.nt.aln.nex.splits.nex...
15 taxa and 78 splits.
Consensus tree written to Yeast_2408_clade1//aln_seqs/OG1943.nt.aln.nex.contree
Reading input trees file Yeast_2408_clade1//aln_seqs/OG1943.nt.aln.nex.contree
Log-likelihood of consensus tree: -8089.090

Analysis results written to: 
  IQ-TREE report:                Yeast_2408_clade1//aln_seqs/OG1943.nt.aln.nex.iqtree
  Maximum-likelihood tree:       Yeast_2408_clade1//aln_seqs/OG1943.nt.aln.nex.treefile
  Likelihood distances:          Yeast_2408_clade1//aln_seqs/OG1943.nt.aln.nex.mldist
  Best partitioning scheme:      Yeast_2408_clade1//aln_seqs/OG1943.nt.aln.nex.best_scheme.nex
           in RAxML format:      Yeast_2408_clade1//aln_seqs/OG1943.nt.aln.nex.best_scheme

Ultrafast bootstrap approximation results written to:
  Split support values:          Yeast_2408_clade1//aln_seqs/OG1943.nt.aln.nex.splits.nex
  Consensus tree:                Yeast_2408_clade1//aln_seqs/OG1943.nt.aln.nex.contree
  Screen log file:               Yeast_2408_clade1//aln_seqs/OG1943.nt.aln.nex.log

Date and Time: Thu Mar  7 06:19:13 2019
