IQ-TREE multicore version 1.6.8 for Linux 64-bit built Oct 28 2018
Developed by Bui Quang Minh, Nguyen Lam Tung, Olga Chernomor,
Heiko Schmidt, Dominik Schrempf, Michael Woodhams.

Host:    sango10411.oist.jp (AVX2, FMA3, 125 GB RAM)
Command: iqtree -s Yeast_2408_clade1//aln_seqs/OG2026.nt.aln -bb 1000 -redo -nt 3 -spp Yeast_2408_clade1//aln_seqs/OG2026.nt.aln.nex -m MFPMERGE
Seed:    119274 (Using SPRNG - Scalable Parallel Random Number Generator)
Time:    Thu Mar  7 05:25:09 2019
Kernel:  AVX+FMA - 3 threads (24 CPU cores detected)

Reading partition model file Yeast_2408_clade1//aln_seqs/OG2026.nt.aln.nex ...
Reading alignment file Yeast_2408_clade1//aln_seqs/OG2026.nt.aln ... Fasta format detected
Alignment most likely contains DNA/RNA sequences
Alignment has 15 sequences with 531 columns, 404 distinct patterns
351 parsimony-informative, 67 singleton sites, 113 constant sites
                                    Gap/Ambiguity  Composition  p-value
   1  Candida_glabrata                      1.13%    failed      3.38%
   2  Nakaseomyces_bacillisporus            2.26%    failed      3.49%
   3  Nakaseomyces_bracarensis              5.08%    passed     24.39%
   4  Nakaseomyces_castellii                2.82%    passed     89.06%
   5  Nakaseomyces_delphensis               3.95%    passed     78.49%
   6  Nakaseomyces_nivariensis              3.95%    passed     43.63%
   7  Saccharomyces_arboricola              1.13%    passed     48.01%
   8  Saccharomyces_cerevisiae              1.13%    passed     77.74%
   9  Saccharomyces_eubayanus               1.13%    failed      2.54%
  10  Saccharomyces_kudriavzevii            1.13%    passed     28.42%
  11  Saccharomyces_mikatae                 1.13%    passed     35.57%
  12  Saccharomyces_paradoxus               1.13%    passed     21.26%
  13  Saccharomyces_uvarum                  1.13%    failed      1.70%
  14  Tetrapisispora_blattae                1.13%    passed      7.12%
  15  yHMPu5000035629_Yueomyces_sinensis    4.52%    failed      0.00%
****  TOTAL                                 2.18%  5 sequences failed composition chi2 test (p-value<5%; df=3)
NOTE: No CharPartition defined, use all CharSets

Loading 3 partitions...
Subset	Type	Seqs	Sites	Infor	Invar	Model	Name
1		15	177	108	37	MFPMERGE	p1
2		15	177	75	71	MFPMERGE	p2
3		15	177	168	5	MFPMERGE	p3
Degree of missing data: 0.000
Info: multi-threading strategy over partitions



Create initial parsimony tree by phylogenetic likelihood library (PLL)... 0.001 seconds
NOTE: ModelFinder requires 3 MB RAM!
Testing GTR+F+G on supermatrix...
GTR+F+G4 / LnL: -5595.802 / df: 36 / AIC: 11263.604 / AICc: 11268.996 / BIC: 11417.495
Selecting individual models for 3 charsets using BIC...
 No. Model        Score       Charset
   1 TIM3e+G4     2501.243    p2
   2 TIM3+F+G4    3211.294    p1
   3 HKY+F+I+G4   5231.802    p3
Full partition model BIC score: 11129.456 (LnL: -5420.408  df:46)
Merging models to increase model fit (about 7 total partition schemes)...
   4 TPM3+F+G4    11133.763   p1+p2
   5 TIM2+F+G4    11271.734   p1+p3
   6 TPM3u+F+I+G4 11382.858   p2+p3
BEST-FIT PARTITION MODEL: 
  charpartition BIC = TIM3+F+G4: p1, TIM3e+G4: p2, HKY+F+I+G4: p3;
Agglomerative model selection: (p1,p2,p3)
Partition information was printed to Yeast_2408_clade1//aln_seqs/OG2026.nt.aln.nex.best_scheme.nex
Partition information in Raxml format was printed to Yeast_2408_clade1//aln_seqs/OG2026.nt.aln.nex.best_scheme

All model information printed to Yeast_2408_clade1//aln_seqs/OG2026.nt.aln.nex.model.gz
CPU time for ModelFinder: 9.513 seconds (0h:0m:9s)
Wall-clock time for ModelFinder: 324.059 seconds (0h:5m:24s)
Generating 1000 samples for ultrafast bootstrap (seed: 119274)...

NOTE: 2 MB RAM (0 GB) is required!
WARNING: Number of threads seems too high for short alignments. Use -nt AUTO to determine best number of threads.
Estimate model parameters (epsilon = 0.100)
Initial log-likelihood: -5760.358
Current log-likelihood at step 1: -5443.315
Current log-likelihood at step 2: -5419.444
Current log-likelihood at step 3: -5417.429
Current log-likelihood at step 4: -5417.139
Current log-likelihood at step 5: -5417.002
Current log-likelihood at step 6: -5416.936
Partition-specific rates:  0.437 0.290 2.273
Parameters optimization took 5 rounds (7.541 sec)

Computing ML distances based on estimated model parameters... 0.006 sec
Computing BIONJ tree...
0.109 seconds
Log-likelihood of BIONJ tree: -5409.335
--------------------------------------------------------------------
|             INITIALIZING CANDIDATE TREE SET                      |
--------------------------------------------------------------------
Generating 98 parsimony trees... 8.658 second
Computing log-likelihood of 98 initial trees ... 178.858 seconds
Current best score: -5409.335

Do NNI search on 20 best initial trees
Estimate model parameters (epsilon = 0.100)
Initial log-likelihood: -5405.090
Current log-likelihood at step 1: -5404.661
Current log-likelihood at step 2: -5404.571
Parameters optimization took 1 rounds (2.647 sec)

BETTER TREE FOUND at iteration 1: -5404.571
Iteration 10 / LogL: -5404.712 / Time: 0h:6m:14s
Iteration 20 / LogL: -5404.710 / Time: 0h:10m:46s
Finish initializing candidate tree set (1)
Current best tree score: -5404.571 / CPU time: 637.252
Number of iterations: 20
--------------------------------------------------------------------
|               OPTIMIZING CANDIDATE TREE SET                      |
--------------------------------------------------------------------
UPDATE BEST LOG-LIKELIHOOD: -5404.564
Iteration 30 / LogL: -5404.577 / Time: 0h:13m:23s (0h:32m:47s left)
UPDATE BEST LOG-LIKELIHOOD: -5404.563
Iteration 40 / LogL: -5404.853 / Time: 0h:16m:34s (0h:25m:55s left)
UPDATE BEST LOG-LIKELIHOOD: -5404.563
Iteration 50 / LogL: -5426.041 / Time: 0h:21m:3s (0h:21m:55s left)
Log-likelihood cutoff on original alignment: -5433.932
Iteration 60 / LogL: -5404.588 / Time: 0h:25m:47s (0h:17m:55s left)
Iteration 70 / LogL: -5426.392 / Time: 0h:30m:19s (0h:13m:37s left)
Iteration 80 / LogL: -5441.418 / Time: 0h:33m:39s (0h:8m:56s left)
Iteration 90 / LogL: -5452.283 / Time: 0h:36m:30s (0h:4m:30s left)
Iteration 100 / LogL: -5405.908 / Time: 0h:39m:57s (0h:0m:24s left)
Log-likelihood cutoff on original alignment: -5433.932
NOTE: Bootstrap correlation coefficient of split occurrence frequencies: 0.999
TREE SEARCH COMPLETED AFTER 102 ITERATIONS / Time: 0h:41m:31s

--------------------------------------------------------------------
|                    FINALIZING TREE SEARCH                        |
--------------------------------------------------------------------
Performs final model parameters optimization
Estimate model parameters (epsilon = 0.010)
Initial log-likelihood: -5404.561
Current log-likelihood at step 1: -5404.543
Current log-likelihood at step 2: -5404.539
Partition-specific rates:  0.431 0.260 2.309
Parameters optimization took 1 rounds (2.091 sec)

BEST SCORE FOUND : -5404.539
Creating bootstrap support values...
Split supports printed to NEXUS file Yeast_2408_clade1//aln_seqs/OG2026.nt.aln.nex.splits.nex
Total tree length: 8.531

Total number of iterations: 102
CPU time used for tree search: 62.198 sec (0h:1m:2s)
Wall-clock time used for tree search: 2480.554 sec (0h:41m:20s)
Total CPU time used: 62.918 sec (0h:1m:2s)
Total wall-clock time used: 2498.191 sec (0h:41m:38s)

Computing bootstrap consensus tree...
Reading input file Yeast_2408_clade1//aln_seqs/OG2026.nt.aln.nex.splits.nex...
15 taxa and 85 splits.
Consensus tree written to Yeast_2408_clade1//aln_seqs/OG2026.nt.aln.nex.contree
Reading input trees file Yeast_2408_clade1//aln_seqs/OG2026.nt.aln.nex.contree
Log-likelihood of consensus tree: -5404.539

Analysis results written to: 
  IQ-TREE report:                Yeast_2408_clade1//aln_seqs/OG2026.nt.aln.nex.iqtree
  Maximum-likelihood tree:       Yeast_2408_clade1//aln_seqs/OG2026.nt.aln.nex.treefile
  Likelihood distances:          Yeast_2408_clade1//aln_seqs/OG2026.nt.aln.nex.mldist
  Best partitioning scheme:      Yeast_2408_clade1//aln_seqs/OG2026.nt.aln.nex.best_scheme.nex
           in RAxML format:      Yeast_2408_clade1//aln_seqs/OG2026.nt.aln.nex.best_scheme

Ultrafast bootstrap approximation results written to:
  Split support values:          Yeast_2408_clade1//aln_seqs/OG2026.nt.aln.nex.splits.nex
  Consensus tree:                Yeast_2408_clade1//aln_seqs/OG2026.nt.aln.nex.contree
  Screen log file:               Yeast_2408_clade1//aln_seqs/OG2026.nt.aln.nex.log

Date and Time: Thu Mar  7 06:12:19 2019
