IQ-TREE multicore version 1.6.8 for Linux 64-bit built Oct 28 2018
Developed by Bui Quang Minh, Nguyen Lam Tung, Olga Chernomor,
Heiko Schmidt, Dominik Schrempf, Michael Woodhams.

Host:    sango10411.oist.jp (AVX2, FMA3, 125 GB RAM)
Command: iqtree -s Yeast_2408_clade1//aln_seqs/OG2186.nt.aln -bb 1000 -redo -nt 3 -spp Yeast_2408_clade1//aln_seqs/OG2186.nt.aln.nex -m MFPMERGE
Seed:    100727 (Using SPRNG - Scalable Parallel Random Number Generator)
Time:    Thu Mar  7 05:28:25 2019
Kernel:  AVX+FMA - 3 threads (24 CPU cores detected)

Reading partition model file Yeast_2408_clade1//aln_seqs/OG2186.nt.aln.nex ...
Reading alignment file Yeast_2408_clade1//aln_seqs/OG2186.nt.aln ... Fasta format detected
Alignment most likely contains DNA/RNA sequences
Alignment has 15 sequences with 1902 columns, 1114 distinct patterns
1046 parsimony-informative, 219 singleton sites, 637 constant sites
                                    Gap/Ambiguity  Composition  p-value
   1  Candida_glabrata                      0.00%    failed      0.00%
   2  Nakaseomyces_bacillisporus            0.32%    failed      2.57%
   3  Nakaseomyces_bracarensis              0.00%    passed     74.94%
   4  Nakaseomyces_castellii                0.16%    passed     88.60%
   5  Nakaseomyces_delphensis               0.00%    failed      0.00%
   6  Nakaseomyces_nivariensis              0.00%    passed     67.36%
   7  Saccharomyces_arboricola              0.00%    passed     92.90%
   8  Saccharomyces_cerevisiae              0.00%    passed     93.68%
   9  Saccharomyces_eubayanus               0.00%    passed     10.15%
  10  Saccharomyces_kudriavzevii            0.00%    passed     13.92%
  11  Saccharomyces_mikatae                 0.00%    passed     95.35%
  12  Saccharomyces_paradoxus               0.00%    passed     84.96%
  13  Saccharomyces_uvarum                  0.00%    failed      0.32%
  14  Tetrapisispora_blattae                0.00%    failed      0.00%
  15  yHMPu5000035629_Yueomyces_sinensis    0.32%    failed      0.00%
****  TOTAL                                 0.05%  6 sequences failed composition chi2 test (p-value<5%; df=3)
NOTE: No CharPartition defined, use all CharSets

Loading 3 partitions...
Subset	Type	Seqs	Sites	Infor	Invar	Model	Name
1		15	634	287	247	MFPMERGE	p1
2		15	634	165	373	MFPMERGE	p2
3		15	634	594	17	MFPMERGE	p3
Degree of missing data: 0.000
Info: multi-threading strategy over partitions



Create initial parsimony tree by phylogenetic likelihood library (PLL)... 0.002 seconds
NOTE: ModelFinder requires 10 MB RAM!
Testing GTR+F+G on supermatrix...
GTR+F+G4 / LnL: -18551.330 / df: 36 / AIC: 37174.660 / AICc: 37176.089 / BIC: 37374.484
Selecting individual models for 3 charsets using BIC...
 No. Model        Score       Charset
   1 TIM3+F+G4    6761.315    p2
   2 GTR+F+R2     9781.498    p1
   3 TN+F+I+G4    19035.710   p3
Full partition model BIC score: 35804.502 (LnL: -17702.158  df:53)
Merging models to increase model fit (about 7 total partition schemes)...
   4 GTR+F+R2     35903.759   p1+p2
   5 TIM2+F+R3    36689.016   p1+p3
   6 TN+F+I+G4    36961.123   p2+p3
BEST-FIT PARTITION MODEL: 
  charpartition BIC = GTR+F+R2: p1, TIM3+F+G4: p2, TN+F+I+G4: p3;
Agglomerative model selection: (p1,p2,p3)
Partition information was printed to Yeast_2408_clade1//aln_seqs/OG2186.nt.aln.nex.best_scheme.nex
Partition information in Raxml format was printed to Yeast_2408_clade1//aln_seqs/OG2186.nt.aln.nex.best_scheme

All model information printed to Yeast_2408_clade1//aln_seqs/OG2186.nt.aln.nex.model.gz
CPU time for ModelFinder: 30.250 seconds (0h:0m:30s)
Wall-clock time for ModelFinder: 2452.396 seconds (0h:40m:52s)
Generating 1000 samples for ultrafast bootstrap (seed: 100727)...

NOTE: 6 MB RAM (0 GB) is required!
Estimate model parameters (epsilon = 0.100)
Initial log-likelihood: -19381.755
Current log-likelihood at step 1: -17893.725
Current log-likelihood at step 2: -17720.340
Current log-likelihood at step 3: -17704.092
Current log-likelihood at step 4: -17698.491
Current log-likelihood at step 5: -17697.356
Current log-likelihood at step 6: -17697.014
Current log-likelihood at step 7: -17696.891
Current log-likelihood at step 8: -17696.842
Partition-specific rates:  0.305 0.174 2.521
Parameters optimization took 7 rounds (25.046 sec)

Computing ML distances based on estimated model parameters... 0.007 sec
Computing BIONJ tree...
0.038 seconds
Log-likelihood of BIONJ tree: -17698.737
--------------------------------------------------------------------
|             INITIALIZING CANDIDATE TREE SET                      |
--------------------------------------------------------------------
Generating 98 parsimony trees... 20.556 second
Computing log-likelihood of 98 initial trees ... 356.029 seconds
Current best score: -17696.842

Do NNI search on 20 best initial trees
Estimate model parameters (epsilon = 0.100)
Initial log-likelihood: -17696.841
Current log-likelihood at step 1: -17696.822
Parameters optimization took 0 rounds (1.166 sec)

BETTER TREE FOUND at iteration 1: -17696.822
Iteration 10 / LogL: -17712.160 / Time: 0h:8m:31s
Iteration 20 / LogL: -17696.950 / Time: 0h:10m:55s
Finish initializing candidate tree set (2)
Current best tree score: -17696.822 / CPU time: 618.969
Number of iterations: 20
--------------------------------------------------------------------
|               OPTIMIZING CANDIDATE TREE SET                      |
--------------------------------------------------------------------
Iteration 30 / LogL: -17697.184 / Time: 0h:18m:7s (0h:44m:22s left)
Iteration 40 / LogL: -17697.424 / Time: 0h:19m:47s (0h:30m:56s left)
Iteration 50 / LogL: -17697.324 / Time: 0h:24m:5s (0h:25m:4s left)
Log-likelihood cutoff on original alignment: -17742.471
Iteration 60 / LogL: -17711.570 / Time: 0h:29m:47s (0h:20m:41s left)
Iteration 70 / LogL: -17791.013 / Time: 0h:31m:49s (0h:14m:17s left)
Iteration 80 / LogL: -17696.956 / Time: 0h:32m:47s (0h:8m:42s left)
Iteration 90 / LogL: -17696.833 / Time: 0h:35m:18s (0h:4m:21s left)
Iteration 100 / LogL: -17696.831 / Time: 0h:36m:8s (0h:0m:21s left)
Log-likelihood cutoff on original alignment: -17742.453
NOTE: Bootstrap correlation coefficient of split occurrence frequencies: 1.000
TREE SEARCH COMPLETED AFTER 102 ITERATIONS / Time: 0h:36m:46s

--------------------------------------------------------------------
|                    FINALIZING TREE SEARCH                        |
--------------------------------------------------------------------
Performs final model parameters optimization
Estimate model parameters (epsilon = 0.010)
Initial log-likelihood: -17696.822
Current log-likelihood at step 1: -17696.815
Partition-specific rates:  0.304 0.174 2.523
Parameters optimization took 0 rounds (1.742 sec)

BEST SCORE FOUND : -17696.815
Creating bootstrap support values...
Split supports printed to NEXUS file Yeast_2408_clade1//aln_seqs/OG2186.nt.aln.nex.splits.nex
Total tree length: 7.210

Total number of iterations: 102
CPU time used for tree search: 76.539 sec (0h:1m:16s)
Wall-clock time used for tree search: 2168.876 sec (0h:36m:8s)
Total CPU time used: 77.678 sec (0h:1m:17s)
Total wall-clock time used: 2213.601 sec (0h:36m:53s)

Computing bootstrap consensus tree...
Reading input file Yeast_2408_clade1//aln_seqs/OG2186.nt.aln.nex.splits.nex...
15 taxa and 48 splits.
Consensus tree written to Yeast_2408_clade1//aln_seqs/OG2186.nt.aln.nex.contree
Reading input trees file Yeast_2408_clade1//aln_seqs/OG2186.nt.aln.nex.contree
Log-likelihood of consensus tree: -17696.815

Analysis results written to: 
  IQ-TREE report:                Yeast_2408_clade1//aln_seqs/OG2186.nt.aln.nex.iqtree
  Maximum-likelihood tree:       Yeast_2408_clade1//aln_seqs/OG2186.nt.aln.nex.treefile
  Likelihood distances:          Yeast_2408_clade1//aln_seqs/OG2186.nt.aln.nex.mldist
  Best partitioning scheme:      Yeast_2408_clade1//aln_seqs/OG2186.nt.aln.nex.best_scheme.nex
           in RAxML format:      Yeast_2408_clade1//aln_seqs/OG2186.nt.aln.nex.best_scheme

Ultrafast bootstrap approximation results written to:
  Split support values:          Yeast_2408_clade1//aln_seqs/OG2186.nt.aln.nex.splits.nex
  Consensus tree:                Yeast_2408_clade1//aln_seqs/OG2186.nt.aln.nex.contree
  Screen log file:               Yeast_2408_clade1//aln_seqs/OG2186.nt.aln.nex.log

Date and Time: Thu Mar  7 06:46:15 2019
