IQ-TREE multicore version 1.6.8 for Linux 64-bit built Oct 28 2018
Developed by Bui Quang Minh, Nguyen Lam Tung, Olga Chernomor,
Heiko Schmidt, Dominik Schrempf, Michael Woodhams.

Host:    sango10411.oist.jp (AVX2, FMA3, 125 GB RAM)
Command: iqtree -s Yeast_2408_clade1//aln_seqs/OG2276.nt.aln -bb 1000 -redo -nt 3 -spp Yeast_2408_clade1//aln_seqs/OG2276.nt.aln.nex -m MFPMERGE
Seed:    797299 (Using SPRNG - Scalable Parallel Random Number Generator)
Time:    Thu Mar  7 05:26:14 2019
Kernel:  AVX+FMA - 3 threads (24 CPU cores detected)

Reading partition model file Yeast_2408_clade1//aln_seqs/OG2276.nt.aln.nex ...
Reading alignment file Yeast_2408_clade1//aln_seqs/OG2276.nt.aln ... Fasta format detected
Alignment most likely contains DNA/RNA sequences
Alignment has 15 sequences with 1557 columns, 1009 distinct patterns
972 parsimony-informative, 128 singleton sites, 457 constant sites
                                    Gap/Ambiguity  Composition  p-value
   1  Candida_glabrata                      0.00%    passed     82.62%
   2  Nakaseomyces_bacillisporus            9.83%    failed      2.50%
   3  Nakaseomyces_bracarensis              0.00%    passed      6.79%
   4  Nakaseomyces_castellii                0.77%    failed      0.01%
   5  Nakaseomyces_delphensis               0.00%    passed     12.69%
   6  Nakaseomyces_nivariensis              0.00%    passed     88.18%
   7  Saccharomyces_arboricola              0.77%    passed     44.94%
   8  Saccharomyces_cerevisiae              0.77%    passed     89.69%
   9  Saccharomyces_eubayanus               0.77%    failed      2.53%
  10  Saccharomyces_kudriavzevii            0.77%    passed      9.99%
  11  Saccharomyces_mikatae                 0.77%    passed     93.30%
  12  Saccharomyces_paradoxus               0.77%    passed     61.13%
  13  Saccharomyces_uvarum                  0.77%    failed      1.50%
  14  Tetrapisispora_blattae                0.77%    failed      0.00%
  15  yHMPu5000035629_Yueomyces_sinensis    0.96%    failed      0.00%
****  TOTAL                                 1.18%  6 sequences failed composition chi2 test (p-value<5%; df=3)
NOTE: No CharPartition defined, use all CharSets

Loading 3 partitions...
Subset	Type	Seqs	Sites	Infor	Invar	Model	Name
1		15	519	283	177	MFPMERGE	p1
2		15	519	192	268	MFPMERGE	p2
3		15	519	497	12	MFPMERGE	p3
Degree of missing data: 0.000
Info: multi-threading strategy over partitions



Create initial parsimony tree by phylogenetic likelihood library (PLL)... 0.001 seconds
NOTE: ModelFinder requires 9 MB RAM!
Testing GTR+F+G on supermatrix...
GTR+F+G4 / LnL: -15720.013 / df: 36 / AIC: 31512.026 / AICc: 31513.779 / BIC: 31704.645
Selecting individual models for 3 charsets using BIC...
 No. Model        Score       Charset
   1 TIM3+F+G4    6109.100    p2
   2 TIM2+F+I+G4  15801.773   p3
   3 GTR+F+I+G4   8446.424    p1
Full partition model BIC score: 30579.171 (LnL: -15091.122  df:54)
Merging models to increase model fit (about 7 total partition schemes)...
   4 TIM3+F+I+G4  30688.568   p1+p2
   5 TIM3+F+I+G4  31490.504   p2+p3
   6 GTR+F+I+G4   31154.370   p1+p3
BEST-FIT PARTITION MODEL: 
  charpartition BIC = GTR+F+I+G4: p1, TIM3+F+G4: p2, TIM2+F+I+G4: p3;
Agglomerative model selection: (p1,p2,p3)
Partition information was printed to Yeast_2408_clade1//aln_seqs/OG2276.nt.aln.nex.best_scheme.nex
Partition information in Raxml format was printed to Yeast_2408_clade1//aln_seqs/OG2276.nt.aln.nex.best_scheme

All model information printed to Yeast_2408_clade1//aln_seqs/OG2276.nt.aln.nex.model.gz
CPU time for ModelFinder: 24.615 seconds (0h:0m:24s)
Wall-clock time for ModelFinder: 1334.427 seconds (0h:22m:14s)
Generating 1000 samples for ultrafast bootstrap (seed: 797299)...

NOTE: 6 MB RAM (0 GB) is required!
Estimate model parameters (epsilon = 0.100)
Initial log-likelihood: -16448.315
Current log-likelihood at step 1: -15203.725
Current log-likelihood at step 2: -15096.893
Current log-likelihood at step 3: -15087.550
Current log-likelihood at step 4: -15085.561
Current log-likelihood at step 5: -15085.246
Current log-likelihood at step 6: -15085.138
Current log-likelihood at step 7: -15085.058
Partition-specific rates:  0.354 0.152 2.494
Parameters optimization took 6 rounds (16.603 sec)

Computing ML distances based on estimated model parameters... 0.006 sec
Computing BIONJ tree...
0.034 seconds
Log-likelihood of BIONJ tree: -15075.007
--------------------------------------------------------------------
|             INITIALIZING CANDIDATE TREE SET                      |
--------------------------------------------------------------------
Generating 98 parsimony trees... 16.094 second
Computing log-likelihood of 96 initial trees ... 327.256 seconds
Current best score: -15075.007

Do NNI search on 20 best initial trees
Estimate model parameters (epsilon = 0.100)
Initial log-likelihood: -15075.007
Current log-likelihood at step 1: -15074.763
Current log-likelihood at step 2: -15074.711
Parameters optimization took 1 rounds (4.574 sec)

BETTER TREE FOUND at iteration 1: -15074.711
Estimate model parameters (epsilon = 0.100)
Initial log-likelihood: -15072.378
Current log-likelihood at step 1: -15072.216
Current log-likelihood at step 2: -15072.163
Parameters optimization took 1 rounds (3.632 sec)

BETTER TREE FOUND at iteration 2: -15072.163
Iteration 10 / LogL: -15072.515 / Time: 0h:9m:0s
Iteration 20 / LogL: -15072.512 / Time: 0h:12m:3s
Finish initializing candidate tree set (4)
Current best tree score: -15072.163 / CPU time: 697.491
Number of iterations: 20
--------------------------------------------------------------------
|               OPTIMIZING CANDIDATE TREE SET                      |
--------------------------------------------------------------------
Estimate model parameters (epsilon = 0.100)
Initial log-likelihood: -15071.957
Current log-likelihood at step 1: -15071.812
Current log-likelihood at step 2: -15071.788
Parameters optimization took 1 rounds (4.055 sec)

UPDATE BEST LOG-LIKELIHOOD: -15071.788
Iteration 30 / LogL: -15072.300 / Time: 0h:17m:1s (0h:42m:16s left)
Iteration 40 / LogL: -15111.945 / Time: 0h:21m:14s (0h:33m:45s left)
Iteration 50 / LogL: -15079.237 / Time: 0h:25m:15s (0h:26m:47s left)
Log-likelihood cutoff on original alignment: -15111.207
Iteration 60 / LogL: -15104.872 / Time: 0h:29m:2s (0h:20m:40s left)
Iteration 70 / LogL: -15072.485 / Time: 0h:34m:42s (0h:16m:5s left)
Iteration 80 / LogL: -15081.505 / Time: 0h:37m:59s (0h:10m:34s left)
Iteration 90 / LogL: -15071.979 / Time: 0h:40m:59s (0h:5m:31s left)
Iteration 100 / LogL: -15072.377 / Time: 0h:49m:12s (0h:0m:59s left)
Log-likelihood cutoff on original alignment: -15111.207
NOTE: Bootstrap correlation coefficient of split occurrence frequencies: 0.999
TREE SEARCH COMPLETED AFTER 103 ITERATIONS / Time: 0h:49m:58s

--------------------------------------------------------------------
|                    FINALIZING TREE SEARCH                        |
--------------------------------------------------------------------
Performs final model parameters optimization
Estimate model parameters (epsilon = 0.010)
Initial log-likelihood: -15071.784
Current log-likelihood at step 1: -15071.770
Current log-likelihood at step 2: -15071.761
Partition-specific rates:  0.341 0.143 2.516
Parameters optimization took 1 rounds (3.166 sec)

BEST SCORE FOUND : -15071.761
Creating bootstrap support values...
Split supports printed to NEXUS file Yeast_2408_clade1//aln_seqs/OG2276.nt.aln.nex.splits.nex
Total tree length: 9.517

Total number of iterations: 103
CPU time used for tree search: 82.173 sec (0h:1m:22s)
Wall-clock time used for tree search: 2971.729 sec (0h:49m:31s)
Total CPU time used: 83.303 sec (0h:1m:23s)
Total wall-clock time used: 3004.768 sec (0h:50m:4s)

Computing bootstrap consensus tree...
Reading input file Yeast_2408_clade1//aln_seqs/OG2276.nt.aln.nex.splits.nex...
15 taxa and 53 splits.
Consensus tree written to Yeast_2408_clade1//aln_seqs/OG2276.nt.aln.nex.contree
Reading input trees file Yeast_2408_clade1//aln_seqs/OG2276.nt.aln.nex.contree
Log-likelihood of consensus tree: -15074.656

Analysis results written to: 
  IQ-TREE report:                Yeast_2408_clade1//aln_seqs/OG2276.nt.aln.nex.iqtree
  Maximum-likelihood tree:       Yeast_2408_clade1//aln_seqs/OG2276.nt.aln.nex.treefile
  Likelihood distances:          Yeast_2408_clade1//aln_seqs/OG2276.nt.aln.nex.mldist
  Best partitioning scheme:      Yeast_2408_clade1//aln_seqs/OG2276.nt.aln.nex.best_scheme.nex
           in RAxML format:      Yeast_2408_clade1//aln_seqs/OG2276.nt.aln.nex.best_scheme

Ultrafast bootstrap approximation results written to:
  Split support values:          Yeast_2408_clade1//aln_seqs/OG2276.nt.aln.nex.splits.nex
  Consensus tree:                Yeast_2408_clade1//aln_seqs/OG2276.nt.aln.nex.contree
  Screen log file:               Yeast_2408_clade1//aln_seqs/OG2276.nt.aln.nex.log

Date and Time: Thu Mar  7 06:38:39 2019
