IQ-TREE multicore version 1.6.8 for Linux 64-bit built Oct 28 2018
Developed by Bui Quang Minh, Nguyen Lam Tung, Olga Chernomor,
Heiko Schmidt, Dominik Schrempf, Michael Woodhams.

Host:    sango10411.oist.jp (AVX2, FMA3, 125 GB RAM)
Command: iqtree -s Yeast_2408_clade1//aln_seqs/OG2382.nt.aln -bb 1000 -redo -nt 3 -spp Yeast_2408_clade1//aln_seqs/OG2382.nt.aln.nex -m MFPMERGE
Seed:    134267 (Using SPRNG - Scalable Parallel Random Number Generator)
Time:    Thu Mar  7 05:26:14 2019
Kernel:  AVX+FMA - 3 threads (24 CPU cores detected)

Reading partition model file Yeast_2408_clade1//aln_seqs/OG2382.nt.aln.nex ...
Reading alignment file Yeast_2408_clade1//aln_seqs/OG2382.nt.aln ... Fasta format detected
Alignment most likely contains DNA/RNA sequences
Alignment has 15 sequences with 1350 columns, 788 distinct patterns
762 parsimony-informative, 101 singleton sites, 487 constant sites
                                    Gap/Ambiguity  Composition  p-value
   1  Candida_glabrata                      0.00%    failed      0.70%
   2  Nakaseomyces_bacillisporus            0.00%    failed      0.00%
   3  Nakaseomyces_bracarensis              0.00%    passed     13.48%
   4  Nakaseomyces_castellii                0.00%    passed     12.21%
   5  Nakaseomyces_delphensis               0.00%    passed     24.53%
   6  Nakaseomyces_nivariensis              0.00%    passed     46.00%
   7  Saccharomyces_arboricola              0.67%    failed      0.00%
   8  Saccharomyces_cerevisiae              0.00%    passed      5.09%
   9  Saccharomyces_eubayanus               0.67%    failed      0.00%
  10  Saccharomyces_kudriavzevii            0.00%    failed      0.00%
  11  Saccharomyces_mikatae                 0.00%    failed      4.68%
  12  Saccharomyces_paradoxus               0.00%    passed     10.75%
  13  Saccharomyces_uvarum                  0.00%    failed      0.00%
  14  Tetrapisispora_blattae                0.00%    failed      0.00%
  15  yHMPu5000035629_Yueomyces_sinensis    0.00%    failed      0.00%
****  TOTAL                                 0.09%  9 sequences failed composition chi2 test (p-value<5%; df=3)
NOTE: No CharPartition defined, use all CharSets

Loading 3 partitions...
Subset	Type	Seqs	Sites	Infor	Invar	Model	Name
1		15	450	208	190	MFPMERGE	p1
2		15	450	126	288	MFPMERGE	p2
3		15	450	428	9	MFPMERGE	p3
Degree of missing data: 0.000
Info: multi-threading strategy over partitions



Create initial parsimony tree by phylogenetic likelihood library (PLL)... 0.001 seconds
NOTE: ModelFinder requires 7 MB RAM!
Testing GTR+F+G on supermatrix...
GTR+F+G4 / LnL: -12792.206 / df: 36 / AIC: 25656.411 / AICc: 25658.440 / BIC: 25843.894
Selecting individual models for 3 charsets using BIC...
 No. Model        Score       Charset
   1 GTR+F+G4     4266.828    p2
   2 TIM2+F+I+G4  6809.093    p1
   3 TPM3u+F+G4   13533.114   p3
Full partition model BIC score: 24825.004 (LnL: -12225.098  df:52)
Merging models to increase model fit (about 7 total partition schemes)...
   4 TPM3u+F+I+G4 24988.362   p1+p2
   5 HKY+F+I+G4   25638.386   p2+p3
   6 TIM2+F+I+G4  25291.153   p1+p3
BEST-FIT PARTITION MODEL: 
  charpartition BIC = TIM2+F+I+G4: p1, GTR+F+G4: p2, TPM3u+F+G4: p3;
Agglomerative model selection: (p1,p2,p3)
Partition information was printed to Yeast_2408_clade1//aln_seqs/OG2382.nt.aln.nex.best_scheme.nex
Partition information in Raxml format was printed to Yeast_2408_clade1//aln_seqs/OG2382.nt.aln.nex.best_scheme

All model information printed to Yeast_2408_clade1//aln_seqs/OG2382.nt.aln.nex.model.gz
CPU time for ModelFinder: 16.250 seconds (0h:0m:16s)
Wall-clock time for ModelFinder: 773.176 seconds (0h:12m:53s)
Generating 1000 samples for ultrafast bootstrap (seed: 134267)...

NOTE: 4 MB RAM (0 GB) is required!
Estimate model parameters (epsilon = 0.100)
Initial log-likelihood: -13288.190
Current log-likelihood at step 1: -12392.003
Current log-likelihood at step 2: -12227.623
Current log-likelihood at step 3: -12224.432
Current log-likelihood at step 4: -12223.867
Current log-likelihood at step 5: -12223.620
Current log-likelihood at step 6: -12223.528
Partition-specific rates:  0.428 0.166 2.405
Parameters optimization took 5 rounds (8.504 sec)

Computing ML distances based on estimated model parameters... 0.005 sec
Computing BIONJ tree...
0.163 seconds
Log-likelihood of BIONJ tree: -12210.235
--------------------------------------------------------------------
|             INITIALIZING CANDIDATE TREE SET                      |
--------------------------------------------------------------------
Generating 98 parsimony trees... 12.475 second
Computing log-likelihood of 97 initial trees ... 227.480 seconds
Current best score: -12210.235

Do NNI search on 20 best initial trees
Estimate model parameters (epsilon = 0.100)
Initial log-likelihood: -12205.325
Current log-likelihood at step 1: -12205.043
Current log-likelihood at step 2: -12205.019
Parameters optimization took 1 rounds (10.623 sec)

BETTER TREE FOUND at iteration 1: -12205.019
Iteration 10 / LogL: -12205.307 / Time: 0h:7m:11s
Iteration 20 / LogL: -12205.156 / Time: 0h:10m:54s
Finish initializing candidate tree set (1)
Current best tree score: -12205.019 / CPU time: 639.685
Number of iterations: 20
--------------------------------------------------------------------
|               OPTIMIZING CANDIDATE TREE SET                      |
--------------------------------------------------------------------
Iteration 30 / LogL: -12205.025 / Time: 0h:14m:43s (0h:36m:2s left)
Iteration 40 / LogL: -12205.241 / Time: 0h:19m:43s (0h:30m:50s left)
Iteration 50 / LogL: -12205.625 / Time: 0h:23m:14s (0h:24m:10s left)
Log-likelihood cutoff on original alignment: -12251.853
Iteration 60 / LogL: -12211.832 / Time: 0h:27m:48s (0h:19m:19s left)
Iteration 70 / LogL: -12205.235 / Time: 0h:32m:14s (0h:14m:28s left)
Iteration 80 / LogL: -12205.435 / Time: 0h:35m:9s (0h:9m:20s left)
Iteration 90 / LogL: -12205.333 / Time: 0h:41m:18s (0h:5m:6s left)
Iteration 100 / LogL: -12205.135 / Time: 0h:46m:8s (0h:0m:27s left)
Log-likelihood cutoff on original alignment: -12231.195
NOTE: Bootstrap correlation coefficient of split occurrence frequencies: 0.996
TREE SEARCH COMPLETED AFTER 102 ITERATIONS / Time: 0h:46m:46s

--------------------------------------------------------------------
|                    FINALIZING TREE SEARCH                        |
--------------------------------------------------------------------
Performs final model parameters optimization
Estimate model parameters (epsilon = 0.010)
Initial log-likelihood: -12205.015
Current log-likelihood at step 1: -12205.008
Partition-specific rates:  0.421 0.164 2.414
Parameters optimization took 0 rounds (0.769 sec)

BEST SCORE FOUND : -12205.008
Creating bootstrap support values...
Split supports printed to NEXUS file Yeast_2408_clade1//aln_seqs/OG2382.nt.aln.nex.splits.nex
Total tree length: 5.143

Total number of iterations: 102
CPU time used for tree search: 71.214 sec (0h:1m:11s)
Wall-clock time used for tree search: 2790.755 sec (0h:46m:30s)
Total CPU time used: 71.973 sec (0h:1m:11s)
Total wall-clock time used: 2810.258 sec (0h:46m:50s)

Computing bootstrap consensus tree...
Reading input file Yeast_2408_clade1//aln_seqs/OG2382.nt.aln.nex.splits.nex...
15 taxa and 49 splits.
Consensus tree written to Yeast_2408_clade1//aln_seqs/OG2382.nt.aln.nex.contree
Reading input trees file Yeast_2408_clade1//aln_seqs/OG2382.nt.aln.nex.contree
Log-likelihood of consensus tree: -12205.008

Analysis results written to: 
  IQ-TREE report:                Yeast_2408_clade1//aln_seqs/OG2382.nt.aln.nex.iqtree
  Maximum-likelihood tree:       Yeast_2408_clade1//aln_seqs/OG2382.nt.aln.nex.treefile
  Likelihood distances:          Yeast_2408_clade1//aln_seqs/OG2382.nt.aln.nex.mldist
  Best partitioning scheme:      Yeast_2408_clade1//aln_seqs/OG2382.nt.aln.nex.best_scheme.nex
           in RAxML format:      Yeast_2408_clade1//aln_seqs/OG2382.nt.aln.nex.best_scheme

Ultrafast bootstrap approximation results written to:
  Split support values:          Yeast_2408_clade1//aln_seqs/OG2382.nt.aln.nex.splits.nex
  Consensus tree:                Yeast_2408_clade1//aln_seqs/OG2382.nt.aln.nex.contree
  Screen log file:               Yeast_2408_clade1//aln_seqs/OG2382.nt.aln.nex.log

Date and Time: Thu Mar  7 06:26:04 2019
