IQ-TREE multicore version 1.6.8 for Linux 64-bit built Oct 28 2018
Developed by Bui Quang Minh, Nguyen Lam Tung, Olga Chernomor,
Heiko Schmidt, Dominik Schrempf, Michael Woodhams.

Host:    sango10411.oist.jp (AVX2, FMA3, 125 GB RAM)
Command: iqtree -s Yeast_2408_clade1//aln_seqs/OG2436.nt.aln -bb 1000 -redo -nt 3 -spp Yeast_2408_clade1//aln_seqs/OG2436.nt.aln.nex -m MFPMERGE
Seed:    478388 (Using SPRNG - Scalable Parallel Random Number Generator)
Time:    Thu Mar  7 05:26:57 2019
Kernel:  AVX+FMA - 3 threads (24 CPU cores detected)

Reading partition model file Yeast_2408_clade1//aln_seqs/OG2436.nt.aln.nex ...
Reading alignment file Yeast_2408_clade1//aln_seqs/OG2436.nt.aln ... Fasta format detected
Alignment most likely contains DNA/RNA sequences
Alignment has 15 sequences with 873 columns, 443 distinct patterns
401 parsimony-informative, 94 singleton sites, 378 constant sites
                                    Gap/Ambiguity  Composition  p-value
   1  Candida_glabrata                      0.00%    passed     75.46%
   2  Nakaseomyces_bacillisporus            0.00%    failed      0.01%
   3  Nakaseomyces_bracarensis              0.00%    failed      0.55%
   4  Nakaseomyces_castellii                0.00%    passed     17.42%
   5  Nakaseomyces_delphensis               0.00%    passed     61.35%
   6  Nakaseomyces_nivariensis              0.00%    passed     41.49%
   7  Saccharomyces_arboricola              0.00%    passed     93.15%
   8  Saccharomyces_cerevisiae              0.00%    passed     59.62%
   9  Saccharomyces_eubayanus               0.00%    passed     90.82%
  10  Saccharomyces_kudriavzevii            0.00%    passed     45.99%
  11  Saccharomyces_mikatae                 0.00%    passed     90.14%
  12  Saccharomyces_paradoxus               0.00%    passed     93.02%
  13  Saccharomyces_uvarum                  0.00%    passed     97.06%
  14  Tetrapisispora_blattae                0.00%    passed     20.30%
  15  yHMPu5000035629_Yueomyces_sinensis    0.34%    failed      0.00%
****  TOTAL                                 0.02%  3 sequences failed composition chi2 test (p-value<5%; df=3)
NOTE: No CharPartition defined, use all CharSets

Loading 3 partitions...
Subset	Type	Seqs	Sites	Infor	Invar	Model	Name
1		15	291	89	159	MFPMERGE	p1
2		15	291	46	209	MFPMERGE	p2
3		15	291	266	10	MFPMERGE	p3
Degree of missing data: 0.000
Info: multi-threading strategy over partitions



Create initial parsimony tree by phylogenetic likelihood library (PLL)... 0.001 seconds
NOTE: ModelFinder requires 4 MB RAM!
Testing GTR+F+G on supermatrix...
GTR+F+G4 / LnL: -7307.686 / df: 36 / AIC: 14687.373 / AICc: 14690.559 / BIC: 14859.162
Selecting individual models for 3 charsets using BIC...
 No. Model        Score       Charset
   1 K2P+G4       2342.253    p2
   2 TIM2+F+I+G4  3280.791    p1
   3 HKY+F+I+G4   8311.686    p3
Full partition model BIC score: 14131.674 (LnL: -6913.468  df:45)
Merging models to increase model fit (about 7 total partition schemes)...
   4 TPM3+F+G4    14142.312   p1+p2
   5 TIM2+F+I+G4  14568.215   p1+p3
   6 TN+F+I+G4    14651.878   p2+p3
BEST-FIT PARTITION MODEL: 
  charpartition BIC = TIM2+F+I+G4: p1, K2P+G4: p2, HKY+F+I+G4: p3;
Agglomerative model selection: (p1,p2,p3)
Partition information was printed to Yeast_2408_clade1//aln_seqs/OG2436.nt.aln.nex.best_scheme.nex
Partition information in Raxml format was printed to Yeast_2408_clade1//aln_seqs/OG2436.nt.aln.nex.best_scheme

All model information printed to Yeast_2408_clade1//aln_seqs/OG2436.nt.aln.nex.model.gz
CPU time for ModelFinder: 15.640 seconds (0h:0m:15s)
Wall-clock time for ModelFinder: 887.131 seconds (0h:14m:47s)
Generating 1000 samples for ultrafast bootstrap (seed: 478388)...

NOTE: 2 MB RAM (0 GB) is required!
WARNING: Number of threads seems too high for short alignments. Use -nt AUTO to determine best number of threads.
Estimate model parameters (epsilon = 0.100)
Initial log-likelihood: -7708.595
Current log-likelihood at step 1: -7026.282
Current log-likelihood at step 2: -6922.084
Current log-likelihood at step 3: -6913.362
Current log-likelihood at step 4: -6911.350
Current log-likelihood at step 5: -6910.834
Current log-likelihood at step 6: -6910.668
Current log-likelihood at step 7: -6910.601
Partition-specific rates:  0.246 0.129 2.625
Parameters optimization took 6 rounds (12.443 sec)

Computing ML distances based on estimated model parameters... 0.006 sec
Computing BIONJ tree...
0.246 seconds
Log-likelihood of BIONJ tree: -6895.357
--------------------------------------------------------------------
|             INITIALIZING CANDIDATE TREE SET                      |
--------------------------------------------------------------------
Generating 98 parsimony trees... 14.112 second
Computing log-likelihood of 98 initial trees ... 424.663 seconds
Current best score: -6895.357

Do NNI search on 20 best initial trees
Estimate model parameters (epsilon = 0.100)
Initial log-likelihood: -6892.433
Current log-likelihood at step 1: -6891.921
Current log-likelihood at step 2: -6891.867
Parameters optimization took 1 rounds (2.461 sec)

BETTER TREE FOUND at iteration 1: -6891.867
Iteration 10 / LogL: -6892.184 / Time: 0h:13m:1s
Iteration 20 / LogL: -6892.029 / Time: 0h:16m:9s
Finish initializing candidate tree set (1)
Current best tree score: -6891.867 / CPU time: 952.776
Number of iterations: 20
--------------------------------------------------------------------
|               OPTIMIZING CANDIDATE TREE SET                      |
--------------------------------------------------------------------
Iteration 30 / LogL: -6897.988 / Time: 0h:19m:32s (0h:47m:50s left)
Iteration 40 / LogL: -6897.986 / Time: 0h:22m:3s (0h:34m:30s left)
Iteration 50 / LogL: -6912.769 / Time: 0h:24m:47s (0h:25m:48s left)
Log-likelihood cutoff on original alignment: -6924.036
Iteration 60 / LogL: -6898.346 / Time: 0h:28m:33s (0h:19m:51s left)
Iteration 70 / LogL: -6912.815 / Time: 0h:31m:24s (0h:14m:6s left)
Iteration 80 / LogL: -6891.954 / Time: 0h:33m:54s (0h:9m:0s left)
Iteration 90 / LogL: -6897.815 / Time: 0h:35m:39s (0h:4m:24s left)
Iteration 100 / LogL: -6912.767 / Time: 0h:38m:55s (0h:0m:23s left)
Log-likelihood cutoff on original alignment: -6924.036
NOTE: Bootstrap correlation coefficient of split occurrence frequencies: 0.998
TREE SEARCH COMPLETED AFTER 102 ITERATIONS / Time: 0h:39m:23s

--------------------------------------------------------------------
|                    FINALIZING TREE SEARCH                        |
--------------------------------------------------------------------
Performs final model parameters optimization
Estimate model parameters (epsilon = 0.010)
Initial log-likelihood: -6891.867
Current log-likelihood at step 1: -6891.845
Current log-likelihood at step 2: -6891.836
Partition-specific rates:  0.238 0.124 2.639
Parameters optimization took 1 rounds (1.553 sec)

BEST SCORE FOUND : -6891.836
Creating bootstrap support values...
Split supports printed to NEXUS file Yeast_2408_clade1//aln_seqs/OG2436.nt.aln.nex.splits.nex
Total tree length: 6.313

Total number of iterations: 102
CPU time used for tree search: 55.556 sec (0h:0m:55s)
Wall-clock time used for tree search: 2345.151 sec (0h:39m:5s)
Total CPU time used: 56.249 sec (0h:0m:56s)
Total wall-clock time used: 2369.176 sec (0h:39m:29s)

Computing bootstrap consensus tree...
Reading input file Yeast_2408_clade1//aln_seqs/OG2436.nt.aln.nex.splits.nex...
15 taxa and 96 splits.
Consensus tree written to Yeast_2408_clade1//aln_seqs/OG2436.nt.aln.nex.contree
Reading input trees file Yeast_2408_clade1//aln_seqs/OG2436.nt.aln.nex.contree
Log-likelihood of consensus tree: -6891.836

Analysis results written to: 
  IQ-TREE report:                Yeast_2408_clade1//aln_seqs/OG2436.nt.aln.nex.iqtree
  Maximum-likelihood tree:       Yeast_2408_clade1//aln_seqs/OG2436.nt.aln.nex.treefile
  Likelihood distances:          Yeast_2408_clade1//aln_seqs/OG2436.nt.aln.nex.mldist
  Best partitioning scheme:      Yeast_2408_clade1//aln_seqs/OG2436.nt.aln.nex.best_scheme.nex
           in RAxML format:      Yeast_2408_clade1//aln_seqs/OG2436.nt.aln.nex.best_scheme

Ultrafast bootstrap approximation results written to:
  Split support values:          Yeast_2408_clade1//aln_seqs/OG2436.nt.aln.nex.splits.nex
  Consensus tree:                Yeast_2408_clade1//aln_seqs/OG2436.nt.aln.nex.contree
  Screen log file:               Yeast_2408_clade1//aln_seqs/OG2436.nt.aln.nex.log

Date and Time: Thu Mar  7 06:21:19 2019
