IQ-TREE multicore version 1.6.8 for Linux 64-bit built Oct 28 2018
Developed by Bui Quang Minh, Nguyen Lam Tung, Olga Chernomor,
Heiko Schmidt, Dominik Schrempf, Michael Woodhams.

Host:    sango10411.oist.jp (AVX2, FMA3, 125 GB RAM)
Command: iqtree -s Yeast_2408_clade1//aln_seqs/OG2504.nt.aln -bb 1000 -redo -nt 3 -spp Yeast_2408_clade1//aln_seqs/OG2504.nt.aln.nex -m MFPMERGE
Seed:    279978 (Using SPRNG - Scalable Parallel Random Number Generator)
Time:    Thu Mar  7 05:26:19 2019
Kernel:  AVX+FMA - 3 threads (24 CPU cores detected)

Reading partition model file Yeast_2408_clade1//aln_seqs/OG2504.nt.aln.nex ...
Reading alignment file Yeast_2408_clade1//aln_seqs/OG2504.nt.aln ... Fasta format detected
Alignment most likely contains DNA/RNA sequences
Alignment has 15 sequences with 1278 columns, 700 distinct patterns
666 parsimony-informative, 103 singleton sites, 508 constant sites
                                    Gap/Ambiguity  Composition  p-value
   1  Candida_glabrata                      0.00%    passed     16.11%
   2  Nakaseomyces_bacillisporus            0.00%    passed     37.14%
   3  Nakaseomyces_bracarensis              0.00%    passed     59.32%
   4  Nakaseomyces_castellii                0.23%    passed     62.03%
   5  Nakaseomyces_delphensis               0.00%    passed     22.52%
   6  Nakaseomyces_nivariensis              0.00%    passed     31.54%
   7  Saccharomyces_arboricola              0.00%    passed     81.39%
   8  Saccharomyces_cerevisiae              0.00%    passed     36.21%
   9  Saccharomyces_eubayanus               0.00%    passed     22.00%
  10  Saccharomyces_kudriavzevii            0.00%    passed      7.27%
  11  Saccharomyces_mikatae                 0.00%    passed     23.63%
  12  Saccharomyces_paradoxus               0.00%    passed     26.43%
  13  Saccharomyces_uvarum                  0.00%    passed     53.12%
  14  Tetrapisispora_blattae                0.00%    passed     54.16%
  15  yHMPu5000035629_Yueomyces_sinensis    0.00%    failed      0.00%
****  TOTAL                                 0.02%  1 sequences failed composition chi2 test (p-value<5%; df=3)
NOTE: No CharPartition defined, use all CharSets

Loading 3 partitions...
Subset	Type	Seqs	Sites	Infor	Invar	Model	Name
1		15	426	180	211	MFPMERGE	p1
2		15	426	91	287	MFPMERGE	p2
3		15	426	395	11	MFPMERGE	p3
Degree of missing data: 0.000
Info: multi-threading strategy over partitions



Create initial parsimony tree by phylogenetic likelihood library (PLL)... 0.001 seconds
NOTE: ModelFinder requires 6 MB RAM!
Testing GTR+F+G on supermatrix...
GTR+F+G4 / LnL: -11538.442 / df: 36 / AIC: 23148.883 / AICc: 23151.030 / BIC: 23334.393
Selecting individual models for 3 charsets using BIC...
 No. Model        Score       Charset
   1 TPM3+F+G4    4033.964    p2
   2 GTR+F+I+G4   5836.775    p1
   3 TN+F+I+G4    12315.738   p3
Full partition model BIC score: 22401.020 (LnL: -11014.531  df:52)
Merging models to increase model fit (about 7 total partition schemes)...
   4 GTR+F+G4     22438.725   p1+p2
   5 GTR+F+I+G4   22960.691   p1+p3
   6 TPM3+F+I+G4  23125.500   p2+p3
BEST-FIT PARTITION MODEL: 
  charpartition BIC = GTR+F+I+G4: p1, TPM3+F+G4: p2, TN+F+I+G4: p3;
Agglomerative model selection: (p1,p2,p3)
Partition information was printed to Yeast_2408_clade1//aln_seqs/OG2504.nt.aln.nex.best_scheme.nex
Partition information in Raxml format was printed to Yeast_2408_clade1//aln_seqs/OG2504.nt.aln.nex.best_scheme

All model information printed to Yeast_2408_clade1//aln_seqs/OG2504.nt.aln.nex.model.gz
CPU time for ModelFinder: 27.795 seconds (0h:0m:27s)
Wall-clock time for ModelFinder: 1822.840 seconds (0h:30m:22s)
Generating 1000 samples for ultrafast bootstrap (seed: 279978)...

NOTE: 4 MB RAM (0 GB) is required!
Estimate model parameters (epsilon = 0.100)
Initial log-likelihood: -12133.855
Current log-likelihood at step 1: -11095.657
Current log-likelihood at step 2: -11017.200
Current log-likelihood at step 3: -11012.654
Current log-likelihood at step 4: -11011.874
Current log-likelihood at step 5: -11011.651
Current log-likelihood at step 6: -11011.518
Current log-likelihood at step 7: -11011.460
Partition-specific rates:  0.402 0.186 2.412
Parameters optimization took 6 rounds (19.350 sec)

Computing ML distances based on estimated model parameters... 0.006 sec
Computing BIONJ tree...
0.371 seconds
Log-likelihood of BIONJ tree: -10987.012
--------------------------------------------------------------------
|             INITIALIZING CANDIDATE TREE SET                      |
--------------------------------------------------------------------
Generating 98 parsimony trees... 33.642 second
Computing log-likelihood of 98 initial trees ... 366.240 seconds
Current best score: -10987.012

Do NNI search on 20 best initial trees
Estimate model parameters (epsilon = 0.100)
Initial log-likelihood: -10982.821
Current log-likelihood at step 1: -10982.365
Current log-likelihood at step 2: -10982.286
Parameters optimization took 1 rounds (3.835 sec)

BETTER TREE FOUND at iteration 1: -10982.286
Iteration 10 / LogL: -10982.343 / Time: 0h:12m:7s
Iteration 20 / LogL: -10982.320 / Time: 0h:15m:30s
Finish initializing candidate tree set (1)
Current best tree score: -10982.286 / CPU time: 899.446
Number of iterations: 20
--------------------------------------------------------------------
|               OPTIMIZING CANDIDATE TREE SET                      |
--------------------------------------------------------------------
Iteration 30 / LogL: -10982.378 / Time: 0h:18m:24s (0h:45m:3s left)
Iteration 40 / LogL: -10993.313 / Time: 0h:21m:13s (0h:33m:11s left)
UPDATE BEST LOG-LIKELIHOOD: -10982.285
Iteration 50 / LogL: -10982.372 / Time: 0h:23m:57s (0h:24m:55s left)
Log-likelihood cutoff on original alignment: -11011.347
Iteration 60 / LogL: -10982.296 / Time: 0h:29m:57s (0h:20m:49s left)
Iteration 70 / LogL: -10993.331 / Time: 0h:34m:34s (0h:15m:32s left)
Iteration 80 / LogL: -10982.388 / Time: 0h:37m:1s (0h:9m:50s left)
Iteration 90 / LogL: -10982.371 / Time: 0h:38m:24s (0h:4m:44s left)
Iteration 100 / LogL: -10982.334 / Time: 0h:40m:23s (0h:0m:24s left)
Log-likelihood cutoff on original alignment: -11011.888
NOTE: Bootstrap correlation coefficient of split occurrence frequencies: 0.999
TREE SEARCH COMPLETED AFTER 102 ITERATIONS / Time: 0h:40m:35s

--------------------------------------------------------------------
|                    FINALIZING TREE SEARCH                        |
--------------------------------------------------------------------
Performs final model parameters optimization
Estimate model parameters (epsilon = 0.010)
Initial log-likelihood: -10982.285
Current log-likelihood at step 1: -10982.264
Current log-likelihood at step 2: -10982.254
Current log-likelihood at step 3: -10982.249
Partition-specific rates:  0.381 0.176 2.443
Parameters optimization took 2 rounds (1.546 sec)

BEST SCORE FOUND : -10982.249
Creating bootstrap support values...
Split supports printed to NEXUS file Yeast_2408_clade1//aln_seqs/OG2504.nt.aln.nex.splits.nex
Total tree length: 5.364

Total number of iterations: 102
CPU time used for tree search: 69.490 sec (0h:1m:9s)
Wall-clock time used for tree search: 2403.486 sec (0h:40m:3s)
Total CPU time used: 70.433 sec (0h:1m:10s)
Total wall-clock time used: 2439.289 sec (0h:40m:39s)

Computing bootstrap consensus tree...
Reading input file Yeast_2408_clade1//aln_seqs/OG2504.nt.aln.nex.splits.nex...
15 taxa and 57 splits.
Consensus tree written to Yeast_2408_clade1//aln_seqs/OG2504.nt.aln.nex.contree
Reading input trees file Yeast_2408_clade1//aln_seqs/OG2504.nt.aln.nex.contree
Log-likelihood of consensus tree: -10982.250

Analysis results written to: 
  IQ-TREE report:                Yeast_2408_clade1//aln_seqs/OG2504.nt.aln.nex.iqtree
  Maximum-likelihood tree:       Yeast_2408_clade1//aln_seqs/OG2504.nt.aln.nex.treefile
  Likelihood distances:          Yeast_2408_clade1//aln_seqs/OG2504.nt.aln.nex.mldist
  Best partitioning scheme:      Yeast_2408_clade1//aln_seqs/OG2504.nt.aln.nex.best_scheme.nex
           in RAxML format:      Yeast_2408_clade1//aln_seqs/OG2504.nt.aln.nex.best_scheme

Ultrafast bootstrap approximation results written to:
  Split support values:          Yeast_2408_clade1//aln_seqs/OG2504.nt.aln.nex.splits.nex
  Consensus tree:                Yeast_2408_clade1//aln_seqs/OG2504.nt.aln.nex.contree
  Screen log file:               Yeast_2408_clade1//aln_seqs/OG2504.nt.aln.nex.log

Date and Time: Thu Mar  7 06:37:26 2019
