IQ-TREE multicore version 1.6.8 for Linux 64-bit built Oct 28 2018
Developed by Bui Quang Minh, Nguyen Lam Tung, Olga Chernomor,
Heiko Schmidt, Dominik Schrempf, Michael Woodhams.

Host:    sango10411.oist.jp (AVX2, FMA3, 125 GB RAM)
Command: iqtree -s Yeast_2408_clade1//aln_seqs/OG2757.nt.aln -bb 1000 -redo -nt 3 -spp Yeast_2408_clade1//aln_seqs/OG2757.nt.aln.nex -m MFPMERGE
Seed:    4047 (Using SPRNG - Scalable Parallel Random Number Generator)
Time:    Thu Mar  7 05:25:35 2019
Kernel:  AVX+FMA - 3 threads (24 CPU cores detected)

Reading partition model file Yeast_2408_clade1//aln_seqs/OG2757.nt.aln.nex ...
Reading alignment file Yeast_2408_clade1//aln_seqs/OG2757.nt.aln ... Fasta format detected
Alignment most likely contains DNA/RNA sequences
Alignment has 15 sequences with 882 columns, 421 distinct patterns
391 parsimony-informative, 60 singleton sites, 431 constant sites
                                    Gap/Ambiguity  Composition  p-value
   1  Candida_glabrata                      0.00%    passed     81.65%
   2  Nakaseomyces_bacillisporus            0.00%    failed      2.46%
   3  Nakaseomyces_bracarensis              0.00%    failed      1.34%
   4  Nakaseomyces_castellii                0.00%    failed      0.87%
   5  Nakaseomyces_delphensis               0.00%    failed      0.00%
   6  Nakaseomyces_nivariensis              0.00%    failed      4.32%
   7  Saccharomyces_arboricola              0.00%    passed     68.28%
   8  Saccharomyces_cerevisiae              0.00%    passed     36.19%
   9  Saccharomyces_eubayanus               0.00%    passed     78.78%
  10  Saccharomyces_kudriavzevii            0.00%    passed     95.32%
  11  Saccharomyces_mikatae                 0.00%    passed     27.37%
  12  Saccharomyces_paradoxus               0.00%    passed     54.30%
  13  Saccharomyces_uvarum                  0.00%    passed     98.52%
  14  Tetrapisispora_blattae                0.00%    failed      0.32%
  15  yHMPu5000035629_Yueomyces_sinensis    0.00%    failed      0.00%
****  TOTAL                                 0.00%  7 sequences failed composition chi2 test (p-value<5%; df=3)
NOTE: No CharPartition defined, use all CharSets

Loading 3 partitions...
Subset	Type	Seqs	Sites	Infor	Invar	Model	Name
1		15	294	91	186	MFPMERGE	p1
2		15	294	45	226	MFPMERGE	p2
3		15	294	255	19	MFPMERGE	p3
Degree of missing data: 0.000
Info: multi-threading strategy over partitions



Create initial parsimony tree by phylogenetic likelihood library (PLL)... 0.001 seconds
NOTE: ModelFinder requires 3 MB RAM!
Testing GTR+F+G on supermatrix...
GTR+F+G4 / LnL: -6843.756 / df: 36 / AIC: 13759.512 / AICc: 13762.665 / BIC: 13931.671
Selecting individual models for 3 charsets using BIC...
 No. Model        Score       Charset
   1 TIM2+F+R3    1979.208    p2
   2 TIM3+F+I+G4  3343.366    p1
   3 TVM+F+G4     7785.826    p3
Full partition model BIC score: 13316.596 (LnL: -6471.788  df:55)
Merging models to increase model fit (about 7 total partition schemes)...
   4 TPM3u+F+I+G4 13375.385   p1+p2
   5 TN+F+I+G4    13789.579   p2+p3
   6 TIM2+F+I+G4  13655.161   p1+p3
BEST-FIT PARTITION MODEL: 
  charpartition BIC = TIM3+F+I+G4: p1, TIM2+F+R3: p2, TVM+F+G4: p3;
Agglomerative model selection: (p1,p2,p3)
Partition information was printed to Yeast_2408_clade1//aln_seqs/OG2757.nt.aln.nex.best_scheme.nex
Partition information in Raxml format was printed to Yeast_2408_clade1//aln_seqs/OG2757.nt.aln.nex.best_scheme

All model information printed to Yeast_2408_clade1//aln_seqs/OG2757.nt.aln.nex.model.gz
CPU time for ModelFinder: 10.778 seconds (0h:0m:10s)
Wall-clock time for ModelFinder: 541.748 seconds (0h:9m:1s)
Generating 1000 samples for ultrafast bootstrap (seed: 4047)...

NOTE: 2 MB RAM (0 GB) is required!
WARNING: Number of threads seems too high for short alignments. Use -nt AUTO to determine best number of threads.
Estimate model parameters (epsilon = 0.100)
Initial log-likelihood: -7188.134
Current log-likelihood at step 1: -6548.237
Current log-likelihood at step 2: -6470.869
Current log-likelihood at step 3: -6468.833
Current log-likelihood at step 4: -6468.360
Current log-likelihood at step 5: -6468.002
Current log-likelihood at step 6: -6467.731
Current log-likelihood at step 7: -6467.515
Current log-likelihood at step 8: -6467.350
Current log-likelihood at step 9: -6467.222
Current log-likelihood at step 10: -6467.122
Partition-specific rates:  0.453 0.127 2.420
Parameters optimization took 9 rounds (12.508 sec)

Computing ML distances based on estimated model parameters... 0.006 sec
Computing BIONJ tree...
0.194 seconds
Log-likelihood of BIONJ tree: -6468.312
--------------------------------------------------------------------
|             INITIALIZING CANDIDATE TREE SET                      |
--------------------------------------------------------------------
Generating 98 parsimony trees... 9.882 second
Computing log-likelihood of 98 initial trees ... 75.110 seconds
Current best score: -6467.122

Do NNI search on 20 best initial trees
Estimate model parameters (epsilon = 0.100)
Initial log-likelihood: -6467.122
Current log-likelihood at step 1: -6467.043
Parameters optimization took 0 rounds (0.926 sec)

BETTER TREE FOUND at iteration 1: -6467.043
Estimate model parameters (epsilon = 0.100)
Initial log-likelihood: -6465.336
Current log-likelihood at step 1: -6464.869
Current log-likelihood at step 2: -6464.725
Current log-likelihood at step 3: -6464.608
Current log-likelihood at step 4: -6464.501
Current log-likelihood at step 5: -6464.399
Current log-likelihood at step 6: -6464.300
Parameters optimization took 5 rounds (4.151 sec)

BETTER TREE FOUND at iteration 2: -6464.300
Estimate model parameters (epsilon = 0.100)
Initial log-likelihood: -6464.286
Current log-likelihood at step 1: -6464.161
Current log-likelihood at step 2: -6464.058
Current log-likelihood at step 3: -6463.958
Parameters optimization took 2 rounds (2.016 sec)

BETTER TREE FOUND at iteration 3: -6463.958
Iteration 10 / LogL: -6465.413 / Time: 0h:3m:30s
Iteration 20 / LogL: -6465.545 / Time: 0h:4m:55s
Finish initializing candidate tree set (5)
Current best tree score: -6463.958 / CPU time: 279.878
Number of iterations: 20
--------------------------------------------------------------------
|               OPTIMIZING CANDIDATE TREE SET                      |
--------------------------------------------------------------------
Iteration 30 / LogL: -6464.050 / Time: 0h:9m:26s (0h:23m:44s left)
Iteration 40 / LogL: -6465.960 / Time: 0h:11m:27s (0h:18m:30s left)
Iteration 50 / LogL: -6481.951 / Time: 0h:14m:26s (0h:15m:37s left)
Log-likelihood cutoff on original alignment: -6486.105
Iteration 60 / LogL: -6464.119 / Time: 0h:17m:19s (0h:12m:37s left)
Iteration 70 / LogL: -6465.416 / Time: 0h:21m:14s (0h:10m:9s left)
Iteration 80 / LogL: -6466.068 / Time: 0h:25m:58s (0h:7m:33s left)
Iteration 90 / LogL: -6463.960 / Time: 0h:33m:45s (0h:4m:55s left)
Iteration 100 / LogL: -6463.959 / Time: 0h:36m:15s (0h:1m:5s left)
Log-likelihood cutoff on original alignment: -6486.664
NOTE: Bootstrap correlation coefficient of split occurrence frequencies: 1.000
TREE SEARCH COMPLETED AFTER 104 ITERATIONS / Time: 0h:38m:31s

--------------------------------------------------------------------
|                    FINALIZING TREE SEARCH                        |
--------------------------------------------------------------------
Performs final model parameters optimization
Estimate model parameters (epsilon = 0.010)
Initial log-likelihood: -6463.958
Current log-likelihood at step 1: -6463.863
Current log-likelihood at step 2: -6463.776
Current log-likelihood at step 3: -6463.695
Current log-likelihood at step 4: -6463.623
Current log-likelihood at step 5: -6463.572
Current log-likelihood at step 6: -6463.528
Current log-likelihood at step 7: -6463.500
Current log-likelihood at step 8: -6463.476
Current log-likelihood at step 9: -6463.460
Current log-likelihood at step 10: -6463.449
Current log-likelihood at step 11: -6463.438
Current log-likelihood at step 12: -6463.432
Partition-specific rates:  0.448 0.137 2.415
Parameters optimization took 11 rounds (13.290 sec)

BEST SCORE FOUND : -6463.432
Creating bootstrap support values...
Split supports printed to NEXUS file Yeast_2408_clade1//aln_seqs/OG2757.nt.aln.nex.splits.nex
Total tree length: 4.265

Total number of iterations: 104
CPU time used for tree search: 58.400 sec (0h:0m:58s)
Wall-clock time used for tree search: 2295.000 sec (0h:38m:14s)
Total CPU time used: 59.474 sec (0h:0m:59s)
Total wall-clock time used: 2328.777 sec (0h:38m:48s)

Computing bootstrap consensus tree...
Reading input file Yeast_2408_clade1//aln_seqs/OG2757.nt.aln.nex.splits.nex...
15 taxa and 76 splits.
Consensus tree written to Yeast_2408_clade1//aln_seqs/OG2757.nt.aln.nex.contree
Reading input trees file Yeast_2408_clade1//aln_seqs/OG2757.nt.aln.nex.contree
Log-likelihood of consensus tree: -6463.527

Analysis results written to: 
  IQ-TREE report:                Yeast_2408_clade1//aln_seqs/OG2757.nt.aln.nex.iqtree
  Maximum-likelihood tree:       Yeast_2408_clade1//aln_seqs/OG2757.nt.aln.nex.treefile
  Likelihood distances:          Yeast_2408_clade1//aln_seqs/OG2757.nt.aln.nex.mldist
  Best partitioning scheme:      Yeast_2408_clade1//aln_seqs/OG2757.nt.aln.nex.best_scheme.nex
           in RAxML format:      Yeast_2408_clade1//aln_seqs/OG2757.nt.aln.nex.best_scheme

Ultrafast bootstrap approximation results written to:
  Split support values:          Yeast_2408_clade1//aln_seqs/OG2757.nt.aln.nex.splits.nex
  Consensus tree:                Yeast_2408_clade1//aln_seqs/OG2757.nt.aln.nex.contree
  Screen log file:               Yeast_2408_clade1//aln_seqs/OG2757.nt.aln.nex.log

Date and Time: Thu Mar  7 06:13:32 2019
