IQ-TREE multicore version 1.6.8 for Linux 64-bit built Oct 28 2018
Developed by Bui Quang Minh, Nguyen Lam Tung, Olga Chernomor,
Heiko Schmidt, Dominik Schrempf, Michael Woodhams.

Host:    sango10411.oist.jp (AVX2, FMA3, 125 GB RAM)
Command: iqtree -s Yeast_2408_clade1//aln_seqs/OG3023.nt.aln -bb 1000 -redo -nt 3 -spp Yeast_2408_clade1//aln_seqs/OG3023.nt.aln.nex -m MFPMERGE
Seed:    162636 (Using SPRNG - Scalable Parallel Random Number Generator)
Time:    Thu Mar  7 05:26:19 2019
Kernel:  AVX+FMA - 3 threads (24 CPU cores detected)

Reading partition model file Yeast_2408_clade1//aln_seqs/OG3023.nt.aln.nex ...
Reading alignment file Yeast_2408_clade1//aln_seqs/OG3023.nt.aln ... Fasta format detected
Alignment most likely contains DNA/RNA sequences
Alignment has 15 sequences with 2238 columns, 1275 distinct patterns
1172 parsimony-informative, 387 singleton sites, 679 constant sites
                                    Gap/Ambiguity  Composition  p-value
   1  Candida_glabrata                      0.40%    failed      0.56%
   2  Nakaseomyces_bacillisporus           10.86%    passed     64.11%
   3  Nakaseomyces_bracarensis              0.54%    failed      0.14%
   4  Nakaseomyces_castellii                0.13%    failed      1.18%
   5  Nakaseomyces_delphensis               0.40%    failed      0.07%
   6  Nakaseomyces_nivariensis              0.40%    failed      1.00%
   7  Saccharomyces_arboricola              0.00%    passed     65.01%
   8  Saccharomyces_cerevisiae              0.00%    passed     80.92%
   9  Saccharomyces_eubayanus               0.00%    passed     35.89%
  10  Saccharomyces_kudriavzevii            0.00%    passed     58.10%
  11  Saccharomyces_mikatae                 0.00%    passed     60.94%
  12  Saccharomyces_paradoxus               0.00%    passed     48.21%
  13  Saccharomyces_uvarum                  0.00%    passed     62.55%
  14  Tetrapisispora_blattae                0.54%    failed      0.00%
  15  yHMPu5000035629_Yueomyces_sinensis   12.47%    failed      0.00%
****  TOTAL                                 1.72%  7 sequences failed composition chi2 test (p-value<5%; df=3)
NOTE: No CharPartition defined, use all CharSets

Loading 3 partitions...
Subset	Type	Seqs	Sites	Infor	Invar	Model	Name
1		15	746	314	249	MFPMERGE	p1
2		15	746	158	416	MFPMERGE	p2
3		15	746	700	14	MFPMERGE	p3
Degree of missing data: 0.000
Info: multi-threading strategy over partitions



Create initial parsimony tree by phylogenetic likelihood library (PLL)... 0.002 seconds
NOTE: ModelFinder requires 11 MB RAM!
Testing GTR+F+G on supermatrix...
GTR+F+G4 / LnL: -20682.513 / df: 36 / AIC: 41437.026 / AICc: 41438.237 / BIC: 41642.706
Selecting individual models for 3 charsets using BIC...
 No. Model        Score       Charset
   1 TIM3+F+R2    7054.856    p2
   2 GTR+F+I+G4   10812.737   p1
   3 TIM2+F+I+G4  21691.037   p3
Full partition model BIC score: 39791.037 (LnL: -19683.402  df:55)
Merging models to increase model fit (about 7 total partition schemes)...
   4 TIM3+F+G4    39992.366   p1+p2
   5 TPM3u+F+I+G4 41280.652   p2+p3
   6 GTR+F+R4     40787.458   p1+p3
BEST-FIT PARTITION MODEL: 
  charpartition BIC = GTR+F+I+G4: p1, TIM3+F+R2: p2, TIM2+F+I+G4: p3;
Agglomerative model selection: (p1,p2,p3)
Partition information was printed to Yeast_2408_clade1//aln_seqs/OG3023.nt.aln.nex.best_scheme.nex
Partition information in Raxml format was printed to Yeast_2408_clade1//aln_seqs/OG3023.nt.aln.nex.best_scheme

All model information printed to Yeast_2408_clade1//aln_seqs/OG3023.nt.aln.nex.model.gz
CPU time for ModelFinder: 51.853 seconds (0h:0m:51s)
Wall-clock time for ModelFinder: 4296.581 seconds (1h:11m:36s)
Generating 1000 samples for ultrafast bootstrap (seed: 162636)...

NOTE: 7 MB RAM (0 GB) is required!
Estimate model parameters (epsilon = 0.100)
Initial log-likelihood: -22115.365
Current log-likelihood at step 1: -19913.912
Current log-likelihood at step 2: -19710.863
Current log-likelihood at step 3: -19690.888
Current log-likelihood at step 4: -19681.427
Current log-likelihood at step 5: -19675.769
Current log-likelihood at step 6: -19672.020
Current log-likelihood at step 7: -19669.199
Current log-likelihood at step 8: -19667.232
Current log-likelihood at step 9: -19665.784
Current log-likelihood at step 10: -19664.681
Current log-likelihood at step 11: -19663.670
Current log-likelihood at step 12: -19662.975
Current log-likelihood at step 13: -19662.439
Current log-likelihood at step 14: -19662.014
Current log-likelihood at step 15: -19661.589
Current log-likelihood at step 16: -19661.291
Current log-likelihood at step 17: -19661.068
Current log-likelihood at step 18: -19660.903
Current log-likelihood at step 19: -19660.759
Current log-likelihood at step 20: -19660.599
Current log-likelihood at step 21: -19660.488
Current log-likelihood at step 22: -19660.398
Partition-specific rates:  0.253 0.083 2.665
Parameters optimization took 21 rounds (83.762 sec)

Computing ML distances based on estimated model parameters... 0.008 sec
Computing BIONJ tree...
0.087 seconds
Log-likelihood of BIONJ tree: -19657.813
--------------------------------------------------------------------
|             INITIALIZING CANDIDATE TREE SET                      |
--------------------------------------------------------------------
Generating 98 parsimony trees... 8.094 second
Computing log-likelihood of 98 initial trees ... 125.044 seconds
Current best score: -19657.813

Do NNI search on 20 best initial trees
Estimate model parameters (epsilon = 0.100)
Initial log-likelihood: -19657.813
Current log-likelihood at step 1: -19657.687
Current log-likelihood at step 2: -19657.600
Parameters optimization took 1 rounds (2.166 sec)

BETTER TREE FOUND at iteration 1: -19657.600
Iteration 10 / LogL: -19657.771 / Time: 0h:6m:47s
Iteration 20 / LogL: -19657.921 / Time: 0h:8m:30s
Finish initializing candidate tree set (1)
Current best tree score: -19657.600 / CPU time: 422.275
Number of iterations: 20
--------------------------------------------------------------------
|               OPTIMIZING CANDIDATE TREE SET                      |
--------------------------------------------------------------------
Iteration 30 / LogL: -19712.133 / Time: 0h:11m:7s (0h:27m:13s left)
Iteration 40 / LogL: -19658.228 / Time: 0h:13m:43s (0h:21m:27s left)
Iteration 50 / LogL: -19713.090 / Time: 0h:15m:14s (0h:15m:51s left)
Log-likelihood cutoff on original alignment: -19698.737
Iteration 60 / LogL: -19657.754 / Time: 0h:16m:17s (0h:11m:19s left)
Iteration 70 / LogL: -19752.325 / Time: 0h:17m:0s (0h:7m:38s left)
Iteration 80 / LogL: -19657.627 / Time: 0h:17m:22s (0h:4m:37s left)
Iteration 90 / LogL: -19657.950 / Time: 0h:17m:41s (0h:2m:11s left)
Iteration 100 / LogL: -19658.435 / Time: 0h:18m:19s (0h:0m:11s left)
Log-likelihood cutoff on original alignment: -19692.893
NOTE: Bootstrap correlation coefficient of split occurrence frequencies: 1.000
TREE SEARCH COMPLETED AFTER 102 ITERATIONS / Time: 0h:18m:26s

--------------------------------------------------------------------
|                    FINALIZING TREE SEARCH                        |
--------------------------------------------------------------------
Performs final model parameters optimization
Estimate model parameters (epsilon = 0.010)
Initial log-likelihood: -19657.596
Current log-likelihood at step 1: -19657.513
Current log-likelihood at step 2: -19657.409
Current log-likelihood at step 3: -19657.345
Current log-likelihood at step 4: -19657.295
Current log-likelihood at step 5: -19657.254
Current log-likelihood at step 6: -19657.215
Current log-likelihood at step 7: -19657.186
Current log-likelihood at step 8: -19657.164
Current log-likelihood at step 9: -19657.140
Current log-likelihood at step 10: -19657.123
Current log-likelihood at step 11: -19657.110
Current log-likelihood at step 12: -19657.100
Current log-likelihood at step 13: -19657.078
Current log-likelihood at step 14: -19657.067
Current log-likelihood at step 15: -19657.058
Partition-specific rates:  0.231 0.076 2.693
Parameters optimization took 14 rounds (5.543 sec)

BEST SCORE FOUND : -19657.058
Creating bootstrap support values...
Split supports printed to NEXUS file Yeast_2408_clade1//aln_seqs/OG3023.nt.aln.nex.splits.nex
Total tree length: 15.691

Total number of iterations: 102
CPU time used for tree search: 87.283 sec (0h:1m:27s)
Wall-clock time used for tree search: 1017.808 sec (0h:16m:57s)
Total CPU time used: 92.463 sec (0h:1m:32s)
Total wall-clock time used: 1112.382 sec (0h:18m:32s)

Computing bootstrap consensus tree...
Reading input file Yeast_2408_clade1//aln_seqs/OG3023.nt.aln.nex.splits.nex...
15 taxa and 46 splits.
Consensus tree written to Yeast_2408_clade1//aln_seqs/OG3023.nt.aln.nex.contree
Reading input trees file Yeast_2408_clade1//aln_seqs/OG3023.nt.aln.nex.contree
Log-likelihood of consensus tree: -19657.058

Analysis results written to: 
  IQ-TREE report:                Yeast_2408_clade1//aln_seqs/OG3023.nt.aln.nex.iqtree
  Maximum-likelihood tree:       Yeast_2408_clade1//aln_seqs/OG3023.nt.aln.nex.treefile
  Likelihood distances:          Yeast_2408_clade1//aln_seqs/OG3023.nt.aln.nex.mldist
  Best partitioning scheme:      Yeast_2408_clade1//aln_seqs/OG3023.nt.aln.nex.best_scheme.nex
           in RAxML format:      Yeast_2408_clade1//aln_seqs/OG3023.nt.aln.nex.best_scheme

Ultrafast bootstrap approximation results written to:
  Split support values:          Yeast_2408_clade1//aln_seqs/OG3023.nt.aln.nex.splits.nex
  Consensus tree:                Yeast_2408_clade1//aln_seqs/OG3023.nt.aln.nex.contree
  Screen log file:               Yeast_2408_clade1//aln_seqs/OG3023.nt.aln.nex.log

Date and Time: Thu Mar  7 06:56:30 2019
