IQ-TREE multicore version 1.6.8 for Linux 64-bit built Oct 28 2018
Developed by Bui Quang Minh, Nguyen Lam Tung, Olga Chernomor,
Heiko Schmidt, Dominik Schrempf, Michael Woodhams.

Host:    sango10411.oist.jp (AVX2, FMA3, 125 GB RAM)
Command: iqtree -s Yeast_2408_clade1//aln_seqs/OG4057.nt.aln -bb 1000 -redo -nt 3 -spp Yeast_2408_clade1//aln_seqs/OG4057.nt.aln.nex -m MFPMERGE
Seed:    476826 (Using SPRNG - Scalable Parallel Random Number Generator)
Time:    Thu Mar  7 05:27:12 2019
Kernel:  AVX+FMA - 3 threads (24 CPU cores detected)

Reading partition model file Yeast_2408_clade1//aln_seqs/OG4057.nt.aln.nex ...
Reading alignment file Yeast_2408_clade1//aln_seqs/OG4057.nt.aln ... Fasta format detected
Alignment most likely contains DNA/RNA sequences
Alignment has 15 sequences with 1224 columns, 999 distinct patterns
873 parsimony-informative, 166 singleton sites, 185 constant sites
                                    Gap/Ambiguity  Composition  p-value
   1  Candida_glabrata                      4.41%    passed     22.33%
   2  Nakaseomyces_bacillisporus            2.94%    failed      3.72%
   3  Nakaseomyces_bracarensis              4.66%    failed      0.14%
   4  Nakaseomyces_castellii                4.90%    failed      0.75%
   5  Nakaseomyces_delphensis               4.41%    passed     11.32%
   6  Nakaseomyces_nivariensis              4.41%    passed     28.97%
   7  Saccharomyces_arboricola              3.92%    passed     31.14%
   8  Saccharomyces_cerevisiae              3.92%    passed     81.18%
   9  Saccharomyces_eubayanus               3.92%    failed      2.56%
  10  Saccharomyces_kudriavzevii            3.92%    passed     78.27%
  11  Saccharomyces_mikatae                 3.92%    passed     86.71%
  12  Saccharomyces_paradoxus               3.92%    passed     55.07%
  13  Saccharomyces_uvarum                  3.92%    passed     28.62%
  14  Tetrapisispora_blattae                8.09%    failed      0.00%
  15  yHMPu5000035629_Yueomyces_sinensis    3.43%    failed      0.00%
****  TOTAL                                 4.31%  6 sequences failed composition chi2 test (p-value<5%; df=3)
NOTE: No CharPartition defined, use all CharSets

Loading 3 partitions...
Subset	Type	Seqs	Sites	Infor	Invar	Model	Name
1		15	408	282	64	MFPMERGE	p1
2		15	408	211	110	MFPMERGE	p2
3		15	408	380	11	MFPMERGE	p3
Degree of missing data: 0.000
Info: multi-threading strategy over partitions



Create initial parsimony tree by phylogenetic likelihood library (PLL)... 0.001 seconds
NOTE: ModelFinder requires 9 MB RAM!
Testing GTR+F+G on supermatrix...
GTR+F+G4 / LnL: -14380.800 / df: 36 / AIC: 28833.599 / AICc: 28835.843 / BIC: 29017.555
Selecting individual models for 3 charsets using BIC...
 No. Model        Score       Charset
   1 TIM3+F+G4    6942.774    p2
   2 TPM2u+F+R2   9106.459    p1
   3 TN+F+R2      12035.393   p3
Full partition model BIC score: 28295.849 (LnL: -13970.178  df:50)
Merging models to increase model fit (about 7 total partition schemes)...
   4 TPM3+F+G4    28399.994   p1+p2
   5 TIM3+F+R3    28626.969   p1+p3
   6 TPM3u+F+I+G4 28913.476   p2+p3
BEST-FIT PARTITION MODEL: 
  charpartition BIC = TPM2u+F+R2: p1, TIM3+F+G4: p2, TN+F+R2: p3;
Agglomerative model selection: (p1,p2,p3)
Partition information was printed to Yeast_2408_clade1//aln_seqs/OG4057.nt.aln.nex.best_scheme.nex
Partition information in Raxml format was printed to Yeast_2408_clade1//aln_seqs/OG4057.nt.aln.nex.best_scheme

All model information printed to Yeast_2408_clade1//aln_seqs/OG4057.nt.aln.nex.model.gz
CPU time for ModelFinder: 21.948 seconds (0h:0m:21s)
Wall-clock time for ModelFinder: 1038.292 seconds (0h:17m:18s)
Generating 1000 samples for ultrafast bootstrap (seed: 476826)...

NOTE: 5 MB RAM (0 GB) is required!
Estimate model parameters (epsilon = 0.100)
Initial log-likelihood: -14665.668
Current log-likelihood at step 1: -14041.253
Current log-likelihood at step 2: -13979.716
Current log-likelihood at step 3: -13971.150
Current log-likelihood at step 4: -13968.816
Current log-likelihood at step 5: -13968.150
Current log-likelihood at step 6: -13967.951
Current log-likelihood at step 7: -13967.887
Partition-specific rates:  0.599 0.328 2.073
Parameters optimization took 6 rounds (29.823 sec)

Computing ML distances based on estimated model parameters... 0.006 sec
Computing BIONJ tree...
0.283 seconds
Log-likelihood of BIONJ tree: -13968.757
--------------------------------------------------------------------
|             INITIALIZING CANDIDATE TREE SET                      |
--------------------------------------------------------------------
Generating 98 parsimony trees... 17.755 second
Computing log-likelihood of 98 initial trees ... 189.486 seconds
Current best score: -13967.887

Do NNI search on 20 best initial trees
Estimate model parameters (epsilon = 0.100)
Initial log-likelihood: -13966.944
Current log-likelihood at step 1: -13966.913
Parameters optimization took 0 rounds (1.060 sec)

BETTER TREE FOUND at iteration 1: -13966.913
Iteration 10 / LogL: -13967.603 / Time: 0h:5m:25s
Iteration 20 / LogL: -13967.091 / Time: 0h:8m:54s
Finish initializing candidate tree set (3)
Current best tree score: -13966.913 / CPU time: 494.427
Number of iterations: 20
--------------------------------------------------------------------
|               OPTIMIZING CANDIDATE TREE SET                      |
--------------------------------------------------------------------
Iteration 30 / LogL: -13966.989 / Time: 0h:17m:9s (0h:41m:59s left)
Iteration 40 / LogL: -14016.866 / Time: 0h:20m:45s (0h:32m:26s left)
Iteration 50 / LogL: -13968.152 / Time: 0h:24m:25s (0h:25m:24s left)
Log-likelihood cutoff on original alignment: -14000.383
Iteration 60 / LogL: -13968.778 / Time: 0h:29m:19s (0h:20m:22s left)
Iteration 70 / LogL: -14006.832 / Time: 0h:34m:3s (0h:15m:18s left)
Iteration 80 / LogL: -13967.000 / Time: 0h:37m:23s (0h:9m:56s left)
Iteration 90 / LogL: -13967.021 / Time: 0h:40m:23s (0h:4m:59s left)
Iteration 100 / LogL: -13967.606 / Time: 0h:46m:21s (0h:0m:28s left)
Log-likelihood cutoff on original alignment: -14000.072
NOTE: Bootstrap correlation coefficient of split occurrence frequencies: 1.000
TREE SEARCH COMPLETED AFTER 102 ITERATIONS / Time: 0h:48m:5s

--------------------------------------------------------------------
|                    FINALIZING TREE SEARCH                        |
--------------------------------------------------------------------
Performs final model parameters optimization
Estimate model parameters (epsilon = 0.010)
Initial log-likelihood: -13966.913
Current log-likelihood at step 1: -13966.905
Partition-specific rates:  0.597 0.327 2.076
Parameters optimization took 0 rounds (1.640 sec)

BEST SCORE FOUND : -13966.905
Creating bootstrap support values...
Split supports printed to NEXUS file Yeast_2408_clade1//aln_seqs/OG4057.nt.aln.nex.splits.nex
Total tree length: 9.979

Total number of iterations: 102
CPU time used for tree search: 71.026 sec (0h:1m:11s)
Wall-clock time used for tree search: 2843.492 sec (0h:47m:23s)
Total CPU time used: 72.206 sec (0h:1m:12s)
Total wall-clock time used: 2889.688 sec (0h:48m:9s)

Computing bootstrap consensus tree...
Reading input file Yeast_2408_clade1//aln_seqs/OG4057.nt.aln.nex.splits.nex...
15 taxa and 54 splits.
Consensus tree written to Yeast_2408_clade1//aln_seqs/OG4057.nt.aln.nex.contree
Reading input trees file Yeast_2408_clade1//aln_seqs/OG4057.nt.aln.nex.contree
Log-likelihood of consensus tree: -13966.905

Analysis results written to: 
  IQ-TREE report:                Yeast_2408_clade1//aln_seqs/OG4057.nt.aln.nex.iqtree
  Maximum-likelihood tree:       Yeast_2408_clade1//aln_seqs/OG4057.nt.aln.nex.treefile
  Likelihood distances:          Yeast_2408_clade1//aln_seqs/OG4057.nt.aln.nex.mldist
  Best partitioning scheme:      Yeast_2408_clade1//aln_seqs/OG4057.nt.aln.nex.best_scheme.nex
           in RAxML format:      Yeast_2408_clade1//aln_seqs/OG4057.nt.aln.nex.best_scheme

Ultrafast bootstrap approximation results written to:
  Split support values:          Yeast_2408_clade1//aln_seqs/OG4057.nt.aln.nex.splits.nex
  Consensus tree:                Yeast_2408_clade1//aln_seqs/OG4057.nt.aln.nex.contree
  Screen log file:               Yeast_2408_clade1//aln_seqs/OG4057.nt.aln.nex.log

Date and Time: Thu Mar  7 06:32:45 2019
