



              Maximum Pseudo-likelihood Estimation of Species Trees (MPEST_2.0)  

                                     by

                                  Liang Liu

                          Department of Statistics
                            University of Georgia
                                 lliu@uga.edu

                 Distributed under the GNU General Public License

	round 1000 		loglike -176090.579760 	....completed....
	round 2000 		loglike -138336.816119 	....completed....
	round 3000 		loglike -125673.266015 	....completed....
	round 4000 		loglike -113528.452141 	....completed....
	round 5000 		loglike -104137.095669 	....completed....
	round 6000 		loglike -97843.413988 	....completed....
	round 7000 		loglike -91600.086726 	....completed....
	round 8000 		loglike -85382.970270 	....completed....
	round 9000 		loglike -81378.240868 	....completed....
	round 10000 		loglike -78137.861888 	....completed....
	round 11000 		loglike -75969.071128 	....completed....
	round 12000 		loglike -73942.016884 	....completed....
	round 13000 		loglike -72272.549632 	....completed....
	round 14000 		loglike -71171.998005 	....completed....
	round 15000 		loglike -70466.338043 	....completed....
	round 16000 		loglike -69832.843906 	....completed....
	round 17000 		loglike -69363.757832 	....completed....
	round 18000 		loglike -69020.842114 	....completed....
	round 19000 		loglike -68756.135310 	....completed....
	round 20000 		loglike -68568.453187 	....completed....
	round 21000 		loglike -68363.002674 	....completed....
	round 22000 		loglike -68279.456023 	....completed....
	round 23000 		loglike -68227.144710 	....completed....
	round 24000 		loglike -68149.705802 	....completed....
	round 25000 		loglike -68110.548674 	....completed....
	round 26000 		loglike -68091.037851 	....completed....
	round 27000 		loglike -68072.639653 	....completed....
	round 28000 		loglike -68052.534692 	....completed....
	round 29000 		loglike -68036.490614 	....completed....
	round 30000 		loglike -68027.436463 	....completed....
	round 31000 		loglike -68022.762051 	....completed....
	round 32000 		loglike -68022.597788 	....completed....
	round 33000 		loglike -68022.597747 	....completed....
	round 34000 		loglike -68022.597050 	....completed....
	round 35000 		loglike -68022.579001 	....completed....
	round 36000 		loglike -68022.578999 	....completed....
	round 37000 		loglike -68022.578999 	....completed....
	round 38000 		loglike -68022.578992 	....completed....
	round 39000 		loglike -68022.578901 	....completed....
	round 40000 		loglike -68022.578777 	....completed....
	round 41000 		loglike -68022.573119 	....completed....
	round 42000 		loglike -68022.573119 	....completed....
	round 43000 		loglike -68022.572997 	....completed....
	round 44000 		loglike -68022.572997 	....completed....
	round 45000 		loglike -68022.572993 	....completed....
	round 46000 		loglike -68022.572993 	....completed....
	round 47000 		loglike -68022.572993 	....completed....
	round 48000 		loglike -68022.572991 	....completed....
	round 49000 		loglike -68022.572991 	....completed....
	round 50000 		loglike -68022.572991 	....completed....
	round 51000 		loglike -68022.572991 	....completed....
	round 52000 		loglike -68022.572991 	....completed....
	round 53000 		loglike -68022.572991 	....completed....
	round 54000 		loglike -68022.572991 	....completed....
	round 55000 		loglike -68022.572991 	....completed....
	round 56000 		loglike -68022.572991 	....completed....
	round 57000 		loglike -68022.572991 	....completed....
	round 58000 		loglike -68022.572991 	....completed....
	round 59000 		loglike -68022.572991 	....completed....
	round 60000 		loglike -68022.572991 	....completed....
	round 61000 		loglike -68022.572991 	....completed....
	round 62000 		loglike -68022.572991 	....completed....
	round 63000 		loglike -68022.572991 	....completed....
	round 64000 		loglike -68022.572991 	....completed....
	round 65000 		loglike -68022.572991 	....completed....
	round 66000 		loglike -68022.572986 	....completed....
	round 67000 		loglike -68022.572986 	....completed....
	round 68000 		loglike -68022.572986 	....completed....
	round 69000 		loglike -68022.572986 	....completed....
	round 70000 		loglike -68022.572985 	....completed....
	round 71000 		loglike -68022.572453 	....completed....
	round 72000 		loglike -68022.572453 	....completed....
	round 73000 		loglike -68022.572453 	....completed....
	round 74000 		loglike -68022.572453 	....completed....
	round 75000 		loglike -68022.572453 	....completed....
	round 76000 		loglike -68022.572453 	....completed....
	round 77000 		loglike -68022.572453 	....completed....
	round 78000 		loglike -68022.572452 	....completed....
	round 79000 		loglike -68022.572452 	....completed....
	round 80000 		loglike -68022.572452 	....completed....
	round 81000 		loglike -68022.572452 	....completed....
	round 82000 		loglike -68022.572452 	....completed....
	round 83000 		loglike -68022.572452 	....completed....
	round 84000 		loglike -68022.572452 	....completed....
	round 85000 		loglike -68022.572442 	....completed....
	round 86000 		loglike -68022.572442 	....completed....
	round 87000 		loglike -68022.572442 	....completed....
	round 88000 		loglike -68022.572438 	....completed....
	round 89000 		loglike -68022.572438 	....completed....
	round 90000 		loglike -68022.572438 	....completed....
	round 91000 		loglike -68022.572438 	....completed....
	round 92000 		loglike -68022.572339 	....completed....
	round 93000 		loglike -68022.572339 	....completed....
	round 94000 		loglike -68022.572339 	....completed....
	round 95000 		loglike -68022.572339 	....completed....
	round 96000 		loglike -68022.572339 	....completed....
	round 97000 		loglike -68022.572339 	....completed....
	round 98000 		loglike -68022.572339 	....completed....
	round 99000 		loglike -68022.572339 	....completed....
	round 100000 		loglike -68022.572339 	....completed....
	round 101000 		loglike -68022.572339 	....completed....
	round 102000 		loglike -68022.572339 	....completed....
	round 103000 		loglike -68022.572339 	....completed....
	round 104000 		loglike -68022.572339 	....completed....
	round 105000 		loglike -68022.572339 	....completed....
	round 106000 		loglike -68022.572339 	....completed....
	round 107000 		loglike -68022.572325 	....completed....
	round 108000 		loglike -68022.572325 	....completed....
	round 109000 		loglike -68022.572325 	....completed....
	round 110000 		loglike -68022.572325 	....completed....
	round 111000 		loglike -68022.572325 	....completed....
	round 112000 		loglike -68022.572325 	....completed....
	round 113000 		loglike -68022.572325 	....completed....
	round 114000 		loglike -68022.572325 	....completed....
	round 115000 		loglike -68022.572325 	....completed....
	round 116000 		loglike -68022.572325 	....completed....
	round 117000 		loglike -68022.572325 	....completed....
	round 118000 		loglike -68022.572325 	....completed....
	round 119000 		loglike -68022.572325 	....completed....
	round 120000 		loglike -68022.572325 	....completed....
	round 121000 		loglike -68022.572325 	....completed....
	round 122000 		loglike -68022.572313 	....completed....
	round 123000 		loglike -68022.572313 	....completed....
	round 124000 		loglike -68022.572313 	....completed....
	round 125000 		loglike -68022.572313 	....completed....
	round 126000 		loglike -68022.572313 	....completed....
	round 127000 		loglike -68022.572313 	....completed....
	round 128000 		loglike -68022.572313 	....completed....
	round 129000 		loglike -68022.572313 	....completed....
	round 130000 		loglike -68022.572313 	....completed....
	round 131000 		loglike -68022.572313 	....completed....
	round 132000 		loglike -68022.572313 	....completed....
	round 133000 		loglike -68022.572313 	....completed....
	round 134000 		loglike -68022.572313 	....completed....
	round 135000 		loglike -68022.572313 	....completed....
	round 136000 		loglike -68022.572313 	....completed....
	round 137000 		loglike -68022.572313 	....completed....
	round 138000 		loglike -68022.572313 	....completed....
	round 139000 		loglike -68022.572313 	....completed....
	round 140000 		loglike -68022.572313 	....completed....
	round 141000 		loglike -68022.572313 	....completed....
	round 142000 		loglike -68022.572313 	....completed....
	round 143000 		loglike -68022.572313 	....completed....
	round 144000 		loglike -68022.572313 	....completed....
	round 145000 		loglike -68022.572313 	....completed....
	round 146000 		loglike -68022.572313 	....completed....
	round 147000 		loglike -68022.572313 	....completed....
	round 148000 		loglike -68022.572313 	....completed....
	round 149000 		loglike -68022.572313 	....completed....
	round 150000 		loglike -68022.572313 	....completed....
	round 151000 		loglike -68022.572313 	....completed....
	round 152000 		loglike -68022.572313 	....completed....
	round 153000 		loglike -68022.572313 	....completed....
	round 154000 		loglike -68022.572313 	....completed....
	round 155000 		loglike -68022.572313 	....completed....
	round 156000 		loglike -68022.572313 	....completed....
	round 157000 		loglike -68022.572313 	....completed....
	round 158000 		loglike -68022.572313 	....completed....
	round 159000 		loglike -68022.572313 	....completed....
	round 160000 		loglike -68022.572262 	....completed....
	round 161000 		loglike -68022.572252 	....completed....
	round 162000 		loglike -68022.572252 	....completed....
	round 163000 		loglike -68022.572252 	....completed....
	round 164000 		loglike -68022.572252 	....completed....
	round 165000 		loglike -68022.572252 	....completed....
	round 166000 		loglike -68022.572252 	....completed....
	round 167000 		loglike -68022.572252 	....completed....
	round 168000 		loglike -68022.572252 	....completed....
	round 169000 		loglike -68022.572252 	....completed....
	round 170000 		loglike -68022.572252 	....completed....
	round 171000 		loglike -68022.572252 	....completed....
	round 172000 		loglike -68022.572252 	....completed....
	round 173000 		loglike -68022.572252 	....completed....
	round 174000 		loglike -68022.572252 	....completed....
	round 175000 		loglike -68022.572252 	....completed....
	round 176000 		loglike -68022.572252 	....completed....
	round 177000 		loglike -68022.572252 	....completed....
	round 178000 		loglike -68022.572252 	....completed....
	round 179000 		loglike -68022.572252 	....completed....
	round 180000 		loglike -68022.572252 	....completed....
	round 181000 		loglike -68022.572252 	....completed....
	round 182000 		loglike -68022.572247 	....completed....
	round 183000 		loglike -68022.572247 	....completed....
	round 184000 		loglike -68022.572247 	....completed....
	round 185000 		loglike -68022.572247 	....completed....
	round 186000 		loglike -68022.572247 	....completed....
	round 187000 		loglike -68022.572247 	....completed....
	round 188000 		loglike -68022.572247 	....completed....
	round 189000 		loglike -68022.572247 	....completed....
	round 190000 		loglike -68022.572247 	....completed....
	round 191000 		loglike -68022.572247 	....completed....
	round 192000 		loglike -68022.572243 	....completed....
	round 193000 		loglike -68022.572243 	....completed....
	round 194000 		loglike -68022.572243 	....completed....
	round 195000 		loglike -68022.572243 	....completed....
	round 196000 		loglike -68022.572243 	....completed....
	round 197000 		loglike -68022.572243 	....completed....
	round 198000 		loglike -68022.572243 	....completed....
	round 199000 		loglike -68022.572243 	....completed....
	round 200000 		loglike -68022.572243 	....completed....
	round 201000 		loglike -68022.572243 	....completed....
	round 202000 		loglike -68022.572243 	....completed....
	round 203000 		loglike -68022.572243 	....completed....
	round 204000 		loglike -68022.572243 	....completed....
	round 205000 		loglike -68022.572243 	....completed....
	round 206000 		loglike -68022.572243 	....completed....
	round 207000 		loglike -68022.572243 	....completed....
	round 208000 		loglike -68022.572243 	....completed....
	round 209000 		loglike -68022.572243 	....completed....
	round 210000 		loglike -68022.572243 	....completed....
	round 211000 		loglike -68022.572243 	....completed....
	round 212000 		loglike -68022.572243 	....completed....
	round 213000 		loglike -68022.572243 	....completed....
	round 214000 		loglike -68022.572243 	....completed....
	round 215000 		loglike -68022.572243 	....completed....
	round 216000 		loglike -68022.572243 	....completed....
	round 217000 		loglike -68022.572243 	....completed....
	round 218000 		loglike -68022.572243 	....completed....
	round 219000 		loglike -68022.572243 	....completed....
	round 220000 		loglike -68022.572243 	....completed....
	round 221000 		loglike -68022.572243 	....completed....
	round 222000 		loglike -68022.572243 	....completed....
	round 223000 		loglike -68022.572243 	....completed....
	round 224000 		loglike -68022.572243 	....completed....
	round 225000 		loglike -68022.572243 	....completed....
	round 226000 		loglike -68022.572243 	....completed....
	round 227000 		loglike -68022.572243 	....completed....
	round 228000 		loglike -68022.572243 	....completed....
	round 229000 		loglike -68022.572243 	....completed....
	round 230000 		loglike -68022.572243 	....completed....
	round 231000 		loglike -68022.572243 	....completed....
	round 232000 		loglike -68022.572243 	....completed....
			Analysis is completed in 10 seconds (cpu time is 10 seconds)
	round 1000 		loglike -174639.522025 	....completed....
	round 2000 		loglike -139799.278040 	....completed....
	round 3000 		loglike -125686.892699 	....completed....
	round 4000 		loglike -110665.230314 	....completed....
	round 5000 		loglike -100047.922649 	....completed....
	round 6000 		loglike -92175.722281 	....completed....
	round 7000 		loglike -85570.932110 	....completed....
	round 8000 		loglike -81713.721718 	....completed....
	round 9000 		loglike -78865.293231 	....completed....
	round 10000 		loglike -76321.530156 	....completed....
	round 11000 		loglike -74077.397890 	....completed....
	round 12000 		loglike -72728.844558 	....completed....
	round 13000 		loglike -71898.522739 	....completed....
	round 14000 		loglike -70742.638060 	....completed....
	round 15000 		loglike -69966.390782 	....completed....
	round 16000 		loglike -69578.024762 	....completed....
	round 17000 		loglike -69069.874114 	....completed....
	round 18000 		loglike -68753.644820 	....completed....
	round 19000 		loglike -68594.256267 	....completed....
	round 20000 		loglike -68365.463195 	....completed....
	round 21000 		loglike -68303.420436 	....completed....
	round 22000 		loglike -68196.522284 	....completed....
	round 23000 		loglike -68126.428486 	....completed....
	round 24000 		loglike -68114.088173 	....completed....
	round 25000 		loglike -68075.299714 	....completed....
	round 26000 		loglike -68045.291282 	....completed....
	round 27000 		loglike -68037.164701 	....completed....
	round 28000 		loglike -68029.857262 	....completed....
	round 29000 		loglike -68024.279634 	....completed....
	round 30000 		loglike -68022.592458 	....completed....
	round 31000 		loglike -68022.589004 	....completed....
	round 32000 		loglike -68022.579463 	....completed....
	round 33000 		loglike -68022.578640 	....completed....
	round 34000 		loglike -68022.578491 	....completed....
	round 35000 		loglike -68022.577847 	....completed....
	round 36000 		loglike -68022.577847 	....completed....
	round 37000 		loglike -68022.577822 	....completed....
	round 38000 		loglike -68022.577822 	....completed....
	round 39000 		loglike -68022.577820 	....completed....
	round 40000 		loglike -68022.575398 	....completed....
	round 41000 		loglike -68022.575216 	....completed....
	round 42000 		loglike -68022.575214 	....completed....
	round 43000 		loglike -68022.575114 	....completed....
	round 44000 		loglike -68022.575098 	....completed....
	round 45000 		loglike -68022.575098 	....completed....
	round 46000 		loglike -68022.575098 	....completed....
	round 47000 		loglike -68022.575098 	....completed....
	round 48000 		loglike -68022.573521 	....completed....
	round 49000 		loglike -68022.573144 	....completed....
	round 50000 		loglike -68022.573144 	....completed....
	round 51000 		loglike -68022.573118 	....completed....
	round 52000 		loglike -68022.573012 	....completed....
	round 53000 		loglike -68022.572996 	....completed....
	round 54000 		loglike -68022.572839 	....completed....
	round 55000 		loglike -68022.572839 	....completed....
	round 56000 		loglike -68022.572839 	....completed....
	round 57000 		loglike -68022.572839 	....completed....
	round 58000 		loglike -68022.572839 	....completed....
	round 59000 		loglike -68022.572839 	....completed....
	round 60000 		loglike -68022.572839 	....completed....
	round 61000 		loglike -68022.572839 	....completed....
	round 62000 		loglike -68022.572839 	....completed....
	round 63000 		loglike -68022.572836 	....completed....
	round 64000 		loglike -68022.572836 	....completed....
	round 65000 		loglike -68022.572836 	....completed....
	round 66000 		loglike -68022.572836 	....completed....
	round 67000 		loglike -68022.572836 	....completed....
	round 68000 		loglike -68022.572836 	....completed....
	round 69000 		loglike -68022.572836 	....completed....
	round 70000 		loglike -68022.572836 	....completed....
	round 71000 		loglike -68022.572836 	....completed....
	round 72000 		loglike -68022.572836 	....completed....
	round 73000 		loglike -68022.572836 	....completed....
	round 74000 		loglike -68022.572836 	....completed....
	round 75000 		loglike -68022.572836 	....completed....
	round 76000 		loglike -68022.572836 	....completed....
	round 77000 		loglike -68022.572836 	....completed....
	round 78000 		loglike -68022.572834 	....completed....
	round 79000 		loglike -68022.572834 	....completed....
	round 80000 		loglike -68022.572834 	....completed....
	round 81000 		loglike -68022.572834 	....completed....
	round 82000 		loglike -68022.572834 	....completed....
	round 83000 		loglike -68022.572834 	....completed....
	round 84000 		loglike -68022.572834 	....completed....
	round 85000 		loglike -68022.572834 	....completed....
	round 86000 		loglike -68022.572834 	....completed....
	round 87000 		loglike -68022.572833 	....completed....
	round 88000 		loglike -68022.572833 	....completed....
	round 89000 		loglike -68022.572813 	....completed....
	round 90000 		loglike -68022.572813 	....completed....
	round 91000 		loglike -68022.572802 	....completed....
	round 92000 		loglike -68022.572802 	....completed....
	round 93000 		loglike -68022.572802 	....completed....
	round 94000 		loglike -68022.572491 	....completed....
	round 95000 		loglike -68022.572491 	....completed....
	round 96000 		loglike -68022.572491 	....completed....
	round 97000 		loglike -68022.572491 	....completed....
	round 98000 		loglike -68022.572491 	....completed....
	round 99000 		loglike -68022.572491 	....completed....
	round 100000 		loglike -68022.572491 	....completed....
	round 101000 		loglike -68022.572489 	....completed....
	round 102000 		loglike -68022.572488 	....completed....
	round 103000 		loglike -68022.572488 	....completed....
	round 104000 		loglike -68022.572488 	....completed....
	round 105000 		loglike -68022.572481 	....completed....
	round 106000 		loglike -68022.572481 	....completed....
	round 107000 		loglike -68022.572416 	....completed....
	round 108000 		loglike -68022.572416 	....completed....
	round 109000 		loglike -68022.572416 	....completed....
	round 110000 		loglike -68022.572416 	....completed....
	round 111000 		loglike -68022.572416 	....completed....
	round 112000 		loglike -68022.572416 	....completed....
	round 113000 		loglike -68022.572416 	....completed....
	round 114000 		loglike -68022.572416 	....completed....
	round 115000 		loglike -68022.572416 	....completed....
	round 116000 		loglike -68022.572416 	....completed....
	round 117000 		loglike -68022.572365 	....completed....
	round 118000 		loglike -68022.572365 	....completed....
	round 119000 		loglike -68022.572365 	....completed....
	round 120000 		loglike -68022.572365 	....completed....
	round 121000 		loglike -68022.572365 	....completed....
	round 122000 		loglike -68022.572365 	....completed....
	round 123000 		loglike -68022.572365 	....completed....
	round 124000 		loglike -68022.572365 	....completed....
	round 125000 		loglike -68022.572365 	....completed....
	round 126000 		loglike -68022.572365 	....completed....
	round 127000 		loglike -68022.572365 	....completed....
	round 128000 		loglike -68022.572365 	....completed....
	round 129000 		loglike -68022.572365 	....completed....
	round 130000 		loglike -68022.572365 	....completed....
	round 131000 		loglike -68022.572365 	....completed....
	round 132000 		loglike -68022.572365 	....completed....
	round 133000 		loglike -68022.572365 	....completed....
	round 134000 		loglike -68022.572365 	....completed....
	round 135000 		loglike -68022.572365 	....completed....
	round 136000 		loglike -68022.572365 	....completed....
	round 137000 		loglike -68022.572365 	....completed....
	round 138000 		loglike -68022.572365 	....completed....
			Analysis is completed in 5 seconds (cpu time is 6 seconds)
	round 1000 		loglike -171253.673611 	....completed....
	round 2000 		loglike -138776.980645 	....completed....
	round 3000 		loglike -125533.480562 	....completed....
	round 4000 		loglike -114369.469775 	....completed....
	round 5000 		loglike -104228.681049 	....completed....
	round 6000 		loglike -94991.430631 	....completed....
	round 7000 		loglike -89912.240334 	....completed....
	round 8000 		loglike -84829.481696 	....completed....
	round 9000 		loglike -81996.912438 	....completed....
	round 10000 		loglike -78349.262167 	....completed....
	round 11000 		loglike -75470.227783 	....completed....
	round 12000 		loglike -73689.557503 	....completed....
	round 13000 		loglike -71808.824570 	....completed....
	round 14000 		loglike -70811.188415 	....completed....
	round 15000 		loglike -70066.113337 	....completed....
	round 16000 		loglike -69203.056793 	....completed....
	round 17000 		loglike -68753.829290 	....completed....
	round 18000 		loglike -68520.998337 	....completed....
	round 19000 		loglike -68361.289852 	....completed....
	round 20000 		loglike -68219.638649 	....completed....
	round 21000 		loglike -68132.536846 	....completed....
	round 22000 		loglike -68091.224418 	....completed....
	round 23000 		loglike -68051.867945 	....completed....
	round 24000 		loglike -68030.828315 	....completed....
	round 25000 		loglike -68024.493289 	....completed....
	round 26000 		loglike -68022.617318 	....completed....
	round 27000 		loglike -68022.595196 	....completed....
	round 28000 		loglike -68022.593824 	....completed....
	round 29000 		loglike -68022.582781 	....completed....
	round 30000 		loglike -68022.582629 	....completed....
	round 31000 		loglike -68022.582321 	....completed....
	round 32000 		loglike -68022.582222 	....completed....
	round 33000 		loglike -68022.582210 	....completed....
	round 34000 		loglike -68022.582174 	....completed....
	round 35000 		loglike -68022.582174 	....completed....
	round 36000 		loglike -68022.582162 	....completed....
	round 37000 		loglike -68022.582162 	....completed....
	round 38000 		loglike -68022.582162 	....completed....
	round 39000 		loglike -68022.582162 	....completed....
	round 40000 		loglike -68022.582140 	....completed....
	round 41000 		loglike -68022.576839 	....completed....
	round 42000 		loglike -68022.576839 	....completed....
	round 43000 		loglike -68022.575186 	....completed....
	round 44000 		loglike -68022.575186 	....completed....
	round 45000 		loglike -68022.574787 	....completed....
	round 46000 		loglike -68022.574787 	....completed....
	round 47000 		loglike -68022.572795 	....completed....
	round 48000 		loglike -68022.572795 	....completed....
	round 49000 		loglike -68022.572795 	....completed....
	round 50000 		loglike -68022.572703 	....completed....
	round 51000 		loglike -68022.572703 	....completed....
	round 52000 		loglike -68022.572702 	....completed....
	round 53000 		loglike -68022.572702 	....completed....
	round 54000 		loglike -68022.572702 	....completed....
	round 55000 		loglike -68022.572702 	....completed....
	round 56000 		loglike -68022.572702 	....completed....
	round 57000 		loglike -68022.572702 	....completed....
	round 58000 		loglike -68022.572700 	....completed....
	round 59000 		loglike -68022.572700 	....completed....
	round 60000 		loglike -68022.572698 	....completed....
	round 61000 		loglike -68022.572698 	....completed....
	round 62000 		loglike -68022.572698 	....completed....
	round 63000 		loglike -68022.572698 	....completed....
	round 64000 		loglike -68022.572698 	....completed....
	round 65000 		loglike -68022.572697 	....completed....
	round 66000 		loglike -68022.572697 	....completed....
	round 67000 		loglike -68022.572697 	....completed....
	round 68000 		loglike -68022.572690 	....completed....
	round 69000 		loglike -68022.572690 	....completed....
	round 70000 		loglike -68022.572659 	....completed....
	round 71000 		loglike -68022.572640 	....completed....
	round 72000 		loglike -68022.572640 	....completed....
	round 73000 		loglike -68022.572640 	....completed....
	round 74000 		loglike -68022.572640 	....completed....
	round 75000 		loglike -68022.572640 	....completed....
	round 76000 		loglike -68022.572640 	....completed....
	round 77000 		loglike -68022.572640 	....completed....
	round 78000 		loglike -68022.572640 	....completed....
	round 79000 		loglike -68022.572639 	....completed....
	round 80000 		loglike -68022.572639 	....completed....
	round 81000 		loglike -68022.572639 	....completed....
	round 82000 		loglike -68022.572639 	....completed....
	round 83000 		loglike -68022.572639 	....completed....
	round 84000 		loglike -68022.572639 	....completed....
	round 85000 		loglike -68022.572639 	....completed....
	round 86000 		loglike -68022.572639 	....completed....
	round 87000 		loglike -68022.572598 	....completed....
	round 88000 		loglike -68022.572594 	....completed....
	round 89000 		loglike -68022.572594 	....completed....
	round 90000 		loglike -68022.572594 	....completed....
	round 91000 		loglike -68022.572593 	....completed....
	round 92000 		loglike -68022.572593 	....completed....
	round 93000 		loglike -68022.572593 	....completed....
	round 94000 		loglike -68022.572593 	....completed....
	round 95000 		loglike -68022.572593 	....completed....
	round 96000 		loglike -68022.572593 	....completed....
	round 97000 		loglike -68022.572593 	....completed....
	round 98000 		loglike -68022.572593 	....completed....
	round 99000 		loglike -68022.572575 	....completed....
	round 100000 		loglike -68022.572573 	....completed....
	round 101000 		loglike -68022.572565 	....completed....
	round 102000 		loglike -68022.572565 	....completed....
	round 103000 		loglike -68022.572565 	....completed....
	round 104000 		loglike -68022.572565 	....completed....
	round 105000 		loglike -68022.572565 	....completed....
	round 106000 		loglike -68022.572320 	....completed....
	round 107000 		loglike -68022.572320 	....completed....
	round 108000 		loglike -68022.572320 	....completed....
	round 109000 		loglike -68022.572320 	....completed....
	round 110000 		loglike -68022.572320 	....completed....
	round 111000 		loglike -68022.572320 	....completed....
	round 112000 		loglike -68022.572320 	....completed....
	round 113000 		loglike -68022.572320 	....completed....
	round 114000 		loglike -68022.572320 	....completed....
	round 115000 		loglike -68022.572320 	....completed....
	round 116000 		loglike -68022.572320 	....completed....
	round 117000 		loglike -68022.572320 	....completed....
	round 118000 		loglike -68022.572320 	....completed....
	round 119000 		loglike -68022.572320 	....completed....
	round 120000 		loglike -68022.572320 	....completed....
	round 121000 		loglike -68022.572320 	....completed....
	round 122000 		loglike -68022.572320 	....completed....
	round 123000 		loglike -68022.572320 	....completed....
	round 124000 		loglike -68022.572320 	....completed....
	round 125000 		loglike -68022.572320 	....completed....
	round 126000 		loglike -68022.572320 	....completed....
	round 127000 		loglike -68022.572320 	....completed....
	round 128000 		loglike -68022.572320 	....completed....
	round 129000 		loglike -68022.572320 	....completed....
	round 130000 		loglike -68022.572320 	....completed....
	round 131000 		loglike -68022.572320 	....completed....
	round 132000 		loglike -68022.572310 	....completed....
	round 133000 		loglike -68022.572310 	....completed....
	round 134000 		loglike -68022.572310 	....completed....
	round 135000 		loglike -68022.572310 	....completed....
	round 136000 		loglike -68022.572310 	....completed....
	round 137000 		loglike -68022.572310 	....completed....
	round 138000 		loglike -68022.572310 	....completed....
	round 139000 		loglike -68022.572310 	....completed....
	round 140000 		loglike -68022.572310 	....completed....
	round 141000 		loglike -68022.572310 	....completed....
	round 142000 		loglike -68022.572310 	....completed....
	round 143000 		loglike -68022.572310 	....completed....
	round 144000 		loglike -68022.572310 	....completed....
	round 145000 		loglike -68022.572310 	....completed....
	round 146000 		loglike -68022.572310 	....completed....
	round 147000 		loglike -68022.572310 	....completed....
	round 148000 		loglike -68022.572310 	....completed....
	round 149000 		loglike -68022.572310 	....completed....
	round 150000 		loglike -68022.572310 	....completed....
	round 151000 		loglike -68022.572259 	....completed....
	round 152000 		loglike -68022.572259 	....completed....
	round 153000 		loglike -68022.572259 	....completed....
	round 154000 		loglike -68022.572259 	....completed....
	round 155000 		loglike -68022.572259 	....completed....
	round 156000 		loglike -68022.572259 	....completed....
	round 157000 		loglike -68022.572259 	....completed....
	round 158000 		loglike -68022.572259 	....completed....
	round 159000 		loglike -68022.572259 	....completed....
	round 160000 		loglike -68022.572259 	....completed....
	round 161000 		loglike -68022.572258 	....completed....
	round 162000 		loglike -68022.572258 	....completed....
	round 163000 		loglike -68022.572258 	....completed....
	round 164000 		loglike -68022.572258 	....completed....
	round 165000 		loglike -68022.572258 	....completed....
	round 166000 		loglike -68022.572258 	....completed....
	round 167000 		loglike -68022.572258 	....completed....
	round 168000 		loglike -68022.572253 	....completed....
	round 169000 		loglike -68022.572253 	....completed....
	round 170000 		loglike -68022.572253 	....completed....
	round 171000 		loglike -68022.572253 	....completed....
	round 172000 		loglike -68022.572253 	....completed....
	round 173000 		loglike -68022.572253 	....completed....
	round 174000 		loglike -68022.572253 	....completed....
	round 175000 		loglike -68022.572253 	....completed....
	round 176000 		loglike -68022.572253 	....completed....
	round 177000 		loglike -68022.572253 	....completed....
	round 178000 		loglike -68022.572253 	....completed....
	round 179000 		loglike -68022.572253 	....completed....
	round 180000 		loglike -68022.572253 	....completed....
	round 181000 		loglike -68022.572253 	....completed....
	round 182000 		loglike -68022.572253 	....completed....
	round 183000 		loglike -68022.572251 	....completed....
	round 184000 		loglike -68022.572251 	....completed....
	round 185000 		loglike -68022.572251 	....completed....
	round 186000 		loglike -68022.572243 	....completed....
	round 187000 		loglike -68022.572243 	....completed....
	round 188000 		loglike -68022.572243 	....completed....
	round 189000 		loglike -68022.572243 	....completed....
	round 190000 		loglike -68022.572243 	....completed....
	round 191000 		loglike -68022.572243 	....completed....
	round 192000 		loglike -68022.572243 	....completed....
	round 193000 		loglike -68022.572243 	....completed....
	round 194000 		loglike -68022.572243 	....completed....
	round 195000 		loglike -68022.572243 	....completed....
	round 196000 		loglike -68022.572243 	....completed....
	round 197000 		loglike -68022.572243 	....completed....
	round 198000 		loglike -68022.572243 	....completed....
	round 199000 		loglike -68022.572243 	....completed....
	round 200000 		loglike -68022.572243 	....completed....
	round 201000 		loglike -68022.572243 	....completed....
	round 202000 		loglike -68022.572243 	....completed....
	round 203000 		loglike -68022.572243 	....completed....
	round 204000 		loglike -68022.572243 	....completed....
	round 205000 		loglike -68022.572243 	....completed....
			Analysis is completed in 9 seconds (cpu time is 8 seconds)
	round 1000 		loglike -161431.310030 	....completed....
	round 2000 		loglike -133714.838039 	....completed....
	round 3000 		loglike -117018.552286 	....completed....
	round 4000 		loglike -103219.794924 	....completed....
	round 5000 		loglike -97826.446064 	....completed....
	round 6000 		loglike -92530.735688 	....completed....
	round 7000 		loglike -87313.159489 	....completed....
	round 8000 		loglike -82454.265893 	....completed....
	round 9000 		loglike -79422.322718 	....completed....
	round 10000 		loglike -77374.503151 	....completed....
	round 11000 		loglike -75508.812562 	....completed....
	round 12000 		loglike -73793.854649 	....completed....
	round 13000 		loglike -72656.230089 	....completed....
	round 14000 		loglike -71315.235189 	....completed....
	round 15000 		loglike -70296.443032 	....completed....
	round 16000 		loglike -69734.357278 	....completed....
	round 17000 		loglike -69335.840623 	....completed....
	round 18000 		loglike -68987.149850 	....completed....
	round 19000 		loglike -68745.768824 	....completed....
	round 20000 		loglike -68530.017358 	....completed....
	round 21000 		loglike -68322.692347 	....completed....
	round 22000 		loglike -68217.747567 	....completed....
	round 23000 		loglike -68147.804324 	....completed....
	round 24000 		loglike -68105.577226 	....completed....
	round 25000 		loglike -68074.295887 	....completed....
	round 26000 		loglike -68056.148211 	....completed....
	round 27000 		loglike -68040.532937 	....completed....
	round 28000 		loglike -68029.915749 	....completed....
	round 29000 		loglike -68027.840885 	....completed....
	round 30000 		loglike -68022.716927 	....completed....
	round 31000 		loglike -68022.589906 	....completed....
	round 32000 		loglike -68022.587528 	....completed....
	round 33000 		loglike -68022.585016 	....completed....
	round 34000 		loglike -68022.584989 	....completed....
	round 35000 		loglike -68022.584989 	....completed....
	round 36000 		loglike -68022.584988 	....completed....
	round 37000 		loglike -68022.584548 	....completed....
	round 38000 		loglike -68022.584542 	....completed....
	round 39000 		loglike -68022.582628 	....completed....
	round 40000 		loglike -68022.582553 	....completed....
	round 41000 		loglike -68022.582541 	....completed....
	round 42000 		loglike -68022.582024 	....completed....
	round 43000 		loglike -68022.581901 	....completed....
	round 44000 		loglike -68022.581900 	....completed....
	round 45000 		loglike -68022.581899 	....completed....
	round 46000 		loglike -68022.581899 	....completed....
	round 47000 		loglike -68022.581899 	....completed....
	round 48000 		loglike -68022.581899 	....completed....
	round 49000 		loglike -68022.581892 	....completed....
	round 50000 		loglike -68022.581892 	....completed....
	round 51000 		loglike -68022.580756 	....completed....
	round 52000 		loglike -68022.580756 	....completed....
	round 53000 		loglike -68022.580642 	....completed....
	round 54000 		loglike -68022.580642 	....completed....
	round 55000 		loglike -68022.580641 	....completed....
	round 56000 		loglike -68022.580641 	....completed....
	round 57000 		loglike -68022.580641 	....completed....
	round 58000 		loglike -68022.580641 	....completed....
	round 59000 		loglike -68022.580641 	....completed....
	round 60000 		loglike -68022.580641 	....completed....
	round 61000 		loglike -68022.580641 	....completed....
	round 62000 		loglike -68022.580545 	....completed....
	round 63000 		loglike -68022.580545 	....completed....
	round 64000 		loglike -68022.580545 	....completed....
	round 65000 		loglike -68022.580545 	....completed....
	round 66000 		loglike -68022.580545 	....completed....
	round 67000 		loglike -68022.580544 	....completed....
	round 68000 		loglike -68022.580544 	....completed....
	round 69000 		loglike -68022.573429 	....completed....
	round 70000 		loglike -68022.573429 	....completed....
	round 71000 		loglike -68022.573429 	....completed....
	round 72000 		loglike -68022.573429 	....completed....
	round 73000 		loglike -68022.573429 	....completed....
	round 74000 		loglike -68022.573429 	....completed....
	round 75000 		loglike -68022.573422 	....completed....
	round 76000 		loglike -68022.573422 	....completed....
	round 77000 		loglike -68022.573422 	....completed....
	round 78000 		loglike -68022.573334 	....completed....
	round 79000 		loglike -68022.573334 	....completed....
	round 80000 		loglike -68022.573334 	....completed....
	round 81000 		loglike -68022.573334 	....completed....
	round 82000 		loglike -68022.573331 	....completed....
	round 83000 		loglike -68022.573331 	....completed....
	round 84000 		loglike -68022.573331 	....completed....
	round 85000 		loglike -68022.573331 	....completed....
	round 86000 		loglike -68022.573331 	....completed....
	round 87000 		loglike -68022.573331 	....completed....
	round 88000 		loglike -68022.573331 	....completed....
	round 89000 		loglike -68022.573322 	....completed....
	round 90000 		loglike -68022.573322 	....completed....
	round 91000 		loglike -68022.573322 	....completed....
	round 92000 		loglike -68022.573322 	....completed....
	round 93000 		loglike -68022.573322 	....completed....
	round 94000 		loglike -68022.573322 	....completed....
	round 95000 		loglike -68022.573203 	....completed....
	round 96000 		loglike -68022.573203 	....completed....
	round 97000 		loglike -68022.573203 	....completed....
	round 98000 		loglike -68022.573203 	....completed....
	round 99000 		loglike -68022.573203 	....completed....
	round 100000 		loglike -68022.573203 	....completed....
	round 101000 		loglike -68022.573203 	....completed....
	round 102000 		loglike -68022.573203 	....completed....
	round 103000 		loglike -68022.573203 	....completed....
	round 104000 		loglike -68022.573203 	....completed....
	round 105000 		loglike -68022.573203 	....completed....
	round 106000 		loglike -68022.573203 	....completed....
	round 107000 		loglike -68022.573203 	....completed....
	round 108000 		loglike -68022.573203 	....completed....
	round 109000 		loglike -68022.573203 	....completed....
	round 110000 		loglike -68022.573190 	....completed....
	round 111000 		loglike -68022.573190 	....completed....
	round 112000 		loglike -68022.573190 	....completed....
	round 113000 		loglike -68022.573190 	....completed....
	round 114000 		loglike -68022.573190 	....completed....
	round 115000 		loglike -68022.573190 	....completed....
	round 116000 		loglike -68022.573190 	....completed....
	round 117000 		loglike -68022.573190 	....completed....
	round 118000 		loglike -68022.573190 	....completed....
	round 119000 		loglike -68022.573190 	....completed....
	round 120000 		loglike -68022.572452 	....completed....
	round 121000 		loglike -68022.572432 	....completed....
	round 122000 		loglike -68022.572432 	....completed....
	round 123000 		loglike -68022.572432 	....completed....
	round 124000 		loglike -68022.572432 	....completed....
	round 125000 		loglike -68022.572432 	....completed....
	round 126000 		loglike -68022.572432 	....completed....
	round 127000 		loglike -68022.572432 	....completed....
	round 128000 		loglike -68022.572432 	....completed....
	round 129000 		loglike -68022.572432 	....completed....
	round 130000 		loglike -68022.572432 	....completed....
	round 131000 		loglike -68022.572432 	....completed....
	round 132000 		loglike -68022.572432 	....completed....
	round 133000 		loglike -68022.572432 	....completed....
	round 134000 		loglike -68022.572432 	....completed....
	round 135000 		loglike -68022.572432 	....completed....
	round 136000 		loglike -68022.572432 	....completed....
	round 137000 		loglike -68022.572432 	....completed....
	round 138000 		loglike -68022.572432 	....completed....
	round 139000 		loglike -68022.572432 	....completed....
	round 140000 		loglike -68022.572432 	....completed....
	round 141000 		loglike -68022.572432 	....completed....
	round 142000 		loglike -68022.572432 	....completed....
	round 143000 		loglike -68022.572432 	....completed....
	round 144000 		loglike -68022.572432 	....completed....
	round 145000 		loglike -68022.572432 	....completed....
	round 146000 		loglike -68022.572432 	....completed....
	round 147000 		loglike -68022.572432 	....completed....
	round 148000 		loglike -68022.572432 	....completed....
	round 149000 		loglike -68022.572432 	....completed....
	round 150000 		loglike -68022.572432 	....completed....
	round 151000 		loglike -68022.572257 	....completed....
	round 152000 		loglike -68022.572257 	....completed....
	round 153000 		loglike -68022.572257 	....completed....
	round 154000 		loglike -68022.572256 	....completed....
	round 155000 		loglike -68022.572256 	....completed....
	round 156000 		loglike -68022.572256 	....completed....
	round 157000 		loglike -68022.572256 	....completed....
	round 158000 		loglike -68022.572256 	....completed....
	round 159000 		loglike -68022.572256 	....completed....
	round 160000 		loglike -68022.572249 	....completed....
	round 161000 		loglike -68022.572249 	....completed....
	round 162000 		loglike -68022.572249 	....completed....
	round 163000 		loglike -68022.572249 	....completed....
	round 164000 		loglike -68022.572249 	....completed....
	round 165000 		loglike -68022.572249 	....completed....
	round 166000 		loglike -68022.572249 	....completed....
	round 167000 		loglike -68022.572249 	....completed....
	round 168000 		loglike -68022.572249 	....completed....
	round 169000 		loglike -68022.572249 	....completed....
	round 170000 		loglike -68022.572249 	....completed....
	round 171000 		loglike -68022.572249 	....completed....
	round 172000 		loglike -68022.572249 	....completed....
	round 173000 		loglike -68022.572249 	....completed....
	round 174000 		loglike -68022.572249 	....completed....
	round 175000 		loglike -68022.572249 	....completed....
	round 176000 		loglike -68022.572249 	....completed....
	round 177000 		loglike -68022.572249 	....completed....
	round 178000 		loglike -68022.572249 	....completed....
	round 179000 		loglike -68022.572249 	....completed....
	round 180000 		loglike -68022.572249 	....completed....
	round 181000 		loglike -68022.572249 	....completed....
	round 182000 		loglike -68022.572249 	....completed....
	round 183000 		loglike -68022.572249 	....completed....
	round 184000 		loglike -68022.572249 	....completed....
	round 185000 		loglike -68022.572249 	....completed....
	round 186000 		loglike -68022.572249 	....completed....
	round 187000 		loglike -68022.572249 	....completed....
	round 188000 		loglike -68022.572249 	....completed....
	round 189000 		loglike -68022.572249 	....completed....
	round 190000 		loglike -68022.572249 	....completed....
	round 191000 		loglike -68022.572249 	....completed....
	round 192000 		loglike -68022.572249 	....completed....
	round 193000 		loglike -68022.572249 	....completed....
	round 194000 		loglike -68022.572249 	....completed....
	round 195000 		loglike -68022.572249 	....completed....
	round 196000 		loglike -68022.572249 	....completed....
	round 197000 		loglike -68022.572247 	....completed....
	round 198000 		loglike -68022.572247 	....completed....
	round 199000 		loglike -68022.572247 	....completed....
	round 200000 		loglike -68022.572247 	....completed....
	round 201000 		loglike -68022.572247 	....completed....
	round 202000 		loglike -68022.572247 	....completed....
	round 203000 		loglike -68022.572247 	....completed....
	round 204000 		loglike -68022.572247 	....completed....
	round 205000 		loglike -68022.572247 	....completed....
	round 206000 		loglike -68022.572247 	....completed....
	round 207000 		loglike -68022.572247 	....completed....
	round 208000 		loglike -68022.572247 	....completed....
	round 209000 		loglike -68022.572247 	....completed....
	round 210000 		loglike -68022.572247 	....completed....
	round 211000 		loglike -68022.572247 	....completed....
	round 212000 		loglike -68022.572247 	....completed....
	round 213000 		loglike -68022.572247 	....completed....
	round 214000 		loglike -68022.572247 	....completed....
	round 215000 		loglike -68022.572247 	....completed....
	round 216000 		loglike -68022.572247 	....completed....
	round 217000 		loglike -68022.572247 	....completed....
	round 218000 		loglike -68022.572247 	....completed....
	round 219000 		loglike -68022.572247 	....completed....
	round 220000 		loglike -68022.572243 	....completed....
	round 221000 		loglike -68022.572243 	....completed....
	round 222000 		loglike -68022.572243 	....completed....
	round 223000 		loglike -68022.572243 	....completed....
	round 224000 		loglike -68022.572243 	....completed....
	round 225000 		loglike -68022.572242 	....completed....
	round 226000 		loglike -68022.572242 	....completed....
	round 227000 		loglike -68022.572242 	....completed....
	round 228000 		loglike -68022.572242 	....completed....
	round 229000 		loglike -68022.572242 	....completed....
	round 230000 		loglike -68022.572242 	....completed....
	round 231000 		loglike -68022.572242 	....completed....
	round 232000 		loglike -68022.572242 	....completed....
	round 233000 		loglike -68022.572242 	....completed....
	round 234000 		loglike -68022.572242 	....completed....
	round 235000 		loglike -68022.572242 	....completed....
	round 236000 		loglike -68022.572241 	....completed....
	round 237000 		loglike -68022.572241 	....completed....
	round 238000 		loglike -68022.572241 	....completed....
	round 239000 		loglike -68022.572241 	....completed....
	round 240000 		loglike -68022.572241 	....completed....
	round 241000 		loglike -68022.572241 	....completed....
	round 242000 		loglike -68022.572241 	....completed....
	round 243000 		loglike -68022.572241 	....completed....
	round 244000 		loglike -68022.572241 	....completed....
	round 245000 		loglike -68022.572241 	....completed....
	round 246000 		loglike -68022.572241 	....completed....
	round 247000 		loglike -68022.572241 	....completed....
	round 248000 		loglike -68022.572241 	....completed....
	round 249000 		loglike -68022.572241 	....completed....
	round 250000 		loglike -68022.572241 	....completed....
	round 251000 		loglike -68022.572241 	....completed....
	round 252000 		loglike -68022.572241 	....completed....
	round 253000 		loglike -68022.572241 	....completed....
	round 254000 		loglike -68022.572241 	....completed....
	round 255000 		loglike -68022.572241 	....completed....
	round 256000 		loglike -68022.572241 	....completed....
			Analysis is completed in 10 seconds (cpu time is 11 seconds)
	round 1000 		loglike -166320.308410 	....completed....
	round 2000 		loglike -133799.629398 	....completed....
	round 3000 		loglike -121123.977630 	....completed....
	round 4000 		loglike -110580.135464 	....completed....
	round 5000 		loglike -103026.676793 	....completed....
	round 6000 		loglike -94733.643612 	....completed....
	round 7000 		loglike -89396.998507 	....completed....
	round 8000 		loglike -84931.248854 	....completed....
	round 9000 		loglike -82118.303381 	....completed....
	round 10000 		loglike -79073.004456 	....completed....
	round 11000 		loglike -77064.564140 	....completed....
	round 12000 		loglike -75042.037168 	....completed....
	round 13000 		loglike -73604.807711 	....completed....
	round 14000 		loglike -72311.717591 	....completed....
	round 15000 		loglike -71017.126156 	....completed....
	round 16000 		loglike -70337.513620 	....completed....
	round 17000 		loglike -69864.060591 	....completed....
	round 18000 		loglike -69354.487892 	....completed....
	round 19000 		loglike -68922.024890 	....completed....
	round 20000 		loglike -68678.801292 	....completed....
	round 21000 		loglike -68563.657091 	....completed....
	round 22000 		loglike -68474.755197 	....completed....
	round 23000 		loglike -68408.111718 	....completed....
	round 24000 		loglike -68347.584418 	....completed....
	round 25000 		loglike -68285.319970 	....completed....
	round 26000 		loglike -68210.751102 	....completed....
	round 27000 		loglike -68166.218250 	....completed....
	round 28000 		loglike -68132.916546 	....completed....
	round 29000 		loglike -68079.850547 	....completed....
	round 30000 		loglike -68060.383324 	....completed....
	round 31000 		loglike -68043.043516 	....completed....
	round 32000 		loglike -68027.828765 	....completed....
	round 33000 		loglike -68024.220503 	....completed....
	round 34000 		loglike -68022.609656 	....completed....
	round 35000 		loglike -68022.592241 	....completed....
	round 36000 		loglike -68022.590281 	....completed....
	round 37000 		loglike -68022.590281 	....completed....
	round 38000 		loglike -68022.583795 	....completed....
	round 39000 		loglike -68022.583789 	....completed....
	round 40000 		loglike -68022.583788 	....completed....
	round 41000 		loglike -68022.583772 	....completed....
	round 42000 		loglike -68022.583768 	....completed....
	round 43000 		loglike -68022.583768 	....completed....
	round 44000 		loglike -68022.583737 	....completed....
	round 45000 		loglike -68022.583737 	....completed....
	round 46000 		loglike -68022.583597 	....completed....
	round 47000 		loglike -68022.583597 	....completed....
	round 48000 		loglike -68022.574643 	....completed....
	round 49000 		loglike -68022.574623 	....completed....
	round 50000 		loglike -68022.573631 	....completed....
	round 51000 		loglike -68022.573627 	....completed....
	round 52000 		loglike -68022.573627 	....completed....
	round 53000 		loglike -68022.573627 	....completed....
	round 54000 		loglike -68022.573627 	....completed....
	round 55000 		loglike -68022.573627 	....completed....
	round 56000 		loglike -68022.573627 	....completed....
	round 57000 		loglike -68022.573068 	....completed....
	round 58000 		loglike -68022.573068 	....completed....
	round 59000 		loglike -68022.573068 	....completed....
	round 60000 		loglike -68022.573068 	....completed....
	round 61000 		loglike -68022.573068 	....completed....
	round 62000 		loglike -68022.572673 	....completed....
	round 63000 		loglike -68022.572673 	....completed....
	round 64000 		loglike -68022.572673 	....completed....
	round 65000 		loglike -68022.572673 	....completed....
	round 66000 		loglike -68022.572673 	....completed....
	round 67000 		loglike -68022.572673 	....completed....
	round 68000 		loglike -68022.572673 	....completed....
	round 69000 		loglike -68022.572672 	....completed....
	round 70000 		loglike -68022.572672 	....completed....
	round 71000 		loglike -68022.572672 	....completed....
	round 72000 		loglike -68022.572366 	....completed....
	round 73000 		loglike -68022.572366 	....completed....
	round 74000 		loglike -68022.572366 	....completed....
	round 75000 		loglike -68022.572366 	....completed....
	round 76000 		loglike -68022.572336 	....completed....
	round 77000 		loglike -68022.572336 	....completed....
	round 78000 		loglike -68022.572332 	....completed....
	round 79000 		loglike -68022.572332 	....completed....
	round 80000 		loglike -68022.572329 	....completed....
	round 81000 		loglike -68022.572329 	....completed....
	round 82000 		loglike -68022.572329 	....completed....
	round 83000 		loglike -68022.572329 	....completed....
	round 84000 		loglike -68022.572329 	....completed....
	round 85000 		loglike -68022.572329 	....completed....
	round 86000 		loglike -68022.572329 	....completed....
	round 87000 		loglike -68022.572329 	....completed....
	round 88000 		loglike -68022.572329 	....completed....
	round 89000 		loglike -68022.572329 	....completed....
	round 90000 		loglike -68022.572328 	....completed....
	round 91000 		loglike -68022.572328 	....completed....
	round 92000 		loglike -68022.572328 	....completed....
	round 93000 		loglike -68022.572328 	....completed....
	round 94000 		loglike -68022.572328 	....completed....
	round 95000 		loglike -68022.572328 	....completed....
	round 96000 		loglike -68022.572328 	....completed....
	round 97000 		loglike -68022.572328 	....completed....
	round 98000 		loglike -68022.572328 	....completed....
	round 99000 		loglike -68022.572328 	....completed....
	round 100000 		loglike -68022.572328 	....completed....
	round 101000 		loglike -68022.572328 	....completed....
	round 102000 		loglike -68022.572328 	....completed....
	round 103000 		loglike -68022.572327 	....completed....
	round 104000 		loglike -68022.572327 	....completed....
	round 105000 		loglike -68022.572316 	....completed....
	round 106000 		loglike -68022.572316 	....completed....
	round 107000 		loglike -68022.572316 	....completed....
	round 108000 		loglike -68022.572291 	....completed....
	round 109000 		loglike -68022.572291 	....completed....
	round 110000 		loglike -68022.572291 	....completed....
	round 111000 		loglike -68022.572291 	....completed....
	round 112000 		loglike -68022.572291 	....completed....
	round 113000 		loglike -68022.572291 	....completed....
	round 114000 		loglike -68022.572291 	....completed....
	round 115000 		loglike -68022.572291 	....completed....
	round 116000 		loglike -68022.572291 	....completed....
	round 117000 		loglike -68022.572291 	....completed....
	round 118000 		loglike -68022.572291 	....completed....
	round 119000 		loglike -68022.572291 	....completed....
	round 120000 		loglike -68022.572291 	....completed....
	round 121000 		loglike -68022.572291 	....completed....
	round 122000 		loglike -68022.572291 	....completed....
	round 123000 		loglike -68022.572291 	....completed....
	round 124000 		loglike -68022.572291 	....completed....
	round 125000 		loglike -68022.572291 	....completed....
	round 126000 		loglike -68022.572291 	....completed....
	round 127000 		loglike -68022.572291 	....completed....
	round 128000 		loglike -68022.572291 	....completed....
	round 129000 		loglike -68022.572291 	....completed....
	round 130000 		loglike -68022.572291 	....completed....
	round 131000 		loglike -68022.572291 	....completed....
	round 132000 		loglike -68022.572291 	....completed....
	round 133000 		loglike -68022.572291 	....completed....
	round 134000 		loglike -68022.572291 	....completed....
	round 135000 		loglike -68022.572291 	....completed....
	round 136000 		loglike -68022.572291 	....completed....
	round 137000 		loglike -68022.572291 	....completed....
	round 138000 		loglike -68022.572291 	....completed....
	round 139000 		loglike -68022.572291 	....completed....
	round 140000 		loglike -68022.572291 	....completed....
	round 141000 		loglike -68022.572291 	....completed....
	round 142000 		loglike -68022.572291 	....completed....
	round 143000 		loglike -68022.572291 	....completed....
	round 144000 		loglike -68022.572291 	....completed....
	round 145000 		loglike -68022.572291 	....completed....
	round 146000 		loglike -68022.572291 	....completed....
	round 147000 		loglike -68022.572291 	....completed....
	round 148000 		loglike -68022.572291 	....completed....
	round 149000 		loglike -68022.572291 	....completed....
	round 150000 		loglike -68022.572291 	....completed....
	round 151000 		loglike -68022.572291 	....completed....
	round 152000 		loglike -68022.572291 	....completed....
	round 153000 		loglike -68022.572291 	....completed....
	round 154000 		loglike -68022.572291 	....completed....
	round 155000 		loglike -68022.572291 	....completed....
	round 156000 		loglike -68022.572291 	....completed....
	round 157000 		loglike -68022.572291 	....completed....
	round 158000 		loglike -68022.572291 	....completed....
	round 159000 		loglike -68022.572291 	....completed....
	round 160000 		loglike -68022.572291 	....completed....
	round 161000 		loglike -68022.572291 	....completed....
	round 162000 		loglike -68022.572291 	....completed....
	round 163000 		loglike -68022.572291 	....completed....
	round 164000 		loglike -68022.572291 	....completed....
	round 165000 		loglike -68022.572291 	....completed....
	round 166000 		loglike -68022.572291 	....completed....
	round 167000 		loglike -68022.572291 	....completed....
	round 168000 		loglike -68022.572291 	....completed....
			Analysis is completed in 7 seconds (cpu time is 7 seconds)
