IQ-TREE multicore version 1.6.8 for Linux 64-bit built Oct 28 2018
Developed by Bui Quang Minh, Nguyen Lam Tung, Olga Chernomor,
Heiko Schmidt, Dominik Schrempf, Michael Woodhams.

Host:    sango10511.oist.jp (AVX2, FMA3, 125 GB RAM)
Command: iqtree -s examples/15taxon_300genes_4cores_nophylonet//aln_seqs/1_seqgen220.nex.aln -bb 1000 -redo -nt 3 -m MFP
Seed:    892246 (Using SPRNG - Scalable Parallel Random Number Generator)
Time:    Sun Feb 24 19:59:32 2019
Kernel:  AVX+FMA - 3 threads (24 CPU cores detected)

Reading alignment file examples/15taxon_300genes_4cores_nophylonet//aln_seqs/1_seqgen220.nex.aln ... Fasta format detected
Alignment most likely contains DNA/RNA sequences
Alignment has 15 sequences with 500 columns, 193 distinct patterns
113 parsimony-informative, 160 singleton sites, 227 constant sites
    Gap/Ambiguity  Composition  p-value
   1  A5    0.00%    passed     99.76%
   2  A     0.00%    passed     70.26%
   3  B     0.00%    passed     97.72%
   4  C     0.00%    passed     94.59%
   5  F     0.00%    passed     80.05%
   6  D     0.00%    passed     91.56%
   7  E     0.00%    passed     98.15%
   8  A4    0.00%    passed     98.15%
   9  A1    0.00%    passed     99.57%
  10  A2    0.00%    passed     97.64%
  11  A3    0.00%    passed     98.94%
  12  G     0.00%    passed     99.83%
  13  A0    0.00%    passed     94.42%
  14  H     0.00%    passed     98.06%
  15  I     0.00%    passed     88.44%
****  TOTAL    0.00%  0 sequences failed composition chi2 test (p-value<5%; df=3)


Create initial parsimony tree by phylogenetic likelihood library (PLL)... 0.000 seconds
NOTE: ModelFinder requires 1 MB RAM!
ModelFinder will test 286 DNA models (sample size: 500) ...
 No. Model         -LnL         df  AIC          AICc         BIC
WARNING: Number of threads seems too high for short alignments. Use -nt AUTO to determine best number of threads.
  1  JC            2637.358     27  5328.717     5331.920     5442.511
WARNING: Number of threads seems too high for short alignments. Use -nt AUTO to determine best number of threads.
  2  JC+I          2637.358     28  5330.717     5334.165     5448.726
WARNING: Number of threads seems too high for short alignments. Use -nt AUTO to determine best number of threads.
  3  JC+G4         2637.365     28  5330.730     5334.178     5448.739
WARNING: Number of threads seems too high for short alignments. Use -nt AUTO to determine best number of threads.
  4  JC+I+G4       2638.629     29  5335.259     5338.961     5457.482
WARNING: Number of threads seems too high for short alignments. Use -nt AUTO to determine best number of threads.
  5  JC+R2         2637.656     29  5333.312     5337.014     5455.536
WARNING: Number of threads seems too high for short alignments. Use -nt AUTO to determine best number of threads.
  6  JC+R3         2637.556     31  5337.112     5341.351     5467.765
WARNING: Number of threads seems too high for short alignments. Use -nt AUTO to determine best number of threads.
 14  F81+F         2622.529     30  5305.057     5309.023     5431.495
WARNING: Number of threads seems too high for short alignments. Use -nt AUTO to determine best number of threads.
 15  F81+F+I       2622.529     31  5307.057     5311.296     5437.710
WARNING: Number of threads seems too high for short alignments. Use -nt AUTO to determine best number of threads.
 16  F81+F+G4      2622.535     31  5307.070     5311.309     5437.723
WARNING: Number of threads seems too high for short alignments. Use -nt AUTO to determine best number of threads.
 17  F81+F+I+G4    2623.689     32  5311.379     5315.901     5446.246
WARNING: Number of threads seems too high for short alignments. Use -nt AUTO to determine best number of threads.
 18  F81+F+R2      2622.755     32  5309.509     5314.032     5444.377
WARNING: Number of threads seems too high for short alignments. Use -nt AUTO to determine best number of threads.
 19  F81+F+R3      2622.668     34  5313.336     5318.454     5456.633
WARNING: Number of threads seems too high for short alignments. Use -nt AUTO to determine best number of threads.
 27  K2P           2555.737     28  5167.474     5170.922     5285.483
WARNING: Number of threads seems too high for short alignments. Use -nt AUTO to determine best number of threads.
 28  K2P+I         2555.737     29  5169.474     5173.176     5291.698
WARNING: Number of threads seems too high for short alignments. Use -nt AUTO to determine best number of threads.
 29  K2P+G4        2555.742     29  5169.485     5173.187     5291.708
WARNING: Number of threads seems too high for short alignments. Use -nt AUTO to determine best number of threads.
 30  K2P+I+G4      2556.717     30  5173.434     5177.400     5299.872
WARNING: Number of threads seems too high for short alignments. Use -nt AUTO to determine best number of threads.
 31  K2P+R2        2555.891     30  5171.782     5175.748     5298.221
WARNING: Number of threads seems too high for short alignments. Use -nt AUTO to determine best number of threads.
 32  K2P+R3        2555.826     32  5175.652     5180.175     5310.520
WARNING: Number of threads seems too high for short alignments. Use -nt AUTO to determine best number of threads.
 40  HKY+F         2533.273     31  5128.547     5132.786     5259.199
WARNING: Number of threads seems too high for short alignments. Use -nt AUTO to determine best number of threads.
 41  HKY+F+I       2533.273     32  5130.547     5135.069     5265.414
WARNING: Number of threads seems too high for short alignments. Use -nt AUTO to determine best number of threads.
 42  HKY+F+G4      2533.279     32  5130.557     5135.080     5265.425
WARNING: Number of threads seems too high for short alignments. Use -nt AUTO to determine best number of threads.
 43  HKY+F+I+G4    2534.174     33  5134.348     5139.163     5273.430
WARNING: Number of threads seems too high for short alignments. Use -nt AUTO to determine best number of threads.
 44  HKY+F+R2      2533.399     33  5132.798     5137.614     5271.880
WARNING: Number of threads seems too high for short alignments. Use -nt AUTO to determine best number of threads.
 45  HKY+F+R3      2533.342     35  5136.684     5142.115     5284.195
WARNING: Number of threads seems too high for short alignments. Use -nt AUTO to determine best number of threads.
 53  TNe           2554.682     29  5167.363     5171.065     5289.587
WARNING: Number of threads seems too high for short alignments. Use -nt AUTO to determine best number of threads.
 54  TNe+I         2554.682     30  5169.363     5173.329     5295.801
WARNING: Number of threads seems too high for short alignments. Use -nt AUTO to determine best number of threads.
 55  TNe+G4        2554.688     30  5169.376     5173.342     5295.815
WARNING: Number of threads seems too high for short alignments. Use -nt AUTO to determine best number of threads.
 56  TNe+I+G4      2555.661     31  5173.322     5177.562     5303.975
WARNING: Number of threads seems too high for short alignments. Use -nt AUTO to determine best number of threads.
 57  TNe+R2        2554.803     31  5171.605     5175.845     5302.258
WARNING: Number of threads seems too high for short alignments. Use -nt AUTO to determine best number of threads.
 58  TNe+R3        2554.744     33  5175.488     5180.304     5314.570
WARNING: Number of threads seems too high for short alignments. Use -nt AUTO to determine best number of threads.
 66  TN+F          2533.241     32  5130.483     5135.005     5265.350
WARNING: Number of threads seems too high for short alignments. Use -nt AUTO to determine best number of threads.
 67  TN+F+I        2533.241     33  5132.483     5137.298     5271.565
WARNING: Number of threads seems too high for short alignments. Use -nt AUTO to determine best number of threads.
 68  TN+F+G4       2533.247     33  5132.494     5137.309     5271.576
WARNING: Number of threads seems too high for short alignments. Use -nt AUTO to determine best number of threads.
 69  TN+F+I+G4     2534.053     34  5136.107     5141.225     5279.404
WARNING: Number of threads seems too high for short alignments. Use -nt AUTO to determine best number of threads.
 70  TN+F+R2       2533.327     34  5134.654     5139.772     5277.951
WARNING: Number of threads seems too high for short alignments. Use -nt AUTO to determine best number of threads.
 71  TN+F+R3       2533.283     36  5138.565     5144.319     5290.291
WARNING: Number of threads seems too high for short alignments. Use -nt AUTO to determine best number of threads.
 79  K3P           2555.434     29  5168.869     5172.571     5291.092
WARNING: Number of threads seems too high for short alignments. Use -nt AUTO to determine best number of threads.
 80  K3P+I         2555.434     30  5170.869     5174.834     5297.307
WARNING: Number of threads seems too high for short alignments. Use -nt AUTO to determine best number of threads.
 81  K3P+G4        2555.440     30  5170.879     5174.845     5297.317
WARNING: Number of threads seems too high for short alignments. Use -nt AUTO to determine best number of threads.
 82  K3P+I+G4      2556.198     31  5174.397     5178.636     5305.050
WARNING: Number of threads seems too high for short alignments. Use -nt AUTO to determine best number of threads.
 83  K3P+R2        2555.503     31  5173.005     5177.244     5303.658
WARNING: Number of threads seems too high for short alignments. Use -nt AUTO to determine best number of threads.
 84  K3P+R3        2555.465     33  5176.930     5181.746     5316.012
WARNING: Number of threads seems too high for short alignments. Use -nt AUTO to determine best number of threads.
 92  K3Pu+F        2533.249     32  5130.497     5135.020     5265.365
WARNING: Number of threads seems too high for short alignments. Use -nt AUTO to determine best number of threads.
 93  K3Pu+F+I      2533.249     33  5132.497     5137.313     5271.579
WARNING: Number of threads seems too high for short alignments. Use -nt AUTO to determine best number of threads.
 94  K3Pu+F+G4     2533.254     33  5132.508     5137.323     5271.590
WARNING: Number of threads seems too high for short alignments. Use -nt AUTO to determine best number of threads.
 95  K3Pu+F+I+G4   2533.956     34  5135.913     5141.031     5279.209
WARNING: Number of threads seems too high for short alignments. Use -nt AUTO to determine best number of threads.
 96  K3Pu+F+R2     2533.306     34  5134.612     5139.730     5277.909
WARNING: Number of threads seems too high for short alignments. Use -nt AUTO to determine best number of threads.
 97  K3Pu+F+R3     2533.273     36  5138.546     5144.300     5290.272
WARNING: Number of threads seems too high for short alignments. Use -nt AUTO to determine best number of threads.
105  TPM2+F        2533.264     32  5130.527     5135.050     5265.395
WARNING: Number of threads seems too high for short alignments. Use -nt AUTO to determine best number of threads.
106  TPM2+F+I      2533.264     33  5132.527     5137.343     5271.609
WARNING: Number of threads seems too high for short alignments. Use -nt AUTO to determine best number of threads.
107  TPM2+F+G4     2533.269     33  5132.538     5137.353     5271.620
WARNING: Number of threads seems too high for short alignments. Use -nt AUTO to determine best number of threads.
108  TPM2+F+I+G4   2533.935     34  5135.870     5140.988     5279.167
WARNING: Number of threads seems too high for short alignments. Use -nt AUTO to determine best number of threads.
109  TPM2+F+R2     2533.312     34  5134.624     5139.742     5277.921
WARNING: Number of threads seems too high for short alignments. Use -nt AUTO to determine best number of threads.
110  TPM2+F+R3     2533.283     36  5138.566     5144.320     5290.292
WARNING: Number of threads seems too high for short alignments. Use -nt AUTO to determine best number of threads.
118  TPM2u+F       2533.264     32  5130.527     5135.050     5265.395
WARNING: Number of threads seems too high for short alignments. Use -nt AUTO to determine best number of threads.
119  TPM2u+F+I     2533.264     33  5132.527     5137.343     5271.609
WARNING: Number of threads seems too high for short alignments. Use -nt AUTO to determine best number of threads.
120  TPM2u+F+G4    2533.269     33  5132.538     5137.353     5271.620
WARNING: Number of threads seems too high for short alignments. Use -nt AUTO to determine best number of threads.
121  TPM2u+F+I+G4  2533.901     34  5135.802     5140.920     5279.098
WARNING: Number of threads seems too high for short alignments. Use -nt AUTO to determine best number of threads.
122  TPM2u+F+R2    2533.304     34  5134.609     5139.727     5277.905
WARNING: Number of threads seems too high for short alignments. Use -nt AUTO to determine best number of threads.
123  TPM2u+F+R3    2533.279     36  5138.558     5144.312     5290.284
WARNING: Number of threads seems too high for short alignments. Use -nt AUTO to determine best number of threads.
131  TPM3+F        2533.265     32  5130.531     5135.053     5265.398
WARNING: Number of threads seems too high for short alignments. Use -nt AUTO to determine best number of threads.
132  TPM3+F+I      2533.265     33  5132.531     5137.346     5271.613
WARNING: Number of threads seems too high for short alignments. Use -nt AUTO to determine best number of threads.
133  TPM3+F+G4     2533.271     33  5132.542     5137.357     5271.624
WARNING: Number of threads seems too high for short alignments. Use -nt AUTO to determine best number of threads.
134  TPM3+F+I+G4   2533.874     34  5135.748     5140.866     5279.045
WARNING: Number of threads seems too high for short alignments. Use -nt AUTO to determine best number of threads.
135  TPM3+F+R2     2533.300     34  5134.600     5139.718     5277.897
WARNING: Number of threads seems too high for short alignments. Use -nt AUTO to determine best number of threads.
136  TPM3+F+R3     2533.278     36  5138.555     5144.309     5290.281
WARNING: Number of threads seems too high for short alignments. Use -nt AUTO to determine best number of threads.
144  TPM3u+F       2533.265     32  5130.531     5135.053     5265.398
WARNING: Number of threads seems too high for short alignments. Use -nt AUTO to determine best number of threads.
145  TPM3u+F+I     2533.265     33  5132.531     5137.346     5271.613
WARNING: Number of threads seems too high for short alignments. Use -nt AUTO to determine best number of threads.
146  TPM3u+F+G4    2533.271     33  5132.542     5137.357     5271.624
WARNING: Number of threads seems too high for short alignments. Use -nt AUTO to determine best number of threads.
147  TPM3u+F+I+G4  2533.845     34  5135.690     5140.808     5278.986
WARNING: Number of threads seems too high for short alignments. Use -nt AUTO to determine best number of threads.
148  TPM3u+F+R2    2533.295     34  5134.589     5139.707     5277.886
WARNING: Number of threads seems too high for short alignments. Use -nt AUTO to determine best number of threads.
149  TPM3u+F+R3    2533.275     36  5138.550     5144.304     5290.276
WARNING: Number of threads seems too high for short alignments. Use -nt AUTO to determine best number of threads.
157  TIMe          2554.378     30  5168.757     5172.723     5295.195
WARNING: Number of threads seems too high for short alignments. Use -nt AUTO to determine best number of threads.
158  TIMe+I        2554.378     31  5170.757     5174.996     5301.409
WARNING: Number of threads seems too high for short alignments. Use -nt AUTO to determine best number of threads.
159  TIMe+G4       2554.385     31  5170.769     5175.009     5301.422
WARNING: Number of threads seems too high for short alignments. Use -nt AUTO to determine best number of threads.
160  TIMe+I+G4     2555.026     32  5174.051     5178.574     5308.919
WARNING: Number of threads seems too high for short alignments. Use -nt AUTO to determine best number of threads.
161  TIMe+R2       2554.407     32  5172.815     5177.337     5307.682
WARNING: Number of threads seems too high for short alignments. Use -nt AUTO to determine best number of threads.
162  TIMe+R3       2554.387     34  5176.774     5181.892     5320.070
WARNING: Number of threads seems too high for short alignments. Use -nt AUTO to determine best number of threads.
170  TIM+F         2533.218     33  5132.435     5137.251     5271.518
WARNING: Number of threads seems too high for short alignments. Use -nt AUTO to determine best number of threads.
171  TIM+F+I       2533.217     34  5134.435     5139.553     5277.732
WARNING: Number of threads seems too high for short alignments. Use -nt AUTO to determine best number of threads.
172  TIM+F+G4      2533.223     34  5134.446     5139.564     5277.742
WARNING: Number of threads seems too high for short alignments. Use -nt AUTO to determine best number of threads.
173  TIM+F+I+G4    2533.752     35  5137.505     5142.936     5285.016
WARNING: Number of threads seems too high for short alignments. Use -nt AUTO to determine best number of threads.
174  TIM+F+R2      2533.237     35  5136.474     5141.906     5283.986
WARNING: Number of threads seems too high for short alignments. Use -nt AUTO to determine best number of threads.
175  TIM+F+R3      2533.222     37  5140.445     5146.531     5296.385
WARNING: Number of threads seems too high for short alignments. Use -nt AUTO to determine best number of threads.
183  TIM2e         2554.443     30  5168.886     5172.852     5295.325
WARNING: Number of threads seems too high for short alignments. Use -nt AUTO to determine best number of threads.
184  TIM2e+I       2554.443     31  5170.886     5175.126     5301.539
WARNING: Number of threads seems too high for short alignments. Use -nt AUTO to determine best number of threads.
185  TIM2e+G4      2554.449     31  5170.898     5175.138     5301.551
WARNING: Number of threads seems too high for short alignments. Use -nt AUTO to determine best number of threads.
186  TIM2e+I+G4    2555.022     32  5174.043     5178.566     5308.911
WARNING: Number of threads seems too high for short alignments. Use -nt AUTO to determine best number of threads.
187  TIM2e+R2      2554.462     32  5172.924     5177.447     5307.792
WARNING: Number of threads seems too high for short alignments. Use -nt AUTO to determine best number of threads.
188  TIM2e+R3      2554.448     34  5176.896     5182.014     5320.192
WARNING: Number of threads seems too high for short alignments. Use -nt AUTO to determine best number of threads.
196  TIM2+F        2533.232     33  5132.464     5137.279     5271.546
WARNING: Number of threads seems too high for short alignments. Use -nt AUTO to determine best number of threads.
197  TIM2+F+I      2533.232     34  5134.463     5139.582     5277.760
WARNING: Number of threads seems too high for short alignments. Use -nt AUTO to determine best number of threads.
198  TIM2+F+G4     2533.237     34  5134.475     5139.593     5277.771
WARNING: Number of threads seems too high for short alignments. Use -nt AUTO to determine best number of threads.
199  TIM2+F+I+G4   2533.720     35  5137.439     5142.870     5284.950
WARNING: Number of threads seems too high for short alignments. Use -nt AUTO to determine best number of threads.
200  TIM2+F+R2     2533.246     35  5136.492     5141.923     5284.003
WARNING: Number of threads seems too high for short alignments. Use -nt AUTO to determine best number of threads.
201  TIM2+F+R3     2533.235     37  5140.470     5146.557     5296.410
WARNING: Number of threads seems too high for short alignments. Use -nt AUTO to determine best number of threads.
209  TIM3e         2552.780     30  5165.560     5169.526     5291.998
WARNING: Number of threads seems too high for short alignments. Use -nt AUTO to determine best number of threads.
210  TIM3e+I       2552.780     31  5167.560     5171.799     5298.213
WARNING: Number of threads seems too high for short alignments. Use -nt AUTO to determine best number of threads.
211  TIM3e+G4      2552.786     31  5167.572     5171.811     5298.225
WARNING: Number of threads seems too high for short alignments. Use -nt AUTO to determine best number of threads.
212  TIM3e+I+G4    2553.293     32  5170.585     5175.108     5305.453
WARNING: Number of threads seems too high for short alignments. Use -nt AUTO to determine best number of threads.
213  TIM3e+R2      2552.793     32  5169.586     5174.108     5304.453
WARNING: Number of threads seems too high for short alignments. Use -nt AUTO to determine best number of threads.
214  TIM3e+R3      2552.782     34  5173.565     5178.683     5316.862
WARNING: Number of threads seems too high for short alignments. Use -nt AUTO to determine best number of threads.
222  TIM3+F        2533.233     33  5132.467     5137.282     5271.549
WARNING: Number of threads seems too high for short alignments. Use -nt AUTO to determine best number of threads.
223  TIM3+F+I      2533.233     34  5134.467     5139.585     5277.764
WARNING: Number of threads seems too high for short alignments. Use -nt AUTO to determine best number of threads.
224  TIM3+F+G4     2533.239     34  5134.478     5139.596     5277.775
WARNING: Number of threads seems too high for short alignments. Use -nt AUTO to determine best number of threads.
225  TIM3+F+I+G4   2533.683     35  5137.365     5142.796     5284.876
WARNING: Number of threads seems too high for short alignments. Use -nt AUTO to determine best number of threads.
226  TIM3+F+R2     2533.244     35  5136.488     5141.919     5283.999
WARNING: Number of threads seems too high for short alignments. Use -nt AUTO to determine best number of threads.
227  TIM3+F+R3     2533.236     37  5140.471     5146.558     5296.412
WARNING: Number of threads seems too high for short alignments. Use -nt AUTO to determine best number of threads.
235  TVMe          2553.503     31  5169.007     5173.246     5299.660
WARNING: Number of threads seems too high for short alignments. Use -nt AUTO to determine best number of threads.
236  TVMe+I        2553.503     32  5171.007     5175.529     5305.874
WARNING: Number of threads seems too high for short alignments. Use -nt AUTO to determine best number of threads.
237  TVMe+G4       2553.508     32  5171.015     5175.538     5305.883
WARNING: Number of threads seems too high for short alignments. Use -nt AUTO to determine best number of threads.
238  TVMe+I+G4     2553.890     33  5173.781     5178.596     5312.863
WARNING: Number of threads seems too high for short alignments. Use -nt AUTO to determine best number of threads.
239  TVMe+R2       2553.510     33  5173.020     5177.835     5312.102
WARNING: Number of threads seems too high for short alignments. Use -nt AUTO to determine best number of threads.
240  TVMe+R3       2553.504     35  5177.009     5182.440     5324.520
WARNING: Number of threads seems too high for short alignments. Use -nt AUTO to determine best number of threads.
248  TVM+F         2533.221     34  5134.443     5139.561     5277.739
WARNING: Number of threads seems too high for short alignments. Use -nt AUTO to determine best number of threads.
249  TVM+F+I       2533.221     35  5136.443     5141.874     5283.954
WARNING: Number of threads seems too high for short alignments. Use -nt AUTO to determine best number of threads.
250  TVM+F+G4      2533.227     35  5136.453     5141.884     5283.965
WARNING: Number of threads seems too high for short alignments. Use -nt AUTO to determine best number of threads.
251  TVM+F+I+G4    2533.624     36  5139.247     5145.001     5290.973
WARNING: Number of threads seems too high for short alignments. Use -nt AUTO to determine best number of threads.
252  TVM+F+R2      2533.228     36  5138.456     5144.210     5290.182
WARNING: Number of threads seems too high for short alignments. Use -nt AUTO to determine best number of threads.
253  TVM+F+R3      2533.222     38  5142.445     5148.874     5302.600
WARNING: Number of threads seems too high for short alignments. Use -nt AUTO to determine best number of threads.
261  SYM           2552.432     32  5168.865     5173.387     5303.732
WARNING: Number of threads seems too high for short alignments. Use -nt AUTO to determine best number of threads.
262  SYM+I         2552.432     33  5170.864     5175.680     5309.946
WARNING: Number of threads seems too high for short alignments. Use -nt AUTO to determine best number of threads.
263  SYM+G4        2552.438     33  5170.876     5175.691     5309.958
WARNING: Number of threads seems too high for short alignments. Use -nt AUTO to determine best number of threads.
264  SYM+I+G4      2552.859     34  5173.718     5178.837     5317.015
WARNING: Number of threads seems too high for short alignments. Use -nt AUTO to determine best number of threads.
265  SYM+R2        2552.438     34  5172.876     5177.995     5316.173
WARNING: Number of threads seems too high for short alignments. Use -nt AUTO to determine best number of threads.
266  SYM+R3        2552.433     36  5176.866     5182.620     5328.592
WARNING: Number of threads seems too high for short alignments. Use -nt AUTO to determine best number of threads.
274  GTR+F         2533.189     35  5136.378     5141.809     5283.890
WARNING: Number of threads seems too high for short alignments. Use -nt AUTO to determine best number of threads.
275  GTR+F+I       2533.189     36  5138.378     5144.132     5290.104
WARNING: Number of threads seems too high for short alignments. Use -nt AUTO to determine best number of threads.
276  GTR+F+G4      2533.195     36  5138.390     5144.143     5290.116
WARNING: Number of threads seems too high for short alignments. Use -nt AUTO to determine best number of threads.
277  GTR+F+I+G4    2533.572     37  5141.144     5147.231     5297.085
WARNING: Number of threads seems too high for short alignments. Use -nt AUTO to determine best number of threads.
278  GTR+F+R2      2533.195     37  5140.390     5146.476     5296.330
WARNING: Number of threads seems too high for short alignments. Use -nt AUTO to determine best number of threads.
279  GTR+F+R3      2533.190     39  5144.380     5151.163     5308.750
Akaike Information Criterion:           HKY+F
Corrected Akaike Information Criterion: HKY+F
Bayesian Information Criterion:         HKY+F
Best-fit model: HKY+F chosen according to BIC

All model information printed to examples/15taxon_300genes_4cores_nophylonet//aln_seqs/1_seqgen220.nex.aln.model.gz
CPU time for ModelFinder: 3.005 seconds (0h:0m:3s)
Wall-clock time for ModelFinder: 65.124 seconds (0h:1m:5s)
Generating 1000 samples for ultrafast bootstrap (seed: 892246)...

NOTE: 0 MB RAM (0 GB) is required!
WARNING: Number of threads seems too high for short alignments. Use -nt AUTO to determine best number of threads.
Estimate model parameters (epsilon = 0.100)
1. Initial log-likelihood: -2622.634
2. Current log-likelihood: -2614.595
3. Current log-likelihood: -2594.546
4. Current log-likelihood: -2568.656
5. Current log-likelihood: -2533.368
Optimal log-likelihood: -2533.273
Rate parameters:  A-C: 1.00000  A-G: 4.28598  A-T: 1.00000  C-G: 1.00000  C-T: 4.28598  G-T: 1.00000
Base frequencies:  A: 0.302  C: 0.166  G: 0.217  T: 0.315
Parameters optimization took 5 rounds (1.367 sec)
Computing ML distances based on estimated model parameters... 0.003 sec
Computing BIONJ tree...
0.120 seconds
Log-likelihood of BIONJ tree: -2533.402
--------------------------------------------------------------------
|             INITIALIZING CANDIDATE TREE SET                      |
--------------------------------------------------------------------
Generating 98 parsimony trees... 6.824 second
Computing log-likelihood of 98 initial trees ... 24.396 seconds
Current best score: -2533.273

Do NNI search on 20 best initial trees
Estimate model parameters (epsilon = 0.100)
BETTER TREE FOUND at iteration 1: -2533.273
Iteration 10 / LogL: -2533.274 / Time: 0h:0m:49s
Iteration 20 / LogL: -2533.283 / Time: 0h:1m:11s
Finish initializing candidate tree set (1)
Current best tree score: -2533.273 / CPU time: 69.372
Number of iterations: 20
--------------------------------------------------------------------
|               OPTIMIZING CANDIDATE TREE SET                      |
--------------------------------------------------------------------
Iteration 30 / LogL: -2533.273 / Time: 0h:1m:35s (0h:3m:52s left)
Iteration 40 / LogL: -2533.274 / Time: 0h:2m:1s (0h:3m:9s left)
Iteration 50 / LogL: -2533.304 / Time: 0h:2m:33s (0h:2m:39s left)
Log-likelihood cutoff on original alignment: -2571.618
Iteration 60 / LogL: -2533.274 / Time: 0h:3m:5s (0h:2m:9s left)
Iteration 70 / LogL: -2533.273 / Time: 0h:3m:41s (0h:1m:39s left)
Iteration 80 / LogL: -2533.275 / Time: 0h:4m:15s (0h:1m:7s left)
Iteration 90 / LogL: -2533.280 / Time: 0h:4m:45s (0h:0m:35s left)
Iteration 100 / LogL: -2533.274 / Time: 0h:5m:15s (0h:0m:3s left)
Log-likelihood cutoff on original alignment: -2571.618
NOTE: Bootstrap correlation coefficient of split occurrence frequencies: 1.000
TREE SEARCH COMPLETED AFTER 102 ITERATIONS / Time: 0h:5m:23s

--------------------------------------------------------------------
|                    FINALIZING TREE SEARCH                        |
--------------------------------------------------------------------
Performs final model parameters optimization
Estimate model parameters (epsilon = 0.010)
1. Initial log-likelihood: -2533.273
Optimal log-likelihood: -2533.273
Rate parameters:  A-C: 1.00000  A-G: 4.28630  A-T: 1.00000  C-G: 1.00000  C-T: 4.28630  G-T: 1.00000
Base frequencies:  A: 0.302  C: 0.166  G: 0.217  T: 0.315
Parameters optimization took 1 rounds (0.247 sec)
BEST SCORE FOUND : -2533.273
Creating bootstrap support values...
Split supports printed to NEXUS file examples/15taxon_300genes_4cores_nophylonet//aln_seqs/1_seqgen220.nex.aln.splits.nex
Total tree length: 0.787

Total number of iterations: 102
CPU time used for tree search: 12.024 sec (0h:0m:12s)
Wall-clock time used for tree search: 320.869 sec (0h:5m:20s)
Total CPU time used: 12.193 sec (0h:0m:12s)
Total wall-clock time used: 326.059 sec (0h:5m:26s)

Computing bootstrap consensus tree...
Reading input file examples/15taxon_300genes_4cores_nophylonet//aln_seqs/1_seqgen220.nex.aln.splits.nex...
15 taxa and 58 splits.
Consensus tree written to examples/15taxon_300genes_4cores_nophylonet//aln_seqs/1_seqgen220.nex.aln.contree
Reading input trees file examples/15taxon_300genes_4cores_nophylonet//aln_seqs/1_seqgen220.nex.aln.contree
Log-likelihood of consensus tree: -2533.273

Analysis results written to: 
  IQ-TREE report:                examples/15taxon_300genes_4cores_nophylonet//aln_seqs/1_seqgen220.nex.aln.iqtree
  Maximum-likelihood tree:       examples/15taxon_300genes_4cores_nophylonet//aln_seqs/1_seqgen220.nex.aln.treefile
  Likelihood distances:          examples/15taxon_300genes_4cores_nophylonet//aln_seqs/1_seqgen220.nex.aln.mldist

Ultrafast bootstrap approximation results written to:
  Split support values:          examples/15taxon_300genes_4cores_nophylonet//aln_seqs/1_seqgen220.nex.aln.splits.nex
  Consensus tree:                examples/15taxon_300genes_4cores_nophylonet//aln_seqs/1_seqgen220.nex.aln.contree
  Screen log file:               examples/15taxon_300genes_4cores_nophylonet//aln_seqs/1_seqgen220.nex.aln.log

Date and Time: Sun Feb 24 20:06:06 2019
