IQ-TREE multicore version 1.6.8 for Linux 64-bit built Oct 28 2018
Developed by Bui Quang Minh, Nguyen Lam Tung, Olga Chernomor,
Heiko Schmidt, Dominik Schrempf, Michael Woodhams.

Host:    sango10511.oist.jp (AVX2, FMA3, 125 GB RAM)
Command: iqtree -s examples/15taxon_300genes_4cores_nophylonet//aln_seqs/1_seqgen228.nex.aln -bb 1000 -redo -nt 3 -m MFP
Seed:    271573 (Using SPRNG - Scalable Parallel Random Number Generator)
Time:    Sun Feb 24 19:59:51 2019
Kernel:  AVX+FMA - 3 threads (24 CPU cores detected)

Reading alignment file examples/15taxon_300genes_4cores_nophylonet//aln_seqs/1_seqgen228.nex.aln ... Fasta format detected
Alignment most likely contains DNA/RNA sequences
Alignment has 15 sequences with 500 columns, 168 distinct patterns
103 parsimony-informative, 139 singleton sites, 258 constant sites
    Gap/Ambiguity  Composition  p-value
   1  A5    0.00%    passed     94.73%
   2  A     0.00%    passed     86.32%
   3  F     0.00%    passed     94.24%
   4  B     0.00%    passed     94.22%
   5  C     0.00%    passed     89.29%
   6  D     0.00%    passed     81.84%
   7  E     0.00%    passed     92.53%
   8  A4    0.00%    passed     92.37%
   9  A0    0.00%    passed     89.93%
  10  A1    0.00%    passed     94.66%
  11  A2    0.00%    passed     99.62%
  12  A3    0.00%    passed     99.74%
  13  G     0.00%    passed     99.89%
  14  H     0.00%    passed     99.71%
  15  I     0.00%    passed     97.28%
****  TOTAL    0.00%  0 sequences failed composition chi2 test (p-value<5%; df=3)


Create initial parsimony tree by phylogenetic likelihood library (PLL)... 0.000 seconds
NOTE: ModelFinder requires 1 MB RAM!
ModelFinder will test 286 DNA models (sample size: 500) ...
 No. Model         -LnL         df  AIC          AICc         BIC
WARNING: Number of threads seems too high for short alignments. Use -nt AUTO to determine best number of threads.
  1  JC            2370.367     27  4794.735     4797.938     4908.529
WARNING: Number of threads seems too high for short alignments. Use -nt AUTO to determine best number of threads.
  2  JC+I          2370.367     28  4796.735     4800.183     4914.744
WARNING: Number of threads seems too high for short alignments. Use -nt AUTO to determine best number of threads.
  3  JC+G4         2370.375     28  4796.750     4800.198     4914.759
WARNING: Number of threads seems too high for short alignments. Use -nt AUTO to determine best number of threads.
  4  JC+I+G4       2371.794     29  4801.589     4805.291     4923.812
WARNING: Number of threads seems too high for short alignments. Use -nt AUTO to determine best number of threads.
  5  JC+R2         2370.568     29  4799.136     4802.838     4921.359
WARNING: Number of threads seems too high for short alignments. Use -nt AUTO to determine best number of threads.
  6  JC+R3         2370.542     31  4803.084     4807.323     4933.737
WARNING: Number of threads seems too high for short alignments. Use -nt AUTO to determine best number of threads.
 14  F81+F         2349.658     30  4759.316     4763.282     4885.755
WARNING: Number of threads seems too high for short alignments. Use -nt AUTO to determine best number of threads.
 15  F81+F+I       2349.658     31  4761.317     4765.556     4891.969
WARNING: Number of threads seems too high for short alignments. Use -nt AUTO to determine best number of threads.
 16  F81+F+G4      2349.668     31  4761.335     4765.575     4891.988
WARNING: Number of threads seems too high for short alignments. Use -nt AUTO to determine best number of threads.
 17  F81+F+I+G4    2351.108     32  4766.216     4770.739     4901.084
WARNING: Number of threads seems too high for short alignments. Use -nt AUTO to determine best number of threads.
 18  F81+F+R2      2349.828     32  4763.656     4768.178     4898.523
WARNING: Number of threads seems too high for short alignments. Use -nt AUTO to determine best number of threads.
 19  F81+F+R3      2349.787     34  4767.574     4772.692     4910.870
WARNING: Number of threads seems too high for short alignments. Use -nt AUTO to determine best number of threads.
 27  K2P           2288.196     28  4632.392     4635.840     4750.401
WARNING: Number of threads seems too high for short alignments. Use -nt AUTO to determine best number of threads.
 28  K2P+I         2288.196     29  4634.392     4638.094     4756.615
WARNING: Number of threads seems too high for short alignments. Use -nt AUTO to determine best number of threads.
 29  K2P+G4        2288.202     29  4634.404     4638.107     4756.628
WARNING: Number of threads seems too high for short alignments. Use -nt AUTO to determine best number of threads.
 30  K2P+I+G4      2289.243     30  4638.486     4642.452     4764.924
WARNING: Number of threads seems too high for short alignments. Use -nt AUTO to determine best number of threads.
 31  K2P+R2        2288.288     30  4636.576     4640.542     4763.014
WARNING: Number of threads seems too high for short alignments. Use -nt AUTO to determine best number of threads.
 32  K2P+R3        2288.259     32  4640.518     4645.040     4775.385
WARNING: Number of threads seems too high for short alignments. Use -nt AUTO to determine best number of threads.
 40  HKY+F         2260.433     31  4582.865     4587.105     4713.518
WARNING: Number of threads seems too high for short alignments. Use -nt AUTO to determine best number of threads.
 41  HKY+F+I       2260.433     32  4584.865     4589.388     4719.733
WARNING: Number of threads seems too high for short alignments. Use -nt AUTO to determine best number of threads.
 42  HKY+F+G4      2260.441     32  4584.882     4589.405     4719.750
WARNING: Number of threads seems too high for short alignments. Use -nt AUTO to determine best number of threads.
 43  HKY+F+I+G4    2261.710     33  4589.420     4594.236     4728.502
WARNING: Number of threads seems too high for short alignments. Use -nt AUTO to determine best number of threads.
 44  HKY+F+R2      2260.522     33  4587.045     4591.860     4726.127
WARNING: Number of threads seems too high for short alignments. Use -nt AUTO to determine best number of threads.
 45  HKY+F+R3      2260.487     35  4590.974     4596.405     4738.485
WARNING: Number of threads seems too high for short alignments. Use -nt AUTO to determine best number of threads.
 53  TNe           2285.775     29  4629.549     4633.251     4751.773
WARNING: Number of threads seems too high for short alignments. Use -nt AUTO to determine best number of threads.
 54  TNe+I         2285.775     30  4631.549     4635.515     4757.988
WARNING: Number of threads seems too high for short alignments. Use -nt AUTO to determine best number of threads.
 55  TNe+G4        2285.782     30  4631.563     4635.529     4758.001
WARNING: Number of threads seems too high for short alignments. Use -nt AUTO to determine best number of threads.
 56  TNe+I+G4      2286.761     31  4635.521     4639.761     4766.174
WARNING: Number of threads seems too high for short alignments. Use -nt AUTO to determine best number of threads.
 57  TNe+R2        2285.832     31  4633.663     4637.903     4764.316
WARNING: Number of threads seems too high for short alignments. Use -nt AUTO to determine best number of threads.
 58  TNe+R3        2285.805     33  4637.611     4642.426     4776.693
WARNING: Number of threads seems too high for short alignments. Use -nt AUTO to determine best number of threads.
 66  TN+F          2258.064     32  4580.129     4584.651     4714.996
WARNING: Number of threads seems too high for short alignments. Use -nt AUTO to determine best number of threads.
 67  TN+F+I        2258.064     33  4582.129     4586.944     4721.211
WARNING: Number of threads seems too high for short alignments. Use -nt AUTO to determine best number of threads.
 68  TN+F+G4       2258.073     33  4582.147     4586.962     4721.229
WARNING: Number of threads seems too high for short alignments. Use -nt AUTO to determine best number of threads.
 69  TN+F+I+G4     2259.233     34  4586.467     4591.585     4729.763
WARNING: Number of threads seems too high for short alignments. Use -nt AUTO to determine best number of threads.
 70  TN+F+R2       2258.118     34  4584.236     4589.354     4727.532
WARNING: Number of threads seems too high for short alignments. Use -nt AUTO to determine best number of threads.
 71  TN+F+R3       2258.090     36  4588.179     4593.933     4739.905
WARNING: Number of threads seems too high for short alignments. Use -nt AUTO to determine best number of threads.
 79  K3P           2288.134     29  4634.267     4637.970     4756.491
WARNING: Number of threads seems too high for short alignments. Use -nt AUTO to determine best number of threads.
 80  K3P+I         2288.134     30  4636.267     4640.233     4762.706
WARNING: Number of threads seems too high for short alignments. Use -nt AUTO to determine best number of threads.
 81  K3P+G4        2288.140     30  4636.280     4640.246     4762.719
WARNING: Number of threads seems too high for short alignments. Use -nt AUTO to determine best number of threads.
 82  K3P+I+G4      2288.964     31  4639.928     4644.168     4770.581
WARNING: Number of threads seems too high for short alignments. Use -nt AUTO to determine best number of threads.
 83  K3P+R2        2288.164     31  4638.329     4642.568     4768.981
WARNING: Number of threads seems too high for short alignments. Use -nt AUTO to determine best number of threads.
 84  K3P+R3        2288.147     33  4642.293     4647.109     4781.375
WARNING: Number of threads seems too high for short alignments. Use -nt AUTO to determine best number of threads.
 92  K3Pu+F        2260.424     32  4584.849     4589.371     4719.716
WARNING: Number of threads seems too high for short alignments. Use -nt AUTO to determine best number of threads.
 93  K3Pu+F+I      2260.424     33  4586.849     4591.664     4725.931
WARNING: Number of threads seems too high for short alignments. Use -nt AUTO to determine best number of threads.
 94  K3Pu+F+G4     2260.433     33  4586.866     4591.681     4725.948
WARNING: Number of threads seems too high for short alignments. Use -nt AUTO to determine best number of threads.
 95  K3Pu+F+I+G4   2261.455     34  4590.909     4596.027     4734.206
WARNING: Number of threads seems too high for short alignments. Use -nt AUTO to determine best number of threads.
 96  K3Pu+F+R2     2260.455     34  4588.909     4594.027     4732.206
WARNING: Number of threads seems too high for short alignments. Use -nt AUTO to determine best number of threads.
 97  K3Pu+F+R3     2260.435     36  4592.871     4598.624     4744.596
WARNING: Number of threads seems too high for short alignments. Use -nt AUTO to determine best number of threads.
105  TPM2+F        2260.385     32  4584.770     4589.292     4719.637
WARNING: Number of threads seems too high for short alignments. Use -nt AUTO to determine best number of threads.
106  TPM2+F+I      2260.385     33  4586.770     4591.585     4725.852
WARNING: Number of threads seems too high for short alignments. Use -nt AUTO to determine best number of threads.
107  TPM2+F+G4     2260.393     33  4586.787     4591.602     4725.869
WARNING: Number of threads seems too high for short alignments. Use -nt AUTO to determine best number of threads.
108  TPM2+F+I+G4   2261.356     34  4590.712     4595.830     4734.009
WARNING: Number of threads seems too high for short alignments. Use -nt AUTO to determine best number of threads.
109  TPM2+F+R2     2260.407     34  4588.814     4593.933     4732.111
WARNING: Number of threads seems too high for short alignments. Use -nt AUTO to determine best number of threads.
110  TPM2+F+R3     2260.392     36  4592.784     4598.537     4744.509
WARNING: Number of threads seems too high for short alignments. Use -nt AUTO to determine best number of threads.
118  TPM2u+F       2260.385     32  4584.770     4589.292     4719.637
WARNING: Number of threads seems too high for short alignments. Use -nt AUTO to determine best number of threads.
119  TPM2u+F+I     2260.385     33  4586.770     4591.585     4725.852
WARNING: Number of threads seems too high for short alignments. Use -nt AUTO to determine best number of threads.
120  TPM2u+F+G4    2260.393     33  4586.787     4591.602     4725.869
WARNING: Number of threads seems too high for short alignments. Use -nt AUTO to determine best number of threads.
121  TPM2u+F+I+G4  2261.305     34  4590.610     4595.728     4733.906
WARNING: Number of threads seems too high for short alignments. Use -nt AUTO to determine best number of threads.
122  TPM2u+F+R2    2260.401     34  4588.803     4593.921     4732.099
WARNING: Number of threads seems too high for short alignments. Use -nt AUTO to determine best number of threads.
123  TPM2u+F+R3    2260.389     36  4592.778     4598.532     4744.504
WARNING: Number of threads seems too high for short alignments. Use -nt AUTO to determine best number of threads.
131  TPM3+F        2260.022     32  4584.043     4588.566     4718.911
WARNING: Number of threads seems too high for short alignments. Use -nt AUTO to determine best number of threads.
132  TPM3+F+I      2260.022     33  4586.043     4590.859     4725.125
WARNING: Number of threads seems too high for short alignments. Use -nt AUTO to determine best number of threads.
133  TPM3+F+G4     2260.030     33  4586.060     4590.876     4725.142
WARNING: Number of threads seems too high for short alignments. Use -nt AUTO to determine best number of threads.
134  TPM3+F+I+G4   2260.884     34  4589.769     4594.887     4733.065
WARNING: Number of threads seems too high for short alignments. Use -nt AUTO to determine best number of threads.
135  TPM3+F+R2     2260.034     34  4588.067     4593.185     4731.364
WARNING: Number of threads seems too high for short alignments. Use -nt AUTO to determine best number of threads.
136  TPM3+F+R3     2260.024     36  4592.049     4597.803     4743.775
WARNING: Number of threads seems too high for short alignments. Use -nt AUTO to determine best number of threads.
144  TPM3u+F       2260.022     32  4584.043     4588.566     4718.911
WARNING: Number of threads seems too high for short alignments. Use -nt AUTO to determine best number of threads.
145  TPM3u+F+I     2260.022     33  4586.043     4590.859     4725.125
WARNING: Number of threads seems too high for short alignments. Use -nt AUTO to determine best number of threads.
146  TPM3u+F+G4    2260.030     33  4586.060     4590.876     4725.142
WARNING: Number of threads seems too high for short alignments. Use -nt AUTO to determine best number of threads.
147  TPM3u+F+I+G4  2260.841     34  4589.683     4594.801     4732.979
WARNING: Number of threads seems too high for short alignments. Use -nt AUTO to determine best number of threads.
148  TPM3u+F+R2    2260.031     34  4588.061     4593.179     4731.358
WARNING: Number of threads seems too high for short alignments. Use -nt AUTO to determine best number of threads.
149  TPM3u+F+R3    2260.023     36  4592.047     4597.800     4743.773
WARNING: Number of threads seems too high for short alignments. Use -nt AUTO to determine best number of threads.
157  TIMe          2285.714     30  4631.427     4635.393     4757.865
WARNING: Number of threads seems too high for short alignments. Use -nt AUTO to determine best number of threads.
158  TIMe+I        2285.714     31  4633.427     4637.666     4764.080
WARNING: Number of threads seems too high for short alignments. Use -nt AUTO to determine best number of threads.
159  TIMe+G4       2285.720     31  4633.441     4637.680     4764.094
WARNING: Number of threads seems too high for short alignments. Use -nt AUTO to determine best number of threads.
160  TIMe+I+G4     2286.354     32  4636.707     4641.230     4771.575
WARNING: Number of threads seems too high for short alignments. Use -nt AUTO to determine best number of threads.
161  TIMe+R2       2285.719     32  4635.438     4639.960     4770.305
WARNING: Number of threads seems too high for short alignments. Use -nt AUTO to determine best number of threads.
162  TIMe+R3       2285.714     34  4639.428     4644.547     4782.725
WARNING: Number of threads seems too high for short alignments. Use -nt AUTO to determine best number of threads.
170  TIM+F         2258.056     33  4582.112     4586.927     4721.194
WARNING: Number of threads seems too high for short alignments. Use -nt AUTO to determine best number of threads.
171  TIM+F+I       2258.056     34  4584.112     4589.230     4727.409
WARNING: Number of threads seems too high for short alignments. Use -nt AUTO to determine best number of threads.
172  TIM+F+G4      2258.065     34  4584.130     4589.248     4727.427
WARNING: Number of threads seems too high for short alignments. Use -nt AUTO to determine best number of threads.
173  TIM+F+I+G4    2258.834     35  4587.669     4593.100     4735.180
WARNING: Number of threads seems too high for short alignments. Use -nt AUTO to determine best number of threads.
174  TIM+F+R2      2258.061     35  4586.122     4591.553     4733.634
WARNING: Number of threads seems too high for short alignments. Use -nt AUTO to determine best number of threads.
175  TIM+F+R3      2258.057     37  4590.113     4596.200     4746.054
WARNING: Number of threads seems too high for short alignments. Use -nt AUTO to determine best number of threads.
183  TIM2e         2284.268     30  4628.535     4632.501     4754.974
WARNING: Number of threads seems too high for short alignments. Use -nt AUTO to determine best number of threads.
184  TIM2e+I       2284.268     31  4630.535     4634.775     4761.188
WARNING: Number of threads seems too high for short alignments. Use -nt AUTO to determine best number of threads.
185  TIM2e+G4      2284.274     31  4630.547     4634.787     4761.200
WARNING: Number of threads seems too high for short alignments. Use -nt AUTO to determine best number of threads.
186  TIM2e+I+G4    2284.795     32  4633.589     4638.112     4768.457
WARNING: Number of threads seems too high for short alignments. Use -nt AUTO to determine best number of threads.
187  TIM2e+R2      2284.270     32  4632.541     4637.063     4767.408
WARNING: Number of threads seems too high for short alignments. Use -nt AUTO to determine best number of threads.
188  TIM2e+R3      2284.268     34  4636.536     4641.654     4779.833
WARNING: Number of threads seems too high for short alignments. Use -nt AUTO to determine best number of threads.
196  TIM2+F        2258.017     33  4582.034     4586.850     4721.116
WARNING: Number of threads seems too high for short alignments. Use -nt AUTO to determine best number of threads.
197  TIM2+F+I      2258.017     34  4584.034     4589.153     4727.331
WARNING: Number of threads seems too high for short alignments. Use -nt AUTO to determine best number of threads.
198  TIM2+F+G4     2258.026     34  4584.052     4589.170     4727.349
WARNING: Number of threads seems too high for short alignments. Use -nt AUTO to determine best number of threads.
199  TIM2+F+I+G4   2258.728     35  4587.456     4592.888     4734.968
WARNING: Number of threads seems too high for short alignments. Use -nt AUTO to determine best number of threads.
200  TIM2+F+R2     2258.020     35  4586.040     4591.471     4733.551
WARNING: Number of threads seems too high for short alignments. Use -nt AUTO to determine best number of threads.
201  TIM2+F+R3     2258.017     37  4590.035     4596.122     4745.975
WARNING: Number of threads seems too high for short alignments. Use -nt AUTO to determine best number of threads.
209  TIM3e         2284.312     30  4628.624     4632.590     4755.063
WARNING: Number of threads seems too high for short alignments. Use -nt AUTO to determine best number of threads.
210  TIM3e+I       2284.312     31  4630.625     4634.864     4761.277
WARNING: Number of threads seems too high for short alignments. Use -nt AUTO to determine best number of threads.
211  TIM3e+G4      2284.319     31  4630.637     4634.876     4761.290
WARNING: Number of threads seems too high for short alignments. Use -nt AUTO to determine best number of threads.
212  TIM3e+I+G4    2284.806     32  4633.611     4638.134     4768.479
WARNING: Number of threads seems too high for short alignments. Use -nt AUTO to determine best number of threads.
213  TIM3e+R2      2284.314     32  4632.628     4637.150     4767.495
WARNING: Number of threads seems too high for short alignments. Use -nt AUTO to determine best number of threads.
214  TIM3e+R3      2284.312     34  4636.625     4641.743     4779.922
WARNING: Number of threads seems too high for short alignments. Use -nt AUTO to determine best number of threads.
222  TIM3+F        2257.648     33  4581.297     4586.112     4720.379
WARNING: Number of threads seems too high for short alignments. Use -nt AUTO to determine best number of threads.
223  TIM3+F+I      2257.648     34  4583.297     4588.415     4726.593
WARNING: Number of threads seems too high for short alignments. Use -nt AUTO to determine best number of threads.
224  TIM3+F+G4     2257.657     34  4583.314     4588.433     4726.611
WARNING: Number of threads seems too high for short alignments. Use -nt AUTO to determine best number of threads.
225  TIM3+F+I+G4   2258.297     35  4586.594     4592.025     4734.105
WARNING: Number of threads seems too high for short alignments. Use -nt AUTO to determine best number of threads.
226  TIM3+F+R2     2257.650     35  4585.300     4590.731     4732.811
WARNING: Number of threads seems too high for short alignments. Use -nt AUTO to determine best number of threads.
227  TIM3+F+R3     2257.648     37  4589.297     4595.384     4745.237
WARNING: Number of threads seems too high for short alignments. Use -nt AUTO to determine best number of threads.
235  TVMe          2285.124     31  4632.247     4636.487     4762.900
WARNING: Number of threads seems too high for short alignments. Use -nt AUTO to determine best number of threads.
236  TVMe+I        2285.124     32  4634.247     4638.770     4769.115
WARNING: Number of threads seems too high for short alignments. Use -nt AUTO to determine best number of threads.
237  TVMe+G4       2285.128     32  4634.257     4638.779     4769.124
WARNING: Number of threads seems too high for short alignments. Use -nt AUTO to determine best number of threads.
238  TVMe+I+G4     2285.492     33  4636.985     4641.800     4776.067
WARNING: Number of threads seems too high for short alignments. Use -nt AUTO to determine best number of threads.
239  TVMe+R2       2285.124     33  4636.249     4641.064     4775.331
WARNING: Number of threads seems too high for short alignments. Use -nt AUTO to determine best number of threads.
240  TVMe+R3       2285.124     35  4640.248     4645.679     4787.759
WARNING: Number of threads seems too high for short alignments. Use -nt AUTO to determine best number of threads.
248  TVM+F         2259.840     34  4587.680     4592.798     4730.977
WARNING: Number of threads seems too high for short alignments. Use -nt AUTO to determine best number of threads.
249  TVM+F+I       2259.840     35  4589.680     4595.111     4737.191
WARNING: Number of threads seems too high for short alignments. Use -nt AUTO to determine best number of threads.
250  TVM+F+G4      2259.849     35  4589.697     4595.128     4737.208
WARNING: Number of threads seems too high for short alignments. Use -nt AUTO to determine best number of threads.
251  TVM+F+I+G4    2260.425     36  4592.850     4598.604     4744.576
WARNING: Number of threads seems too high for short alignments. Use -nt AUTO to determine best number of threads.
252  TVM+F+R2      2259.841     36  4591.682     4597.436     4743.408
WARNING: Number of threads seems too high for short alignments. Use -nt AUTO to determine best number of threads.
253  TVM+F+R3      2259.840     38  4595.680     4602.110     4755.836
WARNING: Number of threads seems too high for short alignments. Use -nt AUTO to determine best number of threads.
261  SYM           2282.694     32  4629.387     4633.910     4764.255
WARNING: Number of threads seems too high for short alignments. Use -nt AUTO to determine best number of threads.
262  SYM+I         2282.694     33  4631.387     4636.203     4770.469
WARNING: Number of threads seems too high for short alignments. Use -nt AUTO to determine best number of threads.
263  SYM+G4        2282.699     33  4631.397     4636.213     4770.479
WARNING: Number of threads seems too high for short alignments. Use -nt AUTO to determine best number of threads.
264  SYM+I+G4      2283.067     34  4634.134     4639.252     4777.430
WARNING: Number of threads seems too high for short alignments. Use -nt AUTO to determine best number of threads.
265  SYM+R2        2282.694     34  4633.387     4638.506     4776.684
WARNING: Number of threads seems too high for short alignments. Use -nt AUTO to determine best number of threads.
266  SYM+R3        2282.693     36  4637.387     4643.140     4789.112
WARNING: Number of threads seems too high for short alignments. Use -nt AUTO to determine best number of threads.
274  GTR+F         2257.469     35  4584.938     4590.369     4732.449
WARNING: Number of threads seems too high for short alignments. Use -nt AUTO to determine best number of threads.
275  GTR+F+I       2257.469     36  4586.938     4592.692     4738.664
WARNING: Number of threads seems too high for short alignments. Use -nt AUTO to determine best number of threads.
276  GTR+F+G4      2257.478     36  4586.955     4592.709     4738.681
WARNING: Number of threads seems too high for short alignments. Use -nt AUTO to determine best number of threads.
277  GTR+F+I+G4    2258.026     37  4590.052     4596.138     4745.992
WARNING: Number of threads seems too high for short alignments. Use -nt AUTO to determine best number of threads.
278  GTR+F+R2      2257.469     37  4588.938     4595.025     4744.878
WARNING: Number of threads seems too high for short alignments. Use -nt AUTO to determine best number of threads.
279  GTR+F+R3      2257.469     39  4592.937     4599.720     4757.307
Akaike Information Criterion:           TN+F
Corrected Akaike Information Criterion: TN+F
Bayesian Information Criterion:         HKY+F
Best-fit model: HKY+F chosen according to BIC

All model information printed to examples/15taxon_300genes_4cores_nophylonet//aln_seqs/1_seqgen228.nex.aln.model.gz
CPU time for ModelFinder: 2.862 seconds (0h:0m:2s)
Wall-clock time for ModelFinder: 68.797 seconds (0h:1m:8s)
Generating 1000 samples for ultrafast bootstrap (seed: 271573)...

NOTE: 0 MB RAM (0 GB) is required!
WARNING: Number of threads seems too high for short alignments. Use -nt AUTO to determine best number of threads.
Estimate model parameters (epsilon = 0.100)
1. Initial log-likelihood: -2350.154
2. Current log-likelihood: -2316.711
3. Current log-likelihood: -2305.721
4. Current log-likelihood: -2293.622
5. Current log-likelihood: -2279.255
6. Current log-likelihood: -2260.467
Optimal log-likelihood: -2260.433
Rate parameters:  A-C: 1.00000  A-G: 4.92338  A-T: 1.00000  C-G: 1.00000  C-T: 4.92338  G-T: 1.00000
Base frequencies:  A: 0.339  C: 0.202  G: 0.180  T: 0.279
Parameters optimization took 6 rounds (1.294 sec)
Computing ML distances based on estimated model parameters... 0.001 sec
Computing BIONJ tree...
0.123 seconds
Log-likelihood of BIONJ tree: -2260.156
--------------------------------------------------------------------
|             INITIALIZING CANDIDATE TREE SET                      |
--------------------------------------------------------------------
Generating 98 parsimony trees... 3.376 second
Computing log-likelihood of 98 initial trees ... 23.376 seconds
Current best score: -2260.156

Do NNI search on 20 best initial trees
Estimate model parameters (epsilon = 0.100)
BETTER TREE FOUND at iteration 1: -2260.155
UPDATE BEST LOG-LIKELIHOOD: -2260.155
Iteration 10 / LogL: -2260.160 / Time: 0h:0m:41s
Iteration 20 / LogL: -2260.155 / Time: 0h:1m:2s
Finish initializing candidate tree set (1)
Current best tree score: -2260.155 / CPU time: 60.755
Number of iterations: 20
--------------------------------------------------------------------
|               OPTIMIZING CANDIDATE TREE SET                      |
--------------------------------------------------------------------
Iteration 30 / LogL: -2260.156 / Time: 0h:1m:29s (0h:3m:37s left)
UPDATE BEST LOG-LIKELIHOOD: -2260.155
Iteration 40 / LogL: -2260.155 / Time: 0h:2m:23s (0h:3m:44s left)
UPDATE BEST LOG-LIKELIHOOD: -2260.155
Iteration 50 / LogL: -2260.155 / Time: 0h:2m:59s (0h:3m:6s left)
Log-likelihood cutoff on original alignment: -2289.598
UPDATE BEST LOG-LIKELIHOOD: -2260.155
UPDATE BEST LOG-LIKELIHOOD: -2260.155
Iteration 60 / LogL: -2260.155 / Time: 0h:3m:35s (0h:2m:29s left)
Iteration 70 / LogL: -2260.155 / Time: 0h:4m:10s (0h:1m:52s left)
Iteration 80 / LogL: -2260.155 / Time: 0h:4m:46s (0h:1m:16s left)
UPDATE BEST LOG-LIKELIHOOD: -2260.155
Iteration 90 / LogL: -2260.155 / Time: 0h:5m:4s (0h:0m:37s left)
Iteration 100 / LogL: -2319.694 / Time: 0h:5m:28s (0h:0m:3s left)
Log-likelihood cutoff on original alignment: -2289.598
NOTE: Bootstrap correlation coefficient of split occurrence frequencies: 0.998
TREE SEARCH COMPLETED AFTER 102 ITERATIONS / Time: 0h:5m:34s

--------------------------------------------------------------------
|                    FINALIZING TREE SEARCH                        |
--------------------------------------------------------------------
Performs final model parameters optimization
Estimate model parameters (epsilon = 0.010)
1. Initial log-likelihood: -2260.155
Optimal log-likelihood: -2260.155
Rate parameters:  A-C: 1.00000  A-G: 4.90177  A-T: 1.00000  C-G: 1.00000  C-T: 4.90177  G-T: 1.00000
Base frequencies:  A: 0.339  C: 0.202  G: 0.180  T: 0.279
Parameters optimization took 1 rounds (0.830 sec)
BEST SCORE FOUND : -2260.155
Creating bootstrap support values...
Split supports printed to NEXUS file examples/15taxon_300genes_4cores_nophylonet//aln_seqs/1_seqgen228.nex.aln.splits.nex
Total tree length: 0.648

Total number of iterations: 102
CPU time used for tree search: 13.370 sec (0h:0m:13s)
Wall-clock time used for tree search: 332.002 sec (0h:5m:32s)
Total CPU time used: 13.554 sec (0h:0m:13s)
Total wall-clock time used: 336.614 sec (0h:5m:36s)

Computing bootstrap consensus tree...
Reading input file examples/15taxon_300genes_4cores_nophylonet//aln_seqs/1_seqgen228.nex.aln.splits.nex...
15 taxa and 48 splits.
Consensus tree written to examples/15taxon_300genes_4cores_nophylonet//aln_seqs/1_seqgen228.nex.aln.contree
Reading input trees file examples/15taxon_300genes_4cores_nophylonet//aln_seqs/1_seqgen228.nex.aln.contree
Log-likelihood of consensus tree: -2260.155

Analysis results written to: 
  IQ-TREE report:                examples/15taxon_300genes_4cores_nophylonet//aln_seqs/1_seqgen228.nex.aln.iqtree
  Maximum-likelihood tree:       examples/15taxon_300genes_4cores_nophylonet//aln_seqs/1_seqgen228.nex.aln.treefile
  Likelihood distances:          examples/15taxon_300genes_4cores_nophylonet//aln_seqs/1_seqgen228.nex.aln.mldist

Ultrafast bootstrap approximation results written to:
  Split support values:          examples/15taxon_300genes_4cores_nophylonet//aln_seqs/1_seqgen228.nex.aln.splits.nex
  Consensus tree:                examples/15taxon_300genes_4cores_nophylonet//aln_seqs/1_seqgen228.nex.aln.contree
  Screen log file:               examples/15taxon_300genes_4cores_nophylonet//aln_seqs/1_seqgen228.nex.aln.log

Date and Time: Sun Feb 24 20:06:38 2019
