IQ-TREE multicore version 1.6.8 for Linux 64-bit built Oct 28 2018
Developed by Bui Quang Minh, Nguyen Lam Tung, Olga Chernomor,
Heiko Schmidt, Dominik Schrempf, Michael Woodhams.

Host:    sango10511.oist.jp (AVX2, FMA3, 125 GB RAM)
Command: iqtree -s examples/15taxon_300genes_4cores_nophylonet//aln_seqs/1_seqgen86.nex.aln -bb 1000 -redo -nt 3 -m MFP
Seed:    295880 (Using SPRNG - Scalable Parallel Random Number Generator)
Time:    Sun Feb 24 19:59:27 2019
Kernel:  AVX+FMA - 3 threads (24 CPU cores detected)

Reading alignment file examples/15taxon_300genes_4cores_nophylonet//aln_seqs/1_seqgen86.nex.aln ... Fasta format detected
Alignment most likely contains DNA/RNA sequences
Alignment has 15 sequences with 500 columns, 176 distinct patterns
110 parsimony-informative, 138 singleton sites, 252 constant sites
    Gap/Ambiguity  Composition  p-value
   1  A4    0.00%    passed     98.63%
   2  G     0.00%    passed     99.50%
   3  H     0.00%    passed     93.37%
   4  I     0.00%    passed     98.07%
   5  A0    0.00%    passed     99.84%
   6  A1    0.00%    passed     99.30%
   7  A2    0.00%    passed     99.25%
   8  A3    0.00%    passed     98.57%
   9  A5    0.00%    passed     92.26%
  10  A     0.00%    passed     99.32%
  11  F     0.00%    passed     95.51%
  12  E     0.00%    passed     97.70%
  13  D     0.00%    passed     99.84%
  14  B     0.00%    passed     97.52%
  15  C     0.00%    passed     99.32%
****  TOTAL    0.00%  0 sequences failed composition chi2 test (p-value<5%; df=3)


Create initial parsimony tree by phylogenetic likelihood library (PLL)... 0.000 seconds
NOTE: ModelFinder requires 1 MB RAM!
ModelFinder will test 286 DNA models (sample size: 500) ...
 No. Model         -LnL         df  AIC          AICc         BIC
WARNING: Number of threads seems too high for short alignments. Use -nt AUTO to determine best number of threads.
  1  JC            2445.445     27  4944.890     4948.094     5058.685
WARNING: Number of threads seems too high for short alignments. Use -nt AUTO to determine best number of threads.
  2  JC+I          2445.445     28  4946.890     4950.338     5064.899
WARNING: Number of threads seems too high for short alignments. Use -nt AUTO to determine best number of threads.
  3  JC+G4         2445.455     28  4946.910     4950.358     5064.919
WARNING: Number of threads seems too high for short alignments. Use -nt AUTO to determine best number of threads.
  4  JC+I+G4       2446.671     29  4951.342     4955.044     5073.566
WARNING: Number of threads seems too high for short alignments. Use -nt AUTO to determine best number of threads.
  5  JC+R2         2445.684     29  4949.369     4953.071     5071.592
WARNING: Number of threads seems too high for short alignments. Use -nt AUTO to determine best number of threads.
  6  JC+R3         2445.612     31  4953.224     4957.463     5083.877
WARNING: Number of threads seems too high for short alignments. Use -nt AUTO to determine best number of threads.
 14  F81+F         2427.761     30  4915.523     4919.489     5041.961
WARNING: Number of threads seems too high for short alignments. Use -nt AUTO to determine best number of threads.
 15  F81+F+I       2427.761     31  4917.523     4921.762     5048.176
WARNING: Number of threads seems too high for short alignments. Use -nt AUTO to determine best number of threads.
 16  F81+F+G4      2427.773     31  4917.546     4921.785     5048.198
WARNING: Number of threads seems too high for short alignments. Use -nt AUTO to determine best number of threads.
 17  F81+F+I+G4    2429.096     32  4922.193     4926.715     5057.060
WARNING: Number of threads seems too high for short alignments. Use -nt AUTO to determine best number of threads.
 18  F81+F+R2      2427.949     32  4919.899     4924.421     5054.766
WARNING: Number of threads seems too high for short alignments. Use -nt AUTO to determine best number of threads.
 19  F81+F+R3      2427.880     34  4923.761     4928.879     5067.057
WARNING: Number of threads seems too high for short alignments. Use -nt AUTO to determine best number of threads.
 27  K2P           2360.970     28  4777.941     4781.389     4895.950
WARNING: Number of threads seems too high for short alignments. Use -nt AUTO to determine best number of threads.
 28  K2P+I         2360.970     29  4779.941     4783.643     4902.164
WARNING: Number of threads seems too high for short alignments. Use -nt AUTO to determine best number of threads.
 29  K2P+G4        2360.978     29  4779.955     4783.657     4902.179
WARNING: Number of threads seems too high for short alignments. Use -nt AUTO to determine best number of threads.
 30  K2P+I+G4      2361.704     30  4783.408     4787.374     4909.846
WARNING: Number of threads seems too high for short alignments. Use -nt AUTO to determine best number of threads.
 31  K2P+R2        2361.067     30  4782.134     4786.100     4908.572
WARNING: Number of threads seems too high for short alignments. Use -nt AUTO to determine best number of threads.
 32  K2P+R3        2361.026     32  4786.053     4790.575     4920.920
WARNING: Number of threads seems too high for short alignments. Use -nt AUTO to determine best number of threads.
 40  HKY+F         2336.178     31  4734.356     4738.595     4865.009
WARNING: Number of threads seems too high for short alignments. Use -nt AUTO to determine best number of threads.
 41  HKY+F+I       2336.178     32  4736.356     4740.879     4871.224
WARNING: Number of threads seems too high for short alignments. Use -nt AUTO to determine best number of threads.
 42  HKY+F+G4      2336.187     32  4736.373     4740.896     4871.241
WARNING: Number of threads seems too high for short alignments. Use -nt AUTO to determine best number of threads.
 43  HKY+F+I+G4    2337.062     33  4740.124     4744.939     4879.206
WARNING: Number of threads seems too high for short alignments. Use -nt AUTO to determine best number of threads.
 44  HKY+F+R2      2336.263     33  4738.526     4743.342     4877.608
WARNING: Number of threads seems too high for short alignments. Use -nt AUTO to determine best number of threads.
 45  HKY+F+R3      2336.223     35  4742.447     4747.878     4889.958
WARNING: Number of threads seems too high for short alignments. Use -nt AUTO to determine best number of threads.
 53  TNe           2360.955     29  4779.911     4783.613     4902.135
WARNING: Number of threads seems too high for short alignments. Use -nt AUTO to determine best number of threads.
 54  TNe+I         2360.955     30  4781.911     4785.877     4908.349
WARNING: Number of threads seems too high for short alignments. Use -nt AUTO to determine best number of threads.
 55  TNe+G4        2360.963     30  4781.926     4785.891     4908.364
WARNING: Number of threads seems too high for short alignments. Use -nt AUTO to determine best number of threads.
 56  TNe+I+G4      2361.614     31  4785.229     4789.468     4915.882
WARNING: Number of threads seems too high for short alignments. Use -nt AUTO to determine best number of threads.
 57  TNe+R2        2361.014     31  4784.027     4788.266     4914.680
WARNING: Number of threads seems too high for short alignments. Use -nt AUTO to determine best number of threads.
 58  TNe+R3        2360.983     33  4787.967     4792.782     4927.049
WARNING: Number of threads seems too high for short alignments. Use -nt AUTO to determine best number of threads.
 66  TN+F          2335.913     32  4735.827     4740.349     4870.694
WARNING: Number of threads seems too high for short alignments. Use -nt AUTO to determine best number of threads.
 67  TN+F+I        2335.913     33  4737.827     4742.642     4876.909
WARNING: Number of threads seems too high for short alignments. Use -nt AUTO to determine best number of threads.
 68  TN+F+G4       2335.922     33  4737.844     4742.660     4876.927
WARNING: Number of threads seems too high for short alignments. Use -nt AUTO to determine best number of threads.
 69  TN+F+I+G4     2336.761     34  4741.522     4746.641     4884.819
WARNING: Number of threads seems too high for short alignments. Use -nt AUTO to determine best number of threads.
 70  TN+F+R2       2335.966     34  4739.932     4745.050     4883.228
WARNING: Number of threads seems too high for short alignments. Use -nt AUTO to determine best number of threads.
 71  TN+F+R3       2335.936     36  4743.872     4749.626     4895.598
WARNING: Number of threads seems too high for short alignments. Use -nt AUTO to determine best number of threads.
 79  K3P           2360.951     29  4779.902     4783.604     4902.126
WARNING: Number of threads seems too high for short alignments. Use -nt AUTO to determine best number of threads.
 80  K3P+I         2360.951     30  4781.902     4785.868     4908.340
WARNING: Number of threads seems too high for short alignments. Use -nt AUTO to determine best number of threads.
 81  K3P+G4        2360.958     30  4781.917     4785.883     4908.355
WARNING: Number of threads seems too high for short alignments. Use -nt AUTO to determine best number of threads.
 82  K3P+I+G4      2361.528     31  4785.055     4789.295     4915.708
WARNING: Number of threads seems too high for short alignments. Use -nt AUTO to determine best number of threads.
 83  K3P+R2        2360.985     31  4783.970     4788.209     4914.623
WARNING: Number of threads seems too high for short alignments. Use -nt AUTO to determine best number of threads.
 84  K3P+R3        2360.964     33  4787.928     4792.744     4927.010
WARNING: Number of threads seems too high for short alignments. Use -nt AUTO to determine best number of threads.
 92  K3Pu+F        2336.107     32  4736.214     4740.737     4871.082
WARNING: Number of threads seems too high for short alignments. Use -nt AUTO to determine best number of threads.
 93  K3Pu+F+I      2336.107     33  4738.214     4743.030     4877.296
WARNING: Number of threads seems too high for short alignments. Use -nt AUTO to determine best number of threads.
 94  K3Pu+F+G4     2336.116     33  4738.231     4743.047     4877.313
WARNING: Number of threads seems too high for short alignments. Use -nt AUTO to determine best number of threads.
 95  K3Pu+F+I+G4   2336.823     34  4741.646     4746.765     4884.943
WARNING: Number of threads seems too high for short alignments. Use -nt AUTO to determine best number of threads.
 96  K3Pu+F+R2     2336.137     34  4740.274     4745.392     4883.571
WARNING: Number of threads seems too high for short alignments. Use -nt AUTO to determine best number of threads.
 97  K3Pu+F+R3     2336.117     36  4744.234     4749.988     4895.960
WARNING: Number of threads seems too high for short alignments. Use -nt AUTO to determine best number of threads.
105  TPM2+F        2336.029     32  4736.058     4740.581     4870.926
WARNING: Number of threads seems too high for short alignments. Use -nt AUTO to determine best number of threads.
106  TPM2+F+I      2336.029     33  4738.058     4742.874     4877.140
WARNING: Number of threads seems too high for short alignments. Use -nt AUTO to determine best number of threads.
107  TPM2+F+G4     2336.038     33  4738.075     4742.891     4877.158
WARNING: Number of threads seems too high for short alignments. Use -nt AUTO to determine best number of threads.
108  TPM2+F+I+G4   2336.707     34  4741.414     4746.532     4884.710
WARNING: Number of threads seems too high for short alignments. Use -nt AUTO to determine best number of threads.
109  TPM2+F+R2     2336.052     34  4740.104     4745.222     4883.400
WARNING: Number of threads seems too high for short alignments. Use -nt AUTO to determine best number of threads.
110  TPM2+F+R3     2336.036     36  4744.072     4749.825     4895.798
WARNING: Number of threads seems too high for short alignments. Use -nt AUTO to determine best number of threads.
118  TPM2u+F       2336.029     32  4736.058     4740.581     4870.926
WARNING: Number of threads seems too high for short alignments. Use -nt AUTO to determine best number of threads.
119  TPM2u+F+I     2336.029     33  4738.058     4742.874     4877.140
WARNING: Number of threads seems too high for short alignments. Use -nt AUTO to determine best number of threads.
120  TPM2u+F+G4    2336.038     33  4738.075     4742.891     4877.157
WARNING: Number of threads seems too high for short alignments. Use -nt AUTO to determine best number of threads.
121  TPM2u+F+I+G4  2336.673     34  4741.347     4746.465     4884.644
WARNING: Number of threads seems too high for short alignments. Use -nt AUTO to determine best number of threads.
122  TPM2u+F+R2    2336.046     34  4740.092     4745.210     4883.389
WARNING: Number of threads seems too high for short alignments. Use -nt AUTO to determine best number of threads.
123  TPM2u+F+R3    2336.033     36  4744.067     4749.821     4895.793
WARNING: Number of threads seems too high for short alignments. Use -nt AUTO to determine best number of threads.
131  TPM3+F        2335.099     32  4734.197     4738.720     4869.065
WARNING: Number of threads seems too high for short alignments. Use -nt AUTO to determine best number of threads.
132  TPM3+F+I      2335.099     33  4736.197     4741.013     4875.280
WARNING: Number of threads seems too high for short alignments. Use -nt AUTO to determine best number of threads.
133  TPM3+F+G4     2335.107     33  4736.215     4741.030     4875.297
WARNING: Number of threads seems too high for short alignments. Use -nt AUTO to determine best number of threads.
134  TPM3+F+I+G4   2335.717     34  4739.433     4744.552     4882.730
WARNING: Number of threads seems too high for short alignments. Use -nt AUTO to determine best number of threads.
135  TPM3+F+R2     2335.112     34  4738.223     4743.342     4881.520
WARNING: Number of threads seems too high for short alignments. Use -nt AUTO to determine best number of threads.
136  TPM3+F+R3     2335.102     36  4742.203     4747.957     4893.929
WARNING: Number of threads seems too high for short alignments. Use -nt AUTO to determine best number of threads.
144  TPM3u+F       2335.099     32  4734.197     4738.720     4869.065
WARNING: Number of threads seems too high for short alignments. Use -nt AUTO to determine best number of threads.
145  TPM3u+F+I     2335.099     33  4736.197     4741.013     4875.280
WARNING: Number of threads seems too high for short alignments. Use -nt AUTO to determine best number of threads.
146  TPM3u+F+G4    2335.107     33  4736.215     4741.030     4875.297
WARNING: Number of threads seems too high for short alignments. Use -nt AUTO to determine best number of threads.
147  TPM3u+F+I+G4  2335.688     34  4739.376     4744.495     4882.673
WARNING: Number of threads seems too high for short alignments. Use -nt AUTO to determine best number of threads.
148  TPM3u+F+R2    2335.108     34  4738.217     4743.335     4881.513
WARNING: Number of threads seems too high for short alignments. Use -nt AUTO to determine best number of threads.
149  TPM3u+F+R3    2335.101     36  4742.201     4747.955     4893.927
WARNING: Number of threads seems too high for short alignments. Use -nt AUTO to determine best number of threads.
157  TIMe          2360.936     30  4781.872     4785.838     4908.310
WARNING: Number of threads seems too high for short alignments. Use -nt AUTO to determine best number of threads.
158  TIMe+I        2360.936     31  4783.872     4788.111     4914.525
WARNING: Number of threads seems too high for short alignments. Use -nt AUTO to determine best number of threads.
159  TIMe+G4       2360.943     31  4783.887     4788.126     4914.540
WARNING: Number of threads seems too high for short alignments. Use -nt AUTO to determine best number of threads.
160  TIMe+I+G4     2361.363     32  4786.726     4791.248     4921.593
WARNING: Number of threads seems too high for short alignments. Use -nt AUTO to determine best number of threads.
161  TIMe+R2       2360.942     32  4785.885     4790.407     4920.752
WARNING: Number of threads seems too high for short alignments. Use -nt AUTO to determine best number of threads.
162  TIMe+R3       2360.937     34  4789.874     4794.993     4933.171
WARNING: Number of threads seems too high for short alignments. Use -nt AUTO to determine best number of threads.
170  TIM+F         2335.843     33  4737.686     4742.501     4876.768
WARNING: Number of threads seems too high for short alignments. Use -nt AUTO to determine best number of threads.
171  TIM+F+I       2335.843     34  4739.686     4744.804     4882.983
WARNING: Number of threads seems too high for short alignments. Use -nt AUTO to determine best number of threads.
172  TIM+F+G4      2335.852     34  4739.704     4744.822     4883.001
WARNING: Number of threads seems too high for short alignments. Use -nt AUTO to determine best number of threads.
173  TIM+F+I+G4    2336.427     35  4742.855     4748.286     4890.366
WARNING: Number of threads seems too high for short alignments. Use -nt AUTO to determine best number of threads.
174  TIM+F+R2      2335.849     35  4741.698     4747.129     4889.209
WARNING: Number of threads seems too high for short alignments. Use -nt AUTO to determine best number of threads.
175  TIM+F+R3      2335.844     37  4745.688     4751.774     4901.628
WARNING: Number of threads seems too high for short alignments. Use -nt AUTO to determine best number of threads.
183  TIM2e         2360.584     30  4781.169     4785.135     4907.607
WARNING: Number of threads seems too high for short alignments. Use -nt AUTO to determine best number of threads.
184  TIM2e+I       2360.584     31  4783.169     4787.408     4913.822
WARNING: Number of threads seems too high for short alignments. Use -nt AUTO to determine best number of threads.
185  TIM2e+G4      2360.591     31  4783.183     4787.422     4913.836
WARNING: Number of threads seems too high for short alignments. Use -nt AUTO to determine best number of threads.
186  TIM2e+I+G4    2360.947     32  4785.895     4790.417     4920.762
WARNING: Number of threads seems too high for short alignments. Use -nt AUTO to determine best number of threads.
187  TIM2e+R2      2360.588     32  4785.175     4789.698     4920.042
WARNING: Number of threads seems too high for short alignments. Use -nt AUTO to determine best number of threads.
188  TIM2e+R3      2360.584     34  4789.169     4794.287     4932.466
WARNING: Number of threads seems too high for short alignments. Use -nt AUTO to determine best number of threads.
196  TIM2+F        2335.765     33  4737.530     4742.346     4876.612
WARNING: Number of threads seems too high for short alignments. Use -nt AUTO to determine best number of threads.
197  TIM2+F+I      2335.765     34  4739.530     4744.649     4882.827
WARNING: Number of threads seems too high for short alignments. Use -nt AUTO to determine best number of threads.
198  TIM2+F+G4     2335.774     34  4739.548     4744.666     4882.845
WARNING: Number of threads seems too high for short alignments. Use -nt AUTO to determine best number of threads.
199  TIM2+F+I+G4   2336.303     35  4742.607     4748.038     4890.118
WARNING: Number of threads seems too high for short alignments. Use -nt AUTO to determine best number of threads.
200  TIM2+F+R2     2335.768     35  4741.537     4746.968     4889.048
WARNING: Number of threads seems too high for short alignments. Use -nt AUTO to determine best number of threads.
201  TIM2+F+R3     2335.765     37  4745.531     4751.618     4901.471
WARNING: Number of threads seems too high for short alignments. Use -nt AUTO to determine best number of threads.
209  TIM3e         2357.847     30  4775.694     4779.660     4902.132
WARNING: Number of threads seems too high for short alignments. Use -nt AUTO to determine best number of threads.
210  TIM3e+I       2357.847     31  4777.694     4781.933     4908.346
WARNING: Number of threads seems too high for short alignments. Use -nt AUTO to determine best number of threads.
211  TIM3e+G4      2357.853     31  4777.706     4781.945     4908.359
WARNING: Number of threads seems too high for short alignments. Use -nt AUTO to determine best number of threads.
212  TIM3e+I+G4    2358.114     32  4780.228     4784.750     4915.095
WARNING: Number of threads seems too high for short alignments. Use -nt AUTO to determine best number of threads.
213  TIM3e+R2      2357.848     32  4779.696     4784.218     4914.563
WARNING: Number of threads seems too high for short alignments. Use -nt AUTO to determine best number of threads.
214  TIM3e+R3      2357.847     34  4783.693     4788.811     4926.990
WARNING: Number of threads seems too high for short alignments. Use -nt AUTO to determine best number of threads.
222  TIM3+F        2334.835     33  4735.670     4740.485     4874.752
WARNING: Number of threads seems too high for short alignments. Use -nt AUTO to determine best number of threads.
223  TIM3+F+I      2334.835     34  4737.670     4742.788     4880.966
WARNING: Number of threads seems too high for short alignments. Use -nt AUTO to determine best number of threads.
224  TIM3+F+G4     2334.844     34  4737.688     4742.806     4880.985
WARNING: Number of threads seems too high for short alignments. Use -nt AUTO to determine best number of threads.
225  TIM3+F+I+G4   2335.340     35  4740.679     4746.110     4888.191
WARNING: Number of threads seems too high for short alignments. Use -nt AUTO to determine best number of threads.
226  TIM3+F+R2     2334.837     35  4739.673     4745.104     4887.184
WARNING: Number of threads seems too high for short alignments. Use -nt AUTO to determine best number of threads.
227  TIM3+F+R3     2334.835     37  4743.670     4749.757     4899.611
WARNING: Number of threads seems too high for short alignments. Use -nt AUTO to determine best number of threads.
235  TVMe          2357.336     31  4776.672     4780.912     4907.325
WARNING: Number of threads seems too high for short alignments. Use -nt AUTO to determine best number of threads.
236  TVMe+I        2357.334     32  4778.668     4783.191     4913.536
WARNING: Number of threads seems too high for short alignments. Use -nt AUTO to determine best number of threads.
237  TVMe+G4       2357.342     32  4778.684     4783.207     4913.552
WARNING: Number of threads seems too high for short alignments. Use -nt AUTO to determine best number of threads.
238  TVMe+I+G4     2357.545     33  4781.089     4785.905     4920.171
WARNING: Number of threads seems too high for short alignments. Use -nt AUTO to determine best number of threads.
239  TVMe+R2       2357.337     33  4780.674     4785.490     4919.756
WARNING: Number of threads seems too high for short alignments. Use -nt AUTO to determine best number of threads.
240  TVMe+R3       2357.336     35  4784.673     4790.104     4932.184
WARNING: Number of threads seems too high for short alignments. Use -nt AUTO to determine best number of threads.
248  TVM+F         2334.760     34  4737.519     4742.637     4880.816
WARNING: Number of threads seems too high for short alignments. Use -nt AUTO to determine best number of threads.
249  TVM+F+I       2334.760     35  4739.519     4744.950     4887.030
WARNING: Number of threads seems too high for short alignments. Use -nt AUTO to determine best number of threads.
250  TVM+F+G4      2334.768     35  4739.536     4744.967     4887.048
WARNING: Number of threads seems too high for short alignments. Use -nt AUTO to determine best number of threads.
251  TVM+F+I+G4    2335.199     36  4742.397     4748.151     4894.123
WARNING: Number of threads seems too high for short alignments. Use -nt AUTO to determine best number of threads.
252  TVM+F+R2      2334.760     36  4741.521     4747.275     4893.247
WARNING: Number of threads seems too high for short alignments. Use -nt AUTO to determine best number of threads.
253  TVM+F+R3      2334.760     38  4745.519     4751.949     4905.674
WARNING: Number of threads seems too high for short alignments. Use -nt AUTO to determine best number of threads.
261  SYM           2357.321     32  4778.642     4783.164     4913.509
WARNING: Number of threads seems too high for short alignments. Use -nt AUTO to determine best number of threads.
262  SYM+I         2357.320     33  4780.639     4785.455     4919.721
WARNING: Number of threads seems too high for short alignments. Use -nt AUTO to determine best number of threads.
263  SYM+G4        2357.327     33  4780.654     4785.469     4919.736
WARNING: Number of threads seems too high for short alignments. Use -nt AUTO to determine best number of threads.
264  SYM+I+G4      2357.519     34  4783.039     4788.157     4926.335
WARNING: Number of threads seems too high for short alignments. Use -nt AUTO to determine best number of threads.
265  SYM+R2        2357.321     34  4782.643     4787.761     4925.940
WARNING: Number of threads seems too high for short alignments. Use -nt AUTO to determine best number of threads.
266  SYM+R3        2357.321     36  4786.642     4792.396     4938.368
WARNING: Number of threads seems too high for short alignments. Use -nt AUTO to determine best number of threads.
274  GTR+F         2334.497     35  4738.994     4744.425     4886.505
WARNING: Number of threads seems too high for short alignments. Use -nt AUTO to determine best number of threads.
275  GTR+F+I       2334.497     36  4740.994     4746.747     4892.719
WARNING: Number of threads seems too high for short alignments. Use -nt AUTO to determine best number of threads.
276  GTR+F+G4      2334.506     36  4741.011     4746.765     4892.737
WARNING: Number of threads seems too high for short alignments. Use -nt AUTO to determine best number of threads.
277  GTR+F+I+G4    2334.943     37  4743.887     4749.973     4899.827
WARNING: Number of threads seems too high for short alignments. Use -nt AUTO to determine best number of threads.
278  GTR+F+R2      2334.497     37  4742.995     4749.081     4898.935
WARNING: Number of threads seems too high for short alignments. Use -nt AUTO to determine best number of threads.
279  GTR+F+R3      2334.497     39  4746.994     4753.776     4911.364
Akaike Information Criterion:           TPM3u+F
Corrected Akaike Information Criterion: HKY+F
Bayesian Information Criterion:         HKY+F
Best-fit model: HKY+F chosen according to BIC

All model information printed to examples/15taxon_300genes_4cores_nophylonet//aln_seqs/1_seqgen86.nex.aln.model.gz
CPU time for ModelFinder: 3.781 seconds (0h:0m:3s)
Wall-clock time for ModelFinder: 85.761 seconds (0h:1m:25s)
Generating 1000 samples for ultrafast bootstrap (seed: 295880)...

NOTE: 0 MB RAM (0 GB) is required!
WARNING: Number of threads seems too high for short alignments. Use -nt AUTO to determine best number of threads.
Estimate model parameters (epsilon = 0.100)
1. Initial log-likelihood: -2428.195
2. Current log-likelihood: -2397.895
3. Current log-likelihood: -2384.918
4. Current log-likelihood: -2370.246
5. Current log-likelihood: -2352.654
6. Current log-likelihood: -2336.283
7. Current log-likelihood: -2336.181
Optimal log-likelihood: -2336.178
Rate parameters:  A-C: 1.00000  A-G: 4.81320  A-T: 1.00000  C-G: 1.00000  C-T: 4.81320  G-T: 1.00000
Base frequencies:  A: 0.312  C: 0.201  G: 0.178  T: 0.309
Parameters optimization took 7 rounds (1.341 sec)
Computing ML distances based on estimated model parameters... 0.000 sec
Computing BIONJ tree...
0.145 seconds
Log-likelihood of BIONJ tree: -2336.178
--------------------------------------------------------------------
|             INITIALIZING CANDIDATE TREE SET                      |
--------------------------------------------------------------------
Generating 98 parsimony trees... 3.624 second
Computing log-likelihood of 97 initial trees ... 53.520 seconds
Current best score: -2336.178

Do NNI search on 20 best initial trees
Estimate model parameters (epsilon = 0.100)
BETTER TREE FOUND at iteration 1: -2336.178
Iteration 10 / LogL: -2336.180 / Time: 0h:1m:12s
Iteration 20 / LogL: -2336.178 / Time: 0h:1m:32s
Finish initializing candidate tree set (1)
Current best tree score: -2336.178 / CPU time: 90.074
Number of iterations: 20
--------------------------------------------------------------------
|               OPTIMIZING CANDIDATE TREE SET                      |
--------------------------------------------------------------------
UPDATE BEST LOG-LIKELIHOOD: -2336.178
UPDATE BEST LOG-LIKELIHOOD: -2336.178
Iteration 30 / LogL: -2336.178 / Time: 0h:2m:12s (0h:5m:23s left)
Iteration 40 / LogL: -2336.190 / Time: 0h:2m:48s (0h:4m:23s left)
Iteration 50 / LogL: -2336.178 / Time: 0h:3m:28s (0h:3m:36s left)
Log-likelihood cutoff on original alignment: -2352.535
UPDATE BEST LOG-LIKELIHOOD: -2336.178
Iteration 60 / LogL: -2336.179 / Time: 0h:4m:8s (0h:2m:52s left)
Iteration 70 / LogL: -2336.178 / Time: 0h:4m:57s (0h:2m:13s left)
Iteration 80 / LogL: -2336.178 / Time: 0h:5m:25s (0h:1m:26s left)
Iteration 90 / LogL: -2336.245 / Time: 0h:5m:46s (0h:0m:42s left)
Iteration 100 / LogL: -2336.178 / Time: 0h:6m:1s (0h:0m:3s left)
Log-likelihood cutoff on original alignment: -2352.909
NOTE: Bootstrap correlation coefficient of split occurrence frequencies: 0.999
TREE SEARCH COMPLETED AFTER 102 ITERATIONS / Time: 0h:6m:5s

--------------------------------------------------------------------
|                    FINALIZING TREE SEARCH                        |
--------------------------------------------------------------------
Performs final model parameters optimization
Estimate model parameters (epsilon = 0.010)
1. Initial log-likelihood: -2336.178
Optimal log-likelihood: -2336.178
Rate parameters:  A-C: 1.00000  A-G: 4.81308  A-T: 1.00000  C-G: 1.00000  C-T: 4.81308  G-T: 1.00000
Base frequencies:  A: 0.312  C: 0.201  G: 0.178  T: 0.309
Parameters optimization took 1 rounds (0.076 sec)
BEST SCORE FOUND : -2336.178
Creating bootstrap support values...
Split supports printed to NEXUS file examples/15taxon_300genes_4cores_nophylonet//aln_seqs/1_seqgen86.nex.aln.splits.nex
Total tree length: 0.693

Total number of iterations: 102
CPU time used for tree search: 13.952 sec (0h:0m:13s)
Wall-clock time used for tree search: 362.703 sec (0h:6m:2s)
Total CPU time used: 14.126 sec (0h:0m:14s)
Total wall-clock time used: 366.152 sec (0h:6m:6s)

Computing bootstrap consensus tree...
Reading input file examples/15taxon_300genes_4cores_nophylonet//aln_seqs/1_seqgen86.nex.aln.splits.nex...
15 taxa and 52 splits.
Consensus tree written to examples/15taxon_300genes_4cores_nophylonet//aln_seqs/1_seqgen86.nex.aln.contree
Reading input trees file examples/15taxon_300genes_4cores_nophylonet//aln_seqs/1_seqgen86.nex.aln.contree
Log-likelihood of consensus tree: -2336.190

Analysis results written to: 
  IQ-TREE report:                examples/15taxon_300genes_4cores_nophylonet//aln_seqs/1_seqgen86.nex.aln.iqtree
  Maximum-likelihood tree:       examples/15taxon_300genes_4cores_nophylonet//aln_seqs/1_seqgen86.nex.aln.treefile
  Likelihood distances:          examples/15taxon_300genes_4cores_nophylonet//aln_seqs/1_seqgen86.nex.aln.mldist

Ultrafast bootstrap approximation results written to:
  Split support values:          examples/15taxon_300genes_4cores_nophylonet//aln_seqs/1_seqgen86.nex.aln.splits.nex
  Consensus tree:                examples/15taxon_300genes_4cores_nophylonet//aln_seqs/1_seqgen86.nex.aln.contree
  Screen log file:               examples/15taxon_300genes_4cores_nophylonet//aln_seqs/1_seqgen86.nex.aln.log

Date and Time: Sun Feb 24 20:06:59 2019
