IQ-TREE multicore version 1.6.8 for Linux 64-bit built Oct 28 2018
Developed by Bui Quang Minh, Nguyen Lam Tung, Olga Chernomor,
Heiko Schmidt, Dominik Schrempf, Michael Woodhams.

Host:    sango10511.oist.jp (AVX2, FMA3, 125 GB RAM)
Command: iqtree -s examples/15taxon_300genes_4cores_nophylonet//aln_seqs/1_seqgen141.nex.aln -bb 1000 -redo -nt 3 -m MFP
Seed:    787210 (Using SPRNG - Scalable Parallel Random Number Generator)
Time:    Sun Feb 24 19:59:25 2019
Kernel:  AVX+FMA - 3 threads (24 CPU cores detected)

Reading alignment file examples/15taxon_300genes_4cores_nophylonet//aln_seqs/1_seqgen141.nex.aln ... Fasta format detected
Alignment most likely contains DNA/RNA sequences
Alignment has 15 sequences with 500 columns, 179 distinct patterns
116 parsimony-informative, 143 singleton sites, 241 constant sites
    Gap/Ambiguity  Composition  p-value
   1  A5    0.00%    passed     78.48%
   2  A     0.00%    passed     68.31%
   3  D     0.00%    passed     78.94%
   4  B     0.00%    passed     93.69%
   5  C     0.00%    passed     82.08%
   6  A4    0.00%    passed     92.36%
   7  G     0.00%    passed     96.67%
   8  I     0.00%    passed     97.89%
   9  H     0.00%    passed     98.64%
  10  A0    0.00%    passed     99.47%
  11  A1    0.00%    passed     83.86%
  12  A2    0.00%    passed     85.47%
  13  A3    0.00%    passed     83.81%
  14  E     0.00%    passed     99.11%
  15  F     0.00%    passed     89.80%
****  TOTAL    0.00%  0 sequences failed composition chi2 test (p-value<5%; df=3)


Create initial parsimony tree by phylogenetic likelihood library (PLL)... 0.000 seconds
NOTE: ModelFinder requires 1 MB RAM!
ModelFinder will test 286 DNA models (sample size: 500) ...
 No. Model         -LnL         df  AIC          AICc         BIC
WARNING: Number of threads seems too high for short alignments. Use -nt AUTO to determine best number of threads.
  1  JC            2510.924     27  5075.848     5079.051     5189.642
WARNING: Number of threads seems too high for short alignments. Use -nt AUTO to determine best number of threads.
  2  JC+I          2510.924     28  5077.848     5081.296     5195.857
WARNING: Number of threads seems too high for short alignments. Use -nt AUTO to determine best number of threads.
  3  JC+G4         2510.925     28  5077.850     5081.298     5195.859
WARNING: Number of threads seems too high for short alignments. Use -nt AUTO to determine best number of threads.
  4  JC+I+G4       2512.174     29  5082.347     5086.049     5204.571
WARNING: Number of threads seems too high for short alignments. Use -nt AUTO to determine best number of threads.
  5  JC+R2         2511.141     29  5080.281     5083.984     5202.505
WARNING: Number of threads seems too high for short alignments. Use -nt AUTO to determine best number of threads.
  6  JC+R3         2511.076     31  5084.153     5088.392     5214.806
WARNING: Number of threads seems too high for short alignments. Use -nt AUTO to determine best number of threads.
 14  F81+F         2488.468     30  5036.937     5040.903     5163.375
WARNING: Number of threads seems too high for short alignments. Use -nt AUTO to determine best number of threads.
 15  F81+F+I       2488.468     31  5038.937     5043.176     5169.590
WARNING: Number of threads seems too high for short alignments. Use -nt AUTO to determine best number of threads.
 16  F81+F+G4      2488.472     31  5038.944     5043.184     5169.597
WARNING: Number of threads seems too high for short alignments. Use -nt AUTO to determine best number of threads.
 17  F81+F+I+G4    2489.710     32  5043.420     5047.942     5178.287
WARNING: Number of threads seems too high for short alignments. Use -nt AUTO to determine best number of threads.
 18  F81+F+R2      2488.688     32  5041.375     5045.898     5176.243
WARNING: Number of threads seems too high for short alignments. Use -nt AUTO to determine best number of threads.
 19  F81+F+R3      2488.666     34  5045.332     5050.450     5188.628
WARNING: Number of threads seems too high for short alignments. Use -nt AUTO to determine best number of threads.
 27  K2P           2431.027     28  4918.055     4921.503     5036.064
WARNING: Number of threads seems too high for short alignments. Use -nt AUTO to determine best number of threads.
 28  K2P+I         2431.027     29  4920.055     4923.757     5042.278
WARNING: Number of threads seems too high for short alignments. Use -nt AUTO to determine best number of threads.
 29  K2P+G4        2431.018     29  4920.037     4923.739     5042.260
WARNING: Number of threads seems too high for short alignments. Use -nt AUTO to determine best number of threads.
 30  K2P+I+G4      2431.720     30  4923.441     4927.407     5049.879
WARNING: Number of threads seems too high for short alignments. Use -nt AUTO to determine best number of threads.
 31  K2P+R2        2431.044     30  4922.088     4926.054     5048.527
WARNING: Number of threads seems too high for short alignments. Use -nt AUTO to determine best number of threads.
 32  K2P+R3        2431.039     32  4926.079     4930.601     5060.946
WARNING: Number of threads seems too high for short alignments. Use -nt AUTO to determine best number of threads.
 40  HKY+F         2398.998     31  4859.995     4864.235     4990.648
WARNING: Number of threads seems too high for short alignments. Use -nt AUTO to determine best number of threads.
 41  HKY+F+I       2398.998     32  4861.995     4866.518     4996.863
WARNING: Number of threads seems too high for short alignments. Use -nt AUTO to determine best number of threads.
 42  HKY+F+G4      2398.999     32  4861.997     4866.520     4996.865
WARNING: Number of threads seems too high for short alignments. Use -nt AUTO to determine best number of threads.
 43  HKY+F+I+G4    2399.988     33  4865.976     4870.791     5005.058
WARNING: Number of threads seems too high for short alignments. Use -nt AUTO to determine best number of threads.
 44  HKY+F+R2      2399.080     33  4864.160     4868.976     5003.242
WARNING: Number of threads seems too high for short alignments. Use -nt AUTO to determine best number of threads.
 45  HKY+F+R3      2399.065     35  4868.129     4873.560     5015.641
WARNING: Number of threads seems too high for short alignments. Use -nt AUTO to determine best number of threads.
 53  TNe           2429.433     29  4916.866     4920.568     5039.090
WARNING: Number of threads seems too high for short alignments. Use -nt AUTO to determine best number of threads.
 54  TNe+I         2429.433     30  4918.866     4922.832     5045.304
WARNING: Number of threads seems too high for short alignments. Use -nt AUTO to determine best number of threads.
 55  TNe+G4        2429.433     30  4918.866     4922.832     5045.305
WARNING: Number of threads seems too high for short alignments. Use -nt AUTO to determine best number of threads.
 56  TNe+I+G4      2430.162     31  4922.323     4926.562     5052.976
WARNING: Number of threads seems too high for short alignments. Use -nt AUTO to determine best number of threads.
 57  TNe+R2        2429.475     31  4920.951     4925.190     5051.604
WARNING: Number of threads seems too high for short alignments. Use -nt AUTO to determine best number of threads.
 58  TNe+R3        2429.465     33  4924.929     4929.745     5064.011
WARNING: Number of threads seems too high for short alignments. Use -nt AUTO to determine best number of threads.
 66  TN+F          2395.470     32  4854.940     4859.462     4989.807
WARNING: Number of threads seems too high for short alignments. Use -nt AUTO to determine best number of threads.
 67  TN+F+I        2395.470     33  4856.940     4861.755     4996.022
WARNING: Number of threads seems too high for short alignments. Use -nt AUTO to determine best number of threads.
 68  TN+F+G4       2395.472     33  4856.944     4861.760     4996.026
WARNING: Number of threads seems too high for short alignments. Use -nt AUTO to determine best number of threads.
 69  TN+F+I+G4     2396.471     34  4860.943     4866.061     5004.240
WARNING: Number of threads seems too high for short alignments. Use -nt AUTO to determine best number of threads.
 70  TN+F+R2       2395.564     34  4859.129     4864.247     5002.426
WARNING: Number of threads seems too high for short alignments. Use -nt AUTO to determine best number of threads.
 71  TN+F+R3       2395.541     36  4863.082     4868.836     5014.808
WARNING: Number of threads seems too high for short alignments. Use -nt AUTO to determine best number of threads.
 79  K3P           2430.947     29  4919.895     4923.597     5042.118
WARNING: Number of threads seems too high for short alignments. Use -nt AUTO to determine best number of threads.
 80  K3P+I         2430.947     30  4921.895     4925.861     5048.333
WARNING: Number of threads seems too high for short alignments. Use -nt AUTO to determine best number of threads.
 81  K3P+G4        2430.938     30  4921.875     4925.841     5048.314
WARNING: Number of threads seems too high for short alignments. Use -nt AUTO to determine best number of threads.
 82  K3P+I+G4      2431.481     31  4924.963     4929.202     5055.616
WARNING: Number of threads seems too high for short alignments. Use -nt AUTO to determine best number of threads.
 83  K3P+R2        2430.945     31  4923.890     4928.130     5054.543
WARNING: Number of threads seems too high for short alignments. Use -nt AUTO to determine best number of threads.
 84  K3P+R3        2430.942     33  4927.884     4932.699     5066.966
WARNING: Number of threads seems too high for short alignments. Use -nt AUTO to determine best number of threads.
 92  K3Pu+F        2398.188     32  4860.376     4864.899     4995.244
WARNING: Number of threads seems too high for short alignments. Use -nt AUTO to determine best number of threads.
 93  K3Pu+F+I      2398.188     33  4862.376     4867.192     5001.458
WARNING: Number of threads seems too high for short alignments. Use -nt AUTO to determine best number of threads.
 94  K3Pu+F+G4     2398.189     33  4862.377     4867.193     5001.459
WARNING: Number of threads seems too high for short alignments. Use -nt AUTO to determine best number of threads.
 95  K3Pu+F+I+G4   2398.978     34  4865.955     4871.074     5009.252
WARNING: Number of threads seems too high for short alignments. Use -nt AUTO to determine best number of threads.
 96  K3Pu+F+R2     2398.230     34  4864.460     4869.579     5007.757
WARNING: Number of threads seems too high for short alignments. Use -nt AUTO to determine best number of threads.
 97  K3Pu+F+R3     2398.217     36  4868.434     4874.188     5020.160
WARNING: Number of threads seems too high for short alignments. Use -nt AUTO to determine best number of threads.
105  TPM2+F        2398.814     32  4861.628     4866.151     4996.496
WARNING: Number of threads seems too high for short alignments. Use -nt AUTO to determine best number of threads.
106  TPM2+F+I      2398.814     33  4863.628     4868.444     5002.710
WARNING: Number of threads seems too high for short alignments. Use -nt AUTO to determine best number of threads.
107  TPM2+F+G4     2398.815     33  4863.630     4868.445     5002.712
WARNING: Number of threads seems too high for short alignments. Use -nt AUTO to determine best number of threads.
108  TPM2+F+I+G4   2399.570     34  4867.141     4872.259     5010.437
WARNING: Number of threads seems too high for short alignments. Use -nt AUTO to determine best number of threads.
109  TPM2+F+R2     2398.855     34  4865.710     4870.829     5009.007
WARNING: Number of threads seems too high for short alignments. Use -nt AUTO to determine best number of threads.
110  TPM2+F+R3     2398.842     36  4869.684     4875.437     5021.409
WARNING: Number of threads seems too high for short alignments. Use -nt AUTO to determine best number of threads.
118  TPM2u+F       2398.814     32  4861.628     4866.151     4996.496
WARNING: Number of threads seems too high for short alignments. Use -nt AUTO to determine best number of threads.
119  TPM2u+F+I     2398.814     33  4863.628     4868.444     5002.710
WARNING: Number of threads seems too high for short alignments. Use -nt AUTO to determine best number of threads.
120  TPM2u+F+G4    2398.815     33  4863.630     4868.445     5002.712
WARNING: Number of threads seems too high for short alignments. Use -nt AUTO to determine best number of threads.
121  TPM2u+F+I+G4  2399.531     34  4867.062     4872.180     5010.359
WARNING: Number of threads seems too high for short alignments. Use -nt AUTO to determine best number of threads.
122  TPM2u+F+R2    2398.850     34  4865.700     4870.818     5008.997
WARNING: Number of threads seems too high for short alignments. Use -nt AUTO to determine best number of threads.
123  TPM2u+F+R3    2398.838     36  4869.675     4875.429     5021.401
WARNING: Number of threads seems too high for short alignments. Use -nt AUTO to determine best number of threads.
131  TPM3+F        2398.983     32  4861.967     4866.489     4996.834
WARNING: Number of threads seems too high for short alignments. Use -nt AUTO to determine best number of threads.
132  TPM3+F+I      2398.983     33  4863.966     4868.781     5003.048
WARNING: Number of threads seems too high for short alignments. Use -nt AUTO to determine best number of threads.
133  TPM3+F+G4     2398.984     33  4863.967     4868.783     5003.050
WARNING: Number of threads seems too high for short alignments. Use -nt AUTO to determine best number of threads.
134  TPM3+F+I+G4   2399.664     34  4867.327     4872.445     5010.624
WARNING: Number of threads seems too high for short alignments. Use -nt AUTO to determine best number of threads.
135  TPM3+F+R2     2399.016     34  4866.032     4871.150     5009.328
WARNING: Number of threads seems too high for short alignments. Use -nt AUTO to determine best number of threads.
136  TPM3+F+R3     2399.004     36  4870.008     4875.761     5021.733
WARNING: Number of threads seems too high for short alignments. Use -nt AUTO to determine best number of threads.
144  TPM3u+F       2398.983     32  4861.966     4866.488     4996.833
WARNING: Number of threads seems too high for short alignments. Use -nt AUTO to determine best number of threads.
145  TPM3u+F+I     2398.983     33  4863.966     4868.781     5003.048
WARNING: Number of threads seems too high for short alignments. Use -nt AUTO to determine best number of threads.
146  TPM3u+F+G4    2398.984     33  4863.967     4868.783     5003.049
WARNING: Number of threads seems too high for short alignments. Use -nt AUTO to determine best number of threads.
147  TPM3u+F+I+G4  2399.630     34  4867.260     4872.379     5010.557
WARNING: Number of threads seems too high for short alignments. Use -nt AUTO to determine best number of threads.
148  TPM3u+F+R2    2399.012     34  4866.024     4871.142     5009.321
WARNING: Number of threads seems too high for short alignments. Use -nt AUTO to determine best number of threads.
149  TPM3u+F+R3    2399.001     36  4870.002     4875.756     5021.728
WARNING: Number of threads seems too high for short alignments. Use -nt AUTO to determine best number of threads.
157  TIMe          2429.354     30  4918.707     4922.673     5045.145
WARNING: Number of threads seems too high for short alignments. Use -nt AUTO to determine best number of threads.
158  TIMe+I        2429.354     31  4920.707     4924.946     5051.360
WARNING: Number of threads seems too high for short alignments. Use -nt AUTO to determine best number of threads.
159  TIMe+G4       2429.354     31  4920.707     4924.946     5051.360
WARNING: Number of threads seems too high for short alignments. Use -nt AUTO to determine best number of threads.
160  TIMe+I+G4     2429.820     32  4923.641     4928.163     5058.508
WARNING: Number of threads seems too high for short alignments. Use -nt AUTO to determine best number of threads.
161  TIMe+R2       2429.365     32  4922.730     4927.253     5057.598
WARNING: Number of threads seems too high for short alignments. Use -nt AUTO to determine best number of threads.
162  TIMe+R3       2429.360     34  4926.719     4931.837     5070.016
WARNING: Number of threads seems too high for short alignments. Use -nt AUTO to determine best number of threads.
170  TIM+F         2394.661     33  4855.323     4860.138     4994.405
WARNING: Number of threads seems too high for short alignments. Use -nt AUTO to determine best number of threads.
171  TIM+F+I       2394.661     34  4857.323     4862.441     5000.619
WARNING: Number of threads seems too high for short alignments. Use -nt AUTO to determine best number of threads.
172  TIM+F+G4      2394.663     34  4857.326     4862.445     5000.623
WARNING: Number of threads seems too high for short alignments. Use -nt AUTO to determine best number of threads.
173  TIM+F+I+G4    2395.334     35  4860.667     4866.098     5008.179
WARNING: Number of threads seems too high for short alignments. Use -nt AUTO to determine best number of threads.
174  TIM+F+R2      2394.700     35  4859.400     4864.831     5006.912
WARNING: Number of threads seems too high for short alignments. Use -nt AUTO to determine best number of threads.
175  TIM+F+R3      2394.686     37  4863.371     4869.458     5019.312
WARNING: Number of threads seems too high for short alignments. Use -nt AUTO to determine best number of threads.
183  TIM2e         2429.015     30  4918.030     4921.996     5044.468
WARNING: Number of threads seems too high for short alignments. Use -nt AUTO to determine best number of threads.
184  TIM2e+I       2429.015     31  4920.030     4924.269     5050.683
WARNING: Number of threads seems too high for short alignments. Use -nt AUTO to determine best number of threads.
185  TIM2e+G4      2429.013     31  4920.025     4924.264     5050.678
WARNING: Number of threads seems too high for short alignments. Use -nt AUTO to determine best number of threads.
186  TIM2e+I+G4    2429.397     32  4922.794     4927.317     5057.662
WARNING: Number of threads seems too high for short alignments. Use -nt AUTO to determine best number of threads.
187  TIM2e+R2      2429.016     32  4922.031     4926.554     5056.899
WARNING: Number of threads seems too high for short alignments. Use -nt AUTO to determine best number of threads.
188  TIM2e+R3      2429.013     34  4926.027     4931.145     5069.324
WARNING: Number of threads seems too high for short alignments. Use -nt AUTO to determine best number of threads.
196  TIM2+F        2395.287     33  4856.574     4861.390     4995.656
WARNING: Number of threads seems too high for short alignments. Use -nt AUTO to determine best number of threads.
197  TIM2+F+I      2395.287     34  4858.574     4863.692     5001.871
WARNING: Number of threads seems too high for short alignments. Use -nt AUTO to determine best number of threads.
198  TIM2+F+G4     2395.289     34  4858.579     4863.697     5001.875
WARNING: Number of threads seems too high for short alignments. Use -nt AUTO to determine best number of threads.
199  TIM2+F+I+G4   2395.920     35  4861.840     4867.271     5009.352
WARNING: Number of threads seems too high for short alignments. Use -nt AUTO to determine best number of threads.
200  TIM2+F+R2     2395.325     35  4860.650     4866.081     5008.161
WARNING: Number of threads seems too high for short alignments. Use -nt AUTO to determine best number of threads.
201  TIM2+F+R3     2395.311     37  4864.622     4870.708     5020.562
WARNING: Number of threads seems too high for short alignments. Use -nt AUTO to determine best number of threads.
209  TIM3e         2427.840     30  4915.679     4919.645     5042.117
WARNING: Number of threads seems too high for short alignments. Use -nt AUTO to determine best number of threads.
210  TIM3e+I       2427.840     31  4917.679     4921.918     5048.332
WARNING: Number of threads seems too high for short alignments. Use -nt AUTO to determine best number of threads.
211  TIM3e+G4      2427.837     31  4917.675     4921.914     5048.328
WARNING: Number of threads seems too high for short alignments. Use -nt AUTO to determine best number of threads.
212  TIM3e+I+G4    2428.186     32  4920.373     4924.895     5055.240
WARNING: Number of threads seems too high for short alignments. Use -nt AUTO to determine best number of threads.
213  TIM3e+R2      2427.839     32  4919.678     4924.201     5054.546
WARNING: Number of threads seems too high for short alignments. Use -nt AUTO to determine best number of threads.
214  TIM3e+R3      2427.838     34  4923.676     4928.794     5066.972
WARNING: Number of threads seems too high for short alignments. Use -nt AUTO to determine best number of threads.
222  TIM3+F        2395.456     33  4856.912     4861.727     4995.994
WARNING: Number of threads seems too high for short alignments. Use -nt AUTO to determine best number of threads.
223  TIM3+F+I      2395.456     34  4858.912     4864.030     5002.208
WARNING: Number of threads seems too high for short alignments. Use -nt AUTO to determine best number of threads.
224  TIM3+F+G4     2395.458     34  4858.916     4864.034     5002.213
WARNING: Number of threads seems too high for short alignments. Use -nt AUTO to determine best number of threads.
225  TIM3+F+I+G4   2396.038     35  4862.076     4867.507     5009.587
WARNING: Number of threads seems too high for short alignments. Use -nt AUTO to determine best number of threads.
226  TIM3+F+R2     2395.488     35  4860.976     4866.408     5008.488
WARNING: Number of threads seems too high for short alignments. Use -nt AUTO to determine best number of threads.
227  TIM3+F+R3     2395.476     37  4864.951     4871.038     5020.892
WARNING: Number of threads seems too high for short alignments. Use -nt AUTO to determine best number of threads.
235  TVMe          2428.404     31  4918.807     4923.047     5049.460
WARNING: Number of threads seems too high for short alignments. Use -nt AUTO to determine best number of threads.
236  TVMe+I        2428.404     32  4920.807     4925.330     5055.675
WARNING: Number of threads seems too high for short alignments. Use -nt AUTO to determine best number of threads.
237  TVMe+G4       2428.359     32  4920.719     4925.241     5055.586
WARNING: Number of threads seems too high for short alignments. Use -nt AUTO to determine best number of threads.
238  TVMe+I+G4     2428.597     33  4923.195     4928.010     5062.277
WARNING: Number of threads seems too high for short alignments. Use -nt AUTO to determine best number of threads.
239  TVMe+R2       2428.378     33  4922.755     4927.571     5061.837
WARNING: Number of threads seems too high for short alignments. Use -nt AUTO to determine best number of threads.
240  TVMe+R3       2428.376     35  4926.752     4932.183     5074.264
WARNING: Number of threads seems too high for short alignments. Use -nt AUTO to determine best number of threads.
248  TVM+F         2398.025     34  4864.050     4869.168     5007.347
WARNING: Number of threads seems too high for short alignments. Use -nt AUTO to determine best number of threads.
249  TVM+F+I       2398.025     35  4866.050     4871.481     5013.561
WARNING: Number of threads seems too high for short alignments. Use -nt AUTO to determine best number of threads.
250  TVM+F+G4      2398.026     35  4866.052     4871.483     5013.563
WARNING: Number of threads seems too high for short alignments. Use -nt AUTO to determine best number of threads.
251  TVM+F+I+G4    2398.490     36  4868.981     4874.734     5020.707
WARNING: Number of threads seems too high for short alignments. Use -nt AUTO to determine best number of threads.
252  TVM+F+R2      2398.039     36  4868.078     4873.832     5019.804
WARNING: Number of threads seems too high for short alignments. Use -nt AUTO to determine best number of threads.
253  TVM+F+R3      2398.037     38  4872.075     4878.504     5032.230
WARNING: Number of threads seems too high for short alignments. Use -nt AUTO to determine best number of threads.
261  SYM           2426.820     32  4917.640     4922.162     5052.507
WARNING: Number of threads seems too high for short alignments. Use -nt AUTO to determine best number of threads.
262  SYM+I         2426.820     33  4919.640     4924.455     5058.722
WARNING: Number of threads seems too high for short alignments. Use -nt AUTO to determine best number of threads.
263  SYM+G4        2426.806     33  4919.612     4924.427     5058.694
WARNING: Number of threads seems too high for short alignments. Use -nt AUTO to determine best number of threads.
264  SYM+I+G4      2427.066     34  4922.131     4927.249     5065.428
WARNING: Number of threads seems too high for short alignments. Use -nt AUTO to determine best number of threads.
265  SYM+R2        2426.808     34  4921.617     4926.735     5064.913
WARNING: Number of threads seems too high for short alignments. Use -nt AUTO to determine best number of threads.
266  SYM+R3        2426.808     36  4925.617     4931.371     5077.343
WARNING: Number of threads seems too high for short alignments. Use -nt AUTO to determine best number of threads.
274  GTR+F         2394.504     35  4859.009     4864.440     5006.520
WARNING: Number of threads seems too high for short alignments. Use -nt AUTO to determine best number of threads.
275  GTR+F+I       2394.504     36  4861.009     4866.762     5012.734
WARNING: Number of threads seems too high for short alignments. Use -nt AUTO to determine best number of threads.
276  GTR+F+G4      2394.506     36  4861.013     4866.767     5012.739
WARNING: Number of threads seems too high for short alignments. Use -nt AUTO to determine best number of threads.
277  GTR+F+I+G4    2395.014     37  4864.028     4870.114     5019.968
WARNING: Number of threads seems too high for short alignments. Use -nt AUTO to determine best number of threads.
278  GTR+F+R2      2394.532     37  4863.064     4869.150     5019.004
WARNING: Number of threads seems too high for short alignments. Use -nt AUTO to determine best number of threads.
279  GTR+F+R3      2394.530     39  4867.061     4873.843     5031.430
Akaike Information Criterion:           TN+F
Corrected Akaike Information Criterion: TN+F
Bayesian Information Criterion:         TN+F
Best-fit model: TN+F chosen according to BIC

All model information printed to examples/15taxon_300genes_4cores_nophylonet//aln_seqs/1_seqgen141.nex.aln.model.gz
CPU time for ModelFinder: 3.410 seconds (0h:0m:3s)
Wall-clock time for ModelFinder: 65.709 seconds (0h:1m:5s)
Generating 1000 samples for ultrafast bootstrap (seed: 787210)...

NOTE: 0 MB RAM (0 GB) is required!
WARNING: Number of threads seems too high for short alignments. Use -nt AUTO to determine best number of threads.
Estimate model parameters (epsilon = 0.100)
1. Initial log-likelihood: -2488.608
2. Current log-likelihood: -2395.577
3. Current log-likelihood: -2395.470
Optimal log-likelihood: -2395.470
Rate parameters:  A-C: 1.00000  A-G: 3.79391  A-T: 1.00000  C-G: 1.00000  C-T: 5.44015  G-T: 1.00000
Base frequencies:  A: 0.345  C: 0.169  G: 0.186  T: 0.301
Parameters optimization took 3 rounds (0.667 sec)
Computing ML distances based on estimated model parameters... 0.001 sec
Computing BIONJ tree...
0.094 seconds
Log-likelihood of BIONJ tree: -2395.471
--------------------------------------------------------------------
|             INITIALIZING CANDIDATE TREE SET                      |
--------------------------------------------------------------------
Generating 98 parsimony trees... 3.530 second
Computing log-likelihood of 97 initial trees ... 20.553 seconds
Current best score: -2395.468

Do NNI search on 20 best initial trees
Estimate model parameters (epsilon = 0.100)
BETTER TREE FOUND at iteration 1: -2395.468
UPDATE BEST LOG-LIKELIHOOD: -2395.468
UPDATE BEST LOG-LIKELIHOOD: -2395.468
Iteration 10 / LogL: -2395.469 / Time: 0h:0m:37s
Iteration 20 / LogL: -2395.468 / Time: 0h:1m:3s
Finish initializing candidate tree set (1)
Current best tree score: -2395.468 / CPU time: 62.754
Number of iterations: 20
--------------------------------------------------------------------
|               OPTIMIZING CANDIDATE TREE SET                      |
--------------------------------------------------------------------
UPDATE BEST LOG-LIKELIHOOD: -2395.468
Iteration 30 / LogL: -2395.468 / Time: 0h:1m:32s (0h:3m:46s left)
Iteration 40 / LogL: -2395.468 / Time: 0h:2m:3s (0h:3m:12s left)
UPDATE BEST LOG-LIKELIHOOD: -2395.468
UPDATE BEST LOG-LIKELIHOOD: -2395.468
Iteration 50 / LogL: -2395.468 / Time: 0h:2m:37s (0h:2m:43s left)
Log-likelihood cutoff on original alignment: -2430.730
Iteration 60 / LogL: -2395.468 / Time: 0h:3m:20s (0h:2m:18s left)
UPDATE BEST LOG-LIKELIHOOD: -2395.468
Iteration 70 / LogL: -2395.468 / Time: 0h:3m:57s (0h:1m:46s left)
Iteration 80 / LogL: -2395.474 / Time: 0h:4m:35s (0h:1m:13s left)
Iteration 90 / LogL: -2395.468 / Time: 0h:5m:7s (0h:0m:38s left)
Iteration 100 / LogL: -2395.468 / Time: 0h:5m:29s (0h:0m:3s left)
Log-likelihood cutoff on original alignment: -2431.421
NOTE: Bootstrap correlation coefficient of split occurrence frequencies: 1.000
TREE SEARCH COMPLETED AFTER 102 ITERATIONS / Time: 0h:5m:32s

--------------------------------------------------------------------
|                    FINALIZING TREE SEARCH                        |
--------------------------------------------------------------------
Performs final model parameters optimization
Estimate model parameters (epsilon = 0.010)
1. Initial log-likelihood: -2395.468
Optimal log-likelihood: -2395.468
Rate parameters:  A-C: 1.00000  A-G: 3.79938  A-T: 1.00000  C-G: 1.00000  C-T: 5.44062  G-T: 1.00000
Base frequencies:  A: 0.345  C: 0.169  G: 0.186  T: 0.301
Parameters optimization took 1 rounds (0.049 sec)
BEST SCORE FOUND : -2395.468
Creating bootstrap support values...
Split supports printed to NEXUS file examples/15taxon_300genes_4cores_nophylonet//aln_seqs/1_seqgen141.nex.aln.splits.nex
Total tree length: 0.736

Total number of iterations: 102
CPU time used for tree search: 14.827 sec (0h:0m:14s)
Wall-clock time used for tree search: 330.595 sec (0h:5m:30s)
Total CPU time used: 14.978 sec (0h:0m:14s)
Total wall-clock time used: 333.200 sec (0h:5m:33s)

Computing bootstrap consensus tree...
Reading input file examples/15taxon_300genes_4cores_nophylonet//aln_seqs/1_seqgen141.nex.aln.splits.nex...
15 taxa and 48 splits.
Consensus tree written to examples/15taxon_300genes_4cores_nophylonet//aln_seqs/1_seqgen141.nex.aln.contree
Reading input trees file examples/15taxon_300genes_4cores_nophylonet//aln_seqs/1_seqgen141.nex.aln.contree
Log-likelihood of consensus tree: -2395.468

Analysis results written to: 
  IQ-TREE report:                examples/15taxon_300genes_4cores_nophylonet//aln_seqs/1_seqgen141.nex.aln.iqtree
  Maximum-likelihood tree:       examples/15taxon_300genes_4cores_nophylonet//aln_seqs/1_seqgen141.nex.aln.treefile
  Likelihood distances:          examples/15taxon_300genes_4cores_nophylonet//aln_seqs/1_seqgen141.nex.aln.mldist

Ultrafast bootstrap approximation results written to:
  Split support values:          examples/15taxon_300genes_4cores_nophylonet//aln_seqs/1_seqgen141.nex.aln.splits.nex
  Consensus tree:                examples/15taxon_300genes_4cores_nophylonet//aln_seqs/1_seqgen141.nex.aln.contree
  Screen log file:               examples/15taxon_300genes_4cores_nophylonet//aln_seqs/1_seqgen141.nex.aln.log

Date and Time: Sun Feb 24 20:06:07 2019
