IQ-TREE multicore version 1.6.8 for Linux 64-bit built Oct 28 2018
Developed by Bui Quang Minh, Nguyen Lam Tung, Olga Chernomor,
Heiko Schmidt, Dominik Schrempf, Michael Woodhams.

Host:    sango10511.oist.jp (AVX2, FMA3, 125 GB RAM)
Command: iqtree -s examples/15taxon_300genes_4cores_nophylonet//aln_seqs/1_seqgen77.nex.aln -bb 1000 -redo -nt 3 -m MFP
Seed:    168657 (Using SPRNG - Scalable Parallel Random Number Generator)
Time:    Sun Feb 24 19:59:33 2019
Kernel:  AVX+FMA - 3 threads (24 CPU cores detected)

Reading alignment file examples/15taxon_300genes_4cores_nophylonet//aln_seqs/1_seqgen77.nex.aln ... Fasta format detected
Alignment most likely contains DNA/RNA sequences
Alignment has 15 sequences with 500 columns, 189 distinct patterns
121 parsimony-informative, 160 singleton sites, 219 constant sites
    Gap/Ambiguity  Composition  p-value
   1  A5    0.00%    passed     98.71%
   2  D     0.00%    passed     84.58%
   3  E     0.00%    passed     98.79%
   4  F     0.00%    passed     71.98%
   5  B     0.00%    passed     95.54%
   6  C     0.00%    passed     90.70%
   7  A     0.00%    passed     93.90%
   8  A4    0.00%    passed     96.61%
   9  H     0.00%    passed     97.63%
  10  I     0.00%    passed     93.72%
  11  G     0.00%    passed     99.81%
  12  A2    0.00%    passed     96.29%
  13  A3    0.00%    passed     97.74%
  14  A0    0.00%    passed     93.07%
  15  A1    0.00%    passed     93.23%
****  TOTAL    0.00%  0 sequences failed composition chi2 test (p-value<5%; df=3)


Create initial parsimony tree by phylogenetic likelihood library (PLL)... 0.000 seconds
NOTE: ModelFinder requires 1 MB RAM!
ModelFinder will test 286 DNA models (sample size: 500) ...
 No. Model         -LnL         df  AIC          AICc         BIC
WARNING: Number of threads seems too high for short alignments. Use -nt AUTO to determine best number of threads.
  1  JC            2663.619     27  5381.239     5384.442     5495.033
WARNING: Number of threads seems too high for short alignments. Use -nt AUTO to determine best number of threads.
  2  JC+I          2663.619     28  5383.239     5386.687     5501.248
WARNING: Number of threads seems too high for short alignments. Use -nt AUTO to determine best number of threads.
  3  JC+G4         2663.627     28  5383.255     5386.703     5501.264
WARNING: Number of threads seems too high for short alignments. Use -nt AUTO to determine best number of threads.
  4  JC+I+G4       2664.860     29  5387.719     5391.421     5509.943
WARNING: Number of threads seems too high for short alignments. Use -nt AUTO to determine best number of threads.
  5  JC+R2         2663.867     29  5385.735     5389.437     5507.959
WARNING: Number of threads seems too high for short alignments. Use -nt AUTO to determine best number of threads.
  6  JC+R3         2663.774     31  5389.549     5393.788     5520.202
WARNING: Number of threads seems too high for short alignments. Use -nt AUTO to determine best number of threads.
 14  F81+F         2645.528     30  5351.056     5355.022     5477.494
WARNING: Number of threads seems too high for short alignments. Use -nt AUTO to determine best number of threads.
 15  F81+F+I       2645.528     31  5353.056     5357.295     5483.709
WARNING: Number of threads seems too high for short alignments. Use -nt AUTO to determine best number of threads.
 16  F81+F+G4      2645.536     31  5353.073     5357.312     5483.726
WARNING: Number of threads seems too high for short alignments. Use -nt AUTO to determine best number of threads.
 17  F81+F+I+G4    2646.678     32  5357.356     5361.879     5492.224
WARNING: Number of threads seems too high for short alignments. Use -nt AUTO to determine best number of threads.
 18  F81+F+R2      2645.718     32  5355.437     5359.959     5490.304
WARNING: Number of threads seems too high for short alignments. Use -nt AUTO to determine best number of threads.
 19  F81+F+R3      2645.636     34  5359.271     5364.389     5502.568
WARNING: Number of threads seems too high for short alignments. Use -nt AUTO to determine best number of threads.
 27  K2P           2578.476     28  5212.952     5216.400     5330.961
WARNING: Number of threads seems too high for short alignments. Use -nt AUTO to determine best number of threads.
 28  K2P+I         2578.476     29  5214.952     5218.654     5337.176
WARNING: Number of threads seems too high for short alignments. Use -nt AUTO to determine best number of threads.
 29  K2P+G4        2578.483     29  5214.967     5218.669     5337.191
WARNING: Number of threads seems too high for short alignments. Use -nt AUTO to determine best number of threads.
 30  K2P+I+G4      2579.493     30  5218.985     5222.951     5345.423
WARNING: Number of threads seems too high for short alignments. Use -nt AUTO to determine best number of threads.
 31  K2P+R2        2578.607     30  5217.214     5221.180     5343.653
WARNING: Number of threads seems too high for short alignments. Use -nt AUTO to determine best number of threads.
 32  K2P+R3        2578.544     32  5221.087     5225.610     5355.955
WARNING: Number of threads seems too high for short alignments. Use -nt AUTO to determine best number of threads.
 40  HKY+F         2558.528     31  5179.056     5183.296     5309.709
WARNING: Number of threads seems too high for short alignments. Use -nt AUTO to determine best number of threads.
 41  HKY+F+I       2558.528     32  5181.056     5185.579     5315.924
WARNING: Number of threads seems too high for short alignments. Use -nt AUTO to determine best number of threads.
 42  HKY+F+G4      2558.538     32  5181.075     5185.598     5315.943
WARNING: Number of threads seems too high for short alignments. Use -nt AUTO to determine best number of threads.
 43  HKY+F+I+G4    2559.591     33  5185.182     5189.997     5324.264
WARNING: Number of threads seems too high for short alignments. Use -nt AUTO to determine best number of threads.
 44  HKY+F+R2      2558.652     33  5183.303     5188.119     5322.385
WARNING: Number of threads seems too high for short alignments. Use -nt AUTO to determine best number of threads.
 45  HKY+F+R3      2558.585     35  5187.170     5192.601     5334.681
WARNING: Number of threads seems too high for short alignments. Use -nt AUTO to determine best number of threads.
 53  TNe           2576.061     29  5210.123     5213.825     5332.347
WARNING: Number of threads seems too high for short alignments. Use -nt AUTO to determine best number of threads.
 54  TNe+I         2576.061     30  5212.123     5216.089     5338.561
WARNING: Number of threads seems too high for short alignments. Use -nt AUTO to determine best number of threads.
 55  TNe+G4        2576.069     30  5212.139     5216.105     5338.577
WARNING: Number of threads seems too high for short alignments. Use -nt AUTO to determine best number of threads.
 56  TNe+I+G4      2577.007     31  5216.013     5220.252     5346.666
WARNING: Number of threads seems too high for short alignments. Use -nt AUTO to determine best number of threads.
 57  TNe+R2        2576.141     31  5214.282     5218.521     5344.935
WARNING: Number of threads seems too high for short alignments. Use -nt AUTO to determine best number of threads.
 58  TNe+R3        2576.094     33  5218.189     5223.004     5357.271
WARNING: Number of threads seems too high for short alignments. Use -nt AUTO to determine best number of threads.
 66  TN+F          2558.013     32  5180.026     5184.549     5314.894
WARNING: Number of threads seems too high for short alignments. Use -nt AUTO to determine best number of threads.
 67  TN+F+I        2558.013     33  5182.026     5186.842     5321.108
WARNING: Number of threads seems too high for short alignments. Use -nt AUTO to determine best number of threads.
 68  TN+F+G4       2558.023     33  5182.046     5186.862     5321.129
WARNING: Number of threads seems too high for short alignments. Use -nt AUTO to determine best number of threads.
 69  TN+F+I+G4     2558.973     34  5185.947     5191.065     5329.243
WARNING: Number of threads seems too high for short alignments. Use -nt AUTO to determine best number of threads.
 70  TN+F+R2       2558.087     34  5184.174     5189.292     5327.470
WARNING: Number of threads seems too high for short alignments. Use -nt AUTO to determine best number of threads.
 71  TN+F+R3       2558.040     36  5188.080     5193.834     5339.806
WARNING: Number of threads seems too high for short alignments. Use -nt AUTO to determine best number of threads.
 79  K3P           2576.634     29  5211.268     5214.970     5333.492
WARNING: Number of threads seems too high for short alignments. Use -nt AUTO to determine best number of threads.
 80  K3P+I         2576.634     30  5213.268     5217.234     5339.707
WARNING: Number of threads seems too high for short alignments. Use -nt AUTO to determine best number of threads.
 81  K3P+G4        2576.641     30  5213.283     5217.249     5339.721
WARNING: Number of threads seems too high for short alignments. Use -nt AUTO to determine best number of threads.
 82  K3P+I+G4      2577.405     31  5216.809     5221.049     5347.462
WARNING: Number of threads seems too high for short alignments. Use -nt AUTO to determine best number of threads.
 83  K3P+R2        2576.677     31  5215.354     5219.594     5346.007
WARNING: Number of threads seems too high for short alignments. Use -nt AUTO to determine best number of threads.
 84  K3P+R3        2576.648     33  5219.297     5224.112     5358.379
WARNING: Number of threads seems too high for short alignments. Use -nt AUTO to determine best number of threads.
 92  K3Pu+F        2557.159     32  5178.317     5182.840     5313.185
WARNING: Number of threads seems too high for short alignments. Use -nt AUTO to determine best number of threads.
 93  K3Pu+F+I      2557.158     33  5180.317     5185.132     5319.399
WARNING: Number of threads seems too high for short alignments. Use -nt AUTO to determine best number of threads.
 94  K3Pu+F+G4     2557.168     33  5180.335     5185.151     5319.418
WARNING: Number of threads seems too high for short alignments. Use -nt AUTO to determine best number of threads.
 95  K3Pu+F+I+G4   2557.975     34  5183.950     5189.069     5327.247
WARNING: Number of threads seems too high for short alignments. Use -nt AUTO to determine best number of threads.
 96  K3Pu+F+R2     2557.201     34  5182.401     5187.519     5325.698
WARNING: Number of threads seems too high for short alignments. Use -nt AUTO to determine best number of threads.
 97  K3Pu+F+R3     2557.170     36  5186.341     5192.094     5338.066
WARNING: Number of threads seems too high for short alignments. Use -nt AUTO to determine best number of threads.
105  TPM2+F        2558.180     32  5180.359     5184.882     5315.227
WARNING: Number of threads seems too high for short alignments. Use -nt AUTO to determine best number of threads.
106  TPM2+F+I      2558.180     33  5182.359     5187.175     5321.441
WARNING: Number of threads seems too high for short alignments. Use -nt AUTO to determine best number of threads.
107  TPM2+F+G4     2558.189     33  5182.379     5187.194     5321.461
WARNING: Number of threads seems too high for short alignments. Use -nt AUTO to determine best number of threads.
108  TPM2+F+I+G4   2558.953     34  5185.907     5191.025     5329.203
WARNING: Number of threads seems too high for short alignments. Use -nt AUTO to determine best number of threads.
109  TPM2+F+R2     2558.212     34  5184.424     5189.542     5327.721
WARNING: Number of threads seems too high for short alignments. Use -nt AUTO to determine best number of threads.
110  TPM2+F+R3     2558.188     36  5188.376     5194.129     5340.102
WARNING: Number of threads seems too high for short alignments. Use -nt AUTO to determine best number of threads.
118  TPM2u+F       2558.180     32  5180.359     5184.882     5315.227
WARNING: Number of threads seems too high for short alignments. Use -nt AUTO to determine best number of threads.
119  TPM2u+F+I     2558.180     33  5182.359     5187.175     5321.441
WARNING: Number of threads seems too high for short alignments. Use -nt AUTO to determine best number of threads.
120  TPM2u+F+G4    2558.189     33  5182.379     5187.194     5321.461
WARNING: Number of threads seems too high for short alignments. Use -nt AUTO to determine best number of threads.
121  TPM2u+F+I+G4  2558.907     34  5185.814     5190.932     5329.111
WARNING: Number of threads seems too high for short alignments. Use -nt AUTO to determine best number of threads.
122  TPM2u+F+R2    2558.204     34  5184.408     5189.526     5327.704
WARNING: Number of threads seems too high for short alignments. Use -nt AUTO to determine best number of threads.
123  TPM2u+F+R3    2558.185     36  5188.370     5194.123     5340.096
WARNING: Number of threads seems too high for short alignments. Use -nt AUTO to determine best number of threads.
131  TPM3+F        2558.483     32  5180.966     5185.488     5315.833
WARNING: Number of threads seems too high for short alignments. Use -nt AUTO to determine best number of threads.
132  TPM3+F+I      2558.483     33  5182.966     5187.781     5322.048
WARNING: Number of threads seems too high for short alignments. Use -nt AUTO to determine best number of threads.
133  TPM3+F+G4     2558.493     33  5182.985     5187.801     5322.067
WARNING: Number of threads seems too high for short alignments. Use -nt AUTO to determine best number of threads.
134  TPM3+F+I+G4   2559.165     34  5186.330     5191.448     5329.627
WARNING: Number of threads seems too high for short alignments. Use -nt AUTO to determine best number of threads.
135  TPM3+F+R2     2558.501     34  5185.002     5190.120     5328.298
WARNING: Number of threads seems too high for short alignments. Use -nt AUTO to determine best number of threads.
136  TPM3+F+R3     2558.486     36  5188.972     5194.726     5340.698
WARNING: Number of threads seems too high for short alignments. Use -nt AUTO to determine best number of threads.
144  TPM3u+F       2558.483     32  5180.966     5185.488     5315.833
WARNING: Number of threads seems too high for short alignments. Use -nt AUTO to determine best number of threads.
145  TPM3u+F+I     2558.483     33  5182.966     5187.781     5322.048
WARNING: Number of threads seems too high for short alignments. Use -nt AUTO to determine best number of threads.
146  TPM3u+F+G4    2558.493     33  5182.985     5187.801     5322.067
WARNING: Number of threads seems too high for short alignments. Use -nt AUTO to determine best number of threads.
147  TPM3u+F+I+G4  2559.126     34  5186.252     5191.370     5329.549
WARNING: Number of threads seems too high for short alignments. Use -nt AUTO to determine best number of threads.
148  TPM3u+F+R2    2558.496     34  5184.993     5190.111     5328.289
WARNING: Number of threads seems too high for short alignments. Use -nt AUTO to determine best number of threads.
149  TPM3u+F+R3    2558.485     36  5188.970     5194.724     5340.696
WARNING: Number of threads seems too high for short alignments. Use -nt AUTO to determine best number of threads.
157  TIMe          2574.222     30  5208.444     5212.410     5334.882
WARNING: Number of threads seems too high for short alignments. Use -nt AUTO to determine best number of threads.
158  TIMe+I        2574.222     31  5210.444     5214.683     5341.097
WARNING: Number of threads seems too high for short alignments. Use -nt AUTO to determine best number of threads.
159  TIMe+G4       2574.230     31  5210.459     5214.698     5341.112
WARNING: Number of threads seems too high for short alignments. Use -nt AUTO to determine best number of threads.
160  TIMe+I+G4     2574.796     32  5213.591     5218.114     5348.459
WARNING: Number of threads seems too high for short alignments. Use -nt AUTO to determine best number of threads.
161  TIMe+R2       2574.230     32  5212.460     5216.983     5347.328
WARNING: Number of threads seems too high for short alignments. Use -nt AUTO to determine best number of threads.
162  TIMe+R3       2574.223     34  5216.446     5221.564     5359.742
WARNING: Number of threads seems too high for short alignments. Use -nt AUTO to determine best number of threads.
170  TIM+F         2556.643     33  5179.286     5184.102     5318.369
WARNING: Number of threads seems too high for short alignments. Use -nt AUTO to determine best number of threads.
171  TIM+F+I       2556.643     34  5181.286     5186.404     5324.583
WARNING: Number of threads seems too high for short alignments. Use -nt AUTO to determine best number of threads.
172  TIM+F+G4      2556.653     34  5181.306     5186.424     5324.603
WARNING: Number of threads seems too high for short alignments. Use -nt AUTO to determine best number of threads.
173  TIM+F+I+G4    2557.236     35  5184.472     5189.903     5331.983
WARNING: Number of threads seems too high for short alignments. Use -nt AUTO to determine best number of threads.
174  TIM+F+R2      2556.651     35  5183.301     5188.732     5330.813
WARNING: Number of threads seems too high for short alignments. Use -nt AUTO to determine best number of threads.
175  TIM+F+R3      2556.643     37  5187.287     5193.373     5343.227
WARNING: Number of threads seems too high for short alignments. Use -nt AUTO to determine best number of threads.
183  TIM2e         2574.788     30  5209.576     5213.542     5336.015
WARNING: Number of threads seems too high for short alignments. Use -nt AUTO to determine best number of threads.
184  TIM2e+I       2574.788     31  5211.576     5215.816     5342.229
WARNING: Number of threads seems too high for short alignments. Use -nt AUTO to determine best number of threads.
185  TIM2e+G4      2574.796     31  5211.592     5215.831     5342.245
WARNING: Number of threads seems too high for short alignments. Use -nt AUTO to determine best number of threads.
186  TIM2e+I+G4    2575.296     32  5214.592     5219.114     5349.459
WARNING: Number of threads seems too high for short alignments. Use -nt AUTO to determine best number of threads.
187  TIM2e+R2      2574.793     32  5213.586     5218.109     5348.453
WARNING: Number of threads seems too high for short alignments. Use -nt AUTO to determine best number of threads.
188  TIM2e+R3      2574.789     34  5217.577     5222.695     5360.874
WARNING: Number of threads seems too high for short alignments. Use -nt AUTO to determine best number of threads.
196  TIM2+F        2557.664     33  5181.329     5186.144     5320.411
WARNING: Number of threads seems too high for short alignments. Use -nt AUTO to determine best number of threads.
197  TIM2+F+I      2557.664     34  5183.329     5188.447     5326.626
WARNING: Number of threads seems too high for short alignments. Use -nt AUTO to determine best number of threads.
198  TIM2+F+G4     2557.675     34  5183.349     5188.467     5326.646
WARNING: Number of threads seems too high for short alignments. Use -nt AUTO to determine best number of threads.
199  TIM2+F+I+G4   2558.201     35  5186.403     5191.834     5333.914
WARNING: Number of threads seems too high for short alignments. Use -nt AUTO to determine best number of threads.
200  TIM2+F+R2     2557.669     35  5185.338     5190.769     5332.849
WARNING: Number of threads seems too high for short alignments. Use -nt AUTO to determine best number of threads.
201  TIM2+F+R3     2557.665     37  5189.330     5195.416     5345.270
WARNING: Number of threads seems too high for short alignments. Use -nt AUTO to determine best number of threads.
209  TIM3e         2575.828     30  5211.656     5215.622     5338.094
WARNING: Number of threads seems too high for short alignments. Use -nt AUTO to determine best number of threads.
210  TIM3e+I       2575.828     31  5213.656     5217.895     5344.309
WARNING: Number of threads seems too high for short alignments. Use -nt AUTO to determine best number of threads.
211  TIM3e+G4      2575.835     31  5213.670     5217.909     5344.323
WARNING: Number of threads seems too high for short alignments. Use -nt AUTO to determine best number of threads.
212  TIM3e+I+G4    2576.275     32  5216.551     5221.073     5351.418
WARNING: Number of threads seems too high for short alignments. Use -nt AUTO to determine best number of threads.
213  TIM3e+R2      2575.830     32  5215.661     5220.183     5350.528
WARNING: Number of threads seems too high for short alignments. Use -nt AUTO to determine best number of threads.
214  TIM3e+R3      2575.828     34  5219.656     5224.774     5362.953
WARNING: Number of threads seems too high for short alignments. Use -nt AUTO to determine best number of threads.
222  TIM3+F        2557.969     33  5181.937     5186.753     5321.019
WARNING: Number of threads seems too high for short alignments. Use -nt AUTO to determine best number of threads.
223  TIM3+F+I      2557.969     34  5183.937     5189.056     5327.234
WARNING: Number of threads seems too high for short alignments. Use -nt AUTO to determine best number of threads.
224  TIM3+F+G4     2557.979     34  5183.958     5189.076     5327.254
WARNING: Number of threads seems too high for short alignments. Use -nt AUTO to determine best number of threads.
225  TIM3+F+I+G4   2558.451     35  5186.902     5192.333     5334.414
WARNING: Number of threads seems too high for short alignments. Use -nt AUTO to determine best number of threads.
226  TIM3+F+R2     2557.971     35  5185.942     5191.373     5333.454
WARNING: Number of threads seems too high for short alignments. Use -nt AUTO to determine best number of threads.
227  TIM3+F+R3     2557.969     37  5189.938     5196.024     5345.878
WARNING: Number of threads seems too high for short alignments. Use -nt AUTO to determine best number of threads.
235  TVMe          2575.632     31  5213.264     5217.503     5343.917
WARNING: Number of threads seems too high for short alignments. Use -nt AUTO to determine best number of threads.
236  TVMe+I        2575.632     32  5215.263     5219.786     5350.131
WARNING: Number of threads seems too high for short alignments. Use -nt AUTO to determine best number of threads.
237  TVMe+G4       2575.638     32  5215.276     5219.798     5350.143
WARNING: Number of threads seems too high for short alignments. Use -nt AUTO to determine best number of threads.
238  TVMe+I+G4     2576.001     33  5218.002     5222.818     5357.084
WARNING: Number of threads seems too high for short alignments. Use -nt AUTO to determine best number of threads.
239  TVMe+R2       2575.632     33  5217.265     5222.080     5356.347
WARNING: Number of threads seems too high for short alignments. Use -nt AUTO to determine best number of threads.
240  TVMe+R3       2575.631     35  5221.262     5226.693     5368.773
WARNING: Number of threads seems too high for short alignments. Use -nt AUTO to determine best number of threads.
248  TVM+F         2556.894     34  5181.788     5186.906     5325.085
WARNING: Number of threads seems too high for short alignments. Use -nt AUTO to determine best number of threads.
249  TVM+F+I       2556.894     35  5183.787     5189.218     5331.299
WARNING: Number of threads seems too high for short alignments. Use -nt AUTO to determine best number of threads.
250  TVM+F+G4      2556.903     35  5183.807     5189.238     5331.318
WARNING: Number of threads seems too high for short alignments. Use -nt AUTO to determine best number of threads.
251  TVM+F+I+G4    2557.318     36  5186.636     5192.390     5338.362
WARNING: Number of threads seems too high for short alignments. Use -nt AUTO to determine best number of threads.
252  TVM+F+R2      2556.895     36  5185.790     5191.544     5337.516
WARNING: Number of threads seems too high for short alignments. Use -nt AUTO to determine best number of threads.
253  TVM+F+R3      2556.894     38  5189.787     5196.217     5349.943
WARNING: Number of threads seems too high for short alignments. Use -nt AUTO to determine best number of threads.
261  SYM           2573.212     32  5210.423     5214.946     5345.291
WARNING: Number of threads seems too high for short alignments. Use -nt AUTO to determine best number of threads.
262  SYM+I         2573.211     33  5212.423     5217.238     5351.505
WARNING: Number of threads seems too high for short alignments. Use -nt AUTO to determine best number of threads.
263  SYM+G4        2573.218     33  5212.437     5217.252     5351.519
WARNING: Number of threads seems too high for short alignments. Use -nt AUTO to determine best number of threads.
264  SYM+I+G4      2573.574     34  5215.149     5220.267     5358.445
WARNING: Number of threads seems too high for short alignments. Use -nt AUTO to determine best number of threads.
265  SYM+R2        2573.212     34  5214.424     5219.542     5357.721
WARNING: Number of threads seems too high for short alignments. Use -nt AUTO to determine best number of threads.
266  SYM+R3        2573.211     36  5218.422     5224.176     5370.148
WARNING: Number of threads seems too high for short alignments. Use -nt AUTO to determine best number of threads.
274  GTR+F         2556.380     35  5182.761     5188.192     5330.272
WARNING: Number of threads seems too high for short alignments. Use -nt AUTO to determine best number of threads.
275  GTR+F+I       2556.380     36  5184.761     5190.514     5336.486
WARNING: Number of threads seems too high for short alignments. Use -nt AUTO to determine best number of threads.
276  GTR+F+G4      2556.390     36  5184.781     5190.535     5336.507
WARNING: Number of threads seems too high for short alignments. Use -nt AUTO to determine best number of threads.
277  GTR+F+I+G4    2556.779     37  5187.559     5193.646     5343.499
WARNING: Number of threads seems too high for short alignments. Use -nt AUTO to determine best number of threads.
278  GTR+F+R2      2556.381     37  5186.762     5192.849     5342.702
WARNING: Number of threads seems too high for short alignments. Use -nt AUTO to determine best number of threads.
279  GTR+F+R3      2556.380     39  5190.761     5197.543     5355.130
Akaike Information Criterion:           K3Pu+F
Corrected Akaike Information Criterion: K3Pu+F
Bayesian Information Criterion:         HKY+F
Best-fit model: HKY+F chosen according to BIC

All model information printed to examples/15taxon_300genes_4cores_nophylonet//aln_seqs/1_seqgen77.nex.aln.model.gz
CPU time for ModelFinder: 2.873 seconds (0h:0m:2s)
Wall-clock time for ModelFinder: 58.828 seconds (0h:0m:58s)
Generating 1000 samples for ultrafast bootstrap (seed: 168657)...

NOTE: 0 MB RAM (0 GB) is required!
WARNING: Number of threads seems too high for short alignments. Use -nt AUTO to determine best number of threads.
Estimate model parameters (epsilon = 0.100)
1. Initial log-likelihood: -2645.631
2. Current log-likelihood: -2584.550
3. Current log-likelihood: -2558.616
Optimal log-likelihood: -2558.528
Rate parameters:  A-C: 1.00000  A-G: 4.14060  A-T: 1.00000  C-G: 1.00000  C-T: 4.14060  G-T: 1.00000
Base frequencies:  A: 0.255  C: 0.218  G: 0.199  T: 0.327
Parameters optimization took 3 rounds (0.748 sec)
Computing ML distances based on estimated model parameters... 0.001 sec
Computing BIONJ tree...
0.067 seconds
Log-likelihood of BIONJ tree: -2562.627
--------------------------------------------------------------------
|             INITIALIZING CANDIDATE TREE SET                      |
--------------------------------------------------------------------
Generating 98 parsimony trees... 3.845 second
Computing log-likelihood of 98 initial trees ... 21.371 seconds
Current best score: -2558.528

Do NNI search on 20 best initial trees
Estimate model parameters (epsilon = 0.100)
BETTER TREE FOUND at iteration 1: -2558.528
UPDATE BEST LOG-LIKELIHOOD: -2558.528
UPDATE BEST LOG-LIKELIHOOD: -2558.528
Iteration 10 / LogL: -2558.535 / Time: 0h:0m:44s
UPDATE BEST LOG-LIKELIHOOD: -2558.528
Iteration 20 / LogL: -2561.727 / Time: 0h:1m:5s
Finish initializing candidate tree set (3)
Current best tree score: -2558.528 / CPU time: 64.252
Number of iterations: 20
--------------------------------------------------------------------
|               OPTIMIZING CANDIDATE TREE SET                      |
--------------------------------------------------------------------
Iteration 30 / LogL: -2561.729 / Time: 0h:1m:30s (0h:3m:41s left)
UPDATE BEST LOG-LIKELIHOOD: -2558.528
UPDATE BEST LOG-LIKELIHOOD: -2558.528
UPDATE BEST LOG-LIKELIHOOD: -2558.528
Iteration 40 / LogL: -2561.728 / Time: 0h:1m:50s (0h:2m:53s left)
Iteration 50 / LogL: -2558.529 / Time: 0h:2m:24s (0h:2m:30s left)
Log-likelihood cutoff on original alignment: -2588.886
Iteration 60 / LogL: -2558.528 / Time: 0h:3m:6s (0h:2m:9s left)
Iteration 70 / LogL: -2558.528 / Time: 0h:3m:56s (0h:1m:45s left)
Iteration 80 / LogL: -2558.531 / Time: 0h:4m:46s (0h:1m:16s left)
Iteration 90 / LogL: -2558.528 / Time: 0h:5m:30s (0h:0m:40s left)
Iteration 100 / LogL: -2558.528 / Time: 0h:5m:54s (0h:0m:3s left)
Log-likelihood cutoff on original alignment: -2588.886
NOTE: Bootstrap correlation coefficient of split occurrence frequencies: 0.999
TREE SEARCH COMPLETED AFTER 102 ITERATIONS / Time: 0h:6m:0s

--------------------------------------------------------------------
|                    FINALIZING TREE SEARCH                        |
--------------------------------------------------------------------
Performs final model parameters optimization
Estimate model parameters (epsilon = 0.010)
1. Initial log-likelihood: -2558.528
Optimal log-likelihood: -2558.528
Rate parameters:  A-C: 1.00000  A-G: 4.14027  A-T: 1.00000  C-G: 1.00000  C-T: 4.14027  G-T: 1.00000
Base frequencies:  A: 0.255  C: 0.218  G: 0.199  T: 0.327
Parameters optimization took 1 rounds (0.141 sec)
BEST SCORE FOUND : -2558.528
Creating bootstrap support values...
Split supports printed to NEXUS file examples/15taxon_300genes_4cores_nophylonet//aln_seqs/1_seqgen77.nex.aln.splits.nex
Total tree length: 0.807

Total number of iterations: 102
CPU time used for tree search: 15.902 sec (0h:0m:15s)
Wall-clock time used for tree search: 358.384 sec (0h:5m:58s)
Total CPU time used: 16.038 sec (0h:0m:16s)
Total wall-clock time used: 361.748 sec (0h:6m:1s)

Computing bootstrap consensus tree...
Reading input file examples/15taxon_300genes_4cores_nophylonet//aln_seqs/1_seqgen77.nex.aln.splits.nex...
15 taxa and 55 splits.
Consensus tree written to examples/15taxon_300genes_4cores_nophylonet//aln_seqs/1_seqgen77.nex.aln.contree
Reading input trees file examples/15taxon_300genes_4cores_nophylonet//aln_seqs/1_seqgen77.nex.aln.contree
Log-likelihood of consensus tree: -2558.528

Analysis results written to: 
  IQ-TREE report:                examples/15taxon_300genes_4cores_nophylonet//aln_seqs/1_seqgen77.nex.aln.iqtree
  Maximum-likelihood tree:       examples/15taxon_300genes_4cores_nophylonet//aln_seqs/1_seqgen77.nex.aln.treefile
  Likelihood distances:          examples/15taxon_300genes_4cores_nophylonet//aln_seqs/1_seqgen77.nex.aln.mldist

Ultrafast bootstrap approximation results written to:
  Split support values:          examples/15taxon_300genes_4cores_nophylonet//aln_seqs/1_seqgen77.nex.aln.splits.nex
  Consensus tree:                examples/15taxon_300genes_4cores_nophylonet//aln_seqs/1_seqgen77.nex.aln.contree
  Screen log file:               examples/15taxon_300genes_4cores_nophylonet//aln_seqs/1_seqgen77.nex.aln.log

Date and Time: Sun Feb 24 20:06:36 2019
