IQ-TREE multicore version 1.6.8 for Linux 64-bit built Oct 28 2018
Developed by Bui Quang Minh, Nguyen Lam Tung, Olga Chernomor,
Heiko Schmidt, Dominik Schrempf, Michael Woodhams.

Host:    sango10511.oist.jp (AVX2, FMA3, 125 GB RAM)
Command: iqtree -s examples/15taxon_300genes_4cores_nophylonet//aln_seqs/1_seqgen198.nex.aln -bb 1000 -redo -nt 3 -m MFP
Seed:    291556 (Using SPRNG - Scalable Parallel Random Number Generator)
Time:    Sun Feb 24 19:59:24 2019
Kernel:  AVX+FMA - 3 threads (24 CPU cores detected)

Reading alignment file examples/15taxon_300genes_4cores_nophylonet//aln_seqs/1_seqgen198.nex.aln ... Fasta format detected
Alignment most likely contains DNA/RNA sequences
Alignment has 15 sequences with 500 columns, 191 distinct patterns
138 parsimony-informative, 122 singleton sites, 240 constant sites
    Gap/Ambiguity  Composition  p-value
   1  A5    0.00%    passed     95.43%
   2  A     0.00%    passed     65.72%
   3  B     0.00%    passed     95.09%
   4  C     0.00%    passed     80.83%
   5  F     0.00%    passed     94.60%
   6  D     0.00%    passed     96.20%
   7  E     0.00%    passed     99.97%
   8  A4    0.00%    passed     93.28%
   9  A0    0.00%    passed     97.33%
  10  A1    0.00%    passed     99.70%
  11  A2    0.00%    passed     84.94%
  12  A3    0.00%    passed     88.20%
  13  G     0.00%    passed     86.51%
  14  H     0.00%    passed     94.90%
  15  I     0.00%    passed     98.11%
****  TOTAL    0.00%  0 sequences failed composition chi2 test (p-value<5%; df=3)


Create initial parsimony tree by phylogenetic likelihood library (PLL)... 0.000 seconds
NOTE: ModelFinder requires 1 MB RAM!
ModelFinder will test 286 DNA models (sample size: 500) ...
 No. Model         -LnL         df  AIC          AICc         BIC
WARNING: Number of threads seems too high for short alignments. Use -nt AUTO to determine best number of threads.
  1  JC            2630.710     27  5315.420     5318.623     5429.214
WARNING: Number of threads seems too high for short alignments. Use -nt AUTO to determine best number of threads.
  2  JC+I          2630.380     28  5316.760     5320.208     5434.769
WARNING: Number of threads seems too high for short alignments. Use -nt AUTO to determine best number of threads.
  3  JC+G4         2630.515     28  5317.029     5320.477     5435.038
WARNING: Number of threads seems too high for short alignments. Use -nt AUTO to determine best number of threads.
  4  JC+I+G4       2631.047     29  5320.095     5323.797     5442.318
WARNING: Number of threads seems too high for short alignments. Use -nt AUTO to determine best number of threads.
  5  JC+R2         2630.597     29  5319.194     5322.896     5441.418
WARNING: Number of threads seems too high for short alignments. Use -nt AUTO to determine best number of threads.
  6  JC+R3         2630.526     31  5323.052     5327.292     5453.705
WARNING: Number of threads seems too high for short alignments. Use -nt AUTO to determine best number of threads.
 14  F81+F         2618.636     30  5297.272     5301.238     5423.710
WARNING: Number of threads seems too high for short alignments. Use -nt AUTO to determine best number of threads.
 15  F81+F+I       2618.399     31  5298.798     5303.037     5429.451
WARNING: Number of threads seems too high for short alignments. Use -nt AUTO to determine best number of threads.
 16  F81+F+G4      2618.456     31  5298.913     5303.152     5429.565
WARNING: Number of threads seems too high for short alignments. Use -nt AUTO to determine best number of threads.
 17  F81+F+I+G4    2619.125     32  5302.251     5306.773     5437.118
WARNING: Number of threads seems too high for short alignments. Use -nt AUTO to determine best number of threads.
 18  F81+F+R2      2618.528     32  5301.055     5305.578     5435.923
WARNING: Number of threads seems too high for short alignments. Use -nt AUTO to determine best number of threads.
 19  F81+F+R3      2618.472     34  5304.944     5310.062     5448.241
WARNING: Number of threads seems too high for short alignments. Use -nt AUTO to determine best number of threads.
 27  K2P           2532.268     28  5120.536     5123.984     5238.546
WARNING: Number of threads seems too high for short alignments. Use -nt AUTO to determine best number of threads.
 28  K2P+I         2531.687     29  5121.373     5125.075     5243.597
WARNING: Number of threads seems too high for short alignments. Use -nt AUTO to determine best number of threads.
 29  K2P+G4        2531.840     29  5121.681     5125.383     5243.904
WARNING: Number of threads seems too high for short alignments. Use -nt AUTO to determine best number of threads.
 30  K2P+I+G4      2531.980     30  5123.961     5127.927     5250.399
WARNING: Number of threads seems too high for short alignments. Use -nt AUTO to determine best number of threads.
 31  K2P+R2        2531.793     30  5123.586     5127.552     5250.025
WARNING: Number of threads seems too high for short alignments. Use -nt AUTO to determine best number of threads.
 32  K2P+R3        2531.762     32  5127.523     5132.046     5262.391
WARNING: Number of threads seems too high for short alignments. Use -nt AUTO to determine best number of threads.
 40  HKY+F         2515.428     31  5092.856     5097.096     5223.509
WARNING: Number of threads seems too high for short alignments. Use -nt AUTO to determine best number of threads.
 41  HKY+F+I       2515.057     32  5094.114     5098.636     5228.981
WARNING: Number of threads seems too high for short alignments. Use -nt AUTO to determine best number of threads.
 42  HKY+F+G4      2515.004     32  5094.008     5098.531     5228.876
WARNING: Number of threads seems too high for short alignments. Use -nt AUTO to determine best number of threads.
 43  HKY+F+I+G4    2515.508     33  5097.015     5101.831     5236.097
WARNING: Number of threads seems too high for short alignments. Use -nt AUTO to determine best number of threads.
 44  HKY+F+R2      2514.989     33  5095.979     5100.794     5235.061
WARNING: Number of threads seems too high for short alignments. Use -nt AUTO to determine best number of threads.
 45  HKY+F+R3      2514.982     35  5099.964     5105.395     5247.475
WARNING: Number of threads seems too high for short alignments. Use -nt AUTO to determine best number of threads.
 53  TNe           2529.724     29  5117.449     5121.151     5239.672
WARNING: Number of threads seems too high for short alignments. Use -nt AUTO to determine best number of threads.
 54  TNe+I         2529.158     30  5118.316     5122.282     5244.754
WARNING: Number of threads seems too high for short alignments. Use -nt AUTO to determine best number of threads.
 55  TNe+G4        2529.334     30  5118.667     5122.633     5245.106
WARNING: Number of threads seems too high for short alignments. Use -nt AUTO to determine best number of threads.
 56  TNe+I+G4      2529.400     31  5120.800     5125.039     5251.453
WARNING: Number of threads seems too high for short alignments. Use -nt AUTO to determine best number of threads.
 57  TNe+R2        2529.284     31  5120.568     5124.808     5251.221
WARNING: Number of threads seems too high for short alignments. Use -nt AUTO to determine best number of threads.
 58  TNe+R3        2529.244     33  5124.487     5129.303     5263.570
WARNING: Number of threads seems too high for short alignments. Use -nt AUTO to determine best number of threads.
 66  TN+F          2513.715     32  5091.431     5095.953     5226.298
WARNING: Number of threads seems too high for short alignments. Use -nt AUTO to determine best number of threads.
 67  TN+F+I        2513.358     33  5092.716     5097.531     5231.798
WARNING: Number of threads seems too high for short alignments. Use -nt AUTO to determine best number of threads.
 68  TN+F+G4       2513.299     33  5092.598     5097.414     5231.680
WARNING: Number of threads seems too high for short alignments. Use -nt AUTO to determine best number of threads.
 69  TN+F+I+G4     2513.749     34  5095.498     5100.616     5238.794
WARNING: Number of threads seems too high for short alignments. Use -nt AUTO to determine best number of threads.
 70  TN+F+R2       2513.280     34  5094.559     5099.678     5237.856
WARNING: Number of threads seems too high for short alignments. Use -nt AUTO to determine best number of threads.
 71  TN+F+R3       2513.273     36  5098.545     5104.299     5250.271
WARNING: Number of threads seems too high for short alignments. Use -nt AUTO to determine best number of threads.
 79  K3P           2532.268     29  5122.536     5126.238     5244.760
WARNING: Number of threads seems too high for short alignments. Use -nt AUTO to determine best number of threads.
 80  K3P+I         2531.687     30  5123.373     5127.339     5249.811
WARNING: Number of threads seems too high for short alignments. Use -nt AUTO to determine best number of threads.
 81  K3P+G4        2531.840     30  5123.681     5127.646     5250.119
WARNING: Number of threads seems too high for short alignments. Use -nt AUTO to determine best number of threads.
 82  K3P+I+G4      2531.858     31  5125.716     5129.955     5256.369
WARNING: Number of threads seems too high for short alignments. Use -nt AUTO to determine best number of threads.
 83  K3P+R2        2531.792     31  5125.584     5129.824     5256.237
WARNING: Number of threads seems too high for short alignments. Use -nt AUTO to determine best number of threads.
 84  K3P+R3        2531.754     33  5129.508     5134.324     5268.591
WARNING: Number of threads seems too high for short alignments. Use -nt AUTO to determine best number of threads.
 92  K3Pu+F        2515.361     32  5094.723     5099.245     5229.590
WARNING: Number of threads seems too high for short alignments. Use -nt AUTO to determine best number of threads.
 93  K3Pu+F+I      2514.991     33  5095.982     5100.797     5235.064
WARNING: Number of threads seems too high for short alignments. Use -nt AUTO to determine best number of threads.
 94  K3Pu+F+G4     2514.934     33  5095.867     5100.683     5234.949
WARNING: Number of threads seems too high for short alignments. Use -nt AUTO to determine best number of threads.
 95  K3Pu+F+I+G4   2515.296     34  5098.592     5103.710     5241.889
WARNING: Number of threads seems too high for short alignments. Use -nt AUTO to determine best number of threads.
 96  K3Pu+F+R2     2514.916     34  5097.832     5102.951     5241.129
WARNING: Number of threads seems too high for short alignments. Use -nt AUTO to determine best number of threads.
 97  K3Pu+F+R3     2514.911     36  5101.822     5107.575     5253.547
WARNING: Number of threads seems too high for short alignments. Use -nt AUTO to determine best number of threads.
105  TPM2+F        2515.417     32  5094.835     5099.357     5229.702
WARNING: Number of threads seems too high for short alignments. Use -nt AUTO to determine best number of threads.
106  TPM2+F+I      2515.046     33  5096.091     5100.907     5235.174
WARNING: Number of threads seems too high for short alignments. Use -nt AUTO to determine best number of threads.
107  TPM2+F+G4     2514.994     33  5095.988     5100.803     5235.070
WARNING: Number of threads seems too high for short alignments. Use -nt AUTO to determine best number of threads.
108  TPM2+F+I+G4   2515.320     34  5098.639     5103.758     5241.936
WARNING: Number of threads seems too high for short alignments. Use -nt AUTO to determine best number of threads.
109  TPM2+F+R2     2514.976     34  5097.951     5103.070     5241.248
WARNING: Number of threads seems too high for short alignments. Use -nt AUTO to determine best number of threads.
110  TPM2+F+R3     2514.969     36  5101.939     5107.692     5253.665
WARNING: Number of threads seems too high for short alignments. Use -nt AUTO to determine best number of threads.
118  TPM2u+F       2515.417     32  5094.835     5099.357     5229.702
WARNING: Number of threads seems too high for short alignments. Use -nt AUTO to determine best number of threads.
119  TPM2u+F+I     2515.046     33  5096.091     5100.907     5235.174
WARNING: Number of threads seems too high for short alignments. Use -nt AUTO to determine best number of threads.
120  TPM2u+F+G4    2514.994     33  5095.988     5100.803     5235.070
WARNING: Number of threads seems too high for short alignments. Use -nt AUTO to determine best number of threads.
121  TPM2u+F+I+G4  2515.293     34  5098.587     5103.705     5241.883
WARNING: Number of threads seems too high for short alignments. Use -nt AUTO to determine best number of threads.
122  TPM2u+F+R2    2514.975     34  5097.951     5103.069     5241.248
WARNING: Number of threads seems too high for short alignments. Use -nt AUTO to determine best number of threads.
123  TPM2u+F+R3    2514.969     36  5101.938     5107.692     5253.664
WARNING: Number of threads seems too high for short alignments. Use -nt AUTO to determine best number of threads.
131  TPM3+F        2514.224     32  5092.448     5096.970     5227.315
WARNING: Number of threads seems too high for short alignments. Use -nt AUTO to determine best number of threads.
132  TPM3+F+I      2513.829     33  5093.659     5098.474     5232.741
WARNING: Number of threads seems too high for short alignments. Use -nt AUTO to determine best number of threads.
133  TPM3+F+G4     2513.831     33  5093.663     5098.478     5232.745
WARNING: Number of threads seems too high for short alignments. Use -nt AUTO to determine best number of threads.
134  TPM3+F+I+G4   2514.034     34  5096.068     5101.186     5239.364
WARNING: Number of threads seems too high for short alignments. Use -nt AUTO to determine best number of threads.
135  TPM3+F+R2     2513.808     34  5095.617     5100.735     5238.913
WARNING: Number of threads seems too high for short alignments. Use -nt AUTO to determine best number of threads.
136  TPM3+F+R3     2513.793     36  5099.585     5105.339     5251.311
WARNING: Number of threads seems too high for short alignments. Use -nt AUTO to determine best number of threads.
144  TPM3u+F       2514.224     32  5092.448     5096.970     5227.315
WARNING: Number of threads seems too high for short alignments. Use -nt AUTO to determine best number of threads.
145  TPM3u+F+I     2513.830     33  5093.659     5098.474     5232.741
WARNING: Number of threads seems too high for short alignments. Use -nt AUTO to determine best number of threads.
146  TPM3u+F+G4    2513.831     33  5093.663     5098.478     5232.745
WARNING: Number of threads seems too high for short alignments. Use -nt AUTO to determine best number of threads.
147  TPM3u+F+I+G4  2514.015     34  5096.031     5101.149     5239.327
WARNING: Number of threads seems too high for short alignments. Use -nt AUTO to determine best number of threads.
148  TPM3u+F+R2    2513.808     34  5095.616     5100.734     5238.913
WARNING: Number of threads seems too high for short alignments. Use -nt AUTO to determine best number of threads.
149  TPM3u+F+R3    2513.792     36  5099.584     5105.338     5251.310
WARNING: Number of threads seems too high for short alignments. Use -nt AUTO to determine best number of threads.
157  TIMe          2529.724     30  5119.449     5123.414     5245.887
WARNING: Number of threads seems too high for short alignments. Use -nt AUTO to determine best number of threads.
158  TIMe+I        2529.158     31  5120.316     5124.555     5250.968
WARNING: Number of threads seems too high for short alignments. Use -nt AUTO to determine best number of threads.
159  TIMe+G4       2529.334     31  5120.668     5124.907     5251.321
WARNING: Number of threads seems too high for short alignments. Use -nt AUTO to determine best number of threads.
160  TIMe+I+G4     2529.244     32  5122.488     5127.010     5257.355
WARNING: Number of threads seems too high for short alignments. Use -nt AUTO to determine best number of threads.
161  TIMe+R2       2529.284     32  5122.567     5127.090     5257.435
WARNING: Number of threads seems too high for short alignments. Use -nt AUTO to determine best number of threads.
162  TIMe+R3       2529.234     34  5126.468     5131.586     5269.764
WARNING: Number of threads seems too high for short alignments. Use -nt AUTO to determine best number of threads.
170  TIM+F         2513.648     33  5093.295     5098.111     5232.377
WARNING: Number of threads seems too high for short alignments. Use -nt AUTO to determine best number of threads.
171  TIM+F+I       2513.290     34  5094.580     5099.699     5237.877
WARNING: Number of threads seems too high for short alignments. Use -nt AUTO to determine best number of threads.
172  TIM+F+G4      2513.227     34  5094.454     5099.573     5237.751
WARNING: Number of threads seems too high for short alignments. Use -nt AUTO to determine best number of threads.
173  TIM+F+I+G4    2513.483     35  5096.966     5102.397     5244.477
WARNING: Number of threads seems too high for short alignments. Use -nt AUTO to determine best number of threads.
174  TIM+F+R2      2513.206     35  5096.412     5101.843     5243.924
WARNING: Number of threads seems too high for short alignments. Use -nt AUTO to determine best number of threads.
175  TIM+F+R3      2513.199     37  5100.399     5106.485     5256.339
WARNING: Number of threads seems too high for short alignments. Use -nt AUTO to determine best number of threads.
183  TIM2e         2529.087     30  5118.174     5122.140     5244.612
WARNING: Number of threads seems too high for short alignments. Use -nt AUTO to determine best number of threads.
184  TIM2e+I       2528.478     31  5118.955     5123.194     5249.608
WARNING: Number of threads seems too high for short alignments. Use -nt AUTO to determine best number of threads.
185  TIM2e+G4      2528.659     31  5119.317     5123.556     5249.970
WARNING: Number of threads seems too high for short alignments. Use -nt AUTO to determine best number of threads.
186  TIM2e+I+G4    2528.532     32  5121.064     5125.586     5255.931
WARNING: Number of threads seems too high for short alignments. Use -nt AUTO to determine best number of threads.
187  TIM2e+R2      2528.604     32  5121.207     5125.730     5256.075
WARNING: Number of threads seems too high for short alignments. Use -nt AUTO to determine best number of threads.
188  TIM2e+R3      2528.549     34  5125.099     5130.217     5268.396
WARNING: Number of threads seems too high for short alignments. Use -nt AUTO to determine best number of threads.
196  TIM2+F        2513.704     33  5093.409     5098.224     5232.491
WARNING: Number of threads seems too high for short alignments. Use -nt AUTO to determine best number of threads.
197  TIM2+F+I      2513.346     34  5094.692     5099.810     5237.988
WARNING: Number of threads seems too high for short alignments. Use -nt AUTO to determine best number of threads.
198  TIM2+F+G4     2513.288     34  5094.577     5099.695     5237.873
WARNING: Number of threads seems too high for short alignments. Use -nt AUTO to determine best number of threads.
199  TIM2+F+I+G4   2513.512     35  5097.024     5102.455     5244.535
WARNING: Number of threads seems too high for short alignments. Use -nt AUTO to determine best number of threads.
200  TIM2+F+R2     2513.267     35  5096.534     5101.965     5244.045
WARNING: Number of threads seems too high for short alignments. Use -nt AUTO to determine best number of threads.
201  TIM2+F+R3     2513.259     37  5100.517     5106.604     5256.458
WARNING: Number of threads seems too high for short alignments. Use -nt AUTO to determine best number of threads.
209  TIM3e         2526.492     30  5112.984     5116.950     5239.422
WARNING: Number of threads seems too high for short alignments. Use -nt AUTO to determine best number of threads.
210  TIM3e+I       2525.726     31  5113.453     5117.692     5244.106
WARNING: Number of threads seems too high for short alignments. Use -nt AUTO to determine best number of threads.
211  TIM3e+G4      2526.026     31  5114.053     5118.292     5244.705
WARNING: Number of threads seems too high for short alignments. Use -nt AUTO to determine best number of threads.
212  TIM3e+I+G4    2525.741     32  5115.483     5120.005     5250.350
WARNING: Number of threads seems too high for short alignments. Use -nt AUTO to determine best number of threads.
213  TIM3e+R2      2525.960     32  5115.920     5120.442     5250.787
WARNING: Number of threads seems too high for short alignments. Use -nt AUTO to determine best number of threads.
214  TIM3e+R3      2525.882     34  5119.764     5124.882     5263.060
WARNING: Number of threads seems too high for short alignments. Use -nt AUTO to determine best number of threads.
222  TIM3+F        2512.500     33  5091.000     5095.816     5230.082
WARNING: Number of threads seems too high for short alignments. Use -nt AUTO to determine best number of threads.
223  TIM3+F+I      2512.124     34  5092.247     5097.366     5235.544
WARNING: Number of threads seems too high for short alignments. Use -nt AUTO to determine best number of threads.
224  TIM3+F+G4     2512.123     34  5092.246     5097.365     5235.543
WARNING: Number of threads seems too high for short alignments. Use -nt AUTO to determine best number of threads.
225  TIM3+F+I+G4   2512.257     35  5094.515     5099.946     5242.026
WARNING: Number of threads seems too high for short alignments. Use -nt AUTO to determine best number of threads.
226  TIM3+F+R2     2512.099     35  5094.198     5099.629     5241.709
WARNING: Number of threads seems too high for short alignments. Use -nt AUTO to determine best number of threads.
227  TIM3+F+R3     2512.079     37  5098.158     5104.244     5254.098
WARNING: Number of threads seems too high for short alignments. Use -nt AUTO to determine best number of threads.
235  TVMe          2528.207     31  5118.414     5122.653     5249.067
WARNING: Number of threads seems too high for short alignments. Use -nt AUTO to determine best number of threads.
236  TVMe+I        2527.392     32  5118.784     5123.307     5253.652
WARNING: Number of threads seems too high for short alignments. Use -nt AUTO to determine best number of threads.
237  TVMe+G4       2527.663     32  5119.327     5123.849     5254.194
WARNING: Number of threads seems too high for short alignments. Use -nt AUTO to determine best number of threads.
238  TVMe+I+G4     2527.397     33  5120.793     5125.609     5259.875
WARNING: Number of threads seems too high for short alignments. Use -nt AUTO to determine best number of threads.
239  TVMe+R2       2527.600     33  5121.199     5126.015     5260.281
WARNING: Number of threads seems too high for short alignments. Use -nt AUTO to determine best number of threads.
240  TVMe+R3       2527.521     35  5125.042     5130.473     5272.553
WARNING: Number of threads seems too high for short alignments. Use -nt AUTO to determine best number of threads.
248  TVM+F         2513.956     34  5095.911     5101.029     5239.208
WARNING: Number of threads seems too high for short alignments. Use -nt AUTO to determine best number of threads.
249  TVM+F+I       2513.562     35  5097.123     5102.554     5244.634
WARNING: Number of threads seems too high for short alignments. Use -nt AUTO to determine best number of threads.
250  TVM+F+G4      2513.562     35  5097.124     5102.555     5244.635
WARNING: Number of threads seems too high for short alignments. Use -nt AUTO to determine best number of threads.
251  TVM+F+I+G4    2513.669     36  5099.338     5105.091     5251.063
WARNING: Number of threads seems too high for short alignments. Use -nt AUTO to determine best number of threads.
252  TVM+F+R2      2513.539     36  5099.079     5104.832     5250.805
WARNING: Number of threads seems too high for short alignments. Use -nt AUTO to determine best number of threads.
253  TVM+F+R3      2513.521     38  5103.042     5109.471     5263.197
WARNING: Number of threads seems too high for short alignments. Use -nt AUTO to determine best number of threads.
261  SYM           2525.646     32  5115.293     5119.815     5250.160
WARNING: Number of threads seems too high for short alignments. Use -nt AUTO to determine best number of threads.
262  SYM+I         2524.826     33  5115.652     5120.468     5254.734
WARNING: Number of threads seems too high for short alignments. Use -nt AUTO to determine best number of threads.
263  SYM+G4        2525.132     33  5116.264     5121.080     5255.346
WARNING: Number of threads seems too high for short alignments. Use -nt AUTO to determine best number of threads.
264  SYM+I+G4      2524.830     34  5117.659     5122.778     5260.956
WARNING: Number of threads seems too high for short alignments. Use -nt AUTO to determine best number of threads.
265  SYM+R2        2525.061     34  5118.121     5123.240     5261.418
WARNING: Number of threads seems too high for short alignments. Use -nt AUTO to determine best number of threads.
266  SYM+R3        2524.968     36  5121.937     5127.691     5273.663
WARNING: Number of threads seems too high for short alignments. Use -nt AUTO to determine best number of threads.
274  GTR+F         2512.230     35  5094.461     5099.892     5241.972
WARNING: Number of threads seems too high for short alignments. Use -nt AUTO to determine best number of threads.
275  GTR+F+I       2511.854     36  5095.708     5101.462     5247.434
WARNING: Number of threads seems too high for short alignments. Use -nt AUTO to determine best number of threads.
276  GTR+F+G4      2511.852     36  5095.704     5101.458     5247.430
WARNING: Number of threads seems too high for short alignments. Use -nt AUTO to determine best number of threads.
277  GTR+F+I+G4    2511.964     37  5097.928     5104.014     5253.868
WARNING: Number of threads seems too high for short alignments. Use -nt AUTO to determine best number of threads.
278  GTR+F+R2      2511.829     37  5097.657     5103.744     5253.598
WARNING: Number of threads seems too high for short alignments. Use -nt AUTO to determine best number of threads.
279  GTR+F+R3      2511.808     39  5101.617     5108.399     5265.987
Akaike Information Criterion:           TIM3+F
Corrected Akaike Information Criterion: TIM3+F
Bayesian Information Criterion:         HKY+F
Best-fit model: HKY+F chosen according to BIC

All model information printed to examples/15taxon_300genes_4cores_nophylonet//aln_seqs/1_seqgen198.nex.aln.model.gz
CPU time for ModelFinder: 3.545 seconds (0h:0m:3s)
Wall-clock time for ModelFinder: 66.483 seconds (0h:1m:6s)
Generating 1000 samples for ultrafast bootstrap (seed: 291556)...

NOTE: 0 MB RAM (0 GB) is required!
WARNING: Number of threads seems too high for short alignments. Use -nt AUTO to determine best number of threads.
Estimate model parameters (epsilon = 0.100)
1. Initial log-likelihood: -2618.842
2. Current log-likelihood: -2581.028
3. Current log-likelihood: -2566.552
4. Current log-likelihood: -2549.363
5. Current log-likelihood: -2528.852
6. Current log-likelihood: -2515.474
Optimal log-likelihood: -2515.428
Rate parameters:  A-C: 1.00000  A-G: 4.88988  A-T: 1.00000  C-G: 1.00000  C-T: 4.88988  G-T: 1.00000
Base frequencies:  A: 0.286  C: 0.207  G: 0.198  T: 0.308
Parameters optimization took 6 rounds (1.459 sec)
Computing ML distances based on estimated model parameters... 0.002 sec
Computing BIONJ tree...
0.128 seconds
Log-likelihood of BIONJ tree: -2515.428
--------------------------------------------------------------------
|             INITIALIZING CANDIDATE TREE SET                      |
--------------------------------------------------------------------
Generating 99 parsimony trees... 3.729 second
Computing log-likelihood of 99 initial trees ... 21.421 seconds
Current best score: -2515.428

Do NNI search on 20 best initial trees
Estimate model parameters (epsilon = 0.100)
BETTER TREE FOUND at iteration 1: -2515.428
Iteration 10 / LogL: -2515.428 / Time: 0h:0m:43s
Iteration 20 / LogL: -2515.439 / Time: 0h:1m:4s
Finish initializing candidate tree set (1)
Current best tree score: -2515.428 / CPU time: 62.134
Number of iterations: 20
--------------------------------------------------------------------
|               OPTIMIZING CANDIDATE TREE SET                      |
--------------------------------------------------------------------
Iteration 30 / LogL: -2515.434 / Time: 0h:1m:26s (0h:3m:31s left)
Iteration 40 / LogL: -2515.428 / Time: 0h:1m:49s (0h:2m:50s left)
Iteration 50 / LogL: -2515.459 / Time: 0h:2m:14s (0h:2m:20s left)
Log-likelihood cutoff on original alignment: -2547.920
Iteration 60 / LogL: -2515.438 / Time: 0h:2m:49s (0h:1m:57s left)
Iteration 70 / LogL: -2515.428 / Time: 0h:3m:25s (0h:1m:32s left)
Iteration 80 / LogL: -2515.436 / Time: 0h:3m:51s (0h:1m:1s left)
Iteration 90 / LogL: -2515.428 / Time: 0h:4m:24s (0h:0m:32s left)
Iteration 100 / LogL: -2515.428 / Time: 0h:4m:56s (0h:0m:2s left)
Log-likelihood cutoff on original alignment: -2547.920
NOTE: Bootstrap correlation coefficient of split occurrence frequencies: 0.999
TREE SEARCH COMPLETED AFTER 102 ITERATIONS / Time: 0h:5m:6s

--------------------------------------------------------------------
|                    FINALIZING TREE SEARCH                        |
--------------------------------------------------------------------
Performs final model parameters optimization
Estimate model parameters (epsilon = 0.010)
1. Initial log-likelihood: -2515.428
Optimal log-likelihood: -2515.428
Rate parameters:  A-C: 1.00000  A-G: 4.88950  A-T: 1.00000  C-G: 1.00000  C-T: 4.88950  G-T: 1.00000
Base frequencies:  A: 0.286  C: 0.207  G: 0.198  T: 0.308
Parameters optimization took 1 rounds (0.257 sec)
BEST SCORE FOUND : -2515.428
Creating bootstrap support values...
Split supports printed to NEXUS file examples/15taxon_300genes_4cores_nophylonet//aln_seqs/1_seqgen198.nex.aln.splits.nex
Total tree length: 0.774

Total number of iterations: 102
CPU time used for tree search: 11.608 sec (0h:0m:11s)
Wall-clock time used for tree search: 303.437 sec (0h:5m:3s)
Total CPU time used: 11.769 sec (0h:0m:11s)
Total wall-clock time used: 308.629 sec (0h:5m:8s)

Computing bootstrap consensus tree...
Reading input file examples/15taxon_300genes_4cores_nophylonet//aln_seqs/1_seqgen198.nex.aln.splits.nex...
15 taxa and 48 splits.
Consensus tree written to examples/15taxon_300genes_4cores_nophylonet//aln_seqs/1_seqgen198.nex.aln.contree
Reading input trees file examples/15taxon_300genes_4cores_nophylonet//aln_seqs/1_seqgen198.nex.aln.contree
Log-likelihood of consensus tree: -2515.428

Analysis results written to: 
  IQ-TREE report:                examples/15taxon_300genes_4cores_nophylonet//aln_seqs/1_seqgen198.nex.aln.iqtree
  Maximum-likelihood tree:       examples/15taxon_300genes_4cores_nophylonet//aln_seqs/1_seqgen198.nex.aln.treefile
  Likelihood distances:          examples/15taxon_300genes_4cores_nophylonet//aln_seqs/1_seqgen198.nex.aln.mldist

Ultrafast bootstrap approximation results written to:
  Split support values:          examples/15taxon_300genes_4cores_nophylonet//aln_seqs/1_seqgen198.nex.aln.splits.nex
  Consensus tree:                examples/15taxon_300genes_4cores_nophylonet//aln_seqs/1_seqgen198.nex.aln.contree
  Screen log file:               examples/15taxon_300genes_4cores_nophylonet//aln_seqs/1_seqgen198.nex.aln.log

Date and Time: Sun Feb 24 20:05:41 2019
