IQ-TREE multicore version 1.6.8 for Linux 64-bit built Oct 28 2018
Developed by Bui Quang Minh, Nguyen Lam Tung, Olga Chernomor,
Heiko Schmidt, Dominik Schrempf, Michael Woodhams.

Host:    sango10511.oist.jp (AVX2, FMA3, 125 GB RAM)
Command: iqtree -s examples/15taxon_300genes_4cores_nophylonet//aln_seqs/1_seqgen70.nex.aln -bb 1000 -redo -nt 3 -m MFP
Seed:    312940 (Using SPRNG - Scalable Parallel Random Number Generator)
Time:    Sun Feb 24 19:59:31 2019
Kernel:  AVX+FMA - 3 threads (24 CPU cores detected)

Reading alignment file examples/15taxon_300genes_4cores_nophylonet//aln_seqs/1_seqgen70.nex.aln ... Fasta format detected
Alignment most likely contains DNA/RNA sequences
Alignment has 15 sequences with 500 columns, 184 distinct patterns
113 parsimony-informative, 140 singleton sites, 247 constant sites
    Gap/Ambiguity  Composition  p-value
   1  A5    0.00%    passed     91.17%
   2  A     0.00%    passed     80.31%
   3  F     0.00%    passed     96.45%
   4  E     0.00%    passed     95.48%
   5  D     0.00%    passed     96.45%
   6  B     0.00%    passed     95.07%
   7  C     0.00%    passed     95.58%
   8  A4    0.00%    passed     93.75%
   9  G     0.00%    passed     91.54%
  10  H     0.00%    passed     93.59%
  11  I     0.00%    passed     95.87%
  12  A0    0.00%    passed     93.99%
  13  A1    0.00%    passed     77.34%
  14  A2    0.00%    passed     84.32%
  15  A3    0.00%    passed     96.59%
****  TOTAL    0.00%  0 sequences failed composition chi2 test (p-value<5%; df=3)


Create initial parsimony tree by phylogenetic likelihood library (PLL)... 0.000 seconds
NOTE: ModelFinder requires 1 MB RAM!
ModelFinder will test 286 DNA models (sample size: 500) ...
 No. Model         -LnL         df  AIC          AICc         BIC
WARNING: Number of threads seems too high for short alignments. Use -nt AUTO to determine best number of threads.
  1  JC            2543.062     27  5140.124     5143.328     5253.919
WARNING: Number of threads seems too high for short alignments. Use -nt AUTO to determine best number of threads.
  2  JC+I          2543.062     28  5142.124     5145.572     5260.133
WARNING: Number of threads seems too high for short alignments. Use -nt AUTO to determine best number of threads.
  3  JC+G4         2543.064     28  5142.127     5145.575     5260.136
WARNING: Number of threads seems too high for short alignments. Use -nt AUTO to determine best number of threads.
  4  JC+I+G4       2544.103     29  5146.205     5149.908     5268.429
WARNING: Number of threads seems too high for short alignments. Use -nt AUTO to determine best number of threads.
  5  JC+R2         2543.322     29  5144.644     5148.346     5266.867
WARNING: Number of threads seems too high for short alignments. Use -nt AUTO to determine best number of threads.
  6  JC+R3         2543.242     31  5148.484     5152.723     5279.136
WARNING: Number of threads seems too high for short alignments. Use -nt AUTO to determine best number of threads.
 14  F81+F         2519.785     30  5099.569     5103.535     5226.007
WARNING: Number of threads seems too high for short alignments. Use -nt AUTO to determine best number of threads.
 15  F81+F+I       2519.785     31  5101.569     5105.808     5232.222
WARNING: Number of threads seems too high for short alignments. Use -nt AUTO to determine best number of threads.
 16  F81+F+G4      2519.788     31  5101.576     5105.815     5232.229
WARNING: Number of threads seems too high for short alignments. Use -nt AUTO to determine best number of threads.
 17  F81+F+I+G4    2520.899     32  5105.798     5110.320     5240.665
WARNING: Number of threads seems too high for short alignments. Use -nt AUTO to determine best number of threads.
 18  F81+F+R2      2520.097     32  5104.194     5108.717     5239.062
WARNING: Number of threads seems too high for short alignments. Use -nt AUTO to determine best number of threads.
 19  F81+F+R3      2520.004     34  5108.008     5113.126     5251.304
WARNING: Number of threads seems too high for short alignments. Use -nt AUTO to determine best number of threads.
 27  K2P           2476.649     28  5009.297     5012.745     5127.306
WARNING: Number of threads seems too high for short alignments. Use -nt AUTO to determine best number of threads.
 28  K2P+I         2476.631     29  5011.262     5014.964     5133.486
WARNING: Number of threads seems too high for short alignments. Use -nt AUTO to determine best number of threads.
 29  K2P+G4        2476.649     29  5011.298     5015.000     5133.522
WARNING: Number of threads seems too high for short alignments. Use -nt AUTO to determine best number of threads.
 30  K2P+I+G4      2477.231     30  5014.461     5018.427     5140.899
WARNING: Number of threads seems too high for short alignments. Use -nt AUTO to determine best number of threads.
 31  K2P+R2        2476.753     30  5013.506     5017.472     5139.944
WARNING: Number of threads seems too high for short alignments. Use -nt AUTO to determine best number of threads.
 32  K2P+R3        2476.705     32  5017.411     5021.933     5152.278
WARNING: Number of threads seems too high for short alignments. Use -nt AUTO to determine best number of threads.
 40  HKY+F         2443.381     31  4948.763     4953.002     5079.416
WARNING: Number of threads seems too high for short alignments. Use -nt AUTO to determine best number of threads.
 41  HKY+F+I       2443.380     32  4950.761     4955.283     5085.628
WARNING: Number of threads seems too high for short alignments. Use -nt AUTO to determine best number of threads.
 42  HKY+F+G4      2443.384     32  4950.769     4955.291     5085.636
WARNING: Number of threads seems too high for short alignments. Use -nt AUTO to determine best number of threads.
 43  HKY+F+I+G4    2444.141     33  4954.283     4959.098     5093.365
WARNING: Number of threads seems too high for short alignments. Use -nt AUTO to determine best number of threads.
 44  HKY+F+R2      2443.579     33  4953.157     4957.973     5092.239
WARNING: Number of threads seems too high for short alignments. Use -nt AUTO to determine best number of threads.
 45  HKY+F+R3      2443.511     35  4957.021     4962.452     5104.533
WARNING: Number of threads seems too high for short alignments. Use -nt AUTO to determine best number of threads.
 53  TNe           2476.614     29  5011.228     5014.930     5133.451
WARNING: Number of threads seems too high for short alignments. Use -nt AUTO to determine best number of threads.
 54  TNe+I         2476.594     30  5013.188     5017.153     5139.626
WARNING: Number of threads seems too high for short alignments. Use -nt AUTO to determine best number of threads.
 55  TNe+G4        2476.614     30  5013.228     5017.194     5139.667
WARNING: Number of threads seems too high for short alignments. Use -nt AUTO to determine best number of threads.
 56  TNe+I+G4      2477.095     31  5016.191     5020.430     5146.844
WARNING: Number of threads seems too high for short alignments. Use -nt AUTO to determine best number of threads.
 57  TNe+R2        2476.684     31  5015.368     5019.607     5146.021
WARNING: Number of threads seems too high for short alignments. Use -nt AUTO to determine best number of threads.
 58  TNe+R3        2476.649     33  5019.299     5024.114     5158.381
WARNING: Number of threads seems too high for short alignments. Use -nt AUTO to determine best number of threads.
 66  TN+F          2443.343     32  4950.686     4955.208     5085.553
WARNING: Number of threads seems too high for short alignments. Use -nt AUTO to determine best number of threads.
 67  TN+F+I        2443.342     33  4952.685     4957.500     5091.767
WARNING: Number of threads seems too high for short alignments. Use -nt AUTO to determine best number of threads.
 68  TN+F+G4       2443.346     33  4952.692     4957.507     5091.774
WARNING: Number of threads seems too high for short alignments. Use -nt AUTO to determine best number of threads.
 69  TN+F+I+G4     2444.023     34  4956.046     4961.164     5099.342
WARNING: Number of threads seems too high for short alignments. Use -nt AUTO to determine best number of threads.
 70  TN+F+R2       2443.488     34  4954.977     4960.095     5098.273
WARNING: Number of threads seems too high for short alignments. Use -nt AUTO to determine best number of threads.
 71  TN+F+R3       2443.437     36  4958.874     4964.628     5110.600
WARNING: Number of threads seems too high for short alignments. Use -nt AUTO to determine best number of threads.
 79  K3P           2476.611     29  5011.221     5014.923     5133.445
WARNING: Number of threads seems too high for short alignments. Use -nt AUTO to determine best number of threads.
 80  K3P+I         2476.593     30  5013.186     5017.152     5139.624
WARNING: Number of threads seems too high for short alignments. Use -nt AUTO to determine best number of threads.
 81  K3P+G4        2476.611     30  5013.222     5017.188     5139.660
WARNING: Number of threads seems too high for short alignments. Use -nt AUTO to determine best number of threads.
 82  K3P+I+G4      2477.039     31  5016.078     5020.317     5146.730
WARNING: Number of threads seems too high for short alignments. Use -nt AUTO to determine best number of threads.
 83  K3P+R2        2476.658     31  5015.316     5019.555     5145.968
WARNING: Number of threads seems too high for short alignments. Use -nt AUTO to determine best number of threads.
 84  K3P+R3        2476.633     33  5019.266     5024.082     5158.348
WARNING: Number of threads seems too high for short alignments. Use -nt AUTO to determine best number of threads.
 92  K3Pu+F        2443.105     32  4950.210     4954.733     5085.078
WARNING: Number of threads seems too high for short alignments. Use -nt AUTO to determine best number of threads.
 93  K3Pu+F+I      2443.104     33  4952.207     4957.023     5091.289
WARNING: Number of threads seems too high for short alignments. Use -nt AUTO to determine best number of threads.
 94  K3Pu+F+G4     2443.108     33  4952.216     4957.032     5091.298
WARNING: Number of threads seems too high for short alignments. Use -nt AUTO to determine best number of threads.
 95  K3Pu+F+I+G4   2443.690     34  4955.380     4960.499     5098.677
WARNING: Number of threads seems too high for short alignments. Use -nt AUTO to determine best number of threads.
 96  K3Pu+F+R2     2443.220     34  4954.440     4959.558     5097.737
WARNING: Number of threads seems too high for short alignments. Use -nt AUTO to determine best number of threads.
 97  K3Pu+F+R3     2443.179     36  4958.358     4964.112     5110.084
WARNING: Number of threads seems too high for short alignments. Use -nt AUTO to determine best number of threads.
105  TPM2+F        2439.659     32  4943.318     4947.840     5078.185
WARNING: Number of threads seems too high for short alignments. Use -nt AUTO to determine best number of threads.
106  TPM2+F+I      2439.654     33  4945.307     4950.123     5084.389
WARNING: Number of threads seems too high for short alignments. Use -nt AUTO to determine best number of threads.
107  TPM2+F+G4     2439.662     33  4945.324     4950.140     5084.406
WARNING: Number of threads seems too high for short alignments. Use -nt AUTO to determine best number of threads.
108  TPM2+F+I+G4   2440.173     34  4948.345     4953.464     5091.642
WARNING: Number of threads seems too high for short alignments. Use -nt AUTO to determine best number of threads.
109  TPM2+F+R2     2439.762     34  4947.523     4952.642     5090.820
WARNING: Number of threads seems too high for short alignments. Use -nt AUTO to determine best number of threads.
110  TPM2+F+R3     2439.724     36  4951.448     4957.202     5103.174
WARNING: Number of threads seems too high for short alignments. Use -nt AUTO to determine best number of threads.
118  TPM2u+F       2439.659     32  4943.318     4947.840     5078.185
WARNING: Number of threads seems too high for short alignments. Use -nt AUTO to determine best number of threads.
119  TPM2u+F+I     2439.654     33  4945.307     4950.123     5084.389
WARNING: Number of threads seems too high for short alignments. Use -nt AUTO to determine best number of threads.
120  TPM2u+F+G4    2439.662     33  4945.324     4950.140     5084.406
WARNING: Number of threads seems too high for short alignments. Use -nt AUTO to determine best number of threads.
121  TPM2u+F+I+G4  2440.141     34  4948.281     4953.399     5091.578
WARNING: Number of threads seems too high for short alignments. Use -nt AUTO to determine best number of threads.
122  TPM2u+F+R2    2439.748     34  4947.495     4952.614     5090.792
WARNING: Number of threads seems too high for short alignments. Use -nt AUTO to determine best number of threads.
123  TPM2u+F+R3    2439.715     36  4951.429     4957.183     5103.155
WARNING: Number of threads seems too high for short alignments. Use -nt AUTO to determine best number of threads.
131  TPM3+F        2442.833     32  4949.667     4954.189     5084.534
WARNING: Number of threads seems too high for short alignments. Use -nt AUTO to determine best number of threads.
132  TPM3+F+I      2442.833     33  4951.666     4956.481     5090.748
WARNING: Number of threads seems too high for short alignments. Use -nt AUTO to determine best number of threads.
133  TPM3+F+G4     2442.836     33  4951.673     4956.488     5090.755
WARNING: Number of threads seems too high for short alignments. Use -nt AUTO to determine best number of threads.
134  TPM3+F+I+G4   2443.333     34  4954.666     4959.785     5097.963
WARNING: Number of threads seems too high for short alignments. Use -nt AUTO to determine best number of threads.
135  TPM3+F+R2     2442.910     34  4953.820     4958.939     5097.117
WARNING: Number of threads seems too high for short alignments. Use -nt AUTO to determine best number of threads.
136  TPM3+F+R3     2442.882     36  4957.763     4963.517     5109.489
WARNING: Number of threads seems too high for short alignments. Use -nt AUTO to determine best number of threads.
144  TPM3u+F       2442.833     32  4949.667     4954.189     5084.534
WARNING: Number of threads seems too high for short alignments. Use -nt AUTO to determine best number of threads.
145  TPM3u+F+I     2442.833     33  4951.666     4956.481     5090.748
WARNING: Number of threads seems too high for short alignments. Use -nt AUTO to determine best number of threads.
146  TPM3u+F+G4    2442.836     33  4951.673     4956.488     5090.755
WARNING: Number of threads seems too high for short alignments. Use -nt AUTO to determine best number of threads.
147  TPM3u+F+I+G4  2443.306     34  4954.611     4959.729     5097.908
WARNING: Number of threads seems too high for short alignments. Use -nt AUTO to determine best number of threads.
148  TPM3u+F+R2    2442.900     34  4953.801     4958.919     5097.097
WARNING: Number of threads seems too high for short alignments. Use -nt AUTO to determine best number of threads.
149  TPM3u+F+R3    2442.875     36  4957.750     4963.504     5109.476
WARNING: Number of threads seems too high for short alignments. Use -nt AUTO to determine best number of threads.
157  TIMe          2476.576     30  5013.151     5017.117     5139.589
WARNING: Number of threads seems too high for short alignments. Use -nt AUTO to determine best number of threads.
158  TIMe+I        2476.556     31  5015.111     5019.351     5145.764
WARNING: Number of threads seems too high for short alignments. Use -nt AUTO to determine best number of threads.
159  TIMe+G4       2476.576     31  5015.152     5019.391     5145.805
WARNING: Number of threads seems too high for short alignments. Use -nt AUTO to determine best number of threads.
160  TIMe+I+G4     2476.842     32  5017.685     5022.207     5152.552
WARNING: Number of threads seems too high for short alignments. Use -nt AUTO to determine best number of threads.
161  TIMe+R2       2476.592     32  5017.184     5021.707     5152.052
WARNING: Number of threads seems too high for short alignments. Use -nt AUTO to determine best number of threads.
162  TIMe+R3       2476.582     34  5021.165     5026.283     5164.461
WARNING: Number of threads seems too high for short alignments. Use -nt AUTO to determine best number of threads.
170  TIM+F         2443.066     33  4952.133     4956.948     5091.215
WARNING: Number of threads seems too high for short alignments. Use -nt AUTO to determine best number of threads.
171  TIM+F+I       2443.065     34  4954.131     4959.249     5097.427
WARNING: Number of threads seems too high for short alignments. Use -nt AUTO to determine best number of threads.
172  TIM+F+G4      2443.069     34  4954.138     4959.256     5097.435
WARNING: Number of threads seems too high for short alignments. Use -nt AUTO to determine best number of threads.
173  TIM+F+I+G4    2443.492     35  4956.984     4962.415     5104.495
WARNING: Number of threads seems too high for short alignments. Use -nt AUTO to determine best number of threads.
174  TIM+F+R2      2443.118     35  4956.237     4961.668     5103.748
WARNING: Number of threads seems too high for short alignments. Use -nt AUTO to determine best number of threads.
175  TIM+F+R3      2443.098     37  4960.197     4966.283     5116.137
WARNING: Number of threads seems too high for short alignments. Use -nt AUTO to determine best number of threads.
183  TIM2e         2475.849     30  5011.698     5015.664     5138.136
WARNING: Number of threads seems too high for short alignments. Use -nt AUTO to determine best number of threads.
184  TIM2e+I       2475.840     31  5013.679     5017.919     5144.332
WARNING: Number of threads seems too high for short alignments. Use -nt AUTO to determine best number of threads.
185  TIM2e+G4      2475.850     31  5013.700     5017.939     5144.353
WARNING: Number of threads seems too high for short alignments. Use -nt AUTO to determine best number of threads.
186  TIM2e+I+G4    2476.143     32  5016.286     5020.808     5151.153
WARNING: Number of threads seems too high for short alignments. Use -nt AUTO to determine best number of threads.
187  TIM2e+R2      2475.873     32  5015.746     5020.269     5150.614
WARNING: Number of threads seems too high for short alignments. Use -nt AUTO to determine best number of threads.
188  TIM2e+R3      2475.862     34  5019.724     5024.842     5163.021
WARNING: Number of threads seems too high for short alignments. Use -nt AUTO to determine best number of threads.
196  TIM2+F        2439.619     33  4945.239     4950.054     5084.321
WARNING: Number of threads seems too high for short alignments. Use -nt AUTO to determine best number of threads.
197  TIM2+F+I      2439.616     34  4947.231     4952.349     5090.528
WARNING: Number of threads seems too high for short alignments. Use -nt AUTO to determine best number of threads.
198  TIM2+F+G4     2439.622     34  4947.245     4952.363     5090.542
WARNING: Number of threads seems too high for short alignments. Use -nt AUTO to determine best number of threads.
199  TIM2+F+I+G4   2439.977     35  4949.953     4955.384     5097.464
WARNING: Number of threads seems too high for short alignments. Use -nt AUTO to determine best number of threads.
200  TIM2+F+R2     2439.665     35  4949.330     4954.761     5096.841
WARNING: Number of threads seems too high for short alignments. Use -nt AUTO to determine best number of threads.
201  TIM2+F+R3     2439.647     37  4953.295     4959.381     5109.235
WARNING: Number of threads seems too high for short alignments. Use -nt AUTO to determine best number of threads.
209  TIM3e         2472.636     30  5005.271     5009.237     5131.710
WARNING: Number of threads seems too high for short alignments. Use -nt AUTO to determine best number of threads.
210  TIM3e+I       2472.579     31  5007.157     5011.397     5137.810
WARNING: Number of threads seems too high for short alignments. Use -nt AUTO to determine best number of threads.
211  TIM3e+G4      2472.626     31  5007.253     5011.492     5137.905
WARNING: Number of threads seems too high for short alignments. Use -nt AUTO to determine best number of threads.
212  TIM3e+I+G4    2472.725     32  5009.449     5013.972     5144.317
WARNING: Number of threads seems too high for short alignments. Use -nt AUTO to determine best number of threads.
213  TIM3e+R2      2472.625     32  5009.250     5013.772     5144.117
WARNING: Number of threads seems too high for short alignments. Use -nt AUTO to determine best number of threads.
214  TIM3e+R3      2472.625     34  5013.250     5018.368     5156.546
WARNING: Number of threads seems too high for short alignments. Use -nt AUTO to determine best number of threads.
222  TIM3+F        2442.796     33  4951.591     4956.407     5090.673
WARNING: Number of threads seems too high for short alignments. Use -nt AUTO to determine best number of threads.
223  TIM3+F+I      2442.795     34  4953.591     4958.709     5096.887
WARNING: Number of threads seems too high for short alignments. Use -nt AUTO to determine best number of threads.
224  TIM3+F+G4     2442.798     34  4953.596     4958.714     5096.892
WARNING: Number of threads seems too high for short alignments. Use -nt AUTO to determine best number of threads.
225  TIM3+F+I+G4   2443.165     35  4956.330     4961.761     5103.841
WARNING: Number of threads seems too high for short alignments. Use -nt AUTO to determine best number of threads.
226  TIM3+F+R2     2442.836     35  4955.672     4961.103     5103.183
WARNING: Number of threads seems too high for short alignments. Use -nt AUTO to determine best number of threads.
227  TIM3+F+R3     2442.820     37  4959.640     4965.727     5115.581
WARNING: Number of threads seems too high for short alignments. Use -nt AUTO to determine best number of threads.
235  TVMe          2471.922     31  5005.845     5010.084     5136.497
WARNING: Number of threads seems too high for short alignments. Use -nt AUTO to determine best number of threads.
236  TVMe+I        2471.886     32  5007.773     5012.295     5142.640
WARNING: Number of threads seems too high for short alignments. Use -nt AUTO to determine best number of threads.
237  TVMe+G4       2471.921     32  5007.842     5012.364     5142.709
WARNING: Number of threads seems too high for short alignments. Use -nt AUTO to determine best number of threads.
238  TVMe+I+G4     2472.053     33  5010.105     5014.920     5149.187
WARNING: Number of threads seems too high for short alignments. Use -nt AUTO to determine best number of threads.
239  TVMe+R2       2471.921     33  5009.842     5014.657     5148.924
WARNING: Number of threads seems too high for short alignments. Use -nt AUTO to determine best number of threads.
240  TVMe+R3       2471.919     35  5013.837     5019.268     5161.348
WARNING: Number of threads seems too high for short alignments. Use -nt AUTO to determine best number of threads.
248  TVM+F         2439.102     34  4946.205     4951.323     5089.502
WARNING: Number of threads seems too high for short alignments. Use -nt AUTO to determine best number of threads.
249  TVM+F+I       2439.098     35  4948.197     4953.628     5095.708
WARNING: Number of threads seems too high for short alignments. Use -nt AUTO to determine best number of threads.
250  TVM+F+G4      2439.106     35  4948.211     4953.642     5095.723
WARNING: Number of threads seems too high for short alignments. Use -nt AUTO to determine best number of threads.
251  TVM+F+I+G4    2439.400     36  4950.799     4956.553     5102.525
WARNING: Number of threads seems too high for short alignments. Use -nt AUTO to determine best number of threads.
252  TVM+F+R2      2439.141     36  4950.282     4956.035     5102.008
WARNING: Number of threads seems too high for short alignments. Use -nt AUTO to determine best number of threads.
253  TVM+F+R3      2439.126     38  4954.251     4960.681     5114.406
WARNING: Number of threads seems too high for short alignments. Use -nt AUTO to determine best number of threads.
261  SYM           2471.885     32  5007.769     5012.292     5142.637
WARNING: Number of threads seems too high for short alignments. Use -nt AUTO to determine best number of threads.
262  SYM+I         2471.847     33  5009.694     5014.510     5148.776
WARNING: Number of threads seems too high for short alignments. Use -nt AUTO to determine best number of threads.
263  SYM+G4        2471.884     33  5009.768     5014.583     5148.850
WARNING: Number of threads seems too high for short alignments. Use -nt AUTO to determine best number of threads.
264  SYM+I+G4      2471.994     34  5011.987     5017.106     5155.284
WARNING: Number of threads seems too high for short alignments. Use -nt AUTO to determine best number of threads.
265  SYM+R2        2471.884     34  5011.768     5016.887     5155.065
WARNING: Number of threads seems too high for short alignments. Use -nt AUTO to determine best number of threads.
266  SYM+R3        2471.882     36  5015.764     5021.518     5167.490
WARNING: Number of threads seems too high for short alignments. Use -nt AUTO to determine best number of threads.
274  GTR+F         2439.063     35  4948.126     4953.557     5095.637
WARNING: Number of threads seems too high for short alignments. Use -nt AUTO to determine best number of threads.
275  GTR+F+I       2439.060     36  4950.120     4955.874     5101.846
WARNING: Number of threads seems too high for short alignments. Use -nt AUTO to determine best number of threads.
276  GTR+F+G4      2439.066     36  4950.132     4955.886     5101.858
WARNING: Number of threads seems too high for short alignments. Use -nt AUTO to determine best number of threads.
277  GTR+F+I+G4    2439.349     37  4952.698     4958.785     5108.639
WARNING: Number of threads seems too high for short alignments. Use -nt AUTO to determine best number of threads.
278  GTR+F+R2      2439.097     37  4952.193     4958.280     5108.134
WARNING: Number of threads seems too high for short alignments. Use -nt AUTO to determine best number of threads.
279  GTR+F+R3      2439.083     39  4956.166     4962.948     5120.535
Akaike Information Criterion:           TPM2+F
Corrected Akaike Information Criterion: TPM2+F
Bayesian Information Criterion:         TPM2+F
Best-fit model: TPM2+F chosen according to BIC

All model information printed to examples/15taxon_300genes_4cores_nophylonet//aln_seqs/1_seqgen70.nex.aln.model.gz
CPU time for ModelFinder: 3.115 seconds (0h:0m:3s)
Wall-clock time for ModelFinder: 71.538 seconds (0h:1m:11s)
Generating 1000 samples for ultrafast bootstrap (seed: 312940)...

NOTE: 0 MB RAM (0 GB) is required!
WARNING: Number of threads seems too high for short alignments. Use -nt AUTO to determine best number of threads.
Estimate model parameters (epsilon = 0.100)
1. Initial log-likelihood: -2520.169
2. Current log-likelihood: -2449.681
3. Current log-likelihood: -2439.678
Optimal log-likelihood: -2439.659
Rate parameters:  A-C: 0.59497  A-G: 2.98379  A-T: 0.59497  C-G: 1.00000  C-T: 2.98379  G-T: 1.00000
Base frequencies:  A: 0.323  C: 0.168  G: 0.187  T: 0.322
Parameters optimization took 3 rounds (0.745 sec)
Computing ML distances based on estimated model parameters... 0.001 sec
Computing BIONJ tree...
0.156 seconds
Log-likelihood of BIONJ tree: -2439.659
--------------------------------------------------------------------
|             INITIALIZING CANDIDATE TREE SET                      |
--------------------------------------------------------------------
Generating 99 parsimony trees... 3.667 second
Computing log-likelihood of 99 initial trees ... 41.036 seconds
Current best score: -2439.659

Do NNI search on 20 best initial trees
Estimate model parameters (epsilon = 0.100)
BETTER TREE FOUND at iteration 1: -2439.659
Iteration 10 / LogL: -2439.659 / Time: 0h:1m:6s
Iteration 20 / LogL: -2439.693 / Time: 0h:1m:44s
Finish initializing candidate tree set (1)
Current best tree score: -2439.659 / CPU time: 102.941
Number of iterations: 20
--------------------------------------------------------------------
|               OPTIMIZING CANDIDATE TREE SET                      |
--------------------------------------------------------------------
Iteration 30 / LogL: -2439.660 / Time: 0h:2m:18s (0h:5m:37s left)
Iteration 40 / LogL: -2439.669 / Time: 0h:2m:51s (0h:4m:28s left)
Iteration 50 / LogL: -2439.660 / Time: 0h:3m:23s (0h:3m:31s left)
Log-likelihood cutoff on original alignment: -2473.828
Iteration 60 / LogL: -2439.674 / Time: 0h:3m:59s (0h:2m:46s left)
Iteration 70 / LogL: -2439.666 / Time: 0h:4m:31s (0h:2m:2s left)
Iteration 80 / LogL: -2439.661 / Time: 0h:5m:4s (0h:1m:21s left)
Iteration 90 / LogL: -2439.672 / Time: 0h:5m:31s (0h:0m:40s left)
Iteration 100 / LogL: -2439.660 / Time: 0h:5m:54s (0h:0m:3s left)
Log-likelihood cutoff on original alignment: -2467.631
NOTE: Bootstrap correlation coefficient of split occurrence frequencies: 0.999
TREE SEARCH COMPLETED AFTER 102 ITERATIONS / Time: 0h:6m:1s

--------------------------------------------------------------------
|                    FINALIZING TREE SEARCH                        |
--------------------------------------------------------------------
Performs final model parameters optimization
Estimate model parameters (epsilon = 0.010)
1. Initial log-likelihood: -2439.659
Optimal log-likelihood: -2439.659
Rate parameters:  A-C: 0.59539  A-G: 2.98411  A-T: 0.59539  C-G: 1.00000  C-T: 2.98411  G-T: 1.00000
Base frequencies:  A: 0.323  C: 0.168  G: 0.187  T: 0.322
Parameters optimization took 1 rounds (0.082 sec)
BEST SCORE FOUND : -2439.659
Creating bootstrap support values...
Split supports printed to NEXUS file examples/15taxon_300genes_4cores_nophylonet//aln_seqs/1_seqgen70.nex.aln.splits.nex
Total tree length: 0.722

Total number of iterations: 102
CPU time used for tree search: 12.880 sec (0h:0m:12s)
Wall-clock time used for tree search: 358.959 sec (0h:5m:58s)
Total CPU time used: 13.017 sec (0h:0m:13s)
Total wall-clock time used: 361.958 sec (0h:6m:1s)

Computing bootstrap consensus tree...
Reading input file examples/15taxon_300genes_4cores_nophylonet//aln_seqs/1_seqgen70.nex.aln.splits.nex...
15 taxa and 51 splits.
Consensus tree written to examples/15taxon_300genes_4cores_nophylonet//aln_seqs/1_seqgen70.nex.aln.contree
Reading input trees file examples/15taxon_300genes_4cores_nophylonet//aln_seqs/1_seqgen70.nex.aln.contree
Log-likelihood of consensus tree: -2439.659

Analysis results written to: 
  IQ-TREE report:                examples/15taxon_300genes_4cores_nophylonet//aln_seqs/1_seqgen70.nex.aln.iqtree
  Maximum-likelihood tree:       examples/15taxon_300genes_4cores_nophylonet//aln_seqs/1_seqgen70.nex.aln.treefile
  Likelihood distances:          examples/15taxon_300genes_4cores_nophylonet//aln_seqs/1_seqgen70.nex.aln.mldist

Ultrafast bootstrap approximation results written to:
  Split support values:          examples/15taxon_300genes_4cores_nophylonet//aln_seqs/1_seqgen70.nex.aln.splits.nex
  Consensus tree:                examples/15taxon_300genes_4cores_nophylonet//aln_seqs/1_seqgen70.nex.aln.contree
  Screen log file:               examples/15taxon_300genes_4cores_nophylonet//aln_seqs/1_seqgen70.nex.aln.log

Date and Time: Sun Feb 24 20:06:46 2019
