IQ-TREE multicore version 1.6.8 for Linux 64-bit built Oct 28 2018
Developed by Bui Quang Minh, Nguyen Lam Tung, Olga Chernomor,
Heiko Schmidt, Dominik Schrempf, Michael Woodhams.

Host:    sango10511.oist.jp (AVX2, FMA3, 125 GB RAM)
Command: iqtree -s examples/15taxon_300genes_4cores_nophylonet//aln_seqs/1_seqgen271.nex.aln -bb 1000 -redo -nt 3 -m MFP
Seed:    664507 (Using SPRNG - Scalable Parallel Random Number Generator)
Time:    Sun Feb 24 19:59:51 2019
Kernel:  AVX+FMA - 3 threads (24 CPU cores detected)

Reading alignment file examples/15taxon_300genes_4cores_nophylonet//aln_seqs/1_seqgen271.nex.aln ... Fasta format detected
Alignment most likely contains DNA/RNA sequences
Alignment has 15 sequences with 500 columns, 218 distinct patterns
153 parsimony-informative, 134 singleton sites, 213 constant sites
    Gap/Ambiguity  Composition  p-value
   1  A     0.00%    passed     60.23%
   2  A5    0.00%    passed     74.24%
   3  B     0.00%    passed     95.12%
   4  C     0.00%    passed     95.70%
   5  F     0.00%    passed     99.78%
   6  D     0.00%    passed     98.36%
   7  E     0.00%    passed     81.06%
   8  A4    0.00%    passed     93.77%
   9  A0    0.00%    passed     92.61%
  10  A1    0.00%    passed     95.79%
  11  A2    0.00%    passed     99.14%
  12  A3    0.00%    passed     99.74%
  13  G     0.00%    passed     97.45%
  14  H     0.00%    passed     94.61%
  15  I     0.00%    passed     96.77%
****  TOTAL    0.00%  0 sequences failed composition chi2 test (p-value<5%; df=3)


Create initial parsimony tree by phylogenetic likelihood library (PLL)... 0.000 seconds
NOTE: ModelFinder requires 1 MB RAM!
ModelFinder will test 286 DNA models (sample size: 500) ...
 No. Model         -LnL         df  AIC          AICc         BIC
WARNING: Number of threads seems too high for short alignments. Use -nt AUTO to determine best number of threads.
  1  JC            2781.024     27  5616.047     5619.251     5729.842
WARNING: Number of threads seems too high for short alignments. Use -nt AUTO to determine best number of threads.
  2  JC+I          2781.024     28  5618.047     5621.495     5736.056
WARNING: Number of threads seems too high for short alignments. Use -nt AUTO to determine best number of threads.
  3  JC+G4         2781.033     28  5618.066     5621.514     5736.075
WARNING: Number of threads seems too high for short alignments. Use -nt AUTO to determine best number of threads.
  4  JC+I+G4       2782.057     29  5622.114     5625.816     5744.338
WARNING: Number of threads seems too high for short alignments. Use -nt AUTO to determine best number of threads.
  5  JC+R2         2781.274     29  5620.548     5624.250     5742.772
WARNING: Number of threads seems too high for short alignments. Use -nt AUTO to determine best number of threads.
  6  JC+R3         2781.191     31  5624.381     5628.621     5755.034
WARNING: Number of threads seems too high for short alignments. Use -nt AUTO to determine best number of threads.
 14  F81+F         2756.501     30  5573.003     5576.968     5699.441
WARNING: Number of threads seems too high for short alignments. Use -nt AUTO to determine best number of threads.
 15  F81+F+I       2756.501     31  5575.003     5579.242     5705.655
WARNING: Number of threads seems too high for short alignments. Use -nt AUTO to determine best number of threads.
 16  F81+F+G4      2756.513     31  5575.025     5579.264     5705.678
WARNING: Number of threads seems too high for short alignments. Use -nt AUTO to determine best number of threads.
 17  F81+F+I+G4    2757.579     32  5579.158     5583.681     5714.026
WARNING: Number of threads seems too high for short alignments. Use -nt AUTO to determine best number of threads.
 18  F81+F+R2      2756.718     32  5577.436     5581.959     5712.304
WARNING: Number of threads seems too high for short alignments. Use -nt AUTO to determine best number of threads.
 19  F81+F+R3      2756.635     34  5581.271     5586.389     5724.568
WARNING: Number of threads seems too high for short alignments. Use -nt AUTO to determine best number of threads.
 27  K2P           2692.187     28  5440.375     5443.823     5558.384
WARNING: Number of threads seems too high for short alignments. Use -nt AUTO to determine best number of threads.
 28  K2P+I         2692.187     29  5442.375     5446.077     5564.598
WARNING: Number of threads seems too high for short alignments. Use -nt AUTO to determine best number of threads.
 29  K2P+G4        2692.195     29  5442.390     5446.093     5564.614
WARNING: Number of threads seems too high for short alignments. Use -nt AUTO to determine best number of threads.
 30  K2P+I+G4      2692.902     30  5445.804     5449.770     5572.243
WARNING: Number of threads seems too high for short alignments. Use -nt AUTO to determine best number of threads.
 31  K2P+R2        2692.310     30  5444.620     5448.585     5571.058
WARNING: Number of threads seems too high for short alignments. Use -nt AUTO to determine best number of threads.
 32  K2P+R3        2692.257     32  5448.514     5453.037     5583.382
WARNING: Number of threads seems too high for short alignments. Use -nt AUTO to determine best number of threads.
 40  HKY+F         2657.997     31  5377.994     5382.233     5508.646
WARNING: Number of threads seems too high for short alignments. Use -nt AUTO to determine best number of threads.
 41  HKY+F+I       2657.997     32  5379.994     5384.516     5514.861
WARNING: Number of threads seems too high for short alignments. Use -nt AUTO to determine best number of threads.
 42  HKY+F+G4      2658.007     32  5380.014     5384.537     5514.882
WARNING: Number of threads seems too high for short alignments. Use -nt AUTO to determine best number of threads.
 43  HKY+F+I+G4    2658.951     33  5383.902     5388.718     5522.985
WARNING: Number of threads seems too high for short alignments. Use -nt AUTO to determine best number of threads.
 44  HKY+F+R2      2658.116     33  5382.232     5387.047     5521.314
WARNING: Number of threads seems too high for short alignments. Use -nt AUTO to determine best number of threads.
 45  HKY+F+R3      2658.060     35  5386.119     5391.550     5533.631
WARNING: Number of threads seems too high for short alignments. Use -nt AUTO to determine best number of threads.
 53  TNe           2691.408     29  5440.815     5444.517     5563.039
WARNING: Number of threads seems too high for short alignments. Use -nt AUTO to determine best number of threads.
 54  TNe+I         2691.408     30  5442.815     5446.781     5569.254
WARNING: Number of threads seems too high for short alignments. Use -nt AUTO to determine best number of threads.
 55  TNe+G4        2691.415     30  5442.830     5446.796     5569.269
WARNING: Number of threads seems too high for short alignments. Use -nt AUTO to determine best number of threads.
 56  TNe+I+G4      2692.015     31  5446.031     5450.270     5576.684
WARNING: Number of threads seems too high for short alignments. Use -nt AUTO to determine best number of threads.
 57  TNe+R2        2691.478     31  5444.956     5449.195     5575.609
WARNING: Number of threads seems too high for short alignments. Use -nt AUTO to determine best number of threads.
 58  TNe+R3        2691.442     33  5448.883     5453.699     5587.965
WARNING: Number of threads seems too high for short alignments. Use -nt AUTO to determine best number of threads.
 66  TN+F          2657.744     32  5379.489     5384.011     5514.356
WARNING: Number of threads seems too high for short alignments. Use -nt AUTO to determine best number of threads.
 67  TN+F+I        2657.744     33  5381.489     5386.304     5520.571
WARNING: Number of threads seems too high for short alignments. Use -nt AUTO to determine best number of threads.
 68  TN+F+G4       2657.754     33  5381.509     5386.324     5520.591
WARNING: Number of threads seems too high for short alignments. Use -nt AUTO to determine best number of threads.
 69  TN+F+I+G4     2658.581     34  5385.163     5390.281     5528.459
WARNING: Number of threads seems too high for short alignments. Use -nt AUTO to determine best number of threads.
 70  TN+F+R2       2657.816     34  5383.631     5388.749     5526.928
WARNING: Number of threads seems too high for short alignments. Use -nt AUTO to determine best number of threads.
 71  TN+F+R3       2657.776     36  5387.551     5393.305     5539.277
WARNING: Number of threads seems too high for short alignments. Use -nt AUTO to determine best number of threads.
 79  K3P           2691.968     29  5441.935     5445.637     5564.159
WARNING: Number of threads seems too high for short alignments. Use -nt AUTO to determine best number of threads.
 80  K3P+I         2691.968     30  5443.935     5447.901     5570.373
WARNING: Number of threads seems too high for short alignments. Use -nt AUTO to determine best number of threads.
 81  K3P+G4        2691.976     30  5443.951     5447.917     5570.389
WARNING: Number of threads seems too high for short alignments. Use -nt AUTO to determine best number of threads.
 82  K3P+I+G4      2692.508     31  5447.017     5451.256     5577.670
WARNING: Number of threads seems too high for short alignments. Use -nt AUTO to determine best number of threads.
 83  K3P+R2        2692.013     31  5446.026     5450.265     5576.678
WARNING: Number of threads seems too high for short alignments. Use -nt AUTO to determine best number of threads.
 84  K3P+R3        2691.986     33  5449.971     5454.787     5589.053
WARNING: Number of threads seems too high for short alignments. Use -nt AUTO to determine best number of threads.
 92  K3Pu+F        2656.889     32  5377.777     5382.300     5512.645
WARNING: Number of threads seems too high for short alignments. Use -nt AUTO to determine best number of threads.
 93  K3Pu+F+I      2656.889     33  5379.777     5384.593     5518.859
WARNING: Number of threads seems too high for short alignments. Use -nt AUTO to determine best number of threads.
 94  K3Pu+F+G4     2656.899     33  5379.798     5384.613     5518.880
WARNING: Number of threads seems too high for short alignments. Use -nt AUTO to determine best number of threads.
 95  K3Pu+F+I+G4   2657.640     34  5383.280     5388.398     5526.577
WARNING: Number of threads seems too high for short alignments. Use -nt AUTO to determine best number of threads.
 96  K3Pu+F+R2     2656.933     34  5381.866     5386.985     5525.163
WARNING: Number of threads seems too high for short alignments. Use -nt AUTO to determine best number of threads.
 97  K3Pu+F+R3     2656.904     36  5385.809     5391.563     5537.535
WARNING: Number of threads seems too high for short alignments. Use -nt AUTO to determine best number of threads.
105  TPM2+F        2657.935     32  5379.870     5384.393     5514.738
WARNING: Number of threads seems too high for short alignments. Use -nt AUTO to determine best number of threads.
106  TPM2+F+I      2657.935     33  5381.870     5386.686     5520.952
WARNING: Number of threads seems too high for short alignments. Use -nt AUTO to determine best number of threads.
107  TPM2+F+G4     2657.945     33  5381.891     5386.706     5520.973
WARNING: Number of threads seems too high for short alignments. Use -nt AUTO to determine best number of threads.
108  TPM2+F+I+G4   2658.642     34  5385.283     5390.402     5528.580
WARNING: Number of threads seems too high for short alignments. Use -nt AUTO to determine best number of threads.
109  TPM2+F+R2     2657.969     34  5383.937     5389.056     5527.234
WARNING: Number of threads seems too high for short alignments. Use -nt AUTO to determine best number of threads.
110  TPM2+F+R3     2657.946     36  5387.891     5393.645     5539.617
WARNING: Number of threads seems too high for short alignments. Use -nt AUTO to determine best number of threads.
118  TPM2u+F       2657.935     32  5379.870     5384.393     5514.738
WARNING: Number of threads seems too high for short alignments. Use -nt AUTO to determine best number of threads.
119  TPM2u+F+I     2657.935     33  5381.870     5386.686     5520.952
WARNING: Number of threads seems too high for short alignments. Use -nt AUTO to determine best number of threads.
120  TPM2u+F+G4    2657.945     33  5381.891     5386.706     5520.973
WARNING: Number of threads seems too high for short alignments. Use -nt AUTO to determine best number of threads.
121  TPM2u+F+I+G4  2658.601     34  5385.201     5390.320     5528.498
WARNING: Number of threads seems too high for short alignments. Use -nt AUTO to determine best number of threads.
122  TPM2u+F+R2    2657.961     34  5383.921     5389.039     5527.218
WARNING: Number of threads seems too high for short alignments. Use -nt AUTO to determine best number of threads.
123  TPM2u+F+R3    2657.942     36  5387.884     5393.638     5539.610
WARNING: Number of threads seems too high for short alignments. Use -nt AUTO to determine best number of threads.
131  TPM3+F        2657.991     32  5379.983     5384.505     5514.850
WARNING: Number of threads seems too high for short alignments. Use -nt AUTO to determine best number of threads.
132  TPM3+F+I      2657.991     33  5381.983     5386.798     5521.065
WARNING: Number of threads seems too high for short alignments. Use -nt AUTO to determine best number of threads.
133  TPM3+F+G4     2658.002     33  5382.003     5386.819     5521.085
WARNING: Number of threads seems too high for short alignments. Use -nt AUTO to determine best number of threads.
134  TPM3+F+I+G4   2658.620     34  5385.239     5390.357     5528.536
WARNING: Number of threads seems too high for short alignments. Use -nt AUTO to determine best number of threads.
135  TPM3+F+R2     2658.011     34  5384.021     5389.139     5527.318
WARNING: Number of threads seems too high for short alignments. Use -nt AUTO to determine best number of threads.
136  TPM3+F+R3     2657.996     36  5387.992     5393.745     5539.718
WARNING: Number of threads seems too high for short alignments. Use -nt AUTO to determine best number of threads.
144  TPM3u+F       2657.991     32  5379.983     5384.505     5514.850
WARNING: Number of threads seems too high for short alignments. Use -nt AUTO to determine best number of threads.
145  TPM3u+F+I     2657.991     33  5381.983     5386.798     5521.065
WARNING: Number of threads seems too high for short alignments. Use -nt AUTO to determine best number of threads.
146  TPM3u+F+G4    2658.002     33  5382.003     5386.819     5521.085
WARNING: Number of threads seems too high for short alignments. Use -nt AUTO to determine best number of threads.
147  TPM3u+F+I+G4  2658.586     34  5385.171     5390.289     5528.468
WARNING: Number of threads seems too high for short alignments. Use -nt AUTO to determine best number of threads.
148  TPM3u+F+R2    2658.006     34  5384.012     5389.130     5527.309
WARNING: Number of threads seems too high for short alignments. Use -nt AUTO to determine best number of threads.
149  TPM3u+F+R3    2657.994     36  5387.988     5393.742     5539.714
WARNING: Number of threads seems too high for short alignments. Use -nt AUTO to determine best number of threads.
157  TIMe          2691.187     30  5442.375     5446.341     5568.813
WARNING: Number of threads seems too high for short alignments. Use -nt AUTO to determine best number of threads.
158  TIMe+I        2691.187     31  5444.375     5448.614     5575.028
WARNING: Number of threads seems too high for short alignments. Use -nt AUTO to determine best number of threads.
159  TIMe+G4       2691.195     31  5444.390     5448.629     5575.043
WARNING: Number of threads seems too high for short alignments. Use -nt AUTO to determine best number of threads.
160  TIMe+I+G4     2691.549     32  5447.098     5451.621     5581.966
WARNING: Number of threads seems too high for short alignments. Use -nt AUTO to determine best number of threads.
161  TIMe+R2       2691.196     32  5446.392     5450.915     5581.260
WARNING: Number of threads seems too high for short alignments. Use -nt AUTO to determine best number of threads.
162  TIMe+R3       2691.189     34  5450.378     5455.496     5593.675
WARNING: Number of threads seems too high for short alignments. Use -nt AUTO to determine best number of threads.
170  TIM+F         2656.635     33  5379.271     5384.086     5518.353
WARNING: Number of threads seems too high for short alignments. Use -nt AUTO to determine best number of threads.
171  TIM+F+I       2656.635     34  5381.271     5386.389     5524.567
WARNING: Number of threads seems too high for short alignments. Use -nt AUTO to determine best number of threads.
172  TIM+F+G4      2656.645     34  5381.290     5386.409     5524.587
WARNING: Number of threads seems too high for short alignments. Use -nt AUTO to determine best number of threads.
173  TIM+F+I+G4    2657.172     35  5384.343     5389.774     5531.855
WARNING: Number of threads seems too high for short alignments. Use -nt AUTO to determine best number of threads.
174  TIM+F+R2      2656.644     35  5383.288     5388.719     5530.800
WARNING: Number of threads seems too high for short alignments. Use -nt AUTO to determine best number of threads.
175  TIM+F+R3      2656.637     37  5387.273     5393.360     5543.214
WARNING: Number of threads seems too high for short alignments. Use -nt AUTO to determine best number of threads.
183  TIM2e         2690.705     30  5441.411     5445.377     5567.849
WARNING: Number of threads seems too high for short alignments. Use -nt AUTO to determine best number of threads.
184  TIM2e+I       2690.705     31  5443.411     5447.650     5574.063
WARNING: Number of threads seems too high for short alignments. Use -nt AUTO to determine best number of threads.
185  TIM2e+G4      2690.712     31  5443.424     5447.663     5574.077
WARNING: Number of threads seems too high for short alignments. Use -nt AUTO to determine best number of threads.
186  TIM2e+I+G4    2690.984     32  5445.969     5450.491     5580.836
WARNING: Number of threads seems too high for short alignments. Use -nt AUTO to determine best number of threads.
187  TIM2e+R2      2690.710     32  5445.420     5449.943     5580.288
WARNING: Number of threads seems too high for short alignments. Use -nt AUTO to determine best number of threads.
188  TIM2e+R3      2690.705     34  5449.410     5454.529     5592.707
WARNING: Number of threads seems too high for short alignments. Use -nt AUTO to determine best number of threads.
196  TIM2+F        2657.682     33  5381.365     5386.180     5520.447
WARNING: Number of threads seems too high for short alignments. Use -nt AUTO to determine best number of threads.
197  TIM2+F+I      2657.682     34  5383.364     5388.483     5526.661
WARNING: Number of threads seems too high for short alignments. Use -nt AUTO to determine best number of threads.
198  TIM2+F+G4     2657.692     34  5383.384     5388.502     5526.681
WARNING: Number of threads seems too high for short alignments. Use -nt AUTO to determine best number of threads.
199  TIM2+F+I+G4   2658.176     35  5386.352     5391.783     5533.864
WARNING: Number of threads seems too high for short alignments. Use -nt AUTO to determine best number of threads.
200  TIM2+F+R2     2657.688     35  5385.376     5390.807     5532.887
WARNING: Number of threads seems too high for short alignments. Use -nt AUTO to determine best number of threads.
201  TIM2+F+R3     2657.683     37  5389.366     5395.452     5545.306
WARNING: Number of threads seems too high for short alignments. Use -nt AUTO to determine best number of threads.
209  TIM3e         2690.183     30  5440.366     5444.332     5566.804
WARNING: Number of threads seems too high for short alignments. Use -nt AUTO to determine best number of threads.
210  TIM3e+I       2690.183     31  5442.366     5446.605     5573.018
WARNING: Number of threads seems too high for short alignments. Use -nt AUTO to determine best number of threads.
211  TIM3e+G4      2690.189     31  5442.378     5446.617     5573.031
WARNING: Number of threads seems too high for short alignments. Use -nt AUTO to determine best number of threads.
212  TIM3e+I+G4    2690.431     32  5444.862     5449.385     5579.730
WARNING: Number of threads seems too high for short alignments. Use -nt AUTO to determine best number of threads.
213  TIM3e+R2      2690.186     32  5444.371     5448.893     5579.238
WARNING: Number of threads seems too high for short alignments. Use -nt AUTO to determine best number of threads.
214  TIM3e+R3      2690.183     34  5448.366     5453.484     5591.662
WARNING: Number of threads seems too high for short alignments. Use -nt AUTO to determine best number of threads.
222  TIM3+F        2657.739     33  5381.479     5386.294     5520.561
WARNING: Number of threads seems too high for short alignments. Use -nt AUTO to determine best number of threads.
223  TIM3+F+I      2657.739     34  5383.479     5388.597     5526.776
WARNING: Number of threads seems too high for short alignments. Use -nt AUTO to determine best number of threads.
224  TIM3+F+G4     2657.749     34  5383.499     5388.617     5526.795
WARNING: Number of threads seems too high for short alignments. Use -nt AUTO to determine best number of threads.
225  TIM3+F+I+G4   2658.197     35  5386.394     5391.825     5533.905
WARNING: Number of threads seems too high for short alignments. Use -nt AUTO to determine best number of threads.
226  TIM3+F+R2     2657.743     35  5385.485     5390.916     5532.997
WARNING: Number of threads seems too high for short alignments. Use -nt AUTO to determine best number of threads.
227  TIM3+F+R3     2657.740     37  5389.480     5395.566     5545.420
WARNING: Number of threads seems too high for short alignments. Use -nt AUTO to determine best number of threads.
235  TVMe          2689.331     31  5440.663     5444.902     5571.316
WARNING: Number of threads seems too high for short alignments. Use -nt AUTO to determine best number of threads.
236  TVMe+I        2689.331     32  5442.663     5447.185     5577.530
WARNING: Number of threads seems too high for short alignments. Use -nt AUTO to determine best number of threads.
237  TVMe+G4       2689.337     32  5442.674     5447.197     5577.542
WARNING: Number of threads seems too high for short alignments. Use -nt AUTO to determine best number of threads.
238  TVMe+I+G4     2689.506     33  5445.012     5449.827     5584.094
WARNING: Number of threads seems too high for short alignments. Use -nt AUTO to determine best number of threads.
239  TVMe+R2       2689.333     33  5444.666     5449.482     5583.748
WARNING: Number of threads seems too high for short alignments. Use -nt AUTO to determine best number of threads.
240  TVMe+R3       2689.332     35  5448.663     5454.094     5596.175
WARNING: Number of threads seems too high for short alignments. Use -nt AUTO to determine best number of threads.
248  TVM+F         2656.719     34  5381.437     5386.555     5524.734
WARNING: Number of threads seems too high for short alignments. Use -nt AUTO to determine best number of threads.
249  TVM+F+I       2656.719     35  5383.437     5388.868     5530.948
WARNING: Number of threads seems too high for short alignments. Use -nt AUTO to determine best number of threads.
250  TVM+F+G4      2656.729     35  5383.457     5388.889     5530.969
WARNING: Number of threads seems too high for short alignments. Use -nt AUTO to determine best number of threads.
251  TVM+F+I+G4    2657.145     36  5386.291     5392.045     5538.017
WARNING: Number of threads seems too high for short alignments. Use -nt AUTO to determine best number of threads.
252  TVM+F+R2      2656.721     36  5385.442     5391.195     5537.167
WARNING: Number of threads seems too high for short alignments. Use -nt AUTO to determine best number of threads.
253  TVM+F+R3      2656.719     38  5389.438     5395.867     5549.593
WARNING: Number of threads seems too high for short alignments. Use -nt AUTO to determine best number of threads.
261  SYM           2688.566     32  5441.133     5445.655     5576.000
WARNING: Number of threads seems too high for short alignments. Use -nt AUTO to determine best number of threads.
262  SYM+I         2688.566     33  5443.133     5447.948     5582.215
WARNING: Number of threads seems too high for short alignments. Use -nt AUTO to determine best number of threads.
263  SYM+G4        2688.571     33  5443.143     5447.958     5582.225
WARNING: Number of threads seems too high for short alignments. Use -nt AUTO to determine best number of threads.
264  SYM+I+G4      2688.719     34  5445.439     5450.557     5588.735
WARNING: Number of threads seems too high for short alignments. Use -nt AUTO to determine best number of threads.
265  SYM+R2        2688.567     34  5445.134     5450.252     5588.431
WARNING: Number of threads seems too high for short alignments. Use -nt AUTO to determine best number of threads.
266  SYM+R3        2688.566     36  5449.132     5454.886     5600.858
WARNING: Number of threads seems too high for short alignments. Use -nt AUTO to determine best number of threads.
274  GTR+F         2656.467     35  5382.934     5388.365     5530.445
WARNING: Number of threads seems too high for short alignments. Use -nt AUTO to determine best number of threads.
275  GTR+F+I       2656.467     36  5384.934     5390.688     5536.660
WARNING: Number of threads seems too high for short alignments. Use -nt AUTO to determine best number of threads.
276  GTR+F+G4      2656.477     36  5384.954     5390.708     5536.680
WARNING: Number of threads seems too high for short alignments. Use -nt AUTO to determine best number of threads.
277  GTR+F+I+G4    2656.861     37  5387.723     5393.809     5543.663
WARNING: Number of threads seems too high for short alignments. Use -nt AUTO to determine best number of threads.
278  GTR+F+R2      2656.468     37  5386.937     5393.023     5542.877
WARNING: Number of threads seems too high for short alignments. Use -nt AUTO to determine best number of threads.
279  GTR+F+R3      2656.467     39  5390.935     5397.717     5555.305
Akaike Information Criterion:           K3Pu+F
Corrected Akaike Information Criterion: HKY+F
Bayesian Information Criterion:         HKY+F
Best-fit model: HKY+F chosen according to BIC

All model information printed to examples/15taxon_300genes_4cores_nophylonet//aln_seqs/1_seqgen271.nex.aln.model.gz
CPU time for ModelFinder: 4.631 seconds (0h:0m:4s)
Wall-clock time for ModelFinder: 108.776 seconds (0h:1m:48s)
Generating 1000 samples for ultrafast bootstrap (seed: 664507)...

NOTE: 0 MB RAM (0 GB) is required!
WARNING: Number of threads seems too high for short alignments. Use -nt AUTO to determine best number of threads.
Estimate model parameters (epsilon = 0.100)
1. Initial log-likelihood: -2756.619
2. Current log-likelihood: -2746.259
3. Current log-likelihood: -2722.154
4. Current log-likelihood: -2690.668
5. Current log-likelihood: -2658.100
6. Current log-likelihood: -2657.997
Optimal log-likelihood: -2657.997
Rate parameters:  A-C: 1.00000  A-G: 4.32474  A-T: 1.00000  C-G: 1.00000  C-T: 4.32474  G-T: 1.00000
Base frequencies:  A: 0.337  C: 0.181  G: 0.188  T: 0.295
Parameters optimization took 6 rounds (1.327 sec)
Computing ML distances based on estimated model parameters... 0.001 sec
Computing BIONJ tree...
0.102 seconds
Log-likelihood of BIONJ tree: -2657.997
--------------------------------------------------------------------
|             INITIALIZING CANDIDATE TREE SET                      |
--------------------------------------------------------------------
Generating 99 parsimony trees... 3.175 second
Computing log-likelihood of 99 initial trees ... 48.774 seconds
Current best score: -2657.997

Do NNI search on 20 best initial trees
Estimate model parameters (epsilon = 0.100)
BETTER TREE FOUND at iteration 1: -2657.997
Iteration 10 / LogL: -2657.999 / Time: 0h:1m:18s
Iteration 20 / LogL: -2658.004 / Time: 0h:1m:47s
Finish initializing candidate tree set (1)
Current best tree score: -2657.997 / CPU time: 105.503
Number of iterations: 20
--------------------------------------------------------------------
|               OPTIMIZING CANDIDATE TREE SET                      |
--------------------------------------------------------------------
Iteration 30 / LogL: -2658.002 / Time: 0h:2m:15s (0h:5m:31s left)
Iteration 40 / LogL: -2658.011 / Time: 0h:2m:49s (0h:4m:24s left)
Iteration 50 / LogL: -2657.998 / Time: 0h:3m:24s (0h:3m:32s left)
Log-likelihood cutoff on original alignment: -2690.663
Iteration 60 / LogL: -2658.053 / Time: 0h:4m:4s (0h:2m:49s left)
Iteration 70 / LogL: -2657.997 / Time: 0h:4m:33s (0h:2m:2s left)
Iteration 80 / LogL: -2657.997 / Time: 0h:4m:56s (0h:1m:18s left)
Iteration 90 / LogL: -2658.001 / Time: 0h:5m:12s (0h:0m:38s left)
Iteration 100 / LogL: -2658.022 / Time: 0h:5m:23s (0h:0m:3s left)
Log-likelihood cutoff on original alignment: -2690.314
NOTE: Bootstrap correlation coefficient of split occurrence frequencies: 1.000
TREE SEARCH COMPLETED AFTER 102 ITERATIONS / Time: 0h:5m:25s

--------------------------------------------------------------------
|                    FINALIZING TREE SEARCH                        |
--------------------------------------------------------------------
Performs final model parameters optimization
Estimate model parameters (epsilon = 0.010)
1. Initial log-likelihood: -2657.997
Optimal log-likelihood: -2657.997
Rate parameters:  A-C: 1.00000  A-G: 4.32474  A-T: 1.00000  C-G: 1.00000  C-T: 4.32474  G-T: 1.00000
Base frequencies:  A: 0.337  C: 0.181  G: 0.188  T: 0.295
Parameters optimization took 1 rounds (0.037 sec)
BEST SCORE FOUND : -2657.997
Creating bootstrap support values...
Split supports printed to NEXUS file examples/15taxon_300genes_4cores_nophylonet//aln_seqs/1_seqgen271.nex.aln.splits.nex
Total tree length: 0.863

Total number of iterations: 102
CPU time used for tree search: 13.326 sec (0h:0m:13s)
Wall-clock time used for tree search: 322.864 sec (0h:5m:22s)
Total CPU time used: 13.503 sec (0h:0m:13s)
Total wall-clock time used: 325.971 sec (0h:5m:25s)

Computing bootstrap consensus tree...
Reading input file examples/15taxon_300genes_4cores_nophylonet//aln_seqs/1_seqgen271.nex.aln.splits.nex...
15 taxa and 59 splits.
Consensus tree written to examples/15taxon_300genes_4cores_nophylonet//aln_seqs/1_seqgen271.nex.aln.contree
Reading input trees file examples/15taxon_300genes_4cores_nophylonet//aln_seqs/1_seqgen271.nex.aln.contree
Log-likelihood of consensus tree: -2657.997

Analysis results written to: 
  IQ-TREE report:                examples/15taxon_300genes_4cores_nophylonet//aln_seqs/1_seqgen271.nex.aln.iqtree
  Maximum-likelihood tree:       examples/15taxon_300genes_4cores_nophylonet//aln_seqs/1_seqgen271.nex.aln.treefile
  Likelihood distances:          examples/15taxon_300genes_4cores_nophylonet//aln_seqs/1_seqgen271.nex.aln.mldist

Ultrafast bootstrap approximation results written to:
  Split support values:          examples/15taxon_300genes_4cores_nophylonet//aln_seqs/1_seqgen271.nex.aln.splits.nex
  Consensus tree:                examples/15taxon_300genes_4cores_nophylonet//aln_seqs/1_seqgen271.nex.aln.contree
  Screen log file:               examples/15taxon_300genes_4cores_nophylonet//aln_seqs/1_seqgen271.nex.aln.log

Date and Time: Sun Feb 24 20:07:07 2019
