IQ-TREE multicore version 1.6.8 for Linux 64-bit built Oct 28 2018
Developed by Bui Quang Minh, Nguyen Lam Tung, Olga Chernomor,
Heiko Schmidt, Dominik Schrempf, Michael Woodhams.

Host:    sango10511.oist.jp (AVX2, FMA3, 125 GB RAM)
Command: iqtree -s examples/15taxon_300genes_4cores_nophylonet//aln_seqs/1_seqgen235.nex.aln -bb 1000 -redo -nt 3 -m MFP
Seed:    550264 (Using SPRNG - Scalable Parallel Random Number Generator)
Time:    Sun Feb 24 19:59:35 2019
Kernel:  AVX+FMA - 3 threads (24 CPU cores detected)

Reading alignment file examples/15taxon_300genes_4cores_nophylonet//aln_seqs/1_seqgen235.nex.aln ... Fasta format detected
Alignment most likely contains DNA/RNA sequences
Alignment has 15 sequences with 500 columns, 189 distinct patterns
118 parsimony-informative, 126 singleton sites, 256 constant sites
    Gap/Ambiguity  Composition  p-value
   1  A4    0.00%    passed     96.66%
   2  G     0.00%    passed     92.70%
   3  H     0.00%    passed     92.32%
   4  I     0.00%    passed     97.87%
   5  A2    0.00%    passed     98.13%
   6  A3    0.00%    passed     97.07%
   7  A0    0.00%    passed     96.83%
   8  A1    0.00%    passed     93.26%
   9  B     0.00%    passed     99.31%
  10  C     0.00%    passed     82.35%
  11  F     0.00%    passed     94.42%
  12  D     0.00%    passed     88.37%
  13  E     0.00%    passed     80.50%
  14  A     0.00%    passed     79.08%
  15  A5    0.00%    passed     82.52%
****  TOTAL    0.00%  0 sequences failed composition chi2 test (p-value<5%; df=3)


Create initial parsimony tree by phylogenetic likelihood library (PLL)... 0.000 seconds
NOTE: ModelFinder requires 1 MB RAM!
ModelFinder will test 286 DNA models (sample size: 500) ...
 No. Model         -LnL         df  AIC          AICc         BIC
WARNING: Number of threads seems too high for short alignments. Use -nt AUTO to determine best number of threads.
  1  JC            2546.330     27  5146.659     5149.862     5260.454
WARNING: Number of threads seems too high for short alignments. Use -nt AUTO to determine best number of threads.
  2  JC+I          2544.959     28  5145.917     5149.365     5263.926
WARNING: Number of threads seems too high for short alignments. Use -nt AUTO to determine best number of threads.
  3  JC+G4         2545.793     28  5147.586     5151.034     5265.595
WARNING: Number of threads seems too high for short alignments. Use -nt AUTO to determine best number of threads.
  4  JC+I+G4       2545.444     29  5148.887     5152.589     5271.111
WARNING: Number of threads seems too high for short alignments. Use -nt AUTO to determine best number of threads.
  5  JC+R2         2545.768     29  5149.537     5153.239     5271.760
WARNING: Number of threads seems too high for short alignments. Use -nt AUTO to determine best number of threads.
  6  JC+R3         2545.512     31  5153.025     5157.264     5283.678
WARNING: Number of threads seems too high for short alignments. Use -nt AUTO to determine best number of threads.
 14  F81+F         2532.465     30  5124.931     5128.897     5251.369
WARNING: Number of threads seems too high for short alignments. Use -nt AUTO to determine best number of threads.
 15  F81+F+I       2531.320     31  5124.640     5128.880     5255.293
WARNING: Number of threads seems too high for short alignments. Use -nt AUTO to determine best number of threads.
 16  F81+F+G4      2532.032     31  5126.064     5130.303     5256.716
WARNING: Number of threads seems too high for short alignments. Use -nt AUTO to determine best number of threads.
 17  F81+F+I+G4    2531.865     32  5127.730     5132.253     5262.598
WARNING: Number of threads seems too high for short alignments. Use -nt AUTO to determine best number of threads.
 18  F81+F+R2      2532.038     32  5128.075     5132.598     5262.942
WARNING: Number of threads seems too high for short alignments. Use -nt AUTO to determine best number of threads.
 19  F81+F+R3      2531.801     34  5131.603     5136.721     5274.899
WARNING: Number of threads seems too high for short alignments. Use -nt AUTO to determine best number of threads.
 27  K2P           2496.818     28  5049.637     5053.085     5167.646
WARNING: Number of threads seems too high for short alignments. Use -nt AUTO to determine best number of threads.
 28  K2P+I         2495.240     29  5048.479     5052.182     5170.703
WARNING: Number of threads seems too high for short alignments. Use -nt AUTO to determine best number of threads.
 29  K2P+G4        2496.088     29  5050.176     5053.878     5172.399
WARNING: Number of threads seems too high for short alignments. Use -nt AUTO to determine best number of threads.
 30  K2P+I+G4      2495.495     30  5050.991     5054.957     5177.429
WARNING: Number of threads seems too high for short alignments. Use -nt AUTO to determine best number of threads.
 31  K2P+R2        2495.940     30  5051.879     5055.845     5178.318
WARNING: Number of threads seems too high for short alignments. Use -nt AUTO to determine best number of threads.
 32  K2P+R3        2495.716     32  5055.432     5059.955     5190.300
WARNING: Number of threads seems too high for short alignments. Use -nt AUTO to determine best number of threads.
 40  HKY+F         2478.201     31  5018.401     5022.640     5149.054
WARNING: Number of threads seems too high for short alignments. Use -nt AUTO to determine best number of threads.
 41  HKY+F+I       2476.926     32  5017.853     5022.375     5152.720
WARNING: Number of threads seems too high for short alignments. Use -nt AUTO to determine best number of threads.
 42  HKY+F+G4      2477.572     32  5019.143     5023.666     5154.011
WARNING: Number of threads seems too high for short alignments. Use -nt AUTO to determine best number of threads.
 43  HKY+F+I+G4    2477.296     33  5020.591     5025.407     5159.673
WARNING: Number of threads seems too high for short alignments. Use -nt AUTO to determine best number of threads.
 44  HKY+F+R2      2477.487     33  5020.975     5025.790     5160.057
WARNING: Number of threads seems too high for short alignments. Use -nt AUTO to determine best number of threads.
 45  HKY+F+R3      2477.296     35  5024.591     5030.022     5172.103
WARNING: Number of threads seems too high for short alignments. Use -nt AUTO to determine best number of threads.
 53  TNe           2496.436     29  5050.871     5054.573     5173.095
WARNING: Number of threads seems too high for short alignments. Use -nt AUTO to determine best number of threads.
 54  TNe+I         2494.838     30  5049.676     5053.642     5176.114
WARNING: Number of threads seems too high for short alignments. Use -nt AUTO to determine best number of threads.
 55  TNe+G4        2495.712     30  5051.424     5055.390     5177.863
WARNING: Number of threads seems too high for short alignments. Use -nt AUTO to determine best number of threads.
 56  TNe+I+G4      2495.012     31  5052.024     5056.263     5182.677
WARNING: Number of threads seems too high for short alignments. Use -nt AUTO to determine best number of threads.
 57  TNe+R2        2495.554     31  5053.108     5057.348     5183.761
WARNING: Number of threads seems too high for short alignments. Use -nt AUTO to determine best number of threads.
 58  TNe+R3        2495.301     33  5056.603     5061.418     5195.685
WARNING: Number of threads seems too high for short alignments. Use -nt AUTO to determine best number of threads.
 66  TN+F          2477.396     32  5018.791     5023.314     5153.659
WARNING: Number of threads seems too high for short alignments. Use -nt AUTO to determine best number of threads.
 67  TN+F+I        2476.154     33  5018.308     5023.123     5157.390
WARNING: Number of threads seems too high for short alignments. Use -nt AUTO to determine best number of threads.
 68  TN+F+G4       2476.792     33  5019.584     5024.399     5158.666
WARNING: Number of threads seems too high for short alignments. Use -nt AUTO to determine best number of threads.
 69  TN+F+I+G4     2476.454     34  5020.907     5026.025     5164.204
WARNING: Number of threads seems too high for short alignments. Use -nt AUTO to determine best number of threads.
 70  TN+F+R2       2476.702     34  5021.404     5026.523     5164.701
WARNING: Number of threads seems too high for short alignments. Use -nt AUTO to determine best number of threads.
 71  TN+F+R3       2476.504     36  5025.007     5030.761     5176.733
WARNING: Number of threads seems too high for short alignments. Use -nt AUTO to determine best number of threads.
 79  K3P           2496.772     29  5051.543     5055.245     5173.767
WARNING: Number of threads seems too high for short alignments. Use -nt AUTO to determine best number of threads.
 80  K3P+I         2495.196     30  5050.393     5054.359     5176.831
WARNING: Number of threads seems too high for short alignments. Use -nt AUTO to determine best number of threads.
 81  K3P+G4        2496.045     30  5052.090     5056.056     5178.529
WARNING: Number of threads seems too high for short alignments. Use -nt AUTO to determine best number of threads.
 82  K3P+I+G4      2495.323     31  5052.647     5056.886     5183.299
WARNING: Number of threads seems too high for short alignments. Use -nt AUTO to determine best number of threads.
 83  K3P+R2        2495.885     31  5053.770     5058.009     5184.423
WARNING: Number of threads seems too high for short alignments. Use -nt AUTO to determine best number of threads.
 84  K3P+R3        2495.619     33  5057.238     5062.054     5196.320
WARNING: Number of threads seems too high for short alignments. Use -nt AUTO to determine best number of threads.
 92  K3Pu+F        2478.158     32  5020.315     5024.838     5155.183
WARNING: Number of threads seems too high for short alignments. Use -nt AUTO to determine best number of threads.
 93  K3Pu+F+I      2476.883     33  5019.766     5024.581     5158.848
WARNING: Number of threads seems too high for short alignments. Use -nt AUTO to determine best number of threads.
 94  K3Pu+F+G4     2477.524     33  5021.048     5025.864     5160.130
WARNING: Number of threads seems too high for short alignments. Use -nt AUTO to determine best number of threads.
 95  K3Pu+F+I+G4   2477.104     34  5022.208     5027.326     5165.504
WARNING: Number of threads seems too high for short alignments. Use -nt AUTO to determine best number of threads.
 96  K3Pu+F+R2     2477.421     34  5022.843     5027.961     5166.139
WARNING: Number of threads seems too high for short alignments. Use -nt AUTO to determine best number of threads.
 97  K3Pu+F+R3     2477.215     36  5026.430     5032.184     5178.156
WARNING: Number of threads seems too high for short alignments. Use -nt AUTO to determine best number of threads.
105  TPM2+F        2478.129     32  5020.258     5024.781     5155.125
WARNING: Number of threads seems too high for short alignments. Use -nt AUTO to determine best number of threads.
106  TPM2+F+I      2476.880     33  5019.760     5024.575     5158.842
WARNING: Number of threads seems too high for short alignments. Use -nt AUTO to determine best number of threads.
107  TPM2+F+G4     2477.504     33  5021.009     5025.824     5160.091
WARNING: Number of threads seems too high for short alignments. Use -nt AUTO to determine best number of threads.
108  TPM2+F+I+G4   2477.081     34  5022.163     5027.281     5165.459
WARNING: Number of threads seems too high for short alignments. Use -nt AUTO to determine best number of threads.
109  TPM2+F+R2     2477.403     34  5022.805     5027.924     5166.102
WARNING: Number of threads seems too high for short alignments. Use -nt AUTO to determine best number of threads.
110  TPM2+F+R3     2477.200     36  5026.399     5032.153     5178.125
WARNING: Number of threads seems too high for short alignments. Use -nt AUTO to determine best number of threads.
118  TPM2u+F       2478.129     32  5020.258     5024.781     5155.125
WARNING: Number of threads seems too high for short alignments. Use -nt AUTO to determine best number of threads.
119  TPM2u+F+I     2476.880     33  5019.760     5024.575     5158.842
WARNING: Number of threads seems too high for short alignments. Use -nt AUTO to determine best number of threads.
120  TPM2u+F+G4    2477.504     33  5021.009     5025.824     5160.091
WARNING: Number of threads seems too high for short alignments. Use -nt AUTO to determine best number of threads.
121  TPM2u+F+I+G4  2477.056     34  5022.111     5027.230     5165.408
WARNING: Number of threads seems too high for short alignments. Use -nt AUTO to determine best number of threads.
122  TPM2u+F+R2    2477.400     34  5022.800     5027.919     5166.097
WARNING: Number of threads seems too high for short alignments. Use -nt AUTO to determine best number of threads.
123  TPM2u+F+R3    2477.195     36  5026.389     5032.143     5178.115
WARNING: Number of threads seems too high for short alignments. Use -nt AUTO to determine best number of threads.
131  TPM3+F        2478.108     32  5020.216     5024.738     5155.083
WARNING: Number of threads seems too high for short alignments. Use -nt AUTO to determine best number of threads.
132  TPM3+F+I      2476.856     33  5019.713     5024.528     5158.795
WARNING: Number of threads seems too high for short alignments. Use -nt AUTO to determine best number of threads.
133  TPM3+F+G4     2477.500     33  5021.000     5025.815     5160.082
WARNING: Number of threads seems too high for short alignments. Use -nt AUTO to determine best number of threads.
134  TPM3+F+I+G4   2477.008     34  5022.016     5027.134     5165.312
WARNING: Number of threads seems too high for short alignments. Use -nt AUTO to determine best number of threads.
135  TPM3+F+R2     2477.391     34  5022.782     5027.901     5166.079
WARNING: Number of threads seems too high for short alignments. Use -nt AUTO to determine best number of threads.
136  TPM3+F+R3     2477.176     36  5026.353     5032.107     5178.079
WARNING: Number of threads seems too high for short alignments. Use -nt AUTO to determine best number of threads.
144  TPM3u+F       2478.107     32  5020.215     5024.737     5155.082
WARNING: Number of threads seems too high for short alignments. Use -nt AUTO to determine best number of threads.
145  TPM3u+F+I     2476.856     33  5019.713     5024.528     5158.795
WARNING: Number of threads seems too high for short alignments. Use -nt AUTO to determine best number of threads.
146  TPM3u+F+G4    2477.500     33  5021.000     5025.815     5160.082
WARNING: Number of threads seems too high for short alignments. Use -nt AUTO to determine best number of threads.
147  TPM3u+F+I+G4  2476.989     34  5021.979     5027.097     5165.276
WARNING: Number of threads seems too high for short alignments. Use -nt AUTO to determine best number of threads.
148  TPM3u+F+R2    2477.390     34  5022.779     5027.898     5166.076
WARNING: Number of threads seems too high for short alignments. Use -nt AUTO to determine best number of threads.
149  TPM3u+F+R3    2477.172     36  5026.345     5032.099     5178.071
WARNING: Number of threads seems too high for short alignments. Use -nt AUTO to determine best number of threads.
157  TIMe          2496.389     30  5052.779     5056.744     5179.217
WARNING: Number of threads seems too high for short alignments. Use -nt AUTO to determine best number of threads.
158  TIMe+I        2494.795     31  5051.589     5055.829     5182.242
WARNING: Number of threads seems too high for short alignments. Use -nt AUTO to determine best number of threads.
159  TIMe+G4       2495.670     31  5053.340     5057.579     5183.993
WARNING: Number of threads seems too high for short alignments. Use -nt AUTO to determine best number of threads.
160  TIMe+I+G4     2494.834     32  5053.667     5058.190     5188.535
WARNING: Number of threads seems too high for short alignments. Use -nt AUTO to determine best number of threads.
161  TIMe+R2       2495.504     32  5055.009     5059.531     5189.876
WARNING: Number of threads seems too high for short alignments. Use -nt AUTO to determine best number of threads.
162  TIMe+R3       2495.197     34  5058.394     5063.512     5201.690
WARNING: Number of threads seems too high for short alignments. Use -nt AUTO to determine best number of threads.
170  TIM+F         2477.352     33  5020.704     5025.519     5159.786
WARNING: Number of threads seems too high for short alignments. Use -nt AUTO to determine best number of threads.
171  TIM+F+I       2476.110     34  5020.220     5025.339     5163.517
WARNING: Number of threads seems too high for short alignments. Use -nt AUTO to determine best number of threads.
172  TIM+F+G4      2476.744     34  5021.488     5026.606     5164.784
WARNING: Number of threads seems too high for short alignments. Use -nt AUTO to determine best number of threads.
173  TIM+F+I+G4    2476.226     35  5022.452     5027.883     5169.963
WARNING: Number of threads seems too high for short alignments. Use -nt AUTO to determine best number of threads.
174  TIM+F+R2      2476.635     35  5023.270     5028.701     5170.781
WARNING: Number of threads seems too high for short alignments. Use -nt AUTO to determine best number of threads.
175  TIM+F+R3      2476.416     37  5026.833     5032.919     5182.773
WARNING: Number of threads seems too high for short alignments. Use -nt AUTO to determine best number of threads.
183  TIM2e         2495.976     30  5051.952     5055.918     5178.390
WARNING: Number of threads seems too high for short alignments. Use -nt AUTO to determine best number of threads.
184  TIM2e+I       2494.201     31  5050.402     5054.641     5181.055
WARNING: Number of threads seems too high for short alignments. Use -nt AUTO to determine best number of threads.
185  TIM2e+G4      2495.169     31  5052.338     5056.578     5182.991
WARNING: Number of threads seems too high for short alignments. Use -nt AUTO to determine best number of threads.
186  TIM2e+I+G4    2494.213     32  5052.427     5056.949     5187.294
WARNING: Number of threads seems too high for short alignments. Use -nt AUTO to determine best number of threads.
187  TIM2e+R2      2494.982     32  5053.964     5058.487     5188.832
WARNING: Number of threads seems too high for short alignments. Use -nt AUTO to determine best number of threads.
188  TIM2e+R3      2494.627     34  5057.255     5062.373     5200.552
WARNING: Number of threads seems too high for short alignments. Use -nt AUTO to determine best number of threads.
196  TIM2+F        2477.325     33  5020.650     5025.465     5159.732
WARNING: Number of threads seems too high for short alignments. Use -nt AUTO to determine best number of threads.
197  TIM2+F+I      2476.107     34  5020.215     5025.333     5163.511
WARNING: Number of threads seems too high for short alignments. Use -nt AUTO to determine best number of threads.
198  TIM2+F+G4     2476.724     34  5021.448     5026.566     5164.744
WARNING: Number of threads seems too high for short alignments. Use -nt AUTO to determine best number of threads.
199  TIM2+F+I+G4   2476.213     35  5022.426     5027.857     5169.937
WARNING: Number of threads seems too high for short alignments. Use -nt AUTO to determine best number of threads.
200  TIM2+F+R2     2476.617     35  5023.235     5028.666     5170.746
WARNING: Number of threads seems too high for short alignments. Use -nt AUTO to determine best number of threads.
201  TIM2+F+R3     2476.402     37  5026.804     5032.891     5182.745
WARNING: Number of threads seems too high for short alignments. Use -nt AUTO to determine best number of threads.
209  TIM3e         2494.964     30  5049.929     5053.895     5176.367
WARNING: Number of threads seems too high for short alignments. Use -nt AUTO to determine best number of threads.
210  TIM3e+I       2493.320     31  5048.639     5052.878     5179.292
WARNING: Number of threads seems too high for short alignments. Use -nt AUTO to determine best number of threads.
211  TIM3e+G4      2494.202     31  5050.404     5054.644     5181.057
WARNING: Number of threads seems too high for short alignments. Use -nt AUTO to determine best number of threads.
212  TIM3e+I+G4    2493.337     32  5050.673     5055.196     5185.541
WARNING: Number of threads seems too high for short alignments. Use -nt AUTO to determine best number of threads.
213  TIM3e+R2      2494.020     32  5052.040     5056.562     5186.907
WARNING: Number of threads seems too high for short alignments. Use -nt AUTO to determine best number of threads.
214  TIM3e+R3      2493.688     34  5055.375     5060.493     5198.672
WARNING: Number of threads seems too high for short alignments. Use -nt AUTO to determine best number of threads.
222  TIM3+F        2477.302     33  5020.605     5025.420     5159.687
WARNING: Number of threads seems too high for short alignments. Use -nt AUTO to determine best number of threads.
223  TIM3+F+I      2476.081     34  5020.162     5025.281     5163.459
WARNING: Number of threads seems too high for short alignments. Use -nt AUTO to determine best number of threads.
224  TIM3+F+G4     2476.718     34  5021.435     5026.554     5164.732
WARNING: Number of threads seems too high for short alignments. Use -nt AUTO to determine best number of threads.
225  TIM3+F+I+G4   2476.168     35  5022.336     5027.767     5169.847
WARNING: Number of threads seems too high for short alignments. Use -nt AUTO to determine best number of threads.
226  TIM3+F+R2     2476.607     35  5023.214     5028.645     5170.725
WARNING: Number of threads seems too high for short alignments. Use -nt AUTO to determine best number of threads.
227  TIM3+F+R3     2476.380     37  5026.760     5032.846     5182.700
WARNING: Number of threads seems too high for short alignments. Use -nt AUTO to determine best number of threads.
235  TVMe          2494.858     31  5051.716     5055.955     5182.368
WARNING: Number of threads seems too high for short alignments. Use -nt AUTO to determine best number of threads.
236  TVMe+I        2493.051     32  5050.102     5054.625     5184.969
WARNING: Number of threads seems too high for short alignments. Use -nt AUTO to determine best number of threads.
237  TVMe+G4       2493.997     32  5051.994     5056.516     5186.861
WARNING: Number of threads seems too high for short alignments. Use -nt AUTO to determine best number of threads.
238  TVMe+I+G4     2493.056     33  5052.113     5056.928     5191.195
WARNING: Number of threads seems too high for short alignments. Use -nt AUTO to determine best number of threads.
239  TVMe+R2       2493.795     33  5053.591     5058.406     5192.673
WARNING: Number of threads seems too high for short alignments. Use -nt AUTO to determine best number of threads.
240  TVMe+R3       2493.427     35  5056.854     5062.285     5204.365
WARNING: Number of threads seems too high for short alignments. Use -nt AUTO to determine best number of threads.
248  TVM+F         2477.988     34  5023.976     5029.094     5167.273
WARNING: Number of threads seems too high for short alignments. Use -nt AUTO to determine best number of threads.
249  TVM+F+I       2476.762     35  5023.524     5028.955     5171.035
WARNING: Number of threads seems too high for short alignments. Use -nt AUTO to determine best number of threads.
250  TVM+F+G4      2477.384     35  5024.767     5030.198     5172.279
WARNING: Number of threads seems too high for short alignments. Use -nt AUTO to determine best number of threads.
251  TVM+F+I+G4    2476.835     36  5025.669     5031.423     5177.395
WARNING: Number of threads seems too high for short alignments. Use -nt AUTO to determine best number of threads.
252  TVM+F+R2      2477.272     36  5026.543     5032.297     5178.269
WARNING: Number of threads seems too high for short alignments. Use -nt AUTO to determine best number of threads.
253  TVM+F+R3      2477.046     38  5030.093     5036.522     5190.248
WARNING: Number of threads seems too high for short alignments. Use -nt AUTO to determine best number of threads.
261  SYM           2494.471     32  5052.943     5057.465     5187.810
WARNING: Number of threads seems too high for short alignments. Use -nt AUTO to determine best number of threads.
262  SYM+I         2492.645     33  5051.290     5056.105     5190.372
WARNING: Number of threads seems too high for short alignments. Use -nt AUTO to determine best number of threads.
263  SYM+G4        2493.621     33  5053.243     5058.058     5192.325
WARNING: Number of threads seems too high for short alignments. Use -nt AUTO to determine best number of threads.
264  SYM+I+G4      2492.649     34  5053.299     5058.417     5196.595
WARNING: Number of threads seems too high for short alignments. Use -nt AUTO to determine best number of threads.
265  SYM+R2        2493.410     34  5054.820     5059.938     5198.117
WARNING: Number of threads seems too high for short alignments. Use -nt AUTO to determine best number of threads.
266  SYM+R3        2493.024     36  5058.049     5063.803     5209.775
WARNING: Number of threads seems too high for short alignments. Use -nt AUTO to determine best number of threads.
274  GTR+F         2477.183     35  5024.365     5029.796     5171.877
WARNING: Number of threads seems too high for short alignments. Use -nt AUTO to determine best number of threads.
275  GTR+F+I       2475.985     36  5023.969     5029.723     5175.695
WARNING: Number of threads seems too high for short alignments. Use -nt AUTO to determine best number of threads.
276  GTR+F+G4      2476.599     36  5025.197     5030.951     5176.923
WARNING: Number of threads seems too high for short alignments. Use -nt AUTO to determine best number of threads.
277  GTR+F+I+G4    2476.057     37  5026.114     5032.200     5182.054
WARNING: Number of threads seems too high for short alignments. Use -nt AUTO to determine best number of threads.
278  GTR+F+R2      2476.490     37  5026.979     5033.066     5182.920
WARNING: Number of threads seems too high for short alignments. Use -nt AUTO to determine best number of threads.
279  GTR+F+R3      2476.266     39  5030.532     5037.315     5194.902
Akaike Information Criterion:           HKY+F+I
Corrected Akaike Information Criterion: HKY+F+I
Bayesian Information Criterion:         HKY+F
Best-fit model: HKY+F chosen according to BIC

All model information printed to examples/15taxon_300genes_4cores_nophylonet//aln_seqs/1_seqgen235.nex.aln.model.gz
CPU time for ModelFinder: 2.513 seconds (0h:0m:2s)
Wall-clock time for ModelFinder: 50.863 seconds (0h:0m:50s)
Generating 1000 samples for ultrafast bootstrap (seed: 550264)...

NOTE: 0 MB RAM (0 GB) is required!
WARNING: Number of threads seems too high for short alignments. Use -nt AUTO to determine best number of threads.
Estimate model parameters (epsilon = 0.100)
1. Initial log-likelihood: -2532.531
2. Current log-likelihood: -2507.620
3. Current log-likelihood: -2478.269
Optimal log-likelihood: -2478.201
Rate parameters:  A-C: 1.00000  A-G: 3.22954  A-T: 1.00000  C-G: 1.00000  C-T: 3.22954  G-T: 1.00000
Base frequencies:  A: 0.296  C: 0.199  G: 0.189  T: 0.316
Parameters optimization took 3 rounds (0.758 sec)
Computing ML distances based on estimated model parameters... 0.003 sec
Computing BIONJ tree...
0.123 seconds
Log-likelihood of BIONJ tree: -2478.201
--------------------------------------------------------------------
|             INITIALIZING CANDIDATE TREE SET                      |
--------------------------------------------------------------------
Generating 99 parsimony trees... 3.294 second
Computing log-likelihood of 99 initial trees ... 68.954 seconds
Current best score: -2478.201

Do NNI search on 20 best initial trees
Estimate model parameters (epsilon = 0.100)
BETTER TREE FOUND at iteration 1: -2478.201
Iteration 10 / LogL: -2478.202 / Time: 0h:1m:43s
Iteration 20 / LogL: -2478.251 / Time: 0h:2m:15s
Finish initializing candidate tree set (1)
Current best tree score: -2478.201 / CPU time: 134.848
Number of iterations: 20
--------------------------------------------------------------------
|               OPTIMIZING CANDIDATE TREE SET                      |
--------------------------------------------------------------------
UPDATE BEST LOG-LIKELIHOOD: -2478.201
Iteration 30 / LogL: -2478.207 / Time: 0h:2m:45s (0h:6m:45s left)
Iteration 40 / LogL: -2478.219 / Time: 0h:3m:16s (0h:5m:7s left)
Iteration 50 / LogL: -2478.201 / Time: 0h:3m:47s (0h:3m:56s left)
Log-likelihood cutoff on original alignment: -2520.820
Iteration 60 / LogL: -2478.201 / Time: 0h:4m:22s (0h:3m:2s left)
Iteration 70 / LogL: -2478.201 / Time: 0h:4m:56s (0h:2m:13s left)
Iteration 80 / LogL: -2478.201 / Time: 0h:5m:29s (0h:1m:27s left)
Iteration 90 / LogL: -2478.202 / Time: 0h:5m:52s (0h:0m:43s left)
Iteration 100 / LogL: -2478.201 / Time: 0h:6m:11s (0h:0m:3s left)
Log-likelihood cutoff on original alignment: -2520.820
NOTE: Bootstrap correlation coefficient of split occurrence frequencies: 1.000
TREE SEARCH COMPLETED AFTER 102 ITERATIONS / Time: 0h:6m:15s

--------------------------------------------------------------------
|                    FINALIZING TREE SEARCH                        |
--------------------------------------------------------------------
Performs final model parameters optimization
Estimate model parameters (epsilon = 0.010)
1. Initial log-likelihood: -2478.201
Optimal log-likelihood: -2478.201
Rate parameters:  A-C: 1.00000  A-G: 3.22954  A-T: 1.00000  C-G: 1.00000  C-T: 3.22954  G-T: 1.00000
Base frequencies:  A: 0.296  C: 0.199  G: 0.189  T: 0.316
Parameters optimization took 1 rounds (0.128 sec)
BEST SCORE FOUND : -2478.201
Creating bootstrap support values...
Split supports printed to NEXUS file examples/15taxon_300genes_4cores_nophylonet//aln_seqs/1_seqgen235.nex.aln.splits.nex
Total tree length: 0.721

Total number of iterations: 102
CPU time used for tree search: 13.342 sec (0h:0m:13s)
Wall-clock time used for tree search: 373.672 sec (0h:6m:13s)
Total CPU time used: 13.477 sec (0h:0m:13s)
Total wall-clock time used: 376.740 sec (0h:6m:16s)

Computing bootstrap consensus tree...
Reading input file examples/15taxon_300genes_4cores_nophylonet//aln_seqs/1_seqgen235.nex.aln.splits.nex...
15 taxa and 56 splits.
Consensus tree written to examples/15taxon_300genes_4cores_nophylonet//aln_seqs/1_seqgen235.nex.aln.contree
Reading input trees file examples/15taxon_300genes_4cores_nophylonet//aln_seqs/1_seqgen235.nex.aln.contree
Log-likelihood of consensus tree: -2478.201

Analysis results written to: 
  IQ-TREE report:                examples/15taxon_300genes_4cores_nophylonet//aln_seqs/1_seqgen235.nex.aln.iqtree
  Maximum-likelihood tree:       examples/15taxon_300genes_4cores_nophylonet//aln_seqs/1_seqgen235.nex.aln.treefile
  Likelihood distances:          examples/15taxon_300genes_4cores_nophylonet//aln_seqs/1_seqgen235.nex.aln.mldist

Ultrafast bootstrap approximation results written to:
  Split support values:          examples/15taxon_300genes_4cores_nophylonet//aln_seqs/1_seqgen235.nex.aln.splits.nex
  Consensus tree:                examples/15taxon_300genes_4cores_nophylonet//aln_seqs/1_seqgen235.nex.aln.contree
  Screen log file:               examples/15taxon_300genes_4cores_nophylonet//aln_seqs/1_seqgen235.nex.aln.log

Date and Time: Sun Feb 24 20:06:44 2019
