IQ-TREE multicore version 1.6.8 for Linux 64-bit built Oct 28 2018
Developed by Bui Quang Minh, Nguyen Lam Tung, Olga Chernomor,
Heiko Schmidt, Dominik Schrempf, Michael Woodhams.

Host:    sango10511.oist.jp (AVX2, FMA3, 125 GB RAM)
Command: iqtree -s examples/15taxon_300genes_4cores_nophylonet//aln_seqs/1_seqgen296.nex.aln -bb 1000 -redo -nt 3 -m MFP
Seed:    254643 (Using SPRNG - Scalable Parallel Random Number Generator)
Time:    Sun Feb 24 19:59:44 2019
Kernel:  AVX+FMA - 3 threads (24 CPU cores detected)

Reading alignment file examples/15taxon_300genes_4cores_nophylonet//aln_seqs/1_seqgen296.nex.aln ... Fasta format detected
Alignment most likely contains DNA/RNA sequences
Alignment has 15 sequences with 500 columns, 194 distinct patterns
117 parsimony-informative, 160 singleton sites, 223 constant sites
    Gap/Ambiguity  Composition  p-value
   1  A5    0.00%    passed     47.49%
   2  A     0.00%    passed     97.99%
   3  B     0.00%    passed     99.35%
   4  C     0.00%    passed     98.92%
   5  F     0.00%    passed     85.20%
   6  D     0.00%    passed     79.76%
   7  E     0.00%    passed     98.79%
   8  A4    0.00%    passed     95.13%
   9  A1    0.00%    passed     96.61%
  10  A2    0.00%    passed     77.46%
  11  A3    0.00%    passed     77.46%
  12  A0    0.00%    passed     84.72%
  13  G     0.00%    passed     86.82%
  14  H     0.00%    passed     97.72%
  15  I     0.00%    passed     94.28%
****  TOTAL    0.00%  0 sequences failed composition chi2 test (p-value<5%; df=3)


Create initial parsimony tree by phylogenetic likelihood library (PLL)... 0.000 seconds
NOTE: ModelFinder requires 1 MB RAM!
ModelFinder will test 286 DNA models (sample size: 500) ...
 No. Model         -LnL         df  AIC          AICc         BIC
WARNING: Number of threads seems too high for short alignments. Use -nt AUTO to determine best number of threads.
  1  JC            2589.230     27  5232.460     5235.663     5346.254
WARNING: Number of threads seems too high for short alignments. Use -nt AUTO to determine best number of threads.
  2  JC+I          2589.230     28  5234.460     5237.908     5352.469
WARNING: Number of threads seems too high for short alignments. Use -nt AUTO to determine best number of threads.
  3  JC+G4         2589.244     28  5234.488     5237.936     5352.498
WARNING: Number of threads seems too high for short alignments. Use -nt AUTO to determine best number of threads.
  4  JC+I+G4       2590.396     29  5238.793     5242.495     5361.016
WARNING: Number of threads seems too high for short alignments. Use -nt AUTO to determine best number of threads.
  5  JC+R2         2589.361     29  5236.722     5240.424     5358.945
WARNING: Number of threads seems too high for short alignments. Use -nt AUTO to determine best number of threads.
  6  JC+R3         2589.334     31  5240.668     5244.908     5371.321
WARNING: Number of threads seems too high for short alignments. Use -nt AUTO to determine best number of threads.
 14  F81+F         2570.897     30  5201.795     5205.761     5328.233
WARNING: Number of threads seems too high for short alignments. Use -nt AUTO to determine best number of threads.
 15  F81+F+I       2570.897     31  5203.795     5208.034     5334.448
WARNING: Number of threads seems too high for short alignments. Use -nt AUTO to determine best number of threads.
 16  F81+F+G4      2570.915     31  5203.829     5208.069     5334.482
WARNING: Number of threads seems too high for short alignments. Use -nt AUTO to determine best number of threads.
 17  F81+F+I+G4    2572.002     32  5208.005     5212.527     5342.872
WARNING: Number of threads seems too high for short alignments. Use -nt AUTO to determine best number of threads.
 18  F81+F+R2      2570.993     32  5205.987     5210.509     5340.854
WARNING: Number of threads seems too high for short alignments. Use -nt AUTO to determine best number of threads.
 19  F81+F+R3      2570.958     34  5209.916     5215.035     5353.213
WARNING: Number of threads seems too high for short alignments. Use -nt AUTO to determine best number of threads.
 27  K2P           2520.465     28  5096.930     5100.378     5214.939
WARNING: Number of threads seems too high for short alignments. Use -nt AUTO to determine best number of threads.
 28  K2P+I         2520.465     29  5098.930     5102.632     5221.153
WARNING: Number of threads seems too high for short alignments. Use -nt AUTO to determine best number of threads.
 29  K2P+G4        2520.477     29  5098.955     5102.657     5221.178
WARNING: Number of threads seems too high for short alignments. Use -nt AUTO to determine best number of threads.
 30  K2P+I+G4      2521.269     30  5102.539     5106.505     5228.977
WARNING: Number of threads seems too high for short alignments. Use -nt AUTO to determine best number of threads.
 31  K2P+R2        2520.513     30  5101.026     5104.992     5227.464
WARNING: Number of threads seems too high for short alignments. Use -nt AUTO to determine best number of threads.
 32  K2P+R3        2520.490     32  5104.981     5109.503     5239.848
WARNING: Number of threads seems too high for short alignments. Use -nt AUTO to determine best number of threads.
 40  HKY+F         2495.620     31  5053.240     5057.479     5183.893
WARNING: Number of threads seems too high for short alignments. Use -nt AUTO to determine best number of threads.
 41  HKY+F+I       2495.620     32  5055.240     5059.763     5190.108
WARNING: Number of threads seems too high for short alignments. Use -nt AUTO to determine best number of threads.
 42  HKY+F+G4      2495.638     32  5055.275     5059.798     5190.143
WARNING: Number of threads seems too high for short alignments. Use -nt AUTO to determine best number of threads.
 43  HKY+F+I+G4    2496.666     33  5059.333     5064.148     5198.415
WARNING: Number of threads seems too high for short alignments. Use -nt AUTO to determine best number of threads.
 44  HKY+F+R2      2495.660     33  5057.320     5062.136     5196.402
WARNING: Number of threads seems too high for short alignments. Use -nt AUTO to determine best number of threads.
 45  HKY+F+R3      2495.637     35  5061.273     5066.704     5208.784
WARNING: Number of threads seems too high for short alignments. Use -nt AUTO to determine best number of threads.
 53  TNe           2520.185     29  5098.371     5102.073     5220.594
WARNING: Number of threads seems too high for short alignments. Use -nt AUTO to determine best number of threads.
 54  TNe+I         2520.185     30  5100.371     5104.337     5226.809
WARNING: Number of threads seems too high for short alignments. Use -nt AUTO to determine best number of threads.
 55  TNe+G4        2520.198     30  5100.396     5104.362     5226.834
WARNING: Number of threads seems too high for short alignments. Use -nt AUTO to determine best number of threads.
 56  TNe+I+G4      2520.878     31  5103.756     5107.995     5234.409
WARNING: Number of threads seems too high for short alignments. Use -nt AUTO to determine best number of threads.
 57  TNe+R2        2520.205     31  5102.410     5106.649     5233.063
WARNING: Number of threads seems too high for short alignments. Use -nt AUTO to determine best number of threads.
 58  TNe+R3        2520.192     33  5106.384     5111.200     5245.466
WARNING: Number of threads seems too high for short alignments. Use -nt AUTO to determine best number of threads.
 66  TN+F          2495.594     32  5055.189     5059.711     5190.056
WARNING: Number of threads seems too high for short alignments. Use -nt AUTO to determine best number of threads.
 67  TN+F+I        2495.594     33  5057.189     5062.004     5196.271
WARNING: Number of threads seems too high for short alignments. Use -nt AUTO to determine best number of threads.
 68  TN+F+G4       2495.612     33  5057.224     5062.040     5196.306
WARNING: Number of threads seems too high for short alignments. Use -nt AUTO to determine best number of threads.
 69  TN+F+I+G4     2496.505     34  5061.010     5066.129     5204.307
WARNING: Number of threads seems too high for short alignments. Use -nt AUTO to determine best number of threads.
 70  TN+F+R2       2495.611     34  5059.221     5064.339     5202.518
WARNING: Number of threads seems too high for short alignments. Use -nt AUTO to determine best number of threads.
 71  TN+F+R3       2495.598     36  5063.197     5068.951     5214.923
WARNING: Number of threads seems too high for short alignments. Use -nt AUTO to determine best number of threads.
 79  K3P           2520.245     29  5098.490     5102.192     5220.714
WARNING: Number of threads seems too high for short alignments. Use -nt AUTO to determine best number of threads.
 80  K3P+I         2520.245     30  5100.490     5104.456     5226.928
WARNING: Number of threads seems too high for short alignments. Use -nt AUTO to determine best number of threads.
 81  K3P+G4        2520.257     30  5100.515     5104.481     5226.953
WARNING: Number of threads seems too high for short alignments. Use -nt AUTO to determine best number of threads.
 82  K3P+I+G4      2520.848     31  5103.696     5107.936     5234.349
WARNING: Number of threads seems too high for short alignments. Use -nt AUTO to determine best number of threads.
 83  K3P+R2        2520.253     31  5102.505     5106.745     5233.158
WARNING: Number of threads seems too high for short alignments. Use -nt AUTO to determine best number of threads.
 84  K3P+R3        2520.247     33  5106.493     5111.309     5245.575
WARNING: Number of threads seems too high for short alignments. Use -nt AUTO to determine best number of threads.
 92  K3Pu+F        2495.620     32  5055.240     5059.763     5190.108
WARNING: Number of threads seems too high for short alignments. Use -nt AUTO to determine best number of threads.
 93  K3Pu+F+I      2495.620     33  5057.240     5062.056     5196.322
WARNING: Number of threads seems too high for short alignments. Use -nt AUTO to determine best number of threads.
 94  K3Pu+F+G4     2495.638     33  5057.275     5062.091     5196.357
WARNING: Number of threads seems too high for short alignments. Use -nt AUTO to determine best number of threads.
 95  K3Pu+F+I+G4   2496.416     34  5060.831     5065.950     5204.128
WARNING: Number of threads seems too high for short alignments. Use -nt AUTO to determine best number of threads.
 96  K3Pu+F+R2     2495.626     34  5059.253     5064.371     5202.550
WARNING: Number of threads seems too high for short alignments. Use -nt AUTO to determine best number of threads.
 97  K3Pu+F+R3     2495.621     36  5063.242     5068.996     5214.968
WARNING: Number of threads seems too high for short alignments. Use -nt AUTO to determine best number of threads.
105  TPM2+F        2494.985     32  5053.969     5058.492     5188.837
WARNING: Number of threads seems too high for short alignments. Use -nt AUTO to determine best number of threads.
106  TPM2+F+I      2494.985     33  5055.969     5060.785     5195.051
WARNING: Number of threads seems too high for short alignments. Use -nt AUTO to determine best number of threads.
107  TPM2+F+G4     2495.002     33  5056.005     5060.820     5195.087
WARNING: Number of threads seems too high for short alignments. Use -nt AUTO to determine best number of threads.
108  TPM2+F+I+G4   2495.735     34  5059.471     5064.589     5202.767
WARNING: Number of threads seems too high for short alignments. Use -nt AUTO to determine best number of threads.
109  TPM2+F+R2     2494.988     34  5057.977     5063.095     5201.273
WARNING: Number of threads seems too high for short alignments. Use -nt AUTO to determine best number of threads.
110  TPM2+F+R3     2494.985     36  5061.970     5067.724     5213.696
WARNING: Number of threads seems too high for short alignments. Use -nt AUTO to determine best number of threads.
118  TPM2u+F       2494.985     32  5053.969     5058.492     5188.837
WARNING: Number of threads seems too high for short alignments. Use -nt AUTO to determine best number of threads.
119  TPM2u+F+I     2494.985     33  5055.969     5060.785     5195.051
WARNING: Number of threads seems too high for short alignments. Use -nt AUTO to determine best number of threads.
120  TPM2u+F+G4    2495.002     33  5056.005     5060.820     5195.087
WARNING: Number of threads seems too high for short alignments. Use -nt AUTO to determine best number of threads.
121  TPM2u+F+I+G4  2495.680     34  5059.359     5064.478     5202.656
WARNING: Number of threads seems too high for short alignments. Use -nt AUTO to determine best number of threads.
122  TPM2u+F+R2    2494.987     34  5057.973     5063.092     5201.270
WARNING: Number of threads seems too high for short alignments. Use -nt AUTO to determine best number of threads.
123  TPM2u+F+R3    2494.985     36  5061.970     5067.724     5213.696
WARNING: Number of threads seems too high for short alignments. Use -nt AUTO to determine best number of threads.
131  TPM3+F        2495.308     32  5054.617     5059.139     5189.484
WARNING: Number of threads seems too high for short alignments. Use -nt AUTO to determine best number of threads.
132  TPM3+F+I      2495.308     33  5056.617     5061.432     5195.699
WARNING: Number of threads seems too high for short alignments. Use -nt AUTO to determine best number of threads.
133  TPM3+F+G4     2495.326     33  5056.652     5061.468     5195.734
WARNING: Number of threads seems too high for short alignments. Use -nt AUTO to determine best number of threads.
134  TPM3+F+I+G4   2495.951     34  5059.901     5065.020     5203.198
WARNING: Number of threads seems too high for short alignments. Use -nt AUTO to determine best number of threads.
135  TPM3+F+R2     2495.309     34  5058.619     5063.737     5201.915
WARNING: Number of threads seems too high for short alignments. Use -nt AUTO to determine best number of threads.
136  TPM3+F+R3     2495.308     36  5062.617     5068.371     5214.343
WARNING: Number of threads seems too high for short alignments. Use -nt AUTO to determine best number of threads.
144  TPM3u+F       2495.308     32  5054.617     5059.139     5189.484
WARNING: Number of threads seems too high for short alignments. Use -nt AUTO to determine best number of threads.
145  TPM3u+F+I     2495.308     33  5056.617     5061.432     5195.699
WARNING: Number of threads seems too high for short alignments. Use -nt AUTO to determine best number of threads.
146  TPM3u+F+G4    2495.326     33  5056.652     5061.468     5195.734
WARNING: Number of threads seems too high for short alignments. Use -nt AUTO to determine best number of threads.
147  TPM3u+F+I+G4  2495.905     34  5059.809     5064.928     5203.106
WARNING: Number of threads seems too high for short alignments. Use -nt AUTO to determine best number of threads.
148  TPM3u+F+R2    2495.309     34  5058.618     5063.736     5201.914
WARNING: Number of threads seems too high for short alignments. Use -nt AUTO to determine best number of threads.
149  TPM3u+F+R3    2495.308     36  5062.617     5068.371     5214.343
WARNING: Number of threads seems too high for short alignments. Use -nt AUTO to determine best number of threads.
157  TIMe          2519.964     30  5099.929     5103.895     5226.367
WARNING: Number of threads seems too high for short alignments. Use -nt AUTO to determine best number of threads.
158  TIMe+I        2519.964     31  5101.929     5106.168     5232.582
WARNING: Number of threads seems too high for short alignments. Use -nt AUTO to determine best number of threads.
159  TIMe+G4       2519.977     31  5101.954     5106.193     5232.607
WARNING: Number of threads seems too high for short alignments. Use -nt AUTO to determine best number of threads.
160  TIMe+I+G4     2520.351     32  5104.701     5109.224     5239.569
WARNING: Number of threads seems too high for short alignments. Use -nt AUTO to determine best number of threads.
161  TIMe+R2       2519.965     32  5103.930     5108.452     5238.797
WARNING: Number of threads seems too high for short alignments. Use -nt AUTO to determine best number of threads.
162  TIMe+R3       2519.964     34  5107.929     5113.047     5251.226
WARNING: Number of threads seems too high for short alignments. Use -nt AUTO to determine best number of threads.
170  TIM+F         2495.594     33  5057.189     5062.004     5196.271
WARNING: Number of threads seems too high for short alignments. Use -nt AUTO to determine best number of threads.
171  TIM+F+I       2495.594     34  5059.189     5064.307     5202.486
WARNING: Number of threads seems too high for short alignments. Use -nt AUTO to determine best number of threads.
172  TIM+F+G4      2495.612     34  5059.224     5064.343     5202.521
WARNING: Number of threads seems too high for short alignments. Use -nt AUTO to determine best number of threads.
173  TIM+F+I+G4    2496.114     35  5062.228     5067.659     5209.739
WARNING: Number of threads seems too high for short alignments. Use -nt AUTO to determine best number of threads.
174  TIM+F+R2      2495.595     35  5061.189     5066.620     5208.701
WARNING: Number of threads seems too high for short alignments. Use -nt AUTO to determine best number of threads.
175  TIM+F+R3      2495.595     37  5065.189     5071.276     5221.130
WARNING: Number of threads seems too high for short alignments. Use -nt AUTO to determine best number of threads.
183  TIM2e         2520.171     30  5100.342     5104.308     5226.780
WARNING: Number of threads seems too high for short alignments. Use -nt AUTO to determine best number of threads.
184  TIM2e+I       2520.171     31  5102.342     5106.581     5232.995
WARNING: Number of threads seems too high for short alignments. Use -nt AUTO to determine best number of threads.
185  TIM2e+G4      2520.184     31  5102.367     5106.606     5233.020
WARNING: Number of threads seems too high for short alignments. Use -nt AUTO to determine best number of threads.
186  TIM2e+I+G4    2520.510     32  5105.020     5109.543     5239.888
WARNING: Number of threads seems too high for short alignments. Use -nt AUTO to determine best number of threads.
187  TIM2e+R2      2520.171     32  5104.342     5108.865     5239.210
WARNING: Number of threads seems too high for short alignments. Use -nt AUTO to determine best number of threads.
188  TIM2e+R3      2520.171     34  5108.342     5113.460     5251.639
WARNING: Number of threads seems too high for short alignments. Use -nt AUTO to determine best number of threads.
196  TIM2+F        2494.959     33  5055.919     5060.734     5195.001
WARNING: Number of threads seems too high for short alignments. Use -nt AUTO to determine best number of threads.
197  TIM2+F+I      2494.959     34  5057.919     5063.037     5201.215
WARNING: Number of threads seems too high for short alignments. Use -nt AUTO to determine best number of threads.
198  TIM2+F+G4     2494.977     34  5057.954     5063.073     5201.251
WARNING: Number of threads seems too high for short alignments. Use -nt AUTO to determine best number of threads.
199  TIM2+F+I+G4   2495.430     35  5060.859     5066.290     5208.371
WARNING: Number of threads seems too high for short alignments. Use -nt AUTO to determine best number of threads.
200  TIM2+F+R2     2494.960     35  5059.919     5065.350     5207.430
WARNING: Number of threads seems too high for short alignments. Use -nt AUTO to determine best number of threads.
201  TIM2+F+R3     2494.959     37  5063.919     5070.005     5219.859
WARNING: Number of threads seems too high for short alignments. Use -nt AUTO to determine best number of threads.
209  TIM3e         2519.921     30  5099.841     5103.807     5226.279
WARNING: Number of threads seems too high for short alignments. Use -nt AUTO to determine best number of threads.
210  TIM3e+I       2519.921     31  5101.841     5106.080     5232.494
WARNING: Number of threads seems too high for short alignments. Use -nt AUTO to determine best number of threads.
211  TIM3e+G4      2519.932     31  5101.865     5106.104     5232.518
WARNING: Number of threads seems too high for short alignments. Use -nt AUTO to determine best number of threads.
212  TIM3e+I+G4    2520.208     32  5104.416     5108.939     5239.284
WARNING: Number of threads seems too high for short alignments. Use -nt AUTO to determine best number of threads.
213  TIM3e+R2      2519.921     32  5103.841     5108.364     5238.709
WARNING: Number of threads seems too high for short alignments. Use -nt AUTO to determine best number of threads.
214  TIM3e+R3      2519.921     34  5107.841     5112.959     5251.138
WARNING: Number of threads seems too high for short alignments. Use -nt AUTO to determine best number of threads.
222  TIM3+F        2495.283     33  5056.566     5061.381     5195.648
WARNING: Number of threads seems too high for short alignments. Use -nt AUTO to determine best number of threads.
223  TIM3+F+I      2495.283     34  5058.566     5063.684     5201.862
WARNING: Number of threads seems too high for short alignments. Use -nt AUTO to determine best number of threads.
224  TIM3+F+G4     2495.301     34  5058.602     5063.720     5201.898
WARNING: Number of threads seems too high for short alignments. Use -nt AUTO to determine best number of threads.
225  TIM3+F+I+G4   2495.701     35  5061.401     5066.832     5208.912
WARNING: Number of threads seems too high for short alignments. Use -nt AUTO to determine best number of threads.
226  TIM3+F+R2     2495.283     35  5060.566     5065.997     5208.077
WARNING: Number of threads seems too high for short alignments. Use -nt AUTO to determine best number of threads.
227  TIM3+F+R3     2495.283     37  5064.566     5070.652     5220.506
WARNING: Number of threads seems too high for short alignments. Use -nt AUTO to determine best number of threads.
235  TVMe          2520.027     31  5102.054     5106.293     5232.707
WARNING: Number of threads seems too high for short alignments. Use -nt AUTO to determine best number of threads.
236  TVMe+I        2520.027     32  5104.054     5108.576     5238.921
WARNING: Number of threads seems too high for short alignments. Use -nt AUTO to determine best number of threads.
237  TVMe+G4       2520.039     32  5104.077     5108.600     5238.945
WARNING: Number of threads seems too high for short alignments. Use -nt AUTO to determine best number of threads.
238  TVMe+I+G4     2520.284     33  5106.569     5111.384     5245.651
WARNING: Number of threads seems too high for short alignments. Use -nt AUTO to determine best number of threads.
239  TVMe+R2       2520.027     33  5106.054     5110.869     5245.136
WARNING: Number of threads seems too high for short alignments. Use -nt AUTO to determine best number of threads.
240  TVMe+R3       2520.027     35  5110.054     5115.485     5257.565
WARNING: Number of threads seems too high for short alignments. Use -nt AUTO to determine best number of threads.
248  TVM+F         2494.569     34  5057.139     5062.257     5200.435
WARNING: Number of threads seems too high for short alignments. Use -nt AUTO to determine best number of threads.
249  TVM+F+I       2494.569     35  5059.139     5064.570     5206.650
WARNING: Number of threads seems too high for short alignments. Use -nt AUTO to determine best number of threads.
250  TVM+F+G4      2494.587     35  5059.175     5064.606     5206.686
WARNING: Number of threads seems too high for short alignments. Use -nt AUTO to determine best number of threads.
251  TVM+F+I+G4    2494.949     36  5061.899     5067.652     5213.624
WARNING: Number of threads seems too high for short alignments. Use -nt AUTO to determine best number of threads.
252  TVM+F+R2      2494.570     36  5061.139     5066.893     5212.865
WARNING: Number of threads seems too high for short alignments. Use -nt AUTO to determine best number of threads.
253  TVM+F+R3      2494.569     38  5065.139     5071.568     5225.294
WARNING: Number of threads seems too high for short alignments. Use -nt AUTO to determine best number of threads.
261  SYM           2519.750     32  5103.501     5108.023     5238.368
WARNING: Number of threads seems too high for short alignments. Use -nt AUTO to determine best number of threads.
262  SYM+I         2519.750     33  5105.500     5110.315     5244.582
WARNING: Number of threads seems too high for short alignments. Use -nt AUTO to determine best number of threads.
263  SYM+G4        2519.762     33  5105.523     5110.339     5244.605
WARNING: Number of threads seems too high for short alignments. Use -nt AUTO to determine best number of threads.
264  SYM+I+G4      2519.978     34  5107.956     5113.074     5251.253
WARNING: Number of threads seems too high for short alignments. Use -nt AUTO to determine best number of threads.
265  SYM+R2        2519.750     34  5107.500     5112.618     5250.797
WARNING: Number of threads seems too high for short alignments. Use -nt AUTO to determine best number of threads.
266  SYM+R3        2519.749     36  5111.498     5117.252     5263.224
WARNING: Number of threads seems too high for short alignments. Use -nt AUTO to determine best number of threads.
274  GTR+F         2494.544     35  5059.088     5064.519     5206.599
WARNING: Number of threads seems too high for short alignments. Use -nt AUTO to determine best number of threads.
275  GTR+F+I       2494.544     36  5061.088     5066.842     5212.814
WARNING: Number of threads seems too high for short alignments. Use -nt AUTO to determine best number of threads.
276  GTR+F+G4      2494.562     36  5061.124     5066.878     5212.850
WARNING: Number of threads seems too high for short alignments. Use -nt AUTO to determine best number of threads.
277  GTR+F+I+G4    2494.884     37  5063.768     5069.854     5219.708
WARNING: Number of threads seems too high for short alignments. Use -nt AUTO to determine best number of threads.
278  GTR+F+R2      2494.544     37  5063.088     5069.175     5219.029
WARNING: Number of threads seems too high for short alignments. Use -nt AUTO to determine best number of threads.
279  GTR+F+R3      2494.544     39  5067.088     5073.871     5231.458
Akaike Information Criterion:           HKY+F
Corrected Akaike Information Criterion: HKY+F
Bayesian Information Criterion:         HKY+F
Best-fit model: HKY+F chosen according to BIC

All model information printed to examples/15taxon_300genes_4cores_nophylonet//aln_seqs/1_seqgen296.nex.aln.model.gz
CPU time for ModelFinder: 2.620 seconds (0h:0m:2s)
Wall-clock time for ModelFinder: 57.553 seconds (0h:0m:57s)
Generating 1000 samples for ultrafast bootstrap (seed: 254643)...

NOTE: 0 MB RAM (0 GB) is required!
WARNING: Number of threads seems too high for short alignments. Use -nt AUTO to determine best number of threads.
Estimate model parameters (epsilon = 0.100)
1. Initial log-likelihood: -2571.077
2. Current log-likelihood: -2524.524
3. Current log-likelihood: -2495.827
4. Current log-likelihood: -2495.620
Optimal log-likelihood: -2495.620
Rate parameters:  A-C: 1.00000  A-G: 3.85959  A-T: 1.00000  C-G: 1.00000  C-T: 3.85959  G-T: 1.00000
Base frequencies:  A: 0.288  C: 0.191  G: 0.186  T: 0.335
Parameters optimization took 4 rounds (0.837 sec)
Computing ML distances based on estimated model parameters... 0.001 sec
Computing BIONJ tree...
0.122 seconds
Log-likelihood of BIONJ tree: -2496.166
--------------------------------------------------------------------
|             INITIALIZING CANDIDATE TREE SET                      |
--------------------------------------------------------------------
Generating 98 parsimony trees... 3.722 second
Computing log-likelihood of 98 initial trees ... 23.240 seconds
Current best score: -2495.620

Do NNI search on 20 best initial trees
Estimate model parameters (epsilon = 0.100)
BETTER TREE FOUND at iteration 1: -2495.620
Iteration 10 / LogL: -2495.620 / Time: 0h:0m:44s
Iteration 20 / LogL: -2495.622 / Time: 0h:1m:3s
Finish initializing candidate tree set (1)
Current best tree score: -2495.620 / CPU time: 62.560
Number of iterations: 20
--------------------------------------------------------------------
|               OPTIMIZING CANDIDATE TREE SET                      |
--------------------------------------------------------------------
Iteration 30 / LogL: -2495.623 / Time: 0h:1m:33s (0h:3m:47s left)
Iteration 40 / LogL: -2496.285 / Time: 0h:2m:3s (0h:3m:12s left)
Iteration 50 / LogL: -2495.621 / Time: 0h:2m:35s (0h:2m:41s left)
Log-likelihood cutoff on original alignment: -2522.181
Iteration 60 / LogL: -2495.620 / Time: 0h:3m:9s (0h:2m:11s left)
Iteration 70 / LogL: -2495.620 / Time: 0h:3m:43s (0h:1m:40s left)
Iteration 80 / LogL: -2495.621 / Time: 0h:4m:21s (0h:1m:9s left)
Iteration 90 / LogL: -2495.625 / Time: 0h:4m:56s (0h:0m:36s left)
Iteration 100 / LogL: -2495.620 / Time: 0h:5m:25s (0h:0m:3s left)
Log-likelihood cutoff on original alignment: -2522.179
NOTE: Bootstrap correlation coefficient of split occurrence frequencies: 1.000
TREE SEARCH COMPLETED AFTER 102 ITERATIONS / Time: 0h:5m:32s

--------------------------------------------------------------------
|                    FINALIZING TREE SEARCH                        |
--------------------------------------------------------------------
Performs final model parameters optimization
Estimate model parameters (epsilon = 0.010)
1. Initial log-likelihood: -2495.620
Optimal log-likelihood: -2495.620
Rate parameters:  A-C: 1.00000  A-G: 3.85959  A-T: 1.00000  C-G: 1.00000  C-T: 3.85959  G-T: 1.00000
Base frequencies:  A: 0.288  C: 0.191  G: 0.186  T: 0.335
Parameters optimization took 1 rounds (0.554 sec)
BEST SCORE FOUND : -2495.620
Creating bootstrap support values...
Split supports printed to NEXUS file examples/15taxon_300genes_4cores_nophylonet//aln_seqs/1_seqgen296.nex.aln.splits.nex
Total tree length: 0.779

Total number of iterations: 102
CPU time used for tree search: 12.498 sec (0h:0m:12s)
Wall-clock time used for tree search: 330.829 sec (0h:5m:30s)
Total CPU time used: 12.657 sec (0h:0m:12s)
Total wall-clock time used: 335.152 sec (0h:5m:35s)

Computing bootstrap consensus tree...
Reading input file examples/15taxon_300genes_4cores_nophylonet//aln_seqs/1_seqgen296.nex.aln.splits.nex...
15 taxa and 53 splits.
Consensus tree written to examples/15taxon_300genes_4cores_nophylonet//aln_seqs/1_seqgen296.nex.aln.contree
Reading input trees file examples/15taxon_300genes_4cores_nophylonet//aln_seqs/1_seqgen296.nex.aln.contree
Log-likelihood of consensus tree: -2495.620

Analysis results written to: 
  IQ-TREE report:                examples/15taxon_300genes_4cores_nophylonet//aln_seqs/1_seqgen296.nex.aln.iqtree
  Maximum-likelihood tree:       examples/15taxon_300genes_4cores_nophylonet//aln_seqs/1_seqgen296.nex.aln.treefile
  Likelihood distances:          examples/15taxon_300genes_4cores_nophylonet//aln_seqs/1_seqgen296.nex.aln.mldist

Ultrafast bootstrap approximation results written to:
  Split support values:          examples/15taxon_300genes_4cores_nophylonet//aln_seqs/1_seqgen296.nex.aln.splits.nex
  Consensus tree:                examples/15taxon_300genes_4cores_nophylonet//aln_seqs/1_seqgen296.nex.aln.contree
  Screen log file:               examples/15taxon_300genes_4cores_nophylonet//aln_seqs/1_seqgen296.nex.aln.log

Date and Time: Sun Feb 24 20:06:19 2019
