IQ-TREE multicore version 1.6.8 for Linux 64-bit built Oct 28 2018
Developed by Bui Quang Minh, Nguyen Lam Tung, Olga Chernomor,
Heiko Schmidt, Dominik Schrempf, Michael Woodhams.

Host:    sango10206.oist.jp (AVX2, FMA3, 125 GB RAM)
Command: iqtree -s examples/Acropora//aln_seqs/led3098.nt.aln -bb 1000 -redo -nt 3 -spp examples/Acropora//aln_seqs/led3098.nt.aln.nex -m MFPMERGE
Seed:    761833 (Using SPRNG - Scalable Parallel Random Number Generator)
Time:    Sat Jan 12 16:24:14 2019
Kernel:  AVX+FMA - 3 threads (24 CPU cores detected)

Reading partition model file examples/Acropora//aln_seqs/led3098.nt.aln.nex ...
Reading alignment file examples/Acropora//aln_seqs/led3098.nt.aln ... Fasta format detected
Alignment most likely contains DNA/RNA sequences
Alignment has 5 sequences with 1731 columns, 129 distinct patterns
30 parsimony-informative, 353 singleton sites, 1348 constant sites
                          Gap/Ambiguity  Composition  p-value
   1  Adif_sc0000001.g296.t1     15.77%    passed     49.40%
   2  Asub_sc0000141.g8647.t1     4.51%    passed     99.60%
   3  Aten_sc0000324.g24.t1       5.03%    passed     99.04%
   4  Aech_sc0000003.g27302.t1   14.21%    passed     94.03%
   5  Agem_sc0000135.g27698.t1   14.56%    passed     92.49%
****  TOTAL                      10.81%  0 sequences failed composition chi2 test (p-value<5%; df=3)
NOTE: No CharPartition defined, use all CharSets

Loading 3 partitions...
Subset	Type	Seqs	Sites	Infor	Invar	Model	Name
1		5	577	10	452	MFPMERGE	p1
2		5	577	9	473	MFPMERGE	p2
3		5	577	11	423	MFPMERGE	p3
Degree of missing data: 0.000
Info: multi-threading strategy over partitions



Create initial parsimony tree by phylogenetic likelihood library (PLL)... 0.000 seconds
NOTE: ModelFinder requires 1 MB RAM!
Testing GTR+F+G on supermatrix...
WARNING: Number of threads seems too high for short alignments. Use -nt AUTO to determine best number of threads.
GTR+F+G4 / LnL: -4082.117 / df: 16 / AIC: 8196.234 / AICc: 8196.551 / BIC: 8283.537
Selecting individual models for 3 charsets using BIC...
 No. Model        Score       Charset
   1 F81+F        2740.335    p1
   2 TN+F         2542.148    p2
   3 JC           2919.781    p3
Full partition model BIC score: 8259.087 (LnL: -4066.164  df:17)
Merging models to increase model fit (about 7 total partition schemes)...
   4 TNe          8263.551    p1+p2
   5 TN+F         8247.382    p2+p3
   6 HKY+F        8259.443    p1+p3
Merging p2+p3 with BIC score: 8247.382 (LnL: -4064.039  df: 16)
   7 TN+F         8255.752    p1+p2+p3
BEST-FIT PARTITION MODEL: 
  charpartition BIC = F81+F: p1, TN+F: p2 p3;
Agglomerative model selection: (p1,(p2,p3)1:8247.38)
Merging into 2 partitions...
Partition information was printed to examples/Acropora//aln_seqs/led3098.nt.aln.nex.best_scheme.nex
Partition information in Raxml format was printed to examples/Acropora//aln_seqs/led3098.nt.aln.nex.best_scheme

All model information printed to examples/Acropora//aln_seqs/led3098.nt.aln.nex.model.gz
CPU time for ModelFinder: 1.123 seconds (0h:0m:1s)
Wall-clock time for ModelFinder: 45.582 seconds (0h:0m:45s)
Generating 1000 samples for ultrafast bootstrap (seed: 761833)...

NOTE: 0 MB RAM (0 GB) is required!
Estimate model parameters (epsilon = 0.100)
Initial log-likelihood: -4075.404
Current log-likelihood at step 1: -4063.876
Current log-likelihood at step 2: -4063.876
Partition-specific rates:  0.973 1.014
Parameters optimization took 1 rounds (0.511 sec)

Computing ML distances based on estimated model parameters... 0.001 sec
Computing BIONJ tree...
0.557 seconds
Log-likelihood of BIONJ tree: -4063.876
--------------------------------------------------------------------
|             INITIALIZING CANDIDATE TREE SET                      |
--------------------------------------------------------------------
Generating 99 parsimony trees... 1.917 second
Computing log-likelihood of 4 initial trees ... 1.087 seconds
Current best score: -4063.876

Do NNI search on 5 best initial trees
Finish initializing candidate tree set (5)
Current best tree score: -4063.876 / CPU time: 6.890
Number of iterations: 5
--------------------------------------------------------------------
|               OPTIMIZING CANDIDATE TREE SET                      |
--------------------------------------------------------------------
Iteration 10 / LogL: -4063.890 / Time: 0h:0m:15s
UPDATE BEST LOG-LIKELIHOOD: -4063.876
Iteration 20 / LogL: -4063.889 / Time: 0h:0m:27s
Iteration 30 / LogL: -4063.890 / Time: 0h:0m:39s (0h:1m:35s left)
Iteration 40 / LogL: -4063.876 / Time: 0h:0m:49s (0h:1m:15s left)
Iteration 50 / LogL: -4063.890 / Time: 0h:0m:59s (0h:1m:0s left)
Log-likelihood cutoff on original alignment: -4089.587
Iteration 60 / LogL: -4063.876 / Time: 0h:1m:12s (0h:0m:49s left)
Iteration 70 / LogL: -4063.890 / Time: 0h:1m:26s (0h:0m:37s left)
Iteration 80 / LogL: -4063.889 / Time: 0h:1m:39s (0h:0m:25s left)
Iteration 90 / LogL: -4063.903 / Time: 0h:1m:51s (0h:0m:12s left)
Iteration 100 / LogL: -4063.889 / Time: 0h:2m:6s (0h:0m:0s left)
Log-likelihood cutoff on original alignment: -4089.556
NOTE: Bootstrap correlation coefficient of split occurrence frequencies: 1.000
TREE SEARCH COMPLETED AFTER 101 ITERATIONS / Time: 0h:2m:8s

--------------------------------------------------------------------
|                    FINALIZING TREE SEARCH                        |
--------------------------------------------------------------------
Performs final model parameters optimization
Estimate model parameters (epsilon = 0.010)
Initial log-likelihood: -4063.876
Current log-likelihood at step 1: -4063.876
Partition-specific rates:  0.973 1.014
Parameters optimization took 0 rounds (0.111 sec)

BEST SCORE FOUND : -4063.876
Creating bootstrap support values...
Split supports printed to NEXUS file examples/Acropora//aln_seqs/led3098.nt.aln.nex.splits.nex
Total tree length: 0.326

Total number of iterations: 101
CPU time used for tree search: 4.565 sec (0h:0m:4s)
Wall-clock time used for tree search: 124.780 sec (0h:2m:4s)
Total CPU time used: 4.686 sec (0h:0m:4s)
Total wall-clock time used: 129.691 sec (0h:2m:9s)

Computing bootstrap consensus tree...
Reading input file examples/Acropora//aln_seqs/led3098.nt.aln.nex.splits.nex...
5 taxa and 9 splits.
Consensus tree written to examples/Acropora//aln_seqs/led3098.nt.aln.nex.contree
Reading input trees file examples/Acropora//aln_seqs/led3098.nt.aln.nex.contree
Log-likelihood of consensus tree: -4063.876

Analysis results written to: 
  IQ-TREE report:                examples/Acropora//aln_seqs/led3098.nt.aln.nex.iqtree
  Maximum-likelihood tree:       examples/Acropora//aln_seqs/led3098.nt.aln.nex.treefile
  Likelihood distances:          examples/Acropora//aln_seqs/led3098.nt.aln.nex.mldist
  Best partitioning scheme:      examples/Acropora//aln_seqs/led3098.nt.aln.nex.best_scheme.nex
           in RAxML format:      examples/Acropora//aln_seqs/led3098.nt.aln.nex.best_scheme

Ultrafast bootstrap approximation results written to:
  Split support values:          examples/Acropora//aln_seqs/led3098.nt.aln.nex.splits.nex
  Consensus tree:                examples/Acropora//aln_seqs/led3098.nt.aln.nex.contree
  Screen log file:               examples/Acropora//aln_seqs/led3098.nt.aln.nex.log

Date and Time: Sat Jan 12 16:27:12 2019
