IQ-TREE multicore version 1.6.8 for Linux 64-bit built Oct 28 2018
Developed by Bui Quang Minh, Nguyen Lam Tung, Olga Chernomor,
Heiko Schmidt, Dominik Schrempf, Michael Woodhams.

Host:    sango10206.oist.jp (AVX2, FMA3, 125 GB RAM)
Command: iqtree -s examples/Acropora//aln_seqs/led3204.nt.aln -bb 1000 -redo -nt 3 -spp examples/Acropora//aln_seqs/led3204.nt.aln.nex -m MFPMERGE
Seed:    213423 (Using SPRNG - Scalable Parallel Random Number Generator)
Time:    Sat Jan 12 16:29:28 2019
Kernel:  AVX+FMA - 3 threads (24 CPU cores detected)

Reading partition model file examples/Acropora//aln_seqs/led3204.nt.aln.nex ...
Reading alignment file examples/Acropora//aln_seqs/led3204.nt.aln ... Fasta format detected
Alignment most likely contains DNA/RNA sequences
Alignment has 5 sequences with 1425 columns, 66 distinct patterns
16 parsimony-informative, 37 singleton sites, 1372 constant sites
                          Gap/Ambiguity  Composition  p-value
   1  Adif_sc0000002.g292.t1     15.58%    passed     92.81%
   2  Aech_sc0000060.g21387.t1   30.11%    passed     87.34%
   3  Agem_sc0000027.g24905.t1   13.89%    passed     95.03%
   4  Asub_sc0000061.g15718.t1    4.63%    passed     98.12%
   5  Aten_sc0000431.g7.t1        0.21%    passed     98.10%
****  TOTAL                      12.88%  0 sequences failed composition chi2 test (p-value<5%; df=3)
NOTE: No CharPartition defined, use all CharSets

Loading 3 partitions...
Subset	Type	Seqs	Sites	Infor	Invar	Model	Name
1		5	475	2	467	MFPMERGE	p1
2		5	475	2	466	MFPMERGE	p2
3		5	475	12	439	MFPMERGE	p3
Degree of missing data: 0.000
Info: multi-threading strategy over partitions



Create initial parsimony tree by phylogenetic likelihood library (PLL)... 0.000 seconds
NOTE: ModelFinder requires 0 MB RAM!
Testing GTR+F+G on supermatrix...
WARNING: Number of threads seems too high for short alignments. Use -nt AUTO to determine best number of threads.
GTR+F+G4 / LnL: -2287.833 / df: 16 / AIC: 4607.667 / AICc: 4608.053 / BIC: 4691.857
Selecting individual models for 3 charsets using BIC...
 No. Model        Score       Charset
   1 F81+F        1402.113    p2
   2 F81+F        1406.229    p1
   3 HKY+F        1711.433    p3
Full partition model BIC score: 4577.628 (LnL: -2219.826  df:19)
Merging models to increase model fit (about 7 total partition schemes)...
   4 HKY+F        4607.948    p2+p3
   5 F81+F        4623.144    p1+p2
   6 HKY+F        4629.199    p1+p3
BEST-FIT PARTITION MODEL: 
  charpartition BIC = F81+F: p1, F81+F: p2, HKY+F: p3;
Agglomerative model selection: (p1,p2,p3)
Partition information was printed to examples/Acropora//aln_seqs/led3204.nt.aln.nex.best_scheme.nex
Partition information in Raxml format was printed to examples/Acropora//aln_seqs/led3204.nt.aln.nex.best_scheme

All model information printed to examples/Acropora//aln_seqs/led3204.nt.aln.nex.model.gz
CPU time for ModelFinder: 0.645 seconds (0h:0m:0s)
Wall-clock time for ModelFinder: 21.627 seconds (0h:0m:21s)
Generating 1000 samples for ultrafast bootstrap (seed: 213423)...

NOTE: 0 MB RAM (0 GB) is required!
WARNING: Number of threads seems too high for short alignments. Use -nt AUTO to determine best number of threads.
Estimate model parameters (epsilon = 0.100)
Initial log-likelihood: -2246.406
Current log-likelihood at step 1: -2223.854
Current log-likelihood at step 2: -2223.644
Current log-likelihood at step 3: -2223.431
Current log-likelihood at step 4: -2223.213
Current log-likelihood at step 5: -2222.991
Current log-likelihood at step 6: -2222.765
Current log-likelihood at step 7: -2222.537
Current log-likelihood at step 8: -2222.306
Current log-likelihood at step 9: -2222.075
Current log-likelihood at step 10: -2219.820
Current log-likelihood at step 11: -2219.820
Partition-specific rates:  0.430 0.484 2.087
Parameters optimization took 10 rounds (1.333 sec)

Computing ML distances based on estimated model parameters... 0.004 sec
Computing BIONJ tree...
0.607 seconds
Log-likelihood of BIONJ tree: -2219.820
--------------------------------------------------------------------
|             INITIALIZING CANDIDATE TREE SET                      |
--------------------------------------------------------------------
Generating 99 parsimony trees... 1.876 second
Computing log-likelihood of 4 initial trees ... 1.057 seconds
Current best score: -2219.820

Do NNI search on 5 best initial trees
Finish initializing candidate tree set (5)
Current best tree score: -2219.820 / CPU time: 6.205
Number of iterations: 5
--------------------------------------------------------------------
|               OPTIMIZING CANDIDATE TREE SET                      |
--------------------------------------------------------------------
Iteration 10 / LogL: -2219.820 / Time: 0h:0m:15s
Iteration 20 / LogL: -2219.820 / Time: 0h:0m:27s
Iteration 30 / LogL: -2219.820 / Time: 0h:0m:41s (0h:1m:38s left)
Iteration 40 / LogL: -2219.820 / Time: 0h:0m:55s (0h:1m:25s left)
Iteration 50 / LogL: -2219.820 / Time: 0h:1m:12s (0h:1m:13s left)
Log-likelihood cutoff on original alignment: -2234.951
Iteration 60 / LogL: -2219.820 / Time: 0h:1m:26s (0h:0m:58s left)
Iteration 70 / LogL: -2219.820 / Time: 0h:1m:46s (0h:0m:45s left)
Iteration 80 / LogL: -2219.820 / Time: 0h:2m:1s (0h:0m:30s left)
Iteration 90 / LogL: -2219.820 / Time: 0h:2m:19s (0h:0m:15s left)
Iteration 100 / LogL: -2219.820 / Time: 0h:2m:31s (0h:0m:0s left)
Log-likelihood cutoff on original alignment: -2234.952
NOTE: Bootstrap correlation coefficient of split occurrence frequencies: 1.000
TREE SEARCH COMPLETED AFTER 101 ITERATIONS / Time: 0h:2m:34s

--------------------------------------------------------------------
|                    FINALIZING TREE SEARCH                        |
--------------------------------------------------------------------
Performs final model parameters optimization
Estimate model parameters (epsilon = 0.010)
Initial log-likelihood: -2219.820
Current log-likelihood at step 1: -2219.820
Partition-specific rates:  0.430 0.484 2.087
Parameters optimization took 0 rounds (0.040 sec)

BEST SCORE FOUND : -2219.820
Creating bootstrap support values...
Split supports printed to NEXUS file examples/Acropora//aln_seqs/led3204.nt.aln.nex.splits.nex
Total tree length: 0.045

Total number of iterations: 101
CPU time used for tree search: 3.824 sec (0h:0m:3s)
Wall-clock time used for tree search: 150.224 sec (0h:2m:30s)
Total CPU time used: 3.954 sec (0h:0m:3s)
Total wall-clock time used: 156.661 sec (0h:2m:36s)

Computing bootstrap consensus tree...
Reading input file examples/Acropora//aln_seqs/led3204.nt.aln.nex.splits.nex...
5 taxa and 9 splits.
Consensus tree written to examples/Acropora//aln_seqs/led3204.nt.aln.nex.contree
Reading input trees file examples/Acropora//aln_seqs/led3204.nt.aln.nex.contree
Log-likelihood of consensus tree: -2219.820

Analysis results written to: 
  IQ-TREE report:                examples/Acropora//aln_seqs/led3204.nt.aln.nex.iqtree
  Maximum-likelihood tree:       examples/Acropora//aln_seqs/led3204.nt.aln.nex.treefile
  Likelihood distances:          examples/Acropora//aln_seqs/led3204.nt.aln.nex.mldist
  Best partitioning scheme:      examples/Acropora//aln_seqs/led3204.nt.aln.nex.best_scheme.nex
           in RAxML format:      examples/Acropora//aln_seqs/led3204.nt.aln.nex.best_scheme

Ultrafast bootstrap approximation results written to:
  Split support values:          examples/Acropora//aln_seqs/led3204.nt.aln.nex.splits.nex
  Consensus tree:                examples/Acropora//aln_seqs/led3204.nt.aln.nex.contree
  Screen log file:               examples/Acropora//aln_seqs/led3204.nt.aln.nex.log

Date and Time: Sat Jan 12 16:32:29 2019
