IQ-TREE multicore version 1.6.8 for Linux 64-bit built Oct 28 2018
Developed by Bui Quang Minh, Nguyen Lam Tung, Olga Chernomor,
Heiko Schmidt, Dominik Schrempf, Michael Woodhams.

Host:    sango10206.oist.jp (AVX2, FMA3, 125 GB RAM)
Command: iqtree -s examples/Acropora//aln_seqs/led3093.nt.aln -bb 1000 -redo -nt 3 -spp examples/Acropora//aln_seqs/led3093.nt.aln.nex -m MFPMERGE
Seed:    184162 (Using SPRNG - Scalable Parallel Random Number Generator)
Time:    Sat Jan 12 16:21:51 2019
Kernel:  AVX+FMA - 3 threads (24 CPU cores detected)

Reading partition model file examples/Acropora//aln_seqs/led3093.nt.aln.nex ...
Reading alignment file examples/Acropora//aln_seqs/led3093.nt.aln ... Fasta format detected
Alignment most likely contains DNA/RNA sequences
Alignment has 5 sequences with 1755 columns, 58 distinct patterns
20 parsimony-informative, 66 singleton sites, 1669 constant sites
                          Gap/Ambiguity  Composition  p-value
   1  Adif_sc0000001.g276.t1      4.79%    passed     99.97%
   2  Aech_sc0000003.g27284.t1    4.79%    passed     99.77%
   3  Agem_sc0000135.g27716.t1    0.00%    passed     99.95%
   4  Asub_sc0000141.g8665.t1     0.00%    passed     99.81%
   5  Aten_sc0000244.g144.t1      0.00%    passed     99.83%
****  TOTAL                       1.91%  0 sequences failed composition chi2 test (p-value<5%; df=3)
NOTE: No CharPartition defined, use all CharSets

Loading 3 partitions...
Subset	Type	Seqs	Sites	Infor	Invar	Model	Name
1		5	585	1	569	MFPMERGE	p1
2		5	585	3	570	MFPMERGE	p2
3		5	585	16	530	MFPMERGE	p3
Degree of missing data: 0.000
Info: multi-threading strategy over partitions



Create initial parsimony tree by phylogenetic likelihood library (PLL)... 0.000 seconds
NOTE: ModelFinder requires 0 MB RAM!
Testing GTR+F+G on supermatrix...
WARNING: Number of threads seems too high for short alignments. Use -nt AUTO to determine best number of threads.
GTR+F+G4 / LnL: -2972.485 / df: 16 / AIC: 5976.971 / AICc: 5977.284 / BIC: 6064.494
Selecting individual models for 3 charsets using BIC...
 No. Model        Score       Charset
   1 F81+F        1822.293    p1
   2 HKY+F        2267.334    p3
   3 HKY+F+I      1826.958    p2
Full partition model BIC score: 5977.884 (LnL: -2910.505  df:21)
Merging models to increase model fit (about 7 total partition schemes)...
   4 HKY+F        6041.231    p1+p3
   5 HKY+F+I      6017.085    p1+p2
   6 HKY+F+I      5968.943    p2+p3
Merging p2+p3 with BIC score: 5968.943 (LnL: -2924.710  df: 16)
   7 HKY+F+I      6037.906    p1+p2+p3
BEST-FIT PARTITION MODEL: 
  charpartition BIC = F81+F: p1, HKY+F+I: p2 p3;
Agglomerative model selection: (p1,(p2,p3)1:5968.94)
Merging into 2 partitions...
Partition information was printed to examples/Acropora//aln_seqs/led3093.nt.aln.nex.best_scheme.nex
Partition information in Raxml format was printed to examples/Acropora//aln_seqs/led3093.nt.aln.nex.best_scheme

All model information printed to examples/Acropora//aln_seqs/led3093.nt.aln.nex.model.gz
CPU time for ModelFinder: 1.031 seconds (0h:0m:1s)
Wall-clock time for ModelFinder: 35.383 seconds (0h:0m:35s)
WARNING: 3 threads for alignment length 21 will slow down analysis
Generating 1000 samples for ultrafast bootstrap (seed: 184162)...
WARNING: 3 threads for alignment length 21 will slow down analysis

NOTE: 0 MB RAM (0 GB) is required!
Estimate model parameters (epsilon = 0.100)
Initial log-likelihood: -2964.778
Current log-likelihood at step 1: -2935.823
Current log-likelihood at step 2: -2935.578
Current log-likelihood at step 3: -2935.436
Current log-likelihood at step 4: -2935.294
Current log-likelihood at step 5: -2935.149
Current log-likelihood at step 6: -2935.003
Current log-likelihood at step 7: -2934.855
Current log-likelihood at step 8: -2934.704
Current log-likelihood at step 9: -2934.552
Current log-likelihood at step 10: -2934.397
Current log-likelihood at step 11: -2934.240
Current log-likelihood at step 12: -2934.080
Current log-likelihood at step 13: -2933.918
Current log-likelihood at step 14: -2933.754
Current log-likelihood at step 15: -2933.587
Current log-likelihood at step 16: -2933.418
Current log-likelihood at step 17: -2933.246
Current log-likelihood at step 18: -2933.071
Current log-likelihood at step 19: -2932.893
Current log-likelihood at step 20: -2932.713
Current log-likelihood at step 21: -2932.530
Current log-likelihood at step 22: -2932.344
Current log-likelihood at step 23: -2932.155
Current log-likelihood at step 24: -2931.963
Current log-likelihood at step 25: -2931.768
Current log-likelihood at step 26: -2931.570
Current log-likelihood at step 27: -2931.369
Current log-likelihood at step 28: -2931.165
Current log-likelihood at step 29: -2930.958
Current log-likelihood at step 30: -2930.747
Current log-likelihood at step 31: -2930.534
Current log-likelihood at step 32: -2930.317
Current log-likelihood at step 33: -2930.098
Current log-likelihood at step 34: -2929.875
Current log-likelihood at step 35: -2929.650
Current log-likelihood at step 36: -2929.422
Current log-likelihood at step 37: -2929.192
Current log-likelihood at step 38: -2928.959
Current log-likelihood at step 39: -2928.725
Current log-likelihood at step 40: -2928.489
Current log-likelihood at step 41: -2928.252
Current log-likelihood at step 42: -2924.712
Current log-likelihood at step 43: -2924.709
Partition-specific rates:  0.511 1.245
Parameters optimization took 42 rounds (9.522 sec)

Computing ML distances based on estimated model parameters... 0.001 sec
Computing BIONJ tree...
0.427 seconds
Log-likelihood of BIONJ tree: -2924.709
--------------------------------------------------------------------
|             INITIALIZING CANDIDATE TREE SET                      |
--------------------------------------------------------------------
Generating 99 parsimony trees... 1.725 second
Computing log-likelihood of 4 initial trees ... 0.656 seconds
Current best score: -2924.709

Do NNI search on 5 best initial trees
UPDATE BEST LOG-LIKELIHOOD: -2924.709
Finish initializing candidate tree set (5)
Current best tree score: -2924.709 / CPU time: 6.469
Number of iterations: 5
--------------------------------------------------------------------
|               OPTIMIZING CANDIDATE TREE SET                      |
--------------------------------------------------------------------
Iteration 10 / LogL: -2932.894 / Time: 0h:0m:23s
Iteration 20 / LogL: -2924.709 / Time: 0h:0m:34s
Iteration 30 / LogL: -2924.709 / Time: 0h:0m:51s (0h:2m:3s left)
Iteration 40 / LogL: -2924.709 / Time: 0h:1m:5s (0h:1m:40s left)
Iteration 50 / LogL: -2924.709 / Time: 0h:1m:17s (0h:1m:19s left)
Log-likelihood cutoff on original alignment: -2963.192
Iteration 60 / LogL: -2924.709 / Time: 0h:1m:33s (0h:1m:2s left)
Iteration 70 / LogL: -2924.709 / Time: 0h:1m:50s (0h:0m:47s left)
Iteration 80 / LogL: -2924.709 / Time: 0h:2m:9s (0h:0m:32s left)
Iteration 90 / LogL: -2924.709 / Time: 0h:2m:24s (0h:0m:16s left)
Iteration 100 / LogL: -2924.709 / Time: 0h:2m:37s (0h:0m:0s left)
Log-likelihood cutoff on original alignment: -2963.192
NOTE: Bootstrap correlation coefficient of split occurrence frequencies: 1.000
TREE SEARCH COMPLETED AFTER 101 ITERATIONS / Time: 0h:2m:39s

--------------------------------------------------------------------
|                    FINALIZING TREE SEARCH                        |
--------------------------------------------------------------------
Performs final model parameters optimization
Estimate model parameters (epsilon = 0.010)
Initial log-likelihood: -2924.709
Current log-likelihood at step 1: -2924.708
Partition-specific rates:  0.511 1.245
Parameters optimization took 0 rounds (0.102 sec)

BEST SCORE FOUND : -2924.708
Creating bootstrap support values...
Split supports printed to NEXUS file examples/Acropora//aln_seqs/led3093.nt.aln.nex.splits.nex
Total tree length: 0.058

Total number of iterations: 101
CPU time used for tree search: 4.948 sec (0h:0m:4s)
Wall-clock time used for tree search: 148.620 sec (0h:2m:28s)
Total CPU time used: 5.397 sec (0h:0m:5s)
Total wall-clock time used: 161.498 sec (0h:2m:41s)

Computing bootstrap consensus tree...
Reading input file examples/Acropora//aln_seqs/led3093.nt.aln.nex.splits.nex...
5 taxa and 13 splits.
Consensus tree written to examples/Acropora//aln_seqs/led3093.nt.aln.nex.contree
Reading input trees file examples/Acropora//aln_seqs/led3093.nt.aln.nex.contree
Log-likelihood of consensus tree: -2924.708

Analysis results written to: 
  IQ-TREE report:                examples/Acropora//aln_seqs/led3093.nt.aln.nex.iqtree
  Maximum-likelihood tree:       examples/Acropora//aln_seqs/led3093.nt.aln.nex.treefile
  Likelihood distances:          examples/Acropora//aln_seqs/led3093.nt.aln.nex.mldist
  Best partitioning scheme:      examples/Acropora//aln_seqs/led3093.nt.aln.nex.best_scheme.nex
           in RAxML format:      examples/Acropora//aln_seqs/led3093.nt.aln.nex.best_scheme

Ultrafast bootstrap approximation results written to:
  Split support values:          examples/Acropora//aln_seqs/led3093.nt.aln.nex.splits.nex
  Consensus tree:                examples/Acropora//aln_seqs/led3093.nt.aln.nex.contree
  Screen log file:               examples/Acropora//aln_seqs/led3093.nt.aln.nex.log

Date and Time: Sat Jan 12 16:25:09 2019
