IQ-TREE multicore version 1.6.8 for Linux 64-bit built Oct 28 2018
Developed by Bui Quang Minh, Nguyen Lam Tung, Olga Chernomor,
Heiko Schmidt, Dominik Schrempf, Michael Woodhams.

Host:    sango10206.oist.jp (AVX2, FMA3, 125 GB RAM)
Command: iqtree -s examples/Acropora//aln_seqs/led3036.nt.aln -bb 1000 -redo -nt 3 -spp examples/Acropora//aln_seqs/led3036.nt.aln.nex -m MFPMERGE
Seed:    807695 (Using SPRNG - Scalable Parallel Random Number Generator)
Time:    Sat Jan 12 16:13:58 2019
Kernel:  AVX+FMA - 3 threads (24 CPU cores detected)

Reading partition model file examples/Acropora//aln_seqs/led3036.nt.aln.nex ...
Reading alignment file examples/Acropora//aln_seqs/led3036.nt.aln ... Fasta format detected
Alignment most likely contains DNA/RNA sequences
Alignment has 5 sequences with 726 columns, 21 distinct patterns
2 parsimony-informative, 23 singleton sites, 701 constant sites
                          Gap/Ambiguity  Composition  p-value
   1  Adif_sc0000001.g106.t1      0.00%    passed     99.83%
   2  Aech_sc0000013.g28770.t1    0.00%    passed     99.74%
   3  Agem_sc0000048.g5280.t1     0.00%    passed     99.95%
   4  Asub_sc0000038.g11141.t1    0.00%    passed     99.98%
   5  Aten_sc0000178.g279.t1      0.00%    passed     99.69%
****  TOTAL                       0.00%  0 sequences failed composition chi2 test (p-value<5%; df=3)
NOTE: No CharPartition defined, use all CharSets

Loading 3 partitions...
Subset	Type	Seqs	Sites	Infor	Invar	Model	Name
1		5	242	0	240	MFPMERGE	p1
WARNING: No parsimony-informative sites in partition p1
2		5	242	0	241	MFPMERGE	p2
WARNING: No parsimony-informative sites in partition p2
3		5	242	2	220	MFPMERGE	p3
Degree of missing data: 0.000
Info: multi-threading strategy over partitions



Create initial parsimony tree by phylogenetic likelihood library (PLL)... 0.000 seconds
NOTE: ModelFinder requires 0 MB RAM!
Testing GTR+F+G on supermatrix...
WARNING: 3 threads for alignment length 21 will slow down analysis
WARNING: Number of threads seems too high for short alignments. Use -nt AUTO to determine best number of threads.
GTR+F+G4 / LnL: -1149.703 / df: 16 / AIC: 2331.406 / AICc: 2332.174 / BIC: 2404.807
Selecting individual models for 3 charsets using BIC...
 No. Model        Score       Charset
   1 JC           695.428     p2
   2 F81+F        699.715     p1
   3 HKY+F        912.252     p3
Full partition model BIC score: 2357.906 (LnL: -1126.253  df:16)
Merging models to increase model fit (about 7 total partition schemes)...
   4 F81+F        2353.922    p1+p2
   5 HKY+F        2361.769    p2+p3
   6 HKY+F        2379.701    p1+p3
Merging p1+p2 with BIC score: 2353.922 (LnL: -1127.554  df: 15)
   7 HKY+F        2376.008    p1+p2+p3
BEST-FIT PARTITION MODEL: 
  charpartition BIC = F81+F: p1 p2, HKY+F: p3;
Agglomerative model selection: ((p1,p2)1:2353.92,p3)
Merging into 2 partitions...
Partition information was printed to examples/Acropora//aln_seqs/led3036.nt.aln.nex.best_scheme.nex
Partition information in Raxml format was printed to examples/Acropora//aln_seqs/led3036.nt.aln.nex.best_scheme

All model information printed to examples/Acropora//aln_seqs/led3036.nt.aln.nex.model.gz
CPU time for ModelFinder: 0.548 seconds (0h:0m:0s)
Wall-clock time for ModelFinder: 21.675 seconds (0h:0m:21s)
WARNING: 3 threads for alignment length 7 will slow down analysis
WARNING: 3 threads for alignment length 19 will slow down analysis
Generating 1000 samples for ultrafast bootstrap (seed: 807695)...
WARNING: 3 threads for alignment length 7 will slow down analysis
WARNING: 3 threads for alignment length 19 will slow down analysis

NOTE: 0 MB RAM (0 GB) is required!
Estimate model parameters (epsilon = 0.100)
Initial log-likelihood: -1155.796
Current log-likelihood at step 1: -1127.555
Current log-likelihood at step 2: -1127.554
Partition-specific rates:  0.168 2.664
Parameters optimization took 1 rounds (0.500 sec)

Computing ML distances based on estimated model parameters... 0.013 sec
Computing BIONJ tree...
0.256 seconds
Log-likelihood of BIONJ tree: -1127.554
--------------------------------------------------------------------
|             INITIALIZING CANDIDATE TREE SET                      |
--------------------------------------------------------------------
Generating 99 parsimony trees... 1.338 second
Computing log-likelihood of 8 initial trees ... 1.338 seconds
Current best score: -1127.554

Do NNI search on 9 best initial trees
UPDATE BEST LOG-LIKELIHOOD: -1127.554
UPDATE BEST LOG-LIKELIHOOD: -1127.554
Finish initializing candidate tree set (9)
Current best tree score: -1127.554 / CPU time: 8.481
Number of iterations: 9
--------------------------------------------------------------------
|               OPTIMIZING CANDIDATE TREE SET                      |
--------------------------------------------------------------------
Iteration 10 / LogL: -1127.554 / Time: 0h:0m:10s
Iteration 20 / LogL: -1127.554 / Time: 0h:0m:18s
Iteration 30 / LogL: -1127.554 / Time: 0h:0m:27s (0h:1m:5s left)
Iteration 40 / LogL: -1127.554 / Time: 0h:0m:36s (0h:0m:55s left)
Iteration 50 / LogL: -1127.554 / Time: 0h:0m:45s (0h:0m:46s left)
Log-likelihood cutoff on original alignment: -1133.762
Iteration 60 / LogL: -1127.554 / Time: 0h:0m:55s (0h:0m:37s left)
Iteration 70 / LogL: -1127.554 / Time: 0h:1m:4s (0h:0m:27s left)
Iteration 80 / LogL: -1127.554 / Time: 0h:1m:13s (0h:0m:18s left)
Iteration 90 / LogL: -1127.554 / Time: 0h:1m:25s (0h:0m:9s left)
Iteration 100 / LogL: -1127.554 / Time: 0h:1m:36s (0h:0m:0s left)
Log-likelihood cutoff on original alignment: -1133.762
NOTE: Bootstrap correlation coefficient of split occurrence frequencies: 0.996
TREE SEARCH COMPLETED AFTER 101 ITERATIONS / Time: 0h:1m:39s

--------------------------------------------------------------------
|                    FINALIZING TREE SEARCH                        |
--------------------------------------------------------------------
Performs final model parameters optimization
Estimate model parameters (epsilon = 0.010)
Initial log-likelihood: -1127.554
Current log-likelihood at step 1: -1127.554
Partition-specific rates:  0.168 2.664
Parameters optimization took 0 rounds (0.082 sec)

BEST SCORE FOUND : -1127.554
Creating bootstrap support values...
Split supports printed to NEXUS file examples/Acropora//aln_seqs/led3036.nt.aln.nex.splits.nex
Total tree length: 0.037

Total number of iterations: 101
CPU time used for tree search: 3.148 sec (0h:0m:3s)
Wall-clock time used for tree search: 97.904 sec (0h:1m:37s)
Total CPU time used: 3.218 sec (0h:0m:3s)
Total wall-clock time used: 101.161 sec (0h:1m:41s)

Computing bootstrap consensus tree...
Reading input file examples/Acropora//aln_seqs/led3036.nt.aln.nex.splits.nex...
5 taxa and 15 splits.
Consensus tree written to examples/Acropora//aln_seqs/led3036.nt.aln.nex.contree
Reading input trees file examples/Acropora//aln_seqs/led3036.nt.aln.nex.contree
Log-likelihood of consensus tree: -1127.554

Analysis results written to: 
  IQ-TREE report:                examples/Acropora//aln_seqs/led3036.nt.aln.nex.iqtree
  Maximum-likelihood tree:       examples/Acropora//aln_seqs/led3036.nt.aln.nex.treefile
  Likelihood distances:          examples/Acropora//aln_seqs/led3036.nt.aln.nex.mldist
  Best partitioning scheme:      examples/Acropora//aln_seqs/led3036.nt.aln.nex.best_scheme.nex
           in RAxML format:      examples/Acropora//aln_seqs/led3036.nt.aln.nex.best_scheme

Ultrafast bootstrap approximation results written to:
  Split support values:          examples/Acropora//aln_seqs/led3036.nt.aln.nex.splits.nex
  Consensus tree:                examples/Acropora//aln_seqs/led3036.nt.aln.nex.contree
  Screen log file:               examples/Acropora//aln_seqs/led3036.nt.aln.nex.log

Date and Time: Sat Jan 12 16:16:03 2019
