IQ-TREE multicore version 1.6.8 for Linux 64-bit built Oct 28 2018
Developed by Bui Quang Minh, Nguyen Lam Tung, Olga Chernomor,
Heiko Schmidt, Dominik Schrempf, Michael Woodhams.

Host:    sango10206.oist.jp (AVX2, FMA3, 125 GB RAM)
Command: iqtree -s examples/Acropora//aln_seqs/led3900.nt.aln -bb 1000 -redo -nt 3 -spp examples/Acropora//aln_seqs/led3900.nt.aln.nex -m MFPMERGE
Seed:    975561 (Using SPRNG - Scalable Parallel Random Number Generator)
Time:    Sat Jan 12 16:33:10 2019
Kernel:  AVX+FMA - 3 threads (24 CPU cores detected)

Reading partition model file examples/Acropora//aln_seqs/led3900.nt.aln.nex ...
Reading alignment file examples/Acropora//aln_seqs/led3900.nt.aln ... Fasta format detected
Alignment most likely contains DNA/RNA sequences
Alignment has 5 sequences with 2604 columns, 125 distinct patterns
76 parsimony-informative, 139 singleton sites, 2389 constant sites
                          Gap/Ambiguity  Composition  p-value
   1  Adif_sc0000012.g124.t1      4.26%    passed     97.73%
   2  Aech_sc0000002.g19467.t1   18.43%    passed     97.17%
   3  Agem_sc0000015.g26175.t1   26.96%    passed     97.98%
   4  Asub_sc0000009.g9300.t1    28.69%    passed     99.96%
   5  Aten_sc0000009.g371.t1      3.23%    passed     93.48%
****  TOTAL                      16.31%  0 sequences failed composition chi2 test (p-value<5%; df=3)
NOTE: No CharPartition defined, use all CharSets

Loading 3 partitions...
Subset	Type	Seqs	Sites	Infor	Invar	Model	Name
1		5	868	31	793	MFPMERGE	p1
2		5	868	22	809	MFPMERGE	p2
3		5	868	23	787	MFPMERGE	p3
Degree of missing data: 0.000
Info: multi-threading strategy over partitions



Create initial parsimony tree by phylogenetic likelihood library (PLL)... 0.000 seconds
NOTE: ModelFinder requires 1 MB RAM!
Testing GTR+F+G on supermatrix...
WARNING: Number of threads seems too high for short alignments. Use -nt AUTO to determine best number of threads.
GTR+F+G4 / LnL: -4923.960 / df: 16 / AIC: 9879.921 / AICc: 9880.131 / BIC: 9973.758
Selecting individual models for 3 charsets using BIC...
 No. Model        Score       Charset
   1 K3Pu+F       3132.914    p2
   2 HKY+F+I      3413.203    p3
   3 HKY+F+I      3371.589    p1
Full partition model BIC score: 9984.669 (LnL: -4897.957  df:24)
Merging models to increase model fit (about 7 total partition schemes)...
   4 HKY+F+I      9967.126    p1+p3
   5 HKY+F+I      9960.229    p2+p3
   6 TPM3u+F+I    9978.771    p1+p2
Merging p2+p3 with BIC score: 9960.229 (LnL: -4909.331  df: 18)
   7 HKY+F+I      9952.991    p1+p2+p3
Merging p1+p2+p3 with BIC score: 9952.991 (LnL: -4929.306  df: 12)
BEST-FIT PARTITION MODEL: 
  charpartition BIC = HKY+F+I: p1 p2 p3;
Agglomerative model selection: (p1,(p2,p3)1:9960.23)2:9952.99
Merging into 1 partitions...
Partition information was printed to examples/Acropora//aln_seqs/led3900.nt.aln.nex.best_scheme.nex
Partition information in Raxml format was printed to examples/Acropora//aln_seqs/led3900.nt.aln.nex.best_scheme

All model information printed to examples/Acropora//aln_seqs/led3900.nt.aln.nex.model.gz
CPU time for ModelFinder: 1.388 seconds (0h:0m:1s)
Wall-clock time for ModelFinder: 64.385 seconds (0h:1m:4s)
Generating 1000 samples for ultrafast bootstrap (seed: 975561)...

NOTE: 0 MB RAM (0 GB) is required!
Estimate model parameters (epsilon = 0.100)
Initial log-likelihood: -4967.881
Current log-likelihood at step 1: -4929.455
Current log-likelihood at step 2: -4929.310
Current log-likelihood at step 3: -4929.305
Partition-specific rates:  1.000
Parameters optimization took 2 rounds (0.606 sec)

Computing ML distances based on estimated model parameters... 0.007 sec
Computing BIONJ tree...
0.869 seconds
Log-likelihood of BIONJ tree: -4929.305
--------------------------------------------------------------------
|             INITIALIZING CANDIDATE TREE SET                      |
--------------------------------------------------------------------
Generating 99 parsimony trees... 1.161 second
Computing log-likelihood of 4 initial trees ... 0.755 seconds
Current best score: -4929.305

Do NNI search on 5 best initial trees
Finish initializing candidate tree set (5)
Current best tree score: -4929.305 / CPU time: 6.019
Number of iterations: 5
--------------------------------------------------------------------
|               OPTIMIZING CANDIDATE TREE SET                      |
--------------------------------------------------------------------
UPDATE BEST LOG-LIKELIHOOD: -4929.305
Iteration 10 / LogL: -4929.305 / Time: 0h:0m:13s
UPDATE BEST LOG-LIKELIHOOD: -4929.305
UPDATE BEST LOG-LIKELIHOOD: -4929.305
Iteration 20 / LogL: -4929.305 / Time: 0h:0m:25s
Iteration 30 / LogL: -4929.305 / Time: 0h:0m:40s (0h:1m:37s left)
Iteration 40 / LogL: -4929.305 / Time: 0h:0m:51s (0h:1m:18s left)
Iteration 50 / LogL: -4929.406 / Time: 0h:1m:1s (0h:1m:2s left)
Log-likelihood cutoff on original alignment: -4945.318
Iteration 60 / LogL: -4929.320 / Time: 0h:1m:14s (0h:0m:50s left)
Iteration 70 / LogL: -4929.571 / Time: 0h:1m:23s (0h:0m:36s left)
Iteration 80 / LogL: -4929.571 / Time: 0h:1m:31s (0h:0m:22s left)
Iteration 90 / LogL: -4929.324 / Time: 0h:1m:42s (0h:0m:11s left)
Iteration 100 / LogL: -4929.423 / Time: 0h:1m:53s (0h:0m:0s left)
Log-likelihood cutoff on original alignment: -4945.317
NOTE: Bootstrap correlation coefficient of split occurrence frequencies: 1.000
TREE SEARCH COMPLETED AFTER 101 ITERATIONS / Time: 0h:1m:55s

--------------------------------------------------------------------
|                    FINALIZING TREE SEARCH                        |
--------------------------------------------------------------------
Performs final model parameters optimization
Estimate model parameters (epsilon = 0.010)
Initial log-likelihood: -4929.305
Current log-likelihood at step 1: -4929.305
Partition-specific rates:  1.000
Parameters optimization took 0 rounds (0.134 sec)

BEST SCORE FOUND : -4929.305
Creating bootstrap support values...
Split supports printed to NEXUS file examples/Acropora//aln_seqs/led3900.nt.aln.nex.splits.nex
Total tree length: 0.122

Total number of iterations: 101
CPU time used for tree search: 3.325 sec (0h:0m:3s)
Wall-clock time used for tree search: 111.741 sec (0h:1m:51s)
Total CPU time used: 3.440 sec (0h:0m:3s)
Total wall-clock time used: 117.307 sec (0h:1m:57s)

Computing bootstrap consensus tree...
Reading input file examples/Acropora//aln_seqs/led3900.nt.aln.nex.splits.nex...
5 taxa and 9 splits.
Consensus tree written to examples/Acropora//aln_seqs/led3900.nt.aln.nex.contree
Reading input trees file examples/Acropora//aln_seqs/led3900.nt.aln.nex.contree
Log-likelihood of consensus tree: -4929.305

Analysis results written to: 
  IQ-TREE report:                examples/Acropora//aln_seqs/led3900.nt.aln.nex.iqtree
  Maximum-likelihood tree:       examples/Acropora//aln_seqs/led3900.nt.aln.nex.treefile
  Likelihood distances:          examples/Acropora//aln_seqs/led3900.nt.aln.nex.mldist
  Best partitioning scheme:      examples/Acropora//aln_seqs/led3900.nt.aln.nex.best_scheme.nex
           in RAxML format:      examples/Acropora//aln_seqs/led3900.nt.aln.nex.best_scheme

Ultrafast bootstrap approximation results written to:
  Split support values:          examples/Acropora//aln_seqs/led3900.nt.aln.nex.splits.nex
  Consensus tree:                examples/Acropora//aln_seqs/led3900.nt.aln.nex.contree
  Screen log file:               examples/Acropora//aln_seqs/led3900.nt.aln.nex.log

Date and Time: Sat Jan 12 16:36:14 2019
