IQ-TREE multicore version 1.6.8 for Linux 64-bit built Oct 28 2018
Developed by Bui Quang Minh, Nguyen Lam Tung, Olga Chernomor,
Heiko Schmidt, Dominik Schrempf, Michael Woodhams.

Host:    sango10206.oist.jp (AVX2, FMA3, 125 GB RAM)
Command: iqtree -s examples/Acropora//aln_seqs/led3861.nt.aln -bb 1000 -redo -nt 3 -spp examples/Acropora//aln_seqs/led3861.nt.aln.nex -m MFPMERGE
Seed:    524021 (Using SPRNG - Scalable Parallel Random Number Generator)
Time:    Sat Jan 12 16:03:23 2019
Kernel:  AVX+FMA - 3 threads (24 CPU cores detected)

Reading partition model file examples/Acropora//aln_seqs/led3861.nt.aln.nex ...
Reading alignment file examples/Acropora//aln_seqs/led3861.nt.aln ... Fasta format detected
Alignment most likely contains DNA/RNA sequences
Alignment has 5 sequences with 2319 columns, 62 distinct patterns
23 parsimony-informative, 130 singleton sites, 2166 constant sites
                          Gap/Ambiguity  Composition  p-value
   1  Adif_sc0000011.g125.t1      0.00%    passed     93.46%
   2  Aech_sc0000072.g20997.t1    2.07%    passed     96.84%
   3  Agem_sc0000106.g29578.t1    2.07%    passed     99.17%
   4  Asub_sc0000248.g13217.t1    2.07%    passed     99.82%
   5  Aten_sc0000143.g159.t1      0.26%    passed     99.62%
****  TOTAL                       1.29%  0 sequences failed composition chi2 test (p-value<5%; df=3)
NOTE: No CharPartition defined, use all CharSets

Loading 3 partitions...
Subset	Type	Seqs	Sites	Infor	Invar	Model	Name
1		5	773	8	728	MFPMERGE	p1
2		5	773	9	733	MFPMERGE	p2
3		5	773	6	705	MFPMERGE	p3
Degree of missing data: 0.000
Info: multi-threading strategy over partitions



Create initial parsimony tree by phylogenetic likelihood library (PLL)... 0.000 seconds
NOTE: ModelFinder requires 0 MB RAM!
Testing GTR+F+G on supermatrix...
WARNING: Number of threads seems too high for short alignments. Use -nt AUTO to determine best number of threads.
GTR+F+G4 / LnL: -4127.797 / df: 16 / AIC: 8287.593 / AICc: 8287.830 / BIC: 8379.576
Selecting individual models for 3 charsets using BIC...
 No. Model        Score       Charset
   1 HKY+F        2636.025    p2
   2 HKY+F        2959.278    p3
   3 HKY+F        2701.220    p1
Full partition model BIC score: 8359.495 (LnL: -4098.384  df:21)
Merging models to increase model fit (about 7 total partition schemes)...
   4 HKY+F        8364.677    p2+p3
   5 HKY+F        8346.069    p1+p3
   6 HKY+F        8349.246    p1+p2
Merging p1+p3 with BIC score: 8346.069 (LnL: -4111.043  df: 16)
   7 HKY+F        8346.985    p1+p2+p3
BEST-FIT PARTITION MODEL: 
  charpartition BIC = HKY+F: p1 p3, HKY+F: p2;
Agglomerative model selection: ((p1,p3)1:8346.07,p2)
Merging into 2 partitions...
Partition information was printed to examples/Acropora//aln_seqs/led3861.nt.aln.nex.best_scheme.nex
Partition information in Raxml format was printed to examples/Acropora//aln_seqs/led3861.nt.aln.nex.best_scheme

All model information printed to examples/Acropora//aln_seqs/led3861.nt.aln.nex.model.gz
CPU time for ModelFinder: 0.743 seconds (0h:0m:0s)
Wall-clock time for ModelFinder: 13.045 seconds (0h:0m:13s)
Generating 1000 samples for ultrafast bootstrap (seed: 524021)...

NOTE: 0 MB RAM (0 GB) is required!
Estimate model parameters (epsilon = 0.100)
Initial log-likelihood: -4135.486
Current log-likelihood at step 1: -4117.820
Current log-likelihood at step 2: -4117.161
Current log-likelihood at step 3: -4116.462
Current log-likelihood at step 4: -4115.722
Current log-likelihood at step 5: -4114.944
Current log-likelihood at step 6: -4114.138
Current log-likelihood at step 7: -4111.043
Current log-likelihood at step 8: -4111.043
Partition-specific rates:  1.110 0.781
Parameters optimization took 7 rounds (1.367 sec)

Computing ML distances based on estimated model parameters... 0.001 sec
Computing BIONJ tree...
0.141 seconds
Log-likelihood of BIONJ tree: -4111.044
--------------------------------------------------------------------
|             INITIALIZING CANDIDATE TREE SET                      |
--------------------------------------------------------------------
Generating 99 parsimony trees... 1.159 second
Computing log-likelihood of 4 initial trees ... 0.450 seconds
Current best score: -4111.043

Do NNI search on 5 best initial trees
Finish initializing candidate tree set (5)
Current best tree score: -4111.043 / CPU time: 4.238
Number of iterations: 5
--------------------------------------------------------------------
|               OPTIMIZING CANDIDATE TREE SET                      |
--------------------------------------------------------------------
UPDATE BEST LOG-LIKELIHOOD: -4111.043
Iteration 10 / LogL: -4111.043 / Time: 0h:0m:10s
Iteration 20 / LogL: -4111.043 / Time: 0h:0m:19s
Iteration 30 / LogL: -4111.044 / Time: 0h:0m:31s (0h:1m:15s left)
Iteration 40 / LogL: -4111.043 / Time: 0h:0m:43s (0h:1m:7s left)
Iteration 50 / LogL: -4111.043 / Time: 0h:0m:56s (0h:0m:57s left)
Log-likelihood cutoff on original alignment: -4124.484
Iteration 60 / LogL: -4111.043 / Time: 0h:1m:12s (0h:0m:49s left)
Iteration 70 / LogL: -4111.043 / Time: 0h:1m:28s (0h:0m:38s left)
Iteration 80 / LogL: -4111.044 / Time: 0h:1m:46s (0h:0m:26s left)
Iteration 90 / LogL: -4111.044 / Time: 0h:2m:4s (0h:0m:14s left)
Iteration 100 / LogL: -4111.043 / Time: 0h:2m:20s (0h:0m:0s left)
Log-likelihood cutoff on original alignment: -4124.484
NOTE: Bootstrap correlation coefficient of split occurrence frequencies: 1.000
TREE SEARCH COMPLETED AFTER 101 ITERATIONS / Time: 0h:2m:23s

--------------------------------------------------------------------
|                    FINALIZING TREE SEARCH                        |
--------------------------------------------------------------------
Performs final model parameters optimization
Estimate model parameters (epsilon = 0.010)
Initial log-likelihood: -4111.043
Current log-likelihood at step 1: -4111.043
Partition-specific rates:  1.110 0.781
Parameters optimization took 0 rounds (0.375 sec)

BEST SCORE FOUND : -4111.043
Creating bootstrap support values...
Split supports printed to NEXUS file examples/Acropora//aln_seqs/led3861.nt.aln.nex.splits.nex
Total tree length: 0.070

Total number of iterations: 101
CPU time used for tree search: 4.342 sec (0h:0m:4s)
Wall-clock time used for tree search: 141.927 sec (0h:2m:21s)
Total CPU time used: 4.506 sec (0h:0m:4s)
Total wall-clock time used: 146.521 sec (0h:2m:26s)

Computing bootstrap consensus tree...
Reading input file examples/Acropora//aln_seqs/led3861.nt.aln.nex.splits.nex...
5 taxa and 9 splits.
Consensus tree written to examples/Acropora//aln_seqs/led3861.nt.aln.nex.contree
Reading input trees file examples/Acropora//aln_seqs/led3861.nt.aln.nex.contree
Log-likelihood of consensus tree: -4111.044

Analysis results written to: 
  IQ-TREE report:                examples/Acropora//aln_seqs/led3861.nt.aln.nex.iqtree
  Maximum-likelihood tree:       examples/Acropora//aln_seqs/led3861.nt.aln.nex.treefile
  Likelihood distances:          examples/Acropora//aln_seqs/led3861.nt.aln.nex.mldist
  Best partitioning scheme:      examples/Acropora//aln_seqs/led3861.nt.aln.nex.best_scheme.nex
           in RAxML format:      examples/Acropora//aln_seqs/led3861.nt.aln.nex.best_scheme

Ultrafast bootstrap approximation results written to:
  Split support values:          examples/Acropora//aln_seqs/led3861.nt.aln.nex.splits.nex
  Consensus tree:                examples/Acropora//aln_seqs/led3861.nt.aln.nex.contree
  Screen log file:               examples/Acropora//aln_seqs/led3861.nt.aln.nex.log

Date and Time: Sat Jan 12 16:06:05 2019
