IQ-TREE multicore version 1.6.8 for Linux 64-bit built Oct 28 2018
Developed by Bui Quang Minh, Nguyen Lam Tung, Olga Chernomor,
Heiko Schmidt, Dominik Schrempf, Michael Woodhams.

Host:    sango10206.oist.jp (AVX2, FMA3, 125 GB RAM)
Command: iqtree -s examples/Acropora//aln_seqs/led3461.nt.aln -bb 1000 -redo -nt 3 -spp examples/Acropora//aln_seqs/led3461.nt.aln.nex -m MFPMERGE
Seed:    594070 (Using SPRNG - Scalable Parallel Random Number Generator)
Time:    Sat Jan 12 16:15:38 2019
Kernel:  AVX+FMA - 3 threads (24 CPU cores detected)

Reading partition model file examples/Acropora//aln_seqs/led3461.nt.aln.nex ...
Reading alignment file examples/Acropora//aln_seqs/led3461.nt.aln ... Fasta format detected
Alignment most likely contains DNA/RNA sequences
Alignment has 5 sequences with 2085 columns, 130 distinct patterns
142 parsimony-informative, 108 singleton sites, 1835 constant sites
                          Gap/Ambiguity  Composition  p-value
   1  Adif_sc0000005.g554.t1      6.33%    passed     98.55%
   2  Aech_sc0000006.g25373.t1   20.43%    passed     86.98%
   3  Agem_sc0000039.g16199.t1    9.35%    passed     95.17%
   4  Asub_sc0000010.g9928.t1    11.80%    passed     98.10%
   5  Aten_sc0000008.g241.t1      6.33%    passed     97.15%
****  TOTAL                      10.85%  0 sequences failed composition chi2 test (p-value<5%; df=3)
NOTE: No CharPartition defined, use all CharSets

Loading 3 partitions...
Subset	Type	Seqs	Sites	Infor	Invar	Model	Name
1		5	695	46	628	MFPMERGE	p1
2		5	695	35	624	MFPMERGE	p2
3		5	695	61	583	MFPMERGE	p3
Degree of missing data: 0.000
Info: multi-threading strategy over partitions



Create initial parsimony tree by phylogenetic likelihood library (PLL)... 0.000 seconds
NOTE: ModelFinder requires 1 MB RAM!
Testing GTR+F+G on supermatrix...
WARNING: Number of threads seems too high for short alignments. Use -nt AUTO to determine best number of threads.
GTR+F+G4 / LnL: -4350.512 / df: 16 / AIC: 8733.025 / AICc: 8733.288 / BIC: 8823.305
Selecting individual models for 3 charsets using BIC...
 No. Model        Score       Charset
   1 F81+F        2725.437    p1
   2 K2P          3219.273    p3
   3 K2P          2804.891    p2
Full partition model BIC score: 8804.245 (LnL: -4348.625  df:14)
Merging models to increase model fit (about 7 total partition schemes)...
   4 K2P          8814.302    p1+p3
   5 HKY+F+I      8798.865    p1+p2
   6 HKY+F        8799.173    p2+p3
Merging p1+p2 with BIC score: 8798.865 (LnL: -4345.935  df: 14)
   7 K2P+I        8800.078    p1+p2+p3
BEST-FIT PARTITION MODEL: 
  charpartition BIC = HKY+F+I: p1 p2, K2P: p3;
Agglomerative model selection: ((p1,p2)1:8798.87,p3)
Merging into 2 partitions...
Partition information was printed to examples/Acropora//aln_seqs/led3461.nt.aln.nex.best_scheme.nex
Partition information in Raxml format was printed to examples/Acropora//aln_seqs/led3461.nt.aln.nex.best_scheme

All model information printed to examples/Acropora//aln_seqs/led3461.nt.aln.nex.model.gz
CPU time for ModelFinder: 1.600 seconds (0h:0m:1s)
Wall-clock time for ModelFinder: 53.263 seconds (0h:0m:53s)
Generating 1000 samples for ultrafast bootstrap (seed: 594070)...

NOTE: 0 MB RAM (0 GB) is required!
Estimate model parameters (epsilon = 0.100)
Initial log-likelihood: -4363.854
Current log-likelihood at step 1: -4346.029
Current log-likelihood at step 2: -4345.920
Current log-likelihood at step 3: -4345.919
Partition-specific rates:  0.840 1.321
Parameters optimization took 2 rounds (0.678 sec)

Computing ML distances based on estimated model parameters... 0.000 sec
Computing BIONJ tree...
0.002 seconds
Log-likelihood of BIONJ tree: -4345.919
--------------------------------------------------------------------
|             INITIALIZING CANDIDATE TREE SET                      |
--------------------------------------------------------------------
Generating 99 parsimony trees... 1.948 second
Computing log-likelihood of 4 initial trees ... 1.172 seconds
Current best score: -4345.919

Do NNI search on 5 best initial trees
Finish initializing candidate tree set (5)
Current best tree score: -4345.919 / CPU time: 7.223
Number of iterations: 5
--------------------------------------------------------------------
|               OPTIMIZING CANDIDATE TREE SET                      |
--------------------------------------------------------------------
Iteration 10 / LogL: -4345.993 / Time: 0h:0m:18s
Iteration 20 / LogL: -4345.920 / Time: 0h:0m:33s
Iteration 30 / LogL: -4345.920 / Time: 0h:0m:53s (0h:2m:9s left)
Iteration 40 / LogL: -4345.920 / Time: 0h:1m:16s (0h:1m:56s left)
Iteration 50 / LogL: -4345.920 / Time: 0h:1m:34s (0h:1m:36s left)
Log-likelihood cutoff on original alignment: -4362.438
Iteration 60 / LogL: -4345.995 / Time: 0h:1m:51s (0h:1m:15s left)
Iteration 70 / LogL: -4345.965 / Time: 0h:2m:7s (0h:0m:55s left)
Iteration 80 / LogL: -4345.919 / Time: 0h:2m:24s (0h:0m:36s left)
Iteration 90 / LogL: -4351.959 / Time: 0h:2m:37s (0h:0m:17s left)
Iteration 100 / LogL: -4345.965 / Time: 0h:2m:54s (0h:0m:0s left)
Log-likelihood cutoff on original alignment: -4362.438
NOTE: Bootstrap correlation coefficient of split occurrence frequencies: 1.000
TREE SEARCH COMPLETED AFTER 101 ITERATIONS / Time: 0h:2m:58s

--------------------------------------------------------------------
|                    FINALIZING TREE SEARCH                        |
--------------------------------------------------------------------
Performs final model parameters optimization
Estimate model parameters (epsilon = 0.010)
Initial log-likelihood: -4345.919
Current log-likelihood at step 1: -4345.919
Partition-specific rates:  0.840 1.321
Parameters optimization took 0 rounds (0.257 sec)

BEST SCORE FOUND : -4345.919
Creating bootstrap support values...
Split supports printed to NEXUS file examples/Acropora//aln_seqs/led3461.nt.aln.nex.splits.nex
Total tree length: 0.162

Total number of iterations: 101
CPU time used for tree search: 5.773 sec (0h:0m:5s)
Wall-clock time used for tree search: 175.918 sec (0h:2m:55s)
Total CPU time used: 5.912 sec (0h:0m:5s)
Total wall-clock time used: 180.451 sec (0h:3m:0s)

Computing bootstrap consensus tree...
Reading input file examples/Acropora//aln_seqs/led3461.nt.aln.nex.splits.nex...
5 taxa and 8 splits.
Consensus tree written to examples/Acropora//aln_seqs/led3461.nt.aln.nex.contree
Reading input trees file examples/Acropora//aln_seqs/led3461.nt.aln.nex.contree
Log-likelihood of consensus tree: -4345.919

Analysis results written to: 
  IQ-TREE report:                examples/Acropora//aln_seqs/led3461.nt.aln.nex.iqtree
  Maximum-likelihood tree:       examples/Acropora//aln_seqs/led3461.nt.aln.nex.treefile
  Likelihood distances:          examples/Acropora//aln_seqs/led3461.nt.aln.nex.mldist
  Best partitioning scheme:      examples/Acropora//aln_seqs/led3461.nt.aln.nex.best_scheme.nex
           in RAxML format:      examples/Acropora//aln_seqs/led3461.nt.aln.nex.best_scheme

Ultrafast bootstrap approximation results written to:
  Split support values:          examples/Acropora//aln_seqs/led3461.nt.aln.nex.splits.nex
  Consensus tree:                examples/Acropora//aln_seqs/led3461.nt.aln.nex.contree
  Screen log file:               examples/Acropora//aln_seqs/led3461.nt.aln.nex.log

Date and Time: Sat Jan 12 16:19:34 2019
