IQ-TREE multicore version 1.6.8 for Linux 64-bit built Oct 28 2018
Developed by Bui Quang Minh, Nguyen Lam Tung, Olga Chernomor,
Heiko Schmidt, Dominik Schrempf, Michael Woodhams.

Host:    sango10206.oist.jp (AVX2, FMA3, 125 GB RAM)
Command: iqtree -s examples/Acropora//aln_seqs/led3692.nt.aln -bb 1000 -redo -nt 3 -spp examples/Acropora//aln_seqs/led3692.nt.aln.nex -m MFPMERGE
Seed:    77819 (Using SPRNG - Scalable Parallel Random Number Generator)
Time:    Sat Jan 12 16:46:03 2019
Kernel:  AVX+FMA - 3 threads (24 CPU cores detected)

Reading partition model file examples/Acropora//aln_seqs/led3692.nt.aln.nex ...
Reading alignment file examples/Acropora//aln_seqs/led3692.nt.aln ... Fasta format detected
Alignment most likely contains DNA/RNA sequences
Alignment has 5 sequences with 7044 columns, 153 distinct patterns
124 parsimony-informative, 281 singleton sites, 6639 constant sites
                          Gap/Ambiguity  Composition  p-value
   1  Adif_sc0000008.g301.t1      0.04%    passed     99.61%
   2  Aech_sc0000011.g321.t1      2.56%    passed     92.41%
   3  Agem_sc0000002.g21226.t1   11.33%    passed     81.57%
   4  Asub_sc0000015.g26003.t1    2.90%    passed     99.92%
   5  Aten_sc0000009.g486.t1      0.00%    passed     99.58%
****  TOTAL                       3.36%  0 sequences failed composition chi2 test (p-value<5%; df=3)
NOTE: No CharPartition defined, use all CharSets

Loading 3 partitions...
Subset	Type	Seqs	Sites	Infor	Invar	Model	Name
1		5	2348	26	2256	MFPMERGE	p1
2		5	2348	21	2281	MFPMERGE	p2
3		5	2348	77	2102	MFPMERGE	p3
Degree of missing data: 0.000
Info: multi-threading strategy over partitions



Create initial parsimony tree by phylogenetic likelihood library (PLL)... 0.050 seconds
NOTE: ModelFinder requires 1 MB RAM!
Testing GTR+F+G on supermatrix...
WARNING: Number of threads seems too high for short alignments. Use -nt AUTO to determine best number of threads.
GTR+F+G4 / LnL: -12503.283 / df: 16 / AIC: 25038.567 / AICc: 25038.644 / BIC: 25148.325
Selecting individual models for 3 charsets using BIC...
 No. Model        Score       Charset
   1 HKY+F+I      7449.464    p2
   2 K2P+G4       9578.057    p3
   3 HKY+F+I      7782.145    p1
Full partition model BIC score: 24879.305 (LnL: -12346.623  df:21)
Merging models to increase model fit (about 7 total partition schemes)...
   4 HKY+F+G4     25003.575   p1+p3
   5 HKY+F+G4     25008.094   p2+p3
   6 HKY+F+I      24972.747   p1+p2
BEST-FIT PARTITION MODEL: 
  charpartition BIC = HKY+F+I: p1, HKY+F+I: p2, K2P+G4: p3;
Agglomerative model selection: (p1,p2,p3)
Partition information was printed to examples/Acropora//aln_seqs/led3692.nt.aln.nex.best_scheme.nex
Partition information in Raxml format was printed to examples/Acropora//aln_seqs/led3692.nt.aln.nex.best_scheme

All model information printed to examples/Acropora//aln_seqs/led3692.nt.aln.nex.model.gz
CPU time for ModelFinder: 1.480 seconds (0h:0m:1s)
Wall-clock time for ModelFinder: 48.421 seconds (0h:0m:48s)
Generating 1000 samples for ultrafast bootstrap (seed: 77819)...

NOTE: 1 MB RAM (0 GB) is required!
WARNING: Number of threads seems too high for short alignments. Use -nt AUTO to determine best number of threads.
Estimate model parameters (epsilon = 0.100)
Initial log-likelihood: -12481.593
Current log-likelihood at step 1: -12347.731
Current log-likelihood at step 2: -12346.649
Current log-likelihood at step 3: -12346.618
Partition-specific rates:  0.678 0.521 1.801
Parameters optimization took 2 rounds (0.478 sec)

Computing ML distances based on estimated model parameters... 0.007 sec
Computing BIONJ tree...
0.238 seconds
Log-likelihood of BIONJ tree: -12374.400
--------------------------------------------------------------------
|             INITIALIZING CANDIDATE TREE SET                      |
--------------------------------------------------------------------
Generating 98 parsimony trees... 2.283 second
Computing log-likelihood of 3 initial trees ... 0.615 seconds
Current best score: -12346.618

Do NNI search on 5 best initial trees
Finish initializing candidate tree set (5)
Current best tree score: -12346.618 / CPU time: 7.221
Number of iterations: 5
--------------------------------------------------------------------
|               OPTIMIZING CANDIDATE TREE SET                      |
--------------------------------------------------------------------
UPDATE BEST LOG-LIKELIHOOD: -12346.618
Iteration 10 / LogL: -12346.619 / Time: 0h:0m:14s
Iteration 20 / LogL: -12346.619 / Time: 0h:0m:28s
Iteration 30 / LogL: -12346.626 / Time: 0h:0m:44s (0h:1m:46s left)
Iteration 40 / LogL: -12346.626 / Time: 0h:0m:57s (0h:1m:27s left)
Iteration 50 / LogL: -12346.618 / Time: 0h:1m:7s (0h:1m:9s left)
Log-likelihood cutoff on original alignment: -12374.467
Iteration 60 / LogL: -12346.618 / Time: 0h:1m:22s (0h:0m:55s left)
Iteration 70 / LogL: -12346.626 / Time: 0h:1m:36s (0h:0m:41s left)
Iteration 80 / LogL: -12346.626 / Time: 0h:1m:51s (0h:0m:28s left)
Iteration 90 / LogL: -12346.619 / Time: 0h:2m:6s (0h:0m:14s left)
Iteration 100 / LogL: -12346.626 / Time: 0h:2m:17s (0h:0m:0s left)
Log-likelihood cutoff on original alignment: -12374.475
NOTE: Bootstrap correlation coefficient of split occurrence frequencies: 1.000
TREE SEARCH COMPLETED AFTER 101 ITERATIONS / Time: 0h:2m:19s

--------------------------------------------------------------------
|                    FINALIZING TREE SEARCH                        |
--------------------------------------------------------------------
Performs final model parameters optimization
Estimate model parameters (epsilon = 0.010)
Initial log-likelihood: -12346.618
Current log-likelihood at step 1: -12346.617
Partition-specific rates:  0.678 0.521 1.801
Parameters optimization took 0 rounds (0.429 sec)

BEST SCORE FOUND : -12346.617
Creating bootstrap support values...
Split supports printed to NEXUS file examples/Acropora//aln_seqs/led3692.nt.aln.nex.splits.nex
Total tree length: 0.068

Total number of iterations: 101
CPU time used for tree search: 4.312 sec (0h:0m:4s)
Wall-clock time used for tree search: 136.518 sec (0h:2m:16s)
Total CPU time used: 4.460 sec (0h:0m:4s)
Total wall-clock time used: 141.949 sec (0h:2m:21s)

Computing bootstrap consensus tree...
Reading input file examples/Acropora//aln_seqs/led3692.nt.aln.nex.splits.nex...
5 taxa and 8 splits.
Consensus tree written to examples/Acropora//aln_seqs/led3692.nt.aln.nex.contree
Reading input trees file examples/Acropora//aln_seqs/led3692.nt.aln.nex.contree
Log-likelihood of consensus tree: -12346.617

Analysis results written to: 
  IQ-TREE report:                examples/Acropora//aln_seqs/led3692.nt.aln.nex.iqtree
  Maximum-likelihood tree:       examples/Acropora//aln_seqs/led3692.nt.aln.nex.treefile
  Likelihood distances:          examples/Acropora//aln_seqs/led3692.nt.aln.nex.mldist
  Best partitioning scheme:      examples/Acropora//aln_seqs/led3692.nt.aln.nex.best_scheme.nex
           in RAxML format:      examples/Acropora//aln_seqs/led3692.nt.aln.nex.best_scheme

Ultrafast bootstrap approximation results written to:
  Split support values:          examples/Acropora//aln_seqs/led3692.nt.aln.nex.splits.nex
  Consensus tree:                examples/Acropora//aln_seqs/led3692.nt.aln.nex.contree
  Screen log file:               examples/Acropora//aln_seqs/led3692.nt.aln.nex.log

Date and Time: Sat Jan 12 16:49:15 2019
