IQ-TREE multicore version 1.6.8 for Linux 64-bit built Oct 28 2018
Developed by Bui Quang Minh, Nguyen Lam Tung, Olga Chernomor,
Heiko Schmidt, Dominik Schrempf, Michael Woodhams.

Host:    sango10206.oist.jp (AVX2, FMA3, 125 GB RAM)
Command: iqtree -s examples/Acropora//aln_seqs/led3868.nt.aln -bb 1000 -redo -nt 3 -spp examples/Acropora//aln_seqs/led3868.nt.aln.nex -m MFPMERGE
Seed:    927706 (Using SPRNG - Scalable Parallel Random Number Generator)
Time:    Sat Jan 12 16:17:02 2019
Kernel:  AVX+FMA - 3 threads (24 CPU cores detected)

Reading partition model file examples/Acropora//aln_seqs/led3868.nt.aln.nex ...
Reading alignment file examples/Acropora//aln_seqs/led3868.nt.aln ... Fasta format detected
Alignment most likely contains DNA/RNA sequences
Alignment has 5 sequences with 2112 columns, 50 distinct patterns
17 parsimony-informative, 79 singleton sites, 2016 constant sites
                          Gap/Ambiguity  Composition  p-value
   1  Adif_sc0000011.g148.t1      0.00%    passed     99.87%
   2  Aech_sc0000072.g21015.t1    0.00%    passed     99.85%
   3  Agem_sc0000106.g29563.t1    0.00%    passed     99.98%
   4  Asub_sc0000248.g13234.t1    0.00%    passed     99.97%
   5  Aten_sc0000246.g189.t1      0.00%    passed     99.83%
****  TOTAL                       0.00%  0 sequences failed composition chi2 test (p-value<5%; df=3)
NOTE: No CharPartition defined, use all CharSets

Loading 3 partitions...
Subset	Type	Seqs	Sites	Infor	Invar	Model	Name
1		5	704	4	689	MFPMERGE	p1
2		5	704	1	696	MFPMERGE	p2
3		5	704	12	631	MFPMERGE	p3
Degree of missing data: 0.000
Info: multi-threading strategy over partitions



Create initial parsimony tree by phylogenetic likelihood library (PLL)... 0.000 seconds
NOTE: ModelFinder requires 0 MB RAM!
Testing GTR+F+G on supermatrix...
WARNING: Number of threads seems too high for short alignments. Use -nt AUTO to determine best number of threads.
GTR+F+G4 / LnL: -3553.530 / df: 16 / AIC: 7139.061 / AICc: 7139.320 / BIC: 7229.547
Selecting individual models for 3 charsets using BIC...
 No. Model        Score       Charset
   1 F81+F        2025.496    p2
   2 F81+F+I      2165.946    p1
   3 K2P          2794.160    p3
Full partition model BIC score: 7043.620 (LnL: -3456.739  df:17)
Merging models to increase model fit (about 7 total partition schemes)...
   4 F81+F+I      7093.395    p1+p2
   5 HKY+F        7156.469    p2+p3
   6 HKY+F+I      7122.113    p1+p3
BEST-FIT PARTITION MODEL: 
  charpartition BIC = F81+F+I: p1, F81+F: p2, K2P: p3;
Agglomerative model selection: (p1,p2,p3)
Partition information was printed to examples/Acropora//aln_seqs/led3868.nt.aln.nex.best_scheme.nex
Partition information in Raxml format was printed to examples/Acropora//aln_seqs/led3868.nt.aln.nex.best_scheme

All model information printed to examples/Acropora//aln_seqs/led3868.nt.aln.nex.model.gz
CPU time for ModelFinder: 0.562 seconds (0h:0m:0s)
Wall-clock time for ModelFinder: 17.919 seconds (0h:0m:17s)
Generating 1000 samples for ultrafast bootstrap (seed: 927706)...

NOTE: 0 MB RAM (0 GB) is required!
WARNING: Number of threads seems too high for short alignments. Use -nt AUTO to determine best number of threads.
Estimate model parameters (epsilon = 0.100)
Initial log-likelihood: -3528.120
Current log-likelihood at step 1: -3470.799
Current log-likelihood at step 2: -3470.522
Current log-likelihood at step 3: -3470.324
Current log-likelihood at step 4: -3470.123
Current log-likelihood at step 5: -3469.917
Current log-likelihood at step 6: -3469.707
Current log-likelihood at step 7: -3469.493
Current log-likelihood at step 8: -3469.274
Current log-likelihood at step 9: -3469.051
Current log-likelihood at step 10: -3468.823
Current log-likelihood at step 11: -3468.590
Current log-likelihood at step 12: -3468.352
Current log-likelihood at step 13: -3468.109
Current log-likelihood at step 14: -3467.860
Current log-likelihood at step 15: -3467.605
Current log-likelihood at step 16: -3467.344
Current log-likelihood at step 17: -3467.077
Current log-likelihood at step 18: -3466.804
Current log-likelihood at step 19: -3466.524
Current log-likelihood at step 20: -3466.236
Current log-likelihood at step 21: -3465.942
Current log-likelihood at step 22: -3465.640
Current log-likelihood at step 23: -3465.330
Current log-likelihood at step 24: -3465.013
Current log-likelihood at step 25: -3464.687
Current log-likelihood at step 26: -3464.352
Current log-likelihood at step 27: -3464.009
Current log-likelihood at step 28: -3463.657
Current log-likelihood at step 29: -3463.297
Current log-likelihood at step 30: -3462.927
Current log-likelihood at step 31: -3462.549
Current log-likelihood at step 32: -3462.162
Current log-likelihood at step 33: -3461.767
Current log-likelihood at step 34: -3461.366
Current log-likelihood at step 35: -3460.958
Current log-likelihood at step 36: -3460.547
Current log-likelihood at step 37: -3456.719
Current log-likelihood at step 38: -3456.719
Partition-specific rates:  0.528 0.225 2.247
Parameters optimization took 37 rounds (2.713 sec)

Computing ML distances based on estimated model parameters... 0.000 sec
Computing BIONJ tree...
0.094 seconds
Log-likelihood of BIONJ tree: -3456.719
--------------------------------------------------------------------
|             INITIALIZING CANDIDATE TREE SET                      |
--------------------------------------------------------------------
Generating 99 parsimony trees... 2.106 second
Computing log-likelihood of 6 initial trees ... 0.929 seconds
Current best score: -3456.719

Do NNI search on 7 best initial trees
Finish initializing candidate tree set (7)
Current best tree score: -3456.719 / CPU time: 7.237
Number of iterations: 7
--------------------------------------------------------------------
|               OPTIMIZING CANDIDATE TREE SET                      |
--------------------------------------------------------------------
Iteration 10 / LogL: -3456.719 / Time: 0h:0m:14s
UPDATE BEST LOG-LIKELIHOOD: -3456.719
Iteration 20 / LogL: -3456.719 / Time: 0h:0m:21s
Iteration 30 / LogL: -3457.640 / Time: 0h:0m:35s (0h:1m:23s left)
Iteration 40 / LogL: -3456.719 / Time: 0h:0m:46s (0h:1m:11s left)
Iteration 50 / LogL: -3456.719 / Time: 0h:0m:57s (0h:0m:58s left)
Log-likelihood cutoff on original alignment: -3496.947
Iteration 60 / LogL: -3456.719 / Time: 0h:1m:9s (0h:0m:46s left)
Iteration 70 / LogL: -3456.719 / Time: 0h:1m:19s (0h:0m:34s left)
Iteration 80 / LogL: -3456.719 / Time: 0h:1m:29s (0h:0m:22s left)
Iteration 90 / LogL: -3456.719 / Time: 0h:1m:40s (0h:0m:11s left)
Iteration 100 / LogL: -3456.719 / Time: 0h:1m:52s (0h:0m:0s left)
Log-likelihood cutoff on original alignment: -3488.696
NOTE: Bootstrap correlation coefficient of split occurrence frequencies: 1.000
TREE SEARCH COMPLETED AFTER 101 ITERATIONS / Time: 0h:1m:54s

--------------------------------------------------------------------
|                    FINALIZING TREE SEARCH                        |
--------------------------------------------------------------------
Performs final model parameters optimization
Estimate model parameters (epsilon = 0.010)
Initial log-likelihood: -3456.719
Current log-likelihood at step 1: -3456.719
Partition-specific rates:  0.528 0.225 2.247
Parameters optimization took 0 rounds (0.071 sec)

BEST SCORE FOUND : -3456.719
Creating bootstrap support values...
Split supports printed to NEXUS file examples/Acropora//aln_seqs/led3868.nt.aln.nex.splits.nex
Total tree length: 0.051

Total number of iterations: 101
CPU time used for tree search: 3.378 sec (0h:0m:3s)
Wall-clock time used for tree search: 110.235 sec (0h:1m:50s)
Total CPU time used: 3.536 sec (0h:0m:3s)
Total wall-clock time used: 116.366 sec (0h:1m:56s)

Computing bootstrap consensus tree...
Reading input file examples/Acropora//aln_seqs/led3868.nt.aln.nex.splits.nex...
5 taxa and 10 splits.
Consensus tree written to examples/Acropora//aln_seqs/led3868.nt.aln.nex.contree
Reading input trees file examples/Acropora//aln_seqs/led3868.nt.aln.nex.contree
Log-likelihood of consensus tree: -3456.719

Analysis results written to: 
  IQ-TREE report:                examples/Acropora//aln_seqs/led3868.nt.aln.nex.iqtree
  Maximum-likelihood tree:       examples/Acropora//aln_seqs/led3868.nt.aln.nex.treefile
  Likelihood distances:          examples/Acropora//aln_seqs/led3868.nt.aln.nex.mldist
  Best partitioning scheme:      examples/Acropora//aln_seqs/led3868.nt.aln.nex.best_scheme.nex
           in RAxML format:      examples/Acropora//aln_seqs/led3868.nt.aln.nex.best_scheme

Ultrafast bootstrap approximation results written to:
  Split support values:          examples/Acropora//aln_seqs/led3868.nt.aln.nex.splits.nex
  Consensus tree:                examples/Acropora//aln_seqs/led3868.nt.aln.nex.contree
  Screen log file:               examples/Acropora//aln_seqs/led3868.nt.aln.nex.log

Date and Time: Sat Jan 12 16:19:19 2019
