IQ-TREE multicore version 1.6.8 for Linux 64-bit built Oct 28 2018
Developed by Bui Quang Minh, Nguyen Lam Tung, Olga Chernomor,
Heiko Schmidt, Dominik Schrempf, Michael Woodhams.

Host:    sango10206.oist.jp (AVX2, FMA3, 125 GB RAM)
Command: iqtree -s examples/Acropora//aln_seqs/led3286.nt.aln -bb 1000 -redo -nt 3 -spp examples/Acropora//aln_seqs/led3286.nt.aln.nex -m MFPMERGE
Seed:    343331 (Using SPRNG - Scalable Parallel Random Number Generator)
Time:    Sat Jan 12 16:06:50 2019
Kernel:  AVX+FMA - 3 threads (24 CPU cores detected)

Reading partition model file examples/Acropora//aln_seqs/led3286.nt.aln.nex ...
Reading alignment file examples/Acropora//aln_seqs/led3286.nt.aln ... Fasta format detected
Alignment most likely contains DNA/RNA sequences
Alignment has 5 sequences with 2211 columns, 101 distinct patterns
50 parsimony-informative, 145 singleton sites, 2016 constant sites
                          Gap/Ambiguity  Composition  p-value
   1  Adif_sc0000002.g651.t1     48.98%    passed     71.33%
   2  Aech_sc0000057.g14848.t1   54.14%    passed     71.06%
   3  Agem_sc0000106.g29484.t1    0.68%    passed     12.48%
   4  Asub_sc0000085.g10534.t1   54.14%    passed     94.99%
   5  Aten_sc0000021.g345.t1     48.98%    passed     79.52%
WARNING: 2 sequences contain more than 50% gaps/ambiguity
****  TOTAL                      41.38%  0 sequences failed composition chi2 test (p-value<5%; df=3)
NOTE: No CharPartition defined, use all CharSets

Loading 3 partitions...
Subset	Type	Seqs	Sites	Infor	Invar	Model	Name
1		5	737	8	688	MFPMERGE	p1
2		5	737	23	676	MFPMERGE	p2
3		5	737	19	652	MFPMERGE	p3
Degree of missing data: 0.000
Info: multi-threading strategy over partitions



Create initial parsimony tree by phylogenetic likelihood library (PLL)... 0.000 seconds
NOTE: ModelFinder requires 1 MB RAM!
Testing GTR+F+G on supermatrix...
WARNING: Number of threads seems too high for short alignments. Use -nt AUTO to determine best number of threads.
GTR+F+G4 / LnL: -4074.505 / df: 16 / AIC: 8181.010 / AICc: 8181.258 / BIC: 8272.229
Selecting individual models for 3 charsets using BIC...
 No. Model        Score       Charset
   1 F81+F        2587.336    p1
   2 HKY+F        2891.703    p3
   3 HKY+F+I      2705.563    p2
Full partition model BIC score: 8247.289 (LnL: -4042.782  df:21)
Merging models to increase model fit (about 7 total partition schemes)...
   4 HKY+F        8263.872    p1+p3
   5 TPM3u+F+I    8222.520    p2+p3
   6 HKY+F+I      8259.682    p1+p2
Merging p2+p3 with BIC score: 8222.520 (LnL: -4045.800  df: 17)
   7 HKY+F+I      8246.768    p1+p2+p3
BEST-FIT PARTITION MODEL: 
  charpartition BIC = F81+F: p1, TPM3u+F+I: p2 p3;
Agglomerative model selection: (p1,(p2,p3)1:8222.52)
Merging into 2 partitions...
Partition information was printed to examples/Acropora//aln_seqs/led3286.nt.aln.nex.best_scheme.nex
Partition information in Raxml format was printed to examples/Acropora//aln_seqs/led3286.nt.aln.nex.best_scheme

All model information printed to examples/Acropora//aln_seqs/led3286.nt.aln.nex.model.gz
CPU time for ModelFinder: 0.904 seconds (0h:0m:0s)
Wall-clock time for ModelFinder: 46.027 seconds (0h:0m:46s)
Generating 1000 samples for ultrafast bootstrap (seed: 343331)...

NOTE: 0 MB RAM (0 GB) is required!
Estimate model parameters (epsilon = 0.100)
Initial log-likelihood: -4069.745
Current log-likelihood at step 1: -4045.793
Current log-likelihood at step 2: -4045.686
Current log-likelihood at step 3: -4045.683
Partition-specific rates:  0.670 1.165
Parameters optimization took 2 rounds (1.604 sec)

Computing ML distances based on estimated model parameters... 0.001 sec
Computing BIONJ tree...
0.167 seconds
Log-likelihood of BIONJ tree: -4045.683
--------------------------------------------------------------------
|             INITIALIZING CANDIDATE TREE SET                      |
--------------------------------------------------------------------
Generating 99 parsimony trees... 1.748 second
Computing log-likelihood of 4 initial trees ... 1.240 seconds
Current best score: -4045.683

Do NNI search on 5 best initial trees
Finish initializing candidate tree set (5)
Current best tree score: -4045.683 / CPU time: 8.370
Number of iterations: 5
--------------------------------------------------------------------
|               OPTIMIZING CANDIDATE TREE SET                      |
--------------------------------------------------------------------
Iteration 10 / LogL: -4045.695 / Time: 0h:0m:22s
Iteration 20 / LogL: -4045.695 / Time: 0h:0m:38s
Iteration 30 / LogL: -4046.174 / Time: 0h:0m:58s (0h:2m:22s left)
UPDATE BEST LOG-LIKELIHOOD: -4045.683
Iteration 40 / LogL: -4045.686 / Time: 0h:1m:11s (0h:1m:50s left)
Iteration 50 / LogL: -4046.174 / Time: 0h:1m:27s (0h:1m:28s left)
Log-likelihood cutoff on original alignment: -4060.594
Iteration 60 / LogL: -4046.174 / Time: 0h:1m:51s (0h:1m:15s left)
Iteration 70 / LogL: -4046.174 / Time: 0h:2m:16s (0h:0m:59s left)
Iteration 80 / LogL: -4045.685 / Time: 0h:2m:35s (0h:0m:39s left)
UPDATE BEST LOG-LIKELIHOOD: -4045.683
Iteration 90 / LogL: -4045.685 / Time: 0h:2m:53s (0h:0m:19s left)
Iteration 100 / LogL: -4046.174 / Time: 0h:3m:9s (0h:0m:0s left)
Log-likelihood cutoff on original alignment: -4060.912
NOTE: Bootstrap correlation coefficient of split occurrence frequencies: 1.000
TREE SEARCH COMPLETED AFTER 101 ITERATIONS / Time: 0h:3m:13s

--------------------------------------------------------------------
|                    FINALIZING TREE SEARCH                        |
--------------------------------------------------------------------
Performs final model parameters optimization
Estimate model parameters (epsilon = 0.010)
Initial log-likelihood: -4045.683
Current log-likelihood at step 1: -4045.682
Partition-specific rates:  0.670 1.165
Parameters optimization took 0 rounds (0.212 sec)

BEST SCORE FOUND : -4045.682
Creating bootstrap support values...
Split supports printed to NEXUS file examples/Acropora//aln_seqs/led3286.nt.aln.nex.splits.nex
Total tree length: 0.215

Total number of iterations: 101
CPU time used for tree search: 5.682 sec (0h:0m:5s)
Wall-clock time used for tree search: 189.582 sec (0h:3m:9s)
Total CPU time used: 5.839 sec (0h:0m:5s)
Total wall-clock time used: 195.061 sec (0h:3m:15s)

Computing bootstrap consensus tree...
Reading input file examples/Acropora//aln_seqs/led3286.nt.aln.nex.splits.nex...
5 taxa and 9 splits.
Consensus tree written to examples/Acropora//aln_seqs/led3286.nt.aln.nex.contree
Reading input trees file examples/Acropora//aln_seqs/led3286.nt.aln.nex.contree
Log-likelihood of consensus tree: -4045.682

Analysis results written to: 
  IQ-TREE report:                examples/Acropora//aln_seqs/led3286.nt.aln.nex.iqtree
  Maximum-likelihood tree:       examples/Acropora//aln_seqs/led3286.nt.aln.nex.treefile
  Likelihood distances:          examples/Acropora//aln_seqs/led3286.nt.aln.nex.mldist
  Best partitioning scheme:      examples/Acropora//aln_seqs/led3286.nt.aln.nex.best_scheme.nex
           in RAxML format:      examples/Acropora//aln_seqs/led3286.nt.aln.nex.best_scheme

Ultrafast bootstrap approximation results written to:
  Split support values:          examples/Acropora//aln_seqs/led3286.nt.aln.nex.splits.nex
  Consensus tree:                examples/Acropora//aln_seqs/led3286.nt.aln.nex.contree
  Screen log file:               examples/Acropora//aln_seqs/led3286.nt.aln.nex.log

Date and Time: Sat Jan 12 16:10:54 2019
