IQ-TREE multicore version 1.6.8 for Linux 64-bit built Oct 28 2018
Developed by Bui Quang Minh, Nguyen Lam Tung, Olga Chernomor,
Heiko Schmidt, Dominik Schrempf, Michael Woodhams.

Host:    sango10206.oist.jp (AVX2, FMA3, 125 GB RAM)
Command: iqtree -s examples/Acropora//aln_seqs/led3039.nt.aln -bb 1000 -redo -nt 3 -spp examples/Acropora//aln_seqs/led3039.nt.aln.nex -m MFPMERGE
Seed:    954713 (Using SPRNG - Scalable Parallel Random Number Generator)
Time:    Sat Jan 12 16:14:42 2019
Kernel:  AVX+FMA - 3 threads (24 CPU cores detected)

Reading partition model file examples/Acropora//aln_seqs/led3039.nt.aln.nex ...
Reading alignment file examples/Acropora//aln_seqs/led3039.nt.aln ... Fasta format detected
Alignment most likely contains DNA/RNA sequences
Alignment has 5 sequences with 1911 columns, 59 distinct patterns
21 parsimony-informative, 74 singleton sites, 1816 constant sites
                          Gap/Ambiguity  Composition  p-value
   1  Adif_sc0000001.g111.t1     12.24%    passed     99.97%
   2  Aech_sc0000013.g28776.t1   13.03%    passed     99.68%
   3  Agem_sc0000048.g5285.t1     0.00%    passed     96.98%
   4  Asub_sc0000038.g11145.t1   12.24%    passed     99.76%
   5  Aten_sc0000002.g344.t1     12.24%    passed     94.78%
****  TOTAL                       9.95%  0 sequences failed composition chi2 test (p-value<5%; df=3)
NOTE: No CharPartition defined, use all CharSets

Loading 3 partitions...
Subset	Type	Seqs	Sites	Infor	Invar	Model	Name
1		5	637	9	610	MFPMERGE	p1
2		5	637	5	627	MFPMERGE	p2
3		5	637	7	579	MFPMERGE	p3
Degree of missing data: 0.000
Info: multi-threading strategy over partitions



Create initial parsimony tree by phylogenetic likelihood library (PLL)... 0.000 seconds
NOTE: ModelFinder requires 0 MB RAM!
Testing GTR+F+G on supermatrix...
WARNING: Number of threads seems too high for short alignments. Use -nt AUTO to determine best number of threads.
GTR+F+G4 / LnL: -3259.277 / df: 16 / AIC: 6550.554 / AICc: 6550.841 / BIC: 6639.440
Selecting individual models for 3 charsets using BIC...
 No. Model        Score       Charset
   1 F81+F        1881.823    p2
   2 K2P          2126.394    p1
   3 K2P          2489.095    p3
Full partition model BIC score: 6551.433 (LnL: -3222.829  df:14)
Merging models to increase model fit (about 7 total partition schemes)...
   4 HKY+F        6607.714    p2+p3
   5 K2P          6550.224    p1+p3
   6 HKY+F        6590.563    p1+p2
Merging p1+p3 with BIC score: 6550.224 (LnL: -3229.780  df: 12)
   7 K2P          6610.994    p1+p2+p3
BEST-FIT PARTITION MODEL: 
  charpartition BIC = K2P: p1 p3, F81+F: p2;
Agglomerative model selection: ((p1,p3)1:6550.22,p2)
Merging into 2 partitions...
Partition information was printed to examples/Acropora//aln_seqs/led3039.nt.aln.nex.best_scheme.nex
Partition information in Raxml format was printed to examples/Acropora//aln_seqs/led3039.nt.aln.nex.best_scheme

All model information printed to examples/Acropora//aln_seqs/led3039.nt.aln.nex.model.gz
CPU time for ModelFinder: 0.655 seconds (0h:0m:0s)
Wall-clock time for ModelFinder: 24.625 seconds (0h:0m:24s)
WARNING: 3 threads for alignment length 20 will slow down analysis
Generating 1000 samples for ultrafast bootstrap (seed: 954713)...
WARNING: 3 threads for alignment length 20 will slow down analysis

NOTE: 0 MB RAM (0 GB) is required!
Estimate model parameters (epsilon = 0.100)
Initial log-likelihood: -3260.944
Current log-likelihood at step 1: -3244.313
Current log-likelihood at step 2: -3241.878
Current log-likelihood at step 3: -3239.158
Current log-likelihood at step 4: -3236.170
Current log-likelihood at step 5: -3229.774
Current log-likelihood at step 6: -3229.774
Partition-specific rates:  1.349 0.302
Parameters optimization took 5 rounds (1.345 sec)

Computing ML distances based on estimated model parameters... 0.003 sec
Computing BIONJ tree...
0.040 seconds
Log-likelihood of BIONJ tree: -3229.774
--------------------------------------------------------------------
|             INITIALIZING CANDIDATE TREE SET                      |
--------------------------------------------------------------------
Generating 99 parsimony trees... 1.688 second
Computing log-likelihood of 4 initial trees ... 0.714 seconds
Current best score: -3229.774

Do NNI search on 5 best initial trees
Finish initializing candidate tree set (5)
Current best tree score: -3229.774 / CPU time: 6.887
Number of iterations: 5
--------------------------------------------------------------------
|               OPTIMIZING CANDIDATE TREE SET                      |
--------------------------------------------------------------------
Iteration 10 / LogL: -3229.774 / Time: 0h:0m:16s
Iteration 20 / LogL: -3229.774 / Time: 0h:0m:32s
Iteration 30 / LogL: -3229.774 / Time: 0h:0m:55s (0h:2m:13s left)
Iteration 40 / LogL: -3229.774 / Time: 0h:1m:12s (0h:1m:51s left)
Iteration 50 / LogL: -3229.774 / Time: 0h:1m:23s (0h:1m:25s left)
Log-likelihood cutoff on original alignment: -3251.830
Iteration 60 / LogL: -3229.774 / Time: 0h:1m:39s (0h:1m:7s left)
Iteration 70 / LogL: -3229.774 / Time: 0h:1m:53s (0h:0m:49s left)
Iteration 80 / LogL: -3251.666 / Time: 0h:2m:6s (0h:0m:31s left)
Iteration 90 / LogL: -3251.666 / Time: 0h:2m:20s (0h:0m:15s left)
Iteration 100 / LogL: -3229.774 / Time: 0h:2m:35s (0h:0m:0s left)
Log-likelihood cutoff on original alignment: -3251.922
NOTE: Bootstrap correlation coefficient of split occurrence frequencies: 1.000
TREE SEARCH COMPLETED AFTER 101 ITERATIONS / Time: 0h:2m:39s

--------------------------------------------------------------------
|                    FINALIZING TREE SEARCH                        |
--------------------------------------------------------------------
Performs final model parameters optimization
Estimate model parameters (epsilon = 0.010)
Initial log-likelihood: -3229.774
Current log-likelihood at step 1: -3229.774
Partition-specific rates:  1.349 0.302
Parameters optimization took 0 rounds (0.163 sec)

BEST SCORE FOUND : -3229.774
Creating bootstrap support values...
Split supports printed to NEXUS file examples/Acropora//aln_seqs/led3039.nt.aln.nex.splits.nex
Total tree length: 0.060

Total number of iterations: 101
CPU time used for tree search: 5.250 sec (0h:0m:5s)
Wall-clock time used for tree search: 156.974 sec (0h:2m:36s)
Total CPU time used: 5.398 sec (0h:0m:5s)
Total wall-clock time used: 162.603 sec (0h:2m:42s)

Computing bootstrap consensus tree...
Reading input file examples/Acropora//aln_seqs/led3039.nt.aln.nex.splits.nex...
5 taxa and 9 splits.
Consensus tree written to examples/Acropora//aln_seqs/led3039.nt.aln.nex.contree
Reading input trees file examples/Acropora//aln_seqs/led3039.nt.aln.nex.contree
Log-likelihood of consensus tree: -3229.774

Analysis results written to: 
  IQ-TREE report:                examples/Acropora//aln_seqs/led3039.nt.aln.nex.iqtree
  Maximum-likelihood tree:       examples/Acropora//aln_seqs/led3039.nt.aln.nex.treefile
  Likelihood distances:          examples/Acropora//aln_seqs/led3039.nt.aln.nex.mldist
  Best partitioning scheme:      examples/Acropora//aln_seqs/led3039.nt.aln.nex.best_scheme.nex
           in RAxML format:      examples/Acropora//aln_seqs/led3039.nt.aln.nex.best_scheme

Ultrafast bootstrap approximation results written to:
  Split support values:          examples/Acropora//aln_seqs/led3039.nt.aln.nex.splits.nex
  Consensus tree:                examples/Acropora//aln_seqs/led3039.nt.aln.nex.contree
  Screen log file:               examples/Acropora//aln_seqs/led3039.nt.aln.nex.log

Date and Time: Sat Jan 12 16:17:51 2019
