IQ-TREE multicore version 1.6.8 for Linux 64-bit built Oct 28 2018
Developed by Bui Quang Minh, Nguyen Lam Tung, Olga Chernomor,
Heiko Schmidt, Dominik Schrempf, Michael Woodhams.

Host:    sango10206.oist.jp (AVX2, FMA3, 125 GB RAM)
Command: iqtree -s examples/Acropora//aln_seqs/led3786.nt.aln -bb 1000 -redo -nt 3 -spp examples/Acropora//aln_seqs/led3786.nt.aln.nex -m MFPMERGE
Seed:    533399 (Using SPRNG - Scalable Parallel Random Number Generator)
Time:    Sat Jan 12 16:16:15 2019
Kernel:  AVX+FMA - 3 threads (24 CPU cores detected)

Reading partition model file examples/Acropora//aln_seqs/led3786.nt.aln.nex ...
Reading alignment file examples/Acropora//aln_seqs/led3786.nt.aln ... Fasta format detected
Alignment most likely contains DNA/RNA sequences
Alignment has 5 sequences with 1152 columns, 67 distinct patterns
18 parsimony-informative, 95 singleton sites, 1039 constant sites
                          Gap/Ambiguity  Composition  p-value
   1  Adif_sc0000009.g498.t1      3.65%    passed     98.91%
   2  Aech_sc0000089.g7663.t1     3.39%    passed     98.67%
   3  Agem_sc0000071.g29794.t1    3.65%    passed     99.72%
   4  Asub_sc0000018.g7885.t1     2.34%    passed     91.72%
   5  Aten_sc0000146.g38.t1       1.56%    passed     99.95%
****  TOTAL                       2.92%  0 sequences failed composition chi2 test (p-value<5%; df=3)
NOTE: No CharPartition defined, use all CharSets

Loading 3 partitions...
Subset	Type	Seqs	Sites	Infor	Invar	Model	Name
1		5	384	2	357	MFPMERGE	p1
2		5	384	5	352	MFPMERGE	p2
3		5	384	11	330	MFPMERGE	p3
Degree of missing data: 0.000
Info: multi-threading strategy over partitions



Create initial parsimony tree by phylogenetic likelihood library (PLL)... 0.000 seconds
NOTE: ModelFinder requires 0 MB RAM!
Testing GTR+F+G on supermatrix...
WARNING: Number of threads seems too high for short alignments. Use -nt AUTO to determine best number of threads.
GTR+F+G4 / LnL: -2265.827 / df: 16 / AIC: 4563.654 / AICc: 4564.133 / BIC: 4644.442
Selecting individual models for 3 charsets using BIC...
 No. Model        Score       Charset
   1 HKY+F        1398.392    p1
   2 F81+F        1456.629    p2
   3 K2P          1736.066    p3
Full partition model BIC score: 4645.466 (LnL: -2262.814  df:17)
Merging models to increase model fit (about 7 total partition schemes)...
   4 HKY+F        4619.524    p1+p2
   5 HKY+F        4640.120    p1+p3
   6 HKY+F        4631.502    p2+p3
Merging p1+p2 with BIC score: 4619.524 (LnL: -2263.942  df: 13)
   7 HKY+F        4612.734    p1+p2+p3
Merging p1+p2+p3 with BIC score: 4612.734 (LnL: -2267.596  df: 11)
BEST-FIT PARTITION MODEL: 
  charpartition BIC = HKY+F: p1 p2 p3;
Agglomerative model selection: ((p1,p2)1:4619.52,p3)2:4612.73
Merging into 1 partitions...
Partition information was printed to examples/Acropora//aln_seqs/led3786.nt.aln.nex.best_scheme.nex
Partition information in Raxml format was printed to examples/Acropora//aln_seqs/led3786.nt.aln.nex.best_scheme

All model information printed to examples/Acropora//aln_seqs/led3786.nt.aln.nex.model.gz
CPU time for ModelFinder: 0.651 seconds (0h:0m:0s)
Wall-clock time for ModelFinder: 22.114 seconds (0h:0m:22s)
Generating 1000 samples for ultrafast bootstrap (seed: 533399)...

NOTE: 0 MB RAM (0 GB) is required!
Estimate model parameters (epsilon = 0.100)
Initial log-likelihood: -2278.673
Current log-likelihood at step 1: -2267.587
Current log-likelihood at step 2: -2267.586
Partition-specific rates:  1.000
Parameters optimization took 1 rounds (0.331 sec)

Computing ML distances based on estimated model parameters... 0.006 sec
Computing BIONJ tree...
0.277 seconds
Log-likelihood of BIONJ tree: -2267.586
--------------------------------------------------------------------
|             INITIALIZING CANDIDATE TREE SET                      |
--------------------------------------------------------------------
Generating 99 parsimony trees... 0.565 second
Computing log-likelihood of 4 initial trees ... 0.296 seconds
Current best score: -2267.586

Do NNI search on 5 best initial trees
UPDATE BEST LOG-LIKELIHOOD: -2267.586
UPDATE BEST LOG-LIKELIHOOD: -2267.586
Finish initializing candidate tree set (5)
Current best tree score: -2267.586 / CPU time: 3.064
Number of iterations: 5
--------------------------------------------------------------------
|               OPTIMIZING CANDIDATE TREE SET                      |
--------------------------------------------------------------------
UPDATE BEST LOG-LIKELIHOOD: -2267.586
Iteration 10 / LogL: -2267.586 / Time: 0h:0m:7s
UPDATE BEST LOG-LIKELIHOOD: -2267.586
Iteration 20 / LogL: -2268.085 / Time: 0h:0m:17s
Iteration 30 / LogL: -2267.586 / Time: 0h:0m:24s (0h:0m:59s left)
Iteration 40 / LogL: -2267.586 / Time: 0h:0m:32s (0h:0m:49s left)
Iteration 50 / LogL: -2268.085 / Time: 0h:0m:41s (0h:0m:41s left)
Log-likelihood cutoff on original alignment: -2303.316
Iteration 60 / LogL: -2267.586 / Time: 0h:0m:53s (0h:0m:36s left)
Iteration 70 / LogL: -2267.586 / Time: 0h:1m:6s (0h:0m:28s left)
UPDATE BEST LOG-LIKELIHOOD: -2267.586
Iteration 80 / LogL: -2267.586 / Time: 0h:1m:15s (0h:0m:18s left)
Iteration 90 / LogL: -2267.586 / Time: 0h:1m:23s (0h:0m:9s left)
Iteration 100 / LogL: -2267.586 / Time: 0h:1m:30s (0h:0m:0s left)
Log-likelihood cutoff on original alignment: -2303.313
NOTE: Bootstrap correlation coefficient of split occurrence frequencies: 1.000
TREE SEARCH COMPLETED AFTER 101 ITERATIONS / Time: 0h:1m:32s

--------------------------------------------------------------------
|                    FINALIZING TREE SEARCH                        |
--------------------------------------------------------------------
Performs final model parameters optimization
Estimate model parameters (epsilon = 0.010)
Initial log-likelihood: -2267.586
Current log-likelihood at step 1: -2267.586
Partition-specific rates:  1.000
Parameters optimization took 0 rounds (0.128 sec)

BEST SCORE FOUND : -2267.586
Creating bootstrap support values...
Split supports printed to NEXUS file examples/Acropora//aln_seqs/led3786.nt.aln.nex.splits.nex
Total tree length: 0.111

Total number of iterations: 101
CPU time used for tree search: 3.036 sec (0h:0m:3s)
Wall-clock time used for tree search: 90.628 sec (0h:1m:30s)
Total CPU time used: 3.123 sec (0h:0m:3s)
Total wall-clock time used: 94.366 sec (0h:1m:34s)

Computing bootstrap consensus tree...
Reading input file examples/Acropora//aln_seqs/led3786.nt.aln.nex.splits.nex...
5 taxa and 11 splits.
Consensus tree written to examples/Acropora//aln_seqs/led3786.nt.aln.nex.contree
Reading input trees file examples/Acropora//aln_seqs/led3786.nt.aln.nex.contree
Log-likelihood of consensus tree: -2267.586

Analysis results written to: 
  IQ-TREE report:                examples/Acropora//aln_seqs/led3786.nt.aln.nex.iqtree
  Maximum-likelihood tree:       examples/Acropora//aln_seqs/led3786.nt.aln.nex.treefile
  Likelihood distances:          examples/Acropora//aln_seqs/led3786.nt.aln.nex.mldist
  Best partitioning scheme:      examples/Acropora//aln_seqs/led3786.nt.aln.nex.best_scheme.nex
           in RAxML format:      examples/Acropora//aln_seqs/led3786.nt.aln.nex.best_scheme

Ultrafast bootstrap approximation results written to:
  Split support values:          examples/Acropora//aln_seqs/led3786.nt.aln.nex.splits.nex
  Consensus tree:                examples/Acropora//aln_seqs/led3786.nt.aln.nex.contree
  Screen log file:               examples/Acropora//aln_seqs/led3786.nt.aln.nex.log

Date and Time: Sat Jan 12 16:18:14 2019
