IQ-TREE multicore version 1.6.8 for Linux 64-bit built Oct 28 2018
Developed by Bui Quang Minh, Nguyen Lam Tung, Olga Chernomor,
Heiko Schmidt, Dominik Schrempf, Michael Woodhams.

Host:    sango10206.oist.jp (AVX2, FMA3, 125 GB RAM)
Command: iqtree -s examples/Acropora//aln_seqs/led3431.nt.aln -bb 1000 -redo -nt 3 -spp examples/Acropora//aln_seqs/led3431.nt.aln.nex -m MFPMERGE
Seed:    307959 (Using SPRNG - Scalable Parallel Random Number Generator)
Time:    Sat Jan 12 16:23:10 2019
Kernel:  AVX+FMA - 3 threads (24 CPU cores detected)

Reading partition model file examples/Acropora//aln_seqs/led3431.nt.aln.nex ...
Reading alignment file examples/Acropora//aln_seqs/led3431.nt.aln ... Fasta format detected
Alignment most likely contains DNA/RNA sequences
Alignment has 5 sequences with 1665 columns, 34 distinct patterns
13 parsimony-informative, 44 singleton sites, 1608 constant sites
                          Gap/Ambiguity  Composition  p-value
   1  Adif_sc0000005.g442.t1      0.00%    passed     99.96%
   2  Aech_sc0000006.g25499.t1    0.00%    passed     99.91%
   3  Agem_sc0000001.g3680.t1     0.00%    passed     99.58%
   4  Asub_sc0000010.g9805.t1     0.00%    passed     98.81%
   5  Aten_sc0000381.g37.t1       0.00%    passed     95.40%
****  TOTAL                       0.00%  0 sequences failed composition chi2 test (p-value<5%; df=3)
NOTE: No CharPartition defined, use all CharSets

Loading 3 partitions...
Subset	Type	Seqs	Sites	Infor	Invar	Model	Name
1		5	555	0	549	MFPMERGE	p1
WARNING: No parsimony-informative sites in partition p1
2		5	555	2	546	MFPMERGE	p2
3		5	555	11	513	MFPMERGE	p3
Degree of missing data: 0.000
Info: multi-threading strategy over partitions



Create initial parsimony tree by phylogenetic likelihood library (PLL)... 0.000 seconds
NOTE: ModelFinder requires 0 MB RAM!
Testing GTR+F+G on supermatrix...
WARNING: Number of threads seems too high for short alignments. Use -nt AUTO to determine best number of threads.
GTR+F+G4 / LnL: -2673.887 / df: 16 / AIC: 5379.773 / AICc: 5380.103 / BIC: 5466.455
Selecting individual models for 3 charsets using BIC...
 No. Model        Score       Charset
   1 HKY+F        2014.880    p3
   2 F81+F        1619.263    p1
   3 F81+F        1684.684    p2
Full partition model BIC score: 5377.615 (LnL: -2618.340  df:19)
Merging models to increase model fit (about 7 total partition schemes)...
   4 TN+F         5435.644    p1+p3
   5 HKY+F        5396.137    p2+p3
   6 F81+F        5390.981    p1+p2
BEST-FIT PARTITION MODEL: 
  charpartition BIC = F81+F: p1, F81+F: p2, HKY+F: p3;
Agglomerative model selection: (p1,p2,p3)
Partition information was printed to examples/Acropora//aln_seqs/led3431.nt.aln.nex.best_scheme.nex
Partition information in Raxml format was printed to examples/Acropora//aln_seqs/led3431.nt.aln.nex.best_scheme

All model information printed to examples/Acropora//aln_seqs/led3431.nt.aln.nex.model.gz
CPU time for ModelFinder: 0.912 seconds (0h:0m:0s)
Wall-clock time for ModelFinder: 26.847 seconds (0h:0m:26s)
Generating 1000 samples for ultrafast bootstrap (seed: 307959)...

NOTE: 0 MB RAM (0 GB) is required!
WARNING: Number of threads seems too high for short alignments. Use -nt AUTO to determine best number of threads.
Estimate model parameters (epsilon = 0.100)
Initial log-likelihood: -2656.263
Current log-likelihood at step 1: -2618.753
Current log-likelihood at step 2: -2618.692
Partition-specific rates:  0.293 0.490 2.217
Parameters optimization took 1 rounds (0.115 sec)

Computing ML distances based on estimated model parameters... 0.000 sec
Computing BIONJ tree...
0.087 seconds
Log-likelihood of BIONJ tree: -2618.692
--------------------------------------------------------------------
|             INITIALIZING CANDIDATE TREE SET                      |
--------------------------------------------------------------------
Generating 99 parsimony trees... 2.098 second
Computing log-likelihood of 4 initial trees ... 0.795 seconds
Current best score: -2618.692

Do NNI search on 5 best initial trees
Finish initializing candidate tree set (5)
Current best tree score: -2618.692 / CPU time: 5.893
Number of iterations: 5
--------------------------------------------------------------------
|               OPTIMIZING CANDIDATE TREE SET                      |
--------------------------------------------------------------------
Iteration 10 / LogL: -2618.692 / Time: 0h:0m:11s
Iteration 20 / LogL: -2622.583 / Time: 0h:0m:19s
Iteration 30 / LogL: -2618.692 / Time: 0h:0m:27s (0h:1m:6s left)
Iteration 40 / LogL: -2618.692 / Time: 0h:0m:36s (0h:0m:56s left)
Iteration 50 / LogL: -2618.692 / Time: 0h:0m:45s (0h:0m:46s left)
Log-likelihood cutoff on original alignment: -2648.135
Iteration 60 / LogL: -2618.692 / Time: 0h:0m:59s (0h:0m:40s left)
Iteration 70 / LogL: -2618.692 / Time: 0h:1m:10s (0h:0m:30s left)
Iteration 80 / LogL: -2618.692 / Time: 0h:1m:18s (0h:0m:19s left)
Iteration 90 / LogL: -2622.583 / Time: 0h:1m:26s (0h:0m:9s left)
Iteration 100 / LogL: -2618.692 / Time: 0h:1m:35s (0h:0m:0s left)
Log-likelihood cutoff on original alignment: -2648.135
NOTE: Bootstrap correlation coefficient of split occurrence frequencies: 0.999
TREE SEARCH COMPLETED AFTER 101 ITERATIONS / Time: 0h:1m:37s

--------------------------------------------------------------------
|                    FINALIZING TREE SEARCH                        |
--------------------------------------------------------------------
Performs final model parameters optimization
Estimate model parameters (epsilon = 0.010)
Initial log-likelihood: -2618.692
Current log-likelihood at step 1: -2618.632
Current log-likelihood at step 2: -2618.570
Current log-likelihood at step 3: -2618.509
Current log-likelihood at step 4: -2618.447
Current log-likelihood at step 5: -2618.384
Current log-likelihood at step 6: -2618.321
Current log-likelihood at step 7: -2618.258
Current log-likelihood at step 8: -2618.195
Current log-likelihood at step 9: -2618.131
Current log-likelihood at step 10: -2618.067
Current log-likelihood at step 11: -2618.003
Current log-likelihood at step 12: -2617.939
Current log-likelihood at step 13: -2617.875
Current log-likelihood at step 14: -2617.810
Current log-likelihood at step 15: -2617.746
Current log-likelihood at step 16: -2616.036
Current log-likelihood at step 17: -2616.036
Partition-specific rates:  0.294 0.492 2.214
Parameters optimization took 16 rounds (0.777 sec)

BEST SCORE FOUND : -2616.036
Creating bootstrap support values...
Split supports printed to NEXUS file examples/Acropora//aln_seqs/led3431.nt.aln.nex.splits.nex
Total tree length: 0.037

Total number of iterations: 101
CPU time used for tree search: 3.344 sec (0h:0m:3s)
Wall-clock time used for tree search: 96.526 sec (0h:1m:36s)
Total CPU time used: 3.452 sec (0h:0m:3s)
Total wall-clock time used: 99.586 sec (0h:1m:39s)

Computing bootstrap consensus tree...
Reading input file examples/Acropora//aln_seqs/led3431.nt.aln.nex.splits.nex...
5 taxa and 10 splits.
Consensus tree written to examples/Acropora//aln_seqs/led3431.nt.aln.nex.contree
Reading input trees file examples/Acropora//aln_seqs/led3431.nt.aln.nex.contree
Log-likelihood of consensus tree: -2616.036

Analysis results written to: 
  IQ-TREE report:                examples/Acropora//aln_seqs/led3431.nt.aln.nex.iqtree
  Maximum-likelihood tree:       examples/Acropora//aln_seqs/led3431.nt.aln.nex.treefile
  Likelihood distances:          examples/Acropora//aln_seqs/led3431.nt.aln.nex.mldist
  Best partitioning scheme:      examples/Acropora//aln_seqs/led3431.nt.aln.nex.best_scheme.nex
           in RAxML format:      examples/Acropora//aln_seqs/led3431.nt.aln.nex.best_scheme

Ultrafast bootstrap approximation results written to:
  Split support values:          examples/Acropora//aln_seqs/led3431.nt.aln.nex.splits.nex
  Consensus tree:                examples/Acropora//aln_seqs/led3431.nt.aln.nex.contree
  Screen log file:               examples/Acropora//aln_seqs/led3431.nt.aln.nex.log

Date and Time: Sat Jan 12 16:25:18 2019
