IQ-TREE multicore version 1.6.8 for Linux 64-bit built Oct 28 2018
Developed by Bui Quang Minh, Nguyen Lam Tung, Olga Chernomor,
Heiko Schmidt, Dominik Schrempf, Michael Woodhams.

Host:    sango10206.oist.jp (AVX2, FMA3, 125 GB RAM)
Command: iqtree -s examples/Acropora//aln_seqs/led3411.nt.aln -bb 1000 -redo -nt 3 -spp examples/Acropora//aln_seqs/led3411.nt.aln.nex -m MFPMERGE
Seed:    407136 (Using SPRNG - Scalable Parallel Random Number Generator)
Time:    Sat Jan 12 16:39:05 2019
Kernel:  AVX+FMA - 3 threads (24 CPU cores detected)

Reading partition model file examples/Acropora//aln_seqs/led3411.nt.aln.nex ...
Reading alignment file examples/Acropora//aln_seqs/led3411.nt.aln ... Fasta format detected
Alignment most likely contains DNA/RNA sequences
Alignment has 5 sequences with 1329 columns, 97 distinct patterns
19 parsimony-informative, 108 singleton sites, 1202 constant sites
                          Gap/Ambiguity  Composition  p-value
   1  Adif_sc0000004.g404.t1      0.00%    passed     97.31%
   2  Asub_sc0000197.g21970.t1    8.13%    passed     92.11%
   3  Aten_sc0000044.g163.t1      0.00%    passed     93.16%
   4  Aech_sc0000005.g12915.t1   48.98%    passed     12.27%
   5  Agem_sc0000067.g18576.t1   16.93%    passed     99.34%
****  TOTAL                      14.81%  0 sequences failed composition chi2 test (p-value<5%; df=3)
NOTE: No CharPartition defined, use all CharSets

Loading 3 partitions...
Subset	Type	Seqs	Sites	Infor	Invar	Model	Name
1		5	443	5	405	MFPMERGE	p1
2		5	443	1	421	MFPMERGE	p2
3		5	443	13	376	MFPMERGE	p3
Degree of missing data: 0.000
Info: multi-threading strategy over partitions



Create initial parsimony tree by phylogenetic likelihood library (PLL)... 0.000 seconds
NOTE: ModelFinder requires 0 MB RAM!
Testing GTR+F+G on supermatrix...
WARNING: Number of threads seems too high for short alignments. Use -nt AUTO to determine best number of threads.
GTR+F+G4 / LnL: -2555.017 / df: 16 / AIC: 5142.033 / AICc: 5142.448 / BIC: 5225.108
Selecting individual models for 3 charsets using BIC...
 No. Model        Score       Charset
   1 F81+F        1451.053    p2
   2 F81+F        1665.203    p1
   3 HKY+F        1964.580    p3
Full partition model BIC score: 5138.271 (LnL: -2500.810  df:19)
Merging models to increase model fit (about 7 total partition schemes)...
   4 HKY+F        5182.611    p1+p2
   5 HKY+F        5190.957    p2+p3
   6 HKY+F        5133.977    p1+p3
Merging p1+p3 with BIC score: 5133.977 (LnL: -2513.047  df: 15)
   7 HKY+F        5195.551    p1+p2+p3
BEST-FIT PARTITION MODEL: 
  charpartition BIC = HKY+F: p1 p3, F81+F: p2;
Agglomerative model selection: ((p1,p3)1:5133.98,p2)
Merging into 2 partitions...
Partition information was printed to examples/Acropora//aln_seqs/led3411.nt.aln.nex.best_scheme.nex
Partition information in Raxml format was printed to examples/Acropora//aln_seqs/led3411.nt.aln.nex.best_scheme

All model information printed to examples/Acropora//aln_seqs/led3411.nt.aln.nex.model.gz
CPU time for ModelFinder: 0.778 seconds (0h:0m:0s)
Wall-clock time for ModelFinder: 33.199 seconds (0h:0m:33s)
Generating 1000 samples for ultrafast bootstrap (seed: 407136)...

NOTE: 0 MB RAM (0 GB) is required!
Estimate model parameters (epsilon = 0.100)
Initial log-likelihood: -2538.823
Current log-likelihood at step 1: -2513.020
Current log-likelihood at step 2: -2513.019
Partition-specific rates:  1.259 0.483
Parameters optimization took 1 rounds (0.819 sec)

Computing ML distances based on estimated model parameters... 0.000 sec
Computing BIONJ tree...
0.122 seconds
Log-likelihood of BIONJ tree: -2513.019
--------------------------------------------------------------------
|             INITIALIZING CANDIDATE TREE SET                      |
--------------------------------------------------------------------
Generating 99 parsimony trees... 1.542 second
Computing log-likelihood of 4 initial trees ... 0.945 seconds
Current best score: -2513.019

Do NNI search on 5 best initial trees
Finish initializing candidate tree set (5)
Current best tree score: -2513.019 / CPU time: 7.866
Number of iterations: 5
--------------------------------------------------------------------
|               OPTIMIZING CANDIDATE TREE SET                      |
--------------------------------------------------------------------
UPDATE BEST LOG-LIKELIHOOD: -2513.019
Iteration 10 / LogL: -2513.023 / Time: 0h:0m:17s
Iteration 20 / LogL: -2513.019 / Time: 0h:0m:31s
Iteration 30 / LogL: -2513.023 / Time: 0h:0m:47s (0h:1m:53s left)
Iteration 40 / LogL: -2513.023 / Time: 0h:1m:0s (0h:1m:32s left)
Iteration 50 / LogL: -2513.023 / Time: 0h:1m:12s (0h:1m:14s left)
Log-likelihood cutoff on original alignment: -2538.370
Iteration 60 / LogL: -2513.019 / Time: 0h:1m:26s (0h:0m:58s left)
Iteration 70 / LogL: -2513.019 / Time: 0h:1m:42s (0h:0m:44s left)
Iteration 80 / LogL: -2513.023 / Time: 0h:2m:4s (0h:0m:31s left)
Iteration 90 / LogL: -2513.019 / Time: 0h:2m:23s (0h:0m:16s left)
Iteration 100 / LogL: -2513.023 / Time: 0h:2m:37s (0h:0m:0s left)
Log-likelihood cutoff on original alignment: -2538.245
NOTE: Bootstrap correlation coefficient of split occurrence frequencies: 1.000
TREE SEARCH COMPLETED AFTER 101 ITERATIONS / Time: 0h:2m:40s

--------------------------------------------------------------------
|                    FINALIZING TREE SEARCH                        |
--------------------------------------------------------------------
Performs final model parameters optimization
Estimate model parameters (epsilon = 0.010)
Initial log-likelihood: -2513.019
Current log-likelihood at step 1: -2513.019
Partition-specific rates:  1.259 0.483
Parameters optimization took 0 rounds (0.116 sec)

BEST SCORE FOUND : -2513.019
Creating bootstrap support values...
Split supports printed to NEXUS file examples/Acropora//aln_seqs/led3411.nt.aln.nex.splits.nex
Total tree length: 0.119

Total number of iterations: 101
CPU time used for tree search: 5.327 sec (0h:0m:5s)
Wall-clock time used for tree search: 157.503 sec (0h:2m:37s)
Total CPU time used: 5.478 sec (0h:0m:5s)
Total wall-clock time used: 161.999 sec (0h:2m:41s)

Computing bootstrap consensus tree...
Reading input file examples/Acropora//aln_seqs/led3411.nt.aln.nex.splits.nex...
5 taxa and 10 splits.
Consensus tree written to examples/Acropora//aln_seqs/led3411.nt.aln.nex.contree
Reading input trees file examples/Acropora//aln_seqs/led3411.nt.aln.nex.contree
Log-likelihood of consensus tree: -2513.019

Analysis results written to: 
  IQ-TREE report:                examples/Acropora//aln_seqs/led3411.nt.aln.nex.iqtree
  Maximum-likelihood tree:       examples/Acropora//aln_seqs/led3411.nt.aln.nex.treefile
  Likelihood distances:          examples/Acropora//aln_seqs/led3411.nt.aln.nex.mldist
  Best partitioning scheme:      examples/Acropora//aln_seqs/led3411.nt.aln.nex.best_scheme.nex
           in RAxML format:      examples/Acropora//aln_seqs/led3411.nt.aln.nex.best_scheme

Ultrafast bootstrap approximation results written to:
  Split support values:          examples/Acropora//aln_seqs/led3411.nt.aln.nex.splits.nex
  Consensus tree:                examples/Acropora//aln_seqs/led3411.nt.aln.nex.contree
  Screen log file:               examples/Acropora//aln_seqs/led3411.nt.aln.nex.log

Date and Time: Sat Jan 12 16:42:22 2019
