IQ-TREE multicore version 1.6.8 for Linux 64-bit built Oct 28 2018
Developed by Bui Quang Minh, Nguyen Lam Tung, Olga Chernomor,
Heiko Schmidt, Dominik Schrempf, Michael Woodhams.

Host:    sango10206.oist.jp (AVX2, FMA3, 125 GB RAM)
Command: iqtree -s examples/Acropora//aln_seqs/led3881.nt.aln -bb 1000 -redo -nt 3 -spp examples/Acropora//aln_seqs/led3881.nt.aln.nex -m MFPMERGE
Seed:    333547 (Using SPRNG - Scalable Parallel Random Number Generator)
Time:    Sat Jan 12 16:44:59 2019
Kernel:  AVX+FMA - 3 threads (24 CPU cores detected)

Reading partition model file examples/Acropora//aln_seqs/led3881.nt.aln.nex ...
Reading alignment file examples/Acropora//aln_seqs/led3881.nt.aln ... Fasta format detected
Alignment most likely contains DNA/RNA sequences
Alignment has 5 sequences with 3762 columns, 113 distinct patterns
144 parsimony-informative, 280 singleton sites, 3338 constant sites
                          Gap/Ambiguity  Composition  p-value
   1  Adif_sc0000011.g209.t1      0.64%    passed     90.64%
   2  Aech_sc0000072.g21038.t1    0.72%    passed     98.28%
   3  Agem_sc0000239.g10671.t1    1.44%    passed     97.42%
   4  Asub_sc0000213.g20838.t1    1.44%    passed     98.97%
   5  Aten_sc0000282.g185.t1      1.52%    passed     92.68%
****  TOTAL                       1.15%  0 sequences failed composition chi2 test (p-value<5%; df=3)
NOTE: No CharPartition defined, use all CharSets

Loading 3 partitions...
Subset	Type	Seqs	Sites	Infor	Invar	Model	Name
1		5	1254	50	1121	MFPMERGE	p1
2		5	1254	41	1120	MFPMERGE	p2
3		5	1254	53	1097	MFPMERGE	p3
Degree of missing data: 0.000
Info: multi-threading strategy over partitions



Create initial parsimony tree by phylogenetic likelihood library (PLL)... 0.016 seconds
NOTE: ModelFinder requires 1 MB RAM!
Testing GTR+F+G on supermatrix...
WARNING: Number of threads seems too high for short alignments. Use -nt AUTO to determine best number of threads.
GTR+F+G4 / LnL: -7626.129 / df: 16 / AIC: 15284.257 / AICc: 15284.403 / BIC: 15383.981
Selecting individual models for 3 charsets using BIC...
 No. Model        Score       Charset
   1 HKY+F        4993.331    p1
   2 HKY+F        5011.026    p2
   3 HKY+F        5262.037    p3
Full partition model BIC score: 15332.270 (LnL: -7579.691  df:21)
Merging models to increase model fit (about 7 total partition schemes)...
   4 HKY+F        15386.043   p1+p2
   5 HKY+F        15315.623   p1+p3
   6 HKY+F        15328.905   p2+p3
Merging p1+p3 with BIC score: 15315.623 (LnL: -7591.950  df: 16)
   7 HKY+F        15355.316   p1+p2+p3
BEST-FIT PARTITION MODEL: 
  charpartition BIC = HKY+F: p1 p3, HKY+F: p2;
Agglomerative model selection: ((p1,p3)1:15315.6,p2)
Merging into 2 partitions...
Partition information was printed to examples/Acropora//aln_seqs/led3881.nt.aln.nex.best_scheme.nex
Partition information in Raxml format was printed to examples/Acropora//aln_seqs/led3881.nt.aln.nex.best_scheme

All model information printed to examples/Acropora//aln_seqs/led3881.nt.aln.nex.model.gz
CPU time for ModelFinder: 1.510 seconds (0h:0m:1s)
Wall-clock time for ModelFinder: 49.988 seconds (0h:0m:49s)
Generating 1000 samples for ultrafast bootstrap (seed: 333547)...

NOTE: 0 MB RAM (0 GB) is required!
Estimate model parameters (epsilon = 0.100)
Initial log-likelihood: -7640.076
Current log-likelihood at step 1: -7603.674
Current log-likelihood at step 2: -7591.943
Current log-likelihood at step 3: -7591.943
Partition-specific rates:  1.029 0.942
Parameters optimization took 2 rounds (0.616 sec)

Computing ML distances based on estimated model parameters... 0.012 sec
Computing BIONJ tree...
0.028 seconds
Log-likelihood of BIONJ tree: -7591.943
--------------------------------------------------------------------
|             INITIALIZING CANDIDATE TREE SET                      |
--------------------------------------------------------------------
Generating 99 parsimony trees... 1.991 second
Computing log-likelihood of 4 initial trees ... 0.616 seconds
Current best score: -7591.943

Do NNI search on 5 best initial trees
Finish initializing candidate tree set (5)
Current best tree score: -7591.943 / CPU time: 7.097
Number of iterations: 5
--------------------------------------------------------------------
|               OPTIMIZING CANDIDATE TREE SET                      |
--------------------------------------------------------------------
Iteration 10 / LogL: -7746.408 / Time: 0h:0m:14s
Iteration 20 / LogL: -7591.943 / Time: 0h:0m:24s
Iteration 30 / LogL: -7591.943 / Time: 0h:0m:36s (0h:1m:27s left)
Iteration 40 / LogL: -7591.943 / Time: 0h:0m:47s (0h:1m:13s left)
Iteration 50 / LogL: -7743.842 / Time: 0h:0m:58s (0h:0m:59s left)
Log-likelihood cutoff on original alignment: -7592.070
Iteration 60 / LogL: -7591.943 / Time: 0h:1m:10s (0h:0m:47s left)
Iteration 70 / LogL: -7591.943 / Time: 0h:1m:21s (0h:0m:35s left)
Iteration 80 / LogL: -7591.943 / Time: 0h:1m:33s (0h:0m:23s left)
Iteration 90 / LogL: -7746.408 / Time: 0h:1m:44s (0h:0m:11s left)
Iteration 100 / LogL: -7740.803 / Time: 0h:1m:53s (0h:0m:0s left)
Log-likelihood cutoff on original alignment: -7592.070
NOTE: Bootstrap correlation coefficient of split occurrence frequencies: 1.000
TREE SEARCH COMPLETED AFTER 101 ITERATIONS / Time: 0h:1m:55s

--------------------------------------------------------------------
|                    FINALIZING TREE SEARCH                        |
--------------------------------------------------------------------
Performs final model parameters optimization
Estimate model parameters (epsilon = 0.010)
Initial log-likelihood: -7591.943
Current log-likelihood at step 1: -7591.943
Partition-specific rates:  1.029 0.942
Parameters optimization took 0 rounds (0.151 sec)

BEST SCORE FOUND : -7591.943
Creating bootstrap support values...
Split supports printed to NEXUS file examples/Acropora//aln_seqs/led3881.nt.aln.nex.splits.nex
Total tree length: 0.124

Total number of iterations: 101
CPU time used for tree search: 4.221 sec (0h:0m:4s)
Wall-clock time used for tree search: 112.421 sec (0h:1m:52s)
Total CPU time used: 4.384 sec (0h:0m:4s)
Total wall-clock time used: 117.124 sec (0h:1m:57s)

Computing bootstrap consensus tree...
Reading input file examples/Acropora//aln_seqs/led3881.nt.aln.nex.splits.nex...
5 taxa and 7 splits.
Consensus tree written to examples/Acropora//aln_seqs/led3881.nt.aln.nex.contree
Reading input trees file examples/Acropora//aln_seqs/led3881.nt.aln.nex.contree
Log-likelihood of consensus tree: -7591.943

Analysis results written to: 
  IQ-TREE report:                examples/Acropora//aln_seqs/led3881.nt.aln.nex.iqtree
  Maximum-likelihood tree:       examples/Acropora//aln_seqs/led3881.nt.aln.nex.treefile
  Likelihood distances:          examples/Acropora//aln_seqs/led3881.nt.aln.nex.mldist
  Best partitioning scheme:      examples/Acropora//aln_seqs/led3881.nt.aln.nex.best_scheme.nex
           in RAxML format:      examples/Acropora//aln_seqs/led3881.nt.aln.nex.best_scheme

Ultrafast bootstrap approximation results written to:
  Split support values:          examples/Acropora//aln_seqs/led3881.nt.aln.nex.splits.nex
  Consensus tree:                examples/Acropora//aln_seqs/led3881.nt.aln.nex.contree
  Screen log file:               examples/Acropora//aln_seqs/led3881.nt.aln.nex.log

Date and Time: Sat Jan 12 16:47:49 2019
