IQ-TREE multicore version 1.6.8 for Linux 64-bit built Oct 28 2018
Developed by Bui Quang Minh, Nguyen Lam Tung, Olga Chernomor,
Heiko Schmidt, Dominik Schrempf, Michael Woodhams.

Host:    sango10206.oist.jp (AVX2, FMA3, 125 GB RAM)
Command: iqtree -s examples/Acropora//aln_seqs/led3976.nt.aln -bb 1000 -redo -nt 3 -spp examples/Acropora//aln_seqs/led3976.nt.aln.nex -m MFPMERGE
Seed:    774773 (Using SPRNG - Scalable Parallel Random Number Generator)
Time:    Sat Jan 12 16:48:24 2019
Kernel:  AVX+FMA - 3 threads (24 CPU cores detected)

Reading partition model file examples/Acropora//aln_seqs/led3976.nt.aln.nex ...
Reading alignment file examples/Acropora//aln_seqs/led3976.nt.aln ... Fasta format detected
Alignment most likely contains DNA/RNA sequences
Alignment has 5 sequences with 1089 columns, 40 distinct patterns
23 parsimony-informative, 35 singleton sites, 1031 constant sites
                          Gap/Ambiguity  Composition  p-value
   1  Adif_sc0000014.g188.t1      0.00%    passed     99.04%
   2  Aech_sc0000111.g28534.t1    0.00%    passed     94.00%
   3  Agem_sc0000003.g29407.t1    0.00%    passed     99.97%
   4  Asub_sc0000224.g4404.t1     0.00%    passed     99.59%
   5  Aten_sc0000207.g264.t1      0.00%    passed     90.47%
****  TOTAL                       0.00%  0 sequences failed composition chi2 test (p-value<5%; df=3)
NOTE: No CharPartition defined, use all CharSets

Loading 3 partitions...
Subset	Type	Seqs	Sites	Infor	Invar	Model	Name
1		5	363	3	354	MFPMERGE	p1
2		5	363	2	359	MFPMERGE	p2
3		5	363	18	318	MFPMERGE	p3
Degree of missing data: 0.000
Info: multi-threading strategy over partitions



Create initial parsimony tree by phylogenetic likelihood library (PLL)... 0.000 seconds
NOTE: ModelFinder requires 0 MB RAM!
Testing GTR+F+G on supermatrix...
WARNING: Number of threads seems too high for short alignments. Use -nt AUTO to determine best number of threads.
GTR+F+G4 / LnL: -1904.932 / df: 16 / AIC: 3841.863 / AICc: 3842.371 / BIC: 3921.751
Selecting individual models for 3 charsets using BIC...
 No. Model        Score       Charset
   1 F81+F        1149.248    p1
   2 JC           1080.181    p2
   3 K2P+I        1566.591    p3
Full partition model BIC score: 3846.767 (LnL: -1874.432  df:14)
Merging models to increase model fit (about 7 total partition schemes)...
   4 F81+F        3843.005    p1+p2
   5 K2P+I        3888.053    p2+p3
   6 K2P+I        3864.635    p1+p3
Merging p1+p2 with BIC score: 3843.005 (LnL: -1876.048  df: 13)
   7 TNe+I        3887.144    p1+p2+p3
BEST-FIT PARTITION MODEL: 
  charpartition BIC = F81+F: p1 p2, K2P+I: p3;
Agglomerative model selection: ((p1,p2)1:3843.01,p3)
Merging into 2 partitions...
Partition information was printed to examples/Acropora//aln_seqs/led3976.nt.aln.nex.best_scheme.nex
Partition information in Raxml format was printed to examples/Acropora//aln_seqs/led3976.nt.aln.nex.best_scheme

All model information printed to examples/Acropora//aln_seqs/led3976.nt.aln.nex.model.gz
CPU time for ModelFinder: 0.787 seconds (0h:0m:0s)
Wall-clock time for ModelFinder: 33.562 seconds (0h:0m:33s)
WARNING: 3 threads for alignment length 16 will slow down analysis
Generating 1000 samples for ultrafast bootstrap (seed: 774773)...
WARNING: 3 threads for alignment length 16 will slow down analysis

NOTE: 0 MB RAM (0 GB) is required!
Estimate model parameters (epsilon = 0.100)
Initial log-likelihood: -1924.329
Current log-likelihood at step 1: -1880.010
Current log-likelihood at step 2: -1879.875
Current log-likelihood at step 3: -1879.751
Current log-likelihood at step 4: -1879.628
Current log-likelihood at step 5: -1879.505
Current log-likelihood at step 6: -1879.382
Current log-likelihood at step 7: -1879.258
Current log-likelihood at step 8: -1879.134
Current log-likelihood at step 9: -1879.008
Current log-likelihood at step 10: -1878.882
Current log-likelihood at step 11: -1878.754
Current log-likelihood at step 12: -1878.626
Current log-likelihood at step 13: -1878.498
Current log-likelihood at step 14: -1878.369
Current log-likelihood at step 15: -1875.768
Current log-likelihood at step 16: -1875.760
Partition-specific rates:  0.272 2.455
Parameters optimization took 15 rounds (4.363 sec)

Computing ML distances based on estimated model parameters... 0.001 sec
Computing BIONJ tree...
0.002 seconds
Log-likelihood of BIONJ tree: -1875.760
--------------------------------------------------------------------
|             INITIALIZING CANDIDATE TREE SET                      |
--------------------------------------------------------------------
Generating 99 parsimony trees... 1.903 second
Computing log-likelihood of 6 initial trees ... 1.766 seconds
Current best score: -1871.807

Do NNI search on 7 best initial trees
UPDATE BEST LOG-LIKELIHOOD: -1871.807
UPDATE BEST LOG-LIKELIHOOD: -1871.807
UPDATE BEST LOG-LIKELIHOOD: -1871.807
Finish initializing candidate tree set (7)
Current best tree score: -1871.807 / CPU time: 13.439
Number of iterations: 7
--------------------------------------------------------------------
|               OPTIMIZING CANDIDATE TREE SET                      |
--------------------------------------------------------------------
UPDATE BEST LOG-LIKELIHOOD: -1871.807
Iteration 10 / LogL: -1871.807 / Time: 0h:0m:25s
UPDATE BEST LOG-LIKELIHOOD: -1871.807
Iteration 20 / LogL: -1871.807 / Time: 0h:0m:42s
Iteration 30 / LogL: -1871.883 / Time: 0h:0m:59s (0h:2m:22s left)
Iteration 40 / LogL: -1871.807 / Time: 0h:1m:17s (0h:1m:58s left)
Iteration 50 / LogL: -1871.807 / Time: 0h:1m:35s (0h:1m:37s left)
Log-likelihood cutoff on original alignment: -1876.325
Iteration 60 / LogL: -1871.807 / Time: 0h:1m:51s (0h:1m:15s left)
Iteration 70 / LogL: -1871.807 / Time: 0h:2m:4s (0h:0m:54s left)
Iteration 80 / LogL: -1874.355 / Time: 0h:2m:22s (0h:0m:36s left)
Iteration 90 / LogL: -1875.679 / Time: 0h:2m:37s (0h:0m:17s left)
Iteration 100 / LogL: -1871.807 / Time: 0h:2m:52s (0h:0m:0s left)
Log-likelihood cutoff on original alignment: -1876.325
NOTE: Bootstrap correlation coefficient of split occurrence frequencies: 1.000
TREE SEARCH COMPLETED AFTER 101 ITERATIONS / Time: 0h:2m:55s

--------------------------------------------------------------------
|                    FINALIZING TREE SEARCH                        |
--------------------------------------------------------------------
Performs final model parameters optimization
Estimate model parameters (epsilon = 0.010)
Initial log-likelihood: -1871.807
Current log-likelihood at step 1: -1871.750
Current log-likelihood at step 2: -1871.749
Partition-specific rates:  0.264 2.471
Parameters optimization took 1 rounds (0.407 sec)

BEST SCORE FOUND : -1871.749
Creating bootstrap support values...
Split supports printed to NEXUS file examples/Acropora//aln_seqs/led3976.nt.aln.nex.splits.nex
Total tree length: 0.068

Total number of iterations: 101
CPU time used for tree search: 5.288 sec (0h:0m:5s)
Wall-clock time used for tree search: 169.160 sec (0h:2m:49s)
Total CPU time used: 5.540 sec (0h:0m:5s)
Total wall-clock time used: 177.671 sec (0h:2m:57s)

Computing bootstrap consensus tree...
Reading input file examples/Acropora//aln_seqs/led3976.nt.aln.nex.splits.nex...
5 taxa and 9 splits.
Consensus tree written to examples/Acropora//aln_seqs/led3976.nt.aln.nex.contree
Reading input trees file examples/Acropora//aln_seqs/led3976.nt.aln.nex.contree
Log-likelihood of consensus tree: -1871.749

Analysis results written to: 
  IQ-TREE report:                examples/Acropora//aln_seqs/led3976.nt.aln.nex.iqtree
  Maximum-likelihood tree:       examples/Acropora//aln_seqs/led3976.nt.aln.nex.treefile
  Likelihood distances:          examples/Acropora//aln_seqs/led3976.nt.aln.nex.mldist
  Best partitioning scheme:      examples/Acropora//aln_seqs/led3976.nt.aln.nex.best_scheme.nex
           in RAxML format:      examples/Acropora//aln_seqs/led3976.nt.aln.nex.best_scheme

Ultrafast bootstrap approximation results written to:
  Split support values:          examples/Acropora//aln_seqs/led3976.nt.aln.nex.splits.nex
  Consensus tree:                examples/Acropora//aln_seqs/led3976.nt.aln.nex.contree
  Screen log file:               examples/Acropora//aln_seqs/led3976.nt.aln.nex.log

Date and Time: Sat Jan 12 16:51:59 2019
