IQ-TREE multicore version 1.6.8 for Linux 64-bit built Oct 28 2018
Developed by Bui Quang Minh, Nguyen Lam Tung, Olga Chernomor,
Heiko Schmidt, Dominik Schrempf, Michael Woodhams.

Host:    sango10206.oist.jp (AVX2, FMA3, 125 GB RAM)
Command: iqtree -s examples/Acropora//aln_seqs/led3802.nt.aln -bb 1000 -redo -nt 3 -spp examples/Acropora//aln_seqs/led3802.nt.aln.nex -m MFPMERGE
Seed:    393278 (Using SPRNG - Scalable Parallel Random Number Generator)
Time:    Sat Jan 12 16:21:57 2019
Kernel:  AVX+FMA - 3 threads (24 CPU cores detected)

Reading partition model file examples/Acropora//aln_seqs/led3802.nt.aln.nex ...
Reading alignment file examples/Acropora//aln_seqs/led3802.nt.aln ... Fasta format detected
Alignment most likely contains DNA/RNA sequences
Alignment has 5 sequences with 2664 columns, 118 distinct patterns
39 parsimony-informative, 249 singleton sites, 2376 constant sites
                          Gap/Ambiguity  Composition  p-value
   1  Adif_sc0000010.g132.t1     20.72%    passed     79.97%
   2  Aech_sc0000116.g8762.t1     4.05%    passed     92.93%
   3  Agem_sc0000157.g28879.t1   11.94%    passed     97.52%
   4  Asub_sc0000167.g10627.t1    0.34%    passed     95.37%
   5  Aten_sc0000027.g229.t1     11.82%    passed     99.10%
****  TOTAL                       9.77%  0 sequences failed composition chi2 test (p-value<5%; df=3)
NOTE: No CharPartition defined, use all CharSets

Loading 3 partitions...
Subset	Type	Seqs	Sites	Infor	Invar	Model	Name
1		5	888	16	785	MFPMERGE	p1
2		5	888	7	803	MFPMERGE	p2
3		5	888	16	788	MFPMERGE	p3
Degree of missing data: 0.000
Info: multi-threading strategy over partitions



Create initial parsimony tree by phylogenetic likelihood library (PLL)... 0.000 seconds
NOTE: ModelFinder requires 1 MB RAM!
Testing GTR+F+G on supermatrix...
WARNING: Number of threads seems too high for short alignments. Use -nt AUTO to determine best number of threads.
GTR+F+G4 / LnL: -5295.353 / df: 16 / AIC: 10622.706 / AICc: 10622.911 / BIC: 10716.907
Selecting individual models for 3 charsets using BIC...
 No. Model        Score       Charset
   1 TPM3+F       3409.047    p2
   2 F81+F        3600.836    p1
   3 HKY+F+I      3623.136    p3
Full partition model BIC score: 10697.922 (LnL: -5262.197  df:22)
Merging models to increase model fit (about 7 total partition schemes)...
   4 HKY+F        10699.455   p1+p2
   5 HKY+F        10705.193   p1+p3
   6 TPM3+F       10683.088   p2+p3
Merging p2+p3 with BIC score: 10683.088 (LnL: -5278.444  df: 16)
   7 HKY+F        10694.280   p1+p2+p3
BEST-FIT PARTITION MODEL: 
  charpartition BIC = F81+F: p1, TPM3+F: p2 p3;
Agglomerative model selection: (p1,(p2,p3)1:10683.1)
Merging into 2 partitions...
Partition information was printed to examples/Acropora//aln_seqs/led3802.nt.aln.nex.best_scheme.nex
Partition information in Raxml format was printed to examples/Acropora//aln_seqs/led3802.nt.aln.nex.best_scheme

All model information printed to examples/Acropora//aln_seqs/led3802.nt.aln.nex.model.gz
CPU time for ModelFinder: 0.896 seconds (0h:0m:0s)
Wall-clock time for ModelFinder: 33.559 seconds (0h:0m:33s)
Generating 1000 samples for ultrafast bootstrap (seed: 393278)...

NOTE: 0 MB RAM (0 GB) is required!
Estimate model parameters (epsilon = 0.100)
Initial log-likelihood: -5308.899
Current log-likelihood at step 1: -5286.528
Current log-likelihood at step 2: -5278.407
Current log-likelihood at step 3: -5278.406
Partition-specific rates:  1.059 0.970
Parameters optimization took 2 rounds (0.558 sec)

Computing ML distances based on estimated model parameters... 0.000 sec
Computing BIONJ tree...
0.020 seconds
Log-likelihood of BIONJ tree: -5278.406
--------------------------------------------------------------------
|             INITIALIZING CANDIDATE TREE SET                      |
--------------------------------------------------------------------
Generating 99 parsimony trees... 1.596 second
Computing log-likelihood of 4 initial trees ... 0.933 seconds
Current best score: -5278.406

Do NNI search on 5 best initial trees
Finish initializing candidate tree set (5)
Current best tree score: -5278.406 / CPU time: 6.913
Number of iterations: 5
--------------------------------------------------------------------
|               OPTIMIZING CANDIDATE TREE SET                      |
--------------------------------------------------------------------
UPDATE BEST LOG-LIKELIHOOD: -5278.406
Iteration 10 / LogL: -5278.420 / Time: 0h:0m:16s
Iteration 20 / LogL: -5278.406 / Time: 0h:0m:25s
Iteration 30 / LogL: -5278.406 / Time: 0h:0m:40s (0h:1m:38s left)
Iteration 40 / LogL: -5289.678 / Time: 0h:0m:58s (0h:1m:29s left)
Iteration 50 / LogL: -5278.420 / Time: 0h:1m:11s (0h:1m:12s left)
Log-likelihood cutoff on original alignment: -5296.491
Iteration 60 / LogL: -5278.406 / Time: 0h:1m:24s (0h:0m:57s left)
Iteration 70 / LogL: -5278.409 / Time: 0h:1m:37s (0h:0m:42s left)
Iteration 80 / LogL: -5278.409 / Time: 0h:1m:59s (0h:0m:30s left)
Iteration 90 / LogL: -5278.409 / Time: 0h:2m:17s (0h:0m:15s left)
Iteration 100 / LogL: -5289.678 / Time: 0h:2m:29s (0h:0m:0s left)
Log-likelihood cutoff on original alignment: -5296.491
NOTE: Bootstrap correlation coefficient of split occurrence frequencies: 1.000
TREE SEARCH COMPLETED AFTER 101 ITERATIONS / Time: 0h:2m:33s

--------------------------------------------------------------------
|                    FINALIZING TREE SEARCH                        |
--------------------------------------------------------------------
Performs final model parameters optimization
Estimate model parameters (epsilon = 0.010)
Initial log-likelihood: -5278.406
Current log-likelihood at step 1: -5278.406
Partition-specific rates:  1.059 0.970
Parameters optimization took 0 rounds (0.316 sec)

BEST SCORE FOUND : -5278.406
Creating bootstrap support values...
Split supports printed to NEXUS file examples/Acropora//aln_seqs/led3802.nt.aln.nex.splits.nex
Total tree length: 0.129

Total number of iterations: 101
CPU time used for tree search: 4.968 sec (0h:0m:4s)
Wall-clock time used for tree search: 150.180 sec (0h:2m:30s)
Total CPU time used: 5.131 sec (0h:0m:5s)
Total wall-clock time used: 155.403 sec (0h:2m:35s)

Computing bootstrap consensus tree...
Reading input file examples/Acropora//aln_seqs/led3802.nt.aln.nex.splits.nex...
5 taxa and 9 splits.
Consensus tree written to examples/Acropora//aln_seqs/led3802.nt.aln.nex.contree
Reading input trees file examples/Acropora//aln_seqs/led3802.nt.aln.nex.contree
Log-likelihood of consensus tree: -5278.406

Analysis results written to: 
  IQ-TREE report:                examples/Acropora//aln_seqs/led3802.nt.aln.nex.iqtree
  Maximum-likelihood tree:       examples/Acropora//aln_seqs/led3802.nt.aln.nex.treefile
  Likelihood distances:          examples/Acropora//aln_seqs/led3802.nt.aln.nex.mldist
  Best partitioning scheme:      examples/Acropora//aln_seqs/led3802.nt.aln.nex.best_scheme.nex
           in RAxML format:      examples/Acropora//aln_seqs/led3802.nt.aln.nex.best_scheme

Ultrafast bootstrap approximation results written to:
  Split support values:          examples/Acropora//aln_seqs/led3802.nt.aln.nex.splits.nex
  Consensus tree:                examples/Acropora//aln_seqs/led3802.nt.aln.nex.contree
  Screen log file:               examples/Acropora//aln_seqs/led3802.nt.aln.nex.log

Date and Time: Sat Jan 12 16:25:08 2019
