IQ-TREE multicore version 1.6.8 for Linux 64-bit built Oct 28 2018
Developed by Bui Quang Minh, Nguyen Lam Tung, Olga Chernomor,
Heiko Schmidt, Dominik Schrempf, Michael Woodhams.

Host:    sango10206.oist.jp (AVX2, FMA3, 125 GB RAM)
Command: iqtree -s examples/Acropora//aln_seqs/led3859.nt.aln -bb 1000 -redo -nt 3 -spp examples/Acropora//aln_seqs/led3859.nt.aln.nex -m MFPMERGE
Seed:    107671 (Using SPRNG - Scalable Parallel Random Number Generator)
Time:    Sat Jan 12 16:11:47 2019
Kernel:  AVX+FMA - 3 threads (24 CPU cores detected)

Reading partition model file examples/Acropora//aln_seqs/led3859.nt.aln.nex ...
Reading alignment file examples/Acropora//aln_seqs/led3859.nt.aln ... Fasta format detected
Alignment most likely contains DNA/RNA sequences
Alignment has 5 sequences with 3582 columns, 156 distinct patterns
26 parsimony-informative, 350 singleton sites, 3206 constant sites
                          Gap/Ambiguity  Composition  p-value
   1  Adif_sc0000011.g123.t1      7.20%    passed     78.15%
   2  Aech_sc0000072.g20995.t1   24.46%    passed     59.64%
   3  Agem_sc0000106.g29580.t1   27.05%    passed     89.57%
   4  Asub_sc0000248.g13215.t1   30.99%    passed     95.83%
   5  Aten_sc0000143.g161.t1     30.65%    passed     85.64%
****  TOTAL                      24.07%  0 sequences failed composition chi2 test (p-value<5%; df=3)
NOTE: No CharPartition defined, use all CharSets

Loading 3 partitions...
Subset	Type	Seqs	Sites	Infor	Invar	Model	Name
1		5	1194	10	1066	MFPMERGE	p1
2		5	1194	6	1095	MFPMERGE	p2
3		5	1194	10	1045	MFPMERGE	p3
Degree of missing data: 0.000
Info: multi-threading strategy over partitions



Create initial parsimony tree by phylogenetic likelihood library (PLL)... 0.000 seconds
NOTE: ModelFinder requires 1 MB RAM!
Testing GTR+F+G on supermatrix...
WARNING: Number of threads seems too high for short alignments. Use -nt AUTO to determine best number of threads.
GTR+F+G4 / LnL: -6999.888 / df: 16 / AIC: 14031.776 / AICc: 14031.929 / BIC: 14130.715
Selecting individual models for 3 charsets using BIC...
 No. Model        Score       Charset
   1 K3Pu+F       4252.280    p2
   2 K2P          4756.530    p1
   3 HKY+F        4844.149    p3
Full partition model BIC score: 13916.344 (LnL: -6880.427  df:19)
Merging models to increase model fit (about 7 total partition schemes)...
   4 HKY+F+I      13945.800   p1+p3
   5 K3Pu+F+I     14056.459   p1+p2
   6 TIM+F+G4     14043.171   p2+p3
BEST-FIT PARTITION MODEL: 
  charpartition BIC = K2P: p1, K3Pu+F: p2, HKY+F: p3;
Agglomerative model selection: (p1,p2,p3)
Partition information was printed to examples/Acropora//aln_seqs/led3859.nt.aln.nex.best_scheme.nex
Partition information in Raxml format was printed to examples/Acropora//aln_seqs/led3859.nt.aln.nex.best_scheme

All model information printed to examples/Acropora//aln_seqs/led3859.nt.aln.nex.model.gz
CPU time for ModelFinder: 0.873 seconds (0h:0m:0s)
Wall-clock time for ModelFinder: 30.382 seconds (0h:0m:30s)
Generating 1000 samples for ultrafast bootstrap (seed: 107671)...

NOTE: 1 MB RAM (0 GB) is required!
WARNING: Number of threads seems too high for short alignments. Use -nt AUTO to determine best number of threads.
Estimate model parameters (epsilon = 0.100)
Initial log-likelihood: -6935.586
Current log-likelihood at step 1: -6880.296
Current log-likelihood at step 2: -6880.290
Partition-specific rates:  1.019 0.780 1.200
Parameters optimization took 1 rounds (0.287 sec)

Computing ML distances based on estimated model parameters... 0.001 sec
Computing BIONJ tree...
0.375 seconds
Log-likelihood of BIONJ tree: -6880.262
--------------------------------------------------------------------
|             INITIALIZING CANDIDATE TREE SET                      |
--------------------------------------------------------------------
Generating 98 parsimony trees... 2.930 second
Computing log-likelihood of 8 initial trees ... 1.094 seconds
Current best score: -6880.262

Do NNI search on 10 best initial trees
Iteration 10 / LogL: -6880.269 / Time: 0h:0m:13s
Finish initializing candidate tree set (10)
Current best tree score: -6880.262 / CPU time: 10.193
Number of iterations: 10
--------------------------------------------------------------------
|               OPTIMIZING CANDIDATE TREE SET                      |
--------------------------------------------------------------------
UPDATE BEST LOG-LIKELIHOOD: -6880.262
Iteration 20 / LogL: -6880.262 / Time: 0h:0m:24s
Iteration 30 / LogL: -6888.050 / Time: 0h:0m:34s (0h:1m:23s left)
Iteration 40 / LogL: -6880.262 / Time: 0h:0m:44s (0h:1m:7s left)
Iteration 50 / LogL: -6880.271 / Time: 0h:0m:59s (0h:1m:0s left)
Log-likelihood cutoff on original alignment: -6896.986
Iteration 60 / LogL: -6880.277 / Time: 0h:1m:15s (0h:0m:51s left)
Iteration 70 / LogL: -6880.330 / Time: 0h:1m:25s (0h:0m:37s left)
Iteration 80 / LogL: -6880.262 / Time: 0h:1m:35s (0h:0m:24s left)
Iteration 90 / LogL: -6880.262 / Time: 0h:1m:49s (0h:0m:12s left)
Iteration 100 / LogL: -6880.294 / Time: 0h:2m:1s (0h:0m:0s left)
Log-likelihood cutoff on original alignment: -6897.550
NOTE: Bootstrap correlation coefficient of split occurrence frequencies: 0.998
TREE SEARCH COMPLETED AFTER 101 ITERATIONS / Time: 0h:2m:4s

--------------------------------------------------------------------
|                    FINALIZING TREE SEARCH                        |
--------------------------------------------------------------------
Performs final model parameters optimization
Estimate model parameters (epsilon = 0.010)
Initial log-likelihood: -6880.262
Current log-likelihood at step 1: -6880.260
Partition-specific rates:  1.018 0.781 1.201
Parameters optimization took 0 rounds (0.138 sec)

BEST SCORE FOUND : -6880.260
Creating bootstrap support values...
Split supports printed to NEXUS file examples/Acropora//aln_seqs/led3859.nt.aln.nex.splits.nex
Total tree length: 0.168

Total number of iterations: 101
CPU time used for tree search: 3.459 sec (0h:0m:3s)
Wall-clock time used for tree search: 120.969 sec (0h:2m:0s)
Total CPU time used: 3.567 sec (0h:0m:3s)
Total wall-clock time used: 126.601 sec (0h:2m:6s)

Computing bootstrap consensus tree...
Reading input file examples/Acropora//aln_seqs/led3859.nt.aln.nex.splits.nex...
5 taxa and 13 splits.
Consensus tree written to examples/Acropora//aln_seqs/led3859.nt.aln.nex.contree
Reading input trees file examples/Acropora//aln_seqs/led3859.nt.aln.nex.contree
Log-likelihood of consensus tree: -6880.260

Analysis results written to: 
  IQ-TREE report:                examples/Acropora//aln_seqs/led3859.nt.aln.nex.iqtree
  Maximum-likelihood tree:       examples/Acropora//aln_seqs/led3859.nt.aln.nex.treefile
  Likelihood distances:          examples/Acropora//aln_seqs/led3859.nt.aln.nex.mldist
  Best partitioning scheme:      examples/Acropora//aln_seqs/led3859.nt.aln.nex.best_scheme.nex
           in RAxML format:      examples/Acropora//aln_seqs/led3859.nt.aln.nex.best_scheme

Ultrafast bootstrap approximation results written to:
  Split support values:          examples/Acropora//aln_seqs/led3859.nt.aln.nex.splits.nex
  Consensus tree:                examples/Acropora//aln_seqs/led3859.nt.aln.nex.contree
  Screen log file:               examples/Acropora//aln_seqs/led3859.nt.aln.nex.log

Date and Time: Sat Jan 12 16:14:26 2019
