IQ-TREE multicore version 1.6.8 for Linux 64-bit built Oct 28 2018
Developed by Bui Quang Minh, Nguyen Lam Tung, Olga Chernomor,
Heiko Schmidt, Dominik Schrempf, Michael Woodhams.

Host:    sango10206.oist.jp (AVX2, FMA3, 125 GB RAM)
Command: iqtree -s examples/Acropora//aln_seqs/led3764.nt.aln -bb 1000 -redo -nt 3 -spp examples/Acropora//aln_seqs/led3764.nt.aln.nex -m MFPMERGE
Seed:    402301 (Using SPRNG - Scalable Parallel Random Number Generator)
Time:    Sat Jan 12 16:21:29 2019
Kernel:  AVX+FMA - 3 threads (24 CPU cores detected)

Reading partition model file examples/Acropora//aln_seqs/led3764.nt.aln.nex ...
Reading alignment file examples/Acropora//aln_seqs/led3764.nt.aln ... Fasta format detected
Alignment most likely contains DNA/RNA sequences
Alignment has 5 sequences with 1509 columns, 126 distinct patterns
29 parsimony-informative, 133 singleton sites, 1347 constant sites
                          Gap/Ambiguity  Composition  p-value
   1  Adif_sc0000009.g407.t1      0.40%    passed     87.12%
   2  Aech_sc0000070.g19974.t1   17.30%    passed     94.94%
   3  Agem_sc0000091.g25073.t1   15.71%    passed     98.89%
   4  Asub_sc0000006.g27483.t1   17.50%    passed     99.27%
   5  Aten_sc0000079.g174.t1     18.09%    passed     93.04%
****  TOTAL                      13.80%  0 sequences failed composition chi2 test (p-value<5%; df=3)
NOTE: No CharPartition defined, use all CharSets

Loading 3 partitions...
Subset	Type	Seqs	Sites	Infor	Invar	Model	Name
1		5	503	7	454	MFPMERGE	p1
2		5	503	10	450	MFPMERGE	p2
3		5	503	12	443	MFPMERGE	p3
Degree of missing data: 0.000
Info: multi-threading strategy over partitions



Create initial parsimony tree by phylogenetic likelihood library (PLL)... 0.000 seconds
NOTE: ModelFinder requires 1 MB RAM!
Testing GTR+F+G on supermatrix...
WARNING: Number of threads seems too high for short alignments. Use -nt AUTO to determine best number of threads.
GTR+F+G4 / LnL: -3034.583 / df: 16 / AIC: 6101.167 / AICc: 6101.531 / BIC: 6186.274
Selecting individual models for 3 charsets using BIC...
 No. Model        Score       Charset
   1 HKY+F        2030.423    p2
   2 HKY+F        1975.726    p1
   3 HKY+F+I      2153.727    p3
Full partition model BIC score: 6221.369 (LnL: -3030.173  df:22)
Merging models to increase model fit (about 7 total partition schemes)...
   4 HKY+F+G4     6188.093    p2+p3
   5 HKY+F+I      6187.736    p1+p2
   6 HKY+F+I      6195.749    p1+p3
Merging p1+p2 with BIC score: 6187.736 (LnL: -3027.995  df: 18)
   7 HKY+F+I      6158.202    p1+p2+p3
Merging p1+p2+p3 with BIC score: 6158.202 (LnL: -3035.186  df: 12)
BEST-FIT PARTITION MODEL: 
  charpartition BIC = HKY+F+I: p1 p2 p3;
Agglomerative model selection: ((p1,p2)1:6187.74,p3)2:6158.2
Merging into 1 partitions...
Partition information was printed to examples/Acropora//aln_seqs/led3764.nt.aln.nex.best_scheme.nex
Partition information in Raxml format was printed to examples/Acropora//aln_seqs/led3764.nt.aln.nex.best_scheme

All model information printed to examples/Acropora//aln_seqs/led3764.nt.aln.nex.model.gz
CPU time for ModelFinder: 2.252 seconds (0h:0m:2s)
Wall-clock time for ModelFinder: 79.816 seconds (0h:1m:19s)
Generating 1000 samples for ultrafast bootstrap (seed: 402301)...

NOTE: 0 MB RAM (0 GB) is required!
Estimate model parameters (epsilon = 0.100)
Initial log-likelihood: -3062.687
Current log-likelihood at step 1: -3035.417
Current log-likelihood at step 2: -3035.194
Current log-likelihood at step 3: -3035.185
Partition-specific rates:  1.000
Parameters optimization took 2 rounds (0.497 sec)

Computing ML distances based on estimated model parameters... 0.000 sec
Computing BIONJ tree...
0.295 seconds
Log-likelihood of BIONJ tree: -3032.989
--------------------------------------------------------------------
|             INITIALIZING CANDIDATE TREE SET                      |
--------------------------------------------------------------------
Generating 98 parsimony trees... 1.204 second
Computing log-likelihood of 3 initial trees ... 0.515 seconds
Current best score: -3032.989

Do NNI search on 5 best initial trees
Finish initializing candidate tree set (5)
Current best tree score: -3032.989 / CPU time: 6.343
Number of iterations: 5
--------------------------------------------------------------------
|               OPTIMIZING CANDIDATE TREE SET                      |
--------------------------------------------------------------------
UPDATE BEST LOG-LIKELIHOOD: -3032.989
Iteration 10 / LogL: -3033.032 / Time: 0h:0m:14s
UPDATE BEST LOG-LIKELIHOOD: -3032.989
UPDATE BEST LOG-LIKELIHOOD: -3032.989
Iteration 20 / LogL: -3033.032 / Time: 0h:0m:24s
Iteration 30 / LogL: -3033.032 / Time: 0h:0m:32s (0h:1m:17s left)
Iteration 40 / LogL: -3033.043 / Time: 0h:0m:41s (0h:1m:3s left)
Iteration 50 / LogL: -3033.029 / Time: 0h:0m:52s (0h:0m:53s left)
Log-likelihood cutoff on original alignment: -3056.009
Iteration 60 / LogL: -3033.170 / Time: 0h:1m:2s (0h:0m:42s left)
Iteration 70 / LogL: -3033.032 / Time: 0h:1m:11s (0h:0m:31s left)
Iteration 80 / LogL: -3033.044 / Time: 0h:1m:20s (0h:0m:20s left)
Iteration 90 / LogL: -3033.024 / Time: 0h:1m:31s (0h:0m:10s left)
Iteration 100 / LogL: -3033.032 / Time: 0h:1m:40s (0h:0m:0s left)
Log-likelihood cutoff on original alignment: -3056.123
NOTE: Bootstrap correlation coefficient of split occurrence frequencies: 1.000
TREE SEARCH COMPLETED AFTER 101 ITERATIONS / Time: 0h:1m:42s

--------------------------------------------------------------------
|                    FINALIZING TREE SEARCH                        |
--------------------------------------------------------------------
Performs final model parameters optimization
Estimate model parameters (epsilon = 0.010)
Initial log-likelihood: -3032.989
Current log-likelihood at step 1: -3032.984
Partition-specific rates:  1.000
Parameters optimization took 0 rounds (0.124 sec)

BEST SCORE FOUND : -3032.984
Creating bootstrap support values...
Split supports printed to NEXUS file examples/Acropora//aln_seqs/led3764.nt.aln.nex.splits.nex
Total tree length: 0.177

Total number of iterations: 101
CPU time used for tree search: 3.501 sec (0h:0m:3s)
Wall-clock time used for tree search: 100.728 sec (0h:1m:40s)
Total CPU time used: 3.609 sec (0h:0m:3s)
Total wall-clock time used: 103.959 sec (0h:1m:43s)

Computing bootstrap consensus tree...
Reading input file examples/Acropora//aln_seqs/led3764.nt.aln.nex.splits.nex...
5 taxa and 11 splits.
Consensus tree written to examples/Acropora//aln_seqs/led3764.nt.aln.nex.contree
Reading input trees file examples/Acropora//aln_seqs/led3764.nt.aln.nex.contree
Log-likelihood of consensus tree: -3032.984

Analysis results written to: 
  IQ-TREE report:                examples/Acropora//aln_seqs/led3764.nt.aln.nex.iqtree
  Maximum-likelihood tree:       examples/Acropora//aln_seqs/led3764.nt.aln.nex.treefile
  Likelihood distances:          examples/Acropora//aln_seqs/led3764.nt.aln.nex.mldist
  Best partitioning scheme:      examples/Acropora//aln_seqs/led3764.nt.aln.nex.best_scheme.nex
           in RAxML format:      examples/Acropora//aln_seqs/led3764.nt.aln.nex.best_scheme

Ultrafast bootstrap approximation results written to:
  Split support values:          examples/Acropora//aln_seqs/led3764.nt.aln.nex.splits.nex
  Consensus tree:                examples/Acropora//aln_seqs/led3764.nt.aln.nex.contree
  Screen log file:               examples/Acropora//aln_seqs/led3764.nt.aln.nex.log

Date and Time: Sat Jan 12 16:24:35 2019
