IQ-TREE multicore version 1.6.8 for Linux 64-bit built Oct 28 2018
Developed by Bui Quang Minh, Nguyen Lam Tung, Olga Chernomor,
Heiko Schmidt, Dominik Schrempf, Michael Woodhams.

Host:    sango10206.oist.jp (AVX2, FMA3, 125 GB RAM)
Command: iqtree -s examples/Acropora//aln_seqs/led3403.nt.aln -bb 1000 -redo -nt 3 -spp examples/Acropora//aln_seqs/led3403.nt.aln.nex -m MFPMERGE
Seed:    943218 (Using SPRNG - Scalable Parallel Random Number Generator)
Time:    Sat Jan 12 16:03:26 2019
Kernel:  AVX+FMA - 3 threads (24 CPU cores detected)

Reading partition model file examples/Acropora//aln_seqs/led3403.nt.aln.nex ...
Reading alignment file examples/Acropora//aln_seqs/led3403.nt.aln ... Fasta format detected
Alignment most likely contains DNA/RNA sequences
Alignment has 5 sequences with 1461 columns, 145 distinct patterns
15 parsimony-informative, 186 singleton sites, 1260 constant sites
                          Gap/Ambiguity  Composition  p-value
   1  Adif_sc0000004.g374.t1      3.90%    passed     97.72%
   2  Aech_sc0000005.g12939.t1   15.20%    passed     99.01%
   3  Agem_sc0000252.g8786.t1     3.90%    passed     90.82%
   4  Asub_sc0000365.g3478.t1    65.30%    passed     90.29%
   5  Aten_sc0000044.g133.t1     53.80%    passed     53.84%
WARNING: 2 sequences contain more than 50% gaps/ambiguity
****  TOTAL                      28.42%  0 sequences failed composition chi2 test (p-value<5%; df=3)
NOTE: No CharPartition defined, use all CharSets

Loading 3 partitions...
Subset	Type	Seqs	Sites	Infor	Invar	Model	Name
1		5	487	1	429	MFPMERGE	p1
2		5	487	3	439	MFPMERGE	p2
3		5	487	11	392	MFPMERGE	p3
Degree of missing data: 0.000
Info: multi-threading strategy over partitions



Create initial parsimony tree by phylogenetic likelihood library (PLL)... 0.000 seconds
NOTE: ModelFinder requires 1 MB RAM!
Testing GTR+F+G on supermatrix...
WARNING: Number of threads seems too high for short alignments. Use -nt AUTO to determine best number of threads.
GTR+F+G4 / LnL: -3098.776 / df: 16 / AIC: 6229.551 / AICc: 6229.928 / BIC: 6314.141
Selecting individual models for 3 charsets using BIC...
 No. Model        Score       Charset
   1 F81+F+G4     1963.023    p1
   2 HKY+F        2324.896    p3
   3 F81+F+I      1897.885    p2
Full partition model BIC score: 6246.004 (LnL: -3046.490  df:21)
Merging models to increase model fit (about 7 total partition schemes)...
   4 K2P+G4       6279.484    p1+p3
   5 JC+I         6259.290    p1+p2
   6 HKY+F+I      6245.193    p2+p3
Merging p2+p3 with BIC score: 6245.193 (LnL: -3060.658  df: 17)
   7 K2P+I        6281.632    p1+p2+p3
BEST-FIT PARTITION MODEL: 
  charpartition BIC = F81+F+G4: p1, HKY+F+I: p2 p3;
Agglomerative model selection: (p1,(p2,p3)1:6245.19)
Merging into 2 partitions...
Partition information was printed to examples/Acropora//aln_seqs/led3403.nt.aln.nex.best_scheme.nex
Partition information in Raxml format was printed to examples/Acropora//aln_seqs/led3403.nt.aln.nex.best_scheme

All model information printed to examples/Acropora//aln_seqs/led3403.nt.aln.nex.model.gz
CPU time for ModelFinder: 1.251 seconds (0h:0m:1s)
Wall-clock time for ModelFinder: 27.369 seconds (0h:0m:27s)
Generating 1000 samples for ultrafast bootstrap (seed: 943218)...

NOTE: 0 MB RAM (0 GB) is required!
Estimate model parameters (epsilon = 0.100)
Initial log-likelihood: -3074.229
Current log-likelihood at step 1: -3060.879
Current log-likelihood at step 2: -3060.655
Current log-likelihood at step 3: -3060.642
Partition-specific rates:  0.885 1.057
Parameters optimization took 2 rounds (0.864 sec)

Computing ML distances based on estimated model parameters... 0.005 sec
Computing BIONJ tree...
0.009 seconds
Log-likelihood of BIONJ tree: -3060.642
--------------------------------------------------------------------
|             INITIALIZING CANDIDATE TREE SET                      |
--------------------------------------------------------------------
Generating 99 parsimony trees... 1.646 second
Computing log-likelihood of 8 initial trees ... 2.021 seconds
Current best score: -3060.642

Do NNI search on 9 best initial trees
Finish initializing candidate tree set (9)
Current best tree score: -3060.642 / CPU time: 13.732
Number of iterations: 9
--------------------------------------------------------------------
|               OPTIMIZING CANDIDATE TREE SET                      |
--------------------------------------------------------------------
Iteration 10 / LogL: -3060.707 / Time: 0h:0m:18s
UPDATE BEST LOG-LIKELIHOOD: -3060.642
Iteration 20 / LogL: -3060.642 / Time: 0h:0m:31s
UPDATE BEST LOG-LIKELIHOOD: -3060.642
Iteration 30 / LogL: -3060.706 / Time: 0h:0m:48s (0h:1m:56s left)
UPDATE BEST LOG-LIKELIHOOD: -3060.642
Iteration 40 / LogL: -3060.642 / Time: 0h:1m:6s (0h:1m:42s left)
Iteration 50 / LogL: -3060.642 / Time: 0h:1m:23s (0h:1m:25s left)
Log-likelihood cutoff on original alignment: -3074.790
Iteration 60 / LogL: -3061.831 / Time: 0h:1m:40s (0h:1m:7s left)
Iteration 70 / LogL: -3060.642 / Time: 0h:2m:12s (0h:0m:57s left)
Iteration 80 / LogL: -3060.707 / Time: 0h:2m:32s (0h:0m:38s left)
Iteration 90 / LogL: -3060.642 / Time: 0h:2m:50s (0h:0m:19s left)
Iteration 100 / LogL: -3060.703 / Time: 0h:3m:12s (0h:0m:0s left)
Log-likelihood cutoff on original alignment: -3074.790
NOTE: Bootstrap correlation coefficient of split occurrence frequencies: 1.000
TREE SEARCH COMPLETED AFTER 101 ITERATIONS / Time: 0h:3m:15s

--------------------------------------------------------------------
|                    FINALIZING TREE SEARCH                        |
--------------------------------------------------------------------
Performs final model parameters optimization
Estimate model parameters (epsilon = 0.010)
Initial log-likelihood: -3060.642
Current log-likelihood at step 1: -3060.641
Partition-specific rates:  0.884 1.058
Parameters optimization took 0 rounds (0.547 sec)

BEST SCORE FOUND : -3060.641
Creating bootstrap support values...
Split supports printed to NEXUS file examples/Acropora//aln_seqs/led3403.nt.aln.nex.splits.nex
Total tree length: 0.276

Total number of iterations: 101
CPU time used for tree search: 5.518 sec (0h:0m:5s)
Wall-clock time used for tree search: 191.335 sec (0h:3m:11s)
Total CPU time used: 5.712 sec (0h:0m:5s)
Total wall-clock time used: 197.457 sec (0h:3m:17s)

Computing bootstrap consensus tree...
Reading input file examples/Acropora//aln_seqs/led3403.nt.aln.nex.splits.nex...
5 taxa and 13 splits.
Consensus tree written to examples/Acropora//aln_seqs/led3403.nt.aln.nex.contree
Reading input trees file examples/Acropora//aln_seqs/led3403.nt.aln.nex.contree
Log-likelihood of consensus tree: -3060.641

Analysis results written to: 
  IQ-TREE report:                examples/Acropora//aln_seqs/led3403.nt.aln.nex.iqtree
  Maximum-likelihood tree:       examples/Acropora//aln_seqs/led3403.nt.aln.nex.treefile
  Likelihood distances:          examples/Acropora//aln_seqs/led3403.nt.aln.nex.mldist
  Best partitioning scheme:      examples/Acropora//aln_seqs/led3403.nt.aln.nex.best_scheme.nex
           in RAxML format:      examples/Acropora//aln_seqs/led3403.nt.aln.nex.best_scheme

Ultrafast bootstrap approximation results written to:
  Split support values:          examples/Acropora//aln_seqs/led3403.nt.aln.nex.splits.nex
  Consensus tree:                examples/Acropora//aln_seqs/led3403.nt.aln.nex.contree
  Screen log file:               examples/Acropora//aln_seqs/led3403.nt.aln.nex.log

Date and Time: Sat Jan 12 16:07:14 2019
