IQ-TREE multicore version 1.6.8 for Linux 64-bit built Oct 28 2018
Developed by Bui Quang Minh, Nguyen Lam Tung, Olga Chernomor,
Heiko Schmidt, Dominik Schrempf, Michael Woodhams.

Host:    sango10206.oist.jp (AVX2, FMA3, 125 GB RAM)
Command: iqtree -s examples/Acropora//aln_seqs/led3822.nt.aln -bb 1000 -redo -nt 3 -spp examples/Acropora//aln_seqs/led3822.nt.aln.nex -m MFPMERGE
Seed:    494471 (Using SPRNG - Scalable Parallel Random Number Generator)
Time:    Sat Jan 12 16:14:37 2019
Kernel:  AVX+FMA - 3 threads (24 CPU cores detected)

Reading partition model file examples/Acropora//aln_seqs/led3822.nt.aln.nex ...
Reading alignment file examples/Acropora//aln_seqs/led3822.nt.aln ... Fasta format detected
Alignment most likely contains DNA/RNA sequences
Alignment has 5 sequences with 2319 columns, 86 distinct patterns
31 parsimony-informative, 118 singleton sites, 2170 constant sites
                          Gap/Ambiguity  Composition  p-value
   1  Adif_sc0000010.g213.t1      0.52%    passed     99.69%
   2  Aech_sc0000016.g24865.t1    0.52%    passed     99.51%
   3  Agem_sc0000030.g7191.t1     0.26%    passed     99.92%
   4  Asub_sc0000023.g27942.t1    0.26%    passed     97.19%
   5  Aten_sc0000027.g294.t1      8.67%    passed     80.08%
****  TOTAL                       2.04%  0 sequences failed composition chi2 test (p-value<5%; df=3)
NOTE: No CharPartition defined, use all CharSets

Loading 3 partitions...
Subset	Type	Seqs	Sites	Infor	Invar	Model	Name
1		5	773	8	735	MFPMERGE	p1
2		5	773	6	735	MFPMERGE	p2
3		5	773	17	700	MFPMERGE	p3
Degree of missing data: 0.000
Info: multi-threading strategy over partitions



Create initial parsimony tree by phylogenetic likelihood library (PLL)... 0.000 seconds
NOTE: ModelFinder requires 0 MB RAM!
Testing GTR+F+G on supermatrix...
WARNING: Number of threads seems too high for short alignments. Use -nt AUTO to determine best number of threads.
GTR+F+G4 / LnL: -4189.964 / df: 16 / AIC: 8411.929 / AICc: 8412.165 / BIC: 8503.911
Selecting individual models for 3 charsets using BIC...
 No. Model        Score       Charset
   1 HKY+F        2656.463    p2
   2 HKY+F        2678.232    p1
   3 HKY+F+I      3072.600    p3
Full partition model BIC score: 8471.366 (LnL: -4150.445  df:22)
Merging models to increase model fit (about 7 total partition schemes)...
   4 K2P          8479.611    p1+p2
   5 HKY+F+I      8450.270    p2+p3
   6 HKY+F+G4     8479.085    p1+p3
Merging p2+p3 with BIC score: 8450.270 (LnL: -4159.269  df: 17)
   7 HKY+F+G4     8473.499    p1+p2+p3
BEST-FIT PARTITION MODEL: 
  charpartition BIC = HKY+F: p1, HKY+F+I: p2 p3;
Agglomerative model selection: (p1,(p2,p3)1:8450.27)
Merging into 2 partitions...
Partition information was printed to examples/Acropora//aln_seqs/led3822.nt.aln.nex.best_scheme.nex
Partition information in Raxml format was printed to examples/Acropora//aln_seqs/led3822.nt.aln.nex.best_scheme

All model information printed to examples/Acropora//aln_seqs/led3822.nt.aln.nex.model.gz
CPU time for ModelFinder: 1.283 seconds (0h:0m:1s)
Wall-clock time for ModelFinder: 45.695 seconds (0h:0m:45s)
Generating 1000 samples for ultrafast bootstrap (seed: 494471)...

NOTE: 0 MB RAM (0 GB) is required!
Estimate model parameters (epsilon = 0.100)
Initial log-likelihood: -4186.420
Current log-likelihood at step 1: -4159.291
Current log-likelihood at step 2: -4159.262
Partition-specific rates:  0.718 1.141
Parameters optimization took 1 rounds (0.790 sec)

Computing ML distances based on estimated model parameters... 0.005 sec
Computing BIONJ tree...
0.406 seconds
Log-likelihood of BIONJ tree: -4159.262
--------------------------------------------------------------------
|             INITIALIZING CANDIDATE TREE SET                      |
--------------------------------------------------------------------
Generating 99 parsimony trees... 1.155 second
Computing log-likelihood of 4 initial trees ... 0.948 seconds
Current best score: -4159.262

Do NNI search on 5 best initial trees
Finish initializing candidate tree set (5)
Current best tree score: -4159.262 / CPU time: 6.833
Number of iterations: 5
--------------------------------------------------------------------
|               OPTIMIZING CANDIDATE TREE SET                      |
--------------------------------------------------------------------
Iteration 10 / LogL: -4159.264 / Time: 0h:0m:15s
Iteration 20 / LogL: -4159.262 / Time: 0h:0m:25s
Iteration 30 / LogL: -4159.262 / Time: 0h:0m:36s (0h:1m:26s left)
Iteration 40 / LogL: -4159.262 / Time: 0h:0m:46s (0h:1m:11s left)
Iteration 50 / LogL: -4159.263 / Time: 0h:0m:57s (0h:0m:58s left)
Log-likelihood cutoff on original alignment: -4180.579
Iteration 60 / LogL: -4161.510 / Time: 0h:1m:10s (0h:0m:47s left)
Iteration 70 / LogL: -4159.262 / Time: 0h:1m:21s (0h:0m:35s left)
Iteration 80 / LogL: -4159.262 / Time: 0h:1m:33s (0h:0m:23s left)
Iteration 90 / LogL: -4161.510 / Time: 0h:1m:45s (0h:0m:11s left)
Iteration 100 / LogL: -4159.262 / Time: 0h:1m:58s (0h:0m:0s left)
Log-likelihood cutoff on original alignment: -4180.579
NOTE: Bootstrap correlation coefficient of split occurrence frequencies: 1.000
TREE SEARCH COMPLETED AFTER 101 ITERATIONS / Time: 0h:2m:0s

--------------------------------------------------------------------
|                    FINALIZING TREE SEARCH                        |
--------------------------------------------------------------------
Performs final model parameters optimization
Estimate model parameters (epsilon = 0.010)
Initial log-likelihood: -4159.262
Current log-likelihood at step 1: -4159.262
Partition-specific rates:  0.718 1.141
Parameters optimization took 0 rounds (0.162 sec)

BEST SCORE FOUND : -4159.262
Creating bootstrap support values...
Split supports printed to NEXUS file examples/Acropora//aln_seqs/led3822.nt.aln.nex.splits.nex
Total tree length: 0.079

Total number of iterations: 101
CPU time used for tree search: 4.341 sec (0h:0m:4s)
Wall-clock time used for tree search: 117.756 sec (0h:1m:57s)
Total CPU time used: 4.484 sec (0h:0m:4s)
Total wall-clock time used: 122.543 sec (0h:2m:2s)

Computing bootstrap consensus tree...
Reading input file examples/Acropora//aln_seqs/led3822.nt.aln.nex.splits.nex...
5 taxa and 10 splits.
Consensus tree written to examples/Acropora//aln_seqs/led3822.nt.aln.nex.contree
Reading input trees file examples/Acropora//aln_seqs/led3822.nt.aln.nex.contree
Log-likelihood of consensus tree: -4159.262

Analysis results written to: 
  IQ-TREE report:                examples/Acropora//aln_seqs/led3822.nt.aln.nex.iqtree
  Maximum-likelihood tree:       examples/Acropora//aln_seqs/led3822.nt.aln.nex.treefile
  Likelihood distances:          examples/Acropora//aln_seqs/led3822.nt.aln.nex.mldist
  Best partitioning scheme:      examples/Acropora//aln_seqs/led3822.nt.aln.nex.best_scheme.nex
           in RAxML format:      examples/Acropora//aln_seqs/led3822.nt.aln.nex.best_scheme

Ultrafast bootstrap approximation results written to:
  Split support values:          examples/Acropora//aln_seqs/led3822.nt.aln.nex.splits.nex
  Consensus tree:                examples/Acropora//aln_seqs/led3822.nt.aln.nex.contree
  Screen log file:               examples/Acropora//aln_seqs/led3822.nt.aln.nex.log

Date and Time: Sat Jan 12 16:17:27 2019
