IQ-TREE multicore version 1.6.8 for Linux 64-bit built Oct 28 2018
Developed by Bui Quang Minh, Nguyen Lam Tung, Olga Chernomor,
Heiko Schmidt, Dominik Schrempf, Michael Woodhams.

Host:    sango10206.oist.jp (AVX2, FMA3, 125 GB RAM)
Command: iqtree -s examples/Acropora//aln_seqs/led3700.nt.aln -bb 1000 -redo -nt 3 -spp examples/Acropora//aln_seqs/led3700.nt.aln.nex -m MFPMERGE
Seed:    367642 (Using SPRNG - Scalable Parallel Random Number Generator)
Time:    Sat Jan 12 16:22:23 2019
Kernel:  AVX+FMA - 3 threads (24 CPU cores detected)

Reading partition model file examples/Acropora//aln_seqs/led3700.nt.aln.nex ...
Reading alignment file examples/Acropora//aln_seqs/led3700.nt.aln ... Fasta format detected
Alignment most likely contains DNA/RNA sequences
Alignment has 5 sequences with 1581 columns, 49 distinct patterns
21 parsimony-informative, 31 singleton sites, 1529 constant sites
                          Gap/Ambiguity  Composition  p-value
   1  Adif_sc0000008.g323.t1      0.00%    passed     99.83%
   2  Aech_sc0000011.g302.t1      0.00%    passed     98.71%
   3  Agem_sc0000002.g21242.t1    0.38%    passed     98.79%
   4  Asub_sc0000015.g25986.t1    0.38%    passed     99.14%
   5  Aten_sc0000009.g504.t1     54.65%    passed     40.25%
WARNING: 1 sequences contain more than 50% gaps/ambiguity
****  TOTAL                      11.08%  0 sequences failed composition chi2 test (p-value<5%; df=3)
NOTE: No CharPartition defined, use all CharSets

Loading 3 partitions...
Subset	Type	Seqs	Sites	Infor	Invar	Model	Name
1		5	527	1	519	MFPMERGE	p1
2		5	527	1	523	MFPMERGE	p2
3		5	527	19	487	MFPMERGE	p3
Degree of missing data: 0.000
Info: multi-threading strategy over partitions



Create initial parsimony tree by phylogenetic likelihood library (PLL)... 0.110 seconds
NOTE: ModelFinder requires 0 MB RAM!
Testing GTR+F+G on supermatrix...
WARNING: Number of threads seems too high for short alignments. Use -nt AUTO to determine best number of threads.
GTR+F+G4 / LnL: -2511.184 / df: 16 / AIC: 5054.368 / AICc: 5054.715 / BIC: 5140.221
Selecting individual models for 3 charsets using BIC...
 No. Model        Score       Charset
   1 F81+F        1566.313    p1
   2 F81+F        1505.877    p2
   3 HKY+F        1944.104    p3
Full partition model BIC score: 5074.771 (LnL: -2467.410  df:19)
Merging models to increase model fit (about 7 total partition schemes)...
   4 F81+F        5087.718    p1+p2
   5 HKY+F        5090.925    p2+p3
   6 TN+F         5107.109    p1+p3
BEST-FIT PARTITION MODEL: 
  charpartition BIC = F81+F: p1, F81+F: p2, HKY+F: p3;
Agglomerative model selection: (p1,p2,p3)
Partition information was printed to examples/Acropora//aln_seqs/led3700.nt.aln.nex.best_scheme.nex
Partition information in Raxml format was printed to examples/Acropora//aln_seqs/led3700.nt.aln.nex.best_scheme

All model information printed to examples/Acropora//aln_seqs/led3700.nt.aln.nex.model.gz
CPU time for ModelFinder: 0.927 seconds (0h:0m:0s)
Wall-clock time for ModelFinder: 29.120 seconds (0h:0m:29s)
Generating 1000 samples for ultrafast bootstrap (seed: 367642)...

NOTE: 0 MB RAM (0 GB) is required!
WARNING: Number of threads seems too high for short alignments. Use -nt AUTO to determine best number of threads.
Estimate model parameters (epsilon = 0.100)
Initial log-likelihood: -2496.574
Current log-likelihood at step 1: -2467.335
Current log-likelihood at step 2: -2467.334
Partition-specific rates:  0.482 0.214 2.304
Parameters optimization took 1 rounds (0.127 sec)

Computing ML distances based on estimated model parameters... 0.002 sec
Computing BIONJ tree...
0.426 seconds
Log-likelihood of BIONJ tree: -2467.334
--------------------------------------------------------------------
|             INITIALIZING CANDIDATE TREE SET                      |
--------------------------------------------------------------------
Generating 99 parsimony trees... 1.627 second
Computing log-likelihood of 4 initial trees ... 0.507 seconds
Current best score: -2467.334

Do NNI search on 5 best initial trees
Finish initializing candidate tree set (5)
Current best tree score: -2467.334 / CPU time: 5.002
Number of iterations: 5
--------------------------------------------------------------------
|               OPTIMIZING CANDIDATE TREE SET                      |
--------------------------------------------------------------------
Iteration 10 / LogL: -2467.342 / Time: 0h:0m:13s
UPDATE BEST LOG-LIKELIHOOD: -2467.334
Iteration 20 / LogL: -2467.342 / Time: 0h:0m:26s
UPDATE BEST LOG-LIKELIHOOD: -2467.334
Iteration 30 / LogL: -2467.560 / Time: 0h:0m:38s (0h:1m:32s left)
Iteration 40 / LogL: -2467.343 / Time: 0h:0m:46s (0h:1m:12s left)
Iteration 50 / LogL: -2467.342 / Time: 0h:0m:56s (0h:0m:57s left)
Log-likelihood cutoff on original alignment: -2480.825
Iteration 60 / LogL: -2467.342 / Time: 0h:1m:7s (0h:0m:45s left)
Iteration 70 / LogL: -2467.557 / Time: 0h:1m:16s (0h:0m:33s left)
Iteration 80 / LogL: -2467.558 / Time: 0h:1m:24s (0h:0m:21s left)
Iteration 90 / LogL: -2467.561 / Time: 0h:1m:34s (0h:0m:10s left)
Iteration 100 / LogL: -2467.342 / Time: 0h:1m:45s (0h:0m:0s left)
Log-likelihood cutoff on original alignment: -2480.825
NOTE: Bootstrap correlation coefficient of split occurrence frequencies: 0.999
TREE SEARCH COMPLETED AFTER 101 ITERATIONS / Time: 0h:1m:47s

--------------------------------------------------------------------
|                    FINALIZING TREE SEARCH                        |
--------------------------------------------------------------------
Performs final model parameters optimization
Estimate model parameters (epsilon = 0.010)
Initial log-likelihood: -2467.334
Current log-likelihood at step 1: -2467.334
Partition-specific rates:  0.482 0.214 2.304
Parameters optimization took 0 rounds (0.089 sec)

BEST SCORE FOUND : -2467.334
Creating bootstrap support values...
Split supports printed to NEXUS file examples/Acropora//aln_seqs/led3700.nt.aln.nex.splits.nex
Total tree length: 0.046

Total number of iterations: 101
CPU time used for tree search: 3.566 sec (0h:0m:3s)
Wall-clock time used for tree search: 106.358 sec (0h:1m:46s)
Total CPU time used: 3.638 sec (0h:0m:3s)
Total wall-clock time used: 109.502 sec (0h:1m:49s)

Computing bootstrap consensus tree...
Reading input file examples/Acropora//aln_seqs/led3700.nt.aln.nex.splits.nex...
5 taxa and 9 splits.
Consensus tree written to examples/Acropora//aln_seqs/led3700.nt.aln.nex.contree
Reading input trees file examples/Acropora//aln_seqs/led3700.nt.aln.nex.contree
Log-likelihood of consensus tree: -2467.334

Analysis results written to: 
  IQ-TREE report:                examples/Acropora//aln_seqs/led3700.nt.aln.nex.iqtree
  Maximum-likelihood tree:       examples/Acropora//aln_seqs/led3700.nt.aln.nex.treefile
  Likelihood distances:          examples/Acropora//aln_seqs/led3700.nt.aln.nex.mldist
  Best partitioning scheme:      examples/Acropora//aln_seqs/led3700.nt.aln.nex.best_scheme.nex
           in RAxML format:      examples/Acropora//aln_seqs/led3700.nt.aln.nex.best_scheme

Ultrafast bootstrap approximation results written to:
  Split support values:          examples/Acropora//aln_seqs/led3700.nt.aln.nex.splits.nex
  Consensus tree:                examples/Acropora//aln_seqs/led3700.nt.aln.nex.contree
  Screen log file:               examples/Acropora//aln_seqs/led3700.nt.aln.nex.log

Date and Time: Sat Jan 12 16:24:43 2019
