IQ-TREE multicore version 1.6.8 for Linux 64-bit built Oct 28 2018
Developed by Bui Quang Minh, Nguyen Lam Tung, Olga Chernomor,
Heiko Schmidt, Dominik Schrempf, Michael Woodhams.

Host:    sango10206.oist.jp (AVX2, FMA3, 125 GB RAM)
Command: iqtree -s examples/Acropora//aln_seqs/led3076.nt.aln -bb 1000 -redo -nt 3 -spp examples/Acropora//aln_seqs/led3076.nt.aln.nex -m MFPMERGE
Seed:    924500 (Using SPRNG - Scalable Parallel Random Number Generator)
Time:    Sat Jan 12 16:25:21 2019
Kernel:  AVX+FMA - 3 threads (24 CPU cores detected)

Reading partition model file examples/Acropora//aln_seqs/led3076.nt.aln.nex ...
Reading alignment file examples/Acropora//aln_seqs/led3076.nt.aln ... Fasta format detected
Alignment most likely contains DNA/RNA sequences
Alignment has 5 sequences with 2760 columns, 74 distinct patterns
24 parsimony-informative, 122 singleton sites, 2614 constant sites
                          Gap/Ambiguity  Composition  p-value
   1  Adif_sc0000001.g212.t1      3.80%    passed     99.40%
   2  Aech_sc0000186.g11229.t1    4.46%    passed     98.44%
   3  Agem_sc0000048.g5378.t1     3.80%    passed     99.64%
   4  Asub_sc0000038.g11248.t1    0.00%    passed     99.99%
   5  Aten_sc0000002.g249.t1      3.80%    passed     99.78%
****  TOTAL                       3.17%  0 sequences failed composition chi2 test (p-value<5%; df=3)
NOTE: No CharPartition defined, use all CharSets

Loading 3 partitions...
Subset	Type	Seqs	Sites	Infor	Invar	Model	Name
1		5	920	8	882	MFPMERGE	p1
2		5	920	2	893	MFPMERGE	p2
3		5	920	14	839	MFPMERGE	p3
Degree of missing data: 0.000
Info: multi-threading strategy over partitions



Create initial parsimony tree by phylogenetic likelihood library (PLL)... 0.169 seconds
NOTE: ModelFinder requires 0 MB RAM!
Testing GTR+F+G on supermatrix...
WARNING: Number of threads seems too high for short alignments. Use -nt AUTO to determine best number of threads.
GTR+F+G4 / LnL: -4801.464 / df: 16 / AIC: 9634.928 / AICc: 9635.126 / BIC: 9729.695
Selecting individual models for 3 charsets using BIC...
 No. Model        Score       Charset
   1 F81+F        2927.228    p2
   2 F81+F        3077.646    p1
   3 TN+F         3579.366    p3
Full partition model BIC score: 9647.158 (LnL: -4744.349  df:20)
Merging models to increase model fit (about 7 total partition schemes)...
   4 TPM3+F       9690.851    p1+p2
   5 TN+F+I       9659.827    p2+p3
   6 TN+F+I       9692.704    p1+p3
BEST-FIT PARTITION MODEL: 
  charpartition BIC = F81+F: p1, F81+F: p2, TN+F: p3;
Agglomerative model selection: (p1,p2,p3)
Partition information was printed to examples/Acropora//aln_seqs/led3076.nt.aln.nex.best_scheme.nex
Partition information in Raxml format was printed to examples/Acropora//aln_seqs/led3076.nt.aln.nex.best_scheme

All model information printed to examples/Acropora//aln_seqs/led3076.nt.aln.nex.model.gz
CPU time for ModelFinder: 0.668 seconds (0h:0m:0s)
Wall-clock time for ModelFinder: 18.484 seconds (0h:0m:18s)
Generating 1000 samples for ultrafast bootstrap (seed: 924500)...

NOTE: 0 MB RAM (0 GB) is required!
WARNING: Number of threads seems too high for short alignments. Use -nt AUTO to determine best number of threads.
Estimate model parameters (epsilon = 0.100)
Initial log-likelihood: -4784.030
Current log-likelihood at step 1: -4744.314
Current log-likelihood at step 2: -4744.313
Partition-specific rates:  0.773 0.526 1.702
Parameters optimization took 1 rounds (0.575 sec)

Computing ML distances based on estimated model parameters... 0.001 sec
Computing BIONJ tree...
0.202 seconds
Log-likelihood of BIONJ tree: -4744.313
--------------------------------------------------------------------
|             INITIALIZING CANDIDATE TREE SET                      |
--------------------------------------------------------------------
Generating 99 parsimony trees... 2.089 second
Computing log-likelihood of 4 initial trees ... 0.499 seconds
Current best score: -4744.313

Do NNI search on 5 best initial trees
Finish initializing candidate tree set (5)
Current best tree score: -4744.313 / CPU time: 5.075
Number of iterations: 5
--------------------------------------------------------------------
|               OPTIMIZING CANDIDATE TREE SET                      |
--------------------------------------------------------------------
UPDATE BEST LOG-LIKELIHOOD: -4744.313
Iteration 10 / LogL: -4744.313 / Time: 0h:0m:11s
Iteration 20 / LogL: -4744.313 / Time: 0h:0m:18s
Iteration 30 / LogL: -4744.313 / Time: 0h:0m:25s (0h:1m:1s left)
Iteration 40 / LogL: -4744.313 / Time: 0h:0m:34s (0h:0m:52s left)
Iteration 50 / LogL: -4744.313 / Time: 0h:0m:47s (0h:0m:48s left)
Log-likelihood cutoff on original alignment: -4768.595
Iteration 60 / LogL: -4744.313 / Time: 0h:1m:2s (0h:0m:42s left)
Iteration 70 / LogL: -4744.313 / Time: 0h:1m:13s (0h:0m:31s left)
Iteration 80 / LogL: -4744.313 / Time: 0h:1m:22s (0h:0m:20s left)
Iteration 90 / LogL: -4744.313 / Time: 0h:1m:31s (0h:0m:10s left)
Iteration 100 / LogL: -4744.313 / Time: 0h:1m:41s (0h:0m:0s left)
Log-likelihood cutoff on original alignment: -4768.682
NOTE: Bootstrap correlation coefficient of split occurrence frequencies: 1.000
TREE SEARCH COMPLETED AFTER 101 ITERATIONS / Time: 0h:1m:43s

--------------------------------------------------------------------
|                    FINALIZING TREE SEARCH                        |
--------------------------------------------------------------------
Performs final model parameters optimization
Estimate model parameters (epsilon = 0.010)
Initial log-likelihood: -4744.313
Current log-likelihood at step 1: -4744.312
Partition-specific rates:  0.773 0.526 1.702
Parameters optimization took 0 rounds (0.058 sec)

BEST SCORE FOUND : -4744.312
Creating bootstrap support values...
Split supports printed to NEXUS file examples/Acropora//aln_seqs/led3076.nt.aln.nex.splits.nex
Total tree length: 0.061

Total number of iterations: 101
CPU time used for tree search: 3.380 sec (0h:0m:3s)
Wall-clock time used for tree search: 101.580 sec (0h:1m:41s)
Total CPU time used: 3.493 sec (0h:0m:3s)
Total wall-clock time used: 105.238 sec (0h:1m:45s)

Computing bootstrap consensus tree...
Reading input file examples/Acropora//aln_seqs/led3076.nt.aln.nex.splits.nex...
5 taxa and 10 splits.
Consensus tree written to examples/Acropora//aln_seqs/led3076.nt.aln.nex.contree
Reading input trees file examples/Acropora//aln_seqs/led3076.nt.aln.nex.contree
Log-likelihood of consensus tree: -4744.312

Analysis results written to: 
  IQ-TREE report:                examples/Acropora//aln_seqs/led3076.nt.aln.nex.iqtree
  Maximum-likelihood tree:       examples/Acropora//aln_seqs/led3076.nt.aln.nex.treefile
  Likelihood distances:          examples/Acropora//aln_seqs/led3076.nt.aln.nex.mldist
  Best partitioning scheme:      examples/Acropora//aln_seqs/led3076.nt.aln.nex.best_scheme.nex
           in RAxML format:      examples/Acropora//aln_seqs/led3076.nt.aln.nex.best_scheme

Ultrafast bootstrap approximation results written to:
  Split support values:          examples/Acropora//aln_seqs/led3076.nt.aln.nex.splits.nex
  Consensus tree:                examples/Acropora//aln_seqs/led3076.nt.aln.nex.contree
  Screen log file:               examples/Acropora//aln_seqs/led3076.nt.aln.nex.log

Date and Time: Sat Jan 12 16:27:27 2019
