IQ-TREE multicore version 1.6.8 for Linux 64-bit built Oct 28 2018
Developed by Bui Quang Minh, Nguyen Lam Tung, Olga Chernomor,
Heiko Schmidt, Dominik Schrempf, Michael Woodhams.

Host:    sango10206.oist.jp (AVX2, FMA3, 125 GB RAM)
Command: iqtree -s examples/Acropora//aln_seqs/led3659.nt.aln -bb 1000 -redo -nt 3 -spp examples/Acropora//aln_seqs/led3659.nt.aln.nex -m MFPMERGE
Seed:    372780 (Using SPRNG - Scalable Parallel Random Number Generator)
Time:    Sat Jan 12 16:06:07 2019
Kernel:  AVX+FMA - 3 threads (24 CPU cores detected)

Reading partition model file examples/Acropora//aln_seqs/led3659.nt.aln.nex ...
Reading alignment file examples/Acropora//aln_seqs/led3659.nt.aln ... Fasta format detected
Alignment most likely contains DNA/RNA sequences
Alignment has 5 sequences with 3351 columns, 121 distinct patterns
17 parsimony-informative, 157 singleton sites, 3177 constant sites
                          Gap/Ambiguity  Composition  p-value
   1  Adif_sc0000008.g199.t1      5.82%    passed     97.94%
   2  Aech_sc0000011.g402.t1      0.45%    passed     90.23%
   3  Agem_sc0000002.g21144.t1   19.25%    passed     76.76%
   4  Asub_sc0000015.g26089.t1   11.46%    passed     99.32%
   5  Aten_sc0000001.g141.t1     49.06%    passed     34.20%
****  TOTAL                      17.21%  0 sequences failed composition chi2 test (p-value<5%; df=3)
NOTE: No CharPartition defined, use all CharSets

Loading 3 partitions...
Subset	Type	Seqs	Sites	Infor	Invar	Model	Name
1		5	1117	3	1075	MFPMERGE	p1
2		5	1117	3	1078	MFPMERGE	p2
3		5	1117	11	1024	MFPMERGE	p3
Degree of missing data: 0.000
Info: multi-threading strategy over partitions



Create initial parsimony tree by phylogenetic likelihood library (PLL)... 0.000 seconds
NOTE: ModelFinder requires 1 MB RAM!
Testing GTR+F+G on supermatrix...
WARNING: Number of threads seems too high for short alignments. Use -nt AUTO to determine best number of threads.
GTR+F+G4 / LnL: -5678.063 / df: 16 / AIC: 11388.127 / AICc: 11388.290 / BIC: 11485.999
Selecting individual models for 3 charsets using BIC...
 No. Model        Score       Charset
   1 F81+F        3515.154    p1
   2 HKY+F        4165.825    p3
   3 F81+F        3524.574    p2
Full partition model BIC score: 11268.537 (LnL: -5557.157  df:19)
Merging models to increase model fit (about 7 total partition schemes)...
   4 HKY+F        11390.509   p1+p3
   5 F81+F        11363.807   p1+p2
   6 HKY+F+I      11332.663   p2+p3
BEST-FIT PARTITION MODEL: 
  charpartition BIC = F81+F: p1, F81+F: p2, HKY+F: p3;
Agglomerative model selection: (p1,p2,p3)
Partition information was printed to examples/Acropora//aln_seqs/led3659.nt.aln.nex.best_scheme.nex
Partition information in Raxml format was printed to examples/Acropora//aln_seqs/led3659.nt.aln.nex.best_scheme

All model information printed to examples/Acropora//aln_seqs/led3659.nt.aln.nex.model.gz
CPU time for ModelFinder: 0.887 seconds (0h:0m:0s)
Wall-clock time for ModelFinder: 41.260 seconds (0h:0m:41s)
Generating 1000 samples for ultrafast bootstrap (seed: 372780)...

NOTE: 0 MB RAM (0 GB) is required!
WARNING: Number of threads seems too high for short alignments. Use -nt AUTO to determine best number of threads.
Estimate model parameters (epsilon = 0.100)
Initial log-likelihood: -5590.411
Current log-likelihood at step 1: -5557.079
Current log-likelihood at step 2: -5557.064
Partition-specific rates:  0.696 0.662 1.642
Parameters optimization took 1 rounds (0.206 sec)

Computing ML distances based on estimated model parameters... 0.004 sec
Computing BIONJ tree...
0.005 seconds
Log-likelihood of BIONJ tree: -5557.062
--------------------------------------------------------------------
|             INITIALIZING CANDIDATE TREE SET                      |
--------------------------------------------------------------------
Generating 99 parsimony trees... 2.770 second
Computing log-likelihood of 4 initial trees ... 1.032 seconds
Current best score: -5557.062

Do NNI search on 5 best initial trees
Finish initializing candidate tree set (5)
Current best tree score: -5557.062 / CPU time: 7.263
Number of iterations: 5
--------------------------------------------------------------------
|               OPTIMIZING CANDIDATE TREE SET                      |
--------------------------------------------------------------------
UPDATE BEST LOG-LIKELIHOOD: -5557.062
Iteration 10 / LogL: -5557.136 / Time: 0h:0m:17s
UPDATE BEST LOG-LIKELIHOOD: -5557.062
UPDATE BEST LOG-LIKELIHOOD: -5557.062
Iteration 20 / LogL: -5557.136 / Time: 0h:0m:28s
Iteration 30 / LogL: -5557.470 / Time: 0h:0m:44s (0h:1m:45s left)
Iteration 40 / LogL: -5557.479 / Time: 0h:1m:0s (0h:1m:33s left)
Iteration 50 / LogL: -5557.062 / Time: 0h:1m:13s (0h:1m:14s left)
Log-likelihood cutoff on original alignment: -5578.266
Iteration 60 / LogL: -5557.062 / Time: 0h:1m:28s (0h:0m:59s left)
Iteration 70 / LogL: -5557.062 / Time: 0h:1m:40s (0h:0m:43s left)
Iteration 80 / LogL: -5557.136 / Time: 0h:1m:51s (0h:0m:28s left)
Iteration 90 / LogL: -5557.136 / Time: 0h:2m:1s (0h:0m:13s left)
Iteration 100 / LogL: -5557.062 / Time: 0h:2m:16s (0h:0m:0s left)
Log-likelihood cutoff on original alignment: -5578.266
NOTE: Bootstrap correlation coefficient of split occurrence frequencies: 1.000
TREE SEARCH COMPLETED AFTER 101 ITERATIONS / Time: 0h:2m:20s

--------------------------------------------------------------------
|                    FINALIZING TREE SEARCH                        |
--------------------------------------------------------------------
Performs final model parameters optimization
Estimate model parameters (epsilon = 0.010)
Initial log-likelihood: -5557.062
Current log-likelihood at step 1: -5557.062
Partition-specific rates:  0.696 0.662 1.642
Parameters optimization took 0 rounds (0.065 sec)

BEST SCORE FOUND : -5557.062
Creating bootstrap support values...
Split supports printed to NEXUS file examples/Acropora//aln_seqs/led3659.nt.aln.nex.splits.nex
Total tree length: 0.068

Total number of iterations: 101
CPU time used for tree search: 4.065 sec (0h:0m:4s)
Wall-clock time used for tree search: 136.283 sec (0h:2m:16s)
Total CPU time used: 4.178 sec (0h:0m:4s)
Total wall-clock time used: 141.925 sec (0h:2m:21s)

Computing bootstrap consensus tree...
Reading input file examples/Acropora//aln_seqs/led3659.nt.aln.nex.splits.nex...
5 taxa and 11 splits.
Consensus tree written to examples/Acropora//aln_seqs/led3659.nt.aln.nex.contree
Reading input trees file examples/Acropora//aln_seqs/led3659.nt.aln.nex.contree
Log-likelihood of consensus tree: -5557.062

Analysis results written to: 
  IQ-TREE report:                examples/Acropora//aln_seqs/led3659.nt.aln.nex.iqtree
  Maximum-likelihood tree:       examples/Acropora//aln_seqs/led3659.nt.aln.nex.treefile
  Likelihood distances:          examples/Acropora//aln_seqs/led3659.nt.aln.nex.mldist
  Best partitioning scheme:      examples/Acropora//aln_seqs/led3659.nt.aln.nex.best_scheme.nex
           in RAxML format:      examples/Acropora//aln_seqs/led3659.nt.aln.nex.best_scheme

Ultrafast bootstrap approximation results written to:
  Split support values:          examples/Acropora//aln_seqs/led3659.nt.aln.nex.splits.nex
  Consensus tree:                examples/Acropora//aln_seqs/led3659.nt.aln.nex.contree
  Screen log file:               examples/Acropora//aln_seqs/led3659.nt.aln.nex.log

Date and Time: Sat Jan 12 16:09:12 2019
