IQ-TREE multicore version 1.6.8 for Linux 64-bit built Oct 28 2018
Developed by Bui Quang Minh, Nguyen Lam Tung, Olga Chernomor,
Heiko Schmidt, Dominik Schrempf, Michael Woodhams.

Host:    sango10206.oist.jp (AVX2, FMA3, 125 GB RAM)
Command: iqtree -s examples/Acropora//aln_seqs/led3688.nt.aln -bb 1000 -redo -nt 3 -spp examples/Acropora//aln_seqs/led3688.nt.aln.nex -m MFPMERGE
Seed:    337418 (Using SPRNG - Scalable Parallel Random Number Generator)
Time:    Sat Jan 12 16:48:16 2019
Kernel:  AVX+FMA - 3 threads (24 CPU cores detected)

Reading partition model file examples/Acropora//aln_seqs/led3688.nt.aln.nex ...
Reading alignment file examples/Acropora//aln_seqs/led3688.nt.aln ... Fasta format detected
Alignment most likely contains DNA/RNA sequences
Alignment has 5 sequences with 3267 columns, 112 distinct patterns
54 parsimony-informative, 164 singleton sites, 3049 constant sites
                          Gap/Ambiguity  Composition  p-value
   1  Adif_sc0000008.g283.t1      0.73%    passed     97.10%
   2  Aech_sc0000011.g334.t1     17.26%    passed     96.74%
   3  Agem_sc0000002.g21211.t1   11.75%    passed     94.81%
   4  Asub_sc0000015.g26019.t1   20.20%    passed     98.50%
   5  Aten_sc0000009.g469.t1      5.60%    passed     93.49%
****  TOTAL                      11.11%  0 sequences failed composition chi2 test (p-value<5%; df=3)
NOTE: No CharPartition defined, use all CharSets

Loading 3 partitions...
Subset	Type	Seqs	Sites	Infor	Invar	Model	Name
1		5	1089	16	1024	MFPMERGE	p1
2		5	1089	16	1040	MFPMERGE	p2
3		5	1089	22	985	MFPMERGE	p3
Degree of missing data: 0.000
Info: multi-threading strategy over partitions



Create initial parsimony tree by phylogenetic likelihood library (PLL)... 0.000 seconds
NOTE: ModelFinder requires 1 MB RAM!
Testing GTR+F+G on supermatrix...
WARNING: Number of threads seems too high for short alignments. Use -nt AUTO to determine best number of threads.
GTR+F+G4 / LnL: -5936.310 / df: 16 / AIC: 11904.620 / AICc: 11904.788 / BIC: 12002.086
Selecting individual models for 3 charsets using BIC...
 No. Model        Score       Charset
   1 F81+F+I      3643.961    p2
   2 F81+F+I      3925.348    p1
   3 HKY+F+G4     4301.266    p3
Full partition model BIC score: 11936.703 (LnL: -5879.344  df:22)
Merging models to increase model fit (about 7 total partition schemes)...
   4 HKY+F+I      11966.643   p2+p3
   5 F81+F+I      11928.819   p1+p2
   6 HKY+F+I      11955.700   p1+p3
Merging p1+p2 with BIC score: 11928.819 (LnL: -5895.631  df: 17)
   7 HKY+F+I      11966.922   p1+p2+p3
BEST-FIT PARTITION MODEL: 
  charpartition BIC = F81+F+I: p1 p2, HKY+F+G4: p3;
Agglomerative model selection: ((p1,p2)1:11928.8,p3)
Merging into 2 partitions...
Partition information was printed to examples/Acropora//aln_seqs/led3688.nt.aln.nex.best_scheme.nex
Partition information in Raxml format was printed to examples/Acropora//aln_seqs/led3688.nt.aln.nex.best_scheme

All model information printed to examples/Acropora//aln_seqs/led3688.nt.aln.nex.model.gz
CPU time for ModelFinder: 1.401 seconds (0h:0m:1s)
Wall-clock time for ModelFinder: 55.296 seconds (0h:0m:55s)
Generating 1000 samples for ultrafast bootstrap (seed: 337418)...

NOTE: 0 MB RAM (0 GB) is required!
Estimate model parameters (epsilon = 0.100)
Initial log-likelihood: -5950.968
Current log-likelihood at step 1: -5894.921
Current log-likelihood at step 2: -5894.599
Current log-likelihood at step 3: -5894.565
Partition-specific rates:  0.790 1.421
Parameters optimization took 2 rounds (1.459 sec)

Computing ML distances based on estimated model parameters... 0.001 sec
Computing BIONJ tree...
0.002 seconds
Log-likelihood of BIONJ tree: -5887.697
--------------------------------------------------------------------
|             INITIALIZING CANDIDATE TREE SET                      |
--------------------------------------------------------------------
Generating 98 parsimony trees... 2.019 second
Computing log-likelihood of 8 initial trees ... 3.588 seconds
Current best score: -5887.697

Do NNI search on 10 best initial trees
Iteration 10 / LogL: -5887.709 / Time: 0h:0m:25s
Finish initializing candidate tree set (10)
Current best tree score: -5887.697 / CPU time: 23.485
Number of iterations: 10
--------------------------------------------------------------------
|               OPTIMIZING CANDIDATE TREE SET                      |
--------------------------------------------------------------------
UPDATE BEST LOG-LIKELIHOOD: -5887.697
UPDATE BEST LOG-LIKELIHOOD: -5887.697
Iteration 20 / LogL: -5887.703 / Time: 0h:0m:37s
Iteration 30 / LogL: -5894.546 / Time: 0h:0m:50s (0h:2m:2s left)
Iteration 40 / LogL: -5887.703 / Time: 0h:1m:5s (0h:1m:40s left)
Iteration 50 / LogL: -5887.697 / Time: 0h:1m:20s (0h:1m:21s left)
Log-likelihood cutoff on original alignment: -5901.673
Iteration 60 / LogL: -5887.710 / Time: 0h:1m:35s (0h:1m:4s left)
Iteration 70 / LogL: -5887.710 / Time: 0h:1m:56s (0h:0m:50s left)
Iteration 80 / LogL: -5887.710 / Time: 0h:2m:23s (0h:0m:36s left)
Iteration 90 / LogL: -5887.697 / Time: 0h:2m:39s (0h:0m:17s left)
Iteration 100 / LogL: -5887.708 / Time: 0h:2m:51s (0h:0m:0s left)
Log-likelihood cutoff on original alignment: -5901.673
NOTE: Bootstrap correlation coefficient of split occurrence frequencies: 1.000
TREE SEARCH COMPLETED AFTER 101 ITERATIONS / Time: 0h:2m:54s

--------------------------------------------------------------------
|                    FINALIZING TREE SEARCH                        |
--------------------------------------------------------------------
Performs final model parameters optimization
Estimate model parameters (epsilon = 0.010)
Initial log-likelihood: -5887.697
Current log-likelihood at step 1: -5887.508
Current log-likelihood at step 2: -5887.507
Partition-specific rates:  0.779 1.441
Parameters optimization took 1 rounds (0.541 sec)

BEST SCORE FOUND : -5887.507
Creating bootstrap support values...
Split supports printed to NEXUS file examples/Acropora//aln_seqs/led3688.nt.aln.nex.splits.nex
Total tree length: 0.103

Total number of iterations: 101
CPU time used for tree search: 5.218 sec (0h:0m:5s)
Wall-clock time used for tree search: 171.296 sec (0h:2m:51s)
Total CPU time used: 5.384 sec (0h:0m:5s)
Total wall-clock time used: 177.418 sec (0h:2m:57s)

Computing bootstrap consensus tree...
Reading input file examples/Acropora//aln_seqs/led3688.nt.aln.nex.splits.nex...
5 taxa and 11 splits.
Consensus tree written to examples/Acropora//aln_seqs/led3688.nt.aln.nex.contree
Reading input trees file examples/Acropora//aln_seqs/led3688.nt.aln.nex.contree
Log-likelihood of consensus tree: -5887.507

Analysis results written to: 
  IQ-TREE report:                examples/Acropora//aln_seqs/led3688.nt.aln.nex.iqtree
  Maximum-likelihood tree:       examples/Acropora//aln_seqs/led3688.nt.aln.nex.treefile
  Likelihood distances:          examples/Acropora//aln_seqs/led3688.nt.aln.nex.mldist
  Best partitioning scheme:      examples/Acropora//aln_seqs/led3688.nt.aln.nex.best_scheme.nex
           in RAxML format:      examples/Acropora//aln_seqs/led3688.nt.aln.nex.best_scheme

Ultrafast bootstrap approximation results written to:
  Split support values:          examples/Acropora//aln_seqs/led3688.nt.aln.nex.splits.nex
  Consensus tree:                examples/Acropora//aln_seqs/led3688.nt.aln.nex.contree
  Screen log file:               examples/Acropora//aln_seqs/led3688.nt.aln.nex.log

Date and Time: Sat Jan 12 16:52:12 2019
