IQ-TREE multicore version 1.6.8 for Linux 64-bit built Oct 28 2018
Developed by Bui Quang Minh, Nguyen Lam Tung, Olga Chernomor,
Heiko Schmidt, Dominik Schrempf, Michael Woodhams.

Host:    sango10206.oist.jp (AVX2, FMA3, 125 GB RAM)
Command: iqtree -s examples/Acropora//aln_seqs/led4223.nt.aln -bb 1000 -redo -nt 3 -spp examples/Acropora//aln_seqs/led4223.nt.aln.nex -m MFPMERGE
Seed:    85939 (Using SPRNG - Scalable Parallel Random Number Generator)
Time:    Sat Jan 12 16:03:26 2019
Kernel:  AVX+FMA - 3 threads (24 CPU cores detected)

Reading partition model file examples/Acropora//aln_seqs/led4223.nt.aln.nex ...
Reading alignment file examples/Acropora//aln_seqs/led4223.nt.aln ... Fasta format detected
Alignment most likely contains DNA/RNA sequences
Alignment has 5 sequences with 2484 columns, 98 distinct patterns
24 parsimony-informative, 100 singleton sites, 2360 constant sites
                          Gap/Ambiguity  Composition  p-value
   1  Adif_sc0000018.g234.t1      8.82%    passed     95.39%
   2  Aech_sc0000159.g27605.t1   17.03%    passed     97.70%
   3  Agem_sc0000013.g30611.t1    8.21%    passed     91.08%
   4  Asub_sc0000007.g24020.t1   12.08%    passed     97.44%
   5  Aten_sc0000183.g233.t1     37.92%    passed     90.05%
****  TOTAL                      16.81%  0 sequences failed composition chi2 test (p-value<5%; df=3)
NOTE: No CharPartition defined, use all CharSets

Loading 3 partitions...
Subset	Type	Seqs	Sites	Infor	Invar	Model	Name
1		5	828	4	802	MFPMERGE	p1
2		5	828	4	806	MFPMERGE	p2
3		5	828	16	752	MFPMERGE	p3
Degree of missing data: 0.000
Info: multi-threading strategy over partitions



Create initial parsimony tree by phylogenetic likelihood library (PLL)... 0.000 seconds
NOTE: ModelFinder requires 0 MB RAM!
Testing GTR+F+G on supermatrix...
WARNING: Number of threads seems too high for short alignments. Use -nt AUTO to determine best number of threads.
GTR+F+G4 / LnL: -4183.226 / df: 16 / AIC: 8398.452 / AICc: 8398.672 / BIC: 8491.534
Selecting individual models for 3 charsets using BIC...
 No. Model        Score       Charset
   1 F81+F        2630.159    p1
   2 TPM3u+F      2504.608    p2
   3 HKY+F        3196.721    p3
Full partition model BIC score: 8394.872 (LnL: -4115.351  df:21)
Merging models to increase model fit (about 7 total partition schemes)...
   4 HKY+F        8441.098    p1+p2
   5 HKY+F        8421.981    p1+p3
   6 HKY+F        8421.483    p2+p3
BEST-FIT PARTITION MODEL: 
  charpartition BIC = F81+F: p1, TPM3u+F: p2, HKY+F: p3;
Agglomerative model selection: (p1,p2,p3)
Partition information was printed to examples/Acropora//aln_seqs/led4223.nt.aln.nex.best_scheme.nex
Partition information in Raxml format was printed to examples/Acropora//aln_seqs/led4223.nt.aln.nex.best_scheme

All model information printed to examples/Acropora//aln_seqs/led4223.nt.aln.nex.model.gz
CPU time for ModelFinder: 0.753 seconds (0h:0m:0s)
Wall-clock time for ModelFinder: 11.785 seconds (0h:0m:11s)
Generating 1000 samples for ultrafast bootstrap (seed: 85939)...

NOTE: 0 MB RAM (0 GB) is required!
WARNING: Number of threads seems too high for short alignments. Use -nt AUTO to determine best number of threads.
Estimate model parameters (epsilon = 0.100)
Initial log-likelihood: -4167.045
Current log-likelihood at step 1: -4127.643
Current log-likelihood at step 2: -4124.807
Current log-likelihood at step 3: -4122.226
Current log-likelihood at step 4: -4115.338
Current log-likelihood at step 5: -4115.338
Partition-specific rates:  0.620 0.507 1.873
Parameters optimization took 4 rounds (0.371 sec)


WARNING: Estimated model parameters are at boundary that can cause numerical instability!

Computing ML distances based on estimated model parameters... 0.009 sec
Computing BIONJ tree...
0.058 seconds
Log-likelihood of BIONJ tree: -4121.537
--------------------------------------------------------------------
|             INITIALIZING CANDIDATE TREE SET                      |
--------------------------------------------------------------------
Generating 98 parsimony trees... 1.730 second
Computing log-likelihood of 3 initial trees ... 0.815 seconds
Current best score: -4115.338

Do NNI search on 5 best initial trees
Finish initializing candidate tree set (5)
Current best tree score: -4115.338 / CPU time: 7.031
Number of iterations: 5
--------------------------------------------------------------------
|               OPTIMIZING CANDIDATE TREE SET                      |
--------------------------------------------------------------------
Iteration 10 / LogL: -4115.338 / Time: 0h:0m:12s
Iteration 20 / LogL: -4115.386 / Time: 0h:0m:20s
Iteration 30 / LogL: -4115.338 / Time: 0h:0m:29s (0h:1m:9s left)
Iteration 40 / LogL: -4115.338 / Time: 0h:0m:37s (0h:0m:58s left)
Iteration 50 / LogL: -4115.338 / Time: 0h:0m:55s (0h:0m:56s left)
Log-likelihood cutoff on original alignment: -4129.696
Iteration 60 / LogL: -4115.338 / Time: 0h:1m:18s (0h:0m:53s left)
Iteration 70 / LogL: -4115.338 / Time: 0h:1m:34s (0h:0m:41s left)
Iteration 80 / LogL: -4115.338 / Time: 0h:1m:47s (0h:0m:27s left)
Iteration 90 / LogL: -4115.387 / Time: 0h:2m:1s (0h:0m:13s left)
Iteration 100 / LogL: -4115.338 / Time: 0h:2m:17s (0h:0m:0s left)
Log-likelihood cutoff on original alignment: -4130.153
NOTE: Bootstrap correlation coefficient of split occurrence frequencies: 1.000
TREE SEARCH COMPLETED AFTER 101 ITERATIONS / Time: 0h:2m:19s

--------------------------------------------------------------------
|                    FINALIZING TREE SEARCH                        |
--------------------------------------------------------------------
Performs final model parameters optimization
Estimate model parameters (epsilon = 0.010)
Initial log-likelihood: -4115.338
Current log-likelihood at step 1: -4115.338
Partition-specific rates:  0.620 0.507 1.873
Parameters optimization took 0 rounds (0.069 sec)


WARNING: Estimated model parameters are at boundary that can cause numerical instability!

BEST SCORE FOUND : -4115.338
Creating bootstrap support values...
Split supports printed to NEXUS file examples/Acropora//aln_seqs/led4223.nt.aln.nex.splits.nex
Total tree length: 0.071

Total number of iterations: 101
CPU time used for tree search: 3.922 sec (0h:0m:3s)
Wall-clock time used for tree search: 137.545 sec (0h:2m:17s)
Total CPU time used: 4.039 sec (0h:0m:4s)
Total wall-clock time used: 141.784 sec (0h:2m:21s)

Computing bootstrap consensus tree...
Reading input file examples/Acropora//aln_seqs/led4223.nt.aln.nex.splits.nex...
5 taxa and 10 splits.
Consensus tree written to examples/Acropora//aln_seqs/led4223.nt.aln.nex.contree
Reading input trees file examples/Acropora//aln_seqs/led4223.nt.aln.nex.contree
Log-likelihood of consensus tree: -4115.338

Analysis results written to: 
  IQ-TREE report:                examples/Acropora//aln_seqs/led4223.nt.aln.nex.iqtree
  Maximum-likelihood tree:       examples/Acropora//aln_seqs/led4223.nt.aln.nex.treefile
  Likelihood distances:          examples/Acropora//aln_seqs/led4223.nt.aln.nex.mldist
  Best partitioning scheme:      examples/Acropora//aln_seqs/led4223.nt.aln.nex.best_scheme.nex
           in RAxML format:      examples/Acropora//aln_seqs/led4223.nt.aln.nex.best_scheme

Ultrafast bootstrap approximation results written to:
  Split support values:          examples/Acropora//aln_seqs/led4223.nt.aln.nex.splits.nex
  Consensus tree:                examples/Acropora//aln_seqs/led4223.nt.aln.nex.contree
  Screen log file:               examples/Acropora//aln_seqs/led4223.nt.aln.nex.log

Date and Time: Sat Jan 12 16:06:01 2019
