IQ-TREE multicore version 1.6.8 for Linux 64-bit built Oct 28 2018
Developed by Bui Quang Minh, Nguyen Lam Tung, Olga Chernomor,
Heiko Schmidt, Dominik Schrempf, Michael Woodhams.

Host:    sango10206.oist.jp (AVX2, FMA3, 125 GB RAM)
Command: iqtree -s examples/Acropora//aln_seqs/led4651.nt.aln -bb 1000 -redo -nt 3 -spp examples/Acropora//aln_seqs/led4651.nt.aln.nex -m MFPMERGE
Seed:    224282 (Using SPRNG - Scalable Parallel Random Number Generator)
Time:    Sat Jan 12 16:39:24 2019
Kernel:  AVX+FMA - 3 threads (24 CPU cores detected)

Reading partition model file examples/Acropora//aln_seqs/led4651.nt.aln.nex ...
Reading alignment file examples/Acropora//aln_seqs/led4651.nt.aln ... Fasta format detected
Alignment most likely contains DNA/RNA sequences
Alignment has 5 sequences with 1590 columns, 82 distinct patterns
45 parsimony-informative, 72 singleton sites, 1473 constant sites
                          Gap/Ambiguity  Composition  p-value
   1  Adif_sc0000029.g510.t1      0.00%    passed     62.48%
   2  Aech_sc0000064.g14237.t1   40.00%    passed     93.75%
   3  Agem_sc0000034.g6896.t1    43.77%    passed     99.02%
   4  Asub_sc0000199.g23739.t1   41.89%    passed     83.28%
   5  Aten_sc0000077.g363.t1     38.30%    passed     86.50%
****  TOTAL                      32.79%  0 sequences failed composition chi2 test (p-value<5%; df=3)
NOTE: No CharPartition defined, use all CharSets

Loading 3 partitions...
Subset	Type	Seqs	Sites	Infor	Invar	Model	Name
1		5	530	13	489	MFPMERGE	p1
2		5	530	16	492	MFPMERGE	p2
3		5	530	16	492	MFPMERGE	p3
Degree of missing data: 0.000
Info: multi-threading strategy over partitions



Create initial parsimony tree by phylogenetic likelihood library (PLL)... 0.000 seconds
NOTE: ModelFinder requires 0 MB RAM!
Testing GTR+F+G on supermatrix...
WARNING: Number of threads seems too high for short alignments. Use -nt AUTO to determine best number of threads.
GTR+F+G4 / LnL: -2891.108 / df: 16 / AIC: 5814.216 / AICc: 5814.562 / BIC: 5900.160
Selecting individual models for 3 charsets using BIC...
 No. Model        Score       Charset
   1 K2P          1938.014    p3
   2 F81+F        1940.814    p2
   3 TPM2u+F      1916.598    p1
Full partition model BIC score: 5852.838 (LnL: -2860.076  df:18)
Merging models to increase model fit (about 7 total partition schemes)...
   4 K2P          5881.087    p1+p3
   5 HKY+F        5855.643    p2+p3
   6 HKY+F        5863.829    p1+p2
BEST-FIT PARTITION MODEL: 
  charpartition BIC = TPM2u+F: p1, F81+F: p2, K2P: p3;
Agglomerative model selection: (p1,p2,p3)
Partition information was printed to examples/Acropora//aln_seqs/led4651.nt.aln.nex.best_scheme.nex
Partition information in Raxml format was printed to examples/Acropora//aln_seqs/led4651.nt.aln.nex.best_scheme

All model information printed to examples/Acropora//aln_seqs/led4651.nt.aln.nex.model.gz
CPU time for ModelFinder: 0.625 seconds (0h:0m:0s)
Wall-clock time for ModelFinder: 16.820 seconds (0h:0m:16s)
Generating 1000 samples for ultrafast bootstrap (seed: 224282)...

NOTE: 0 MB RAM (0 GB) is required!
WARNING: Number of threads seems too high for short alignments. Use -nt AUTO to determine best number of threads.
Estimate model parameters (epsilon = 0.100)
Initial log-likelihood: -2874.872
Current log-likelihood at step 1: -2860.033
Current log-likelihood at step 2: -2860.033
Partition-specific rates:  1.041 0.988 0.971
Parameters optimization took 1 rounds (0.122 sec)

Computing ML distances based on estimated model parameters... 0.005 sec
Computing BIONJ tree...
0.160 seconds
Log-likelihood of BIONJ tree: -2860.033
--------------------------------------------------------------------
|             INITIALIZING CANDIDATE TREE SET                      |
--------------------------------------------------------------------
Generating 99 parsimony trees... 2.076 second
Computing log-likelihood of 4 initial trees ... 0.556 seconds
Current best score: -2860.033

Do NNI search on 5 best initial trees
Finish initializing candidate tree set (5)
Current best tree score: -2860.033 / CPU time: 6.888
Number of iterations: 5
--------------------------------------------------------------------
|               OPTIMIZING CANDIDATE TREE SET                      |
--------------------------------------------------------------------
Iteration 10 / LogL: -2860.033 / Time: 0h:0m:15s
Iteration 20 / LogL: -2860.033 / Time: 0h:0m:26s
Iteration 30 / LogL: -2860.033 / Time: 0h:0m:34s (0h:1m:23s left)
Iteration 40 / LogL: -2860.033 / Time: 0h:0m:43s (0h:1m:7s left)
Iteration 50 / LogL: -2860.033 / Time: 0h:0m:51s (0h:0m:52s left)
Log-likelihood cutoff on original alignment: -2874.647
Iteration 60 / LogL: -2860.033 / Time: 0h:1m:2s (0h:0m:42s left)
Iteration 70 / LogL: -2860.033 / Time: 0h:1m:12s (0h:0m:31s left)
Iteration 80 / LogL: -2860.033 / Time: 0h:1m:23s (0h:0m:21s left)
Iteration 90 / LogL: -2860.033 / Time: 0h:1m:33s (0h:0m:10s left)
Iteration 100 / LogL: -2860.033 / Time: 0h:1m:42s (0h:0m:0s left)
Log-likelihood cutoff on original alignment: -2874.647
NOTE: Bootstrap correlation coefficient of split occurrence frequencies: 1.000
TREE SEARCH COMPLETED AFTER 101 ITERATIONS / Time: 0h:1m:43s

--------------------------------------------------------------------
|                    FINALIZING TREE SEARCH                        |
--------------------------------------------------------------------
Performs final model parameters optimization
Estimate model parameters (epsilon = 0.010)
Initial log-likelihood: -2860.033
Current log-likelihood at step 1: -2860.033
Partition-specific rates:  1.041 0.988 0.971
Parameters optimization took 0 rounds (0.048 sec)

BEST SCORE FOUND : -2860.033
Creating bootstrap support values...
Split supports printed to NEXUS file examples/Acropora//aln_seqs/led4651.nt.aln.nex.splits.nex
Total tree length: 0.138

Total number of iterations: 101
CPU time used for tree search: 3.666 sec (0h:0m:3s)
Wall-clock time used for tree search: 101.096 sec (0h:1m:41s)
Total CPU time used: 3.778 sec (0h:0m:3s)
Total wall-clock time used: 105.056 sec (0h:1m:45s)

Computing bootstrap consensus tree...
Reading input file examples/Acropora//aln_seqs/led4651.nt.aln.nex.splits.nex...
5 taxa and 9 splits.
Consensus tree written to examples/Acropora//aln_seqs/led4651.nt.aln.nex.contree
Reading input trees file examples/Acropora//aln_seqs/led4651.nt.aln.nex.contree
Log-likelihood of consensus tree: -2860.033

Analysis results written to: 
  IQ-TREE report:                examples/Acropora//aln_seqs/led4651.nt.aln.nex.iqtree
  Maximum-likelihood tree:       examples/Acropora//aln_seqs/led4651.nt.aln.nex.treefile
  Likelihood distances:          examples/Acropora//aln_seqs/led4651.nt.aln.nex.mldist
  Best partitioning scheme:      examples/Acropora//aln_seqs/led4651.nt.aln.nex.best_scheme.nex
           in RAxML format:      examples/Acropora//aln_seqs/led4651.nt.aln.nex.best_scheme

Ultrafast bootstrap approximation results written to:
  Split support values:          examples/Acropora//aln_seqs/led4651.nt.aln.nex.splits.nex
  Consensus tree:                examples/Acropora//aln_seqs/led4651.nt.aln.nex.contree
  Screen log file:               examples/Acropora//aln_seqs/led4651.nt.aln.nex.log

Date and Time: Sat Jan 12 16:41:27 2019
