IQ-TREE multicore version 1.6.8 for Linux 64-bit built Oct 28 2018
Developed by Bui Quang Minh, Nguyen Lam Tung, Olga Chernomor,
Heiko Schmidt, Dominik Schrempf, Michael Woodhams.

Host:    sango10206.oist.jp (AVX2, FMA3, 125 GB RAM)
Command: iqtree -s examples/Acropora//aln_seqs/led4174.nt.aln -bb 1000 -redo -nt 3 -spp examples/Acropora//aln_seqs/led4174.nt.aln.nex -m MFPMERGE
Seed:    873940 (Using SPRNG - Scalable Parallel Random Number Generator)
Time:    Sat Jan 12 16:13:47 2019
Kernel:  AVX+FMA - 3 threads (24 CPU cores detected)

Reading partition model file examples/Acropora//aln_seqs/led4174.nt.aln.nex ...
Reading alignment file examples/Acropora//aln_seqs/led4174.nt.aln ... Fasta format detected
Alignment most likely contains DNA/RNA sequences
Alignment has 5 sequences with 3327 columns, 160 distinct patterns
33 parsimony-informative, 183 singleton sites, 3111 constant sites
                          Gap/Ambiguity  Composition  p-value
   1  Adif_sc0000017.g736.t1      8.57%    passed     99.65%
   2  Aech_sc0000045.g14110.t1   13.89%    passed     97.15%
   3  Agem_sc0000040.g27100.t1   12.62%    passed     98.39%
   4  Asub_sc0000049.g4476.t1    39.04%    passed     20.73%
   5  Aten_sc0000097.g262.t1     15.51%    passed     55.22%
****  TOTAL                      17.93%  0 sequences failed composition chi2 test (p-value<5%; df=3)
NOTE: No CharPartition defined, use all CharSets

Loading 3 partitions...
Subset	Type	Seqs	Sites	Infor	Invar	Model	Name
1		5	1109	3	1061	MFPMERGE	p1
2		5	1109	2	1079	MFPMERGE	p2
3		5	1109	28	971	MFPMERGE	p3
Degree of missing data: 0.000
Info: multi-threading strategy over partitions



Create initial parsimony tree by phylogenetic likelihood library (PLL)... 0.000 seconds
NOTE: ModelFinder requires 1 MB RAM!
Testing GTR+F+G on supermatrix...
WARNING: Number of threads seems too high for short alignments. Use -nt AUTO to determine best number of threads.
GTR+F+G4 / LnL: -5954.308 / df: 16 / AIC: 11940.615 / AICc: 11940.779 / BIC: 12038.372
Selecting individual models for 3 charsets using BIC...
 No. Model        Score       Charset
   1 HKY+F        3680.716    p1
   2 F81+F        3441.542    p2
   3 HKY+F+I      4684.005    p3
Full partition model BIC score: 11871.401 (LnL: -5850.548  df:21)
Merging models to increase model fit (about 7 total partition schemes)...
   4 HKY+F        11936.467   p1+p2
   5 TN+F+G4      11935.473   p1+p3
   6 HKY+F+I      11944.637   p2+p3
BEST-FIT PARTITION MODEL: 
  charpartition BIC = HKY+F: p1, F81+F: p2, HKY+F+I: p3;
Agglomerative model selection: (p1,p2,p3)
Partition information was printed to examples/Acropora//aln_seqs/led4174.nt.aln.nex.best_scheme.nex
Partition information in Raxml format was printed to examples/Acropora//aln_seqs/led4174.nt.aln.nex.best_scheme

All model information printed to examples/Acropora//aln_seqs/led4174.nt.aln.nex.model.gz
CPU time for ModelFinder: 1.011 seconds (0h:0m:1s)
Wall-clock time for ModelFinder: 43.833 seconds (0h:0m:43s)
Generating 1000 samples for ultrafast bootstrap (seed: 873940)...

NOTE: 1 MB RAM (0 GB) is required!
WARNING: Number of threads seems too high for short alignments. Use -nt AUTO to determine best number of threads.
Estimate model parameters (epsilon = 0.100)
Initial log-likelihood: -5964.701
Current log-likelihood at step 1: -5884.357
Current log-likelihood at step 2: -5879.036
Current log-likelihood at step 3: -5877.627
Current log-likelihood at step 4: -5876.222
Current log-likelihood at step 5: -5874.754
Current log-likelihood at step 6: -5873.203
Current log-likelihood at step 7: -5871.558
Current log-likelihood at step 8: -5869.808
Current log-likelihood at step 9: -5867.944
Current log-likelihood at step 10: -5865.959
Current log-likelihood at step 11: -5863.848
Current log-likelihood at step 12: -5861.618
Current log-likelihood at step 13: -5850.535
Current log-likelihood at step 14: -5850.367
Current log-likelihood at step 15: -5850.359
Partition-specific rates:  0.542 0.353 2.105
Parameters optimization took 14 rounds (1.416 sec)

Computing ML distances based on estimated model parameters... 0.005 sec
Computing BIONJ tree...
0.032 seconds
Log-likelihood of BIONJ tree: -5850.359
--------------------------------------------------------------------
|             INITIALIZING CANDIDATE TREE SET                      |
--------------------------------------------------------------------
Generating 99 parsimony trees... 2.495 second
Computing log-likelihood of 4 initial trees ... 0.548 seconds
Current best score: -5850.359

Do NNI search on 5 best initial trees
Finish initializing candidate tree set (5)
Current best tree score: -5850.359 / CPU time: 7.244
Number of iterations: 5
--------------------------------------------------------------------
|               OPTIMIZING CANDIDATE TREE SET                      |
--------------------------------------------------------------------
Iteration 10 / LogL: -5850.365 / Time: 0h:0m:17s
UPDATE BEST LOG-LIKELIHOOD: -5850.359
UPDATE BEST LOG-LIKELIHOOD: -5850.359
Iteration 20 / LogL: -5850.359 / Time: 0h:0m:28s
Iteration 30 / LogL: -5850.359 / Time: 0h:0m:38s (0h:1m:32s left)
WARNING: NNI search needs unusual large number of steps (5) to converge!
WARNING: NNI search needs unusual large number of steps (5) to converge!
Iteration 40 / LogL: -5850.359 / Time: 0h:0m:57s (0h:1m:27s left)
WARNING: NNI search needs unusual large number of steps (5) to converge!
WARNING: NNI search needs unusual large number of steps (5) to converge!
Iteration 50 / LogL: -5850.359 / Time: 0h:1m:11s (0h:1m:12s left)
Log-likelihood cutoff on original alignment: -5882.696
WARNING: NNI search needs unusual large number of steps (5) to converge!
Iteration 60 / LogL: -5850.359 / Time: 0h:1m:23s (0h:0m:56s left)
WARNING: NNI search needs unusual large number of steps (5) to converge!
Iteration 70 / LogL: -5850.359 / Time: 0h:1m:33s (0h:0m:40s left)
WARNING: NNI search needs unusual large number of steps (5) to converge!
Iteration 80 / LogL: -5850.359 / Time: 0h:1m:42s (0h:0m:26s left)
WARNING: NNI search needs unusual large number of steps (5) to converge!
WARNING: NNI search needs unusual large number of steps (5) to converge!
Iteration 90 / LogL: -5850.360 / Time: 0h:1m:52s (0h:0m:12s left)
WARNING: NNI search needs unusual large number of steps (5) to converge!
Iteration 100 / LogL: -5850.359 / Time: 0h:2m:2s (0h:0m:0s left)
Log-likelihood cutoff on original alignment: -5882.798
NOTE: Bootstrap correlation coefficient of split occurrence frequencies: 0.997
TREE SEARCH COMPLETED AFTER 101 ITERATIONS / Time: 0h:2m:4s

--------------------------------------------------------------------
|                    FINALIZING TREE SEARCH                        |
--------------------------------------------------------------------
Performs final model parameters optimization
Estimate model parameters (epsilon = 0.010)
Initial log-likelihood: -5850.359
Current log-likelihood at step 1: -5850.359
Partition-specific rates:  0.542 0.353 2.105
Parameters optimization took 0 rounds (0.067 sec)

BEST SCORE FOUND : -5850.359
Creating bootstrap support values...
Split supports printed to NEXUS file examples/Acropora//aln_seqs/led4174.nt.aln.nex.splits.nex
Total tree length: 0.104

Total number of iterations: 101
CPU time used for tree search: 3.976 sec (0h:0m:3s)
Wall-clock time used for tree search: 120.545 sec (0h:2m:0s)
Total CPU time used: 4.149 sec (0h:0m:4s)
Total wall-clock time used: 126.124 sec (0h:2m:6s)

Computing bootstrap consensus tree...
Reading input file examples/Acropora//aln_seqs/led4174.nt.aln.nex.splits.nex...
5 taxa and 13 splits.
Consensus tree written to examples/Acropora//aln_seqs/led4174.nt.aln.nex.contree
Reading input trees file examples/Acropora//aln_seqs/led4174.nt.aln.nex.contree
Log-likelihood of consensus tree: -5850.359

Analysis results written to: 
  IQ-TREE report:                examples/Acropora//aln_seqs/led4174.nt.aln.nex.iqtree
  Maximum-likelihood tree:       examples/Acropora//aln_seqs/led4174.nt.aln.nex.treefile
  Likelihood distances:          examples/Acropora//aln_seqs/led4174.nt.aln.nex.mldist
  Best partitioning scheme:      examples/Acropora//aln_seqs/led4174.nt.aln.nex.best_scheme.nex
           in RAxML format:      examples/Acropora//aln_seqs/led4174.nt.aln.nex.best_scheme

Ultrafast bootstrap approximation results written to:
  Split support values:          examples/Acropora//aln_seqs/led4174.nt.aln.nex.splits.nex
  Consensus tree:                examples/Acropora//aln_seqs/led4174.nt.aln.nex.contree
  Screen log file:               examples/Acropora//aln_seqs/led4174.nt.aln.nex.log

Date and Time: Sat Jan 12 16:16:39 2019
