IQ-TREE multicore version 1.6.8 for Linux 64-bit built Oct 28 2018
Developed by Bui Quang Minh, Nguyen Lam Tung, Olga Chernomor,
Heiko Schmidt, Dominik Schrempf, Michael Woodhams.

Host:    sango10206.oist.jp (AVX2, FMA3, 125 GB RAM)
Command: iqtree -s examples/Acropora//aln_seqs/led4072.nt.aln -bb 1000 -redo -nt 3 -spp examples/Acropora//aln_seqs/led4072.nt.aln.nex -m MFPMERGE
Seed:    154816 (Using SPRNG - Scalable Parallel Random Number Generator)
Time:    Sat Jan 12 16:29:00 2019
Kernel:  AVX+FMA - 3 threads (24 CPU cores detected)

Reading partition model file examples/Acropora//aln_seqs/led4072.nt.aln.nex ...
Reading alignment file examples/Acropora//aln_seqs/led4072.nt.aln ... Fasta format detected
Alignment most likely contains DNA/RNA sequences
Alignment has 5 sequences with 4071 columns, 197 distinct patterns
152 parsimony-informative, 283 singleton sites, 3636 constant sites
                          Gap/Ambiguity  Composition  p-value
   1  Adif_sc0000016.g192.t1     26.01%    passed     38.05%
   2  Aech_sc0000005.g12800.t1   21.00%    passed     84.98%
   3  Agem_sc0000184.g28135.t1   18.20%    passed     92.94%
   4  Asub_sc0000218.g21713.t1   23.07%    passed     87.16%
   5  Aten_sc0000043.g127.t1      8.55%    passed     80.73%
****  TOTAL                      19.37%  0 sequences failed composition chi2 test (p-value<5%; df=3)
NOTE: No CharPartition defined, use all CharSets

Loading 3 partitions...
Subset	Type	Seqs	Sites	Infor	Invar	Model	Name
1		5	1357	47	1231	MFPMERGE	p1
2		5	1357	55	1228	MFPMERGE	p2
3		5	1357	50	1177	MFPMERGE	p3
Degree of missing data: 0.000
Info: multi-threading strategy over partitions



Create initial parsimony tree by phylogenetic likelihood library (PLL)... 0.000 seconds
NOTE: ModelFinder requires 2 MB RAM!
Testing GTR+F+G on supermatrix...
WARNING: Number of threads seems too high for short alignments. Use -nt AUTO to determine best number of threads.
GTR+F+G4 / LnL: -8102.933 / df: 16 / AIC: 16237.866 / AICc: 16238.000 / BIC: 16338.852
Selecting individual models for 3 charsets using BIC...
 No. Model        Score       Charset
   1 HKY+F        5227.164    p1
   2 HKY+F        5234.574    p2
   3 HKY+F        5746.861    p3
Full partition model BIC score: 16274.947 (LnL: -8050.201  df:21)
Merging models to increase model fit (about 7 total partition schemes)...
   4 HKY+F        16254.361   p1+p2
   5 HKY+F        16296.432   p2+p3
   6 HKY+F        16322.748   p1+p3
Merging p1+p2 with BIC score: 16254.361 (LnL: -8060.687  df: 16)
   7 HKY+F        16308.605   p1+p2+p3
BEST-FIT PARTITION MODEL: 
  charpartition BIC = HKY+F: p1 p2, HKY+F: p3;
Agglomerative model selection: ((p1,p2)1:16254.4,p3)
Merging into 2 partitions...
Partition information was printed to examples/Acropora//aln_seqs/led4072.nt.aln.nex.best_scheme.nex
Partition information in Raxml format was printed to examples/Acropora//aln_seqs/led4072.nt.aln.nex.best_scheme

All model information printed to examples/Acropora//aln_seqs/led4072.nt.aln.nex.model.gz
CPU time for ModelFinder: 1.137 seconds (0h:0m:1s)
Wall-clock time for ModelFinder: 46.974 seconds (0h:0m:46s)
Generating 1000 samples for ultrafast bootstrap (seed: 154816)...

NOTE: 1 MB RAM (0 GB) is required!
Estimate model parameters (epsilon = 0.100)
Initial log-likelihood: -8105.085
Current log-likelihood at step 1: -8060.546
Current log-likelihood at step 2: -8060.544
Partition-specific rates:  0.863 1.274
Parameters optimization took 1 rounds (0.443 sec)

Computing ML distances based on estimated model parameters... 0.001 sec
Computing BIONJ tree...
0.006 seconds
Log-likelihood of BIONJ tree: -8071.654
--------------------------------------------------------------------
|             INITIALIZING CANDIDATE TREE SET                      |
--------------------------------------------------------------------
Generating 98 parsimony trees... 2.310 second
Computing log-likelihood of 3 initial trees ... 0.891 seconds
Current best score: -8060.544

Do NNI search on 5 best initial trees
Finish initializing candidate tree set (5)
Current best tree score: -8060.544 / CPU time: 11.143
Number of iterations: 5
--------------------------------------------------------------------
|               OPTIMIZING CANDIDATE TREE SET                      |
--------------------------------------------------------------------
UPDATE BEST LOG-LIKELIHOOD: -8060.544
Iteration 10 / LogL: -8060.863 / Time: 0h:0m:24s
Iteration 20 / LogL: -8060.544 / Time: 0h:0m:50s
Iteration 30 / LogL: -8060.878 / Time: 0h:1m:20s (0h:3m:13s left)
Iteration 40 / LogL: -8060.544 / Time: 0h:1m:49s (0h:2m:48s left)
Iteration 50 / LogL: -8060.544 / Time: 0h:2m:12s (0h:2m:14s left)
Log-likelihood cutoff on original alignment: -8071.670
Iteration 60 / LogL: -8060.544 / Time: 0h:2m:33s (0h:1m:44s left)
Iteration 70 / LogL: -8060.544 / Time: 0h:2m:55s (0h:1m:16s left)
Iteration 80 / LogL: -8060.544 / Time: 0h:3m:22s (0h:0m:51s left)
Iteration 90 / LogL: -8060.544 / Time: 0h:3m:45s (0h:0m:25s left)
Iteration 100 / LogL: -8060.544 / Time: 0h:4m:10s (0h:0m:0s left)
Log-likelihood cutoff on original alignment: -8071.670
NOTE: Bootstrap correlation coefficient of split occurrence frequencies: 1.000
TREE SEARCH COMPLETED AFTER 101 ITERATIONS / Time: 0h:4m:12s

--------------------------------------------------------------------
|                    FINALIZING TREE SEARCH                        |
--------------------------------------------------------------------
Performs final model parameters optimization
Estimate model parameters (epsilon = 0.010)
Initial log-likelihood: -8060.544
Current log-likelihood at step 1: -8060.544
Partition-specific rates:  0.863 1.274
Parameters optimization took 0 rounds (0.193 sec)

BEST SCORE FOUND : -8060.544
Creating bootstrap support values...
Split supports printed to NEXUS file examples/Acropora//aln_seqs/led4072.nt.aln.nex.splits.nex
Total tree length: 0.142

Total number of iterations: 101
CPU time used for tree search: 6.630 sec (0h:0m:6s)
Wall-clock time used for tree search: 248.534 sec (0h:4m:8s)
Total CPU time used: 6.781 sec (0h:0m:6s)
Total wall-clock time used: 254.391 sec (0h:4m:14s)

Computing bootstrap consensus tree...
Reading input file examples/Acropora//aln_seqs/led4072.nt.aln.nex.splits.nex...
5 taxa and 9 splits.
Consensus tree written to examples/Acropora//aln_seqs/led4072.nt.aln.nex.contree
Reading input trees file examples/Acropora//aln_seqs/led4072.nt.aln.nex.contree
Log-likelihood of consensus tree: -8060.544

Analysis results written to: 
  IQ-TREE report:                examples/Acropora//aln_seqs/led4072.nt.aln.nex.iqtree
  Maximum-likelihood tree:       examples/Acropora//aln_seqs/led4072.nt.aln.nex.treefile
  Likelihood distances:          examples/Acropora//aln_seqs/led4072.nt.aln.nex.mldist
  Best partitioning scheme:      examples/Acropora//aln_seqs/led4072.nt.aln.nex.best_scheme.nex
           in RAxML format:      examples/Acropora//aln_seqs/led4072.nt.aln.nex.best_scheme

Ultrafast bootstrap approximation results written to:
  Split support values:          examples/Acropora//aln_seqs/led4072.nt.aln.nex.splits.nex
  Consensus tree:                examples/Acropora//aln_seqs/led4072.nt.aln.nex.contree
  Screen log file:               examples/Acropora//aln_seqs/led4072.nt.aln.nex.log

Date and Time: Sat Jan 12 16:34:04 2019
