IQ-TREE multicore version 1.6.8 for Linux 64-bit built Oct 28 2018
Developed by Bui Quang Minh, Nguyen Lam Tung, Olga Chernomor,
Heiko Schmidt, Dominik Schrempf, Michael Woodhams.

Host:    sango10206.oist.jp (AVX2, FMA3, 125 GB RAM)
Command: iqtree -s examples/Acropora//aln_seqs/led4581.nt.aln -bb 1000 -redo -nt 3 -spp examples/Acropora//aln_seqs/led4581.nt.aln.nex -m MFPMERGE
Seed:    315965 (Using SPRNG - Scalable Parallel Random Number Generator)
Time:    Sat Jan 12 16:25:49 2019
Kernel:  AVX+FMA - 3 threads (24 CPU cores detected)

Reading partition model file examples/Acropora//aln_seqs/led4581.nt.aln.nex ...
Reading alignment file examples/Acropora//aln_seqs/led4581.nt.aln ... Fasta format detected
Alignment most likely contains DNA/RNA sequences
Alignment has 5 sequences with 1560 columns, 48 distinct patterns
8 parsimony-informative, 42 singleton sites, 1510 constant sites
                          Gap/Ambiguity  Composition  p-value
   1  Adif_sc0000027.g289.t1      7.12%    passed     89.72%
   2  Aech_sc0000117.g13867.t1   26.35%    passed     98.50%
   3  Agem_sc0000144.g17153.t1   29.23%    passed     98.57%
   4  Asub_sc0000127.g16588.t1   26.35%    passed     96.80%
   5  Aten_sc0000149.g102.t1      7.12%    passed     99.23%
****  TOTAL                      19.23%  0 sequences failed composition chi2 test (p-value<5%; df=3)
NOTE: No CharPartition defined, use all CharSets

Loading 3 partitions...
Subset	Type	Seqs	Sites	Infor	Invar	Model	Name
1		5	520	3	508	MFPMERGE	p1
2		5	520	3	514	MFPMERGE	p2
3		5	520	2	488	MFPMERGE	p3
Degree of missing data: 0.000
Info: multi-threading strategy over partitions



Create initial parsimony tree by phylogenetic likelihood library (PLL)... 0.000 seconds
NOTE: ModelFinder requires 0 MB RAM!
Testing GTR+F+G on supermatrix...
WARNING: Number of threads seems too high for short alignments. Use -nt AUTO to determine best number of threads.
GTR+F+G4 / LnL: -2473.794 / df: 16 / AIC: 4979.587 / AICc: 4979.940 / BIC: 5065.226
Selecting individual models for 3 charsets using BIC...
 No. Model        Score       Charset
   1 HKY+F        1812.898    p3
   2 F81+F+I      1548.747    p2
   3 JC           1626.477    p1
Full partition model BIC score: 5044.321 (LnL: -2459.665  df:17)
Merging models to increase model fit (about 7 total partition schemes)...
   4 K2P+I        5057.131    p1+p3
   5 F81+F+I      5039.982    p1+p2
   6 HKY+F+I      5033.611    p2+p3
Merging p2+p3 with BIC score: 5033.611 (LnL: -2469.014  df: 13)
   7 K3Pu+F+I     5039.158    p1+p2+p3
BEST-FIT PARTITION MODEL: 
  charpartition BIC = JC: p1, HKY+F+I: p2 p3;
Agglomerative model selection: (p1,(p2,p3)1:5033.61)
Merging into 2 partitions...
Partition information was printed to examples/Acropora//aln_seqs/led4581.nt.aln.nex.best_scheme.nex
Partition information in Raxml format was printed to examples/Acropora//aln_seqs/led4581.nt.aln.nex.best_scheme

All model information printed to examples/Acropora//aln_seqs/led4581.nt.aln.nex.model.gz
CPU time for ModelFinder: 1.364 seconds (0h:0m:1s)
Wall-clock time for ModelFinder: 66.669 seconds (0h:1m:6s)
Generating 1000 samples for ultrafast bootstrap (seed: 315965)...

NOTE: 0 MB RAM (0 GB) is required!
Estimate model parameters (epsilon = 0.100)
Initial log-likelihood: -2488.624
Current log-likelihood at step 1: -2471.743
Current log-likelihood at step 2: -2471.069
Current log-likelihood at step 3: -2468.896
Current log-likelihood at step 4: -2468.806
Partition-specific rates:  0.555 1.223
Parameters optimization took 3 rounds (1.096 sec)

Computing ML distances based on estimated model parameters... 0.001 sec
Computing BIONJ tree...
0.284 seconds
Log-likelihood of BIONJ tree: -2456.763
--------------------------------------------------------------------
|             INITIALIZING CANDIDATE TREE SET                      |
--------------------------------------------------------------------
Generating 98 parsimony trees... 1.835 second
Computing log-likelihood of 6 initial trees ... 0.974 seconds
Current best score: -2456.763

Do NNI search on 8 best initial trees
Finish initializing candidate tree set (8)
Current best tree score: -2456.763 / CPU time: 19.661
Number of iterations: 8
--------------------------------------------------------------------
|               OPTIMIZING CANDIDATE TREE SET                      |
--------------------------------------------------------------------
Iteration 10 / LogL: -2460.759 / Time: 0h:0m:24s
UPDATE BEST LOG-LIKELIHOOD: -2456.763
Iteration 20 / LogL: -2456.898 / Time: 0h:0m:35s
Iteration 30 / LogL: -2456.898 / Time: 0h:0m:48s (0h:1m:55s left)
Iteration 40 / LogL: -2456.898 / Time: 0h:1m:0s (0h:1m:32s left)
Iteration 50 / LogL: -2456.769 / Time: 0h:1m:13s (0h:1m:14s left)
Log-likelihood cutoff on original alignment: -2471.589
Iteration 60 / LogL: -2456.898 / Time: 0h:1m:29s (0h:1m:0s left)
Iteration 70 / LogL: -2456.763 / Time: 0h:1m:43s (0h:0m:44s left)
Iteration 80 / LogL: -2456.898 / Time: 0h:1m:54s (0h:0m:28s left)
Iteration 90 / LogL: -2456.898 / Time: 0h:2m:6s (0h:0m:14s left)
Iteration 100 / LogL: -2456.898 / Time: 0h:2m:18s (0h:0m:0s left)
Log-likelihood cutoff on original alignment: -2471.589
NOTE: Bootstrap correlation coefficient of split occurrence frequencies: 1.000
TREE SEARCH COMPLETED AFTER 101 ITERATIONS / Time: 0h:2m:20s

--------------------------------------------------------------------
|                    FINALIZING TREE SEARCH                        |
--------------------------------------------------------------------
Performs final model parameters optimization
Estimate model parameters (epsilon = 0.010)
Initial log-likelihood: -2456.763
Current log-likelihood at step 1: -2455.453
Current log-likelihood at step 2: -2454.926
Current log-likelihood at step 3: -2454.761
Current log-likelihood at step 4: -2454.749
Current log-likelihood at step 5: -2454.747
Partition-specific rates:  0.719 1.141
Parameters optimization took 4 rounds (1.846 sec)

BEST SCORE FOUND : -2454.747
Creating bootstrap support values...
Split supports printed to NEXUS file examples/Acropora//aln_seqs/led4581.nt.aln.nex.splits.nex
Total tree length: 0.041

Total number of iterations: 101
CPU time used for tree search: 4.730 sec (0h:0m:4s)
Wall-clock time used for tree search: 136.500 sec (0h:2m:16s)
Total CPU time used: 4.947 sec (0h:0m:4s)
Total wall-clock time used: 144.097 sec (0h:2m:24s)

Computing bootstrap consensus tree...
Reading input file examples/Acropora//aln_seqs/led4581.nt.aln.nex.splits.nex...
5 taxa and 12 splits.
Consensus tree written to examples/Acropora//aln_seqs/led4581.nt.aln.nex.contree
Reading input trees file examples/Acropora//aln_seqs/led4581.nt.aln.nex.contree
Log-likelihood of consensus tree: -2454.748

Analysis results written to: 
  IQ-TREE report:                examples/Acropora//aln_seqs/led4581.nt.aln.nex.iqtree
  Maximum-likelihood tree:       examples/Acropora//aln_seqs/led4581.nt.aln.nex.treefile
  Likelihood distances:          examples/Acropora//aln_seqs/led4581.nt.aln.nex.mldist
  Best partitioning scheme:      examples/Acropora//aln_seqs/led4581.nt.aln.nex.best_scheme.nex
           in RAxML format:      examples/Acropora//aln_seqs/led4581.nt.aln.nex.best_scheme

Ultrafast bootstrap approximation results written to:
  Split support values:          examples/Acropora//aln_seqs/led4581.nt.aln.nex.splits.nex
  Consensus tree:                examples/Acropora//aln_seqs/led4581.nt.aln.nex.contree
  Screen log file:               examples/Acropora//aln_seqs/led4581.nt.aln.nex.log

Date and Time: Sat Jan 12 16:29:22 2019
