IQ-TREE multicore version 1.6.8 for Linux 64-bit built Oct 28 2018
Developed by Bui Quang Minh, Nguyen Lam Tung, Olga Chernomor,
Heiko Schmidt, Dominik Schrempf, Michael Woodhams.

Host:    sango10206.oist.jp (AVX2, FMA3, 125 GB RAM)
Command: iqtree -s examples/Acropora//aln_seqs/led4903.nt.aln -bb 1000 -redo -nt 3 -spp examples/Acropora//aln_seqs/led4903.nt.aln.nex -m MFPMERGE
Seed:    44444 (Using SPRNG - Scalable Parallel Random Number Generator)
Time:    Sat Jan 12 16:12:47 2019
Kernel:  AVX+FMA - 3 threads (24 CPU cores detected)

Reading partition model file examples/Acropora//aln_seqs/led4903.nt.aln.nex ...
Reading alignment file examples/Acropora//aln_seqs/led4903.nt.aln ... Fasta format detected
Alignment most likely contains DNA/RNA sequences
Alignment has 5 sequences with 1461 columns, 123 distinct patterns
32 parsimony-informative, 128 singleton sites, 1301 constant sites
                          Gap/Ambiguity  Composition  p-value
   1  Adif_sc0000036.g1105.t1     7.39%    passed     84.34%
   2  Aech_sc0000030.g7074.t1    32.03%    passed     63.76%
   3  Agem_sc0000023.g27952.t1    9.24%    passed     76.55%
   4  Asub_sc0000030.g6827.t1    29.36%    passed     47.31%
   5  Aten_sc0000135.g308.t1      5.95%    passed     45.93%
****  TOTAL                      16.80%  0 sequences failed composition chi2 test (p-value<5%; df=3)
NOTE: No CharPartition defined, use all CharSets

Loading 3 partitions...
Subset	Type	Seqs	Sites	Infor	Invar	Model	Name
1		5	487	5	444	MFPMERGE	p1
2		5	487	9	448	MFPMERGE	p2
3		5	487	18	409	MFPMERGE	p3
Degree of missing data: 0.000
Info: multi-threading strategy over partitions



Create initial parsimony tree by phylogenetic likelihood library (PLL)... 0.000 seconds
NOTE: ModelFinder requires 1 MB RAM!
Testing GTR+F+G on supermatrix...
WARNING: Number of threads seems too high for short alignments. Use -nt AUTO to determine best number of threads.
GTR+F+G4 / LnL: -3008.631 / df: 16 / AIC: 6049.262 / AICc: 6049.639 / BIC: 6133.852
Selecting individual models for 3 charsets using BIC...
 No. Model        Score       Charset
   1 F81+F+I      1866.219    p2
   2 HKY+F+I      1855.264    p1
   3 TN+F+I       2313.461    p3
Full partition model BIC score: 6098.440 (LnL: -2961.778  df:24)
Merging models to increase model fit (about 7 total partition schemes)...
   4 HKY+F+I      6088.713    p2+p3
   5 HKY+F+I      6118.235    p1+p2
   6 TN+F+I       6111.824    p1+p3
Merging p2+p3 with BIC score: 6088.713 (LnL: -2978.775  df: 18)
   7 TN+F+I       6113.385    p1+p2+p3
BEST-FIT PARTITION MODEL: 
  charpartition BIC = HKY+F+I: p1, HKY+F+I: p2 p3;
Agglomerative model selection: (p1,(p2,p3)1:6088.71)
Merging into 2 partitions...
Partition information was printed to examples/Acropora//aln_seqs/led4903.nt.aln.nex.best_scheme.nex
Partition information in Raxml format was printed to examples/Acropora//aln_seqs/led4903.nt.aln.nex.best_scheme

All model information printed to examples/Acropora//aln_seqs/led4903.nt.aln.nex.model.gz
CPU time for ModelFinder: 1.076 seconds (0h:0m:1s)
Wall-clock time for ModelFinder: 46.390 seconds (0h:0m:46s)
Generating 1000 samples for ultrafast bootstrap (seed: 44444)...

NOTE: 0 MB RAM (0 GB) is required!
Estimate model parameters (epsilon = 0.100)
Initial log-likelihood: -2997.922
Current log-likelihood at step 1: -2978.803
Current log-likelihood at step 2: -2978.727
Partition-specific rates:  0.757 1.121
Parameters optimization took 1 rounds (0.672 sec)

Computing ML distances based on estimated model parameters... 0.001 sec
Computing BIONJ tree...
0.002 seconds
Log-likelihood of BIONJ tree: -2999.390
--------------------------------------------------------------------
|             INITIALIZING CANDIDATE TREE SET                      |
--------------------------------------------------------------------
Generating 98 parsimony trees... 1.858 second
Computing log-likelihood of 4 initial trees ... 1.391 seconds
Current best score: -2978.727

Do NNI search on 6 best initial trees
Finish initializing candidate tree set (6)
Current best tree score: -2978.727 / CPU time: 8.697
Number of iterations: 6
--------------------------------------------------------------------
|               OPTIMIZING CANDIDATE TREE SET                      |
--------------------------------------------------------------------
Iteration 10 / LogL: -2978.727 / Time: 0h:0m:18s
UPDATE BEST LOG-LIKELIHOOD: -2978.727
Iteration 20 / LogL: -2978.727 / Time: 0h:0m:32s
Iteration 30 / LogL: -2978.727 / Time: 0h:0m:47s (0h:1m:54s left)
Iteration 40 / LogL: -2978.727 / Time: 0h:1m:0s (0h:1m:32s left)
Iteration 50 / LogL: -2978.727 / Time: 0h:1m:14s (0h:1m:16s left)
Log-likelihood cutoff on original alignment: -3004.539
Iteration 60 / LogL: -2978.727 / Time: 0h:1m:28s (0h:0m:59s left)
Iteration 70 / LogL: -2978.727 / Time: 0h:1m:41s (0h:0m:43s left)
Iteration 80 / LogL: -2978.727 / Time: 0h:1m:53s (0h:0m:28s left)
Iteration 90 / LogL: -2978.727 / Time: 0h:2m:7s (0h:0m:14s left)
Iteration 100 / LogL: -2978.727 / Time: 0h:2m:23s (0h:0m:0s left)
Log-likelihood cutoff on original alignment: -3004.539
NOTE: Bootstrap correlation coefficient of split occurrence frequencies: 1.000
TREE SEARCH COMPLETED AFTER 101 ITERATIONS / Time: 0h:2m:25s

--------------------------------------------------------------------
|                    FINALIZING TREE SEARCH                        |
--------------------------------------------------------------------
Performs final model parameters optimization
Estimate model parameters (epsilon = 0.010)
Initial log-likelihood: -2978.727
Current log-likelihood at step 1: -2978.726
Partition-specific rates:  0.756 1.122
Parameters optimization took 0 rounds (0.224 sec)

BEST SCORE FOUND : -2978.726
Creating bootstrap support values...
Split supports printed to NEXUS file examples/Acropora//aln_seqs/led4903.nt.aln.nex.splits.nex
Total tree length: 0.180

Total number of iterations: 101
CPU time used for tree search: 4.809 sec (0h:0m:4s)
Wall-clock time used for tree search: 142.675 sec (0h:2m:22s)
Total CPU time used: 4.965 sec (0h:0m:4s)
Total wall-clock time used: 147.667 sec (0h:2m:27s)

Computing bootstrap consensus tree...
Reading input file examples/Acropora//aln_seqs/led4903.nt.aln.nex.splits.nex...
5 taxa and 12 splits.
Consensus tree written to examples/Acropora//aln_seqs/led4903.nt.aln.nex.contree
Reading input trees file examples/Acropora//aln_seqs/led4903.nt.aln.nex.contree
Log-likelihood of consensus tree: -2978.726

Analysis results written to: 
  IQ-TREE report:                examples/Acropora//aln_seqs/led4903.nt.aln.nex.iqtree
  Maximum-likelihood tree:       examples/Acropora//aln_seqs/led4903.nt.aln.nex.treefile
  Likelihood distances:          examples/Acropora//aln_seqs/led4903.nt.aln.nex.mldist
  Best partitioning scheme:      examples/Acropora//aln_seqs/led4903.nt.aln.nex.best_scheme.nex
           in RAxML format:      examples/Acropora//aln_seqs/led4903.nt.aln.nex.best_scheme

Ultrafast bootstrap approximation results written to:
  Split support values:          examples/Acropora//aln_seqs/led4903.nt.aln.nex.splits.nex
  Consensus tree:                examples/Acropora//aln_seqs/led4903.nt.aln.nex.contree
  Screen log file:               examples/Acropora//aln_seqs/led4903.nt.aln.nex.log

Date and Time: Sat Jan 12 16:16:03 2019
