IQ-TREE multicore version 1.6.8 for Linux 64-bit built Oct 28 2018
Developed by Bui Quang Minh, Nguyen Lam Tung, Olga Chernomor,
Heiko Schmidt, Dominik Schrempf, Michael Woodhams.

Host:    sango10206.oist.jp (AVX2, FMA3, 125 GB RAM)
Command: iqtree -s examples/Acropora//aln_seqs/led4636.nt.aln -bb 1000 -redo -nt 3 -spp examples/Acropora//aln_seqs/led4636.nt.aln.nex -m MFPMERGE
Seed:    10321 (Using SPRNG - Scalable Parallel Random Number Generator)
Time:    Sat Jan 12 16:22:03 2019
Kernel:  AVX+FMA - 3 threads (24 CPU cores detected)

Reading partition model file examples/Acropora//aln_seqs/led4636.nt.aln.nex ...
Reading alignment file examples/Acropora//aln_seqs/led4636.nt.aln ... Fasta format detected
Alignment most likely contains DNA/RNA sequences
Alignment has 5 sequences with 1743 columns, 118 distinct patterns
12 parsimony-informative, 124 singleton sites, 1607 constant sites
                          Gap/Ambiguity  Composition  p-value
   1  Adif_sc0000028.g881.t1      6.20%    passed     96.84%
   2  Aech_sc0000008.g1485.t1     7.75%    passed     97.84%
   3  Asub_sc0000028.g20622.t1    0.52%    passed     74.30%
   4  Aten_sc0000028.g212.t1     17.56%    passed     90.76%
   5  Agem_sc0000008.g1254.t1    58.52%    passed     78.80%
WARNING: 1 sequences contain more than 50% gaps/ambiguity
****  TOTAL                      18.11%  0 sequences failed composition chi2 test (p-value<5%; df=3)
NOTE: No CharPartition defined, use all CharSets

Loading 3 partitions...
Subset	Type	Seqs	Sites	Infor	Invar	Model	Name
1		5	581	6	543	MFPMERGE	p1
2		5	581	1	557	MFPMERGE	p2
3		5	581	5	507	MFPMERGE	p3
Degree of missing data: 0.000
Info: multi-threading strategy over partitions



Create initial parsimony tree by phylogenetic likelihood library (PLL)... 0.000 seconds
NOTE: ModelFinder requires 1 MB RAM!
Testing GTR+F+G on supermatrix...
WARNING: Number of threads seems too high for short alignments. Use -nt AUTO to determine best number of threads.
GTR+F+G4 / LnL: -3243.756 / df: 16 / AIC: 6519.512 / AICc: 6519.827 / BIC: 6606.926
Selecting individual models for 3 charsets using BIC...
 No. Model        Score       Charset
   1 K3Pu+F       2428.801    p3
   2 F81+F        2130.875    p1
   3 K2P+I        1961.259    p2
Full partition model BIC score: 6579.998 (LnL: -3219.097  df:19)
Merging models to increase model fit (about 7 total partition schemes)...
   4 HKY+F        6589.390    p1+p3
   5 HKY+F        6583.024    p2+p3
   6 HKY+F+I      6566.309    p1+p2
Merging p1+p2 with BIC score: 6566.309 (LnL: -3215.984  df: 18)
   7 HKY+F+I      6579.529    p1+p2+p3
BEST-FIT PARTITION MODEL: 
  charpartition BIC = HKY+F+I: p1 p2, K3Pu+F: p3;
Agglomerative model selection: ((p1,p2)1:6566.31,p3)
Merging into 2 partitions...
Partition information was printed to examples/Acropora//aln_seqs/led4636.nt.aln.nex.best_scheme.nex
Partition information in Raxml format was printed to examples/Acropora//aln_seqs/led4636.nt.aln.nex.best_scheme

All model information printed to examples/Acropora//aln_seqs/led4636.nt.aln.nex.model.gz
CPU time for ModelFinder: 0.973 seconds (0h:0m:0s)
Wall-clock time for ModelFinder: 37.898 seconds (0h:0m:37s)
Generating 1000 samples for ultrafast bootstrap (seed: 10321)...

NOTE: 0 MB RAM (0 GB) is required!
Estimate model parameters (epsilon = 0.100)
Initial log-likelihood: -3249.524
Current log-likelihood at step 1: -3216.077
Current log-likelihood at step 2: -3215.980
Partition-specific rates:  0.719 1.562
Parameters optimization took 1 rounds (0.612 sec)

Computing ML distances based on estimated model parameters... 0.004 sec
Computing BIONJ tree...
0.362 seconds
Log-likelihood of BIONJ tree: -3219.659
--------------------------------------------------------------------
|             INITIALIZING CANDIDATE TREE SET                      |
--------------------------------------------------------------------
Generating 98 parsimony trees... 1.368 second
Computing log-likelihood of 8 initial trees ... 1.370 seconds
Current best score: -3215.980

Do NNI search on 10 best initial trees
Iteration 10 / LogL: -3219.456 / Time: 0h:0m:11s
Finish initializing candidate tree set (10)
Current best tree score: -3215.980 / CPU time: 9.045
Number of iterations: 10
--------------------------------------------------------------------
|               OPTIMIZING CANDIDATE TREE SET                      |
--------------------------------------------------------------------
UPDATE BEST LOG-LIKELIHOOD: -3215.980
Iteration 20 / LogL: -3215.980 / Time: 0h:0m:22s
Iteration 30 / LogL: -3215.980 / Time: 0h:0m:36s (0h:1m:28s left)
Iteration 40 / LogL: -3219.455 / Time: 0h:0m:47s (0h:1m:12s left)
Iteration 50 / LogL: -3215.980 / Time: 0h:0m:58s (0h:0m:59s left)
Log-likelihood cutoff on original alignment: -3223.672
Iteration 60 / LogL: -3215.980 / Time: 0h:1m:11s (0h:0m:48s left)
Iteration 70 / LogL: -3215.980 / Time: 0h:1m:22s (0h:0m:35s left)
Iteration 80 / LogL: -3215.980 / Time: 0h:1m:32s (0h:0m:23s left)
Iteration 90 / LogL: -3215.980 / Time: 0h:1m:42s (0h:0m:11s left)
Iteration 100 / LogL: -3215.980 / Time: 0h:1m:53s (0h:0m:0s left)
Log-likelihood cutoff on original alignment: -3223.672
NOTE: Bootstrap correlation coefficient of split occurrence frequencies: 0.997
TREE SEARCH COMPLETED AFTER 101 ITERATIONS / Time: 0h:1m:56s

--------------------------------------------------------------------
|                    FINALIZING TREE SEARCH                        |
--------------------------------------------------------------------
Performs final model parameters optimization
Estimate model parameters (epsilon = 0.010)
Initial log-likelihood: -3215.980
Current log-likelihood at step 1: -3215.979
Partition-specific rates:  0.719 1.562
Parameters optimization took 0 rounds (0.190 sec)

BEST SCORE FOUND : -3215.979
Creating bootstrap support values...
Split supports printed to NEXUS file examples/Acropora//aln_seqs/led4636.nt.aln.nex.splits.nex
Total tree length: 0.108

Total number of iterations: 101
CPU time used for tree search: 4.114 sec (0h:0m:4s)
Wall-clock time used for tree search: 113.048 sec (0h:1m:53s)
Total CPU time used: 4.237 sec (0h:0m:4s)
Total wall-clock time used: 117.370 sec (0h:1m:57s)

Computing bootstrap consensus tree...
Reading input file examples/Acropora//aln_seqs/led4636.nt.aln.nex.splits.nex...
5 taxa and 15 splits.
Consensus tree written to examples/Acropora//aln_seqs/led4636.nt.aln.nex.contree
Reading input trees file examples/Acropora//aln_seqs/led4636.nt.aln.nex.contree
Log-likelihood of consensus tree: -3215.979

Analysis results written to: 
  IQ-TREE report:                examples/Acropora//aln_seqs/led4636.nt.aln.nex.iqtree
  Maximum-likelihood tree:       examples/Acropora//aln_seqs/led4636.nt.aln.nex.treefile
  Likelihood distances:          examples/Acropora//aln_seqs/led4636.nt.aln.nex.mldist
  Best partitioning scheme:      examples/Acropora//aln_seqs/led4636.nt.aln.nex.best_scheme.nex
           in RAxML format:      examples/Acropora//aln_seqs/led4636.nt.aln.nex.best_scheme

Ultrafast bootstrap approximation results written to:
  Split support values:          examples/Acropora//aln_seqs/led4636.nt.aln.nex.splits.nex
  Consensus tree:                examples/Acropora//aln_seqs/led4636.nt.aln.nex.contree
  Screen log file:               examples/Acropora//aln_seqs/led4636.nt.aln.nex.log

Date and Time: Sat Jan 12 16:24:40 2019
