IQ-TREE multicore version 1.6.8 for Linux 64-bit built Oct 28 2018
Developed by Bui Quang Minh, Nguyen Lam Tung, Olga Chernomor,
Heiko Schmidt, Dominik Schrempf, Michael Woodhams.

Host:    sango10206.oist.jp (AVX2, FMA3, 125 GB RAM)
Command: iqtree -s examples/Acropora//aln_seqs/led4222.nt.aln -bb 1000 -redo -nt 3 -spp examples/Acropora//aln_seqs/led4222.nt.aln.nex -m MFPMERGE
Seed:    792529 (Using SPRNG - Scalable Parallel Random Number Generator)
Time:    Sat Jan 12 16:32:33 2019
Kernel:  AVX+FMA - 3 threads (24 CPU cores detected)

Reading partition model file examples/Acropora//aln_seqs/led4222.nt.aln.nex ...
Reading alignment file examples/Acropora//aln_seqs/led4222.nt.aln ... Fasta format detected
Alignment most likely contains DNA/RNA sequences
Alignment has 5 sequences with 1023 columns, 76 distinct patterns
70 parsimony-informative, 48 singleton sites, 905 constant sites
                          Gap/Ambiguity  Composition  p-value
   1  Adif_sc0000018.g232.t1      4.69%    passed     99.44%
   2  Aech_sc0000159.g27607.t1    0.88%    passed     95.96%
   3  Agem_sc0000013.g30609.t1    4.40%    passed     99.89%
   4  Asub_sc0000007.g24022.t1   14.08%    passed     96.38%
   5  Aten_sc0000183.g235.t1      4.99%    passed     85.70%
****  TOTAL                       5.81%  0 sequences failed composition chi2 test (p-value<5%; df=3)
NOTE: No CharPartition defined, use all CharSets

Loading 3 partitions...
Subset	Type	Seqs	Sites	Infor	Invar	Model	Name
1		5	341	23	304	MFPMERGE	p1
2		5	341	21	308	MFPMERGE	p2
3		5	341	26	293	MFPMERGE	p3
Degree of missing data: 0.000
Info: multi-threading strategy over partitions



Create initial parsimony tree by phylogenetic likelihood library (PLL)... 0.114 seconds
NOTE: ModelFinder requires 0 MB RAM!
Testing GTR+F+G on supermatrix...
WARNING: Number of threads seems too high for short alignments. Use -nt AUTO to determine best number of threads.
GTR+F+G4 / LnL: -2090.536 / df: 16 / AIC: 4213.073 / AICc: 4213.613 / BIC: 4291.960
Selecting individual models for 3 charsets using BIC...
 No. Model        Score       Charset
   1 F81+F        1368.851    p1
   2 K2P          1493.148    p3
   3 F81+F        1369.785    p2
Full partition model BIC score: 4284.353 (LnL: -2086.733  df:16)
Merging models to increase model fit (about 7 total partition schemes)...
   4 K2P          4287.648    p1+p3
   5 HKY+F        4263.932    p2+p3
   6 F81+F        4278.690    p1+p2
Merging p2+p3 with BIC score: 4263.932 (LnL: -2079.987  df: 15)
   7 HKY+F        4273.656    p1+p2+p3
BEST-FIT PARTITION MODEL: 
  charpartition BIC = F81+F: p1, HKY+F: p2 p3;
Agglomerative model selection: (p1,(p2,p3)1:4263.93)
Merging into 2 partitions...
Partition information was printed to examples/Acropora//aln_seqs/led4222.nt.aln.nex.best_scheme.nex
Partition information in Raxml format was printed to examples/Acropora//aln_seqs/led4222.nt.aln.nex.best_scheme

All model information printed to examples/Acropora//aln_seqs/led4222.nt.aln.nex.model.gz
CPU time for ModelFinder: 0.732 seconds (0h:0m:0s)
Wall-clock time for ModelFinder: 34.235 seconds (0h:0m:34s)
Generating 1000 samples for ultrafast bootstrap (seed: 792529)...

NOTE: 0 MB RAM (0 GB) is required!
Estimate model parameters (epsilon = 0.100)
Initial log-likelihood: -2088.734
Current log-likelihood at step 1: -2079.832
Current log-likelihood at step 2: -2079.832
Partition-specific rates:  0.929 1.036
Parameters optimization took 1 rounds (0.360 sec)

Computing ML distances based on estimated model parameters... 0.019 sec
Computing BIONJ tree...
0.218 seconds
Log-likelihood of BIONJ tree: -2117.168
--------------------------------------------------------------------
|             INITIALIZING CANDIDATE TREE SET                      |
--------------------------------------------------------------------
Generating 98 parsimony trees... 1.979 second
Computing log-likelihood of 7 initial trees ... 1.999 seconds
Current best score: -2079.832

Do NNI search on 9 best initial trees
Finish initializing candidate tree set (9)
Current best tree score: -2079.832 / CPU time: 16.644
Number of iterations: 9
--------------------------------------------------------------------
|               OPTIMIZING CANDIDATE TREE SET                      |
--------------------------------------------------------------------
Iteration 10 / LogL: -2079.873 / Time: 0h:0m:21s
UPDATE BEST LOG-LIKELIHOOD: -2079.832
Iteration 20 / LogL: -2079.873 / Time: 0h:0m:41s
Iteration 30 / LogL: -2079.832 / Time: 0h:1m:8s (0h:2m:45s left)
Iteration 40 / LogL: -2117.140 / Time: 0h:1m:29s (0h:2m:16s left)
Iteration 50 / LogL: -2079.872 / Time: 0h:1m:47s (0h:1m:49s left)
Log-likelihood cutoff on original alignment: -2082.437
Iteration 60 / LogL: -2079.832 / Time: 0h:2m:14s (0h:1m:30s left)
Iteration 70 / LogL: -2079.876 / Time: 0h:2m:31s (0h:1m:5s left)
Iteration 80 / LogL: -2079.832 / Time: 0h:2m:44s (0h:0m:41s left)
Iteration 90 / LogL: -2079.876 / Time: 0h:2m:56s (0h:0m:19s left)
Iteration 100 / LogL: -2079.876 / Time: 0h:3m:8s (0h:0m:0s left)
Log-likelihood cutoff on original alignment: -2082.437
NOTE: Bootstrap correlation coefficient of split occurrence frequencies: 1.000
TREE SEARCH COMPLETED AFTER 101 ITERATIONS / Time: 0h:3m:10s

--------------------------------------------------------------------
|                    FINALIZING TREE SEARCH                        |
--------------------------------------------------------------------
Performs final model parameters optimization
Estimate model parameters (epsilon = 0.010)
Initial log-likelihood: -2079.832
Current log-likelihood at step 1: -2079.832
Partition-specific rates:  0.929 1.036
Parameters optimization took 0 rounds (0.118 sec)

BEST SCORE FOUND : -2079.832
Creating bootstrap support values...
Split supports printed to NEXUS file examples/Acropora//aln_seqs/led4222.nt.aln.nex.splits.nex
Total tree length: 0.138

Total number of iterations: 101
CPU time used for tree search: 5.629 sec (0h:0m:5s)
Wall-clock time used for tree search: 187.211 sec (0h:3m:7s)
Total CPU time used: 5.753 sec (0h:0m:5s)
Total wall-clock time used: 192.095 sec (0h:3m:12s)

Computing bootstrap consensus tree...
Reading input file examples/Acropora//aln_seqs/led4222.nt.aln.nex.splits.nex...
5 taxa and 7 splits.
Consensus tree written to examples/Acropora//aln_seqs/led4222.nt.aln.nex.contree
Reading input trees file examples/Acropora//aln_seqs/led4222.nt.aln.nex.contree
Log-likelihood of consensus tree: -2079.831

Analysis results written to: 
  IQ-TREE report:                examples/Acropora//aln_seqs/led4222.nt.aln.nex.iqtree
  Maximum-likelihood tree:       examples/Acropora//aln_seqs/led4222.nt.aln.nex.treefile
  Likelihood distances:          examples/Acropora//aln_seqs/led4222.nt.aln.nex.mldist
  Best partitioning scheme:      examples/Acropora//aln_seqs/led4222.nt.aln.nex.best_scheme.nex
           in RAxML format:      examples/Acropora//aln_seqs/led4222.nt.aln.nex.best_scheme

Ultrafast bootstrap approximation results written to:
  Split support values:          examples/Acropora//aln_seqs/led4222.nt.aln.nex.splits.nex
  Consensus tree:                examples/Acropora//aln_seqs/led4222.nt.aln.nex.contree
  Screen log file:               examples/Acropora//aln_seqs/led4222.nt.aln.nex.log

Date and Time: Sat Jan 12 16:36:21 2019
