IQ-TREE multicore version 1.6.8 for Linux 64-bit built Oct 28 2018
Developed by Bui Quang Minh, Nguyen Lam Tung, Olga Chernomor,
Heiko Schmidt, Dominik Schrempf, Michael Woodhams.

Host:    sango10206.oist.jp (AVX2, FMA3, 125 GB RAM)
Command: iqtree -s examples/Acropora//aln_seqs/led4530.nt.aln -bb 1000 -redo -nt 3 -spp examples/Acropora//aln_seqs/led4530.nt.aln.nex -m MFPMERGE
Seed:    966158 (Using SPRNG - Scalable Parallel Random Number Generator)
Time:    Sat Jan 12 16:48:02 2019
Kernel:  AVX+FMA - 3 threads (24 CPU cores detected)

Reading partition model file examples/Acropora//aln_seqs/led4530.nt.aln.nex ...
Reading alignment file examples/Acropora//aln_seqs/led4530.nt.aln ... Fasta format detected
Alignment most likely contains DNA/RNA sequences
Alignment has 5 sequences with 1089 columns, 43 distinct patterns
10 parsimony-informative, 63 singleton sites, 1016 constant sites
                          Gap/Ambiguity  Composition  p-value
   1  Adif_sc0000025.g845.t1      0.00%    passed     99.93%
   2  Aech_sc0000071.g27893.t1    0.00%    passed     99.60%
   3  Agem_sc0000011.g254.t1      0.00%    passed     99.81%
   4  Asub_sc0000011.g249.t1      0.00%    passed     99.65%
   5  Aten_sc0000134.g323.t1      0.55%    passed     96.20%
****  TOTAL                       0.11%  0 sequences failed composition chi2 test (p-value<5%; df=3)
NOTE: No CharPartition defined, use all CharSets

Loading 3 partitions...
Subset	Type	Seqs	Sites	Infor	Invar	Model	Name
1		5	363	3	347	MFPMERGE	p1
2		5	363	4	340	MFPMERGE	p2
3		5	363	3	329	MFPMERGE	p3
Degree of missing data: 0.000
Info: multi-threading strategy over partitions



Create initial parsimony tree by phylogenetic likelihood library (PLL)... 0.000 seconds
NOTE: ModelFinder requires 0 MB RAM!
Testing GTR+F+G on supermatrix...
WARNING: Number of threads seems too high for short alignments. Use -nt AUTO to determine best number of threads.
GTR+F+G4 / LnL: -1967.140 / df: 16 / AIC: 3966.280 / AICc: 3966.787 / BIC: 4046.168
Selecting individual models for 3 charsets using BIC...
 No. Model        Score       Charset
   1 HKY+F        1294.523    p2
   2 JC           1234.817    p1
   3 K2P          1445.284    p3
Full partition model BIC score: 4025.371 (LnL: -1963.734  df:14)
Merging models to increase model fit (about 7 total partition schemes)...
   4 HKY+F        4020.490    p1+p2
   5 HKY+F        4023.860    p2+p3
   6 K2P          4025.498    p1+p3
Merging p1+p2 with BIC score: 4020.490 (LnL: -1964.790  df: 13)
   7 HKY+F        4021.925    p1+p2+p3
BEST-FIT PARTITION MODEL: 
  charpartition BIC = HKY+F: p1 p2, K2P: p3;
Agglomerative model selection: ((p1,p2)1:4020.49,p3)
Merging into 2 partitions...
Partition information was printed to examples/Acropora//aln_seqs/led4530.nt.aln.nex.best_scheme.nex
Partition information in Raxml format was printed to examples/Acropora//aln_seqs/led4530.nt.aln.nex.best_scheme

All model information printed to examples/Acropora//aln_seqs/led4530.nt.aln.nex.model.gz
CPU time for ModelFinder: 0.657 seconds (0h:0m:0s)
Wall-clock time for ModelFinder: 26.883 seconds (0h:0m:26s)
Generating 1000 samples for ultrafast bootstrap (seed: 966158)...

NOTE: 0 MB RAM (0 GB) is required!
Estimate model parameters (epsilon = 0.100)
Initial log-likelihood: -1978.263
Current log-likelihood at step 1: -1964.725
Current log-likelihood at step 2: -1964.725
Partition-specific rates:  0.784 1.431
Parameters optimization took 1 rounds (0.379 sec)

Computing ML distances based on estimated model parameters... 0.004 sec
Computing BIONJ tree...
0.256 seconds
Log-likelihood of BIONJ tree: -1964.725
--------------------------------------------------------------------
|             INITIALIZING CANDIDATE TREE SET                      |
--------------------------------------------------------------------
Generating 99 parsimony trees... 1.657 second
Computing log-likelihood of 4 initial trees ... 0.939 seconds
Current best score: -1964.725

Do NNI search on 5 best initial trees
Finish initializing candidate tree set (5)
Current best tree score: -1964.725 / CPU time: 6.168
Number of iterations: 5
--------------------------------------------------------------------
|               OPTIMIZING CANDIDATE TREE SET                      |
--------------------------------------------------------------------
Iteration 10 / LogL: -1964.725 / Time: 0h:0m:14s
Iteration 20 / LogL: -1964.725 / Time: 0h:0m:25s
Iteration 30 / LogL: -1964.725 / Time: 0h:0m:37s (0h:1m:31s left)
Iteration 40 / LogL: -1964.725 / Time: 0h:0m:49s (0h:1m:15s left)
Iteration 50 / LogL: -1964.725 / Time: 0h:1m:1s (0h:1m:2s left)
Log-likelihood cutoff on original alignment: -1983.279
Iteration 60 / LogL: -1969.113 / Time: 0h:1m:14s (0h:0m:50s left)
Iteration 70 / LogL: -1964.725 / Time: 0h:1m:31s (0h:0m:39s left)
Iteration 80 / LogL: -1964.725 / Time: 0h:1m:49s (0h:0m:27s left)
Iteration 90 / LogL: -1964.725 / Time: 0h:2m:6s (0h:0m:14s left)
Iteration 100 / LogL: -1964.725 / Time: 0h:2m:17s (0h:0m:0s left)
Log-likelihood cutoff on original alignment: -1984.754
NOTE: Bootstrap correlation coefficient of split occurrence frequencies: 1.000
TREE SEARCH COMPLETED AFTER 101 ITERATIONS / Time: 0h:2m:19s

--------------------------------------------------------------------
|                    FINALIZING TREE SEARCH                        |
--------------------------------------------------------------------
Performs final model parameters optimization
Estimate model parameters (epsilon = 0.010)
Initial log-likelihood: -1964.725
Current log-likelihood at step 1: -1964.725
Partition-specific rates:  0.784 1.431
Parameters optimization took 0 rounds (0.121 sec)

BEST SCORE FOUND : -1964.725
Creating bootstrap support values...
Split supports printed to NEXUS file examples/Acropora//aln_seqs/led4530.nt.aln.nex.splits.nex
Total tree length: 0.074

Total number of iterations: 101
CPU time used for tree search: 4.268 sec (0h:0m:4s)
Wall-clock time used for tree search: 138.328 sec (0h:2m:18s)
Total CPU time used: 4.383 sec (0h:0m:4s)
Total wall-clock time used: 141.692 sec (0h:2m:21s)

Computing bootstrap consensus tree...
Reading input file examples/Acropora//aln_seqs/led4530.nt.aln.nex.splits.nex...
5 taxa and 15 splits.
Consensus tree written to examples/Acropora//aln_seqs/led4530.nt.aln.nex.contree
Reading input trees file examples/Acropora//aln_seqs/led4530.nt.aln.nex.contree
Log-likelihood of consensus tree: -1964.725

Analysis results written to: 
  IQ-TREE report:                examples/Acropora//aln_seqs/led4530.nt.aln.nex.iqtree
  Maximum-likelihood tree:       examples/Acropora//aln_seqs/led4530.nt.aln.nex.treefile
  Likelihood distances:          examples/Acropora//aln_seqs/led4530.nt.aln.nex.mldist
  Best partitioning scheme:      examples/Acropora//aln_seqs/led4530.nt.aln.nex.best_scheme.nex
           in RAxML format:      examples/Acropora//aln_seqs/led4530.nt.aln.nex.best_scheme

Ultrafast bootstrap approximation results written to:
  Split support values:          examples/Acropora//aln_seqs/led4530.nt.aln.nex.splits.nex
  Consensus tree:                examples/Acropora//aln_seqs/led4530.nt.aln.nex.contree
  Screen log file:               examples/Acropora//aln_seqs/led4530.nt.aln.nex.log

Date and Time: Sat Jan 12 16:50:54 2019
