IQ-TREE multicore version 1.6.8 for Linux 64-bit built Oct 28 2018
Developed by Bui Quang Minh, Nguyen Lam Tung, Olga Chernomor,
Heiko Schmidt, Dominik Schrempf, Michael Woodhams.

Host:    sango10206.oist.jp (AVX2, FMA3, 125 GB RAM)
Command: iqtree -s examples/Acropora//aln_seqs/led4144.nt.aln -bb 1000 -redo -nt 3 -spp examples/Acropora//aln_seqs/led4144.nt.aln.nex -m MFPMERGE
Seed:    636163 (Using SPRNG - Scalable Parallel Random Number Generator)
Time:    Sat Jan 12 16:25:17 2019
Kernel:  AVX+FMA - 3 threads (24 CPU cores detected)

Reading partition model file examples/Acropora//aln_seqs/led4144.nt.aln.nex ...
Reading alignment file examples/Acropora//aln_seqs/led4144.nt.aln ... Fasta format detected
Alignment most likely contains DNA/RNA sequences
Alignment has 5 sequences with 6723 columns, 140 distinct patterns
51 parsimony-informative, 274 singleton sites, 6398 constant sites
                          Gap/Ambiguity  Composition  p-value
   1  Adif_sc0000017.g602.t1     29.81%    passed     95.45%
   2  Aech_sc0000045.g14004.t1    6.16%    passed     98.98%
   3  Agem_sc0000256.g26117.t1    3.97%    passed     95.72%
   4  Asub_sc0000111.g30428.t1    4.60%    passed     98.59%
   5  Aten_sc0000040.g289.t1     29.67%    passed     94.15%
****  TOTAL                      14.84%  0 sequences failed composition chi2 test (p-value<5%; df=3)
NOTE: No CharPartition defined, use all CharSets

Loading 3 partitions...
Subset	Type	Seqs	Sites	Infor	Invar	Model	Name
1		5	2241	13	2169	MFPMERGE	p1
2		5	2241	10	2186	MFPMERGE	p2
3		5	2241	28	2043	MFPMERGE	p3
Degree of missing data: 0.000
Info: multi-threading strategy over partitions



Create initial parsimony tree by phylogenetic likelihood library (PLL)... 0.000 seconds
NOTE: ModelFinder requires 1 MB RAM!
Testing GTR+F+G on supermatrix...
WARNING: Number of threads seems too high for short alignments. Use -nt AUTO to determine best number of threads.
GTR+F+G4 / LnL: -11460.780 / df: 16 / AIC: 22953.559 / AICc: 22953.640 / BIC: 23062.572
Selecting individual models for 3 charsets using BIC...
 No. Model        Score       Charset
   1 F81+F        6987.314    p2
   2 K2P+I        8587.248    p3
   3 HKY+F+I      7228.205    p1
Full partition model BIC score: 22869.929 (LnL: -11351.238  df:19)
Merging models to increase model fit (about 7 total partition schemes)...
   4 HKY+F+I      22969.952   p2+p3
   5 K2P+I        22969.205   p1+p3
   6 F81+F+I      22892.156   p1+p2
BEST-FIT PARTITION MODEL: 
  charpartition BIC = HKY+F+I: p1, F81+F: p2, K2P+I: p3;
Agglomerative model selection: (p1,p2,p3)
Partition information was printed to examples/Acropora//aln_seqs/led4144.nt.aln.nex.best_scheme.nex
Partition information in Raxml format was printed to examples/Acropora//aln_seqs/led4144.nt.aln.nex.best_scheme

All model information printed to examples/Acropora//aln_seqs/led4144.nt.aln.nex.model.gz
CPU time for ModelFinder: 1.430 seconds (0h:0m:1s)
Wall-clock time for ModelFinder: 52.580 seconds (0h:0m:52s)
Generating 1000 samples for ultrafast bootstrap (seed: 636163)...

NOTE: 1 MB RAM (0 GB) is required!
WARNING: Number of threads seems too high for short alignments. Use -nt AUTO to determine best number of threads.
Estimate model parameters (epsilon = 0.100)
Initial log-likelihood: -11472.130
Current log-likelihood at step 1: -11379.833
Current log-likelihood at step 2: -11369.436
Current log-likelihood at step 3: -11351.307
Current log-likelihood at step 4: -11351.206
Current log-likelihood at step 5: -11351.202
Partition-specific rates:  0.762 0.444 1.794
Parameters optimization took 4 rounds (0.493 sec)

Computing ML distances based on estimated model parameters... 0.000 sec
Computing BIONJ tree...
0.155 seconds
Log-likelihood of BIONJ tree: -11351.202
--------------------------------------------------------------------
|             INITIALIZING CANDIDATE TREE SET                      |
--------------------------------------------------------------------
Generating 99 parsimony trees... 2.825 second
Computing log-likelihood of 4 initial trees ... 0.952 seconds
Current best score: -11351.202

Do NNI search on 5 best initial trees
Finish initializing candidate tree set (5)
Current best tree score: -11351.202 / CPU time: 6.929
Number of iterations: 5
--------------------------------------------------------------------
|               OPTIMIZING CANDIDATE TREE SET                      |
--------------------------------------------------------------------
UPDATE BEST LOG-LIKELIHOOD: -11351.202
Iteration 10 / LogL: -11351.365 / Time: 0h:0m:13s
UPDATE BEST LOG-LIKELIHOOD: -11351.202
Iteration 20 / LogL: -11367.988 / Time: 0h:0m:22s
Iteration 30 / LogL: -11351.215 / Time: 0h:0m:33s (0h:1m:20s left)
Iteration 40 / LogL: -11351.218 / Time: 0h:0m:44s (0h:1m:7s left)
Iteration 50 / LogL: -11351.218 / Time: 0h:1m:0s (0h:1m:2s left)
Log-likelihood cutoff on original alignment: -11380.188
Iteration 60 / LogL: -11351.202 / Time: 0h:1m:13s (0h:0m:49s left)
Iteration 70 / LogL: -11351.218 / Time: 0h:1m:23s (0h:0m:36s left)
Iteration 80 / LogL: -11351.220 / Time: 0h:1m:32s (0h:0m:23s left)
Iteration 90 / LogL: -11351.218 / Time: 0h:1m:41s (0h:0m:11s left)
Iteration 100 / LogL: -11367.988 / Time: 0h:1m:49s (0h:0m:0s left)
Log-likelihood cutoff on original alignment: -11380.188
NOTE: Bootstrap correlation coefficient of split occurrence frequencies: 1.000
TREE SEARCH COMPLETED AFTER 101 ITERATIONS / Time: 0h:1m:50s

--------------------------------------------------------------------
|                    FINALIZING TREE SEARCH                        |
--------------------------------------------------------------------
Performs final model parameters optimization
Estimate model parameters (epsilon = 0.010)
Initial log-likelihood: -11351.202
Current log-likelihood at step 1: -11351.202
Partition-specific rates:  0.762 0.444 1.794
Parameters optimization took 0 rounds (0.055 sec)

BEST SCORE FOUND : -11351.202
Creating bootstrap support values...
Split supports printed to NEXUS file examples/Acropora//aln_seqs/led4144.nt.aln.nex.splits.nex
Total tree length: 0.073

Total number of iterations: 101
CPU time used for tree search: 3.650 sec (0h:0m:3s)
Wall-clock time used for tree search: 107.942 sec (0h:1m:47s)
Total CPU time used: 3.770 sec (0h:0m:3s)
Total wall-clock time used: 112.132 sec (0h:1m:52s)

Computing bootstrap consensus tree...
Reading input file examples/Acropora//aln_seqs/led4144.nt.aln.nex.splits.nex...
5 taxa and 10 splits.
Consensus tree written to examples/Acropora//aln_seqs/led4144.nt.aln.nex.contree
Reading input trees file examples/Acropora//aln_seqs/led4144.nt.aln.nex.contree
Log-likelihood of consensus tree: -11351.202

Analysis results written to: 
  IQ-TREE report:                examples/Acropora//aln_seqs/led4144.nt.aln.nex.iqtree
  Maximum-likelihood tree:       examples/Acropora//aln_seqs/led4144.nt.aln.nex.treefile
  Likelihood distances:          examples/Acropora//aln_seqs/led4144.nt.aln.nex.mldist
  Best partitioning scheme:      examples/Acropora//aln_seqs/led4144.nt.aln.nex.best_scheme.nex
           in RAxML format:      examples/Acropora//aln_seqs/led4144.nt.aln.nex.best_scheme

Ultrafast bootstrap approximation results written to:
  Split support values:          examples/Acropora//aln_seqs/led4144.nt.aln.nex.splits.nex
  Consensus tree:                examples/Acropora//aln_seqs/led4144.nt.aln.nex.contree
  Screen log file:               examples/Acropora//aln_seqs/led4144.nt.aln.nex.log

Date and Time: Sat Jan 12 16:28:05 2019
