IQ-TREE multicore version 1.6.8 for Linux 64-bit built Oct 28 2018
Developed by Bui Quang Minh, Nguyen Lam Tung, Olga Chernomor,
Heiko Schmidt, Dominik Schrempf, Michael Woodhams.

Host:    sango10206.oist.jp (AVX2, FMA3, 125 GB RAM)
Command: iqtree -s examples/Acropora//aln_seqs/led4481.nt.aln -bb 1000 -redo -nt 3 -spp examples/Acropora//aln_seqs/led4481.nt.aln.nex -m MFPMERGE
Seed:    845769 (Using SPRNG - Scalable Parallel Random Number Generator)
Time:    Sat Jan 12 16:25:21 2019
Kernel:  AVX+FMA - 3 threads (24 CPU cores detected)

Reading partition model file examples/Acropora//aln_seqs/led4481.nt.aln.nex ...
Reading alignment file examples/Acropora//aln_seqs/led4481.nt.aln ... Fasta format detected
Alignment most likely contains DNA/RNA sequences
Alignment has 5 sequences with 4161 columns, 149 distinct patterns
77 parsimony-informative, 307 singleton sites, 3777 constant sites
                          Gap/Ambiguity  Composition  p-value
   1  Adif_sc0000025.g668.t1      4.11%    passed     95.51%
   2  Aech_sc0000123.g1691.t1    10.96%    passed     99.11%
   3  Agem_sc0000036.g22326.t1    5.26%    passed     96.95%
   4  Asub_sc0000015.g26168.t1    7.28%    passed     97.38%
   5  Aten_sc0000115.g131.t1      6.78%    passed     89.63%
****  TOTAL                       6.88%  0 sequences failed composition chi2 test (p-value<5%; df=3)
NOTE: No CharPartition defined, use all CharSets

Loading 3 partitions...
Subset	Type	Seqs	Sites	Infor	Invar	Model	Name
1		5	1387	24	1247	MFPMERGE	p1
2		5	1387	28	1281	MFPMERGE	p2
3		5	1387	25	1249	MFPMERGE	p3
Degree of missing data: 0.000
Info: multi-threading strategy over partitions



Create initial parsimony tree by phylogenetic likelihood library (PLL)... 0.000 seconds
NOTE: ModelFinder requires 1 MB RAM!
Testing GTR+F+G on supermatrix...
WARNING: Number of threads seems too high for short alignments. Use -nt AUTO to determine best number of threads.
GTR+F+G4 / LnL: -8043.802 / df: 16 / AIC: 16119.603 / AICc: 16119.735 / BIC: 16220.940
Selecting individual models for 3 charsets using BIC...
 No. Model        Score       Charset
   1 HKY+F        5435.707    p1
   2 TPM2u+F      5511.796    p3
   3 TPM2u+F+G4   5123.529    p2
Full partition model BIC score: 16140.808 (LnL: -7970.402  df:24)
Merging models to increase model fit (about 7 total partition schemes)...
   4 TPM2+F       16164.545   p1+p3
   5 TPM2u+F      16203.695   p1+p2
   6 TPM2+F+G4    16144.669   p2+p3
BEST-FIT PARTITION MODEL: 
  charpartition BIC = HKY+F: p1, TPM2u+F+G4: p2, TPM2u+F: p3;
Agglomerative model selection: (p1,p2,p3)
Partition information was printed to examples/Acropora//aln_seqs/led4481.nt.aln.nex.best_scheme.nex
Partition information in Raxml format was printed to examples/Acropora//aln_seqs/led4481.nt.aln.nex.best_scheme

All model information printed to examples/Acropora//aln_seqs/led4481.nt.aln.nex.model.gz
CPU time for ModelFinder: 1.825 seconds (0h:0m:1s)
Wall-clock time for ModelFinder: 50.507 seconds (0h:0m:50s)
Generating 1000 samples for ultrafast bootstrap (seed: 845769)...

NOTE: 1 MB RAM (0 GB) is required!
WARNING: Number of threads seems too high for short alignments. Use -nt AUTO to determine best number of threads.
Estimate model parameters (epsilon = 0.100)
Initial log-likelihood: -8034.529
Current log-likelihood at step 1: -7982.965
Current log-likelihood at step 2: -7970.365
Current log-likelihood at step 3: -7970.364
Partition-specific rates:  1.051 0.876 1.073
Parameters optimization took 2 rounds (0.692 sec)

Computing ML distances based on estimated model parameters... 0.008 sec
Computing BIONJ tree...
0.002 seconds
Log-likelihood of BIONJ tree: -7970.364
--------------------------------------------------------------------
|             INITIALIZING CANDIDATE TREE SET                      |
--------------------------------------------------------------------
Generating 99 parsimony trees... 2.318 second
Computing log-likelihood of 4 initial trees ... 1.169 seconds
Current best score: -7970.364

Do NNI search on 5 best initial trees
Finish initializing candidate tree set (5)
Current best tree score: -7970.364 / CPU time: 9.544
Number of iterations: 5
--------------------------------------------------------------------
|               OPTIMIZING CANDIDATE TREE SET                      |
--------------------------------------------------------------------
Iteration 10 / LogL: -7970.365 / Time: 0h:0m:22s
UPDATE BEST LOG-LIKELIHOOD: -7970.364
Iteration 20 / LogL: -7970.365 / Time: 0h:0m:34s
Iteration 30 / LogL: -7970.364 / Time: 0h:0m:44s (0h:1m:47s left)
Iteration 40 / LogL: -7970.365 / Time: 0h:0m:57s (0h:1m:29s left)
Iteration 50 / LogL: -7970.364 / Time: 0h:1m:12s (0h:1m:13s left)
Log-likelihood cutoff on original alignment: -7970.475
Iteration 60 / LogL: -7970.365 / Time: 0h:1m:24s (0h:0m:57s left)
Iteration 70 / LogL: -7970.364 / Time: 0h:1m:35s (0h:0m:41s left)
Iteration 80 / LogL: -7970.365 / Time: 0h:1m:51s (0h:0m:28s left)
Iteration 90 / LogL: -7970.365 / Time: 0h:2m:6s (0h:0m:14s left)
Iteration 100 / LogL: -7970.364 / Time: 0h:2m:19s (0h:0m:0s left)
Log-likelihood cutoff on original alignment: -7970.475
NOTE: Bootstrap correlation coefficient of split occurrence frequencies: 1.000
TREE SEARCH COMPLETED AFTER 101 ITERATIONS / Time: 0h:2m:20s

--------------------------------------------------------------------
|                    FINALIZING TREE SEARCH                        |
--------------------------------------------------------------------
Performs final model parameters optimization
Estimate model parameters (epsilon = 0.010)
Initial log-likelihood: -7970.364
Current log-likelihood at step 1: -7970.364
Partition-specific rates:  1.051 0.876 1.073
Parameters optimization took 0 rounds (0.164 sec)

BEST SCORE FOUND : -7970.364
Creating bootstrap support values...
Split supports printed to NEXUS file examples/Acropora//aln_seqs/led4481.nt.aln.nex.splits.nex
Total tree length: 0.112

Total number of iterations: 101
CPU time used for tree search: 4.403 sec (0h:0m:4s)
Wall-clock time used for tree search: 137.832 sec (0h:2m:17s)
Total CPU time used: 4.544 sec (0h:0m:4s)
Total wall-clock time used: 143.110 sec (0h:2m:23s)

Computing bootstrap consensus tree...
Reading input file examples/Acropora//aln_seqs/led4481.nt.aln.nex.splits.nex...
5 taxa and 7 splits.
Consensus tree written to examples/Acropora//aln_seqs/led4481.nt.aln.nex.contree
Reading input trees file examples/Acropora//aln_seqs/led4481.nt.aln.nex.contree
Log-likelihood of consensus tree: -7970.364

Analysis results written to: 
  IQ-TREE report:                examples/Acropora//aln_seqs/led4481.nt.aln.nex.iqtree
  Maximum-likelihood tree:       examples/Acropora//aln_seqs/led4481.nt.aln.nex.treefile
  Likelihood distances:          examples/Acropora//aln_seqs/led4481.nt.aln.nex.mldist
  Best partitioning scheme:      examples/Acropora//aln_seqs/led4481.nt.aln.nex.best_scheme.nex
           in RAxML format:      examples/Acropora//aln_seqs/led4481.nt.aln.nex.best_scheme

Ultrafast bootstrap approximation results written to:
  Split support values:          examples/Acropora//aln_seqs/led4481.nt.aln.nex.splits.nex
  Consensus tree:                examples/Acropora//aln_seqs/led4481.nt.aln.nex.contree
  Screen log file:               examples/Acropora//aln_seqs/led4481.nt.aln.nex.log

Date and Time: Sat Jan 12 16:28:37 2019
