IQ-TREE multicore version 1.6.8 for Linux 64-bit built Oct 28 2018
Developed by Bui Quang Minh, Nguyen Lam Tung, Olga Chernomor,
Heiko Schmidt, Dominik Schrempf, Michael Woodhams.

Host:    sango10206.oist.jp (AVX2, FMA3, 125 GB RAM)
Command: iqtree -s examples/Acropora//aln_seqs/led4498.nt.aln -bb 1000 -redo -nt 3 -spp examples/Acropora//aln_seqs/led4498.nt.aln.nex -m MFPMERGE
Seed:    511145 (Using SPRNG - Scalable Parallel Random Number Generator)
Time:    Sat Jan 12 16:28:56 2019
Kernel:  AVX+FMA - 3 threads (24 CPU cores detected)

Reading partition model file examples/Acropora//aln_seqs/led4498.nt.aln.nex ...
Reading alignment file examples/Acropora//aln_seqs/led4498.nt.aln ... Fasta format detected
Alignment most likely contains DNA/RNA sequences
Alignment has 5 sequences with 3687 columns, 110 distinct patterns
53 parsimony-informative, 173 singleton sites, 3461 constant sites
                          Gap/Ambiguity  Composition  p-value
   1  Adif_sc0000025.g711.t1      1.63%    passed     97.60%
   2  Aech_sc0000002.g19218.t1    4.72%    passed     93.08%
   3  Agem_sc0000036.g22358.t1    4.80%    passed     99.51%
   4  Asub_sc0000069.g24770.t1    4.80%    passed     96.29%
   5  Aten_sc0000317.g260.t1      0.81%    passed     84.92%
****  TOTAL                       3.35%  0 sequences failed composition chi2 test (p-value<5%; df=3)
NOTE: No CharPartition defined, use all CharSets

Loading 3 partitions...
Subset	Type	Seqs	Sites	Infor	Invar	Model	Name
1		5	1229	11	1182	MFPMERGE	p1
2		5	1229	4	1204	MFPMERGE	p2
3		5	1229	38	1075	MFPMERGE	p3
Degree of missing data: 0.000
Info: multi-threading strategy over partitions



Create initial parsimony tree by phylogenetic likelihood library (PLL)... 0.000 seconds
NOTE: ModelFinder requires 1 MB RAM!
Testing GTR+F+G on supermatrix...
WARNING: Number of threads seems too high for short alignments. Use -nt AUTO to determine best number of threads.
GTR+F+G4 / LnL: -6628.655 / df: 16 / AIC: 13289.311 / AICc: 13289.459 / BIC: 13388.712
Selecting individual models for 3 charsets using BIC...
 No. Model        Score       Charset
   1 HKY+F        3754.345    p2
   2 HKY+F+I      4076.322    p1
   3 K2P+G4       5299.727    p3
Full partition model BIC score: 13195.049 (LnL: -6515.399  df:20)
Merging models to increase model fit (about 7 total partition schemes)...
   4 HKY+F+I      13239.024   p1+p2
   5 HKY+F+I      13321.960   p2+p3
   6 K2P+I        13256.723   p1+p3
BEST-FIT PARTITION MODEL: 
  charpartition BIC = HKY+F+I: p1, HKY+F: p2, K2P+G4: p3;
Agglomerative model selection: (p1,p2,p3)
Partition information was printed to examples/Acropora//aln_seqs/led4498.nt.aln.nex.best_scheme.nex
Partition information in Raxml format was printed to examples/Acropora//aln_seqs/led4498.nt.aln.nex.best_scheme

All model information printed to examples/Acropora//aln_seqs/led4498.nt.aln.nex.model.gz
CPU time for ModelFinder: 0.894 seconds (0h:0m:0s)
Wall-clock time for ModelFinder: 27.151 seconds (0h:0m:27s)
Generating 1000 samples for ultrafast bootstrap (seed: 511145)...

NOTE: 0 MB RAM (0 GB) is required!
WARNING: Number of threads seems too high for short alignments. Use -nt AUTO to determine best number of threads.
Estimate model parameters (epsilon = 0.100)
Initial log-likelihood: -6649.114
Current log-likelihood at step 1: -6536.573
Current log-likelihood at step 2: -6526.651
Current log-likelihood at step 3: -6515.404
Current log-likelihood at step 4: -6515.364
Partition-specific rates:  0.613 0.285 2.102
Parameters optimization took 3 rounds (0.684 sec)

Computing ML distances based on estimated model parameters... 0.007 sec
Computing BIONJ tree...
0.009 seconds
Log-likelihood of BIONJ tree: -6515.364
--------------------------------------------------------------------
|             INITIALIZING CANDIDATE TREE SET                      |
--------------------------------------------------------------------
Generating 99 parsimony trees... 2.334 second
Computing log-likelihood of 4 initial trees ... 0.645 seconds
Current best score: -6515.364

Do NNI search on 5 best initial trees
Finish initializing candidate tree set (5)
Current best tree score: -6515.364 / CPU time: 6.423
Number of iterations: 5
--------------------------------------------------------------------
|               OPTIMIZING CANDIDATE TREE SET                      |
--------------------------------------------------------------------
Iteration 10 / LogL: -6517.464 / Time: 0h:0m:14s
Iteration 20 / LogL: -6515.364 / Time: 0h:0m:31s
Iteration 30 / LogL: -6515.366 / Time: 0h:0m:50s (0h:2m:1s left)
Iteration 40 / LogL: -6515.364 / Time: 0h:1m:6s (0h:1m:41s left)
Iteration 50 / LogL: -6515.366 / Time: 0h:1m:20s (0h:1m:21s left)
Log-likelihood cutoff on original alignment: -6542.475
Iteration 60 / LogL: -6515.365 / Time: 0h:1m:37s (0h:1m:5s left)
Iteration 70 / LogL: -6515.364 / Time: 0h:1m:48s (0h:0m:47s left)
Iteration 80 / LogL: -6515.365 / Time: 0h:2m:3s (0h:0m:31s left)
Iteration 90 / LogL: -6515.365 / Time: 0h:2m:17s (0h:0m:15s left)
Iteration 100 / LogL: -6515.364 / Time: 0h:2m:32s (0h:0m:0s left)
Log-likelihood cutoff on original alignment: -6542.475
NOTE: Bootstrap correlation coefficient of split occurrence frequencies: 1.000
TREE SEARCH COMPLETED AFTER 101 ITERATIONS / Time: 0h:2m:35s

--------------------------------------------------------------------
|                    FINALIZING TREE SEARCH                        |
--------------------------------------------------------------------
Performs final model parameters optimization
Estimate model parameters (epsilon = 0.010)
Initial log-likelihood: -6515.364
Current log-likelihood at step 1: -6515.362
Partition-specific rates:  0.613 0.285 2.102
Parameters optimization took 0 rounds (0.120 sec)

BEST SCORE FOUND : -6515.362
Creating bootstrap support values...
Split supports printed to NEXUS file examples/Acropora//aln_seqs/led4498.nt.aln.nex.splits.nex
Total tree length: 0.080

Total number of iterations: 101
CPU time used for tree search: 4.160 sec (0h:0m:4s)
Wall-clock time used for tree search: 152.651 sec (0h:2m:32s)
Total CPU time used: 4.279 sec (0h:0m:4s)
Total wall-clock time used: 157.608 sec (0h:2m:37s)

Computing bootstrap consensus tree...
Reading input file examples/Acropora//aln_seqs/led4498.nt.aln.nex.splits.nex...
5 taxa and 9 splits.
Consensus tree written to examples/Acropora//aln_seqs/led4498.nt.aln.nex.contree
Reading input trees file examples/Acropora//aln_seqs/led4498.nt.aln.nex.contree
Log-likelihood of consensus tree: -6515.362

Analysis results written to: 
  IQ-TREE report:                examples/Acropora//aln_seqs/led4498.nt.aln.nex.iqtree
  Maximum-likelihood tree:       examples/Acropora//aln_seqs/led4498.nt.aln.nex.treefile
  Likelihood distances:          examples/Acropora//aln_seqs/led4498.nt.aln.nex.mldist
  Best partitioning scheme:      examples/Acropora//aln_seqs/led4498.nt.aln.nex.best_scheme.nex
           in RAxML format:      examples/Acropora//aln_seqs/led4498.nt.aln.nex.best_scheme

Ultrafast bootstrap approximation results written to:
  Split support values:          examples/Acropora//aln_seqs/led4498.nt.aln.nex.splits.nex
  Consensus tree:                examples/Acropora//aln_seqs/led4498.nt.aln.nex.contree
  Screen log file:               examples/Acropora//aln_seqs/led4498.nt.aln.nex.log

Date and Time: Sat Jan 12 16:32:03 2019
