IQ-TREE multicore version 1.6.8 for Linux 64-bit built Oct 28 2018
Developed by Bui Quang Minh, Nguyen Lam Tung, Olga Chernomor,
Heiko Schmidt, Dominik Schrempf, Michael Woodhams.

Host:    sango10206.oist.jp (AVX2, FMA3, 125 GB RAM)
Command: iqtree -s examples/Acropora//aln_seqs/led4483.nt.aln -bb 1000 -redo -nt 3 -spp examples/Acropora//aln_seqs/led4483.nt.aln.nex -m MFPMERGE
Seed:    559218 (Using SPRNG - Scalable Parallel Random Number Generator)
Time:    Sat Jan 12 16:06:58 2019
Kernel:  AVX+FMA - 3 threads (24 CPU cores detected)

Reading partition model file examples/Acropora//aln_seqs/led4483.nt.aln.nex ...
Reading alignment file examples/Acropora//aln_seqs/led4483.nt.aln ... Fasta format detected
Alignment most likely contains DNA/RNA sequences
Alignment has 5 sequences with 603 columns, 18 distinct patterns
5 parsimony-informative, 14 singleton sites, 584 constant sites
                          Gap/Ambiguity  Composition  p-value
   1  Adif_sc0000025.g672.t1      0.00%    passed     99.78%
   2  Aech_sc0000123.g1687.t1     0.00%    passed     99.98%
   3  Agem_sc0000036.g22330.t1    0.00%    passed     99.96%
   4  Asub_sc0000015.g26171.t1    0.00%    passed     99.96%
   5  Aten_sc0000115.g128.t1      0.00%    passed     99.06%
****  TOTAL                       0.00%  0 sequences failed composition chi2 test (p-value<5%; df=3)
NOTE: No CharPartition defined, use all CharSets

Loading 3 partitions...
Subset	Type	Seqs	Sites	Infor	Invar	Model	Name
1		5	201	2	197	MFPMERGE	p1
2		5	201	0	197	MFPMERGE	p2
WARNING: No parsimony-informative sites in partition p2
3		5	201	3	190	MFPMERGE	p3
Degree of missing data: 0.000
Info: multi-threading strategy over partitions

NOTE: Asub_sc0000015.g26171.t1 is identical to Agem_sc0000036.g22330.t1 but kept for subsequent analysis


Create initial parsimony tree by phylogenetic likelihood library (PLL)... 0.000 seconds
NOTE: ModelFinder requires 0 MB RAM!
Testing GTR+F+G on supermatrix...
WARNING: 3 threads for alignment length 18 will slow down analysis
WARNING: Number of threads seems too high for short alignments. Use -nt AUTO to determine best number of threads.
GTR+F+G4 / LnL: -952.176 / df: 16 / AIC: 1936.353 / AICc: 1937.281 / BIC: 2006.784
Selecting individual models for 3 charsets using BIC...
 No. Model        Score       Charset
   1 JC           712.887     p3
   2 JC           614.643     p2
   3 HKY+F        608.998     p1
Full partition model BIC score: 1982.630 (LnL: -949.703  df:13)
Merging models to increase model fit (about 7 total partition schemes)...
   4 JC           1980.487    p2+p3
   5 HKY+F        1984.441    p1+p3
   6 JC           1983.613    p1+p2
Merging p2+p3 with BIC score: 1980.487 (LnL: -951.832  df: 12)
   7 K2P          1981.405    p1+p2+p3
BEST-FIT PARTITION MODEL: 
  charpartition BIC = HKY+F: p1, JC: p2 p3;
Agglomerative model selection: (p1,(p2,p3)1:1980.49)
Merging into 2 partitions...
Partition information was printed to examples/Acropora//aln_seqs/led4483.nt.aln.nex.best_scheme.nex
Partition information in Raxml format was printed to examples/Acropora//aln_seqs/led4483.nt.aln.nex.best_scheme

All model information printed to examples/Acropora//aln_seqs/led4483.nt.aln.nex.model.gz
CPU time for ModelFinder: 0.596 seconds (0h:0m:0s)
Wall-clock time for ModelFinder: 31.451 seconds (0h:0m:31s)
WARNING: 3 threads for alignment length 8 will slow down analysis
WARNING: 3 threads for alignment length 16 will slow down analysis
Generating 1000 samples for ultrafast bootstrap (seed: 559218)...
WARNING: 3 threads for alignment length 8 will slow down analysis
WARNING: 3 threads for alignment length 16 will slow down analysis

NOTE: 0 MB RAM (0 GB) is required!
Estimate model parameters (epsilon = 0.100)
Initial log-likelihood: -956.508
Current log-likelihood at step 1: -951.817
Current log-likelihood at step 2: -951.817
Partition-specific rates:  0.600 1.200
Parameters optimization took 1 rounds (0.164 sec)


WARNING: Estimated model parameters are at boundary that can cause numerical instability!

Computing ML distances based on estimated model parameters... 0.013 sec
Computing BIONJ tree...
0.194 seconds
Log-likelihood of BIONJ tree: -951.818
--------------------------------------------------------------------
|             INITIALIZING CANDIDATE TREE SET                      |
--------------------------------------------------------------------
Generating 99 parsimony trees... 1.661 second
Computing log-likelihood of 4 initial trees ... 1.035 seconds
Current best score: -951.817

Do NNI search on 5 best initial trees
Finish initializing candidate tree set (5)
Current best tree score: -951.817 / CPU time: 5.743
Number of iterations: 5
--------------------------------------------------------------------
|               OPTIMIZING CANDIDATE TREE SET                      |
--------------------------------------------------------------------
Iteration 10 / LogL: -951.817 / Time: 0h:0m:11s
Iteration 20 / LogL: -951.817 / Time: 0h:0m:21s
Iteration 30 / LogL: -951.817 / Time: 0h:0m:28s (0h:1m:7s left)
Iteration 40 / LogL: -951.817 / Time: 0h:0m:37s (0h:0m:56s left)
Iteration 50 / LogL: -951.817 / Time: 0h:0m:44s (0h:0m:45s left)
Log-likelihood cutoff on original alignment: -984.810
Iteration 60 / LogL: -958.518 / Time: 0h:0m:57s (0h:0m:38s left)
Iteration 70 / LogL: -958.164 / Time: 0h:1m:9s (0h:0m:30s left)
Iteration 80 / LogL: -951.817 / Time: 0h:1m:20s (0h:0m:20s left)
Iteration 90 / LogL: -958.164 / Time: 0h:1m:30s (0h:0m:10s left)
Iteration 100 / LogL: -951.818 / Time: 0h:1m:39s (0h:0m:0s left)
Log-likelihood cutoff on original alignment: -984.810
NOTE: Bootstrap correlation coefficient of split occurrence frequencies: 1.000
TREE SEARCH COMPLETED AFTER 101 ITERATIONS / Time: 0h:1m:41s

--------------------------------------------------------------------
|                    FINALIZING TREE SEARCH                        |
--------------------------------------------------------------------
Performs final model parameters optimization
Estimate model parameters (epsilon = 0.010)
Initial log-likelihood: -951.817
Current log-likelihood at step 1: -951.817
Partition-specific rates:  0.600 1.200
Parameters optimization took 0 rounds (0.097 sec)


WARNING: Estimated model parameters are at boundary that can cause numerical instability!

BEST SCORE FOUND : -951.817
Creating bootstrap support values...
Split supports printed to NEXUS file examples/Acropora//aln_seqs/led4483.nt.aln.nex.splits.nex
Total tree length: 0.034

Total number of iterations: 101
CPU time used for tree search: 3.046 sec (0h:0m:3s)
Wall-clock time used for tree search: 99.562 sec (0h:1m:39s)
Total CPU time used: 3.127 sec (0h:0m:3s)
Total wall-clock time used: 103.131 sec (0h:1m:43s)

Computing bootstrap consensus tree...
Reading input file examples/Acropora//aln_seqs/led4483.nt.aln.nex.splits.nex...
5 taxa and 13 splits.
Consensus tree written to examples/Acropora//aln_seqs/led4483.nt.aln.nex.contree
Reading input trees file examples/Acropora//aln_seqs/led4483.nt.aln.nex.contree
Log-likelihood of consensus tree: -951.818

Analysis results written to: 
  IQ-TREE report:                examples/Acropora//aln_seqs/led4483.nt.aln.nex.iqtree
  Maximum-likelihood tree:       examples/Acropora//aln_seqs/led4483.nt.aln.nex.treefile
  Likelihood distances:          examples/Acropora//aln_seqs/led4483.nt.aln.nex.mldist
  Best partitioning scheme:      examples/Acropora//aln_seqs/led4483.nt.aln.nex.best_scheme.nex
           in RAxML format:      examples/Acropora//aln_seqs/led4483.nt.aln.nex.best_scheme

Ultrafast bootstrap approximation results written to:
  Split support values:          examples/Acropora//aln_seqs/led4483.nt.aln.nex.splits.nex
  Consensus tree:                examples/Acropora//aln_seqs/led4483.nt.aln.nex.contree
  Screen log file:               examples/Acropora//aln_seqs/led4483.nt.aln.nex.log

Date and Time: Sat Jan 12 16:09:15 2019
