IQ-TREE multicore version 1.6.8 for Linux 64-bit built Oct 28 2018
Developed by Bui Quang Minh, Nguyen Lam Tung, Olga Chernomor,
Heiko Schmidt, Dominik Schrempf, Michael Woodhams.

Host:    sango10206.oist.jp (AVX2, FMA3, 125 GB RAM)
Command: iqtree -s examples/Acropora//aln_seqs/led4501.nt.aln -bb 1000 -redo -nt 3 -spp examples/Acropora//aln_seqs/led4501.nt.aln.nex -m MFPMERGE
Seed:    219841 (Using SPRNG - Scalable Parallel Random Number Generator)
Time:    Sat Jan 12 16:22:04 2019
Kernel:  AVX+FMA - 3 threads (24 CPU cores detected)

Reading partition model file examples/Acropora//aln_seqs/led4501.nt.aln.nex ...
Reading alignment file examples/Acropora//aln_seqs/led4501.nt.aln ... Fasta format detected
Alignment most likely contains DNA/RNA sequences
Alignment has 5 sequences with 3102 columns, 242 distinct patterns
56 parsimony-informative, 336 singleton sites, 2710 constant sites
                          Gap/Ambiguity  Composition  p-value
   1  Adif_sc0000025.g716.t1     19.54%    passed     91.17%
   2  Aech_sc0000002.g19213.t1   28.14%    passed     99.23%
   3  Agem_sc0000304.g10101.t1   50.87%    passed     98.86%
   4  Asub_sc0001062.g3935.t1     9.67%    passed     92.05%
   5  Aten_sc0000378.g581.t1     67.12%    passed     80.09%
WARNING: 2 sequences contain more than 50% gaps/ambiguity
****  TOTAL                      35.07%  0 sequences failed composition chi2 test (p-value<5%; df=3)
NOTE: No CharPartition defined, use all CharSets

Loading 3 partitions...
Subset	Type	Seqs	Sites	Infor	Invar	Model	Name
1		5	1034	17	912	MFPMERGE	p1
2		5	1034	17	916	MFPMERGE	p2
3		5	1034	22	882	MFPMERGE	p3
Degree of missing data: 0.000
Info: multi-threading strategy over partitions



Create initial parsimony tree by phylogenetic likelihood library (PLL)... 0.000 seconds
NOTE: ModelFinder requires 2 MB RAM!
Testing GTR+F+G on supermatrix...
WARNING: Number of threads seems too high for short alignments. Use -nt AUTO to determine best number of threads.
GTR+F+G4 / LnL: -6432.219 / df: 16 / AIC: 12896.439 / AICc: 12896.615 / BIC: 12993.076
Selecting individual models for 3 charsets using BIC...
 No. Model        Score       Charset
   1 F81+F+I      4232.380    p1
   2 HKY+F+I      4231.822    p2
   3 TIM3+F       4406.815    p3
Full partition model BIC score: 12939.031 (LnL: -6373.038  df:24)
Merging models to increase model fit (about 7 total partition schemes)...
   4 HKY+F+I      12974.285   p1+p3
   5 HKY+F+I      12952.856   p1+p2
   6 HKY+F+I      12937.738   p2+p3
Merging p2+p3 with BIC score: 12937.738 (LnL: -6400.531  df: 17)
   7 HKY+F+I      12968.442   p1+p2+p3
BEST-FIT PARTITION MODEL: 
  charpartition BIC = F81+F+I: p1, HKY+F+I: p2 p3;
Agglomerative model selection: (p1,(p2,p3)1:12937.7)
Merging into 2 partitions...
Partition information was printed to examples/Acropora//aln_seqs/led4501.nt.aln.nex.best_scheme.nex
Partition information in Raxml format was printed to examples/Acropora//aln_seqs/led4501.nt.aln.nex.best_scheme

All model information printed to examples/Acropora//aln_seqs/led4501.nt.aln.nex.model.gz
CPU time for ModelFinder: 1.425 seconds (0h:0m:1s)
Wall-clock time for ModelFinder: 49.552 seconds (0h:0m:49s)
Generating 1000 samples for ultrafast bootstrap (seed: 219841)...

NOTE: 1 MB RAM (0 GB) is required!
Estimate model parameters (epsilon = 0.100)
Initial log-likelihood: -6422.289
Current log-likelihood at step 1: -6400.517
Current log-likelihood at step 2: -6400.459
Partition-specific rates:  0.944 1.028
Parameters optimization took 1 rounds (0.582 sec)

Computing ML distances based on estimated model parameters... 0.000 sec
Computing BIONJ tree...
0.286 seconds
Log-likelihood of BIONJ tree: -6395.141
--------------------------------------------------------------------
|             INITIALIZING CANDIDATE TREE SET                      |
--------------------------------------------------------------------
Generating 98 parsimony trees... 1.773 second
Computing log-likelihood of 3 initial trees ... 1.126 seconds
Current best score: -6395.141

Do NNI search on 5 best initial trees
Finish initializing candidate tree set (5)
Current best tree score: -6395.141 / CPU time: 8.529
Number of iterations: 5
--------------------------------------------------------------------
|               OPTIMIZING CANDIDATE TREE SET                      |
--------------------------------------------------------------------
UPDATE BEST LOG-LIKELIHOOD: -6395.141
UPDATE BEST LOG-LIKELIHOOD: -6395.141
Iteration 10 / LogL: -6395.280 / Time: 0h:0m:18s
UPDATE BEST LOG-LIKELIHOOD: -6395.141
UPDATE BEST LOG-LIKELIHOOD: -6395.141
Iteration 20 / LogL: -6395.624 / Time: 0h:0m:30s
Iteration 30 / LogL: -6395.263 / Time: 0h:0m:46s (0h:1m:51s left)
Iteration 40 / LogL: -6395.267 / Time: 0h:0m:59s (0h:1m:31s left)
Iteration 50 / LogL: -6395.624 / Time: 0h:1m:11s (0h:1m:12s left)
Log-likelihood cutoff on original alignment: -6408.768
Iteration 60 / LogL: -6395.616 / Time: 0h:1m:23s (0h:0m:56s left)
Iteration 70 / LogL: -6395.675 / Time: 0h:1m:45s (0h:0m:45s left)
Iteration 80 / LogL: -6395.279 / Time: 0h:1m:58s (0h:0m:29s left)
Iteration 90 / LogL: -6395.284 / Time: 0h:2m:16s (0h:0m:15s left)
Iteration 100 / LogL: -6395.675 / Time: 0h:2m:36s (0h:0m:0s left)
Log-likelihood cutoff on original alignment: -6408.768
NOTE: Bootstrap correlation coefficient of split occurrence frequencies: 1.000
TREE SEARCH COMPLETED AFTER 101 ITERATIONS / Time: 0h:2m:40s

--------------------------------------------------------------------
|                    FINALIZING TREE SEARCH                        |
--------------------------------------------------------------------
Performs final model parameters optimization
Estimate model parameters (epsilon = 0.010)
Initial log-likelihood: -6395.141
Current log-likelihood at step 1: -6395.004
Current log-likelihood at step 2: -6395.003
Partition-specific rates:  0.938 1.031
Parameters optimization took 1 rounds (1.192 sec)

BEST SCORE FOUND : -6395.003
Creating bootstrap support values...
Split supports printed to NEXUS file examples/Acropora//aln_seqs/led4501.nt.aln.nex.splits.nex
Total tree length: 0.289

Total number of iterations: 101
CPU time used for tree search: 5.365 sec (0h:0m:5s)
Wall-clock time used for tree search: 156.621 sec (0h:2m:36s)
Total CPU time used: 5.545 sec (0h:0m:5s)
Total wall-clock time used: 163.009 sec (0h:2m:43s)

Computing bootstrap consensus tree...
Reading input file examples/Acropora//aln_seqs/led4501.nt.aln.nex.splits.nex...
5 taxa and 10 splits.
Consensus tree written to examples/Acropora//aln_seqs/led4501.nt.aln.nex.contree
Reading input trees file examples/Acropora//aln_seqs/led4501.nt.aln.nex.contree
Log-likelihood of consensus tree: -6395.003

Analysis results written to: 
  IQ-TREE report:                examples/Acropora//aln_seqs/led4501.nt.aln.nex.iqtree
  Maximum-likelihood tree:       examples/Acropora//aln_seqs/led4501.nt.aln.nex.treefile
  Likelihood distances:          examples/Acropora//aln_seqs/led4501.nt.aln.nex.mldist
  Best partitioning scheme:      examples/Acropora//aln_seqs/led4501.nt.aln.nex.best_scheme.nex
           in RAxML format:      examples/Acropora//aln_seqs/led4501.nt.aln.nex.best_scheme

Ultrafast bootstrap approximation results written to:
  Split support values:          examples/Acropora//aln_seqs/led4501.nt.aln.nex.splits.nex
  Consensus tree:                examples/Acropora//aln_seqs/led4501.nt.aln.nex.contree
  Screen log file:               examples/Acropora//aln_seqs/led4501.nt.aln.nex.log

Date and Time: Sat Jan 12 16:25:38 2019
