IQ-TREE multicore version 1.6.8 for Linux 64-bit built Oct 28 2018
Developed by Bui Quang Minh, Nguyen Lam Tung, Olga Chernomor,
Heiko Schmidt, Dominik Schrempf, Michael Woodhams.

Host:    sango10206.oist.jp (AVX2, FMA3, 125 GB RAM)
Command: iqtree -s examples/Acropora//aln_seqs/led4916.nt.aln -bb 1000 -redo -nt 3 -spp examples/Acropora//aln_seqs/led4916.nt.aln.nex -m MFPMERGE
Seed:    87985 (Using SPRNG - Scalable Parallel Random Number Generator)
Time:    Sat Jan 12 16:03:29 2019
Kernel:  AVX+FMA - 3 threads (24 CPU cores detected)

Reading partition model file examples/Acropora//aln_seqs/led4916.nt.aln.nex ...
Reading alignment file examples/Acropora//aln_seqs/led4916.nt.aln ... Fasta format detected
Alignment most likely contains DNA/RNA sequences
Alignment has 5 sequences with 2919 columns, 133 distinct patterns
37 parsimony-informative, 173 singleton sites, 2709 constant sites
                          Gap/Ambiguity  Composition  p-value
   1  Adif_sc0000036.g1152.t1     0.31%    passed     99.43%
   2  Aech_sc0000003.g27206.t1    4.83%    passed     99.13%
   3  Agem_sc0000023.g27914.t1    4.62%    passed     92.60%
   4  Asub_sc0000134.g14342.t1   48.20%    passed     15.66%
   5  Aten_sc0000225.g98.t1       0.00%    passed     84.79%
****  TOTAL                      11.59%  0 sequences failed composition chi2 test (p-value<5%; df=3)
NOTE: No CharPartition defined, use all CharSets

Loading 3 partitions...
Subset	Type	Seqs	Sites	Infor	Invar	Model	Name
1		5	973	10	919	MFPMERGE	p1
2		5	973	9	924	MFPMERGE	p2
3		5	973	18	866	MFPMERGE	p3
Degree of missing data: 0.000
Info: multi-threading strategy over partitions



Create initial parsimony tree by phylogenetic likelihood library (PLL)... 0.000 seconds
NOTE: ModelFinder requires 1 MB RAM!
Testing GTR+F+G on supermatrix...
WARNING: Number of threads seems too high for short alignments. Use -nt AUTO to determine best number of threads.
GTR+F+G4 / LnL: -5311.889 / df: 16 / AIC: 10655.778 / AICc: 10655.965 / BIC: 10751.442
Selecting individual models for 3 charsets using BIC...
 No. Model        Score       Charset
   1 HKY+F+I      3326.405    p2
   2 HKY+F+I      3303.540    p1
   3 HKY+F+I      3940.983    p3
Full partition model BIC score: 10638.578 (LnL: -5223.541  df:24)
Merging models to increase model fit (about 7 total partition schemes)...
   4 HKY+F+I      10680.159   p1+p2
   5 HKY+F+I      10660.666   p2+p3
   6 TN+F+I       10698.475   p1+p3
BEST-FIT PARTITION MODEL: 
  charpartition BIC = HKY+F+I: p1, HKY+F+I: p2, HKY+F+I: p3;
Agglomerative model selection: (p1,p2,p3)
Partition information was printed to examples/Acropora//aln_seqs/led4916.nt.aln.nex.best_scheme.nex
Partition information in Raxml format was printed to examples/Acropora//aln_seqs/led4916.nt.aln.nex.best_scheme

All model information printed to examples/Acropora//aln_seqs/led4916.nt.aln.nex.model.gz
CPU time for ModelFinder: 1.192 seconds (0h:0m:1s)
Wall-clock time for ModelFinder: 24.086 seconds (0h:0m:24s)
Generating 1000 samples for ultrafast bootstrap (seed: 87985)...

NOTE: 0 MB RAM (0 GB) is required!
WARNING: Number of threads seems too high for short alignments. Use -nt AUTO to determine best number of threads.
Estimate model parameters (epsilon = 0.100)
Initial log-likelihood: -5279.555
Current log-likelihood at step 1: -5227.579
Current log-likelihood at step 2: -5223.552
Current log-likelihood at step 3: -5223.515
Partition-specific rates:  0.762 0.712 1.525
Parameters optimization took 2 rounds (0.264 sec)

Computing ML distances based on estimated model parameters... 0.001 sec
Computing BIONJ tree...
0.114 seconds
Log-likelihood of BIONJ tree: -5223.515
--------------------------------------------------------------------
|             INITIALIZING CANDIDATE TREE SET                      |
--------------------------------------------------------------------
Generating 99 parsimony trees... 1.965 second
Computing log-likelihood of 6 initial trees ... 0.831 seconds
Current best score: -5223.515

Do NNI search on 7 best initial trees
Finish initializing candidate tree set (7)
Current best tree score: -5223.515 / CPU time: 6.525
Number of iterations: 7
--------------------------------------------------------------------
|               OPTIMIZING CANDIDATE TREE SET                      |
--------------------------------------------------------------------
Iteration 10 / LogL: -5223.519 / Time: 0h:0m:11s
UPDATE BEST LOG-LIKELIHOOD: -5223.515
Iteration 20 / LogL: -5223.515 / Time: 0h:0m:23s
Iteration 30 / LogL: -5223.519 / Time: 0h:0m:33s (0h:1m:19s left)
Iteration 40 / LogL: -5223.519 / Time: 0h:0m:49s (0h:1m:15s left)
Iteration 50 / LogL: -5223.515 / Time: 0h:1m:6s (0h:1m:7s left)
Log-likelihood cutoff on original alignment: -5256.774
Iteration 60 / LogL: -5223.515 / Time: 0h:1m:23s (0h:0m:56s left)
Iteration 70 / LogL: -5223.515 / Time: 0h:1m:37s (0h:0m:42s left)
Iteration 80 / LogL: -5223.518 / Time: 0h:1m:54s (0h:0m:28s left)
Iteration 90 / LogL: -5225.486 / Time: 0h:2m:11s (0h:0m:14s left)
Iteration 100 / LogL: -5223.515 / Time: 0h:2m:25s (0h:0m:0s left)
Log-likelihood cutoff on original alignment: -5256.774
NOTE: Bootstrap correlation coefficient of split occurrence frequencies: 1.000
TREE SEARCH COMPLETED AFTER 101 ITERATIONS / Time: 0h:2m:28s

--------------------------------------------------------------------
|                    FINALIZING TREE SEARCH                        |
--------------------------------------------------------------------
Performs final model parameters optimization
Estimate model parameters (epsilon = 0.010)
Initial log-likelihood: -5223.515
Current log-likelihood at step 1: -5223.514
Partition-specific rates:  0.761 0.713 1.526
Parameters optimization took 0 rounds (0.099 sec)

BEST SCORE FOUND : -5223.514
Creating bootstrap support values...
Split supports printed to NEXUS file examples/Acropora//aln_seqs/led4916.nt.aln.nex.splits.nex
Total tree length: 0.092

Total number of iterations: 101
CPU time used for tree search: 3.762 sec (0h:0m:3s)
Wall-clock time used for tree search: 146.108 sec (0h:2m:26s)
Total CPU time used: 3.867 sec (0h:0m:3s)
Total wall-clock time used: 149.749 sec (0h:2m:29s)

Computing bootstrap consensus tree...
Reading input file examples/Acropora//aln_seqs/led4916.nt.aln.nex.splits.nex...
5 taxa and 11 splits.
Consensus tree written to examples/Acropora//aln_seqs/led4916.nt.aln.nex.contree
Reading input trees file examples/Acropora//aln_seqs/led4916.nt.aln.nex.contree
Log-likelihood of consensus tree: -5223.514

Analysis results written to: 
  IQ-TREE report:                examples/Acropora//aln_seqs/led4916.nt.aln.nex.iqtree
  Maximum-likelihood tree:       examples/Acropora//aln_seqs/led4916.nt.aln.nex.treefile
  Likelihood distances:          examples/Acropora//aln_seqs/led4916.nt.aln.nex.mldist
  Best partitioning scheme:      examples/Acropora//aln_seqs/led4916.nt.aln.nex.best_scheme.nex
           in RAxML format:      examples/Acropora//aln_seqs/led4916.nt.aln.nex.best_scheme

Ultrafast bootstrap approximation results written to:
  Split support values:          examples/Acropora//aln_seqs/led4916.nt.aln.nex.splits.nex
  Consensus tree:                examples/Acropora//aln_seqs/led4916.nt.aln.nex.contree
  Screen log file:               examples/Acropora//aln_seqs/led4916.nt.aln.nex.log

Date and Time: Sat Jan 12 16:06:25 2019
