IQ-TREE multicore version 1.6.8 for Linux 64-bit built Oct 28 2018
Developed by Bui Quang Minh, Nguyen Lam Tung, Olga Chernomor,
Heiko Schmidt, Dominik Schrempf, Michael Woodhams.

Host:    sango10206.oist.jp (AVX2, FMA3, 125 GB RAM)
Command: iqtree -s examples/Acropora//aln_seqs/led4554.nt.aln -bb 1000 -redo -nt 3 -spp examples/Acropora//aln_seqs/led4554.nt.aln.nex -m MFPMERGE
Seed:    985473 (Using SPRNG - Scalable Parallel Random Number Generator)
Time:    Sat Jan 12 16:15:05 2019
Kernel:  AVX+FMA - 3 threads (24 CPU cores detected)

Reading partition model file examples/Acropora//aln_seqs/led4554.nt.aln.nex ...
Reading alignment file examples/Acropora//aln_seqs/led4554.nt.aln ... Fasta format detected
Alignment most likely contains DNA/RNA sequences
Alignment has 5 sequences with 2211 columns, 109 distinct patterns
22 parsimony-informative, 140 singleton sites, 2049 constant sites
                          Gap/Ambiguity  Composition  p-value
   1  Adif_sc0000026.g130.t1      2.85%    passed     99.77%
   2  Aech_sc0000251.g25264.t1    7.73%    passed     99.19%
   3  Agem_sc0000057.g15888.t1   40.84%    passed     73.52%
   4  Asub_sc0000464.g9624.t1     0.14%    passed     98.61%
   5  Aten_sc0000081.g595.t1      2.44%    passed     98.42%
****  TOTAL                      10.80%  0 sequences failed composition chi2 test (p-value<5%; df=3)
NOTE: No CharPartition defined, use all CharSets

Loading 3 partitions...
Subset	Type	Seqs	Sites	Infor	Invar	Model	Name
1		5	737	6	683	MFPMERGE	p1
2		5	737	6	702	MFPMERGE	p2
3		5	737	10	664	MFPMERGE	p3
Degree of missing data: 0.000
Info: multi-threading strategy over partitions



Create initial parsimony tree by phylogenetic likelihood library (PLL)... 0.000 seconds
NOTE: ModelFinder requires 1 MB RAM!
Testing GTR+F+G on supermatrix...
WARNING: Number of threads seems too high for short alignments. Use -nt AUTO to determine best number of threads.
GTR+F+G4 / LnL: -4022.393 / df: 16 / AIC: 8076.786 / AICc: 8077.034 / BIC: 8168.005
Selecting individual models for 3 charsets using BIC...
 No. Model        Score       Charset
   1 HKY+F        2853.614    p3
   2 F81+F        2703.911    p1
   3 HKY+F+I      2451.392    p2
Full partition model BIC score: 8071.603 (LnL: -3954.939  df:21)
Merging models to increase model fit (about 7 total partition schemes)...
   4 HKY+F        8104.975    p1+p3
   5 HKY+F        8081.219    p2+p3
   6 HKY+F        8126.901    p1+p2
BEST-FIT PARTITION MODEL: 
  charpartition BIC = F81+F: p1, HKY+F+I: p2, HKY+F: p3;
Agglomerative model selection: (p1,p2,p3)
Partition information was printed to examples/Acropora//aln_seqs/led4554.nt.aln.nex.best_scheme.nex
Partition information in Raxml format was printed to examples/Acropora//aln_seqs/led4554.nt.aln.nex.best_scheme

All model information printed to examples/Acropora//aln_seqs/led4554.nt.aln.nex.model.gz
CPU time for ModelFinder: 0.723 seconds (0h:0m:0s)
Wall-clock time for ModelFinder: 21.163 seconds (0h:0m:21s)
Generating 1000 samples for ultrafast bootstrap (seed: 985473)...

NOTE: 0 MB RAM (0 GB) is required!
WARNING: Number of threads seems too high for short alignments. Use -nt AUTO to determine best number of threads.
Estimate model parameters (epsilon = 0.100)
Initial log-likelihood: -3986.914
Current log-likelihood at step 1: -3969.465
Current log-likelihood at step 2: -3967.326
Current log-likelihood at step 3: -3965.079
Current log-likelihood at step 4: -3962.735
Current log-likelihood at step 5: -3957.795
Current log-likelihood at step 6: -3954.938
Current log-likelihood at step 7: -3954.935
Partition-specific rates:  0.955 0.731 1.313
Parameters optimization took 6 rounds (0.547 sec)

Computing ML distances based on estimated model parameters... 0.000 sec
Computing BIONJ tree...
0.022 seconds
Log-likelihood of BIONJ tree: -3954.935
--------------------------------------------------------------------
|             INITIALIZING CANDIDATE TREE SET                      |
--------------------------------------------------------------------
Generating 99 parsimony trees... 1.882 second
Computing log-likelihood of 4 initial trees ... 0.717 seconds
Current best score: -3954.935

Do NNI search on 5 best initial trees
Finish initializing candidate tree set (5)
Current best tree score: -3954.935 / CPU time: 5.706
Number of iterations: 5
--------------------------------------------------------------------
|               OPTIMIZING CANDIDATE TREE SET                      |
--------------------------------------------------------------------
Iteration 10 / LogL: -3954.935 / Time: 0h:0m:14s
Iteration 20 / LogL: -3954.935 / Time: 0h:0m:30s
Iteration 30 / LogL: -3954.935 / Time: 0h:0m:48s (0h:1m:56s left)
Iteration 40 / LogL: -3954.935 / Time: 0h:1m:4s (0h:1m:38s left)
Iteration 50 / LogL: -3961.896 / Time: 0h:1m:14s (0h:1m:16s left)
Log-likelihood cutoff on original alignment: -3976.642
Iteration 60 / LogL: -3954.943 / Time: 0h:1m:24s (0h:0m:57s left)
Iteration 70 / LogL: -3954.941 / Time: 0h:1m:35s (0h:0m:41s left)
Iteration 80 / LogL: -3954.935 / Time: 0h:1m:48s (0h:0m:27s left)
Iteration 90 / LogL: -3954.935 / Time: 0h:2m:1s (0h:0m:13s left)
Iteration 100 / LogL: -3954.941 / Time: 0h:2m:15s (0h:0m:0s left)
Log-likelihood cutoff on original alignment: -3976.628
NOTE: Bootstrap correlation coefficient of split occurrence frequencies: 1.000
TREE SEARCH COMPLETED AFTER 101 ITERATIONS / Time: 0h:2m:16s

--------------------------------------------------------------------
|                    FINALIZING TREE SEARCH                        |
--------------------------------------------------------------------
Performs final model parameters optimization
Estimate model parameters (epsilon = 0.010)
Initial log-likelihood: -3954.935
Current log-likelihood at step 1: -3954.934
Partition-specific rates:  0.955 0.731 1.313
Parameters optimization took 0 rounds (0.071 sec)

BEST SCORE FOUND : -3954.934
Creating bootstrap support values...
Split supports printed to NEXUS file examples/Acropora//aln_seqs/led4554.nt.aln.nex.splits.nex
Total tree length: 0.087

Total number of iterations: 101
CPU time used for tree search: 4.263 sec (0h:0m:4s)
Wall-clock time used for tree search: 134.539 sec (0h:2m:14s)
Total CPU time used: 4.365 sec (0h:0m:4s)
Total wall-clock time used: 138.222 sec (0h:2m:18s)

Computing bootstrap consensus tree...
Reading input file examples/Acropora//aln_seqs/led4554.nt.aln.nex.splits.nex...
5 taxa and 10 splits.
Consensus tree written to examples/Acropora//aln_seqs/led4554.nt.aln.nex.contree
Reading input trees file examples/Acropora//aln_seqs/led4554.nt.aln.nex.contree
Log-likelihood of consensus tree: -3954.934

Analysis results written to: 
  IQ-TREE report:                examples/Acropora//aln_seqs/led4554.nt.aln.nex.iqtree
  Maximum-likelihood tree:       examples/Acropora//aln_seqs/led4554.nt.aln.nex.treefile
  Likelihood distances:          examples/Acropora//aln_seqs/led4554.nt.aln.nex.mldist
  Best partitioning scheme:      examples/Acropora//aln_seqs/led4554.nt.aln.nex.best_scheme.nex
           in RAxML format:      examples/Acropora//aln_seqs/led4554.nt.aln.nex.best_scheme

Ultrafast bootstrap approximation results written to:
  Split support values:          examples/Acropora//aln_seqs/led4554.nt.aln.nex.splits.nex
  Consensus tree:                examples/Acropora//aln_seqs/led4554.nt.aln.nex.contree
  Screen log file:               examples/Acropora//aln_seqs/led4554.nt.aln.nex.log

Date and Time: Sat Jan 12 16:17:46 2019
