IQ-TREE multicore version 1.6.8 for Linux 64-bit built Oct 28 2018
Developed by Bui Quang Minh, Nguyen Lam Tung, Olga Chernomor,
Heiko Schmidt, Dominik Schrempf, Michael Woodhams.

Host:    sango10206.oist.jp (AVX2, FMA3, 125 GB RAM)
Command: iqtree -s examples/Acropora//aln_seqs/led4226.nt.aln -bb 1000 -redo -nt 3 -spp examples/Acropora//aln_seqs/led4226.nt.aln.nex -m MFPMERGE
Seed:    296495 (Using SPRNG - Scalable Parallel Random Number Generator)
Time:    Sat Jan 12 16:42:12 2019
Kernel:  AVX+FMA - 3 threads (24 CPU cores detected)

Reading partition model file examples/Acropora//aln_seqs/led4226.nt.aln.nex ...
Reading alignment file examples/Acropora//aln_seqs/led4226.nt.aln ... Fasta format detected
Alignment most likely contains DNA/RNA sequences
Alignment has 5 sequences with 660 columns, 31 distinct patterns
6 parsimony-informative, 28 singleton sites, 626 constant sites
                          Gap/Ambiguity  Composition  p-value
   1  Adif_sc0000018.g243.t1      1.36%    passed     99.75%
   2  Aech_sc0000159.g27597.t1    1.36%    passed     99.17%
   3  Agem_sc0000013.g30616.t1    0.00%    passed     99.44%
   4  Asub_sc0000007.g24012.t1    1.36%    passed     99.73%
   5  Aten_sc0000183.g225.t1      1.36%    passed     99.99%
****  TOTAL                       1.09%  0 sequences failed composition chi2 test (p-value<5%; df=3)
NOTE: No CharPartition defined, use all CharSets

Loading 3 partitions...
Subset	Type	Seqs	Sites	Infor	Invar	Model	Name
1		5	220	1	209	MFPMERGE	p1
2		5	220	2	214	MFPMERGE	p2
3		5	220	3	203	MFPMERGE	p3
Degree of missing data: 0.000
Info: multi-threading strategy over partitions



Create initial parsimony tree by phylogenetic likelihood library (PLL)... 0.000 seconds
NOTE: ModelFinder requires 0 MB RAM!
Testing GTR+F+G on supermatrix...
WARNING: Number of threads seems too high for short alignments. Use -nt AUTO to determine best number of threads.
GTR+F+G4 / LnL: -1130.143 / df: 16 / AIC: 2292.286 / AICc: 2293.132 / BIC: 2364.162
Selecting individual models for 3 charsets using BIC...
 No. Model        Score       Charset
   1 JC           704.704     p2
   2 HKY+F        752.782     p1
   3 K2P          846.223     p3
Full partition model BIC score: 2351.450 (LnL: -1130.279  df:14)
Merging models to increase model fit (about 7 total partition schemes)...
   4 HKY+F        2351.977    p2+p3
   5 K2P          2343.447    p1+p2
   6 K2P          2337.116    p1+p3
Merging p1+p3 with BIC score: 2337.116 (LnL: -1139.343  df: 9)
   7 K2P          2335.409    p1+p2+p3
Merging p1+p2+p3 with BIC score: 2335.409 (LnL: -1141.736  df: 8)
BEST-FIT PARTITION MODEL: 
  charpartition BIC = K2P: p1 p2 p3;
Agglomerative model selection: ((p1,p3)1:2337.12,p2)2:2335.41
Merging into 1 partitions...
Partition information was printed to examples/Acropora//aln_seqs/led4226.nt.aln.nex.best_scheme.nex
Partition information in Raxml format was printed to examples/Acropora//aln_seqs/led4226.nt.aln.nex.best_scheme

All model information printed to examples/Acropora//aln_seqs/led4226.nt.aln.nex.model.gz
CPU time for ModelFinder: 0.586 seconds (0h:0m:0s)
Wall-clock time for ModelFinder: 24.631 seconds (0h:0m:24s)
Generating 1000 samples for ultrafast bootstrap (seed: 296495)...

NOTE: 0 MB RAM (0 GB) is required!
Estimate model parameters (epsilon = 0.100)
Initial log-likelihood: -1149.401
Current log-likelihood at step 1: -1145.864
Current log-likelihood at step 2: -1145.522
Current log-likelihood at step 3: -1145.168
Current log-likelihood at step 4: -1144.804
Current log-likelihood at step 5: -1144.430
Current log-likelihood at step 6: -1144.051
Current log-likelihood at step 7: -1141.736
Current log-likelihood at step 8: -1141.735
Partition-specific rates:  1.000
Parameters optimization took 7 rounds (1.466 sec)

Computing ML distances based on estimated model parameters... 0.000 sec
Computing BIONJ tree...
0.238 seconds
Log-likelihood of BIONJ tree: -1141.735
--------------------------------------------------------------------
|             INITIALIZING CANDIDATE TREE SET                      |
--------------------------------------------------------------------
Generating 99 parsimony trees... 1.267 second
Computing log-likelihood of 4 initial trees ... 1.055 seconds
Current best score: -1141.735

Do NNI search on 5 best initial trees
Finish initializing candidate tree set (5)
Current best tree score: -1141.735 / CPU time: 5.365
Number of iterations: 5
--------------------------------------------------------------------
|               OPTIMIZING CANDIDATE TREE SET                      |
--------------------------------------------------------------------
Iteration 10 / LogL: -1147.375 / Time: 0h:0m:11s
Iteration 20 / LogL: -1141.735 / Time: 0h:0m:20s
Iteration 30 / LogL: -1141.735 / Time: 0h:0m:28s (0h:1m:8s left)
Iteration 40 / LogL: -1141.735 / Time: 0h:0m:42s (0h:1m:4s left)
Iteration 50 / LogL: -1141.735 / Time: 0h:0m:51s (0h:0m:52s left)
Log-likelihood cutoff on original alignment: -1169.208
Iteration 60 / LogL: -1141.735 / Time: 0h:1m:1s (0h:0m:41s left)
Iteration 70 / LogL: -1141.735 / Time: 0h:1m:10s (0h:0m:30s left)
Iteration 80 / LogL: -1141.735 / Time: 0h:1m:18s (0h:0m:19s left)
Iteration 90 / LogL: -1141.735 / Time: 0h:1m:25s (0h:0m:9s left)
Iteration 100 / LogL: -1141.735 / Time: 0h:1m:34s (0h:0m:0s left)
Log-likelihood cutoff on original alignment: -1168.905
NOTE: Bootstrap correlation coefficient of split occurrence frequencies: 1.000
TREE SEARCH COMPLETED AFTER 101 ITERATIONS / Time: 0h:1m:36s

--------------------------------------------------------------------
|                    FINALIZING TREE SEARCH                        |
--------------------------------------------------------------------
Performs final model parameters optimization
Estimate model parameters (epsilon = 0.010)
Initial log-likelihood: -1141.735
Current log-likelihood at step 1: -1141.735
Partition-specific rates:  1.000
Parameters optimization took 0 rounds (0.056 sec)

BEST SCORE FOUND : -1141.735
Creating bootstrap support values...
Split supports printed to NEXUS file examples/Acropora//aln_seqs/led4226.nt.aln.nex.splits.nex
Total tree length: 0.054

Total number of iterations: 101
CPU time used for tree search: 3.092 sec (0h:0m:3s)
Wall-clock time used for tree search: 93.248 sec (0h:1m:33s)
Total CPU time used: 3.228 sec (0h:0m:3s)
Total wall-clock time used: 97.486 sec (0h:1m:37s)

Computing bootstrap consensus tree...
Reading input file examples/Acropora//aln_seqs/led4226.nt.aln.nex.splits.nex...
5 taxa and 15 splits.
Consensus tree written to examples/Acropora//aln_seqs/led4226.nt.aln.nex.contree
Reading input trees file examples/Acropora//aln_seqs/led4226.nt.aln.nex.contree
Log-likelihood of consensus tree: -1141.735

Analysis results written to: 
  IQ-TREE report:                examples/Acropora//aln_seqs/led4226.nt.aln.nex.iqtree
  Maximum-likelihood tree:       examples/Acropora//aln_seqs/led4226.nt.aln.nex.treefile
  Likelihood distances:          examples/Acropora//aln_seqs/led4226.nt.aln.nex.mldist
  Best partitioning scheme:      examples/Acropora//aln_seqs/led4226.nt.aln.nex.best_scheme.nex
           in RAxML format:      examples/Acropora//aln_seqs/led4226.nt.aln.nex.best_scheme

Ultrafast bootstrap approximation results written to:
  Split support values:          examples/Acropora//aln_seqs/led4226.nt.aln.nex.splits.nex
  Consensus tree:                examples/Acropora//aln_seqs/led4226.nt.aln.nex.contree
  Screen log file:               examples/Acropora//aln_seqs/led4226.nt.aln.nex.log

Date and Time: Sat Jan 12 16:44:17 2019
