IQ-TREE multicore version 1.6.8 for Linux 64-bit built Oct 28 2018
Developed by Bui Quang Minh, Nguyen Lam Tung, Olga Chernomor,
Heiko Schmidt, Dominik Schrempf, Michael Woodhams.

Host:    sango10206.oist.jp (AVX2, FMA3, 125 GB RAM)
Command: iqtree -s examples/Acropora//aln_seqs/led5996.nt.aln -bb 1000 -redo -nt 3 -spp examples/Acropora//aln_seqs/led5996.nt.aln.nex -m MFPMERGE
Seed:    899492 (Using SPRNG - Scalable Parallel Random Number Generator)
Time:    Sat Jan 12 16:35:32 2019
Kernel:  AVX+FMA - 3 threads (24 CPU cores detected)

Reading partition model file examples/Acropora//aln_seqs/led5996.nt.aln.nex ...
Reading alignment file examples/Acropora//aln_seqs/led5996.nt.aln ... Fasta format detected
Alignment most likely contains DNA/RNA sequences
Alignment has 5 sequences with 1623 columns, 99 distinct patterns
48 parsimony-informative, 94 singleton sites, 1481 constant sites
                          Gap/Ambiguity  Composition  p-value
   1  Adif_sc0000078.g24.t1       2.59%    passed     98.46%
   2  Aech_sc0000097.g23282.t1   21.63%    passed     59.31%
   3  Agem_sc0000214.g9207.t1     1.85%    passed     94.82%
   4  Asub_sc0000092.g17885.t1    2.22%    passed     97.47%
   5  Aten_sc0000169.g57.t1       2.03%    passed     99.92%
****  TOTAL                       6.06%  0 sequences failed composition chi2 test (p-value<5%; df=3)
NOTE: No CharPartition defined, use all CharSets

Loading 3 partitions...
Subset	Type	Seqs	Sites	Infor	Invar	Model	Name
1		5	541	21	496	MFPMERGE	p1
2		5	541	10	513	MFPMERGE	p2
3		5	541	17	472	MFPMERGE	p3
Degree of missing data: 0.000
Info: multi-threading strategy over partitions



Create initial parsimony tree by phylogenetic likelihood library (PLL)... 0.000 seconds
NOTE: ModelFinder requires 0 MB RAM!
Testing GTR+F+G on supermatrix...
WARNING: Number of threads seems too high for short alignments. Use -nt AUTO to determine best number of threads.
GTR+F+G4 / LnL: -3160.193 / df: 16 / AIC: 6352.386 / AICc: 6352.725 / BIC: 6438.658
Selecting individual models for 3 charsets using BIC...
 No. Model        Score       Charset
   1 F81+F        2055.487    p1
   2 HKY+F+I      2354.967    p3
   3 JC+I         1906.004    p2
Full partition model BIC score: 6373.993 (LnL: -3120.468  df:18)
Merging models to increase model fit (about 7 total partition schemes)...
   4 HKY+F+I      6410.018    p1+p3
   5 JC+I         6380.983    p1+p2
   6 HKY+F+I      6394.832    p2+p3
BEST-FIT PARTITION MODEL: 
  charpartition BIC = F81+F: p1, JC+I: p2, HKY+F+I: p3;
Agglomerative model selection: (p1,p2,p3)
Partition information was printed to examples/Acropora//aln_seqs/led5996.nt.aln.nex.best_scheme.nex
Partition information in Raxml format was printed to examples/Acropora//aln_seqs/led5996.nt.aln.nex.best_scheme

All model information printed to examples/Acropora//aln_seqs/led5996.nt.aln.nex.model.gz
CPU time for ModelFinder: 1.786 seconds (0h:0m:1s)
Wall-clock time for ModelFinder: 59.231 seconds (0h:0m:59s)
Generating 1000 samples for ultrafast bootstrap (seed: 899492)...

NOTE: 0 MB RAM (0 GB) is required!
WARNING: Number of threads seems too high for short alignments. Use -nt AUTO to determine best number of threads.
Estimate model parameters (epsilon = 0.100)
Initial log-likelihood: -3146.254
Current log-likelihood at step 1: -3120.592
Current log-likelihood at step 2: -3120.381
Current log-likelihood at step 3: -3120.380
Partition-specific rates:  0.780 0.622 1.599
Parameters optimization took 2 rounds (0.259 sec)

Computing ML distances based on estimated model parameters... 0.000 sec
Computing BIONJ tree...
0.003 seconds
Log-likelihood of BIONJ tree: -3120.380
--------------------------------------------------------------------
|             INITIALIZING CANDIDATE TREE SET                      |
--------------------------------------------------------------------
Generating 99 parsimony trees... 2.136 second
Computing log-likelihood of 4 initial trees ... 0.512 seconds
Current best score: -3120.380

Do NNI search on 5 best initial trees
Finish initializing candidate tree set (5)
Current best tree score: -3120.380 / CPU time: 5.857
Number of iterations: 5
--------------------------------------------------------------------
|               OPTIMIZING CANDIDATE TREE SET                      |
--------------------------------------------------------------------
Iteration 10 / LogL: -3121.329 / Time: 0h:0m:11s
UPDATE BEST LOG-LIKELIHOOD: -3120.380
Iteration 20 / LogL: -3120.380 / Time: 0h:0m:18s
Iteration 30 / LogL: -3224.221 / Time: 0h:0m:26s (0h:1m:3s left)
Iteration 40 / LogL: -3120.380 / Time: 0h:0m:34s (0h:0m:52s left)
Iteration 50 / LogL: -3120.385 / Time: 0h:0m:41s (0h:0m:41s left)
Log-likelihood cutoff on original alignment: -3122.046
Iteration 60 / LogL: -3120.380 / Time: 0h:0m:48s (0h:0m:33s left)
Iteration 70 / LogL: -3120.385 / Time: 0h:0m:59s (0h:0m:25s left)
Iteration 80 / LogL: -3120.383 / Time: 0h:1m:11s (0h:0m:18s left)
Iteration 90 / LogL: -3120.385 / Time: 0h:1m:20s (0h:0m:9s left)
Iteration 100 / LogL: -3224.224 / Time: 0h:1m:30s (0h:0m:0s left)
Log-likelihood cutoff on original alignment: -3122.046
NOTE: Bootstrap correlation coefficient of split occurrence frequencies: 1.000
TREE SEARCH COMPLETED AFTER 101 ITERATIONS / Time: 0h:1m:32s

--------------------------------------------------------------------
|                    FINALIZING TREE SEARCH                        |
--------------------------------------------------------------------
Performs final model parameters optimization
Estimate model parameters (epsilon = 0.010)
Initial log-likelihood: -3120.380
Current log-likelihood at step 1: -3120.380
Partition-specific rates:  0.780 0.621 1.599
Parameters optimization took 0 rounds (0.049 sec)

BEST SCORE FOUND : -3120.380
Creating bootstrap support values...
Split supports printed to NEXUS file examples/Acropora//aln_seqs/led5996.nt.aln.nex.splits.nex
Total tree length: 0.124

Total number of iterations: 101
CPU time used for tree search: 3.306 sec (0h:0m:3s)
Wall-clock time used for tree search: 90.912 sec (0h:1m:30s)
Total CPU time used: 3.391 sec (0h:0m:3s)
Total wall-clock time used: 93.753 sec (0h:1m:33s)

Computing bootstrap consensus tree...
Reading input file examples/Acropora//aln_seqs/led5996.nt.aln.nex.splits.nex...
5 taxa and 9 splits.
Consensus tree written to examples/Acropora//aln_seqs/led5996.nt.aln.nex.contree
Reading input trees file examples/Acropora//aln_seqs/led5996.nt.aln.nex.contree
Log-likelihood of consensus tree: -3120.380

Analysis results written to: 
  IQ-TREE report:                examples/Acropora//aln_seqs/led5996.nt.aln.nex.iqtree
  Maximum-likelihood tree:       examples/Acropora//aln_seqs/led5996.nt.aln.nex.treefile
  Likelihood distances:          examples/Acropora//aln_seqs/led5996.nt.aln.nex.mldist
  Best partitioning scheme:      examples/Acropora//aln_seqs/led5996.nt.aln.nex.best_scheme.nex
           in RAxML format:      examples/Acropora//aln_seqs/led5996.nt.aln.nex.best_scheme

Ultrafast bootstrap approximation results written to:
  Split support values:          examples/Acropora//aln_seqs/led5996.nt.aln.nex.splits.nex
  Consensus tree:                examples/Acropora//aln_seqs/led5996.nt.aln.nex.contree
  Screen log file:               examples/Acropora//aln_seqs/led5996.nt.aln.nex.log

Date and Time: Sat Jan 12 16:38:08 2019
