IQ-TREE multicore version 1.6.8 for Linux 64-bit built Oct 28 2018
Developed by Bui Quang Minh, Nguyen Lam Tung, Olga Chernomor,
Heiko Schmidt, Dominik Schrempf, Michael Woodhams.

Host:    sango10206.oist.jp (AVX2, FMA3, 125 GB RAM)
Command: iqtree -s examples/Acropora//aln_seqs/led5284.nt.aln -bb 1000 -redo -nt 3 -spp examples/Acropora//aln_seqs/led5284.nt.aln.nex -m MFPMERGE
Seed:    878229 (Using SPRNG - Scalable Parallel Random Number Generator)
Time:    Sat Jan 12 16:13:47 2019
Kernel:  AVX+FMA - 3 threads (24 CPU cores detected)

Reading partition model file examples/Acropora//aln_seqs/led5284.nt.aln.nex ...
Reading alignment file examples/Acropora//aln_seqs/led5284.nt.aln ... Fasta format detected
Alignment most likely contains DNA/RNA sequences
Alignment has 5 sequences with 3453 columns, 130 distinct patterns
31 parsimony-informative, 197 singleton sites, 3225 constant sites
                          Gap/Ambiguity  Composition  p-value
   1  Adif_sc0000048.g287.t1     19.46%    passed     88.53%
   2  Aech_sc0000056.g21721.t1   10.77%    passed     93.01%
   3  Agem_sc0000007.g23872.t1    1.39%    passed     96.96%
   4  Asub_sc0000022.g5441.t1    30.15%    passed     65.49%
   5  Aten_sc0000014.g66.t1       8.69%    passed     94.61%
****  TOTAL                      14.09%  0 sequences failed composition chi2 test (p-value<5%; df=3)
NOTE: No CharPartition defined, use all CharSets

Loading 3 partitions...
Subset	Type	Seqs	Sites	Infor	Invar	Model	Name
1		5	1151	6	1095	MFPMERGE	p1
2		5	1151	2	1120	MFPMERGE	p2
3		5	1151	23	1010	MFPMERGE	p3
Degree of missing data: 0.000
Info: multi-threading strategy over partitions



Create initial parsimony tree by phylogenetic likelihood library (PLL)... 0.000 seconds
NOTE: ModelFinder requires 1 MB RAM!
Testing GTR+F+G on supermatrix...
WARNING: Number of threads seems too high for short alignments. Use -nt AUTO to determine best number of threads.
GTR+F+G4 / LnL: -6189.408 / df: 16 / AIC: 12410.816 / AICc: 12410.974 / BIC: 12509.168
Selecting individual models for 3 charsets using BIC...
 No. Model        Score       Charset
   1 F81+F        3553.452    p2
   2 F81+F        3825.420    p1
   3 K2P+I        4867.871    p3
Full partition model BIC score: 12307.710 (LnL: -6084.605  df:17)
Merging models to increase model fit (about 7 total partition schemes)...
   4 F81+F        12382.830   p1+p2
   5 HKY+F+I      12390.806   p2+p3
   6 HKY+F+I      12411.602   p1+p3
BEST-FIT PARTITION MODEL: 
  charpartition BIC = F81+F: p1, F81+F: p2, K2P+I: p3;
Agglomerative model selection: (p1,p2,p3)
Partition information was printed to examples/Acropora//aln_seqs/led5284.nt.aln.nex.best_scheme.nex
Partition information in Raxml format was printed to examples/Acropora//aln_seqs/led5284.nt.aln.nex.best_scheme

All model information printed to examples/Acropora//aln_seqs/led5284.nt.aln.nex.model.gz
CPU time for ModelFinder: 0.890 seconds (0h:0m:0s)
Wall-clock time for ModelFinder: 31.006 seconds (0h:0m:31s)
Generating 1000 samples for ultrafast bootstrap (seed: 878229)...

NOTE: 0 MB RAM (0 GB) is required!
WARNING: Number of threads seems too high for short alignments. Use -nt AUTO to determine best number of threads.
Estimate model parameters (epsilon = 0.100)
Initial log-likelihood: -6179.423
Current log-likelihood at step 1: -6095.416
Current log-likelihood at step 2: -6084.640
Current log-likelihood at step 3: -6084.601
Partition-specific rates:  0.651 0.357 1.992
Parameters optimization took 2 rounds (0.295 sec)

Computing ML distances based on estimated model parameters... 0.001 sec
Computing BIONJ tree...
0.013 seconds
Log-likelihood of BIONJ tree: -6084.601
--------------------------------------------------------------------
|             INITIALIZING CANDIDATE TREE SET                      |
--------------------------------------------------------------------
Generating 99 parsimony trees... 2.169 second
Computing log-likelihood of 4 initial trees ... 0.912 seconds
Current best score: -6084.601

Do NNI search on 5 best initial trees
Finish initializing candidate tree set (5)
Current best tree score: -6084.601 / CPU time: 6.112
Number of iterations: 5
--------------------------------------------------------------------
|               OPTIMIZING CANDIDATE TREE SET                      |
--------------------------------------------------------------------
UPDATE BEST LOG-LIKELIHOOD: -6084.601
UPDATE BEST LOG-LIKELIHOOD: -6084.601
Iteration 10 / LogL: -6084.601 / Time: 0h:0m:14s
Iteration 20 / LogL: -6084.604 / Time: 0h:0m:24s
Iteration 30 / LogL: -6084.605 / Time: 0h:0m:41s (0h:1m:39s left)
Iteration 40 / LogL: -6084.605 / Time: 0h:0m:58s (0h:1m:29s left)
Iteration 50 / LogL: -6084.605 / Time: 0h:1m:13s (0h:1m:14s left)
Log-likelihood cutoff on original alignment: -6110.426
Iteration 60 / LogL: -6084.601 / Time: 0h:1m:22s (0h:0m:55s left)
Iteration 70 / LogL: -6084.601 / Time: 0h:1m:32s (0h:0m:40s left)
Iteration 80 / LogL: -6084.605 / Time: 0h:1m:48s (0h:0m:27s left)
Iteration 90 / LogL: -6084.601 / Time: 0h:2m:1s (0h:0m:13s left)
Iteration 100 / LogL: -6084.601 / Time: 0h:2m:14s (0h:0m:0s left)
Log-likelihood cutoff on original alignment: -6110.432
NOTE: Bootstrap correlation coefficient of split occurrence frequencies: 1.000
TREE SEARCH COMPLETED AFTER 101 ITERATIONS / Time: 0h:2m:17s

--------------------------------------------------------------------
|                    FINALIZING TREE SEARCH                        |
--------------------------------------------------------------------
Performs final model parameters optimization
Estimate model parameters (epsilon = 0.010)
Initial log-likelihood: -6084.601
Current log-likelihood at step 1: -6084.600
Partition-specific rates:  0.651 0.357 1.992
Parameters optimization took 0 rounds (0.095 sec)

BEST SCORE FOUND : -6084.600
Creating bootstrap support values...
Split supports printed to NEXUS file examples/Acropora//aln_seqs/led5284.nt.aln.nex.splits.nex
Total tree length: 0.098

Total number of iterations: 101
CPU time used for tree search: 4.224 sec (0h:0m:4s)
Wall-clock time used for tree search: 133.781 sec (0h:2m:13s)
Total CPU time used: 4.322 sec (0h:0m:4s)
Total wall-clock time used: 138.925 sec (0h:2m:18s)

Computing bootstrap consensus tree...
Reading input file examples/Acropora//aln_seqs/led5284.nt.aln.nex.splits.nex...
5 taxa and 14 splits.
Consensus tree written to examples/Acropora//aln_seqs/led5284.nt.aln.nex.contree
Reading input trees file examples/Acropora//aln_seqs/led5284.nt.aln.nex.contree
Log-likelihood of consensus tree: -6084.600

Analysis results written to: 
  IQ-TREE report:                examples/Acropora//aln_seqs/led5284.nt.aln.nex.iqtree
  Maximum-likelihood tree:       examples/Acropora//aln_seqs/led5284.nt.aln.nex.treefile
  Likelihood distances:          examples/Acropora//aln_seqs/led5284.nt.aln.nex.mldist
  Best partitioning scheme:      examples/Acropora//aln_seqs/led5284.nt.aln.nex.best_scheme.nex
           in RAxML format:      examples/Acropora//aln_seqs/led5284.nt.aln.nex.best_scheme

Ultrafast bootstrap approximation results written to:
  Split support values:          examples/Acropora//aln_seqs/led5284.nt.aln.nex.splits.nex
  Consensus tree:                examples/Acropora//aln_seqs/led5284.nt.aln.nex.contree
  Screen log file:               examples/Acropora//aln_seqs/led5284.nt.aln.nex.log

Date and Time: Sat Jan 12 16:16:40 2019
