IQ-TREE multicore version 1.6.8 for Linux 64-bit built Oct 28 2018
Developed by Bui Quang Minh, Nguyen Lam Tung, Olga Chernomor,
Heiko Schmidt, Dominik Schrempf, Michael Woodhams.

Host:    sango10206.oist.jp (AVX2, FMA3, 125 GB RAM)
Command: iqtree -s examples/Acropora//aln_seqs/led5518.nt.aln -bb 1000 -redo -nt 3 -spp examples/Acropora//aln_seqs/led5518.nt.aln.nex -m MFPMERGE
Seed:    618046 (Using SPRNG - Scalable Parallel Random Number Generator)
Time:    Sat Jan 12 16:06:16 2019
Kernel:  AVX+FMA - 3 threads (24 CPU cores detected)

Reading partition model file examples/Acropora//aln_seqs/led5518.nt.aln.nex ...
Reading alignment file examples/Acropora//aln_seqs/led5518.nt.aln ... Fasta format detected
Alignment most likely contains DNA/RNA sequences
Alignment has 5 sequences with 4737 columns, 186 distinct patterns
68 parsimony-informative, 469 singleton sites, 4200 constant sites
                         Gap/Ambiguity  Composition  p-value
   1  Adif_sc0000055.g61.t1     25.33%    passed     93.92%
   2  Aech_sc0000108.g1751.t1   30.84%    passed     96.46%
   3  Agem_sc0000118.g7620.t1   32.24%    passed     99.83%
   4  Asub_sc0000344.g5052.t1    1.27%    passed     85.65%
   5  Aten_sc0000003.g474.t1    22.67%    passed     79.56%
****  TOTAL                     22.47%  0 sequences failed composition chi2 test (p-value<5%; df=3)
NOTE: No CharPartition defined, use all CharSets

Loading 3 partitions...
Subset	Type	Seqs	Sites	Infor	Invar	Model	Name
1		5	1579	15	1421	MFPMERGE	p1
2		5	1579	17	1442	MFPMERGE	p2
3		5	1579	36	1337	MFPMERGE	p3
Degree of missing data: 0.000
Info: multi-threading strategy over partitions



Create initial parsimony tree by phylogenetic likelihood library (PLL)... 0.000 seconds
NOTE: ModelFinder requires 2 MB RAM!
Testing GTR+F+G on supermatrix...
WARNING: Number of threads seems too high for short alignments. Use -nt AUTO to determine best number of threads.
GTR+F+G4 / LnL: -9595.612 / df: 16 / AIC: 19223.224 / AICc: 19223.340 / BIC: 19326.635
Selecting individual models for 3 charsets using BIC...
 No. Model        Score       Charset
   1 HKY+F        6123.297    p1
   2 HKY+F+I      5995.345    p2
   3 HKY+F+I      6865.594    p3
Full partition model BIC score: 19053.691 (LnL: -9429.519  df:23)
Merging models to increase model fit (about 7 total partition schemes)...
   4 HKY+F+I      19129.114   p1+p2
   5 HKY+F+I      19192.038   p1+p3
   6 HKY+F+I      19201.916   p2+p3
BEST-FIT PARTITION MODEL: 
  charpartition BIC = HKY+F: p1, HKY+F+I: p2, HKY+F+I: p3;
Agglomerative model selection: (p1,p2,p3)
Partition information was printed to examples/Acropora//aln_seqs/led5518.nt.aln.nex.best_scheme.nex
Partition information in Raxml format was printed to examples/Acropora//aln_seqs/led5518.nt.aln.nex.best_scheme

All model information printed to examples/Acropora//aln_seqs/led5518.nt.aln.nex.model.gz
CPU time for ModelFinder: 1.149 seconds (0h:0m:1s)
Wall-clock time for ModelFinder: 54.549 seconds (0h:0m:54s)
Generating 1000 samples for ultrafast bootstrap (seed: 618046)...

NOTE: 1 MB RAM (0 GB) is required!
WARNING: Number of threads seems too high for short alignments. Use -nt AUTO to determine best number of threads.
Estimate model parameters (epsilon = 0.100)
Initial log-likelihood: -9530.337
Current log-likelihood at step 1: -9477.210
Current log-likelihood at step 2: -9463.191
Current log-likelihood at step 3: -9447.938
Current log-likelihood at step 4: -9429.489
Current log-likelihood at step 5: -9429.383
Current log-likelihood at step 6: -9429.380
Partition-specific rates:  0.768 0.778 1.454
Parameters optimization took 5 rounds (1.374 sec)

Computing ML distances based on estimated model parameters... 0.000 sec
Computing BIONJ tree...
0.147 seconds
Log-likelihood of BIONJ tree: -9412.148
--------------------------------------------------------------------
|             INITIALIZING CANDIDATE TREE SET                      |
--------------------------------------------------------------------
Generating 98 parsimony trees... 2.860 second
Computing log-likelihood of 3 initial trees ... 1.041 seconds
Current best score: -9412.148

Do NNI search on 5 best initial trees
Finish initializing candidate tree set (5)
Current best tree score: -9412.148 / CPU time: 8.445
Number of iterations: 5
--------------------------------------------------------------------
|               OPTIMIZING CANDIDATE TREE SET                      |
--------------------------------------------------------------------
Iteration 10 / LogL: -9412.155 / Time: 0h:0m:20s
UPDATE BEST LOG-LIKELIHOOD: -9412.148
Iteration 20 / LogL: -9412.250 / Time: 0h:0m:37s
UPDATE BEST LOG-LIKELIHOOD: -9412.148
UPDATE BEST LOG-LIKELIHOOD: -9412.148
Iteration 30 / LogL: -9412.250 / Time: 0h:0m:49s (0h:1m:59s left)
Iteration 40 / LogL: -9412.163 / Time: 0h:1m:1s (0h:1m:34s left)
Iteration 50 / LogL: -9412.218 / Time: 0h:1m:11s (0h:1m:13s left)
Log-likelihood cutoff on original alignment: -9460.002
Iteration 60 / LogL: -9422.174 / Time: 0h:1m:23s (0h:0m:56s left)
Iteration 70 / LogL: -9412.148 / Time: 0h:1m:35s (0h:0m:41s left)
Iteration 80 / LogL: -9412.217 / Time: 0h:1m:52s (0h:0m:28s left)
Iteration 90 / LogL: -9412.150 / Time: 0h:2m:8s (0h:0m:14s left)
Iteration 100 / LogL: -9412.250 / Time: 0h:2m:22s (0h:0m:0s left)
Log-likelihood cutoff on original alignment: -9459.999
NOTE: Bootstrap correlation coefficient of split occurrence frequencies: 1.000
TREE SEARCH COMPLETED AFTER 101 ITERATIONS / Time: 0h:2m:25s

--------------------------------------------------------------------
|                    FINALIZING TREE SEARCH                        |
--------------------------------------------------------------------
Performs final model parameters optimization
Estimate model parameters (epsilon = 0.010)
Initial log-likelihood: -9412.148
Current log-likelihood at step 1: -9410.913
Current log-likelihood at step 2: -9410.857
Current log-likelihood at step 3: -9410.856
Partition-specific rates:  0.793 0.823 1.383
Parameters optimization took 2 rounds (0.346 sec)

BEST SCORE FOUND : -9410.856
Creating bootstrap support values...
Split supports printed to NEXUS file examples/Acropora//aln_seqs/led5518.nt.aln.nex.splits.nex
Total tree length: 0.184

Total number of iterations: 101
CPU time used for tree search: 4.238 sec (0h:0m:4s)
Wall-clock time used for tree search: 140.379 sec (0h:2m:20s)
Total CPU time used: 4.397 sec (0h:0m:4s)
Total wall-clock time used: 147.277 sec (0h:2m:27s)

Computing bootstrap consensus tree...
Reading input file examples/Acropora//aln_seqs/led5518.nt.aln.nex.splits.nex...
5 taxa and 11 splits.
Consensus tree written to examples/Acropora//aln_seqs/led5518.nt.aln.nex.contree
Reading input trees file examples/Acropora//aln_seqs/led5518.nt.aln.nex.contree
Log-likelihood of consensus tree: -9410.856

Analysis results written to: 
  IQ-TREE report:                examples/Acropora//aln_seqs/led5518.nt.aln.nex.iqtree
  Maximum-likelihood tree:       examples/Acropora//aln_seqs/led5518.nt.aln.nex.treefile
  Likelihood distances:          examples/Acropora//aln_seqs/led5518.nt.aln.nex.mldist
  Best partitioning scheme:      examples/Acropora//aln_seqs/led5518.nt.aln.nex.best_scheme.nex
           in RAxML format:      examples/Acropora//aln_seqs/led5518.nt.aln.nex.best_scheme

Ultrafast bootstrap approximation results written to:
  Split support values:          examples/Acropora//aln_seqs/led5518.nt.aln.nex.splits.nex
  Consensus tree:                examples/Acropora//aln_seqs/led5518.nt.aln.nex.contree
  Screen log file:               examples/Acropora//aln_seqs/led5518.nt.aln.nex.log

Date and Time: Sat Jan 12 16:09:41 2019
