IQ-TREE multicore version 1.6.8 for Linux 64-bit built Oct 28 2018
Developed by Bui Quang Minh, Nguyen Lam Tung, Olga Chernomor,
Heiko Schmidt, Dominik Schrempf, Michael Woodhams.

Host:    sango10206.oist.jp (AVX2, FMA3, 125 GB RAM)
Command: iqtree -s examples/Acropora//aln_seqs/led5139.nt.aln -bb 1000 -redo -nt 3 -spp examples/Acropora//aln_seqs/led5139.nt.aln.nex -m MFPMERGE
Seed:    391341 (Using SPRNG - Scalable Parallel Random Number Generator)
Time:    Sat Jan 12 16:38:18 2019
Kernel:  AVX+FMA - 3 threads (24 CPU cores detected)

Reading partition model file examples/Acropora//aln_seqs/led5139.nt.aln.nex ...
Reading alignment file examples/Acropora//aln_seqs/led5139.nt.aln ... Fasta format detected
Alignment most likely contains DNA/RNA sequences
Alignment has 5 sequences with 1854 columns, 153 distinct patterns
73 parsimony-informative, 167 singleton sites, 1614 constant sites
                          Gap/Ambiguity  Composition  p-value
   1  Adif_sc0000043.g362.t1      5.83%    passed     89.36%
   2  Aech_sc0000054.g11813.t1   46.60%    passed     92.66%
   3  Asub_sc0000020.g4144.t1    28.80%    passed     96.69%
   4  Aten_sc0000170.g468.t1     25.40%    passed     96.81%
   5  Agem_sc0000262.g28598.t1   42.07%    passed     76.39%
****  TOTAL                      29.74%  0 sequences failed composition chi2 test (p-value<5%; df=3)
NOTE: No CharPartition defined, use all CharSets

Loading 3 partitions...
Subset	Type	Seqs	Sites	Infor	Invar	Model	Name
1		5	618	29	544	MFPMERGE	p1
2		5	618	15	556	MFPMERGE	p2
3		5	618	29	514	MFPMERGE	p3
Degree of missing data: 0.000
Info: multi-threading strategy over partitions



Create initial parsimony tree by phylogenetic likelihood library (PLL)... 0.000 seconds
NOTE: ModelFinder requires 1 MB RAM!
Testing GTR+F+G on supermatrix...
WARNING: Number of threads seems too high for short alignments. Use -nt AUTO to determine best number of threads.
GTR+F+G4 / LnL: -3819.583 / df: 16 / AIC: 7671.166 / AICc: 7671.463 / BIC: 7759.568
Selecting individual models for 3 charsets using BIC...
 No. Model        Score       Charset
   1 F81+F        2476.888    p1
   2 K3Pu+F       2396.889    p2
   3 K2P          2812.152    p3
Full partition model BIC score: 7744.263 (LnL: -3804.406  df:18)
Merging models to increase model fit (about 7 total partition schemes)...
   4 HKY+F+I      7758.128    p1+p3
   5 F81+F+I      7735.789    p1+p2
   6 K3Pu+F+I     7736.999    p2+p3
Merging p1+p2 with BIC score: 7735.789 (LnL: -3818.981  df: 13)
   7 HKY+F+I      7734.890    p1+p2+p3
Merging p1+p2+p3 with BIC score: 7734.890 (LnL: -3822.295  df: 12)
BEST-FIT PARTITION MODEL: 
  charpartition BIC = HKY+F+I: p1 p2 p3;
Agglomerative model selection: ((p1,p2)1:7735.79,p3)2:7734.89
Merging into 1 partitions...
Partition information was printed to examples/Acropora//aln_seqs/led5139.nt.aln.nex.best_scheme.nex
Partition information in Raxml format was printed to examples/Acropora//aln_seqs/led5139.nt.aln.nex.best_scheme

All model information printed to examples/Acropora//aln_seqs/led5139.nt.aln.nex.model.gz
CPU time for ModelFinder: 1.080 seconds (0h:0m:1s)
Wall-clock time for ModelFinder: 37.475 seconds (0h:0m:37s)
Generating 1000 samples for ultrafast bootstrap (seed: 391341)...

NOTE: 0 MB RAM (0 GB) is required!
Estimate model parameters (epsilon = 0.100)
Initial log-likelihood: -3830.813
Current log-likelihood at step 1: -3822.300
Current log-likelihood at step 2: -3822.290
Partition-specific rates:  1.000
Parameters optimization took 1 rounds (0.436 sec)

Computing ML distances based on estimated model parameters... 0.000 sec
Computing BIONJ tree...
0.277 seconds
Log-likelihood of BIONJ tree: -3822.289
--------------------------------------------------------------------
|             INITIALIZING CANDIDATE TREE SET                      |
--------------------------------------------------------------------
Generating 98 parsimony trees... 1.320 second
Computing log-likelihood of 7 initial trees ... 0.748 seconds
Current best score: -3822.289

Do NNI search on 9 best initial trees
Finish initializing candidate tree set (9)
Current best tree score: -3822.289 / CPU time: 6.795
Number of iterations: 9
--------------------------------------------------------------------
|               OPTIMIZING CANDIDATE TREE SET                      |
--------------------------------------------------------------------
WARNING: NNI search needs unusual large number of steps (5) to converge!
Iteration 10 / LogL: -3822.289 / Time: 0h:0m:10s
WARNING: NNI search needs unusual large number of steps (5) to converge!
WARNING: NNI search needs unusual large number of steps (5) to converge!
WARNING: NNI search needs unusual large number of steps (5) to converge!
WARNING: NNI search needs unusual large number of steps (5) to converge!
WARNING: NNI search needs unusual large number of steps (5) to converge!
Iteration 20 / LogL: -3822.289 / Time: 0h:0m:18s
UPDATE BEST LOG-LIKELIHOOD: -3822.289
WARNING: NNI search needs unusual large number of steps (5) to converge!
UPDATE BEST LOG-LIKELIHOOD: -3822.289
WARNING: NNI search needs unusual large number of steps (5) to converge!
Iteration 30 / LogL: -3822.289 / Time: 0h:0m:31s (0h:1m:14s left)
WARNING: NNI search needs unusual large number of steps (5) to converge!
WARNING: NNI search needs unusual large number of steps (5) to converge!
Iteration 40 / LogL: -3822.289 / Time: 0h:0m:39s (0h:1m:0s left)
WARNING: NNI search needs unusual large number of steps (5) to converge!
WARNING: NNI search needs unusual large number of steps (5) to converge!
WARNING: NNI search needs unusual large number of steps (5) to converge!
Iteration 50 / LogL: -3822.289 / Time: 0h:0m:48s (0h:0m:49s left)
Log-likelihood cutoff on original alignment: -3826.910
WARNING: NNI search needs unusual large number of steps (5) to converge!
WARNING: NNI search needs unusual large number of steps (5) to converge!
WARNING: NNI search needs unusual large number of steps (5) to converge!
WARNING: NNI search needs unusual large number of steps (5) to converge!
Iteration 60 / LogL: -3822.289 / Time: 0h:1m:4s (0h:0m:43s left)
WARNING: NNI search needs unusual large number of steps (5) to converge!
WARNING: NNI search needs unusual large number of steps (5) to converge!
WARNING: NNI search needs unusual large number of steps (5) to converge!
Iteration 70 / LogL: -3822.289 / Time: 0h:1m:15s (0h:0m:32s left)
WARNING: NNI search needs unusual large number of steps (5) to converge!
WARNING: NNI search needs unusual large number of steps (5) to converge!
Iteration 80 / LogL: -3822.289 / Time: 0h:1m:23s (0h:0m:21s left)
WARNING: NNI search needs unusual large number of steps (5) to converge!
WARNING: NNI search needs unusual large number of steps (5) to converge!
WARNING: NNI search needs unusual large number of steps (5) to converge!
WARNING: NNI search needs unusual large number of steps (5) to converge!
Iteration 90 / LogL: -3822.289 / Time: 0h:1m:31s (0h:0m:10s left)
WARNING: NNI search needs unusual large number of steps (5) to converge!
WARNING: NNI search needs unusual large number of steps (5) to converge!
WARNING: NNI search needs unusual large number of steps (5) to converge!
WARNING: NNI search needs unusual large number of steps (5) to converge!
WARNING: NNI search needs unusual large number of steps (5) to converge!
Iteration 100 / LogL: -3822.289 / Time: 0h:1m:40s (0h:0m:0s left)
Log-likelihood cutoff on original alignment: -3826.909
NOTE: Bootstrap correlation coefficient of split occurrence frequencies: 1.000
WARNING: NNI search needs unusual large number of steps (5) to converge!
TREE SEARCH COMPLETED AFTER 101 ITERATIONS / Time: 0h:1m:43s

--------------------------------------------------------------------
|                    FINALIZING TREE SEARCH                        |
--------------------------------------------------------------------
Performs final model parameters optimization
Estimate model parameters (epsilon = 0.010)
Initial log-likelihood: -3822.289
Current log-likelihood at step 1: -3822.288
Partition-specific rates:  1.000
Parameters optimization took 0 rounds (0.066 sec)

BEST SCORE FOUND : -3822.288
Creating bootstrap support values...
Split supports printed to NEXUS file examples/Acropora//aln_seqs/led5139.nt.aln.nex.splits.nex
Total tree length: 0.257

Total number of iterations: 101
CPU time used for tree search: 3.697 sec (0h:0m:3s)
Wall-clock time used for tree search: 100.445 sec (0h:1m:40s)
Total CPU time used: 3.840 sec (0h:0m:3s)
Total wall-clock time used: 104.728 sec (0h:1m:44s)

Computing bootstrap consensus tree...
Reading input file examples/Acropora//aln_seqs/led5139.nt.aln.nex.splits.nex...
5 taxa and 11 splits.
Consensus tree written to examples/Acropora//aln_seqs/led5139.nt.aln.nex.contree
Reading input trees file examples/Acropora//aln_seqs/led5139.nt.aln.nex.contree
Log-likelihood of consensus tree: -3822.290

Analysis results written to: 
  IQ-TREE report:                examples/Acropora//aln_seqs/led5139.nt.aln.nex.iqtree
  Maximum-likelihood tree:       examples/Acropora//aln_seqs/led5139.nt.aln.nex.treefile
  Likelihood distances:          examples/Acropora//aln_seqs/led5139.nt.aln.nex.mldist
  Best partitioning scheme:      examples/Acropora//aln_seqs/led5139.nt.aln.nex.best_scheme.nex
           in RAxML format:      examples/Acropora//aln_seqs/led5139.nt.aln.nex.best_scheme

Ultrafast bootstrap approximation results written to:
  Split support values:          examples/Acropora//aln_seqs/led5139.nt.aln.nex.splits.nex
  Consensus tree:                examples/Acropora//aln_seqs/led5139.nt.aln.nex.contree
  Screen log file:               examples/Acropora//aln_seqs/led5139.nt.aln.nex.log

Date and Time: Sat Jan 12 16:40:42 2019
