IQ-TREE multicore version 1.6.8 for Linux 64-bit built Oct 28 2018
Developed by Bui Quang Minh, Nguyen Lam Tung, Olga Chernomor,
Heiko Schmidt, Dominik Schrempf, Michael Woodhams.

Host:    sango10206.oist.jp (AVX2, FMA3, 125 GB RAM)
Command: iqtree -s examples/Acropora//aln_seqs/led5883.nt.aln -bb 1000 -redo -nt 3 -spp examples/Acropora//aln_seqs/led5883.nt.aln.nex -m MFPMERGE
Seed:    999147 (Using SPRNG - Scalable Parallel Random Number Generator)
Time:    Sat Jan 12 16:51:01 2019
Kernel:  AVX+FMA - 3 threads (24 CPU cores detected)

Reading partition model file examples/Acropora//aln_seqs/led5883.nt.aln.nex ...
Reading alignment file examples/Acropora//aln_seqs/led5883.nt.aln ... Fasta format detected
Alignment most likely contains DNA/RNA sequences
Alignment has 5 sequences with 1524 columns, 58 distinct patterns
15 parsimony-informative, 60 singleton sites, 1449 constant sites
                          Gap/Ambiguity  Composition  p-value
   1  Adif_sc0000071.g639.t1      2.76%    passed     88.48%
   2  Aech_sc0000004.g5875.t1    33.07%    passed     85.23%
   3  Aten_sc0000004.g256.t1      2.76%    passed     47.00%
   4  Agem_sc0000010.g9833.t1    28.94%    passed     80.96%
   5  Asub_sc0000007.g23955.t1   28.94%    passed     83.34%
****  TOTAL                      19.29%  0 sequences failed composition chi2 test (p-value<5%; df=3)
NOTE: No CharPartition defined, use all CharSets

Loading 3 partitions...
Subset	Type	Seqs	Sites	Infor	Invar	Model	Name
1		5	508	5	488	MFPMERGE	p1
2		5	508	4	493	MFPMERGE	p2
3		5	508	6	468	MFPMERGE	p3
Degree of missing data: 0.000
Info: multi-threading strategy over partitions



Create initial parsimony tree by phylogenetic likelihood library (PLL)... 0.000 seconds
NOTE: ModelFinder requires 0 MB RAM!
Testing GTR+F+G on supermatrix...
WARNING: Number of threads seems too high for short alignments. Use -nt AUTO to determine best number of threads.
GTR+F+G4 / LnL: -2521.612 / df: 16 / AIC: 5075.224 / AICc: 5075.585 / BIC: 5160.490
Selecting individual models for 3 charsets using BIC...
 No. Model        Score       Charset
   1 F81+F        1552.127    p2
   2 F81+F        1588.576    p1
   3 HKY+F        1867.894    p3
Full partition model BIC score: 5066.854 (LnL: -2463.801  df:19)
Merging models to increase model fit (about 7 total partition schemes)...
   4 F81+F        5144.699    p1+p2
   5 HKY+F+I      5091.985    p1+p3
   6 HKY+F        5073.045    p2+p3
BEST-FIT PARTITION MODEL: 
  charpartition BIC = F81+F: p1, F81+F: p2, HKY+F: p3;
Agglomerative model selection: (p1,p2,p3)
Partition information was printed to examples/Acropora//aln_seqs/led5883.nt.aln.nex.best_scheme.nex
Partition information in Raxml format was printed to examples/Acropora//aln_seqs/led5883.nt.aln.nex.best_scheme

All model information printed to examples/Acropora//aln_seqs/led5883.nt.aln.nex.model.gz
CPU time for ModelFinder: 0.681 seconds (0h:0m:0s)
Wall-clock time for ModelFinder: 28.739 seconds (0h:0m:28s)
Generating 1000 samples for ultrafast bootstrap (seed: 999147)...

NOTE: 0 MB RAM (0 GB) is required!
WARNING: Number of threads seems too high for short alignments. Use -nt AUTO to determine best number of threads.
Estimate model parameters (epsilon = 0.100)
Initial log-likelihood: -2479.824
Current log-likelihood at step 1: -2469.896
Current log-likelihood at step 2: -2469.378
Current log-likelihood at step 3: -2468.834
Current log-likelihood at step 4: -2468.264
Current log-likelihood at step 5: -2467.669
Current log-likelihood at step 6: -2467.053
Current log-likelihood at step 7: -2466.423
Current log-likelihood at step 8: -2463.700
Current log-likelihood at step 9: -2463.700
Partition-specific rates:  0.789 0.562 1.648
Parameters optimization took 8 rounds (0.571 sec)

Computing ML distances based on estimated model parameters... 0.008 sec
Computing BIONJ tree...
0.193 seconds
Log-likelihood of BIONJ tree: -2469.627
--------------------------------------------------------------------
|             INITIALIZING CANDIDATE TREE SET                      |
--------------------------------------------------------------------
Generating 98 parsimony trees... 2.056 second
Computing log-likelihood of 3 initial trees ... 0.645 seconds
Current best score: -2463.700

Do NNI search on 5 best initial trees
Finish initializing candidate tree set (5)
Current best tree score: -2463.700 / CPU time: 5.701
Number of iterations: 5
--------------------------------------------------------------------
|               OPTIMIZING CANDIDATE TREE SET                      |
--------------------------------------------------------------------
UPDATE BEST LOG-LIKELIHOOD: -2463.700
Iteration 10 / LogL: -2463.700 / Time: 0h:0m:15s
Iteration 20 / LogL: -2463.700 / Time: 0h:0m:23s
Iteration 30 / LogL: -2463.700 / Time: 0h:0m:35s (0h:1m:24s left)
Iteration 40 / LogL: -2464.240 / Time: 0h:0m:45s (0h:1m:9s left)
Iteration 50 / LogL: -2463.705 / Time: 0h:0m:54s (0h:0m:55s left)
Log-likelihood cutoff on original alignment: -2498.933
Iteration 60 / LogL: -2463.700 / Time: 0h:1m:7s (0h:0m:45s left)
Iteration 70 / LogL: -2463.700 / Time: 0h:1m:18s (0h:0m:34s left)
Iteration 80 / LogL: -2463.705 / Time: 0h:1m:27s (0h:0m:22s left)
Iteration 90 / LogL: -2463.700 / Time: 0h:1m:35s (0h:0m:10s left)
Iteration 100 / LogL: -2463.705 / Time: 0h:1m:45s (0h:0m:0s left)
Log-likelihood cutoff on original alignment: -2498.936
NOTE: Bootstrap correlation coefficient of split occurrence frequencies: 1.000
TREE SEARCH COMPLETED AFTER 101 ITERATIONS / Time: 0h:1m:47s

--------------------------------------------------------------------
|                    FINALIZING TREE SEARCH                        |
--------------------------------------------------------------------
Performs final model parameters optimization
Estimate model parameters (epsilon = 0.010)
Initial log-likelihood: -2463.700
Current log-likelihood at step 1: -2463.700
Partition-specific rates:  0.789 0.562 1.648
Parameters optimization took 0 rounds (0.055 sec)

BEST SCORE FOUND : -2463.700
Creating bootstrap support values...
Split supports printed to NEXUS file examples/Acropora//aln_seqs/led5883.nt.aln.nex.splits.nex
Total tree length: 0.059

Total number of iterations: 101
CPU time used for tree search: 3.401 sec (0h:0m:3s)
Wall-clock time used for tree search: 103.864 sec (0h:1m:43s)
Total CPU time used: 3.546 sec (0h:0m:3s)
Total wall-clock time used: 109.099 sec (0h:1m:49s)

Computing bootstrap consensus tree...
Reading input file examples/Acropora//aln_seqs/led5883.nt.aln.nex.splits.nex...
5 taxa and 11 splits.
Consensus tree written to examples/Acropora//aln_seqs/led5883.nt.aln.nex.contree
Reading input trees file examples/Acropora//aln_seqs/led5883.nt.aln.nex.contree
Log-likelihood of consensus tree: -2463.700

Analysis results written to: 
  IQ-TREE report:                examples/Acropora//aln_seqs/led5883.nt.aln.nex.iqtree
  Maximum-likelihood tree:       examples/Acropora//aln_seqs/led5883.nt.aln.nex.treefile
  Likelihood distances:          examples/Acropora//aln_seqs/led5883.nt.aln.nex.mldist
  Best partitioning scheme:      examples/Acropora//aln_seqs/led5883.nt.aln.nex.best_scheme.nex
           in RAxML format:      examples/Acropora//aln_seqs/led5883.nt.aln.nex.best_scheme

Ultrafast bootstrap approximation results written to:
  Split support values:          examples/Acropora//aln_seqs/led5883.nt.aln.nex.splits.nex
  Consensus tree:                examples/Acropora//aln_seqs/led5883.nt.aln.nex.contree
  Screen log file:               examples/Acropora//aln_seqs/led5883.nt.aln.nex.log

Date and Time: Sat Jan 12 16:53:21 2019
