IQ-TREE multicore version 1.6.8 for Linux 64-bit built Oct 28 2018
Developed by Bui Quang Minh, Nguyen Lam Tung, Olga Chernomor,
Heiko Schmidt, Dominik Schrempf, Michael Woodhams.

Host:    sango10206.oist.jp (AVX2, FMA3, 125 GB RAM)
Command: iqtree -s examples/Acropora//aln_seqs/led5548.nt.aln -bb 1000 -redo -nt 3 -spp examples/Acropora//aln_seqs/led5548.nt.aln.nex -m MFPMERGE
Seed:    954705 (Using SPRNG - Scalable Parallel Random Number Generator)
Time:    Sat Jan 12 16:19:24 2019
Kernel:  AVX+FMA - 3 threads (24 CPU cores detected)

Reading partition model file examples/Acropora//aln_seqs/led5548.nt.aln.nex ...
Reading alignment file examples/Acropora//aln_seqs/led5548.nt.aln ... Fasta format detected
Alignment most likely contains DNA/RNA sequences
Alignment has 5 sequences with 1308 columns, 143 distinct patterns
21 parsimony-informative, 197 singleton sites, 1090 constant sites
                          Gap/Ambiguity  Composition  p-value
   1  Adif_sc0000057.g150.t1      1.83%    passed     94.79%
   2  Aech_sc0000013.g28829.t1   33.26%    passed     95.09%
   3  Agem_sc0000203.g18366.t1   55.50%    passed     88.30%
   4  Asub_sc0000189.g3217.t1    39.68%    passed     93.49%
   5  Aten_sc0000003.g549.t1     10.55%    passed     79.27%
WARNING: 1 sequences contain more than 50% gaps/ambiguity
****  TOTAL                      28.17%  0 sequences failed composition chi2 test (p-value<5%; df=3)
NOTE: No CharPartition defined, use all CharSets

Loading 3 partitions...
Subset	Type	Seqs	Sites	Infor	Invar	Model	Name
1		5	436	8	378	MFPMERGE	p1
2		5	436	4	383	MFPMERGE	p2
3		5	436	9	329	MFPMERGE	p3
Degree of missing data: 0.000
Info: multi-threading strategy over partitions



Create initial parsimony tree by phylogenetic likelihood library (PLL)... 0.000 seconds
NOTE: ModelFinder requires 1 MB RAM!
Testing GTR+F+G on supermatrix...
WARNING: Number of threads seems too high for short alignments. Use -nt AUTO to determine best number of threads.
GTR+F+G4 / LnL: -2952.606 / df: 16 / AIC: 5937.212 / AICc: 5937.633 / BIC: 6020.032
Selecting individual models for 3 charsets using BIC...
 No. Model        Score       Charset
   1 F81+F        1823.035    p1
   2 JC           1809.412    p2
   3 K2P+I        2284.594    p3
Full partition model BIC score: 5968.887 (LnL: -2934.210  df:14)
Merging models to increase model fit (about 7 total partition schemes)...
   4 JC           5969.846    p1+p2
   5 K2P+I        5994.824    p1+p3
   6 HKY+F+G4     5974.570    p2+p3
BEST-FIT PARTITION MODEL: 
  charpartition BIC = F81+F: p1, JC: p2, K2P+I: p3;
Agglomerative model selection: (p1,p2,p3)
Partition information was printed to examples/Acropora//aln_seqs/led5548.nt.aln.nex.best_scheme.nex
Partition information in Raxml format was printed to examples/Acropora//aln_seqs/led5548.nt.aln.nex.best_scheme

All model information printed to examples/Acropora//aln_seqs/led5548.nt.aln.nex.model.gz
CPU time for ModelFinder: 0.825 seconds (0h:0m:0s)
Wall-clock time for ModelFinder: 31.136 seconds (0h:0m:31s)
Generating 1000 samples for ultrafast bootstrap (seed: 954705)...

NOTE: 0 MB RAM (0 GB) is required!
WARNING: Number of threads seems too high for short alignments. Use -nt AUTO to determine best number of threads.
Estimate model parameters (epsilon = 0.100)
Initial log-likelihood: -2964.805
Current log-likelihood at step 1: -2934.260
Current log-likelihood at step 2: -2934.069
Current log-likelihood at step 3: -2934.065
Partition-specific rates:  0.695 0.659 1.645
Parameters optimization took 2 rounds (0.273 sec)

Computing ML distances based on estimated model parameters... 0.001 sec
Computing BIONJ tree...
0.415 seconds
Log-likelihood of BIONJ tree: -2945.240
--------------------------------------------------------------------
|             INITIALIZING CANDIDATE TREE SET                      |
--------------------------------------------------------------------
Generating 98 parsimony trees... 2.091 second
Computing log-likelihood of 3 initial trees ... 0.365 seconds
Current best score: -2934.065

Do NNI search on 5 best initial trees
Finish initializing candidate tree set (5)
Current best tree score: -2934.065 / CPU time: 5.274
Number of iterations: 5
--------------------------------------------------------------------
|               OPTIMIZING CANDIDATE TREE SET                      |
--------------------------------------------------------------------
UPDATE BEST LOG-LIKELIHOOD: -2934.065
Iteration 10 / LogL: -2934.094 / Time: 0h:0m:15s
UPDATE BEST LOG-LIKELIHOOD: -2934.065
Iteration 20 / LogL: -2934.095 / Time: 0h:0m:25s
Iteration 30 / LogL: -2934.065 / Time: 0h:0m:34s (0h:1m:23s left)
Iteration 40 / LogL: -2934.066 / Time: 0h:0m:43s (0h:1m:5s left)
Iteration 50 / LogL: -2934.065 / Time: 0h:0m:52s (0h:0m:52s left)
Log-likelihood cutoff on original alignment: -2964.398
Iteration 60 / LogL: -2934.094 / Time: 0h:1m:7s (0h:0m:45s left)
Iteration 70 / LogL: -2934.065 / Time: 0h:1m:20s (0h:0m:34s left)
Iteration 80 / LogL: -2934.067 / Time: 0h:1m:34s (0h:0m:23s left)
Iteration 90 / LogL: -2934.065 / Time: 0h:1m:50s (0h:0m:12s left)
Iteration 100 / LogL: -2934.065 / Time: 0h:2m:5s (0h:0m:0s left)
Log-likelihood cutoff on original alignment: -2964.385
NOTE: Bootstrap correlation coefficient of split occurrence frequencies: 1.000
TREE SEARCH COMPLETED AFTER 101 ITERATIONS / Time: 0h:2m:8s

--------------------------------------------------------------------
|                    FINALIZING TREE SEARCH                        |
--------------------------------------------------------------------
Performs final model parameters optimization
Estimate model parameters (epsilon = 0.010)
Initial log-likelihood: -2934.065
Current log-likelihood at step 1: -2934.064
Partition-specific rates:  0.695 0.659 1.645
Parameters optimization took 0 rounds (0.089 sec)

BEST SCORE FOUND : -2934.064
Creating bootstrap support values...
Split supports printed to NEXUS file examples/Acropora//aln_seqs/led5548.nt.aln.nex.splits.nex
Total tree length: 0.312

Total number of iterations: 101
CPU time used for tree search: 4.276 sec (0h:0m:4s)
Wall-clock time used for tree search: 125.084 sec (0h:2m:5s)
Total CPU time used: 4.409 sec (0h:0m:4s)
Total wall-clock time used: 130.428 sec (0h:2m:10s)

Computing bootstrap consensus tree...
Reading input file examples/Acropora//aln_seqs/led5548.nt.aln.nex.splits.nex...
5 taxa and 11 splits.
Consensus tree written to examples/Acropora//aln_seqs/led5548.nt.aln.nex.contree
Reading input trees file examples/Acropora//aln_seqs/led5548.nt.aln.nex.contree
Log-likelihood of consensus tree: -2934.065

Analysis results written to: 
  IQ-TREE report:                examples/Acropora//aln_seqs/led5548.nt.aln.nex.iqtree
  Maximum-likelihood tree:       examples/Acropora//aln_seqs/led5548.nt.aln.nex.treefile
  Likelihood distances:          examples/Acropora//aln_seqs/led5548.nt.aln.nex.mldist
  Best partitioning scheme:      examples/Acropora//aln_seqs/led5548.nt.aln.nex.best_scheme.nex
           in RAxML format:      examples/Acropora//aln_seqs/led5548.nt.aln.nex.best_scheme

Ultrafast bootstrap approximation results written to:
  Split support values:          examples/Acropora//aln_seqs/led5548.nt.aln.nex.splits.nex
  Consensus tree:                examples/Acropora//aln_seqs/led5548.nt.aln.nex.contree
  Screen log file:               examples/Acropora//aln_seqs/led5548.nt.aln.nex.log

Date and Time: Sat Jan 12 16:22:07 2019
