IQ-TREE multicore version 1.6.8 for Linux 64-bit built Oct 28 2018
Developed by Bui Quang Minh, Nguyen Lam Tung, Olga Chernomor,
Heiko Schmidt, Dominik Schrempf, Michael Woodhams.

Host:    sango10206.oist.jp (AVX2, FMA3, 125 GB RAM)
Command: iqtree -s examples/Acropora//aln_seqs/led5078.nt.aln -bb 1000 -redo -nt 3 -spp examples/Acropora//aln_seqs/led5078.nt.aln.nex -m MFPMERGE
Seed:    117421 (Using SPRNG - Scalable Parallel Random Number Generator)
Time:    Sat Jan 12 16:07:55 2019
Kernel:  AVX+FMA - 3 threads (24 CPU cores detected)

Reading partition model file examples/Acropora//aln_seqs/led5078.nt.aln.nex ...
Reading alignment file examples/Acropora//aln_seqs/led5078.nt.aln ... Fasta format detected
Alignment most likely contains DNA/RNA sequences
Alignment has 5 sequences with 1911 columns, 83 distinct patterns
26 parsimony-informative, 89 singleton sites, 1796 constant sites
                          Gap/Ambiguity  Composition  p-value
   1  Adif_sc0000042.g275.t1      0.00%    passed     97.19%
   2  Aech_sc0000052.g11310.t1   30.61%    passed     92.30%
   3  Agem_sc0000070.g21630.t1   30.77%    passed     91.01%
   4  Asub_sc0000158.g21755.t1   55.10%    passed     85.81%
   5  Aten_sc0000133.g513.t1      0.31%    passed     71.40%
WARNING: 1 sequences contain more than 50% gaps/ambiguity
****  TOTAL                      23.36%  0 sequences failed composition chi2 test (p-value<5%; df=3)
NOTE: No CharPartition defined, use all CharSets

Loading 3 partitions...
Subset	Type	Seqs	Sites	Infor	Invar	Model	Name
1		5	637	10	600	MFPMERGE	p1
2		5	637	6	615	MFPMERGE	p2
3		5	637	10	581	MFPMERGE	p3
Degree of missing data: 0.000
Info: multi-threading strategy over partitions



Create initial parsimony tree by phylogenetic likelihood library (PLL)... 0.000 seconds
NOTE: ModelFinder requires 0 MB RAM!
Testing GTR+F+G on supermatrix...
WARNING: Number of threads seems too high for short alignments. Use -nt AUTO to determine best number of threads.
GTR+F+G4 / LnL: -3307.807 / df: 16 / AIC: 6647.615 / AICc: 6647.902 / BIC: 6736.501
Selecting individual models for 3 charsets using BIC...
 No. Model        Score       Charset
   1 HKY+F        2216.799    p1
   2 TN+F         2032.768    p2
   3 HKY+F        2367.378    p3
Full partition model BIC score: 6679.856 (LnL: -3256.819  df:22)
Merging models to increase model fit (about 7 total partition schemes)...
   4 HKY+F        6694.508    p1+p3
   5 HKY+F        6684.932    p2+p3
   6 TN+F         6695.299    p1+p2
BEST-FIT PARTITION MODEL: 
  charpartition BIC = HKY+F: p1, TN+F: p2, HKY+F: p3;
Agglomerative model selection: (p1,p2,p3)
Partition information was printed to examples/Acropora//aln_seqs/led5078.nt.aln.nex.best_scheme.nex
Partition information in Raxml format was printed to examples/Acropora//aln_seqs/led5078.nt.aln.nex.best_scheme

All model information printed to examples/Acropora//aln_seqs/led5078.nt.aln.nex.model.gz
CPU time for ModelFinder: 0.608 seconds (0h:0m:0s)
Wall-clock time for ModelFinder: 22.560 seconds (0h:0m:22s)
Generating 1000 samples for ultrafast bootstrap (seed: 117421)...

NOTE: 0 MB RAM (0 GB) is required!
WARNING: Number of threads seems too high for short alignments. Use -nt AUTO to determine best number of threads.
Estimate model parameters (epsilon = 0.100)
Initial log-likelihood: -3301.348
Current log-likelihood at step 1: -3268.248
Current log-likelihood at step 2: -3267.840
Current log-likelihood at step 3: -3267.421
Current log-likelihood at step 4: -3266.985
Current log-likelihood at step 5: -3266.532
Current log-likelihood at step 6: -3266.061
Current log-likelihood at step 7: -3265.570
Current log-likelihood at step 8: -3265.059
Current log-likelihood at step 9: -3264.526
Current log-likelihood at step 10: -3263.970
Current log-likelihood at step 11: -3263.391
Current log-likelihood at step 12: -3262.789
Current log-likelihood at step 13: -3262.164
Current log-likelihood at step 14: -3261.518
Current log-likelihood at step 15: -3260.856
Current log-likelihood at step 16: -3260.185
Current log-likelihood at step 17: -3256.816
Current log-likelihood at step 18: -3256.816
Partition-specific rates:  0.957 0.556 1.486
Parameters optimization took 17 rounds (1.346 sec)

Computing ML distances based on estimated model parameters... 0.001 sec
Computing BIONJ tree...
0.032 seconds
Log-likelihood of BIONJ tree: -3256.816
--------------------------------------------------------------------
|             INITIALIZING CANDIDATE TREE SET                      |
--------------------------------------------------------------------
Generating 99 parsimony trees... 2.963 second
Computing log-likelihood of 4 initial trees ... 1.329 seconds
Current best score: -3256.816

Do NNI search on 5 best initial trees
Finish initializing candidate tree set (5)
Current best tree score: -3256.816 / CPU time: 9.982
Number of iterations: 5
--------------------------------------------------------------------
|               OPTIMIZING CANDIDATE TREE SET                      |
--------------------------------------------------------------------
Iteration 10 / LogL: -3256.816 / Time: 0h:0m:21s
Iteration 20 / LogL: -3256.816 / Time: 0h:0m:36s
Iteration 30 / LogL: -3256.817 / Time: 0h:0m:49s (0h:1m:58s left)
Iteration 40 / LogL: -3256.816 / Time: 0h:1m:1s (0h:1m:33s left)
Iteration 50 / LogL: -3256.816 / Time: 0h:1m:15s (0h:1m:16s left)
Log-likelihood cutoff on original alignment: -3276.582
Iteration 60 / LogL: -3256.816 / Time: 0h:1m:25s (0h:0m:57s left)
Iteration 70 / LogL: -3256.817 / Time: 0h:1m:32s (0h:0m:40s left)
Iteration 80 / LogL: -3256.816 / Time: 0h:1m:41s (0h:0m:25s left)
Iteration 90 / LogL: -3256.816 / Time: 0h:1m:50s (0h:0m:12s left)
Iteration 100 / LogL: -3256.817 / Time: 0h:2m:0s (0h:0m:0s left)
Log-likelihood cutoff on original alignment: -3276.582
NOTE: Bootstrap correlation coefficient of split occurrence frequencies: 1.000
TREE SEARCH COMPLETED AFTER 101 ITERATIONS / Time: 0h:2m:2s

--------------------------------------------------------------------
|                    FINALIZING TREE SEARCH                        |
--------------------------------------------------------------------
Performs final model parameters optimization
Estimate model parameters (epsilon = 0.010)
Initial log-likelihood: -3256.816
Current log-likelihood at step 1: -3256.816
Partition-specific rates:  0.957 0.556 1.486
Parameters optimization took 0 rounds (0.081 sec)

BEST SCORE FOUND : -3256.816
Creating bootstrap support values...
Split supports printed to NEXUS file examples/Acropora//aln_seqs/led5078.nt.aln.nex.splits.nex
Total tree length: 0.074

Total number of iterations: 101
CPU time used for tree search: 3.669 sec (0h:0m:3s)
Wall-clock time used for tree search: 118.601 sec (0h:1m:58s)
Total CPU time used: 3.825 sec (0h:0m:3s)
Total wall-clock time used: 123.805 sec (0h:2m:3s)

Computing bootstrap consensus tree...
Reading input file examples/Acropora//aln_seqs/led5078.nt.aln.nex.splits.nex...
5 taxa and 9 splits.
Consensus tree written to examples/Acropora//aln_seqs/led5078.nt.aln.nex.contree
Reading input trees file examples/Acropora//aln_seqs/led5078.nt.aln.nex.contree
Log-likelihood of consensus tree: -3256.816

Analysis results written to: 
  IQ-TREE report:                examples/Acropora//aln_seqs/led5078.nt.aln.nex.iqtree
  Maximum-likelihood tree:       examples/Acropora//aln_seqs/led5078.nt.aln.nex.treefile
  Likelihood distances:          examples/Acropora//aln_seqs/led5078.nt.aln.nex.mldist
  Best partitioning scheme:      examples/Acropora//aln_seqs/led5078.nt.aln.nex.best_scheme.nex
           in RAxML format:      examples/Acropora//aln_seqs/led5078.nt.aln.nex.best_scheme

Ultrafast bootstrap approximation results written to:
  Split support values:          examples/Acropora//aln_seqs/led5078.nt.aln.nex.splits.nex
  Consensus tree:                examples/Acropora//aln_seqs/led5078.nt.aln.nex.contree
  Screen log file:               examples/Acropora//aln_seqs/led5078.nt.aln.nex.log

Date and Time: Sat Jan 12 16:10:24 2019
