IQ-TREE multicore version 1.6.8 for Linux 64-bit built Oct 28 2018
Developed by Bui Quang Minh, Nguyen Lam Tung, Olga Chernomor,
Heiko Schmidt, Dominik Schrempf, Michael Woodhams.

Host:    sango10206.oist.jp (AVX2, FMA3, 125 GB RAM)
Command: iqtree -s examples/Acropora//aln_seqs/led5544.nt.aln -bb 1000 -redo -nt 3 -spp examples/Acropora//aln_seqs/led5544.nt.aln.nex -m MFPMERGE
Seed:    34376 (Using SPRNG - Scalable Parallel Random Number Generator)
Time:    Sat Jan 12 16:26:05 2019
Kernel:  AVX+FMA - 3 threads (24 CPU cores detected)

Reading partition model file examples/Acropora//aln_seqs/led5544.nt.aln.nex ...
Reading alignment file examples/Acropora//aln_seqs/led5544.nt.aln ... Fasta format detected
Alignment most likely contains DNA/RNA sequences
Alignment has 5 sequences with 1077 columns, 47 distinct patterns
26 parsimony-informative, 51 singleton sites, 1000 constant sites
                          Gap/Ambiguity  Composition  p-value
   1  Adif_sc0000057.g145.t1      0.28%    passed     99.76%
   2  Aech_sc0000013.g28834.t1    0.28%    passed     99.83%
   3  Agem_sc0000203.g18371.t1    0.28%    passed     99.81%
   4  Asub_sc0000189.g3212.t1     0.28%    passed     99.83%
   5  Aten_sc0000003.g544.t1      0.00%    passed     99.01%
****  TOTAL                       0.22%  0 sequences failed composition chi2 test (p-value<5%; df=3)
NOTE: No CharPartition defined, use all CharSets

Loading 3 partitions...
Subset	Type	Seqs	Sites	Infor	Invar	Model	Name
1		5	359	9	338	MFPMERGE	p1
2		5	359	3	346	MFPMERGE	p2
3		5	359	14	316	MFPMERGE	p3
Degree of missing data: 0.000
Info: multi-threading strategy over partitions



Create initial parsimony tree by phylogenetic likelihood library (PLL)... 0.000 seconds
NOTE: ModelFinder requires 0 MB RAM!
Testing GTR+F+G on supermatrix...
WARNING: Number of threads seems too high for short alignments. Use -nt AUTO to determine best number of threads.
GTR+F+G4 / LnL: -1973.395 / df: 16 / AIC: 3978.790 / AICc: 3979.303 / BIC: 4058.501
Selecting individual models for 3 charsets using BIC...
 No. Model        Score       Charset
   1 F81+F        1283.372    p1
   2 K2P          1176.481    p2
   3 HKY+F        1524.085    p3
Full partition model BIC score: 4037.914 (LnL: -1959.610  df:17)
Merging models to increase model fit (about 7 total partition schemes)...
   4 TN+F         4027.455    p1+p2
   5 K2P          4041.711    p2+p3
   6 K2P          4039.039    p1+p3
Merging p1+p2 with BIC score: 4027.455 (LnL: -1954.381  df: 17)
   7 TN+F         4035.402    p1+p2+p3
BEST-FIT PARTITION MODEL: 
  charpartition BIC = TN+F: p1 p2, HKY+F: p3;
Agglomerative model selection: ((p1,p2)1:4027.46,p3)
Merging into 2 partitions...
Partition information was printed to examples/Acropora//aln_seqs/led5544.nt.aln.nex.best_scheme.nex
Partition information in Raxml format was printed to examples/Acropora//aln_seqs/led5544.nt.aln.nex.best_scheme

All model information printed to examples/Acropora//aln_seqs/led5544.nt.aln.nex.model.gz
CPU time for ModelFinder: 0.749 seconds (0h:0m:0s)
Wall-clock time for ModelFinder: 27.022 seconds (0h:0m:27s)
Generating 1000 samples for ultrafast bootstrap (seed: 34376)...

NOTE: 0 MB RAM (0 GB) is required!
Estimate model parameters (epsilon = 0.100)
Initial log-likelihood: -1987.847
Current log-likelihood at step 1: -1959.194
Current log-likelihood at step 2: -1959.049
Current log-likelihood at step 3: -1958.904
Current log-likelihood at step 4: -1958.756
Current log-likelihood at step 5: -1958.606
Current log-likelihood at step 6: -1958.453
Current log-likelihood at step 7: -1958.298
Current log-likelihood at step 8: -1958.140
Current log-likelihood at step 9: -1957.980
Current log-likelihood at step 10: -1957.818
Current log-likelihood at step 11: -1957.654
Current log-likelihood at step 12: -1957.487
Current log-likelihood at step 13: -1957.319
Current log-likelihood at step 14: -1957.149
Current log-likelihood at step 15: -1956.978
Current log-likelihood at step 16: -1956.805
Current log-likelihood at step 17: -1956.633
Current log-likelihood at step 18: -1954.375
Current log-likelihood at step 19: -1954.375
Partition-specific rates:  0.638 1.723
Parameters optimization took 18 rounds (6.502 sec)

Computing ML distances based on estimated model parameters... 0.000 sec
Computing BIONJ tree...
0.086 seconds
Log-likelihood of BIONJ tree: -1954.375
--------------------------------------------------------------------
|             INITIALIZING CANDIDATE TREE SET                      |
--------------------------------------------------------------------
Generating 99 parsimony trees... 1.805 second
Computing log-likelihood of 4 initial trees ... 2.002 seconds
Current best score: -1954.375

Do NNI search on 5 best initial trees
Finish initializing candidate tree set (5)
Current best tree score: -1954.375 / CPU time: 9.576
Number of iterations: 5
--------------------------------------------------------------------
|               OPTIMIZING CANDIDATE TREE SET                      |
--------------------------------------------------------------------
UPDATE BEST LOG-LIKELIHOOD: -1954.375
Iteration 10 / LogL: -1970.758 / Time: 0h:0m:22s
Iteration 20 / LogL: -1954.375 / Time: 0h:0m:43s
Iteration 30 / LogL: -1954.375 / Time: 0h:0m:59s (0h:2m:24s left)
Iteration 40 / LogL: -1954.375 / Time: 0h:1m:18s (0h:2m:1s left)
Iteration 50 / LogL: -1954.375 / Time: 0h:1m:31s (0h:1m:33s left)
Log-likelihood cutoff on original alignment: -1990.307
Iteration 60 / LogL: -1954.375 / Time: 0h:1m:42s (0h:1m:9s left)
Iteration 70 / LogL: -1954.375 / Time: 0h:1m:52s (0h:0m:49s left)
Iteration 80 / LogL: -1954.375 / Time: 0h:2m:3s (0h:0m:31s left)
Iteration 90 / LogL: -1954.375 / Time: 0h:2m:15s (0h:0m:15s left)
Iteration 100 / LogL: -1954.375 / Time: 0h:2m:27s (0h:0m:0s left)
Log-likelihood cutoff on original alignment: -1990.306
NOTE: Bootstrap correlation coefficient of split occurrence frequencies: 1.000
TREE SEARCH COMPLETED AFTER 101 ITERATIONS / Time: 0h:2m:29s

--------------------------------------------------------------------
|                    FINALIZING TREE SEARCH                        |
--------------------------------------------------------------------
Performs final model parameters optimization
Estimate model parameters (epsilon = 0.010)
Initial log-likelihood: -1954.375
Current log-likelihood at step 1: -1954.375
Partition-specific rates:  0.638 1.723
Parameters optimization took 0 rounds (0.140 sec)

BEST SCORE FOUND : -1954.375
Creating bootstrap support values...
Split supports printed to NEXUS file examples/Acropora//aln_seqs/led5544.nt.aln.nex.splits.nex
Total tree length: 0.078

Total number of iterations: 101
CPU time used for tree search: 4.738 sec (0h:0m:4s)
Wall-clock time used for tree search: 142.197 sec (0h:2m:22s)
Total CPU time used: 5.042 sec (0h:0m:5s)
Total wall-clock time used: 151.028 sec (0h:2m:31s)

Computing bootstrap consensus tree...
Reading input file examples/Acropora//aln_seqs/led5544.nt.aln.nex.splits.nex...
5 taxa and 9 splits.
Consensus tree written to examples/Acropora//aln_seqs/led5544.nt.aln.nex.contree
Reading input trees file examples/Acropora//aln_seqs/led5544.nt.aln.nex.contree
Log-likelihood of consensus tree: -1954.375

Analysis results written to: 
  IQ-TREE report:                examples/Acropora//aln_seqs/led5544.nt.aln.nex.iqtree
  Maximum-likelihood tree:       examples/Acropora//aln_seqs/led5544.nt.aln.nex.treefile
  Likelihood distances:          examples/Acropora//aln_seqs/led5544.nt.aln.nex.mldist
  Best partitioning scheme:      examples/Acropora//aln_seqs/led5544.nt.aln.nex.best_scheme.nex
           in RAxML format:      examples/Acropora//aln_seqs/led5544.nt.aln.nex.best_scheme

Ultrafast bootstrap approximation results written to:
  Split support values:          examples/Acropora//aln_seqs/led5544.nt.aln.nex.splits.nex
  Consensus tree:                examples/Acropora//aln_seqs/led5544.nt.aln.nex.contree
  Screen log file:               examples/Acropora//aln_seqs/led5544.nt.aln.nex.log

Date and Time: Sat Jan 12 16:29:05 2019
