IQ-TREE multicore version 1.6.8 for Linux 64-bit built Oct 28 2018
Developed by Bui Quang Minh, Nguyen Lam Tung, Olga Chernomor,
Heiko Schmidt, Dominik Schrempf, Michael Woodhams.

Host:    sango10206.oist.jp (AVX2, FMA3, 125 GB RAM)
Command: iqtree -s examples/Acropora//aln_seqs/led5162.nt.aln -bb 1000 -redo -nt 3 -spp examples/Acropora//aln_seqs/led5162.nt.aln.nex -m MFPMERGE
Seed:    662829 (Using SPRNG - Scalable Parallel Random Number Generator)
Time:    Sat Jan 12 16:26:02 2019
Kernel:  AVX+FMA - 3 threads (24 CPU cores detected)

Reading partition model file examples/Acropora//aln_seqs/led5162.nt.aln.nex ...
Reading alignment file examples/Acropora//aln_seqs/led5162.nt.aln ... Fasta format detected
Alignment most likely contains DNA/RNA sequences
Alignment has 5 sequences with 1587 columns, 57 distinct patterns
22 parsimony-informative, 60 singleton sites, 1505 constant sites
                          Gap/Ambiguity  Composition  p-value
   1  Adif_sc0000044.g154.t1      0.00%    passed     99.69%
   2  Aech_sc0000083.g23756.t1    0.00%    passed     99.57%
   3  Agem_sc0000024.g24592.t1    0.00%    passed     99.99%
   4  Asub_sc0000058.g8403.t1     0.00%    passed     99.56%
   5  Aten_sc0000049.g281.t1      0.00%    passed     97.00%
****  TOTAL                       0.00%  0 sequences failed composition chi2 test (p-value<5%; df=3)
NOTE: No CharPartition defined, use all CharSets

Loading 3 partitions...
Subset	Type	Seqs	Sites	Infor	Invar	Model	Name
1		5	529	7	508	MFPMERGE	p1
2		5	529	6	510	MFPMERGE	p2
3		5	529	9	487	MFPMERGE	p3
Degree of missing data: 0.000
Info: multi-threading strategy over partitions



Create initial parsimony tree by phylogenetic likelihood library (PLL)... 0.000 seconds
NOTE: ModelFinder requires 0 MB RAM!
Testing GTR+F+G on supermatrix...
WARNING: Number of threads seems too high for short alignments. Use -nt AUTO to determine best number of threads.
GTR+F+G4 / LnL: -2745.922 / df: 16 / AIC: 5523.844 / AICc: 5524.191 / BIC: 5609.758
Selecting individual models for 3 charsets using BIC...
 No. Model        Score       Charset
   1 F81+F        1781.183    p1
   2 HKY+F        1738.619    p2
   3 HKY+F+I      2011.037    p3
Full partition model BIC score: 5591.537 (LnL: -2718.388  df:21)
Merging models to increase model fit (about 7 total partition schemes)...
   4 HKY+F        5587.815    p1+p2
   5 HKY+F+I      5580.473    p2+p3
   6 HKY+F+I      5601.845    p1+p3
Merging p2+p3 with BIC score: 5580.473 (LnL: -2731.280  df: 16)
   7 HKY+F+I      5585.047    p1+p2+p3
BEST-FIT PARTITION MODEL: 
  charpartition BIC = F81+F: p1, HKY+F+I: p2 p3;
Agglomerative model selection: (p1,(p2,p3)1:5580.47)
Merging into 2 partitions...
Partition information was printed to examples/Acropora//aln_seqs/led5162.nt.aln.nex.best_scheme.nex
Partition information in Raxml format was printed to examples/Acropora//aln_seqs/led5162.nt.aln.nex.best_scheme

All model information printed to examples/Acropora//aln_seqs/led5162.nt.aln.nex.model.gz
CPU time for ModelFinder: 0.961 seconds (0h:0m:0s)
Wall-clock time for ModelFinder: 38.987 seconds (0h:0m:38s)
Generating 1000 samples for ultrafast bootstrap (seed: 662829)...

NOTE: 0 MB RAM (0 GB) is required!
Estimate model parameters (epsilon = 0.100)
Initial log-likelihood: -2749.570
Current log-likelihood at step 1: -2737.873
Current log-likelihood at step 2: -2736.475
Current log-likelihood at step 3: -2731.265
Current log-likelihood at step 4: -2731.262
Partition-specific rates:  0.716 1.142
Parameters optimization took 3 rounds (1.014 sec)

Computing ML distances based on estimated model parameters... 0.001 sec
Computing BIONJ tree...
0.118 seconds
Log-likelihood of BIONJ tree: -2731.262
--------------------------------------------------------------------
|             INITIALIZING CANDIDATE TREE SET                      |
--------------------------------------------------------------------
Generating 99 parsimony trees... 1.257 second
Computing log-likelihood of 4 initial trees ... 0.929 seconds
Current best score: -2731.262

Do NNI search on 5 best initial trees
Finish initializing candidate tree set (5)
Current best tree score: -2731.262 / CPU time: 6.118
Number of iterations: 5
--------------------------------------------------------------------
|               OPTIMIZING CANDIDATE TREE SET                      |
--------------------------------------------------------------------
UPDATE BEST LOG-LIKELIHOOD: -2731.262
Iteration 10 / LogL: -2745.453 / Time: 0h:0m:15s
Iteration 20 / LogL: -2731.262 / Time: 0h:0m:32s
Iteration 30 / LogL: -2731.262 / Time: 0h:0m:50s (0h:2m:0s left)
Iteration 40 / LogL: -2731.262 / Time: 0h:1m:6s (0h:1m:41s left)
Iteration 50 / LogL: -2731.262 / Time: 0h:1m:20s (0h:1m:21s left)
Log-likelihood cutoff on original alignment: -2747.609
Iteration 60 / LogL: -2731.262 / Time: 0h:1m:38s (0h:1m:6s left)
Iteration 70 / LogL: -2731.262 / Time: 0h:1m:55s (0h:0m:50s left)
Iteration 80 / LogL: -2731.262 / Time: 0h:2m:14s (0h:0m:34s left)
Iteration 90 / LogL: -2731.262 / Time: 0h:2m:25s (0h:0m:16s left)
Iteration 100 / LogL: -2731.262 / Time: 0h:2m:38s (0h:0m:0s left)
Log-likelihood cutoff on original alignment: -2747.609
NOTE: Bootstrap correlation coefficient of split occurrence frequencies: 1.000
TREE SEARCH COMPLETED AFTER 101 ITERATIONS / Time: 0h:2m:41s

--------------------------------------------------------------------
|                    FINALIZING TREE SEARCH                        |
--------------------------------------------------------------------
Performs final model parameters optimization
Estimate model parameters (epsilon = 0.010)
Initial log-likelihood: -2731.262
Current log-likelihood at step 1: -2731.261
Partition-specific rates:  0.716 1.142
Parameters optimization took 0 rounds (0.120 sec)

BEST SCORE FOUND : -2731.261
Creating bootstrap support values...
Split supports printed to NEXUS file examples/Acropora//aln_seqs/led5162.nt.aln.nex.splits.nex
Total tree length: 0.061

Total number of iterations: 101
CPU time used for tree search: 5.077 sec (0h:0m:5s)
Wall-clock time used for tree search: 159.227 sec (0h:2m:39s)
Total CPU time used: 5.214 sec (0h:0m:5s)
Total wall-clock time used: 163.526 sec (0h:2m:43s)

Computing bootstrap consensus tree...
Reading input file examples/Acropora//aln_seqs/led5162.nt.aln.nex.splits.nex...
5 taxa and 10 splits.
Consensus tree written to examples/Acropora//aln_seqs/led5162.nt.aln.nex.contree
Reading input trees file examples/Acropora//aln_seqs/led5162.nt.aln.nex.contree
Log-likelihood of consensus tree: -2731.261

Analysis results written to: 
  IQ-TREE report:                examples/Acropora//aln_seqs/led5162.nt.aln.nex.iqtree
  Maximum-likelihood tree:       examples/Acropora//aln_seqs/led5162.nt.aln.nex.treefile
  Likelihood distances:          examples/Acropora//aln_seqs/led5162.nt.aln.nex.mldist
  Best partitioning scheme:      examples/Acropora//aln_seqs/led5162.nt.aln.nex.best_scheme.nex
           in RAxML format:      examples/Acropora//aln_seqs/led5162.nt.aln.nex.best_scheme

Ultrafast bootstrap approximation results written to:
  Split support values:          examples/Acropora//aln_seqs/led5162.nt.aln.nex.splits.nex
  Consensus tree:                examples/Acropora//aln_seqs/led5162.nt.aln.nex.contree
  Screen log file:               examples/Acropora//aln_seqs/led5162.nt.aln.nex.log

Date and Time: Sat Jan 12 16:29:27 2019
