IQ-TREE multicore version 1.6.8 for Linux 64-bit built Oct 28 2018
Developed by Bui Quang Minh, Nguyen Lam Tung, Olga Chernomor,
Heiko Schmidt, Dominik Schrempf, Michael Woodhams.

Host:    sango10206.oist.jp (AVX2, FMA3, 125 GB RAM)
Command: iqtree -s examples/Acropora//aln_seqs/led5901.nt.aln -bb 1000 -redo -nt 3 -spp examples/Acropora//aln_seqs/led5901.nt.aln.nex -m MFPMERGE
Seed:    193703 (Using SPRNG - Scalable Parallel Random Number Generator)
Time:    Sat Jan 12 16:11:58 2019
Kernel:  AVX+FMA - 3 threads (24 CPU cores detected)

Reading partition model file examples/Acropora//aln_seqs/led5901.nt.aln.nex ...
Reading alignment file examples/Acropora//aln_seqs/led5901.nt.aln ... Fasta format detected
Alignment most likely contains DNA/RNA sequences
Alignment has 5 sequences with 1101 columns, 26 distinct patterns
2 parsimony-informative, 37 singleton sites, 1062 constant sites
                          Gap/Ambiguity  Composition  p-value
   1  Adif_sc0000072.g241.t1      0.00%    passed     99.90%
   2  Aech_sc0000139.g14388.t1    0.00%    passed     99.97%
   3  Agem_sc0000300.g17987.t1    0.00%    passed     99.92%
   4  Asub_sc0000317.g5491.t1     0.00%    passed    100.00%
   5  Aten_sc0000088.g377.t1      0.00%    passed     99.97%
****  TOTAL                       0.00%  0 sequences failed composition chi2 test (p-value<5%; df=3)
NOTE: No CharPartition defined, use all CharSets

Loading 3 partitions...
Subset	Type	Seqs	Sites	Infor	Invar	Model	Name
1		5	367	0	362	MFPMERGE	p1
WARNING: No parsimony-informative sites in partition p1
2		5	367	1	361	MFPMERGE	p2
3		5	367	1	339	MFPMERGE	p3
Degree of missing data: 0.000
Info: multi-threading strategy over partitions



Create initial parsimony tree by phylogenetic likelihood library (PLL)... 0.191 seconds
NOTE: ModelFinder requires 0 MB RAM!
Testing GTR+F+G on supermatrix...
WARNING: Number of threads seems too high for short alignments. Use -nt AUTO to determine best number of threads.
GTR+F+G4 / LnL: -1765.448 / df: 16 / AIC: 3562.895 / AICc: 3563.397 / BIC: 3642.959
Selecting individual models for 3 charsets using BIC...
 No. Model        Score       Charset
   1 F81+F        1096.837    p1
   2 HKY+F        1323.773    p3
   3 K2P          1120.057    p2
Full partition model BIC score: 3594.777 (LnL: -1737.855  df:17)
Merging models to increase model fit (about 7 total partition schemes)...
   4 K3P          3619.250    p1+p3
   5 HKY+F        3595.258    p2+p3
   6 K2P          3587.714    p1+p2
Merging p1+p2 with BIC score: 3587.714 (LnL: -1748.331  df: 13)
   7 K3P          3613.550    p1+p2+p3
BEST-FIT PARTITION MODEL: 
  charpartition BIC = K2P: p1 p2, HKY+F: p3;
Agglomerative model selection: ((p1,p2)1:3587.71,p3)
Merging into 2 partitions...
Partition information was printed to examples/Acropora//aln_seqs/led5901.nt.aln.nex.best_scheme.nex
Partition information in Raxml format was printed to examples/Acropora//aln_seqs/led5901.nt.aln.nex.best_scheme

All model information printed to examples/Acropora//aln_seqs/led5901.nt.aln.nex.model.gz
CPU time for ModelFinder: 1.434 seconds (0h:0m:1s)
Wall-clock time for ModelFinder: 53.937 seconds (0h:0m:53s)
WARNING: 3 threads for alignment length 13 will slow down analysis
WARNING: 3 threads for alignment length 23 will slow down analysis
Generating 1000 samples for ultrafast bootstrap (seed: 193703)...
WARNING: 3 threads for alignment length 13 will slow down analysis
WARNING: 3 threads for alignment length 23 will slow down analysis

NOTE: 0 MB RAM (0 GB) is required!
Estimate model parameters (epsilon = 0.100)
Initial log-likelihood: -1779.935
Current log-likelihood at step 1: -1748.331
Current log-likelihood at step 2: -1748.330
Partition-specific rates:  0.444 2.113
Parameters optimization took 1 rounds (0.259 sec)

Computing ML distances based on estimated model parameters... 0.014 sec
Computing BIONJ tree...
0.136 seconds
Log-likelihood of BIONJ tree: -1747.705
--------------------------------------------------------------------
|             INITIALIZING CANDIDATE TREE SET                      |
--------------------------------------------------------------------
Generating 98 parsimony trees... 1.535 second
Computing log-likelihood of 11 initial trees ... 1.774 seconds
Current best score: -1747.705

Do NNI search on 13 best initial trees
Iteration 10 / LogL: -1747.717 / Time: 0h:0m:8s
Finish initializing candidate tree set (13)
Current best tree score: -1747.705 / CPU time: 9.740
Number of iterations: 13
--------------------------------------------------------------------
|               OPTIMIZING CANDIDATE TREE SET                      |
--------------------------------------------------------------------
UPDATE BEST LOG-LIKELIHOOD: -1747.705
Iteration 20 / LogL: -1747.717 / Time: 0h:0m:16s
Iteration 30 / LogL: -1747.705 / Time: 0h:0m:25s (0h:1m:1s left)
Iteration 40 / LogL: -1748.330 / Time: 0h:0m:33s (0h:0m:51s left)
Iteration 50 / LogL: -1748.330 / Time: 0h:0m:42s (0h:0m:43s left)
Log-likelihood cutoff on original alignment: -1751.961
Iteration 60 / LogL: -1747.717 / Time: 0h:0m:50s (0h:0m:34s left)
Iteration 70 / LogL: -1748.330 / Time: 0h:0m:58s (0h:0m:25s left)
Iteration 80 / LogL: -1747.717 / Time: 0h:1m:6s (0h:0m:16s left)
Iteration 90 / LogL: -1747.705 / Time: 0h:1m:13s (0h:0m:8s left)
Iteration 100 / LogL: -1747.793 / Time: 0h:1m:22s (0h:0m:0s left)
Log-likelihood cutoff on original alignment: -1752.471
NOTE: Bootstrap correlation coefficient of split occurrence frequencies: 0.990
TREE SEARCH COMPLETED AFTER 101 ITERATIONS / Time: 0h:1m:24s

--------------------------------------------------------------------
|                    FINALIZING TREE SEARCH                        |
--------------------------------------------------------------------
Performs final model parameters optimization
Estimate model parameters (epsilon = 0.010)
Initial log-likelihood: -1747.705
Current log-likelihood at step 1: -1747.631
Current log-likelihood at step 2: -1747.631
Partition-specific rates:  0.405 2.191
Parameters optimization took 1 rounds (0.150 sec)

BEST SCORE FOUND : -1747.631
Creating bootstrap support values...
Split supports printed to NEXUS file examples/Acropora//aln_seqs/led5901.nt.aln.nex.splits.nex
Total tree length: 0.037

Total number of iterations: 101
CPU time used for tree search: 2.640 sec (0h:0m:2s)
Wall-clock time used for tree search: 83.121 sec (0h:1m:23s)
Total CPU time used: 2.721 sec (0h:0m:2s)
Total wall-clock time used: 86.159 sec (0h:1m:26s)

Computing bootstrap consensus tree...
Reading input file examples/Acropora//aln_seqs/led5901.nt.aln.nex.splits.nex...
5 taxa and 15 splits.
Consensus tree written to examples/Acropora//aln_seqs/led5901.nt.aln.nex.contree
Reading input trees file examples/Acropora//aln_seqs/led5901.nt.aln.nex.contree
Log-likelihood of consensus tree: -1747.631

Analysis results written to: 
  IQ-TREE report:                examples/Acropora//aln_seqs/led5901.nt.aln.nex.iqtree
  Maximum-likelihood tree:       examples/Acropora//aln_seqs/led5901.nt.aln.nex.treefile
  Likelihood distances:          examples/Acropora//aln_seqs/led5901.nt.aln.nex.mldist
  Best partitioning scheme:      examples/Acropora//aln_seqs/led5901.nt.aln.nex.best_scheme.nex
           in RAxML format:      examples/Acropora//aln_seqs/led5901.nt.aln.nex.best_scheme

Ultrafast bootstrap approximation results written to:
  Split support values:          examples/Acropora//aln_seqs/led5901.nt.aln.nex.splits.nex
  Consensus tree:                examples/Acropora//aln_seqs/led5901.nt.aln.nex.contree
  Screen log file:               examples/Acropora//aln_seqs/led5901.nt.aln.nex.log

Date and Time: Sat Jan 12 16:14:20 2019
