IQ-TREE multicore version 1.6.8 for Linux 64-bit built Oct 28 2018
Developed by Bui Quang Minh, Nguyen Lam Tung, Olga Chernomor,
Heiko Schmidt, Dominik Schrempf, Michael Woodhams.

Host:    sango10206.oist.jp (AVX2, FMA3, 125 GB RAM)
Command: iqtree -s examples/Acropora//aln_seqs/led5928.nt.aln -bb 1000 -redo -nt 3 -spp examples/Acropora//aln_seqs/led5928.nt.aln.nex -m MFPMERGE
Seed:    141669 (Using SPRNG - Scalable Parallel Random Number Generator)
Time:    Sat Jan 12 16:34:32 2019
Kernel:  AVX+FMA - 3 threads (24 CPU cores detected)

Reading partition model file examples/Acropora//aln_seqs/led5928.nt.aln.nex ...
Reading alignment file examples/Acropora//aln_seqs/led5928.nt.aln ... Fasta format detected
Alignment most likely contains DNA/RNA sequences
Alignment has 5 sequences with 1353 columns, 38 distinct patterns
12 parsimony-informative, 68 singleton sites, 1273 constant sites
                          Gap/Ambiguity  Composition  p-value
   1  Adif_sc0000072.g335.t1      0.00%    passed     98.39%
   2  Aech_sc0000127.g15509.t1    0.00%    passed     98.87%
   3  Agem_sc0000314.g27000.t1    0.00%    passed     98.39%
   4  Asub_sc0000029.g9051.t1     0.00%    passed     97.46%
   5  Aten_sc0000019.g433.t1      7.98%    passed     42.93%
****  TOTAL                       1.60%  0 sequences failed composition chi2 test (p-value<5%; df=3)
NOTE: No CharPartition defined, use all CharSets

Loading 3 partitions...
Subset	Type	Seqs	Sites	Infor	Invar	Model	Name
1		5	451	0	433	MFPMERGE	p1
WARNING: No parsimony-informative sites in partition p1
2		5	451	0	438	MFPMERGE	p2
WARNING: No parsimony-informative sites in partition p2
3		5	451	12	402	MFPMERGE	p3
Degree of missing data: 0.000
Info: multi-threading strategy over partitions



Create initial parsimony tree by phylogenetic likelihood library (PLL)... 0.000 seconds
NOTE: ModelFinder requires 0 MB RAM!
Testing GTR+F+G on supermatrix...
WARNING: Number of threads seems too high for short alignments. Use -nt AUTO to determine best number of threads.
GTR+F+G4 / LnL: -2321.726 / df: 16 / AIC: 4675.452 / AICc: 4675.859 / BIC: 4758.813
Selecting individual models for 3 charsets using BIC...
 No. Model        Score       Charset
   1 F81+F        1374.786    p2
   2 F81+F        1456.660    p1
   3 K2P          1801.789    p3
Full partition model BIC score: 4687.481 (LnL: -2286.060  df:16)
Merging models to increase model fit (about 7 total partition schemes)...
   4 F81+F        4705.279    p1+p2
   5 K2P          4698.207    p1+p3
   6 HKY+F        4713.443    p2+p3
BEST-FIT PARTITION MODEL: 
  charpartition BIC = F81+F: p1, F81+F: p2, K2P: p3;
Agglomerative model selection: (p1,p2,p3)
Partition information was printed to examples/Acropora//aln_seqs/led5928.nt.aln.nex.best_scheme.nex
Partition information in Raxml format was printed to examples/Acropora//aln_seqs/led5928.nt.aln.nex.best_scheme

All model information printed to examples/Acropora//aln_seqs/led5928.nt.aln.nex.model.gz
CPU time for ModelFinder: 0.572 seconds (0h:0m:0s)
Wall-clock time for ModelFinder: 19.748 seconds (0h:0m:19s)
Generating 1000 samples for ultrafast bootstrap (seed: 141669)...

NOTE: 0 MB RAM (0 GB) is required!
WARNING: Number of threads seems too high for short alignments. Use -nt AUTO to determine best number of threads.
Estimate model parameters (epsilon = 0.100)
Initial log-likelihood: -2312.063
Current log-likelihood at step 1: -2289.256
Current log-likelihood at step 2: -2285.946
Current log-likelihood at step 3: -2285.946
Partition-specific rates:  0.632 0.453 1.915
Parameters optimization took 2 rounds (0.169 sec)

Computing ML distances based on estimated model parameters... 0.000 sec
Computing BIONJ tree...
0.513 seconds
Log-likelihood of BIONJ tree: -2285.946
--------------------------------------------------------------------
|             INITIALIZING CANDIDATE TREE SET                      |
--------------------------------------------------------------------
Generating 99 parsimony trees... 2.206 second
Computing log-likelihood of 4 initial trees ... 0.537 seconds
Current best score: -2285.946

Do NNI search on 5 best initial trees
Finish initializing candidate tree set (5)
Current best tree score: -2285.946 / CPU time: 6.120
Number of iterations: 5
--------------------------------------------------------------------
|               OPTIMIZING CANDIDATE TREE SET                      |
--------------------------------------------------------------------
Iteration 10 / LogL: -2285.946 / Time: 0h:0m:11s
Iteration 20 / LogL: -2285.946 / Time: 0h:0m:20s
Iteration 30 / LogL: -2285.946 / Time: 0h:0m:32s (0h:1m:18s left)
Iteration 40 / LogL: -2285.946 / Time: 0h:0m:42s (0h:1m:5s left)
Iteration 50 / LogL: -2285.950 / Time: 0h:0m:53s (0h:0m:54s left)
Log-likelihood cutoff on original alignment: -2298.961
Iteration 60 / LogL: -2285.946 / Time: 0h:1m:9s (0h:0m:46s left)
Iteration 70 / LogL: -2288.553 / Time: 0h:1m:21s (0h:0m:35s left)
Iteration 80 / LogL: -2285.946 / Time: 0h:1m:30s (0h:0m:22s left)
Iteration 90 / LogL: -2285.950 / Time: 0h:1m:40s (0h:0m:11s left)
Iteration 100 / LogL: -2285.950 / Time: 0h:1m:49s (0h:0m:0s left)
Log-likelihood cutoff on original alignment: -2298.961
NOTE: Bootstrap correlation coefficient of split occurrence frequencies: 1.000
TREE SEARCH COMPLETED AFTER 101 ITERATIONS / Time: 0h:1m:51s

--------------------------------------------------------------------
|                    FINALIZING TREE SEARCH                        |
--------------------------------------------------------------------
Performs final model parameters optimization
Estimate model parameters (epsilon = 0.010)
Initial log-likelihood: -2285.946
Current log-likelihood at step 1: -2285.946
Partition-specific rates:  0.632 0.453 1.915
Parameters optimization took 0 rounds (0.041 sec)

BEST SCORE FOUND : -2285.946
Creating bootstrap support values...
Split supports printed to NEXUS file examples/Acropora//aln_seqs/led5928.nt.aln.nex.splits.nex
Total tree length: 0.069

Total number of iterations: 101
CPU time used for tree search: 3.625 sec (0h:0m:3s)
Wall-clock time used for tree search: 110.333 sec (0h:1m:50s)
Total CPU time used: 3.705 sec (0h:0m:3s)
Total wall-clock time used: 113.095 sec (0h:1m:53s)

Computing bootstrap consensus tree...
Reading input file examples/Acropora//aln_seqs/led5928.nt.aln.nex.splits.nex...
5 taxa and 10 splits.
Consensus tree written to examples/Acropora//aln_seqs/led5928.nt.aln.nex.contree
Reading input trees file examples/Acropora//aln_seqs/led5928.nt.aln.nex.contree
Log-likelihood of consensus tree: -2285.946

Analysis results written to: 
  IQ-TREE report:                examples/Acropora//aln_seqs/led5928.nt.aln.nex.iqtree
  Maximum-likelihood tree:       examples/Acropora//aln_seqs/led5928.nt.aln.nex.treefile
  Likelihood distances:          examples/Acropora//aln_seqs/led5928.nt.aln.nex.mldist
  Best partitioning scheme:      examples/Acropora//aln_seqs/led5928.nt.aln.nex.best_scheme.nex
           in RAxML format:      examples/Acropora//aln_seqs/led5928.nt.aln.nex.best_scheme

Ultrafast bootstrap approximation results written to:
  Split support values:          examples/Acropora//aln_seqs/led5928.nt.aln.nex.splits.nex
  Consensus tree:                examples/Acropora//aln_seqs/led5928.nt.aln.nex.contree
  Screen log file:               examples/Acropora//aln_seqs/led5928.nt.aln.nex.log

Date and Time: Sat Jan 12 16:36:47 2019
