IQ-TREE multicore version 1.6.8 for Linux 64-bit built Oct 28 2018
Developed by Bui Quang Minh, Nguyen Lam Tung, Olga Chernomor,
Heiko Schmidt, Dominik Schrempf, Michael Woodhams.

Host:    sango10206.oist.jp (AVX2, FMA3, 125 GB RAM)
Command: iqtree -s examples/Acropora//aln_seqs/led5423.nt.aln -bb 1000 -redo -nt 3 -spp examples/Acropora//aln_seqs/led5423.nt.aln.nex -m MFPMERGE
Seed:    422313 (Using SPRNG - Scalable Parallel Random Number Generator)
Time:    Sat Jan 12 16:34:46 2019
Kernel:  AVX+FMA - 3 threads (24 CPU cores detected)

Reading partition model file examples/Acropora//aln_seqs/led5423.nt.aln.nex ...
Reading alignment file examples/Acropora//aln_seqs/led5423.nt.aln ... Fasta format detected
Alignment most likely contains DNA/RNA sequences
Alignment has 5 sequences with 1806 columns, 99 distinct patterns
43 parsimony-informative, 83 singleton sites, 1680 constant sites
                          Gap/Ambiguity  Composition  p-value
   1  Adif_sc0000050.g353.t1     17.61%    passed     94.27%
   2  Agem_sc0000127.g16625.t1   29.57%    passed     73.80%
   3  Asub_sc0000156.g1553.t1    29.57%    passed     92.49%
   4  Aten_sc0000063.g92.t1       1.16%    passed     78.34%
   5  Aech_sc0000028.g19027.t1   33.06%    passed     63.86%
****  TOTAL                      22.19%  0 sequences failed composition chi2 test (p-value<5%; df=3)
NOTE: No CharPartition defined, use all CharSets

Loading 3 partitions...
Subset	Type	Seqs	Sites	Infor	Invar	Model	Name
1		5	602	13	559	MFPMERGE	p1
2		5	602	10	578	MFPMERGE	p2
3		5	602	20	543	MFPMERGE	p3
Degree of missing data: 0.000
Info: multi-threading strategy over partitions



Create initial parsimony tree by phylogenetic likelihood library (PLL)... 0.000 seconds
NOTE: ModelFinder requires 1 MB RAM!
Testing GTR+F+G on supermatrix...
WARNING: Number of threads seems too high for short alignments. Use -nt AUTO to determine best number of threads.
GTR+F+G4 / LnL: -3239.132 / df: 16 / AIC: 6510.264 / AICc: 6510.568 / BIC: 6598.246
Selecting individual models for 3 charsets using BIC...
 No. Model        Score       Charset
   1 HKY+F        2178.669    p1
   2 F81+F+I      1965.126    p2
   3 HKY+F        2353.429    p3
Full partition model BIC score: 6558.696 (LnL: -3200.610  df:21)
Merging models to increase model fit (about 7 total partition schemes)...
   4 HKY+F        6549.584    p1+p3
   5 HKY+F        6597.708    p1+p2
   6 HKY+F+I      6556.450    p2+p3
Merging p1+p3 with BIC score: 6549.584 (LnL: -3214.801  df: 16)
   7 HKY+F+I      6575.242    p1+p2+p3
BEST-FIT PARTITION MODEL: 
  charpartition BIC = HKY+F: p1 p3, F81+F+I: p2;
Agglomerative model selection: ((p1,p3)1:6549.58,p2)
Merging into 2 partitions...
Partition information was printed to examples/Acropora//aln_seqs/led5423.nt.aln.nex.best_scheme.nex
Partition information in Raxml format was printed to examples/Acropora//aln_seqs/led5423.nt.aln.nex.best_scheme

All model information printed to examples/Acropora//aln_seqs/led5423.nt.aln.nex.model.gz
CPU time for ModelFinder: 1.605 seconds (0h:0m:1s)
Wall-clock time for ModelFinder: 60.941 seconds (0h:1m:0s)
Generating 1000 samples for ultrafast bootstrap (seed: 422313)...

NOTE: 0 MB RAM (0 GB) is required!
Estimate model parameters (epsilon = 0.100)
Initial log-likelihood: -3236.228
Current log-likelihood at step 1: -3214.421
Current log-likelihood at step 2: -3214.344
Partition-specific rates:  1.191 0.617
Parameters optimization took 1 rounds (0.378 sec)

Computing ML distances based on estimated model parameters... 0.002 sec
Computing BIONJ tree...
0.166 seconds
Log-likelihood of BIONJ tree: -3214.344
--------------------------------------------------------------------
|             INITIALIZING CANDIDATE TREE SET                      |
--------------------------------------------------------------------
Generating 99 parsimony trees... 1.748 second
Computing log-likelihood of 4 initial trees ... 1.007 seconds
Current best score: -3213.460

Do NNI search on 5 best initial trees
UPDATE BEST LOG-LIKELIHOOD: -3213.460
Finish initializing candidate tree set (5)
Current best tree score: -3213.460 / CPU time: 7.729
Number of iterations: 5
--------------------------------------------------------------------
|               OPTIMIZING CANDIDATE TREE SET                      |
--------------------------------------------------------------------
UPDATE BEST LOG-LIKELIHOOD: -3213.460
Iteration 10 / LogL: -3213.460 / Time: 0h:0m:19s
UPDATE BEST LOG-LIKELIHOOD: -3213.460
Iteration 20 / LogL: -3213.464 / Time: 0h:0m:33s
Iteration 30 / LogL: -3213.466 / Time: 0h:0m:47s (0h:1m:53s left)
Iteration 40 / LogL: -3213.467 / Time: 0h:1m:5s (0h:1m:41s left)
Iteration 50 / LogL: -3214.077 / Time: 0h:1m:20s (0h:1m:22s left)
Log-likelihood cutoff on original alignment: -3217.859
Iteration 60 / LogL: -3213.467 / Time: 0h:1m:36s (0h:1m:5s left)
Iteration 70 / LogL: -3213.463 / Time: 0h:1m:53s (0h:0m:49s left)
Iteration 80 / LogL: -3213.460 / Time: 0h:2m:4s (0h:0m:31s left)
Iteration 90 / LogL: -3213.464 / Time: 0h:2m:17s (0h:0m:15s left)
Iteration 100 / LogL: -3213.460 / Time: 0h:2m:30s (0h:0m:0s left)
Log-likelihood cutoff on original alignment: -3217.840
NOTE: Bootstrap correlation coefficient of split occurrence frequencies: 1.000
TREE SEARCH COMPLETED AFTER 101 ITERATIONS / Time: 0h:2m:32s

--------------------------------------------------------------------
|                    FINALIZING TREE SEARCH                        |
--------------------------------------------------------------------
Performs final model parameters optimization
Estimate model parameters (epsilon = 0.010)
Initial log-likelihood: -3213.460
Current log-likelihood at step 1: -3213.429
Current log-likelihood at step 2: -3213.428
Partition-specific rates:  1.194 0.611
Parameters optimization took 1 rounds (0.656 sec)

BEST SCORE FOUND : -3213.428
Creating bootstrap support values...
Split supports printed to NEXUS file examples/Acropora//aln_seqs/led5423.nt.aln.nex.splits.nex
Total tree length: 0.098

Total number of iterations: 101
CPU time used for tree search: 5.387 sec (0h:0m:5s)
Wall-clock time used for tree search: 150.170 sec (0h:2m:30s)
Total CPU time used: 5.522 sec (0h:0m:5s)
Total wall-clock time used: 154.327 sec (0h:2m:34s)

Computing bootstrap consensus tree...
Reading input file examples/Acropora//aln_seqs/led5423.nt.aln.nex.splits.nex...
5 taxa and 9 splits.
Consensus tree written to examples/Acropora//aln_seqs/led5423.nt.aln.nex.contree
Reading input trees file examples/Acropora//aln_seqs/led5423.nt.aln.nex.contree
Log-likelihood of consensus tree: -3213.428

Analysis results written to: 
  IQ-TREE report:                examples/Acropora//aln_seqs/led5423.nt.aln.nex.iqtree
  Maximum-likelihood tree:       examples/Acropora//aln_seqs/led5423.nt.aln.nex.treefile
  Likelihood distances:          examples/Acropora//aln_seqs/led5423.nt.aln.nex.mldist
  Best partitioning scheme:      examples/Acropora//aln_seqs/led5423.nt.aln.nex.best_scheme.nex
           in RAxML format:      examples/Acropora//aln_seqs/led5423.nt.aln.nex.best_scheme

Ultrafast bootstrap approximation results written to:
  Split support values:          examples/Acropora//aln_seqs/led5423.nt.aln.nex.splits.nex
  Consensus tree:                examples/Acropora//aln_seqs/led5423.nt.aln.nex.contree
  Screen log file:               examples/Acropora//aln_seqs/led5423.nt.aln.nex.log

Date and Time: Sat Jan 12 16:38:24 2019
