IQ-TREE multicore version 1.6.8 for Linux 64-bit built Oct 28 2018
Developed by Bui Quang Minh, Nguyen Lam Tung, Olga Chernomor,
Heiko Schmidt, Dominik Schrempf, Michael Woodhams.

Host:    sango10206.oist.jp (AVX2, FMA3, 125 GB RAM)
Command: iqtree -s examples/Acropora//aln_seqs/led5887.nt.aln -bb 1000 -redo -nt 3 -spp examples/Acropora//aln_seqs/led5887.nt.aln.nex -m MFPMERGE
Seed:    310086 (Using SPRNG - Scalable Parallel Random Number Generator)
Time:    Sat Jan 12 16:04:44 2019
Kernel:  AVX+FMA - 3 threads (24 CPU cores detected)

Reading partition model file examples/Acropora//aln_seqs/led5887.nt.aln.nex ...
Reading alignment file examples/Acropora//aln_seqs/led5887.nt.aln ... Fasta format detected
Alignment most likely contains DNA/RNA sequences
Alignment has 5 sequences with 750 columns, 28 distinct patterns
5 parsimony-informative, 24 singleton sites, 721 constant sites
                          Gap/Ambiguity  Composition  p-value
   1  Adif_sc0000071.g647.t1      0.00%    passed     99.76%
   2  Aech_sc0000004.g5884.t1     0.00%    passed     99.99%
   3  Agem_sc0000010.g9850.t1     0.80%    passed     99.76%
   4  Aten_sc0000004.g248.t1      0.00%    passed     99.55%
   5  Asub_sc0000007.g23975.t1    0.80%    passed     99.99%
****  TOTAL                       0.32%  0 sequences failed composition chi2 test (p-value<5%; df=3)
NOTE: No CharPartition defined, use all CharSets

Loading 3 partitions...
Subset	Type	Seqs	Sites	Infor	Invar	Model	Name
1		5	250	0	247	MFPMERGE	p1
WARNING: No parsimony-informative sites in partition p1
2		5	250	0	245	MFPMERGE	p2
WARNING: No parsimony-informative sites in partition p2
3		5	250	5	229	MFPMERGE	p3
Degree of missing data: 0.000
Info: multi-threading strategy over partitions



Create initial parsimony tree by phylogenetic likelihood library (PLL)... 0.000 seconds
NOTE: ModelFinder requires 0 MB RAM!
Testing GTR+F+G on supermatrix...
WARNING: Number of threads seems too high for short alignments. Use -nt AUTO to determine best number of threads.
GTR+F+G4 / LnL: -1223.156 / df: 16 / AIC: 2478.313 / AICc: 2479.055 / BIC: 2552.234
Selecting individual models for 3 charsets using BIC...
 No. Model        Score       Charset
   1 JC           744.975     p1
   2 JC           770.573     p2
   3 JC           955.199     p3
Full partition model BIC score: 2513.763 (LnL: -1227.091  df:9)
Merging models to increase model fit (about 7 total partition schemes)...
   4 JC           2507.624    p1+p2
   5 K2P          2518.118    p2+p3
   6 JC           2522.585    p1+p3
Merging p1+p2 with BIC score: 2507.624 (LnL: -1227.332  df: 8)
   7 K2P          2518.688    p1+p2+p3
BEST-FIT PARTITION MODEL: 
  charpartition BIC = JC: p1 p2, JC: p3;
Agglomerative model selection: ((p1,p2)1:2507.62,p3)
Merging into 2 partitions...
Partition information was printed to examples/Acropora//aln_seqs/led5887.nt.aln.nex.best_scheme.nex
Partition information in Raxml format was printed to examples/Acropora//aln_seqs/led5887.nt.aln.nex.best_scheme

All model information printed to examples/Acropora//aln_seqs/led5887.nt.aln.nex.model.gz
CPU time for ModelFinder: 0.628 seconds (0h:0m:0s)
Wall-clock time for ModelFinder: 32.412 seconds (0h:0m:32s)
WARNING: 3 threads for alignment length 12 will slow down analysis
Generating 1000 samples for ultrafast bootstrap (seed: 310086)...
WARNING: 3 threads for alignment length 12 will slow down analysis

NOTE: 0 MB RAM (0 GB) is required!
Estimate model parameters (epsilon = 0.100)
Initial log-likelihood: -1236.734
Current log-likelihood at step 1: -1227.331
Current log-likelihood at step 2: -1227.331
Partition-specific rates:  0.408 2.184
Parameters optimization took 1 rounds (0.145 sec)

Computing ML distances based on estimated model parameters... 0.004 sec
Computing BIONJ tree...
0.659 seconds
Log-likelihood of BIONJ tree: -1227.330
--------------------------------------------------------------------
|             INITIALIZING CANDIDATE TREE SET                      |
--------------------------------------------------------------------
Generating 99 parsimony trees... 1.423 second
Computing log-likelihood of 4 initial trees ... 1.068 seconds
Current best score: -1227.330

Do NNI search on 5 best initial trees
Finish initializing candidate tree set (5)
Current best tree score: -1227.330 / CPU time: 5.818
Number of iterations: 5
--------------------------------------------------------------------
|               OPTIMIZING CANDIDATE TREE SET                      |
--------------------------------------------------------------------
Iteration 10 / LogL: -1227.330 / Time: 0h:0m:13s
Iteration 20 / LogL: -1227.330 / Time: 0h:0m:25s
Iteration 30 / LogL: -1227.330 / Time: 0h:0m:44s (0h:1m:46s left)
Iteration 40 / LogL: -1227.330 / Time: 0h:0m:58s (0h:1m:28s left)
Iteration 50 / LogL: -1227.330 / Time: 0h:1m:15s (0h:1m:16s left)
Log-likelihood cutoff on original alignment: -1252.470
Iteration 60 / LogL: -1227.330 / Time: 0h:1m:31s (0h:1m:1s left)
Iteration 70 / LogL: -1227.330 / Time: 0h:1m:42s (0h:0m:44s left)
Iteration 80 / LogL: -1227.331 / Time: 0h:1m:53s (0h:0m:28s left)
Iteration 90 / LogL: -1227.330 / Time: 0h:2m:4s (0h:0m:13s left)
Iteration 100 / LogL: -1227.330 / Time: 0h:2m:15s (0h:0m:0s left)
Log-likelihood cutoff on original alignment: -1252.470
NOTE: Bootstrap correlation coefficient of split occurrence frequencies: 1.000
TREE SEARCH COMPLETED AFTER 101 ITERATIONS / Time: 0h:2m:17s

--------------------------------------------------------------------
|                    FINALIZING TREE SEARCH                        |
--------------------------------------------------------------------
Performs final model parameters optimization
Estimate model parameters (epsilon = 0.010)
Initial log-likelihood: -1227.330
Current log-likelihood at step 1: -1227.330
Partition-specific rates:  0.408 2.184
Parameters optimization took 0 rounds (0.083 sec)

BEST SCORE FOUND : -1227.330
Creating bootstrap support values...
Split supports printed to NEXUS file examples/Acropora//aln_seqs/led5887.nt.aln.nex.splits.nex
Total tree length: 0.039

Total number of iterations: 101
CPU time used for tree search: 3.395 sec (0h:0m:3s)
Wall-clock time used for tree search: 134.981 sec (0h:2m:14s)
Total CPU time used: 3.481 sec (0h:0m:3s)
Total wall-clock time used: 139.085 sec (0h:2m:19s)

Computing bootstrap consensus tree...
Reading input file examples/Acropora//aln_seqs/led5887.nt.aln.nex.splits.nex...
5 taxa and 15 splits.
Consensus tree written to examples/Acropora//aln_seqs/led5887.nt.aln.nex.contree
Reading input trees file examples/Acropora//aln_seqs/led5887.nt.aln.nex.contree
Log-likelihood of consensus tree: -1227.330

Analysis results written to: 
  IQ-TREE report:                examples/Acropora//aln_seqs/led5887.nt.aln.nex.iqtree
  Maximum-likelihood tree:       examples/Acropora//aln_seqs/led5887.nt.aln.nex.treefile
  Likelihood distances:          examples/Acropora//aln_seqs/led5887.nt.aln.nex.mldist
  Best partitioning scheme:      examples/Acropora//aln_seqs/led5887.nt.aln.nex.best_scheme.nex
           in RAxML format:      examples/Acropora//aln_seqs/led5887.nt.aln.nex.best_scheme

Ultrafast bootstrap approximation results written to:
  Split support values:          examples/Acropora//aln_seqs/led5887.nt.aln.nex.splits.nex
  Consensus tree:                examples/Acropora//aln_seqs/led5887.nt.aln.nex.contree
  Screen log file:               examples/Acropora//aln_seqs/led5887.nt.aln.nex.log

Date and Time: Sat Jan 12 16:07:37 2019
