IQ-TREE multicore version 1.6.8 for Linux 64-bit built Oct 28 2018
Developed by Bui Quang Minh, Nguyen Lam Tung, Olga Chernomor,
Heiko Schmidt, Dominik Schrempf, Michael Woodhams.

Host:    sango10206.oist.jp (AVX2, FMA3, 125 GB RAM)
Command: iqtree -s examples/Acropora//aln_seqs/led5663.nt.aln -bb 1000 -redo -nt 3 -spp examples/Acropora//aln_seqs/led5663.nt.aln.nex -m MFPMERGE
Seed:    352240 (Using SPRNG - Scalable Parallel Random Number Generator)
Time:    Sat Jan 12 16:50:54 2019
Kernel:  AVX+FMA - 3 threads (24 CPU cores detected)

Reading partition model file examples/Acropora//aln_seqs/led5663.nt.aln.nex ...
Reading alignment file examples/Acropora//aln_seqs/led5663.nt.aln ... Fasta format detected
Alignment most likely contains DNA/RNA sequences
Alignment has 5 sequences with 2832 columns, 149 distinct patterns
59 parsimony-informative, 184 singleton sites, 2589 constant sites
                          Gap/Ambiguity  Composition  p-value
   1  Adif_sc0000063.g241.t1      0.32%    passed     99.97%
   2  Aech_sc0000013.g28652.t1    6.67%    passed     97.29%
   3  Agem_sc0000055.g2880.t1     3.92%    passed     99.05%
   4  Asub_sc0000035.g12822.t1   16.00%    passed     95.81%
   5  Aten_sc0000273.g68.t1       6.14%    passed     90.39%
****  TOTAL                       6.61%  0 sequences failed composition chi2 test (p-value<5%; df=3)
NOTE: No CharPartition defined, use all CharSets

Loading 3 partitions...
Subset	Type	Seqs	Sites	Infor	Invar	Model	Name
1		5	944	25	869	MFPMERGE	p1
2		5	944	10	882	MFPMERGE	p2
3		5	944	24	838	MFPMERGE	p3
Degree of missing data: 0.000
Info: multi-threading strategy over partitions



Create initial parsimony tree by phylogenetic likelihood library (PLL)... 0.000 seconds
NOTE: ModelFinder requires 1 MB RAM!
Testing GTR+F+G on supermatrix...
WARNING: Number of threads seems too high for short alignments. Use -nt AUTO to determine best number of threads.
GTR+F+G4 / LnL: -5483.168 / df: 16 / AIC: 10998.337 / AICc: 10998.530 / BIC: 11093.517
Selecting individual models for 3 charsets using BIC...
 No. Model        Score       Charset
   1 HKY+F        3459.431    p2
   2 HKY+F+I      3947.839    p3
   3 TPM3+F+I     3584.766    p1
Full partition model BIC score: 11059.504 (LnL: -5434.367  df:24)
Merging models to increase model fit (about 7 total partition schemes)...
   4 HKY+F+I      11038.441   p2+p3
   5 TPM3u+F+I    11070.402   p1+p3
   6 HKY+F+I      11087.462   p1+p2
Merging p2+p3 with BIC score: 11038.441 (LnL: -5443.708  df: 19)
   7 HKY+F+I      11070.276   p1+p2+p3
BEST-FIT PARTITION MODEL: 
  charpartition BIC = TPM3+F+I: p1, HKY+F+I: p2 p3;
Agglomerative model selection: (p1,(p2,p3)1:11038.4)
Merging into 2 partitions...
Partition information was printed to examples/Acropora//aln_seqs/led5663.nt.aln.nex.best_scheme.nex
Partition information in Raxml format was printed to examples/Acropora//aln_seqs/led5663.nt.aln.nex.best_scheme

All model information printed to examples/Acropora//aln_seqs/led5663.nt.aln.nex.model.gz
CPU time for ModelFinder: 1.236 seconds (0h:0m:1s)
Wall-clock time for ModelFinder: 58.598 seconds (0h:0m:58s)
Generating 1000 samples for ultrafast bootstrap (seed: 352240)...

NOTE: 0 MB RAM (0 GB) is required!
Estimate model parameters (epsilon = 0.100)
Initial log-likelihood: -5479.476
Current log-likelihood at step 1: -5443.726
Current log-likelihood at step 2: -5443.702
Partition-specific rates:  0.972 1.014
Parameters optimization took 1 rounds (1.247 sec)

Computing ML distances based on estimated model parameters... 0.022 sec
Computing BIONJ tree...
0.333 seconds
Log-likelihood of BIONJ tree: -5445.065
--------------------------------------------------------------------
|             INITIALIZING CANDIDATE TREE SET                      |
--------------------------------------------------------------------
Generating 98 parsimony trees... 1.779 second
Computing log-likelihood of 3 initial trees ... 0.823 seconds
Current best score: -5443.702

Do NNI search on 5 best initial trees
Finish initializing candidate tree set (5)
Current best tree score: -5443.702 / CPU time: 7.839
Number of iterations: 5
--------------------------------------------------------------------
|               OPTIMIZING CANDIDATE TREE SET                      |
--------------------------------------------------------------------
Iteration 10 / LogL: -5443.716 / Time: 0h:0m:20s
UPDATE BEST LOG-LIKELIHOOD: -5443.702
UPDATE BEST LOG-LIKELIHOOD: -5443.702
Iteration 20 / LogL: -5443.702 / Time: 0h:0m:34s
Iteration 30 / LogL: -5443.702 / Time: 0h:0m:45s (0h:1m:47s left)
Iteration 40 / LogL: -5444.107 / Time: 0h:1m:0s (0h:1m:32s left)
Iteration 50 / LogL: -5443.717 / Time: 0h:1m:12s (0h:1m:13s left)
Log-likelihood cutoff on original alignment: -5445.476
Iteration 60 / LogL: -5443.702 / Time: 0h:1m:26s (0h:0m:58s left)
Iteration 70 / LogL: -5443.715 / Time: 0h:1m:41s (0h:0m:44s left)
Iteration 80 / LogL: -5443.715 / Time: 0h:1m:56s (0h:0m:29s left)
Iteration 90 / LogL: -5443.702 / Time: 0h:2m:14s (0h:0m:15s left)
Iteration 100 / LogL: -5443.717 / Time: 0h:2m:30s (0h:0m:0s left)
Log-likelihood cutoff on original alignment: -5445.476
NOTE: Bootstrap correlation coefficient of split occurrence frequencies: 1.000
TREE SEARCH COMPLETED AFTER 101 ITERATIONS / Time: 0h:2m:34s

--------------------------------------------------------------------
|                    FINALIZING TREE SEARCH                        |
--------------------------------------------------------------------
Performs final model parameters optimization
Estimate model parameters (epsilon = 0.010)
Initial log-likelihood: -5443.702
Current log-likelihood at step 1: -5443.697
Partition-specific rates:  0.973 1.014
Parameters optimization took 0 rounds (0.216 sec)

BEST SCORE FOUND : -5443.697
Creating bootstrap support values...
Split supports printed to NEXUS file examples/Acropora//aln_seqs/led5663.nt.aln.nex.splits.nex
Total tree length: 0.109

Total number of iterations: 101
CPU time used for tree search: 5.052 sec (0h:0m:5s)
Wall-clock time used for tree search: 148.153 sec (0h:2m:28s)
Total CPU time used: 5.240 sec (0h:0m:5s)
Total wall-clock time used: 155.528 sec (0h:2m:35s)

Computing bootstrap consensus tree...
Reading input file examples/Acropora//aln_seqs/led5663.nt.aln.nex.splits.nex...
5 taxa and 8 splits.
Consensus tree written to examples/Acropora//aln_seqs/led5663.nt.aln.nex.contree
Reading input trees file examples/Acropora//aln_seqs/led5663.nt.aln.nex.contree
Log-likelihood of consensus tree: -5443.697

Analysis results written to: 
  IQ-TREE report:                examples/Acropora//aln_seqs/led5663.nt.aln.nex.iqtree
  Maximum-likelihood tree:       examples/Acropora//aln_seqs/led5663.nt.aln.nex.treefile
  Likelihood distances:          examples/Acropora//aln_seqs/led5663.nt.aln.nex.mldist
  Best partitioning scheme:      examples/Acropora//aln_seqs/led5663.nt.aln.nex.best_scheme.nex
           in RAxML format:      examples/Acropora//aln_seqs/led5663.nt.aln.nex.best_scheme

Ultrafast bootstrap approximation results written to:
  Split support values:          examples/Acropora//aln_seqs/led5663.nt.aln.nex.splits.nex
  Consensus tree:                examples/Acropora//aln_seqs/led5663.nt.aln.nex.contree
  Screen log file:               examples/Acropora//aln_seqs/led5663.nt.aln.nex.log

Date and Time: Sat Jan 12 16:54:31 2019
