IQ-TREE multicore version 1.6.8 for Linux 64-bit built Oct 28 2018
Developed by Bui Quang Minh, Nguyen Lam Tung, Olga Chernomor,
Heiko Schmidt, Dominik Schrempf, Michael Woodhams.

Host:    sango10206.oist.jp (AVX2, FMA3, 125 GB RAM)
Command: iqtree -s examples/Acropora//aln_seqs/led5428.nt.aln -bb 1000 -redo -nt 3 -spp examples/Acropora//aln_seqs/led5428.nt.aln.nex -m MFPMERGE
Seed:    250413 (Using SPRNG - Scalable Parallel Random Number Generator)
Time:    Sat Jan 12 16:31:29 2019
Kernel:  AVX+FMA - 3 threads (24 CPU cores detected)

Reading partition model file examples/Acropora//aln_seqs/led5428.nt.aln.nex ...
Reading alignment file examples/Acropora//aln_seqs/led5428.nt.aln ... Fasta format detected
Alignment most likely contains DNA/RNA sequences
Alignment has 5 sequences with 2805 columns, 109 distinct patterns
42 parsimony-informative, 114 singleton sites, 2649 constant sites
                          Gap/Ambiguity  Composition  p-value
   1  Adif_sc0000051.g487.t1      0.11%    passed     99.81%
   2  Aech_sc0000121.g13952.t1   45.24%    passed     48.22%
   3  Agem_sc0000269.g13833.t1   20.53%    passed     95.79%
   4  Asub_sc0000172.g12406.t1   12.30%    passed     96.59%
   5  Aten_sc0000286.g16.t1       0.11%    passed     88.28%
****  TOTAL                      15.66%  0 sequences failed composition chi2 test (p-value<5%; df=3)
NOTE: No CharPartition defined, use all CharSets

Loading 3 partitions...
Subset	Type	Seqs	Sites	Infor	Invar	Model	Name
1		5	935	9	908	MFPMERGE	p1
2		5	935	8	919	MFPMERGE	p2
3		5	935	25	822	MFPMERGE	p3
Degree of missing data: 0.000
Info: multi-threading strategy over partitions



Create initial parsimony tree by phylogenetic likelihood library (PLL)... 0.000 seconds
NOTE: ModelFinder requires 0 MB RAM!
Testing GTR+F+G on supermatrix...
WARNING: Number of threads seems too high for short alignments. Use -nt AUTO to determine best number of threads.
GTR+F+G4 / LnL: -4874.406 / df: 16 / AIC: 9780.813 / AICc: 9781.008 / BIC: 9875.839
Selecting individual models for 3 charsets using BIC...
 No. Model        Score       Charset
   1 F81+F        2969.490    p1
   2 F81+F+I      2780.953    p2
   3 K3P          3867.044    p3
Full partition model BIC score: 9678.306 (LnL: -4767.701  df:18)
Merging models to increase model fit (about 7 total partition schemes)...
   4 F81+F        9724.169    p1+p2
   5 K2P          9752.381    p1+p3
   6 HKY+F+I      9792.889    p2+p3
BEST-FIT PARTITION MODEL: 
  charpartition BIC = F81+F: p1, F81+F+I: p2, K3P: p3;
Agglomerative model selection: (p1,p2,p3)
Partition information was printed to examples/Acropora//aln_seqs/led5428.nt.aln.nex.best_scheme.nex
Partition information in Raxml format was printed to examples/Acropora//aln_seqs/led5428.nt.aln.nex.best_scheme

All model information printed to examples/Acropora//aln_seqs/led5428.nt.aln.nex.model.gz
CPU time for ModelFinder: 0.659 seconds (0h:0m:0s)
Wall-clock time for ModelFinder: 24.562 seconds (0h:0m:24s)
Generating 1000 samples for ultrafast bootstrap (seed: 250413)...

NOTE: 0 MB RAM (0 GB) is required!
WARNING: Number of threads seems too high for short alignments. Use -nt AUTO to determine best number of threads.
Estimate model parameters (epsilon = 0.100)
Initial log-likelihood: -4858.996
Current log-likelihood at step 1: -4778.895
Current log-likelihood at step 2: -4770.337
Current log-likelihood at step 3: -4767.660
Current log-likelihood at step 4: -4767.660
Partition-specific rates:  0.472 0.356 2.172
Parameters optimization took 3 rounds (0.869 sec)

Computing ML distances based on estimated model parameters... 0.002 sec
Computing BIONJ tree...
0.972 seconds
Log-likelihood of BIONJ tree: -4767.206
--------------------------------------------------------------------
|             INITIALIZING CANDIDATE TREE SET                      |
--------------------------------------------------------------------
Generating 98 parsimony trees... 2.513 second
Computing log-likelihood of 5 initial trees ... 1.374 seconds
Current best score: -4767.206

Do NNI search on 7 best initial trees
Finish initializing candidate tree set (7)
Current best tree score: -4767.206 / CPU time: 10.137
Number of iterations: 7
--------------------------------------------------------------------
|               OPTIMIZING CANDIDATE TREE SET                      |
--------------------------------------------------------------------
Iteration 10 / LogL: -4767.206 / Time: 0h:0m:16s
UPDATE BEST LOG-LIKELIHOOD: -4767.206
Iteration 20 / LogL: -4767.206 / Time: 0h:0m:29s
Iteration 30 / LogL: -4767.251 / Time: 0h:0m:42s (0h:1m:43s left)
Iteration 40 / LogL: -4767.206 / Time: 0h:0m:53s (0h:1m:23s left)
Iteration 50 / LogL: -4767.298 / Time: 0h:1m:6s (0h:1m:7s left)
Log-likelihood cutoff on original alignment: -4769.488
Iteration 60 / LogL: -4767.207 / Time: 0h:1m:20s (0h:0m:54s left)
Iteration 70 / LogL: -4767.206 / Time: 0h:1m:33s (0h:0m:40s left)
Iteration 80 / LogL: -4767.207 / Time: 0h:1m:47s (0h:0m:27s left)
Iteration 90 / LogL: -4767.298 / Time: 0h:1m:59s (0h:0m:13s left)
Iteration 100 / LogL: -4767.206 / Time: 0h:2m:12s (0h:0m:0s left)
Log-likelihood cutoff on original alignment: -4769.480
NOTE: Bootstrap correlation coefficient of split occurrence frequencies: 1.000
TREE SEARCH COMPLETED AFTER 101 ITERATIONS / Time: 0h:2m:15s

--------------------------------------------------------------------
|                    FINALIZING TREE SEARCH                        |
--------------------------------------------------------------------
Performs final model parameters optimization
Estimate model parameters (epsilon = 0.010)
Initial log-likelihood: -4767.206
Current log-likelihood at step 1: -4767.149
Current log-likelihood at step 2: -4767.149
Partition-specific rates:  0.472 0.374 2.155
Parameters optimization took 1 rounds (0.570 sec)

BEST SCORE FOUND : -4767.149
Creating bootstrap support values...
Split supports printed to NEXUS file examples/Acropora//aln_seqs/led5428.nt.aln.nex.splits.nex
Total tree length: 0.071

Total number of iterations: 101
CPU time used for tree search: 3.602 sec (0h:0m:3s)
Wall-clock time used for tree search: 132.222 sec (0h:2m:12s)
Total CPU time used: 3.732 sec (0h:0m:3s)
Total wall-clock time used: 138.790 sec (0h:2m:18s)

Computing bootstrap consensus tree...
Reading input file examples/Acropora//aln_seqs/led5428.nt.aln.nex.splits.nex...
5 taxa and 9 splits.
Consensus tree written to examples/Acropora//aln_seqs/led5428.nt.aln.nex.contree
Reading input trees file examples/Acropora//aln_seqs/led5428.nt.aln.nex.contree
Log-likelihood of consensus tree: -4767.149

Analysis results written to: 
  IQ-TREE report:                examples/Acropora//aln_seqs/led5428.nt.aln.nex.iqtree
  Maximum-likelihood tree:       examples/Acropora//aln_seqs/led5428.nt.aln.nex.treefile
  Likelihood distances:          examples/Acropora//aln_seqs/led5428.nt.aln.nex.mldist
  Best partitioning scheme:      examples/Acropora//aln_seqs/led5428.nt.aln.nex.best_scheme.nex
           in RAxML format:      examples/Acropora//aln_seqs/led5428.nt.aln.nex.best_scheme

Ultrafast bootstrap approximation results written to:
  Split support values:          examples/Acropora//aln_seqs/led5428.nt.aln.nex.splits.nex
  Consensus tree:                examples/Acropora//aln_seqs/led5428.nt.aln.nex.contree
  Screen log file:               examples/Acropora//aln_seqs/led5428.nt.aln.nex.log

Date and Time: Sat Jan 12 16:34:15 2019
