IQ-TREE multicore version 1.6.8 for Linux 64-bit built Oct 28 2018
Developed by Bui Quang Minh, Nguyen Lam Tung, Olga Chernomor,
Heiko Schmidt, Dominik Schrempf, Michael Woodhams.

Host:    sango10206.oist.jp (AVX2, FMA3, 125 GB RAM)
Command: iqtree -s examples/Acropora//aln_seqs/led5097.nt.aln -bb 1000 -redo -nt 3 -spp examples/Acropora//aln_seqs/led5097.nt.aln.nex -m MFPMERGE
Seed:    736764 (Using SPRNG - Scalable Parallel Random Number Generator)
Time:    Sat Jan 12 16:03:23 2019
Kernel:  AVX+FMA - 3 threads (24 CPU cores detected)

Reading partition model file examples/Acropora//aln_seqs/led5097.nt.aln.nex ...
Reading alignment file examples/Acropora//aln_seqs/led5097.nt.aln ... Fasta format detected
Alignment most likely contains DNA/RNA sequences
Alignment has 5 sequences with 3852 columns, 129 distinct patterns
44 parsimony-informative, 190 singleton sites, 3618 constant sites
                          Gap/Ambiguity  Composition  p-value
   1  Adif_sc0000042.g318.t1      2.96%    passed     99.31%
   2  Aech_sc0000052.g11344.t1   12.69%    passed     95.60%
   3  Agem_sc0000070.g21592.t1   14.72%    passed     98.33%
   4  Asub_sc0000480.g19767.t1   13.47%    passed     98.93%
   5  Aten_sc0000013.g468.t1      0.16%    passed     94.33%
****  TOTAL                       8.80%  0 sequences failed composition chi2 test (p-value<5%; df=3)
NOTE: No CharPartition defined, use all CharSets

Loading 3 partitions...
Subset	Type	Seqs	Sites	Infor	Invar	Model	Name
1		5	1284	11	1220	MFPMERGE	p1
2		5	1284	15	1221	MFPMERGE	p2
3		5	1284	18	1177	MFPMERGE	p3
Degree of missing data: 0.000
Info: multi-threading strategy over partitions



Create initial parsimony tree by phylogenetic likelihood library (PLL)... 0.000 seconds
NOTE: ModelFinder requires 1 MB RAM!
Testing GTR+F+G on supermatrix...
WARNING: Number of threads seems too high for short alignments. Use -nt AUTO to determine best number of threads.
GTR+F+G4 / LnL: -6694.188 / df: 16 / AIC: 13420.376 / AICc: 13420.518 / BIC: 13520.478
Selecting individual models for 3 charsets using BIC...
 No. Model        Score       Charset
   1 HKY+F        4274.369    p1
   2 HKY+F        4360.521    p2
   3 HKY+F        4724.925    p3
Full partition model BIC score: 13425.833 (LnL: -6626.225  df:21)
Merging models to increase model fit (about 7 total partition schemes)...
   4 HKY+F        13471.692   p1+p3
   5 HKY+F        13457.611   p2+p3
   6 HKY+F        13440.339   p1+p2
BEST-FIT PARTITION MODEL: 
  charpartition BIC = HKY+F: p1, HKY+F: p2, HKY+F: p3;
Agglomerative model selection: (p1,p2,p3)
Partition information was printed to examples/Acropora//aln_seqs/led5097.nt.aln.nex.best_scheme.nex
Partition information in Raxml format was printed to examples/Acropora//aln_seqs/led5097.nt.aln.nex.best_scheme

All model information printed to examples/Acropora//aln_seqs/led5097.nt.aln.nex.model.gz
CPU time for ModelFinder: 0.766 seconds (0h:0m:0s)
Wall-clock time for ModelFinder: 11.496 seconds (0h:0m:11s)
Generating 1000 samples for ultrafast bootstrap (seed: 736764)...

NOTE: 0 MB RAM (0 GB) is required!
WARNING: Number of threads seems too high for short alignments. Use -nt AUTO to determine best number of threads.
Estimate model parameters (epsilon = 0.100)
Initial log-likelihood: -6672.717
Current log-likelihood at step 1: -6640.735
Current log-likelihood at step 2: -6636.114
Current log-likelihood at step 3: -6626.211
Current log-likelihood at step 4: -6626.211
Partition-specific rates:  0.791 0.803 1.405
Parameters optimization took 3 rounds (0.294 sec)

Computing ML distances based on estimated model parameters... 0.004 sec
Computing BIONJ tree...
0.002 seconds
Log-likelihood of BIONJ tree: -6626.211
--------------------------------------------------------------------
|             INITIALIZING CANDIDATE TREE SET                      |
--------------------------------------------------------------------
Generating 99 parsimony trees... 1.547 second
Computing log-likelihood of 4 initial trees ... 0.528 seconds
Current best score: -6626.211

Do NNI search on 5 best initial trees
Finish initializing candidate tree set (5)
Current best tree score: -6626.211 / CPU time: 5.464
Number of iterations: 5
--------------------------------------------------------------------
|               OPTIMIZING CANDIDATE TREE SET                      |
--------------------------------------------------------------------
Iteration 10 / LogL: -6626.211 / Time: 0h:0m:10s
Iteration 20 / LogL: -6626.211 / Time: 0h:0m:21s
Iteration 30 / LogL: -6626.211 / Time: 0h:0m:38s (0h:1m:33s left)
Iteration 40 / LogL: -6626.211 / Time: 0h:0m:56s (0h:1m:26s left)
Iteration 50 / LogL: -6626.211 / Time: 0h:1m:12s (0h:1m:13s left)
Log-likelihood cutoff on original alignment: -6646.165
Iteration 60 / LogL: -6626.211 / Time: 0h:1m:31s (0h:1m:2s left)
Iteration 70 / LogL: -6626.211 / Time: 0h:1m:50s (0h:0m:47s left)
Iteration 80 / LogL: -6626.211 / Time: 0h:2m:11s (0h:0m:33s left)
Iteration 90 / LogL: -6626.211 / Time: 0h:2m:26s (0h:0m:16s left)
Iteration 100 / LogL: -6626.211 / Time: 0h:2m:41s (0h:0m:0s left)
Log-likelihood cutoff on original alignment: -6646.165
NOTE: Bootstrap correlation coefficient of split occurrence frequencies: 1.000
TREE SEARCH COMPLETED AFTER 101 ITERATIONS / Time: 0h:2m:44s

--------------------------------------------------------------------
|                    FINALIZING TREE SEARCH                        |
--------------------------------------------------------------------
Performs final model parameters optimization
Estimate model parameters (epsilon = 0.010)
Initial log-likelihood: -6626.211
Current log-likelihood at step 1: -6626.210
Partition-specific rates:  0.791 0.803 1.405
Parameters optimization took 0 rounds (0.081 sec)

BEST SCORE FOUND : -6626.210
Creating bootstrap support values...
Split supports printed to NEXUS file examples/Acropora//aln_seqs/led5097.nt.aln.nex.splits.nex
Total tree length: 0.066

Total number of iterations: 101
CPU time used for tree search: 4.272 sec (0h:0m:4s)
Wall-clock time used for tree search: 162.296 sec (0h:2m:42s)
Total CPU time used: 4.381 sec (0h:0m:4s)
Total wall-clock time used: 166.283 sec (0h:2m:46s)

Computing bootstrap consensus tree...
Reading input file examples/Acropora//aln_seqs/led5097.nt.aln.nex.splits.nex...
5 taxa and 7 splits.
Consensus tree written to examples/Acropora//aln_seqs/led5097.nt.aln.nex.contree
Reading input trees file examples/Acropora//aln_seqs/led5097.nt.aln.nex.contree
Log-likelihood of consensus tree: -6626.210

Analysis results written to: 
  IQ-TREE report:                examples/Acropora//aln_seqs/led5097.nt.aln.nex.iqtree
  Maximum-likelihood tree:       examples/Acropora//aln_seqs/led5097.nt.aln.nex.treefile
  Likelihood distances:          examples/Acropora//aln_seqs/led5097.nt.aln.nex.mldist
  Best partitioning scheme:      examples/Acropora//aln_seqs/led5097.nt.aln.nex.best_scheme.nex
           in RAxML format:      examples/Acropora//aln_seqs/led5097.nt.aln.nex.best_scheme

Ultrafast bootstrap approximation results written to:
  Split support values:          examples/Acropora//aln_seqs/led5097.nt.aln.nex.splits.nex
  Consensus tree:                examples/Acropora//aln_seqs/led5097.nt.aln.nex.contree
  Screen log file:               examples/Acropora//aln_seqs/led5097.nt.aln.nex.log

Date and Time: Sat Jan 12 16:06:23 2019
