IQ-TREE multicore version 1.6.8 for Linux 64-bit built Oct 28 2018
Developed by Bui Quang Minh, Nguyen Lam Tung, Olga Chernomor,
Heiko Schmidt, Dominik Schrempf, Michael Woodhams.

Host:    sango10206.oist.jp (AVX2, FMA3, 125 GB RAM)
Command: iqtree -s examples/Acropora//aln_seqs/led6974.nt.aln -bb 1000 -redo -nt 3 -spp examples/Acropora//aln_seqs/led6974.nt.aln.nex -m MFPMERGE
Seed:    731095 (Using SPRNG - Scalable Parallel Random Number Generator)
Time:    Sat Jan 12 16:26:39 2019
Kernel:  AVX+FMA - 3 threads (24 CPU cores detected)

Reading partition model file examples/Acropora//aln_seqs/led6974.nt.aln.nex ...
Reading alignment file examples/Acropora//aln_seqs/led6974.nt.aln ... Fasta format detected
Alignment most likely contains DNA/RNA sequences
Alignment has 5 sequences with 1323 columns, 40 distinct patterns
29 parsimony-informative, 31 singleton sites, 1263 constant sites
                          Gap/Ambiguity  Composition  p-value
   1  Adif_sc0000129.g144.t1      0.00%    passed     99.93%
   2  Aech_sc0000088.g28931.t1    0.00%    passed     99.85%
   3  Agem_sc0000094.g13761.t1    0.00%    passed     99.92%
   4  Asub_sc0000039.g16236.t1    0.00%    passed     99.42%
   5  Aten_sc0000117.g327.t1      0.00%    passed     95.90%
****  TOTAL                       0.00%  0 sequences failed composition chi2 test (p-value<5%; df=3)
NOTE: No CharPartition defined, use all CharSets

Loading 3 partitions...
Subset	Type	Seqs	Sites	Infor	Invar	Model	Name
1		5	441	6	427	MFPMERGE	p1
2		5	441	5	435	MFPMERGE	p2
3		5	441	18	401	MFPMERGE	p3
Degree of missing data: 0.000
Info: multi-threading strategy over partitions



Create initial parsimony tree by phylogenetic likelihood library (PLL)... 0.222 seconds
NOTE: ModelFinder requires 0 MB RAM!
Testing GTR+F+G on supermatrix...
WARNING: Number of threads seems too high for short alignments. Use -nt AUTO to determine best number of threads.
GTR+F+G4 / LnL: -2217.820 / df: 16 / AIC: 4467.640 / AICc: 4468.057 / BIC: 4550.643
Selecting individual models for 3 charsets using BIC...
 No. Model        Score       Charset
   1 F81+F+I      1426.232    p1
   2 HKY+F+I      1711.795    p3
   3 F81+F+I      1318.749    p2
Full partition model BIC score: 4517.480 (LnL: -2179.676  df:22)
Merging models to increase model fit (about 7 total partition schemes)...
   4 TN+F+I       4529.258    p1+p3
   5 F81+F+I      4508.884    p1+p2
   6 HKY+F+I      4515.349    p2+p3
Merging p1+p2 with BIC score: 4508.884 (LnL: -2193.347  df: 17)
   7 HKY+F+I      4520.489    p1+p2+p3
BEST-FIT PARTITION MODEL: 
  charpartition BIC = F81+F+I: p1 p2, HKY+F+I: p3;
Agglomerative model selection: ((p1,p2)1:4508.88,p3)
Merging into 2 partitions...
Partition information was printed to examples/Acropora//aln_seqs/led6974.nt.aln.nex.best_scheme.nex
Partition information in Raxml format was printed to examples/Acropora//aln_seqs/led6974.nt.aln.nex.best_scheme

All model information printed to examples/Acropora//aln_seqs/led6974.nt.aln.nex.model.gz
CPU time for ModelFinder: 0.861 seconds (0h:0m:0s)
Wall-clock time for ModelFinder: 30.645 seconds (0h:0m:30s)
WARNING: 3 threads for alignment length 19 will slow down analysis
Generating 1000 samples for ultrafast bootstrap (seed: 731095)...
WARNING: 3 threads for alignment length 19 will slow down analysis

NOTE: 0 MB RAM (0 GB) is required!
Estimate model parameters (epsilon = 0.100)
Initial log-likelihood: -2231.762
Current log-likelihood at step 1: -2197.223
Current log-likelihood at step 2: -2197.025
Current log-likelihood at step 3: -2196.843
Current log-likelihood at step 4: -2196.659
Current log-likelihood at step 5: -2196.474
Current log-likelihood at step 6: -2196.287
Current log-likelihood at step 7: -2196.098
Current log-likelihood at step 8: -2195.908
Current log-likelihood at step 9: -2193.078
Current log-likelihood at step 10: -2193.068
Partition-specific rates:  0.502 1.996
Parameters optimization took 9 rounds (2.674 sec)

Computing ML distances based on estimated model parameters... 0.001 sec
Computing BIONJ tree...
0.259 seconds
Log-likelihood of BIONJ tree: -2193.069
--------------------------------------------------------------------
|             INITIALIZING CANDIDATE TREE SET                      |
--------------------------------------------------------------------
Generating 99 parsimony trees... 1.552 second
Computing log-likelihood of 4 initial trees ... 1.071 seconds
Current best score: -2193.068

Do NNI search on 5 best initial trees
Finish initializing candidate tree set (5)
Current best tree score: -2193.068 / CPU time: 7.218
Number of iterations: 5
--------------------------------------------------------------------
|               OPTIMIZING CANDIDATE TREE SET                      |
--------------------------------------------------------------------
Iteration 10 / LogL: -2193.140 / Time: 0h:0m:19s
UPDATE BEST LOG-LIKELIHOOD: -2193.068
UPDATE BEST LOG-LIKELIHOOD: -2193.068
Iteration 20 / LogL: -2212.284 / Time: 0h:0m:34s
Iteration 30 / LogL: -2193.140 / Time: 0h:0m:47s (0h:1m:54s left)
Iteration 40 / LogL: -2212.284 / Time: 0h:1m:1s (0h:1m:35s left)
Iteration 50 / LogL: -2193.140 / Time: 0h:1m:18s (0h:1m:19s left)
Log-likelihood cutoff on original alignment: -2216.419
Iteration 60 / LogL: -2193.140 / Time: 0h:1m:35s (0h:1m:4s left)
Iteration 70 / LogL: -2193.068 / Time: 0h:1m:59s (0h:0m:52s left)
Iteration 80 / LogL: -2212.284 / Time: 0h:2m:17s (0h:0m:34s left)
Iteration 90 / LogL: -2193.069 / Time: 0h:2m:33s (0h:0m:17s left)
Iteration 100 / LogL: -2193.140 / Time: 0h:2m:53s (0h:0m:0s left)
Log-likelihood cutoff on original alignment: -2216.419
NOTE: Bootstrap correlation coefficient of split occurrence frequencies: 1.000
TREE SEARCH COMPLETED AFTER 101 ITERATIONS / Time: 0h:2m:58s

--------------------------------------------------------------------
|                    FINALIZING TREE SEARCH                        |
--------------------------------------------------------------------
Performs final model parameters optimization
Estimate model parameters (epsilon = 0.010)
Initial log-likelihood: -2193.068
Current log-likelihood at step 1: -2193.068
Partition-specific rates:  0.501 1.997
Parameters optimization took 0 rounds (0.268 sec)

BEST SCORE FOUND : -2193.068
Creating bootstrap support values...
Split supports printed to NEXUS file examples/Acropora//aln_seqs/led6974.nt.aln.nex.splits.nex
Total tree length: 0.064

Total number of iterations: 101
CPU time used for tree search: 5.615 sec (0h:0m:5s)
Wall-clock time used for tree search: 175.554 sec (0h:2m:55s)
Total CPU time used: 5.806 sec (0h:0m:5s)
Total wall-clock time used: 181.581 sec (0h:3m:1s)

Computing bootstrap consensus tree...
Reading input file examples/Acropora//aln_seqs/led6974.nt.aln.nex.splits.nex...
5 taxa and 10 splits.
Consensus tree written to examples/Acropora//aln_seqs/led6974.nt.aln.nex.contree
Reading input trees file examples/Acropora//aln_seqs/led6974.nt.aln.nex.contree
Log-likelihood of consensus tree: -2193.069

Analysis results written to: 
  IQ-TREE report:                examples/Acropora//aln_seqs/led6974.nt.aln.nex.iqtree
  Maximum-likelihood tree:       examples/Acropora//aln_seqs/led6974.nt.aln.nex.treefile
  Likelihood distances:          examples/Acropora//aln_seqs/led6974.nt.aln.nex.mldist
  Best partitioning scheme:      examples/Acropora//aln_seqs/led6974.nt.aln.nex.best_scheme.nex
           in RAxML format:      examples/Acropora//aln_seqs/led6974.nt.aln.nex.best_scheme

Ultrafast bootstrap approximation results written to:
  Split support values:          examples/Acropora//aln_seqs/led6974.nt.aln.nex.splits.nex
  Consensus tree:                examples/Acropora//aln_seqs/led6974.nt.aln.nex.contree
  Screen log file:               examples/Acropora//aln_seqs/led6974.nt.aln.nex.log

Date and Time: Sat Jan 12 16:30:15 2019
