IQ-TREE multicore version 1.6.8 for Linux 64-bit built Oct 28 2018
Developed by Bui Quang Minh, Nguyen Lam Tung, Olga Chernomor,
Heiko Schmidt, Dominik Schrempf, Michael Woodhams.

Host:    sango10206.oist.jp (AVX2, FMA3, 125 GB RAM)
Command: iqtree -s examples/Acropora//aln_seqs/led6773.nt.aln -bb 1000 -redo -nt 3 -spp examples/Acropora//aln_seqs/led6773.nt.aln.nex -m MFPMERGE
Seed:    528007 (Using SPRNG - Scalable Parallel Random Number Generator)
Time:    Sat Jan 12 16:29:43 2019
Kernel:  AVX+FMA - 3 threads (24 CPU cores detected)

Reading partition model file examples/Acropora//aln_seqs/led6773.nt.aln.nex ...
Reading alignment file examples/Acropora//aln_seqs/led6773.nt.aln ... Fasta format detected
Alignment most likely contains DNA/RNA sequences
Alignment has 5 sequences with 1791 columns, 68 distinct patterns
9 parsimony-informative, 86 singleton sites, 1696 constant sites
                          Gap/Ambiguity  Composition  p-value
   1  Adif_sc0000114.g27.t1      40.03%    passed     96.03%
   2  Aech_sc0000177.g25147.t1   49.25%    passed     98.03%
   3  Agem_sc0000126.g25606.t1   49.25%    passed     98.18%
   4  Asub_sc0000221.g24201.t1    2.18%    passed     99.62%
   5  Aten_sc0000092.g273.t1     40.03%    passed     99.62%
****  TOTAL                      36.15%  0 sequences failed composition chi2 test (p-value<5%; df=3)
NOTE: No CharPartition defined, use all CharSets

Loading 3 partitions...
Subset	Type	Seqs	Sites	Infor	Invar	Model	Name
1		5	597	2	568	MFPMERGE	p1
2		5	597	1	579	MFPMERGE	p2
3		5	597	6	549	MFPMERGE	p3
Degree of missing data: 0.000
Info: multi-threading strategy over partitions



Create initial parsimony tree by phylogenetic likelihood library (PLL)... 0.001 seconds
NOTE: ModelFinder requires 0 MB RAM!
Testing GTR+F+G on supermatrix...
WARNING: Number of threads seems too high for short alignments. Use -nt AUTO to determine best number of threads.
GTR+F+G4 / LnL: -2995.936 / df: 16 / AIC: 6023.873 / AICc: 6024.179 / BIC: 6111.721
Selecting individual models for 3 charsets using BIC...
 No. Model        Score       Charset
   1 F81+F        1806.809    p2
   2 F81+F        1950.373    p1
   3 HKY+F        2206.484    p3
Full partition model BIC score: 6022.891 (LnL: -2940.285  df:19)
Merging models to increase model fit (about 7 total partition schemes)...
   4 F81+F        6052.266    p1+p2
   5 HKY+F+G4     6058.770    p2+p3
   6 TN+F         6053.952    p1+p3
BEST-FIT PARTITION MODEL: 
  charpartition BIC = F81+F: p1, F81+F: p2, HKY+F: p3;
Agglomerative model selection: (p1,p2,p3)
Partition information was printed to examples/Acropora//aln_seqs/led6773.nt.aln.nex.best_scheme.nex
Partition information in Raxml format was printed to examples/Acropora//aln_seqs/led6773.nt.aln.nex.best_scheme

All model information printed to examples/Acropora//aln_seqs/led6773.nt.aln.nex.model.gz
CPU time for ModelFinder: 0.695 seconds (0h:0m:0s)
Wall-clock time for ModelFinder: 20.070 seconds (0h:0m:20s)
Generating 1000 samples for ultrafast bootstrap (seed: 528007)...

NOTE: 0 MB RAM (0 GB) is required!
WARNING: Number of threads seems too high for short alignments. Use -nt AUTO to determine best number of threads.
Estimate model parameters (epsilon = 0.100)
Initial log-likelihood: -2955.147
Current log-likelihood at step 1: -2943.798
Current log-likelihood at step 2: -2940.184
Current log-likelihood at step 3: -2940.183
Partition-specific rates:  0.894 0.543 1.563
Parameters optimization took 2 rounds (0.150 sec)

Computing ML distances based on estimated model parameters... 0.006 sec
Computing BIONJ tree...
0.135 seconds
Log-likelihood of BIONJ tree: -2940.183
--------------------------------------------------------------------
|             INITIALIZING CANDIDATE TREE SET                      |
--------------------------------------------------------------------
Generating 99 parsimony trees... 2.307 second
Computing log-likelihood of 8 initial trees ... 1.044 seconds
Current best score: -2940.183

Do NNI search on 9 best initial trees
UPDATE BEST LOG-LIKELIHOOD: -2940.183
Finish initializing candidate tree set (9)
Current best tree score: -2940.183 / CPU time: 10.621
Number of iterations: 9
--------------------------------------------------------------------
|               OPTIMIZING CANDIDATE TREE SET                      |
--------------------------------------------------------------------
Iteration 10 / LogL: -2940.184 / Time: 0h:0m:13s
UPDATE BEST LOG-LIKELIHOOD: -2940.183
Iteration 20 / LogL: -2940.184 / Time: 0h:0m:23s
Iteration 30 / LogL: -2940.183 / Time: 0h:0m:35s (0h:1m:26s left)
Iteration 40 / LogL: -2940.374 / Time: 0h:0m:50s (0h:1m:17s left)
Iteration 50 / LogL: -2940.183 / Time: 0h:1m:5s (0h:1m:7s left)
Log-likelihood cutoff on original alignment: -2952.639
Iteration 60 / LogL: -2940.184 / Time: 0h:1m:21s (0h:0m:55s left)
Iteration 70 / LogL: -2940.183 / Time: 0h:1m:32s (0h:0m:40s left)
Iteration 80 / LogL: -2940.374 / Time: 0h:1m:44s (0h:0m:26s left)
Iteration 90 / LogL: -2940.183 / Time: 0h:1m:54s (0h:0m:12s left)
Iteration 100 / LogL: -2940.184 / Time: 0h:2m:7s (0h:0m:0s left)
Log-likelihood cutoff on original alignment: -2952.639
NOTE: Bootstrap correlation coefficient of split occurrence frequencies: 1.000
TREE SEARCH COMPLETED AFTER 101 ITERATIONS / Time: 0h:2m:10s

--------------------------------------------------------------------
|                    FINALIZING TREE SEARCH                        |
--------------------------------------------------------------------
Performs final model parameters optimization
Estimate model parameters (epsilon = 0.010)
Initial log-likelihood: -2940.183
Current log-likelihood at step 1: -2940.183
Partition-specific rates:  0.894 0.543 1.563
Parameters optimization took 0 rounds (0.061 sec)

BEST SCORE FOUND : -2940.183
Creating bootstrap support values...
Split supports printed to NEXUS file examples/Acropora//aln_seqs/led6773.nt.aln.nex.splits.nex
Total tree length: 0.104

Total number of iterations: 101
CPU time used for tree search: 3.477 sec (0h:0m:3s)
Wall-clock time used for tree search: 128.278 sec (0h:2m:8s)
Total CPU time used: 3.577 sec (0h:0m:3s)
Total wall-clock time used: 132.072 sec (0h:2m:12s)

Computing bootstrap consensus tree...
Reading input file examples/Acropora//aln_seqs/led6773.nt.aln.nex.splits.nex...
5 taxa and 14 splits.
Consensus tree written to examples/Acropora//aln_seqs/led6773.nt.aln.nex.contree
Reading input trees file examples/Acropora//aln_seqs/led6773.nt.aln.nex.contree
Log-likelihood of consensus tree: -2940.183

Analysis results written to: 
  IQ-TREE report:                examples/Acropora//aln_seqs/led6773.nt.aln.nex.iqtree
  Maximum-likelihood tree:       examples/Acropora//aln_seqs/led6773.nt.aln.nex.treefile
  Likelihood distances:          examples/Acropora//aln_seqs/led6773.nt.aln.nex.mldist
  Best partitioning scheme:      examples/Acropora//aln_seqs/led6773.nt.aln.nex.best_scheme.nex
           in RAxML format:      examples/Acropora//aln_seqs/led6773.nt.aln.nex.best_scheme

Ultrafast bootstrap approximation results written to:
  Split support values:          examples/Acropora//aln_seqs/led6773.nt.aln.nex.splits.nex
  Consensus tree:                examples/Acropora//aln_seqs/led6773.nt.aln.nex.contree
  Screen log file:               examples/Acropora//aln_seqs/led6773.nt.aln.nex.log

Date and Time: Sat Jan 12 16:32:19 2019
