IQ-TREE multicore version 1.6.8 for Linux 64-bit built Oct 28 2018
Developed by Bui Quang Minh, Nguyen Lam Tung, Olga Chernomor,
Heiko Schmidt, Dominik Schrempf, Michael Woodhams.

Host:    sango10206.oist.jp (AVX2, FMA3, 125 GB RAM)
Command: iqtree -s examples/Acropora//aln_seqs/led6078.nt.aln -bb 1000 -redo -nt 3 -spp examples/Acropora//aln_seqs/led6078.nt.aln.nex -m MFPMERGE
Seed:    454635 (Using SPRNG - Scalable Parallel Random Number Generator)
Time:    Sat Jan 12 16:04:36 2019
Kernel:  AVX+FMA - 3 threads (24 CPU cores detected)

Reading partition model file examples/Acropora//aln_seqs/led6078.nt.aln.nex ...
Reading alignment file examples/Acropora//aln_seqs/led6078.nt.aln ... Fasta format detected
Alignment most likely contains DNA/RNA sequences
Alignment has 5 sequences with 1191 columns, 51 distinct patterns
2 parsimony-informative, 46 singleton sites, 1143 constant sites
                          Gap/Ambiguity  Composition  p-value
   1  Adif_sc0000081.g448.t1     13.85%    passed     99.44%
   2  Aech_sc0000011.g532.t1     28.72%    passed     89.83%
   3  Agem_sc0000002.g21019.t1    9.82%    passed     98.69%
   4  Asub_sc0000050.g27797.t1    9.82%    passed     99.48%
   5  Aten_sc0000001.g294.t1      5.79%    passed     97.56%
****  TOTAL                      13.60%  0 sequences failed composition chi2 test (p-value<5%; df=3)
NOTE: No CharPartition defined, use all CharSets

Loading 3 partitions...
Subset	Type	Seqs	Sites	Infor	Invar	Model	Name
1		5	397	0	393	MFPMERGE	p1
WARNING: No parsimony-informative sites in partition p1
2		5	397	1	394	MFPMERGE	p2
3		5	397	1	356	MFPMERGE	p3
Degree of missing data: 0.000
Info: multi-threading strategy over partitions



Create initial parsimony tree by phylogenetic likelihood library (PLL)... 0.000 seconds
NOTE: ModelFinder requires 0 MB RAM!
Testing GTR+F+G on supermatrix...
WARNING: Number of threads seems too high for short alignments. Use -nt AUTO to determine best number of threads.
GTR+F+G4 / LnL: -1941.415 / df: 16 / AIC: 3914.830 / AICc: 3915.294 / BIC: 3996.151
Selecting individual models for 3 charsets using BIC...
 No. Model        Score       Charset
   1 HKY+F        1154.375    p2
   2 JC           1166.379    p1
   3 K2P          1551.768    p3
Full partition model BIC score: 3923.807 (LnL: -1912.326  df:14)
Merging models to increase model fit (about 7 total partition schemes)...
   4 K2P          3950.629    p1+p3
   5 K2P          3914.645    p1+p2
   6 HKY+F        3943.539    p2+p3
Merging p1+p2 with BIC score: 3914.645 (LnL: -1921.910  df: 10)
   7 K2P          3959.648    p1+p2+p3
BEST-FIT PARTITION MODEL: 
  charpartition BIC = K2P: p1 p2, K2P: p3;
Agglomerative model selection: ((p1,p2)1:3914.65,p3)
Merging into 2 partitions...
Partition information was printed to examples/Acropora//aln_seqs/led6078.nt.aln.nex.best_scheme.nex
Partition information in Raxml format was printed to examples/Acropora//aln_seqs/led6078.nt.aln.nex.best_scheme

All model information printed to examples/Acropora//aln_seqs/led6078.nt.aln.nex.model.gz
CPU time for ModelFinder: 0.655 seconds (0h:0m:0s)
Wall-clock time for ModelFinder: 26.866 seconds (0h:0m:26s)
Generating 1000 samples for ultrafast bootstrap (seed: 454635)...

NOTE: 0 MB RAM (0 GB) is required!
Estimate model parameters (epsilon = 0.100)
Initial log-likelihood: -1961.331
Current log-likelihood at step 1: -1921.906
Current log-likelihood at step 2: -1921.901
Partition-specific rates:  0.211 2.577
Parameters optimization took 1 rounds (0.532 sec)

Computing ML distances based on estimated model parameters... 0.000 sec
Computing BIONJ tree...
0.105 seconds
Log-likelihood of BIONJ tree: -1921.901
--------------------------------------------------------------------
|             INITIALIZING CANDIDATE TREE SET                      |
--------------------------------------------------------------------
Generating 99 parsimony trees... 2.290 second
Computing log-likelihood of 4 initial trees ... 1.180 seconds
Current best score: -1921.901

Do NNI search on 5 best initial trees
Finish initializing candidate tree set (5)
Current best tree score: -1921.901 / CPU time: 8.758
Number of iterations: 5
--------------------------------------------------------------------
|               OPTIMIZING CANDIDATE TREE SET                      |
--------------------------------------------------------------------
Iteration 10 / LogL: -1921.901 / Time: 0h:0m:18s
Iteration 20 / LogL: -1921.901 / Time: 0h:0m:34s
Iteration 30 / LogL: -1921.901 / Time: 0h:0m:57s (0h:2m:19s left)
Iteration 40 / LogL: -1922.849 / Time: 0h:1m:20s (0h:2m:3s left)
Iteration 50 / LogL: -1921.901 / Time: 0h:1m:33s (0h:1m:35s left)
Log-likelihood cutoff on original alignment: -1927.798
Iteration 60 / LogL: -1921.901 / Time: 0h:1m:56s (0h:1m:19s left)
Iteration 70 / LogL: -1921.901 / Time: 0h:2m:17s (0h:0m:59s left)
Iteration 80 / LogL: -1921.901 / Time: 0h:2m:31s (0h:0m:38s left)
Iteration 90 / LogL: -1921.901 / Time: 0h:2m:50s (0h:0m:19s left)
Iteration 100 / LogL: -1921.901 / Time: 0h:3m:7s (0h:0m:0s left)
Log-likelihood cutoff on original alignment: -1927.798
NOTE: Bootstrap correlation coefficient of split occurrence frequencies: 0.995
TREE SEARCH COMPLETED AFTER 101 ITERATIONS / Time: 0h:3m:10s

--------------------------------------------------------------------
|                    FINALIZING TREE SEARCH                        |
--------------------------------------------------------------------
Performs final model parameters optimization
Estimate model parameters (epsilon = 0.010)
Initial log-likelihood: -1921.901
Current log-likelihood at step 1: -1921.901
Partition-specific rates:  0.211 2.577
Parameters optimization took 0 rounds (0.590 sec)

BEST SCORE FOUND : -1921.901
Creating bootstrap support values...
Split supports printed to NEXUS file examples/Acropora//aln_seqs/led6078.nt.aln.nex.splits.nex
Total tree length: 0.047

Total number of iterations: 101
CPU time used for tree search: 4.834 sec (0h:0m:4s)
Wall-clock time used for tree search: 188.944 sec (0h:3m:8s)
Total CPU time used: 4.940 sec (0h:0m:4s)
Total wall-clock time used: 192.862 sec (0h:3m:12s)

Computing bootstrap consensus tree...
Reading input file examples/Acropora//aln_seqs/led6078.nt.aln.nex.splits.nex...
5 taxa and 15 splits.
Consensus tree written to examples/Acropora//aln_seqs/led6078.nt.aln.nex.contree
Reading input trees file examples/Acropora//aln_seqs/led6078.nt.aln.nex.contree
Log-likelihood of consensus tree: -1921.901

Analysis results written to: 
  IQ-TREE report:                examples/Acropora//aln_seqs/led6078.nt.aln.nex.iqtree
  Maximum-likelihood tree:       examples/Acropora//aln_seqs/led6078.nt.aln.nex.treefile
  Likelihood distances:          examples/Acropora//aln_seqs/led6078.nt.aln.nex.mldist
  Best partitioning scheme:      examples/Acropora//aln_seqs/led6078.nt.aln.nex.best_scheme.nex
           in RAxML format:      examples/Acropora//aln_seqs/led6078.nt.aln.nex.best_scheme

Ultrafast bootstrap approximation results written to:
  Split support values:          examples/Acropora//aln_seqs/led6078.nt.aln.nex.splits.nex
  Consensus tree:                examples/Acropora//aln_seqs/led6078.nt.aln.nex.contree
  Screen log file:               examples/Acropora//aln_seqs/led6078.nt.aln.nex.log

Date and Time: Sat Jan 12 16:08:18 2019
