IQ-TREE multicore version 1.6.8 for Linux 64-bit built Oct 28 2018
Developed by Bui Quang Minh, Nguyen Lam Tung, Olga Chernomor,
Heiko Schmidt, Dominik Schrempf, Michael Woodhams.

Host:    sango10206.oist.jp (AVX2, FMA3, 125 GB RAM)
Command: iqtree -s examples/Acropora//aln_seqs/led6245.nt.aln -bb 1000 -redo -nt 3 -spp examples/Acropora//aln_seqs/led6245.nt.aln.nex -m MFPMERGE
Seed:    756999 (Using SPRNG - Scalable Parallel Random Number Generator)
Time:    Sat Jan 12 16:50:21 2019
Kernel:  AVX+FMA - 3 threads (24 CPU cores detected)

Reading partition model file examples/Acropora//aln_seqs/led6245.nt.aln.nex ...
Reading alignment file examples/Acropora//aln_seqs/led6245.nt.aln ... Fasta format detected
Alignment most likely contains DNA/RNA sequences
Alignment has 5 sequences with 4215 columns, 123 distinct patterns
66 parsimony-informative, 188 singleton sites, 3961 constant sites
                          Gap/Ambiguity  Composition  p-value
   1  Adif_sc0000087.g103.t1      0.57%    passed     97.49%
   2  Aech_sc0000008.g1669.t1    15.87%    passed     98.54%
   3  Agem_sc0000247.g4838.t1     4.70%    passed     98.76%
   4  Asub_sc0000028.g20804.t1    4.70%    passed     98.77%
   5  Aten_sc0000209.g277.t1     11.60%    passed     98.85%
****  TOTAL                       7.49%  0 sequences failed composition chi2 test (p-value<5%; df=3)
NOTE: No CharPartition defined, use all CharSets

Loading 3 partitions...
Subset	Type	Seqs	Sites	Infor	Invar	Model	Name
1		5	1405	12	1342	MFPMERGE	p1
2		5	1405	13	1344	MFPMERGE	p2
3		5	1405	41	1275	MFPMERGE	p3
Degree of missing data: 0.000
Info: multi-threading strategy over partitions



Create initial parsimony tree by phylogenetic likelihood library (PLL)... 0.000 seconds
NOTE: ModelFinder requires 1 MB RAM!
Testing GTR+F+G on supermatrix...
WARNING: Number of threads seems too high for short alignments. Use -nt AUTO to determine best number of threads.
GTR+F+G4 / LnL: -7433.274 / df: 16 / AIC: 14898.548 / AICc: 14898.677 / BIC: 15000.090
Selecting individual models for 3 charsets using BIC...
 No. Model        Score       Charset
   1 F81+F        4692.684    p1
   2 HKY+F        4711.068    p2
   3 HKY+F        5408.856    p3
Full partition model BIC score: 14878.067 (LnL: -7355.569  df:20)
Merging models to increase model fit (about 7 total partition schemes)...
   4 HKY+F        14894.608   p1+p2
   5 HKY+F        14987.267   p1+p3
   6 HKY+F+I      14892.390   p2+p3
BEST-FIT PARTITION MODEL: 
  charpartition BIC = F81+F: p1, HKY+F: p2, HKY+F: p3;
Agglomerative model selection: (p1,p2,p3)
Partition information was printed to examples/Acropora//aln_seqs/led6245.nt.aln.nex.best_scheme.nex
Partition information in Raxml format was printed to examples/Acropora//aln_seqs/led6245.nt.aln.nex.best_scheme

All model information printed to examples/Acropora//aln_seqs/led6245.nt.aln.nex.model.gz
CPU time for ModelFinder: 0.714 seconds (0h:0m:0s)
Wall-clock time for ModelFinder: 28.889 seconds (0h:0m:28s)
Generating 1000 samples for ultrafast bootstrap (seed: 756999)...

NOTE: 0 MB RAM (0 GB) is required!
WARNING: Number of threads seems too high for short alignments. Use -nt AUTO to determine best number of threads.
Estimate model parameters (epsilon = 0.100)
Initial log-likelihood: -7427.739
Current log-likelihood at step 1: -7390.870
Current log-likelihood at step 2: -7387.470
Current log-likelihood at step 3: -7381.058
Current log-likelihood at step 4: -7379.594
Current log-likelihood at step 5: -7378.032
Current log-likelihood at step 6: -7376.359
Current log-likelihood at step 7: -7374.562
Current log-likelihood at step 8: -7372.628
Current log-likelihood at step 9: -7370.543
Current log-likelihood at step 10: -7368.298
Current log-likelihood at step 11: -7365.896
Current log-likelihood at step 12: -7363.366
Current log-likelihood at step 13: -7355.528
Current log-likelihood at step 14: -7355.527
Partition-specific rates:  0.721 0.710 1.569
Parameters optimization took 13 rounds (1.387 sec)

Computing ML distances based on estimated model parameters... 0.002 sec
Computing BIONJ tree...
0.050 seconds
Log-likelihood of BIONJ tree: -7355.527
--------------------------------------------------------------------
|             INITIALIZING CANDIDATE TREE SET                      |
--------------------------------------------------------------------
Generating 99 parsimony trees... 2.115 second
Computing log-likelihood of 4 initial trees ... 0.716 seconds
Current best score: -7355.527

Do NNI search on 5 best initial trees
Finish initializing candidate tree set (5)
Current best tree score: -7355.527 / CPU time: 5.944
Number of iterations: 5
--------------------------------------------------------------------
|               OPTIMIZING CANDIDATE TREE SET                      |
--------------------------------------------------------------------
Iteration 10 / LogL: -7355.527 / Time: 0h:0m:17s
Iteration 20 / LogL: -7355.527 / Time: 0h:0m:32s
Iteration 30 / LogL: -7355.527 / Time: 0h:0m:49s (0h:2m:0s left)
Iteration 40 / LogL: -7355.527 / Time: 0h:1m:1s (0h:1m:35s left)
Iteration 50 / LogL: -7355.527 / Time: 0h:1m:16s (0h:1m:18s left)
Log-likelihood cutoff on original alignment: -7355.676
Iteration 60 / LogL: -7390.474 / Time: 0h:1m:27s (0h:0m:59s left)
Iteration 70 / LogL: -7355.527 / Time: 0h:1m:35s (0h:0m:41s left)
Iteration 80 / LogL: -7355.527 / Time: 0h:1m:45s (0h:0m:26s left)
Iteration 90 / LogL: -7355.527 / Time: 0h:1m:54s (0h:0m:12s left)
Iteration 100 / LogL: -7355.527 / Time: 0h:2m:3s (0h:0m:0s left)
Log-likelihood cutoff on original alignment: -7355.677
NOTE: Bootstrap correlation coefficient of split occurrence frequencies: 1.000
TREE SEARCH COMPLETED AFTER 101 ITERATIONS / Time: 0h:2m:5s

--------------------------------------------------------------------
|                    FINALIZING TREE SEARCH                        |
--------------------------------------------------------------------
Performs final model parameters optimization
Estimate model parameters (epsilon = 0.010)
Initial log-likelihood: -7355.527
Current log-likelihood at step 1: -7355.527
Partition-specific rates:  0.721 0.710 1.569
Parameters optimization took 0 rounds (0.044 sec)

BEST SCORE FOUND : -7355.527
Creating bootstrap support values...
Split supports printed to NEXUS file examples/Acropora//aln_seqs/led6245.nt.aln.nex.splits.nex
Total tree length: 0.071

Total number of iterations: 101
CPU time used for tree search: 3.821 sec (0h:0m:3s)
Wall-clock time used for tree search: 121.462 sec (0h:2m:1s)
Total CPU time used: 3.976 sec (0h:0m:3s)
Total wall-clock time used: 127.001 sec (0h:2m:7s)

Computing bootstrap consensus tree...
Reading input file examples/Acropora//aln_seqs/led6245.nt.aln.nex.splits.nex...
5 taxa and 7 splits.
Consensus tree written to examples/Acropora//aln_seqs/led6245.nt.aln.nex.contree
Reading input trees file examples/Acropora//aln_seqs/led6245.nt.aln.nex.contree
Log-likelihood of consensus tree: -7355.527

Analysis results written to: 
  IQ-TREE report:                examples/Acropora//aln_seqs/led6245.nt.aln.nex.iqtree
  Maximum-likelihood tree:       examples/Acropora//aln_seqs/led6245.nt.aln.nex.treefile
  Likelihood distances:          examples/Acropora//aln_seqs/led6245.nt.aln.nex.mldist
  Best partitioning scheme:      examples/Acropora//aln_seqs/led6245.nt.aln.nex.best_scheme.nex
           in RAxML format:      examples/Acropora//aln_seqs/led6245.nt.aln.nex.best_scheme

Ultrafast bootstrap approximation results written to:
  Split support values:          examples/Acropora//aln_seqs/led6245.nt.aln.nex.splits.nex
  Consensus tree:                examples/Acropora//aln_seqs/led6245.nt.aln.nex.contree
  Screen log file:               examples/Acropora//aln_seqs/led6245.nt.aln.nex.log

Date and Time: Sat Jan 12 16:53:00 2019
