IQ-TREE multicore version 1.6.8 for Linux 64-bit built Oct 28 2018
Developed by Bui Quang Minh, Nguyen Lam Tung, Olga Chernomor,
Heiko Schmidt, Dominik Schrempf, Michael Woodhams.

Host:    sango10206.oist.jp (AVX2, FMA3, 125 GB RAM)
Command: iqtree -s examples/Acropora//aln_seqs/led6661.nt.aln -bb 1000 -redo -nt 3 -spp examples/Acropora//aln_seqs/led6661.nt.aln.nex -m MFPMERGE
Seed:    809832 (Using SPRNG - Scalable Parallel Random Number Generator)
Time:    Sat Jan 12 16:45:57 2019
Kernel:  AVX+FMA - 3 threads (24 CPU cores detected)

Reading partition model file examples/Acropora//aln_seqs/led6661.nt.aln.nex ...
Reading alignment file examples/Acropora//aln_seqs/led6661.nt.aln ... Fasta format detected
Alignment most likely contains DNA/RNA sequences
Alignment has 5 sequences with 2019 columns, 82 distinct patterns
21 parsimony-informative, 51 singleton sites, 1947 constant sites
                          Gap/Ambiguity  Composition  p-value
   1  Adif_sc0000107.g1086.t1     1.34%    passed     82.65%
   2  Aech_sc0000219.g14178.t1   27.19%    passed     95.56%
   3  Agem_sc0000062.g23368.t1   38.04%    passed     72.38%
   4  Asub_sc0000006.g27633.t1   18.42%    passed     96.58%
   5  Aten_sc0000005.g566.t1      1.34%    passed     87.71%
****  TOTAL                      17.27%  0 sequences failed composition chi2 test (p-value<5%; df=3)
NOTE: No CharPartition defined, use all CharSets

Loading 3 partitions...
Subset	Type	Seqs	Sites	Infor	Invar	Model	Name
1		5	673	6	657	MFPMERGE	p1
2		5	673	4	661	MFPMERGE	p2
3		5	673	11	629	MFPMERGE	p3
Degree of missing data: 0.000
Info: multi-threading strategy over partitions



Create initial parsimony tree by phylogenetic likelihood library (PLL)... 0.044 seconds
NOTE: ModelFinder requires 0 MB RAM!
Testing GTR+F+G on supermatrix...
WARNING: Number of threads seems too high for short alignments. Use -nt AUTO to determine best number of threads.
GTR+F+G4 / LnL: -3284.948 / df: 16 / AIC: 6601.896 / AICc: 6602.168 / BIC: 6691.662
Selecting individual models for 3 charsets using BIC...
 No. Model        Score       Charset
   1 F81+F        2048.598    p2
   2 HKY+F        2411.327    p3
   3 HKY+F+I      2095.061    p1
Full partition model BIC score: 6617.127 (LnL: -3228.655  df:21)
Merging models to increase model fit (about 7 total partition schemes)...
   4 HKY+F+I      6613.308    p2+p3
   5 HKY+F+I      6647.952    p1+p2
   6 HKY+F+I      6655.929    p1+p3
Merging p2+p3 with BIC score: 6613.308 (LnL: -3238.161  df: 18)
   7 HKY+F+I      6658.188    p1+p2+p3
BEST-FIT PARTITION MODEL: 
  charpartition BIC = HKY+F+I: p1, HKY+F+I: p2 p3;
Agglomerative model selection: (p1,(p2,p3)1:6613.31)
Merging into 2 partitions...
Partition information was printed to examples/Acropora//aln_seqs/led6661.nt.aln.nex.best_scheme.nex
Partition information in Raxml format was printed to examples/Acropora//aln_seqs/led6661.nt.aln.nex.best_scheme

All model information printed to examples/Acropora//aln_seqs/led6661.nt.aln.nex.model.gz
CPU time for ModelFinder: 1.051 seconds (0h:0m:1s)
Wall-clock time for ModelFinder: 44.644 seconds (0h:0m:44s)
Generating 1000 samples for ultrafast bootstrap (seed: 809832)...

NOTE: 0 MB RAM (0 GB) is required!
Estimate model parameters (epsilon = 0.100)
Initial log-likelihood: -3257.781
Current log-likelihood at step 1: -3238.301
Current log-likelihood at step 2: -3238.126
Current log-likelihood at step 3: -3238.121
Partition-specific rates:  0.835 1.083
Parameters optimization took 2 rounds (1.170 sec)

Computing ML distances based on estimated model parameters... 0.016 sec
Computing BIONJ tree...
0.002 seconds
Log-likelihood of BIONJ tree: -3238.121
--------------------------------------------------------------------
|             INITIALIZING CANDIDATE TREE SET                      |
--------------------------------------------------------------------
Generating 99 parsimony trees... 1.303 second
Computing log-likelihood of 4 initial trees ... 1.279 seconds
Current best score: -3238.121

Do NNI search on 5 best initial trees
Finish initializing candidate tree set (5)
Current best tree score: -3238.121 / CPU time: 6.475
Number of iterations: 5
--------------------------------------------------------------------
|               OPTIMIZING CANDIDATE TREE SET                      |
--------------------------------------------------------------------
Iteration 10 / LogL: -3238.121 / Time: 0h:0m:16s
UPDATE BEST LOG-LIKELIHOOD: -3238.121
Iteration 20 / LogL: -3238.121 / Time: 0h:0m:25s
Iteration 30 / LogL: -3238.121 / Time: 0h:0m:44s (0h:1m:47s left)
Iteration 40 / LogL: -3238.130 / Time: 0h:1m:7s (0h:1m:43s left)
Iteration 50 / LogL: -3239.726 / Time: 0h:1m:24s (0h:1m:26s left)
Log-likelihood cutoff on original alignment: -3248.762
Iteration 60 / LogL: -3238.121 / Time: 0h:1m:38s (0h:1m:6s left)
Iteration 70 / LogL: -3238.121 / Time: 0h:1m:56s (0h:0m:50s left)
Iteration 80 / LogL: -3238.121 / Time: 0h:2m:9s (0h:0m:32s left)
Iteration 90 / LogL: -3238.121 / Time: 0h:2m:25s (0h:0m:16s left)
Iteration 100 / LogL: -3238.121 / Time: 0h:2m:37s (0h:0m:0s left)
Log-likelihood cutoff on original alignment: -3248.762
NOTE: Bootstrap correlation coefficient of split occurrence frequencies: 1.000
TREE SEARCH COMPLETED AFTER 101 ITERATIONS / Time: 0h:2m:39s

--------------------------------------------------------------------
|                    FINALIZING TREE SEARCH                        |
--------------------------------------------------------------------
Performs final model parameters optimization
Estimate model parameters (epsilon = 0.010)
Initial log-likelihood: -3238.121
Current log-likelihood at step 1: -3238.121
Partition-specific rates:  0.835 1.082
Parameters optimization took 0 rounds (0.203 sec)

BEST SCORE FOUND : -3238.121
Creating bootstrap support values...
Split supports printed to NEXUS file examples/Acropora//aln_seqs/led6661.nt.aln.nex.splits.nex
Total tree length: 0.051

Total number of iterations: 101
CPU time used for tree search: 5.262 sec (0h:0m:5s)
Wall-clock time used for tree search: 155.552 sec (0h:2m:35s)
Total CPU time used: 5.448 sec (0h:0m:5s)
Total wall-clock time used: 161.853 sec (0h:2m:41s)

Computing bootstrap consensus tree...
Reading input file examples/Acropora//aln_seqs/led6661.nt.aln.nex.splits.nex...
5 taxa and 9 splits.
Consensus tree written to examples/Acropora//aln_seqs/led6661.nt.aln.nex.contree
Reading input trees file examples/Acropora//aln_seqs/led6661.nt.aln.nex.contree
Log-likelihood of consensus tree: -3238.121

Analysis results written to: 
  IQ-TREE report:                examples/Acropora//aln_seqs/led6661.nt.aln.nex.iqtree
  Maximum-likelihood tree:       examples/Acropora//aln_seqs/led6661.nt.aln.nex.treefile
  Likelihood distances:          examples/Acropora//aln_seqs/led6661.nt.aln.nex.mldist
  Best partitioning scheme:      examples/Acropora//aln_seqs/led6661.nt.aln.nex.best_scheme.nex
           in RAxML format:      examples/Acropora//aln_seqs/led6661.nt.aln.nex.best_scheme

Ultrafast bootstrap approximation results written to:
  Split support values:          examples/Acropora//aln_seqs/led6661.nt.aln.nex.splits.nex
  Consensus tree:                examples/Acropora//aln_seqs/led6661.nt.aln.nex.contree
  Screen log file:               examples/Acropora//aln_seqs/led6661.nt.aln.nex.log

Date and Time: Sat Jan 12 16:49:26 2019
