IQ-TREE multicore version 1.6.8 for Linux 64-bit built Oct 28 2018
Developed by Bui Quang Minh, Nguyen Lam Tung, Olga Chernomor,
Heiko Schmidt, Dominik Schrempf, Michael Woodhams.

Host:    sango10206.oist.jp (AVX2, FMA3, 125 GB RAM)
Command: iqtree -s examples/Acropora//aln_seqs/led6367.nt.aln -bb 1000 -redo -nt 3 -spp examples/Acropora//aln_seqs/led6367.nt.aln.nex -m MFPMERGE
Seed:    803228 (Using SPRNG - Scalable Parallel Random Number Generator)
Time:    Sat Jan 12 16:42:29 2019
Kernel:  AVX+FMA - 3 threads (24 CPU cores detected)

Reading partition model file examples/Acropora//aln_seqs/led6367.nt.aln.nex ...
Reading alignment file examples/Acropora//aln_seqs/led6367.nt.aln ... Fasta format detected
Alignment most likely contains DNA/RNA sequences
Alignment has 5 sequences with 2340 columns, 74 distinct patterns
17 parsimony-informative, 116 singleton sites, 2207 constant sites
                          Gap/Ambiguity  Composition  p-value
   1  Adif_sc0000092.g140.t1     43.97%    passed     66.33%
   2  Aech_sc0000014.g2127.t1    36.54%    passed     22.23%
   3  Agem_sc0000019.g26420.t1    0.00%    passed     24.93%
   4  Asub_sc0000017.g19347.t1    1.67%    passed     20.88%
   5  Aten_sc0000006.g999.t1     36.54%    passed     28.64%
****  TOTAL                      23.74%  0 sequences failed composition chi2 test (p-value<5%; df=3)
NOTE: No CharPartition defined, use all CharSets

Loading 3 partitions...
Subset	Type	Seqs	Sites	Infor	Invar	Model	Name
1		5	780	3	746	MFPMERGE	p1
2		5	780	1	763	MFPMERGE	p2
3		5	780	13	698	MFPMERGE	p3
Degree of missing data: 0.000
Info: multi-threading strategy over partitions



Create initial parsimony tree by phylogenetic likelihood library (PLL)... 0.000 seconds
NOTE: ModelFinder requires 0 MB RAM!
Testing GTR+F+G on supermatrix...
WARNING: Number of threads seems too high for short alignments. Use -nt AUTO to determine best number of threads.
GTR+F+G4 / LnL: -4014.194 / df: 16 / AIC: 8060.389 / AICc: 8060.623 / BIC: 8152.515
Selecting individual models for 3 charsets using BIC...
 No. Model        Score       Charset
   1 F81+F        2368.582    p2
   2 TIM3+F       2583.834    p1
   3 HKY+F        3066.779    p3
Full partition model BIC score: 8083.320 (LnL: -3956.323  df:22)
Merging models to increase model fit (about 7 total partition schemes)...
   4 HKY+F        8104.329    p1+p2
   5 HKY+F        8104.583    p2+p3
   6 HKY+F        8091.882    p1+p3
BEST-FIT PARTITION MODEL: 
  charpartition BIC = TIM3+F: p1, F81+F: p2, HKY+F: p3;
Agglomerative model selection: (p1,p2,p3)
Partition information was printed to examples/Acropora//aln_seqs/led6367.nt.aln.nex.best_scheme.nex
Partition information in Raxml format was printed to examples/Acropora//aln_seqs/led6367.nt.aln.nex.best_scheme

All model information printed to examples/Acropora//aln_seqs/led6367.nt.aln.nex.model.gz
CPU time for ModelFinder: 0.592 seconds (0h:0m:0s)
Wall-clock time for ModelFinder: 18.489 seconds (0h:0m:18s)
Generating 1000 samples for ultrafast bootstrap (seed: 803228)...

NOTE: 0 MB RAM (0 GB) is required!
WARNING: Number of threads seems too high for short alignments. Use -nt AUTO to determine best number of threads.
Estimate model parameters (epsilon = 0.100)
Initial log-likelihood: -3997.717
Current log-likelihood at step 1: -3956.325
Current log-likelihood at step 2: -3956.322
Partition-specific rates:  0.744 0.370 1.886
Parameters optimization took 1 rounds (0.289 sec)

Computing ML distances based on estimated model parameters... 0.001 sec
Computing BIONJ tree...
0.103 seconds
Log-likelihood of BIONJ tree: -3956.322
--------------------------------------------------------------------
|             INITIALIZING CANDIDATE TREE SET                      |
--------------------------------------------------------------------
Generating 99 parsimony trees... 2.056 second
Computing log-likelihood of 4 initial trees ... 1.393 seconds
Current best score: -3956.322

Do NNI search on 5 best initial trees
Finish initializing candidate tree set (5)
Current best tree score: -3956.322 / CPU time: 7.838
Number of iterations: 5
--------------------------------------------------------------------
|               OPTIMIZING CANDIDATE TREE SET                      |
--------------------------------------------------------------------
UPDATE BEST LOG-LIKELIHOOD: -3956.322
Iteration 10 / LogL: -3956.322 / Time: 0h:0m:18s
Iteration 20 / LogL: -3956.322 / Time: 0h:0m:32s
Iteration 30 / LogL: -3956.322 / Time: 0h:0m:46s (0h:1m:52s left)
Iteration 40 / LogL: -3956.322 / Time: 0h:1m:1s (0h:1m:33s left)
Iteration 50 / LogL: -3956.322 / Time: 0h:1m:14s (0h:1m:16s left)
Log-likelihood cutoff on original alignment: -3973.273
Iteration 60 / LogL: -3956.322 / Time: 0h:1m:26s (0h:0m:58s left)
Iteration 70 / LogL: -3956.322 / Time: 0h:1m:36s (0h:0m:42s left)
Iteration 80 / LogL: -3956.322 / Time: 0h:1m:45s (0h:0m:26s left)
Iteration 90 / LogL: -3956.322 / Time: 0h:1m:53s (0h:0m:12s left)
Iteration 100 / LogL: -3956.322 / Time: 0h:2m:3s (0h:0m:0s left)
Log-likelihood cutoff on original alignment: -3973.273
NOTE: Bootstrap correlation coefficient of split occurrence frequencies: 1.000
TREE SEARCH COMPLETED AFTER 101 ITERATIONS / Time: 0h:2m:5s

--------------------------------------------------------------------
|                    FINALIZING TREE SEARCH                        |
--------------------------------------------------------------------
Performs final model parameters optimization
Estimate model parameters (epsilon = 0.010)
Initial log-likelihood: -3956.322
Current log-likelihood at step 1: -3956.322
Partition-specific rates:  0.744 0.370 1.886
Parameters optimization took 0 rounds (0.036 sec)

BEST SCORE FOUND : -3956.322
Creating bootstrap support values...
Split supports printed to NEXUS file examples/Acropora//aln_seqs/led6367.nt.aln.nex.splits.nex
Total tree length: 0.094

Total number of iterations: 101
CPU time used for tree search: 3.894 sec (0h:0m:3s)
Wall-clock time used for tree search: 122.606 sec (0h:2m:2s)
Total CPU time used: 4.003 sec (0h:0m:4s)
Total wall-clock time used: 126.496 sec (0h:2m:6s)

Computing bootstrap consensus tree...
Reading input file examples/Acropora//aln_seqs/led6367.nt.aln.nex.splits.nex...
5 taxa and 9 splits.
Consensus tree written to examples/Acropora//aln_seqs/led6367.nt.aln.nex.contree
Reading input trees file examples/Acropora//aln_seqs/led6367.nt.aln.nex.contree
Log-likelihood of consensus tree: -3956.322

Analysis results written to: 
  IQ-TREE report:                examples/Acropora//aln_seqs/led6367.nt.aln.nex.iqtree
  Maximum-likelihood tree:       examples/Acropora//aln_seqs/led6367.nt.aln.nex.treefile
  Likelihood distances:          examples/Acropora//aln_seqs/led6367.nt.aln.nex.mldist
  Best partitioning scheme:      examples/Acropora//aln_seqs/led6367.nt.aln.nex.best_scheme.nex
           in RAxML format:      examples/Acropora//aln_seqs/led6367.nt.aln.nex.best_scheme

Ultrafast bootstrap approximation results written to:
  Split support values:          examples/Acropora//aln_seqs/led6367.nt.aln.nex.splits.nex
  Consensus tree:                examples/Acropora//aln_seqs/led6367.nt.aln.nex.contree
  Screen log file:               examples/Acropora//aln_seqs/led6367.nt.aln.nex.log

Date and Time: Sat Jan 12 16:44:56 2019
