IQ-TREE multicore version 1.6.8 for Linux 64-bit built Oct 28 2018
Developed by Bui Quang Minh, Nguyen Lam Tung, Olga Chernomor,
Heiko Schmidt, Dominik Schrempf, Michael Woodhams.

Host:    sango10206.oist.jp (AVX2, FMA3, 125 GB RAM)
Command: iqtree -s examples/Acropora//aln_seqs/led6305.nt.aln -bb 1000 -redo -nt 3 -spp examples/Acropora//aln_seqs/led6305.nt.aln.nex -m MFPMERGE
Seed:    358334 (Using SPRNG - Scalable Parallel Random Number Generator)
Time:    Sat Jan 12 16:08:41 2019
Kernel:  AVX+FMA - 3 threads (24 CPU cores detected)

Reading partition model file examples/Acropora//aln_seqs/led6305.nt.aln.nex ...
Reading alignment file examples/Acropora//aln_seqs/led6305.nt.aln ... Fasta format detected
Alignment most likely contains DNA/RNA sequences
Alignment has 5 sequences with 1056 columns, 36 distinct patterns
12 parsimony-informative, 32 singleton sites, 1012 constant sites
                          Gap/Ambiguity  Composition  p-value
   1  Adif_sc0000087.g284.t1      0.00%    passed     99.80%
   2  Aech_sc0000008.g1512.t1     0.00%    passed     99.65%
   3  Agem_sc0000008.g1229.t1     0.00%    passed     99.99%
   4  Asub_sc0000028.g20648.t1    0.00%    passed     99.80%
   5  Aten_sc0000028.g183.t1      0.00%    passed     98.17%
****  TOTAL                       0.00%  0 sequences failed composition chi2 test (p-value<5%; df=3)
NOTE: No CharPartition defined, use all CharSets

Loading 3 partitions...
Subset	Type	Seqs	Sites	Infor	Invar	Model	Name
1		5	352	1	348	MFPMERGE	p1
2		5	352	2	347	MFPMERGE	p2
3		5	352	9	317	MFPMERGE	p3
Degree of missing data: 0.000
Info: multi-threading strategy over partitions



Create initial parsimony tree by phylogenetic likelihood library (PLL)... 0.000 seconds
NOTE: ModelFinder requires 0 MB RAM!
Testing GTR+F+G on supermatrix...
WARNING: Number of threads seems too high for short alignments. Use -nt AUTO to determine best number of threads.
GTR+F+G4 / LnL: -1763.513 / df: 16 / AIC: 3559.027 / AICc: 3559.550 / BIC: 3638.423
Selecting individual models for 3 charsets using BIC...
 No. Model        Score       Charset
   1 JC           1061.948    p2
   2 JC           1045.494    p1
   3 K2P          1425.743    p3
Full partition model BIC score: 3579.353 (LnL: -1754.865  df:10)
Merging models to increase model fit (about 7 total partition schemes)...
   4 K2P+I        3596.603    p2+p3
   5 K2P+I        3601.795    p1+p3
   6 JC           3572.503    p1+p2
Merging p1+p2 with BIC score: 3572.503 (LnL: -1754.922  df: 9)
   7 K2P+I        3606.181    p1+p2+p3
BEST-FIT PARTITION MODEL: 
  charpartition BIC = JC: p1 p2, K2P: p3;
Agglomerative model selection: ((p1,p2)1:3572.5,p3)
Merging into 2 partitions...
Partition information was printed to examples/Acropora//aln_seqs/led6305.nt.aln.nex.best_scheme.nex
Partition information in Raxml format was printed to examples/Acropora//aln_seqs/led6305.nt.aln.nex.best_scheme

All model information printed to examples/Acropora//aln_seqs/led6305.nt.aln.nex.model.gz
CPU time for ModelFinder: 0.682 seconds (0h:0m:0s)
Wall-clock time for ModelFinder: 27.281 seconds (0h:0m:27s)
WARNING: 3 threads for alignment length 12 will slow down analysis
Generating 1000 samples for ultrafast bootstrap (seed: 358334)...
WARNING: 3 threads for alignment length 12 will slow down analysis

NOTE: 0 MB RAM (0 GB) is required!
Estimate model parameters (epsilon = 0.100)
Initial log-likelihood: -1791.638
Current log-likelihood at step 1: -1755.015
Current log-likelihood at step 2: -1754.937
Partition-specific rates:  0.274 2.453
Parameters optimization took 1 rounds (0.211 sec)

Computing ML distances based on estimated model parameters... 0.005 sec
Computing BIONJ tree...
0.363 seconds
Log-likelihood of BIONJ tree: -1754.937
--------------------------------------------------------------------
|             INITIALIZING CANDIDATE TREE SET                      |
--------------------------------------------------------------------
Generating 99 parsimony trees... 1.767 second
Computing log-likelihood of 4 initial trees ... 0.480 seconds
Current best score: -1754.937

Do NNI search on 5 best initial trees
Finish initializing candidate tree set (5)
Current best tree score: -1754.937 / CPU time: 5.457
Number of iterations: 5
--------------------------------------------------------------------
|               OPTIMIZING CANDIDATE TREE SET                      |
--------------------------------------------------------------------
Iteration 10 / LogL: -1754.937 / Time: 0h:0m:12s
UPDATE BEST LOG-LIKELIHOOD: -1754.937
Iteration 20 / LogL: -1757.378 / Time: 0h:0m:23s
Iteration 30 / LogL: -1754.937 / Time: 0h:0m:38s (0h:1m:31s left)
Iteration 40 / LogL: -1754.937 / Time: 0h:0m:50s (0h:1m:17s left)
Iteration 50 / LogL: -1754.937 / Time: 0h:1m:3s (0h:1m:4s left)
Log-likelihood cutoff on original alignment: -1779.755
Iteration 60 / LogL: -1757.378 / Time: 0h:1m:13s (0h:0m:49s left)
Iteration 70 / LogL: -1754.937 / Time: 0h:1m:24s (0h:0m:36s left)
Iteration 80 / LogL: -1754.937 / Time: 0h:1m:38s (0h:0m:24s left)
Iteration 90 / LogL: -1754.937 / Time: 0h:1m:48s (0h:0m:12s left)
Iteration 100 / LogL: -1757.378 / Time: 0h:1m:59s (0h:0m:0s left)
Log-likelihood cutoff on original alignment: -1779.730
NOTE: Bootstrap correlation coefficient of split occurrence frequencies: 1.000
TREE SEARCH COMPLETED AFTER 101 ITERATIONS / Time: 0h:2m:2s

--------------------------------------------------------------------
|                    FINALIZING TREE SEARCH                        |
--------------------------------------------------------------------
Performs final model parameters optimization
Estimate model parameters (epsilon = 0.010)
Initial log-likelihood: -1754.937
Current log-likelihood at step 1: -1754.858
Current log-likelihood at step 2: -1754.778
Current log-likelihood at step 3: -1754.698
Current log-likelihood at step 4: -1754.617
Current log-likelihood at step 5: -1754.536
Current log-likelihood at step 6: -1754.455
Current log-likelihood at step 7: -1754.373
Current log-likelihood at step 8: -1754.291
Current log-likelihood at step 9: -1754.209
Current log-likelihood at step 10: -1752.503
Current log-likelihood at step 11: -1752.503
Partition-specific rates:  0.275 2.450
Parameters optimization took 10 rounds (2.204 sec)

BEST SCORE FOUND : -1752.503
Creating bootstrap support values...
Split supports printed to NEXUS file examples/Acropora//aln_seqs/led6305.nt.aln.nex.splits.nex
Total tree length: 0.047

Total number of iterations: 101
CPU time used for tree search: 3.742 sec (0h:0m:3s)
Wall-clock time used for tree search: 120.257 sec (0h:2m:0s)
Total CPU time used: 3.914 sec (0h:0m:3s)
Total wall-clock time used: 125.837 sec (0h:2m:5s)

Computing bootstrap consensus tree...
Reading input file examples/Acropora//aln_seqs/led6305.nt.aln.nex.splits.nex...
5 taxa and 10 splits.
Consensus tree written to examples/Acropora//aln_seqs/led6305.nt.aln.nex.contree
Reading input trees file examples/Acropora//aln_seqs/led6305.nt.aln.nex.contree
Log-likelihood of consensus tree: -1752.503

Analysis results written to: 
  IQ-TREE report:                examples/Acropora//aln_seqs/led6305.nt.aln.nex.iqtree
  Maximum-likelihood tree:       examples/Acropora//aln_seqs/led6305.nt.aln.nex.treefile
  Likelihood distances:          examples/Acropora//aln_seqs/led6305.nt.aln.nex.mldist
  Best partitioning scheme:      examples/Acropora//aln_seqs/led6305.nt.aln.nex.best_scheme.nex
           in RAxML format:      examples/Acropora//aln_seqs/led6305.nt.aln.nex.best_scheme

Ultrafast bootstrap approximation results written to:
  Split support values:          examples/Acropora//aln_seqs/led6305.nt.aln.nex.splits.nex
  Consensus tree:                examples/Acropora//aln_seqs/led6305.nt.aln.nex.contree
  Screen log file:               examples/Acropora//aln_seqs/led6305.nt.aln.nex.log

Date and Time: Sat Jan 12 16:11:16 2019
