IQ-TREE multicore version 1.6.8 for Linux 64-bit built Oct 28 2018
Developed by Bui Quang Minh, Nguyen Lam Tung, Olga Chernomor,
Heiko Schmidt, Dominik Schrempf, Michael Woodhams.

Host:    sango10206.oist.jp (AVX2, FMA3, 125 GB RAM)
Command: iqtree -s examples/Acropora//aln_seqs/led6920.nt.aln -bb 1000 -redo -nt 3 -spp examples/Acropora//aln_seqs/led6920.nt.aln.nex -m MFPMERGE
Seed:    772800 (Using SPRNG - Scalable Parallel Random Number Generator)
Time:    Sat Jan 12 16:11:34 2019
Kernel:  AVX+FMA - 3 threads (24 CPU cores detected)

Reading partition model file examples/Acropora//aln_seqs/led6920.nt.aln.nex ...
Reading alignment file examples/Acropora//aln_seqs/led6920.nt.aln ... Fasta format detected
Alignment most likely contains DNA/RNA sequences
Alignment has 5 sequences with 1194 columns, 77 distinct patterns
8 parsimony-informative, 120 singleton sites, 1066 constant sites
                          Gap/Ambiguity  Composition  p-value
   1  Adif_sc0000125.g598.t1      0.50%    passed     81.96%
   2  Aech_sc0000014.g1933.t1    18.34%    passed     83.98%
   3  Agem_sc0000139.g15185.t1   16.83%    passed     94.69%
   4  Aten_sc0000006.g806.t1      0.25%    passed     67.87%
   5  Asub_sc0000107.g29713.t1   32.66%    passed     67.40%
****  TOTAL                      13.72%  0 sequences failed composition chi2 test (p-value<5%; df=3)
NOTE: No CharPartition defined, use all CharSets

Loading 3 partitions...
Subset	Type	Seqs	Sites	Infor	Invar	Model	Name
1		5	398	0	358	MFPMERGE	p1
WARNING: No parsimony-informative sites in partition p1
2		5	398	0	374	MFPMERGE	p2
WARNING: No parsimony-informative sites in partition p2
3		5	398	8	334	MFPMERGE	p3
Degree of missing data: 0.000
Info: multi-threading strategy over partitions



Create initial parsimony tree by phylogenetic likelihood library (PLL)... 0.000 seconds
NOTE: ModelFinder requires 0 MB RAM!
Testing GTR+F+G on supermatrix...
WARNING: Number of threads seems too high for short alignments. Use -nt AUTO to determine best number of threads.
GTR+F+G4 / LnL: -2312.883 / df: 16 / AIC: 4657.766 / AICc: 4658.229 / BIC: 4739.127
Selecting individual models for 3 charsets using BIC...
 No. Model        Score       Charset
   1 TPM2+F       1337.439    p2
   2 F81+F        1503.133    p1
   3 HKY+F        1802.126    p3
Full partition model BIC score: 4701.687 (LnL: -2276.450  df:21)
Merging models to increase model fit (about 7 total partition schemes)...
   4 HKY+F        4693.242    p2+p3
   5 F81+F        4713.596    p1+p2
   6 HKY+F        4705.691    p1+p3
Merging p2+p3 with BIC score: 4693.242 (LnL: -2293.483  df: 15)
   7 HKY+F        4705.305    p1+p2+p3
BEST-FIT PARTITION MODEL: 
  charpartition BIC = F81+F: p1, HKY+F: p2 p3;
Agglomerative model selection: (p1,(p2,p3)1:4693.24)
Merging into 2 partitions...
Partition information was printed to examples/Acropora//aln_seqs/led6920.nt.aln.nex.best_scheme.nex
Partition information in Raxml format was printed to examples/Acropora//aln_seqs/led6920.nt.aln.nex.best_scheme

All model information printed to examples/Acropora//aln_seqs/led6920.nt.aln.nex.model.gz
CPU time for ModelFinder: 0.715 seconds (0h:0m:0s)
Wall-clock time for ModelFinder: 31.815 seconds (0h:0m:31s)
Generating 1000 samples for ultrafast bootstrap (seed: 772800)...

NOTE: 0 MB RAM (0 GB) is required!
Estimate model parameters (epsilon = 0.100)
Initial log-likelihood: -2298.777
Current log-likelihood at step 1: -2293.480
Current log-likelihood at step 2: -2293.480
Partition-specific rates:  0.910 1.045
Parameters optimization took 1 rounds (0.385 sec)

Computing ML distances based on estimated model parameters... 0.006 sec
Computing BIONJ tree...
0.122 seconds
Log-likelihood of BIONJ tree: -2293.480
--------------------------------------------------------------------
|             INITIALIZING CANDIDATE TREE SET                      |
--------------------------------------------------------------------
Generating 99 parsimony trees... 1.723 second
Computing log-likelihood of 4 initial trees ... 0.831 seconds
Current best score: -2293.480

Do NNI search on 5 best initial trees
Finish initializing candidate tree set (5)
Current best tree score: -2293.480 / CPU time: 6.532
Number of iterations: 5
--------------------------------------------------------------------
|               OPTIMIZING CANDIDATE TREE SET                      |
--------------------------------------------------------------------
Iteration 10 / LogL: -2293.480 / Time: 0h:0m:17s
UPDATE BEST LOG-LIKELIHOOD: -2293.480
Iteration 20 / LogL: -2293.480 / Time: 0h:0m:34s
Iteration 30 / LogL: -2293.480 / Time: 0h:0m:50s (0h:2m:0s left)
Iteration 40 / LogL: -2293.480 / Time: 0h:1m:3s (0h:1m:38s left)
Iteration 50 / LogL: -2293.480 / Time: 0h:1m:17s (0h:1m:19s left)
Log-likelihood cutoff on original alignment: -2305.063
Iteration 60 / LogL: -2293.480 / Time: 0h:1m:31s (0h:1m:1s left)
Iteration 70 / LogL: -2294.271 / Time: 0h:1m:46s (0h:0m:46s left)
Iteration 80 / LogL: -2293.480 / Time: 0h:2m:2s (0h:0m:30s left)
Iteration 90 / LogL: -2293.480 / Time: 0h:2m:16s (0h:0m:15s left)
Iteration 100 / LogL: -2293.480 / Time: 0h:2m:31s (0h:0m:0s left)
Log-likelihood cutoff on original alignment: -2305.070
NOTE: Bootstrap correlation coefficient of split occurrence frequencies: 0.999
TREE SEARCH COMPLETED AFTER 101 ITERATIONS / Time: 0h:2m:33s

--------------------------------------------------------------------
|                    FINALIZING TREE SEARCH                        |
--------------------------------------------------------------------
Performs final model parameters optimization
Estimate model parameters (epsilon = 0.010)
Initial log-likelihood: -2293.480
Current log-likelihood at step 1: -2293.480
Partition-specific rates:  0.910 1.045
Parameters optimization took 0 rounds (0.462 sec)

BEST SCORE FOUND : -2293.480
Creating bootstrap support values...
Split supports printed to NEXUS file examples/Acropora//aln_seqs/led6920.nt.aln.nex.splits.nex
Total tree length: 0.142

Total number of iterations: 101
CPU time used for tree search: 4.610 sec (0h:0m:4s)
Wall-clock time used for tree search: 151.430 sec (0h:2m:31s)
Total CPU time used: 4.734 sec (0h:0m:4s)
Total wall-clock time used: 155.737 sec (0h:2m:35s)

Computing bootstrap consensus tree...
Reading input file examples/Acropora//aln_seqs/led6920.nt.aln.nex.splits.nex...
5 taxa and 15 splits.
Consensus tree written to examples/Acropora//aln_seqs/led6920.nt.aln.nex.contree
Reading input trees file examples/Acropora//aln_seqs/led6920.nt.aln.nex.contree
Log-likelihood of consensus tree: -2293.480

Analysis results written to: 
  IQ-TREE report:                examples/Acropora//aln_seqs/led6920.nt.aln.nex.iqtree
  Maximum-likelihood tree:       examples/Acropora//aln_seqs/led6920.nt.aln.nex.treefile
  Likelihood distances:          examples/Acropora//aln_seqs/led6920.nt.aln.nex.mldist
  Best partitioning scheme:      examples/Acropora//aln_seqs/led6920.nt.aln.nex.best_scheme.nex
           in RAxML format:      examples/Acropora//aln_seqs/led6920.nt.aln.nex.best_scheme

Ultrafast bootstrap approximation results written to:
  Split support values:          examples/Acropora//aln_seqs/led6920.nt.aln.nex.splits.nex
  Consensus tree:                examples/Acropora//aln_seqs/led6920.nt.aln.nex.contree
  Screen log file:               examples/Acropora//aln_seqs/led6920.nt.aln.nex.log

Date and Time: Sat Jan 12 16:14:44 2019
