IQ-TREE multicore version 1.6.8 for Linux 64-bit built Oct 28 2018
Developed by Bui Quang Minh, Nguyen Lam Tung, Olga Chernomor,
Heiko Schmidt, Dominik Schrempf, Michael Woodhams.

Host:    sango10206.oist.jp (AVX2, FMA3, 125 GB RAM)
Command: iqtree -s examples/Acropora//aln_seqs/led6123.nt.aln -bb 1000 -redo -nt 3 -spp examples/Acropora//aln_seqs/led6123.nt.aln.nex -m MFPMERGE
Seed:    165247 (Using SPRNG - Scalable Parallel Random Number Generator)
Time:    Sat Jan 12 16:28:09 2019
Kernel:  AVX+FMA - 3 threads (24 CPU cores detected)

Reading partition model file examples/Acropora//aln_seqs/led6123.nt.aln.nex ...
Reading alignment file examples/Acropora//aln_seqs/led6123.nt.aln ... Fasta format detected
Alignment most likely contains DNA/RNA sequences
Alignment has 5 sequences with 1275 columns, 65 distinct patterns
23 parsimony-informative, 76 singleton sites, 1176 constant sites
                          Gap/Ambiguity  Composition  p-value
   1  Adif_sc0000082.g171.t1      4.71%    passed     99.80%
   2  Aech_sc0000023.g26150.t1    0.00%    passed     97.11%
   3  Agem_sc0000023.g28033.t1    0.00%    passed     98.34%
   4  Asub_sc0000130.g4881.t1     0.00%    passed     97.96%
   5  Aten_sc0000053.g175.t1      4.71%    passed     94.12%
****  TOTAL                       1.88%  0 sequences failed composition chi2 test (p-value<5%; df=3)
NOTE: No CharPartition defined, use all CharSets

Loading 3 partitions...
Subset	Type	Seqs	Sites	Infor	Invar	Model	Name
1		5	425	7	399	MFPMERGE	p1
2		5	425	4	402	MFPMERGE	p2
3		5	425	12	375	MFPMERGE	p3
Degree of missing data: 0.000
Info: multi-threading strategy over partitions



Create initial parsimony tree by phylogenetic likelihood library (PLL)... 0.000 seconds
NOTE: ModelFinder requires 0 MB RAM!
Testing GTR+F+G on supermatrix...
WARNING: Number of threads seems too high for short alignments. Use -nt AUTO to determine best number of threads.
GTR+F+G4 / LnL: -2383.404 / df: 16 / AIC: 4798.807 / AICc: 4799.240 / BIC: 4881.218
Selecting individual models for 3 charsets using BIC...
 No. Model        Score       Charset
   1 HKY+F        1759.908    p3
   2 K3P          1496.903    p2
   3 K2P+I        1564.059    p1
Full partition model BIC score: 4875.859 (LnL: -2377.149  df:17)
Merging models to increase model fit (about 7 total partition schemes)...
   4 HKY+F        4869.674    p2+p3
   5 TN+F         4870.119    p1+p3
   6 HKY+F+I      4862.436    p1+p2
Merging p1+p2 with BIC score: 4862.436 (LnL: -2370.437  df: 17)
   7 HKY+F        4860.789    p1+p2+p3
Merging p1+p2+p3 with BIC score: 4860.789 (LnL: -2391.065  df: 11)
BEST-FIT PARTITION MODEL: 
  charpartition BIC = HKY+F: p1 p2 p3;
Agglomerative model selection: ((p1,p2)1:4862.44,p3)2:4860.79
Merging into 1 partitions...
Partition information was printed to examples/Acropora//aln_seqs/led6123.nt.aln.nex.best_scheme.nex
Partition information in Raxml format was printed to examples/Acropora//aln_seqs/led6123.nt.aln.nex.best_scheme

All model information printed to examples/Acropora//aln_seqs/led6123.nt.aln.nex.model.gz
CPU time for ModelFinder: 1.224 seconds (0h:0m:1s)
Wall-clock time for ModelFinder: 46.142 seconds (0h:0m:46s)
Generating 1000 samples for ultrafast bootstrap (seed: 165247)...

NOTE: 0 MB RAM (0 GB) is required!
Estimate model parameters (epsilon = 0.100)
Initial log-likelihood: -2416.267
Current log-likelihood at step 1: -2410.798
Current log-likelihood at step 2: -2408.949
Current log-likelihood at step 3: -2406.926
Current log-likelihood at step 4: -2404.705
Current log-likelihood at step 5: -2402.266
Current log-likelihood at step 6: -2399.608
Current log-likelihood at step 7: -2396.791
Current log-likelihood at step 8: -2391.033
Current log-likelihood at step 9: -2391.033
Partition-specific rates:  1.000
Parameters optimization took 8 rounds (1.443 sec)

Computing ML distances based on estimated model parameters... 0.001 sec
Computing BIONJ tree...
0.071 seconds
Log-likelihood of BIONJ tree: -2391.033
--------------------------------------------------------------------
|             INITIALIZING CANDIDATE TREE SET                      |
--------------------------------------------------------------------
Generating 99 parsimony trees... 1.199 second
Computing log-likelihood of 4 initial trees ... 0.511 seconds
Current best score: -2391.033

Do NNI search on 5 best initial trees
Finish initializing candidate tree set (5)
Current best tree score: -2391.033 / CPU time: 4.531
Number of iterations: 5
--------------------------------------------------------------------
|               OPTIMIZING CANDIDATE TREE SET                      |
--------------------------------------------------------------------
UPDATE BEST LOG-LIKELIHOOD: -2391.033
Iteration 10 / LogL: -2391.033 / Time: 0h:0m:11s
Iteration 20 / LogL: -2391.033 / Time: 0h:0m:19s
Iteration 30 / LogL: -2391.033 / Time: 0h:0m:27s (0h:1m:6s left)
Iteration 40 / LogL: -2391.033 / Time: 0h:0m:36s (0h:0m:55s left)
Iteration 50 / LogL: -2391.033 / Time: 0h:0m:45s (0h:0m:45s left)
Log-likelihood cutoff on original alignment: -2413.611
Iteration 60 / LogL: -2391.033 / Time: 0h:0m:54s (0h:0m:36s left)
Iteration 70 / LogL: -2391.033 / Time: 0h:1m:2s (0h:0m:27s left)
Iteration 80 / LogL: -2391.033 / Time: 0h:1m:11s (0h:0m:17s left)
Iteration 90 / LogL: -2391.033 / Time: 0h:1m:19s (0h:0m:8s left)
Iteration 100 / LogL: -2391.033 / Time: 0h:1m:28s (0h:0m:0s left)
Log-likelihood cutoff on original alignment: -2413.611
NOTE: Bootstrap correlation coefficient of split occurrence frequencies: 1.000
TREE SEARCH COMPLETED AFTER 101 ITERATIONS / Time: 0h:1m:30s

--------------------------------------------------------------------
|                    FINALIZING TREE SEARCH                        |
--------------------------------------------------------------------
Performs final model parameters optimization
Estimate model parameters (epsilon = 0.010)
Initial log-likelihood: -2391.033
Current log-likelihood at step 1: -2391.033
Partition-specific rates:  1.000
Parameters optimization took 0 rounds (0.094 sec)

BEST SCORE FOUND : -2391.033
Creating bootstrap support values...
Split supports printed to NEXUS file examples/Acropora//aln_seqs/led6123.nt.aln.nex.splits.nex
Total tree length: 0.087

Total number of iterations: 101
CPU time used for tree search: 3.047 sec (0h:0m:3s)
Wall-clock time used for tree search: 88.203 sec (0h:1m:28s)
Total CPU time used: 3.180 sec (0h:0m:3s)
Total wall-clock time used: 92.295 sec (0h:1m:32s)

Computing bootstrap consensus tree...
Reading input file examples/Acropora//aln_seqs/led6123.nt.aln.nex.splits.nex...
5 taxa and 9 splits.
Consensus tree written to examples/Acropora//aln_seqs/led6123.nt.aln.nex.contree
Reading input trees file examples/Acropora//aln_seqs/led6123.nt.aln.nex.contree
Log-likelihood of consensus tree: -2391.033

Analysis results written to: 
  IQ-TREE report:                examples/Acropora//aln_seqs/led6123.nt.aln.nex.iqtree
  Maximum-likelihood tree:       examples/Acropora//aln_seqs/led6123.nt.aln.nex.treefile
  Likelihood distances:          examples/Acropora//aln_seqs/led6123.nt.aln.nex.mldist
  Best partitioning scheme:      examples/Acropora//aln_seqs/led6123.nt.aln.nex.best_scheme.nex
           in RAxML format:      examples/Acropora//aln_seqs/led6123.nt.aln.nex.best_scheme

Ultrafast bootstrap approximation results written to:
  Split support values:          examples/Acropora//aln_seqs/led6123.nt.aln.nex.splits.nex
  Consensus tree:                examples/Acropora//aln_seqs/led6123.nt.aln.nex.contree
  Screen log file:               examples/Acropora//aln_seqs/led6123.nt.aln.nex.log

Date and Time: Sat Jan 12 16:30:30 2019
