IQ-TREE multicore version 1.6.8 for Linux 64-bit built Oct 28 2018
Developed by Bui Quang Minh, Nguyen Lam Tung, Olga Chernomor,
Heiko Schmidt, Dominik Schrempf, Michael Woodhams.

Host:    sango10206.oist.jp (AVX2, FMA3, 125 GB RAM)
Command: iqtree -s examples/Acropora//aln_seqs/led6219.nt.aln -bb 1000 -redo -nt 3 -spp examples/Acropora//aln_seqs/led6219.nt.aln.nex -m MFPMERGE
Seed:    516844 (Using SPRNG - Scalable Parallel Random Number Generator)
Time:    Sat Jan 12 16:54:22 2019
Kernel:  AVX+FMA - 3 threads (24 CPU cores detected)

Reading partition model file examples/Acropora//aln_seqs/led6219.nt.aln.nex ...
Reading alignment file examples/Acropora//aln_seqs/led6219.nt.aln ... Fasta format detected
Alignment most likely contains DNA/RNA sequences
Alignment has 5 sequences with 1452 columns, 59 distinct patterns
16 parsimony-informative, 62 singleton sites, 1374 constant sites
                          Gap/Ambiguity  Composition  p-value
   1  Adif_sc0000086.g215.t1      3.31%    passed     99.66%
   2  Aech_sc0000063.g14520.t1   18.18%    passed     81.25%
   3  Agem_sc0000110.g3100.t1     0.00%    passed     97.68%
   4  Asub_sc0000097.g25129.t1    0.00%    passed     98.80%
   5  Aten_sc0000046.g182.t1      3.51%    passed    100.00%
****  TOTAL                       5.00%  0 sequences failed composition chi2 test (p-value<5%; df=3)
NOTE: No CharPartition defined, use all CharSets

Loading 3 partitions...
Subset	Type	Seqs	Sites	Infor	Invar	Model	Name
1		5	484	3	469	MFPMERGE	p1
2		5	484	3	470	MFPMERGE	p2
3		5	484	10	435	MFPMERGE	p3
Degree of missing data: 0.000
Info: multi-threading strategy over partitions



Create initial parsimony tree by phylogenetic likelihood library (PLL)... 0.000 seconds
NOTE: ModelFinder requires 0 MB RAM!
Testing GTR+F+G on supermatrix...
WARNING: Number of threads seems too high for short alignments. Use -nt AUTO to determine best number of threads.
GTR+F+G4 / LnL: -2497.075 / df: 16 / AIC: 5026.149 / AICc: 5026.528 / BIC: 5110.640
Selecting individual models for 3 charsets using BIC...
 No. Model        Score       Charset
   1 JC           1559.204    p1
   2 HKY+F        1895.805    p3
   3 HKY+F        1550.475    p2
Full partition model BIC score: 5061.252 (LnL: -2468.740  df:17)
Merging models to increase model fit (about 7 total partition schemes)...
   4 K2P          5069.267    p1+p3
   5 HKY+F        5080.613    p2+p3
   6 HKY+F        5050.746    p1+p2
Merging p1+p2 with BIC score: 5050.746 (LnL: -2467.127  df: 16)
   7 HKY+F        5079.242    p1+p2+p3
BEST-FIT PARTITION MODEL: 
  charpartition BIC = HKY+F: p1 p2, HKY+F: p3;
Agglomerative model selection: ((p1,p2)1:5050.75,p3)
Merging into 2 partitions...
Partition information was printed to examples/Acropora//aln_seqs/led6219.nt.aln.nex.best_scheme.nex
Partition information in Raxml format was printed to examples/Acropora//aln_seqs/led6219.nt.aln.nex.best_scheme

All model information printed to examples/Acropora//aln_seqs/led6219.nt.aln.nex.model.gz
CPU time for ModelFinder: 0.660 seconds (0h:0m:0s)
Wall-clock time for ModelFinder: 22.564 seconds (0h:0m:22s)
Generating 1000 samples for ultrafast bootstrap (seed: 516844)...

NOTE: 0 MB RAM (0 GB) is required!
Estimate model parameters (epsilon = 0.100)
Initial log-likelihood: -2502.285
Current log-likelihood at step 1: -2478.424
Current log-likelihood at step 2: -2477.747
Current log-likelihood at step 3: -2477.052
Current log-likelihood at step 4: -2474.421
Current log-likelihood at step 5: -2474.051
Current log-likelihood at step 6: -2473.668
Current log-likelihood at step 7: -2473.271
Current log-likelihood at step 8: -2472.860
Current log-likelihood at step 9: -2472.435
Current log-likelihood at step 10: -2471.995
Current log-likelihood at step 11: -2471.542
Current log-likelihood at step 12: -2471.076
Current log-likelihood at step 13: -2470.601
Current log-likelihood at step 14: -2470.119
Current log-likelihood at step 15: -2467.122
Current log-likelihood at step 16: -2467.122
Partition-specific rates:  0.544 1.912
Parameters optimization took 15 rounds (3.053 sec)

Computing ML distances based on estimated model parameters... 0.000 sec
Computing BIONJ tree...
0.596 seconds
Log-likelihood of BIONJ tree: -2467.122
--------------------------------------------------------------------
|             INITIALIZING CANDIDATE TREE SET                      |
--------------------------------------------------------------------
Generating 99 parsimony trees... 1.487 second
Computing log-likelihood of 4 initial trees ... 0.982 seconds
Current best score: -2467.122

Do NNI search on 5 best initial trees
Finish initializing candidate tree set (5)
Current best tree score: -2467.122 / CPU time: 5.797
Number of iterations: 5
--------------------------------------------------------------------
|               OPTIMIZING CANDIDATE TREE SET                      |
--------------------------------------------------------------------
Iteration 10 / LogL: -2467.122 / Time: 0h:0m:15s
Iteration 20 / LogL: -2467.122 / Time: 0h:0m:25s
Iteration 30 / LogL: -2467.122 / Time: 0h:0m:35s (0h:1m:26s left)
Iteration 40 / LogL: -2467.122 / Time: 0h:0m:48s (0h:1m:14s left)
Iteration 50 / LogL: -2467.122 / Time: 0h:1m:1s (0h:1m:2s left)
Log-likelihood cutoff on original alignment: -2486.930
Iteration 60 / LogL: -2467.122 / Time: 0h:1m:18s (0h:0m:53s left)
Iteration 70 / LogL: -2467.122 / Time: 0h:1m:29s (0h:0m:39s left)
Iteration 80 / LogL: -2467.122 / Time: 0h:1m:44s (0h:0m:26s left)
Iteration 90 / LogL: -2473.364 / Time: 0h:1m:57s (0h:0m:13s left)
Iteration 100 / LogL: -2467.122 / Time: 0h:2m:11s (0h:0m:0s left)
Log-likelihood cutoff on original alignment: -2486.581
NOTE: Bootstrap correlation coefficient of split occurrence frequencies: 1.000
TREE SEARCH COMPLETED AFTER 101 ITERATIONS / Time: 0h:2m:14s

--------------------------------------------------------------------
|                    FINALIZING TREE SEARCH                        |
--------------------------------------------------------------------
Performs final model parameters optimization
Estimate model parameters (epsilon = 0.010)
Initial log-likelihood: -2467.122
Current log-likelihood at step 1: -2467.122
Partition-specific rates:  0.544 1.912
Parameters optimization took 0 rounds (0.159 sec)

BEST SCORE FOUND : -2467.122
Creating bootstrap support values...
Split supports printed to NEXUS file examples/Acropora//aln_seqs/led6219.nt.aln.nex.splits.nex
Total tree length: 0.061

Total number of iterations: 101
CPU time used for tree search: 4.436 sec (0h:0m:4s)
Wall-clock time used for tree search: 129.585 sec (0h:2m:9s)
Total CPU time used: 4.692 sec (0h:0m:4s)
Total wall-clock time used: 136.083 sec (0h:2m:16s)

Computing bootstrap consensus tree...
Reading input file examples/Acropora//aln_seqs/led6219.nt.aln.nex.splits.nex...
5 taxa and 11 splits.
Consensus tree written to examples/Acropora//aln_seqs/led6219.nt.aln.nex.contree
Reading input trees file examples/Acropora//aln_seqs/led6219.nt.aln.nex.contree
Log-likelihood of consensus tree: -2467.122

Analysis results written to: 
  IQ-TREE report:                examples/Acropora//aln_seqs/led6219.nt.aln.nex.iqtree
  Maximum-likelihood tree:       examples/Acropora//aln_seqs/led6219.nt.aln.nex.treefile
  Likelihood distances:          examples/Acropora//aln_seqs/led6219.nt.aln.nex.mldist
  Best partitioning scheme:      examples/Acropora//aln_seqs/led6219.nt.aln.nex.best_scheme.nex
           in RAxML format:      examples/Acropora//aln_seqs/led6219.nt.aln.nex.best_scheme

Ultrafast bootstrap approximation results written to:
  Split support values:          examples/Acropora//aln_seqs/led6219.nt.aln.nex.splits.nex
  Consensus tree:                examples/Acropora//aln_seqs/led6219.nt.aln.nex.contree
  Screen log file:               examples/Acropora//aln_seqs/led6219.nt.aln.nex.log

Date and Time: Sat Jan 12 16:57:03 2019
