IQ-TREE multicore version 1.6.8 for Linux 64-bit built Oct 28 2018
Developed by Bui Quang Minh, Nguyen Lam Tung, Olga Chernomor,
Heiko Schmidt, Dominik Schrempf, Michael Woodhams.

Host:    sango10206.oist.jp (AVX2, FMA3, 125 GB RAM)
Command: iqtree -s examples/Acropora//aln_seqs/led6983.nt.aln -bb 1000 -redo -nt 3 -spp examples/Acropora//aln_seqs/led6983.nt.aln.nex -m MFPMERGE
Seed:    957113 (Using SPRNG - Scalable Parallel Random Number Generator)
Time:    Sat Jan 12 16:08:08 2019
Kernel:  AVX+FMA - 3 threads (24 CPU cores detected)

Reading partition model file examples/Acropora//aln_seqs/led6983.nt.aln.nex ...
Reading alignment file examples/Acropora//aln_seqs/led6983.nt.aln ... Fasta format detected
Alignment most likely contains DNA/RNA sequences
Alignment has 5 sequences with 1008 columns, 36 distinct patterns
6 parsimony-informative, 24 singleton sites, 978 constant sites
                          Gap/Ambiguity  Composition  p-value
   1  Adif_sc0000129.g174.t1      0.00%    passed     99.93%
   2  Aech_sc0000088.g28902.t1    0.00%    passed     98.10%
   3  Agem_sc0000094.g13787.t1   20.54%    passed     99.71%
   4  Asub_sc0000039.g16267.t1   20.54%    passed     95.78%
   5  Aten_sc0000294.g128.t1      0.00%    passed     99.03%
****  TOTAL                       8.21%  0 sequences failed composition chi2 test (p-value<5%; df=3)
NOTE: No CharPartition defined, use all CharSets

Loading 3 partitions...
Subset	Type	Seqs	Sites	Infor	Invar	Model	Name
1		5	336	0	334	MFPMERGE	p1
WARNING: No parsimony-informative sites in partition p1
2		5	336	1	334	MFPMERGE	p2
3		5	336	5	310	MFPMERGE	p3
Degree of missing data: 0.000
Info: multi-threading strategy over partitions



Create initial parsimony tree by phylogenetic likelihood library (PLL)... 0.000 seconds
NOTE: ModelFinder requires 0 MB RAM!
Testing GTR+F+G on supermatrix...
WARNING: Number of threads seems too high for short alignments. Use -nt AUTO to determine best number of threads.
GTR+F+G4 / LnL: -1599.125 / df: 16 / AIC: 3230.251 / AICc: 3230.800 / BIC: 3308.902
Selecting individual models for 3 charsets using BIC...
 No. Model        Score       Charset
   1 F81+F        962.595     p2
   2 HKY+F        1266.036    p3
   3 F81+F        961.934     p1
Full partition model BIC score: 3246.341 (LnL: -1557.471  df:19)
Merging models to increase model fit (about 7 total partition schemes)...
   4 F81+F        3250.522    p1+p2
   5 HKY+F        3251.433    p2+p3
   6 K2P          3280.567    p1+p3
BEST-FIT PARTITION MODEL: 
  charpartition BIC = F81+F: p1, F81+F: p2, HKY+F: p3;
Agglomerative model selection: (p1,p2,p3)
Partition information was printed to examples/Acropora//aln_seqs/led6983.nt.aln.nex.best_scheme.nex
Partition information in Raxml format was printed to examples/Acropora//aln_seqs/led6983.nt.aln.nex.best_scheme

All model information printed to examples/Acropora//aln_seqs/led6983.nt.aln.nex.model.gz
CPU time for ModelFinder: 0.532 seconds (0h:0m:0s)
Wall-clock time for ModelFinder: 17.136 seconds (0h:0m:17s)
Generating 1000 samples for ultrafast bootstrap (seed: 957113)...

NOTE: 0 MB RAM (0 GB) is required!
WARNING: Number of threads seems too high for short alignments. Use -nt AUTO to determine best number of threads.
Estimate model parameters (epsilon = 0.100)
Initial log-likelihood: -1584.507
Current log-likelihood at step 1: -1559.691
Current log-likelihood at step 2: -1559.455
Current log-likelihood at step 3: -1557.462
Current log-likelihood at step 4: -1557.462
Partition-specific rates:  0.184 0.184 2.631
Parameters optimization took 3 rounds (0.846 sec)

Computing ML distances based on estimated model parameters... 0.001 sec
Computing BIONJ tree...
0.103 seconds
Log-likelihood of BIONJ tree: -1560.758
--------------------------------------------------------------------
|             INITIALIZING CANDIDATE TREE SET                      |
--------------------------------------------------------------------
Generating 98 parsimony trees... 2.087 second
Computing log-likelihood of 3 initial trees ... 0.565 seconds
Current best score: -1557.462

Do NNI search on 5 best initial trees
Finish initializing candidate tree set (5)
Current best tree score: -1557.462 / CPU time: 6.549
Number of iterations: 5
--------------------------------------------------------------------
|               OPTIMIZING CANDIDATE TREE SET                      |
--------------------------------------------------------------------
Iteration 10 / LogL: -1557.462 / Time: 0h:0m:16s
Iteration 20 / LogL: -1557.462 / Time: 0h:0m:28s
Iteration 30 / LogL: -1557.462 / Time: 0h:0m:42s (0h:1m:42s left)
Iteration 40 / LogL: -1557.462 / Time: 0h:0m:55s (0h:1m:25s left)
Iteration 50 / LogL: -1557.462 / Time: 0h:1m:6s (0h:1m:7s left)
Log-likelihood cutoff on original alignment: -1582.157
Iteration 60 / LogL: -1557.462 / Time: 0h:1m:17s (0h:0m:52s left)
Iteration 70 / LogL: -1557.462 / Time: 0h:1m:26s (0h:0m:37s left)
Iteration 80 / LogL: -1557.462 / Time: 0h:1m:34s (0h:0m:23s left)
Iteration 90 / LogL: -1557.462 / Time: 0h:1m:46s (0h:0m:11s left)
Iteration 100 / LogL: -1557.462 / Time: 0h:2m:3s (0h:0m:0s left)
Log-likelihood cutoff on original alignment: -1582.037
NOTE: Bootstrap correlation coefficient of split occurrence frequencies: 1.000
TREE SEARCH COMPLETED AFTER 101 ITERATIONS / Time: 0h:2m:6s

--------------------------------------------------------------------
|                    FINALIZING TREE SEARCH                        |
--------------------------------------------------------------------
Performs final model parameters optimization
Estimate model parameters (epsilon = 0.010)
Initial log-likelihood: -1557.462
Current log-likelihood at step 1: -1557.462
Partition-specific rates:  0.184 0.184 2.631
Parameters optimization took 0 rounds (0.068 sec)

BEST SCORE FOUND : -1557.462
Creating bootstrap support values...
Split supports printed to NEXUS file examples/Acropora//aln_seqs/led6983.nt.aln.nex.splits.nex
Total tree length: 0.035

Total number of iterations: 101
CPU time used for tree search: 3.825 sec (0h:0m:3s)
Wall-clock time used for tree search: 123.955 sec (0h:2m:3s)
Total CPU time used: 3.929 sec (0h:0m:3s)
Total wall-clock time used: 128.413 sec (0h:2m:8s)

Computing bootstrap consensus tree...
Reading input file examples/Acropora//aln_seqs/led6983.nt.aln.nex.splits.nex...
5 taxa and 15 splits.
Consensus tree written to examples/Acropora//aln_seqs/led6983.nt.aln.nex.contree
Reading input trees file examples/Acropora//aln_seqs/led6983.nt.aln.nex.contree
Log-likelihood of consensus tree: -1557.462

Analysis results written to: 
  IQ-TREE report:                examples/Acropora//aln_seqs/led6983.nt.aln.nex.iqtree
  Maximum-likelihood tree:       examples/Acropora//aln_seqs/led6983.nt.aln.nex.treefile
  Likelihood distances:          examples/Acropora//aln_seqs/led6983.nt.aln.nex.mldist
  Best partitioning scheme:      examples/Acropora//aln_seqs/led6983.nt.aln.nex.best_scheme.nex
           in RAxML format:      examples/Acropora//aln_seqs/led6983.nt.aln.nex.best_scheme

Ultrafast bootstrap approximation results written to:
  Split support values:          examples/Acropora//aln_seqs/led6983.nt.aln.nex.splits.nex
  Consensus tree:                examples/Acropora//aln_seqs/led6983.nt.aln.nex.contree
  Screen log file:               examples/Acropora//aln_seqs/led6983.nt.aln.nex.log

Date and Time: Sat Jan 12 16:10:35 2019
