IQ-TREE multicore version 1.6.8 for Linux 64-bit built Oct 28 2018
Developed by Bui Quang Minh, Nguyen Lam Tung, Olga Chernomor,
Heiko Schmidt, Dominik Schrempf, Michael Woodhams.

Host:    sango10206.oist.jp (AVX2, FMA3, 125 GB RAM)
Command: iqtree -s examples/Acropora//aln_seqs/led6519.nt.aln -bb 1000 -redo -nt 3 -spp examples/Acropora//aln_seqs/led6519.nt.aln.nex -m MFPMERGE
Seed:    875486 (Using SPRNG - Scalable Parallel Random Number Generator)
Time:    Sat Jan 12 16:40:35 2019
Kernel:  AVX+FMA - 3 threads (24 CPU cores detected)

Reading partition model file examples/Acropora//aln_seqs/led6519.nt.aln.nex ...
Reading alignment file examples/Acropora//aln_seqs/led6519.nt.aln ... Fasta format detected
Alignment most likely contains DNA/RNA sequences
Alignment has 5 sequences with 4749 columns, 129 distinct patterns
43 parsimony-informative, 228 singleton sites, 4478 constant sites
                          Gap/Ambiguity  Composition  p-value
   1  Adif_sc0000099.g28.t1       0.06%    passed     98.80%
   2  Aech_sc0000128.g20827.t1   11.75%    passed     92.15%
   3  Agem_sc0000081.g14173.t1   29.56%    passed     22.56%
   4  Asub_sc0000226.g10135.t1   15.41%    passed     99.99%
   5  Aten_sc0000336.g190.t1      9.85%    passed     82.12%
****  TOTAL                      13.33%  0 sequences failed composition chi2 test (p-value<5%; df=3)
NOTE: No CharPartition defined, use all CharSets

Loading 3 partitions...
Subset	Type	Seqs	Sites	Infor	Invar	Model	Name
1		5	1583	10	1524	MFPMERGE	p1
2		5	1583	10	1544	MFPMERGE	p2
3		5	1583	23	1410	MFPMERGE	p3
Degree of missing data: 0.000
Info: multi-threading strategy over partitions



Create initial parsimony tree by phylogenetic likelihood library (PLL)... 0.243 seconds
NOTE: ModelFinder requires 1 MB RAM!
Testing GTR+F+G on supermatrix...
WARNING: Number of threads seems too high for short alignments. Use -nt AUTO to determine best number of threads.
GTR+F+G4 / LnL: -8235.699 / df: 16 / AIC: 16503.398 / AICc: 16503.513 / BIC: 16606.849
Selecting individual models for 3 charsets using BIC...
 No. Model        Score       Charset
   1 TN+F         5060.681    p1
   2 HKY+F        4905.312    p2
   3 HKY+F        6273.968    p3
Full partition model BIC score: 16308.333 (LnL: -8061.044  df:22)
Merging models to increase model fit (about 7 total partition schemes)...
   4 HKY+F        16432.342   p1+p2
   5 TN+F         16497.340   p1+p3
   6 HKY+F+G4     16396.317   p2+p3
BEST-FIT PARTITION MODEL: 
  charpartition BIC = TN+F: p1, HKY+F: p2, HKY+F: p3;
Agglomerative model selection: (p1,p2,p3)
Partition information was printed to examples/Acropora//aln_seqs/led6519.nt.aln.nex.best_scheme.nex
Partition information in Raxml format was printed to examples/Acropora//aln_seqs/led6519.nt.aln.nex.best_scheme

All model information printed to examples/Acropora//aln_seqs/led6519.nt.aln.nex.model.gz
CPU time for ModelFinder: 0.769 seconds (0h:0m:0s)
Wall-clock time for ModelFinder: 22.687 seconds (0h:0m:22s)
Generating 1000 samples for ultrafast bootstrap (seed: 875486)...

NOTE: 0 MB RAM (0 GB) is required!
WARNING: Number of threads seems too high for short alignments. Use -nt AUTO to determine best number of threads.
Estimate model parameters (epsilon = 0.100)
Initial log-likelihood: -8187.603
Current log-likelihood at step 1: -8080.983
Current log-likelihood at step 2: -8075.657
Current log-likelihood at step 3: -8069.888
Current log-likelihood at step 4: -8061.030
Current log-likelihood at step 5: -8061.030
Partition-specific rates:  0.619 0.422 1.959
Parameters optimization took 4 rounds (0.418 sec)

Computing ML distances based on estimated model parameters... 0.004 sec
Computing BIONJ tree...
0.007 seconds
Log-likelihood of BIONJ tree: -8078.571
--------------------------------------------------------------------
|             INITIALIZING CANDIDATE TREE SET                      |
--------------------------------------------------------------------
Generating 98 parsimony trees... 2.266 second
Computing log-likelihood of 3 initial trees ... 0.695 seconds
Current best score: -8061.030

Do NNI search on 5 best initial trees
Finish initializing candidate tree set (5)
Current best tree score: -8061.030 / CPU time: 5.791
Number of iterations: 5
--------------------------------------------------------------------
|               OPTIMIZING CANDIDATE TREE SET                      |
--------------------------------------------------------------------
UPDATE BEST LOG-LIKELIHOOD: -8061.030
Iteration 10 / LogL: -8061.030 / Time: 0h:0m:12s
UPDATE BEST LOG-LIKELIHOOD: -8061.030
Iteration 20 / LogL: -8061.030 / Time: 0h:0m:24s
Iteration 30 / LogL: -8061.030 / Time: 0h:0m:32s (0h:1m:19s left)
Iteration 40 / LogL: -8061.030 / Time: 0h:0m:44s (0h:1m:7s left)
Iteration 50 / LogL: -8061.030 / Time: 0h:0m:53s (0h:0m:54s left)
Log-likelihood cutoff on original alignment: -8078.783
Iteration 60 / LogL: -8061.048 / Time: 0h:1m:7s (0h:0m:45s left)
Iteration 70 / LogL: -8061.047 / Time: 0h:1m:20s (0h:0m:34s left)
Iteration 80 / LogL: -8061.030 / Time: 0h:1m:34s (0h:0m:23s left)
Iteration 90 / LogL: -8061.031 / Time: 0h:1m:49s (0h:0m:12s left)
Iteration 100 / LogL: -8061.051 / Time: 0h:2m:1s (0h:0m:0s left)
Log-likelihood cutoff on original alignment: -8078.783
NOTE: Bootstrap correlation coefficient of split occurrence frequencies: 1.000
TREE SEARCH COMPLETED AFTER 101 ITERATIONS / Time: 0h:2m:4s

--------------------------------------------------------------------
|                    FINALIZING TREE SEARCH                        |
--------------------------------------------------------------------
Performs final model parameters optimization
Estimate model parameters (epsilon = 0.010)
Initial log-likelihood: -8061.030
Current log-likelihood at step 1: -8061.030
Partition-specific rates:  0.619 0.422 1.959
Parameters optimization took 0 rounds (0.049 sec)

BEST SCORE FOUND : -8061.030
Creating bootstrap support values...
Split supports printed to NEXUS file examples/Acropora//aln_seqs/led6519.nt.aln.nex.splits.nex
Total tree length: 0.070

Total number of iterations: 101
CPU time used for tree search: 3.628 sec (0h:0m:3s)
Wall-clock time used for tree search: 121.650 sec (0h:2m:1s)
Total CPU time used: 3.741 sec (0h:0m:3s)
Total wall-clock time used: 125.778 sec (0h:2m:5s)

Computing bootstrap consensus tree...
Reading input file examples/Acropora//aln_seqs/led6519.nt.aln.nex.splits.nex...
5 taxa and 8 splits.
Consensus tree written to examples/Acropora//aln_seqs/led6519.nt.aln.nex.contree
Reading input trees file examples/Acropora//aln_seqs/led6519.nt.aln.nex.contree
Log-likelihood of consensus tree: -8061.030

Analysis results written to: 
  IQ-TREE report:                examples/Acropora//aln_seqs/led6519.nt.aln.nex.iqtree
  Maximum-likelihood tree:       examples/Acropora//aln_seqs/led6519.nt.aln.nex.treefile
  Likelihood distances:          examples/Acropora//aln_seqs/led6519.nt.aln.nex.mldist
  Best partitioning scheme:      examples/Acropora//aln_seqs/led6519.nt.aln.nex.best_scheme.nex
           in RAxML format:      examples/Acropora//aln_seqs/led6519.nt.aln.nex.best_scheme

Ultrafast bootstrap approximation results written to:
  Split support values:          examples/Acropora//aln_seqs/led6519.nt.aln.nex.splits.nex
  Consensus tree:                examples/Acropora//aln_seqs/led6519.nt.aln.nex.contree
  Screen log file:               examples/Acropora//aln_seqs/led6519.nt.aln.nex.log

Date and Time: Sat Jan 12 16:43:06 2019
