IQ-TREE multicore version 1.6.8 for Linux 64-bit built Oct 28 2018
Developed by Bui Quang Minh, Nguyen Lam Tung, Olga Chernomor,
Heiko Schmidt, Dominik Schrempf, Michael Woodhams.

Host:    sango10206.oist.jp (AVX2, FMA3, 125 GB RAM)
Command: iqtree -s examples/Acropora//aln_seqs/led6229.nt.aln -bb 1000 -redo -nt 3 -spp examples/Acropora//aln_seqs/led6229.nt.aln.nex -m MFPMERGE
Seed:    205941 (Using SPRNG - Scalable Parallel Random Number Generator)
Time:    Sat Jan 12 16:04:17 2019
Kernel:  AVX+FMA - 3 threads (24 CPU cores detected)

Reading partition model file examples/Acropora//aln_seqs/led6229.nt.aln.nex ...
Reading alignment file examples/Acropora//aln_seqs/led6229.nt.aln ... Fasta format detected
Alignment most likely contains DNA/RNA sequences
Alignment has 5 sequences with 2385 columns, 91 distinct patterns
43 parsimony-informative, 103 singleton sites, 2239 constant sites
                          Gap/Ambiguity  Composition  p-value
   1  Adif_sc0000086.g242.t1     19.50%    passed     98.70%
   2  Aech_sc0000063.g14545.t1    0.88%    passed     93.88%
   3  Agem_sc0000110.g3074.t1    18.74%    passed     97.88%
   4  Asub_sc0000097.g25152.t1   22.89%    passed     98.66%
   5  Aten_sc0000046.g154.t1     18.74%    passed     98.82%
****  TOTAL                      16.15%  0 sequences failed composition chi2 test (p-value<5%; df=3)
NOTE: No CharPartition defined, use all CharSets

Loading 3 partitions...
Subset	Type	Seqs	Sites	Infor	Invar	Model	Name
1		5	795	13	757	MFPMERGE	p1
2		5	795	14	756	MFPMERGE	p2
3		5	795	16	726	MFPMERGE	p3
Degree of missing data: 0.000
Info: multi-threading strategy over partitions



Create initial parsimony tree by phylogenetic likelihood library (PLL)... 0.000 seconds
NOTE: ModelFinder requires 0 MB RAM!
Testing GTR+F+G on supermatrix...
WARNING: Number of threads seems too high for short alignments. Use -nt AUTO to determine best number of threads.
GTR+F+G4 / LnL: -4202.512 / df: 16 / AIC: 8437.024 / AICc: 8437.253 / BIC: 8529.455
Selecting individual models for 3 charsets using BIC...
 No. Model        Score       Charset
   1 HKY+F        2661.423    p1
   2 HKY+F        2729.992    p2
   3 HKY+F        3003.996    p3
Full partition model BIC score: 8458.551 (LnL: -4147.618  df:21)
Merging models to increase model fit (about 7 total partition schemes)...
   4 HKY+F        8458.150    p2+p3
   5 HKY+F        8516.784    p1+p3
   6 HKY+F        8457.228    p1+p2
Merging p1+p2 with BIC score: 8457.228 (LnL: -4166.398  df: 16)
   7 HKY+F        8497.878    p1+p2+p3
BEST-FIT PARTITION MODEL: 
  charpartition BIC = HKY+F: p1 p2, HKY+F: p3;
Agglomerative model selection: ((p1,p2)1:8457.23,p3)
Merging into 2 partitions...
Partition information was printed to examples/Acropora//aln_seqs/led6229.nt.aln.nex.best_scheme.nex
Partition information in Raxml format was printed to examples/Acropora//aln_seqs/led6229.nt.aln.nex.best_scheme

All model information printed to examples/Acropora//aln_seqs/led6229.nt.aln.nex.model.gz
CPU time for ModelFinder: 0.731 seconds (0h:0m:0s)
Wall-clock time for ModelFinder: 29.932 seconds (0h:0m:29s)
Generating 1000 samples for ultrafast bootstrap (seed: 205941)...

NOTE: 0 MB RAM (0 GB) is required!
Estimate model parameters (epsilon = 0.100)
Initial log-likelihood: -4204.200
Current log-likelihood at step 1: -4187.205
Current log-likelihood at step 2: -4183.644
Current log-likelihood at step 3: -4179.765
Current log-likelihood at step 4: -4171.629
Current log-likelihood at step 5: -4166.397
Current log-likelihood at step 6: -4166.396
Partition-specific rates:  0.795 1.410
Parameters optimization took 5 rounds (2.887 sec)

Computing ML distances based on estimated model parameters... 0.000 sec
Computing BIONJ tree...
0.002 seconds
Log-likelihood of BIONJ tree: -4166.396
--------------------------------------------------------------------
|             INITIALIZING CANDIDATE TREE SET                      |
--------------------------------------------------------------------
Generating 99 parsimony trees... 2.158 second
Computing log-likelihood of 4 initial trees ... 1.317 seconds
Current best score: -4166.396

Do NNI search on 5 best initial trees
Finish initializing candidate tree set (5)
Current best tree score: -4166.396 / CPU time: 13.476
Number of iterations: 5
--------------------------------------------------------------------
|               OPTIMIZING CANDIDATE TREE SET                      |
--------------------------------------------------------------------
Iteration 10 / LogL: -4166.396 / Time: 0h:0m:29s
Iteration 20 / LogL: -4205.328 / Time: 0h:0m:58s
Iteration 30 / LogL: -4166.396 / Time: 0h:1m:16s (0h:3m:2s left)
Iteration 40 / LogL: -4166.396 / Time: 0h:1m:30s (0h:2m:18s left)
Iteration 50 / LogL: -4166.396 / Time: 0h:1m:45s (0h:1m:47s left)
Log-likelihood cutoff on original alignment: -4166.415
Iteration 60 / LogL: -4166.396 / Time: 0h:2m:4s (0h:1m:24s left)
Iteration 70 / LogL: -4166.396 / Time: 0h:2m:19s (0h:1m:0s left)
Iteration 80 / LogL: -4166.396 / Time: 0h:2m:34s (0h:0m:39s left)
Iteration 90 / LogL: -4166.396 / Time: 0h:2m:48s (0h:0m:18s left)
Iteration 100 / LogL: -4166.396 / Time: 0h:3m:10s (0h:0m:0s left)
Log-likelihood cutoff on original alignment: -4166.415
NOTE: Bootstrap correlation coefficient of split occurrence frequencies: 1.000
TREE SEARCH COMPLETED AFTER 101 ITERATIONS / Time: 0h:3m:14s

--------------------------------------------------------------------
|                    FINALIZING TREE SEARCH                        |
--------------------------------------------------------------------
Performs final model parameters optimization
Estimate model parameters (epsilon = 0.010)
Initial log-likelihood: -4166.396
Current log-likelihood at step 1: -4166.396
Partition-specific rates:  0.795 1.410
Parameters optimization took 0 rounds (0.688 sec)

BEST SCORE FOUND : -4166.396
Creating bootstrap support values...
Split supports printed to NEXUS file examples/Acropora//aln_seqs/led6229.nt.aln.nex.splits.nex
Total tree length: 0.082

Total number of iterations: 101
CPU time used for tree search: 5.017 sec (0h:0m:5s)
Wall-clock time used for tree search: 188.695 sec (0h:3m:8s)
Total CPU time used: 5.206 sec (0h:0m:5s)
Total wall-clock time used: 196.846 sec (0h:3m:16s)

Computing bootstrap consensus tree...
Reading input file examples/Acropora//aln_seqs/led6229.nt.aln.nex.splits.nex...
5 taxa and 7 splits.
Consensus tree written to examples/Acropora//aln_seqs/led6229.nt.aln.nex.contree
Reading input trees file examples/Acropora//aln_seqs/led6229.nt.aln.nex.contree
Log-likelihood of consensus tree: -4166.396

Analysis results written to: 
  IQ-TREE report:                examples/Acropora//aln_seqs/led6229.nt.aln.nex.iqtree
  Maximum-likelihood tree:       examples/Acropora//aln_seqs/led6229.nt.aln.nex.treefile
  Likelihood distances:          examples/Acropora//aln_seqs/led6229.nt.aln.nex.mldist
  Best partitioning scheme:      examples/Acropora//aln_seqs/led6229.nt.aln.nex.best_scheme.nex
           in RAxML format:      examples/Acropora//aln_seqs/led6229.nt.aln.nex.best_scheme

Ultrafast bootstrap approximation results written to:
  Split support values:          examples/Acropora//aln_seqs/led6229.nt.aln.nex.splits.nex
  Consensus tree:                examples/Acropora//aln_seqs/led6229.nt.aln.nex.contree
  Screen log file:               examples/Acropora//aln_seqs/led6229.nt.aln.nex.log

Date and Time: Sat Jan 12 16:08:06 2019
