IQ-TREE multicore version 1.6.8 for Linux 64-bit built Oct 28 2018
Developed by Bui Quang Minh, Nguyen Lam Tung, Olga Chernomor,
Heiko Schmidt, Dominik Schrempf, Michael Woodhams.

Host:    sango10206.oist.jp (AVX2, FMA3, 125 GB RAM)
Command: iqtree -s examples/Acropora//aln_seqs/led6145.nt.aln -bb 1000 -redo -nt 3 -spp examples/Acropora//aln_seqs/led6145.nt.aln.nex -m MFPMERGE
Seed:    404876 (Using SPRNG - Scalable Parallel Random Number Generator)
Time:    Sat Jan 12 16:03:31 2019
Kernel:  AVX+FMA - 3 threads (24 CPU cores detected)

Reading partition model file examples/Acropora//aln_seqs/led6145.nt.aln.nex ...
Reading alignment file examples/Acropora//aln_seqs/led6145.nt.aln ... Fasta format detected
Alignment most likely contains DNA/RNA sequences
Alignment has 5 sequences with 2304 columns, 114 distinct patterns
28 parsimony-informative, 277 singleton sites, 1999 constant sites
                          Gap/Ambiguity  Composition  p-value
   1  Adif_sc0000083.g1289.t1     0.39%    passed     99.40%
   2  Aech_sc0000127.g15622.t1    4.43%    passed     94.74%
   3  Agem_sc0000244.g16035.t1    0.39%    passed     99.76%
   4  Asub_sc0000096.g4727.t1     1.95%    passed     95.96%
   5  Aten_sc0000202.g314.t1     12.63%    passed     65.75%
****  TOTAL                       3.96%  0 sequences failed composition chi2 test (p-value<5%; df=3)
NOTE: No CharPartition defined, use all CharSets

Loading 3 partitions...
Subset	Type	Seqs	Sites	Infor	Invar	Model	Name
1		5	768	8	667	MFPMERGE	p1
2		5	768	3	698	MFPMERGE	p2
3		5	768	17	634	MFPMERGE	p3
Degree of missing data: 0.000
Info: multi-threading strategy over partitions



Create initial parsimony tree by phylogenetic likelihood library (PLL)... 0.000 seconds
NOTE: ModelFinder requires 1 MB RAM!
Testing GTR+F+G on supermatrix...
WARNING: Number of threads seems too high for short alignments. Use -nt AUTO to determine best number of threads.
GTR+F+G4 / LnL: -4846.276 / df: 16 / AIC: 9724.552 / AICc: 9724.790 / BIC: 9816.431
Selecting individual models for 3 charsets using BIC...
 No. Model        Score       Charset
   1 F81+F        2885.939    p2
   2 F81+F        3164.192    p1
   3 HKY+F+G4     3605.231    p3
Full partition model BIC score: 9717.197 (LnL: -4781.175  df:20)
Merging models to increase model fit (about 7 total partition schemes)...
   4 F81+F        9761.600    p1+p2
   5 HKY+F+G4     9725.861    p2+p3
   6 HKY+F+G4     9771.940    p1+p3
BEST-FIT PARTITION MODEL: 
  charpartition BIC = F81+F: p1, F81+F: p2, HKY+F+G4: p3;
Agglomerative model selection: (p1,p2,p3)
Partition information was printed to examples/Acropora//aln_seqs/led6145.nt.aln.nex.best_scheme.nex
Partition information in Raxml format was printed to examples/Acropora//aln_seqs/led6145.nt.aln.nex.best_scheme

All model information printed to examples/Acropora//aln_seqs/led6145.nt.aln.nex.model.gz
CPU time for ModelFinder: 0.732 seconds (0h:0m:0s)
Wall-clock time for ModelFinder: 14.752 seconds (0h:0m:14s)
Generating 1000 samples for ultrafast bootstrap (seed: 404876)...

NOTE: 0 MB RAM (0 GB) is required!
WARNING: Number of threads seems too high for short alignments. Use -nt AUTO to determine best number of threads.
Estimate model parameters (epsilon = 0.100)
Initial log-likelihood: -4810.762
Current log-likelihood at step 1: -4781.499
Current log-likelihood at step 2: -4781.036
Current log-likelihood at step 3: -4781.009
Partition-specific rates:  0.874 0.594 1.532
Parameters optimization took 2 rounds (0.363 sec)

Computing ML distances based on estimated model parameters... 0.000 sec
Computing BIONJ tree...
0.353 seconds
Log-likelihood of BIONJ tree: -4781.009
--------------------------------------------------------------------
|             INITIALIZING CANDIDATE TREE SET                      |
--------------------------------------------------------------------
Generating 99 parsimony trees... 1.716 second
Computing log-likelihood of 4 initial trees ... 0.605 seconds
Current best score: -4781.009

Do NNI search on 5 best initial trees
Finish initializing candidate tree set (5)
Current best tree score: -4781.009 / CPU time: 4.647
Number of iterations: 5
--------------------------------------------------------------------
|               OPTIMIZING CANDIDATE TREE SET                      |
--------------------------------------------------------------------
Iteration 10 / LogL: -4781.011 / Time: 0h:0m:11s
Iteration 20 / LogL: -4782.669 / Time: 0h:0m:20s
UPDATE BEST LOG-LIKELIHOOD: -4781.009
UPDATE BEST LOG-LIKELIHOOD: -4781.009
Iteration 30 / LogL: -4781.009 / Time: 0h:0m:29s (0h:1m:11s left)
Iteration 40 / LogL: -4781.011 / Time: 0h:0m:39s (0h:1m:0s left)
Iteration 50 / LogL: -4781.010 / Time: 0h:0m:57s (0h:0m:58s left)
Log-likelihood cutoff on original alignment: -4798.507
Iteration 60 / LogL: -4782.669 / Time: 0h:1m:15s (0h:0m:51s left)
Iteration 70 / LogL: -4781.010 / Time: 0h:1m:31s (0h:0m:39s left)
Iteration 80 / LogL: -4781.028 / Time: 0h:1m:47s (0h:0m:27s left)
Iteration 90 / LogL: -4781.028 / Time: 0h:2m:6s (0h:0m:14s left)
Iteration 100 / LogL: -4781.028 / Time: 0h:2m:21s (0h:0m:0s left)
Log-likelihood cutoff on original alignment: -4798.507
NOTE: Bootstrap correlation coefficient of split occurrence frequencies: 1.000
TREE SEARCH COMPLETED AFTER 101 ITERATIONS / Time: 0h:2m:26s

--------------------------------------------------------------------
|                    FINALIZING TREE SEARCH                        |
--------------------------------------------------------------------
Performs final model parameters optimization
Estimate model parameters (epsilon = 0.010)
Initial log-likelihood: -4781.009
Current log-likelihood at step 1: -4781.008
Partition-specific rates:  0.874 0.593 1.533
Parameters optimization took 0 rounds (0.165 sec)

BEST SCORE FOUND : -4781.008
Creating bootstrap support values...
Split supports printed to NEXUS file examples/Acropora//aln_seqs/led6145.nt.aln.nex.splits.nex
Total tree length: 0.177

Total number of iterations: 101
CPU time used for tree search: 3.963 sec (0h:0m:3s)
Wall-clock time used for tree search: 144.167 sec (0h:2m:24s)
Total CPU time used: 4.075 sec (0h:0m:4s)
Total wall-clock time used: 149.450 sec (0h:2m:29s)

Computing bootstrap consensus tree...
Reading input file examples/Acropora//aln_seqs/led6145.nt.aln.nex.splits.nex...
5 taxa and 11 splits.
Consensus tree written to examples/Acropora//aln_seqs/led6145.nt.aln.nex.contree
Reading input trees file examples/Acropora//aln_seqs/led6145.nt.aln.nex.contree
Log-likelihood of consensus tree: -4781.008

Analysis results written to: 
  IQ-TREE report:                examples/Acropora//aln_seqs/led6145.nt.aln.nex.iqtree
  Maximum-likelihood tree:       examples/Acropora//aln_seqs/led6145.nt.aln.nex.treefile
  Likelihood distances:          examples/Acropora//aln_seqs/led6145.nt.aln.nex.mldist
  Best partitioning scheme:      examples/Acropora//aln_seqs/led6145.nt.aln.nex.best_scheme.nex
           in RAxML format:      examples/Acropora//aln_seqs/led6145.nt.aln.nex.best_scheme

Ultrafast bootstrap approximation results written to:
  Split support values:          examples/Acropora//aln_seqs/led6145.nt.aln.nex.splits.nex
  Consensus tree:                examples/Acropora//aln_seqs/led6145.nt.aln.nex.contree
  Screen log file:               examples/Acropora//aln_seqs/led6145.nt.aln.nex.log

Date and Time: Sat Jan 12 16:06:17 2019
