IQ-TREE multicore version 1.6.8 for Linux 64-bit built Oct 28 2018
Developed by Bui Quang Minh, Nguyen Lam Tung, Olga Chernomor,
Heiko Schmidt, Dominik Schrempf, Michael Woodhams.

Host:    sango10206.oist.jp (AVX2, FMA3, 125 GB RAM)
Command: iqtree -s examples/Acropora//aln_seqs/led6806.nt.aln -bb 1000 -redo -nt 3 -spp examples/Acropora//aln_seqs/led6806.nt.aln.nex -m MFPMERGE
Seed:    70237 (Using SPRNG - Scalable Parallel Random Number Generator)
Time:    Sat Jan 12 16:35:48 2019
Kernel:  AVX+FMA - 3 threads (24 CPU cores detected)

Reading partition model file examples/Acropora//aln_seqs/led6806.nt.aln.nex ...
Reading alignment file examples/Acropora//aln_seqs/led6806.nt.aln ... Fasta format detected
Alignment most likely contains DNA/RNA sequences
Alignment has 5 sequences with 4269 columns, 102 distinct patterns
26 parsimony-informative, 115 singleton sites, 4128 constant sites
                          Gap/Ambiguity  Composition  p-value
   1  Adif_sc0000116.g130.t1     78.92%    passed     99.30%
   2  Aech_sc0000001.g3752.t1    49.33%    passed     72.85%
   3  Asub_sc0000181.g15359.t1   53.20%    passed     95.83%
   4  Aten_sc0000015.g533.t1     53.34%    passed     81.89%
   5  Agem_sc0000039.g16146.t1    3.51%    passed     54.97%
WARNING: 3 sequences contain more than 50% gaps/ambiguity
****  TOTAL                      47.66%  0 sequences failed composition chi2 test (p-value<5%; df=3)
NOTE: No CharPartition defined, use all CharSets

Loading 3 partitions...
Subset	Type	Seqs	Sites	Infor	Invar	Model	Name
1		5	1423	7	1379	MFPMERGE	p1
2		5	1423	4	1392	MFPMERGE	p2
3		5	1423	15	1357	MFPMERGE	p3
Degree of missing data: 0.000
Info: multi-threading strategy over partitions



Create initial parsimony tree by phylogenetic likelihood library (PLL)... 0.000 seconds
NOTE: ModelFinder requires 1 MB RAM!
Testing GTR+F+G on supermatrix...
WARNING: Number of threads seems too high for short alignments. Use -nt AUTO to determine best number of threads.
GTR+F+G4 / LnL: -6777.204 / df: 16 / AIC: 13586.408 / AICc: 13586.536 / BIC: 13688.155
Selecting individual models for 3 charsets using BIC...
 No. Model        Score       Charset
   1 F81+F        4471.077    p1
   2 TPM2+F       4351.610    p2
   3 HKY+F+G4     4691.729    p3
Full partition model BIC score: 13582.149 (LnL: -6699.124  df:22)
Merging models to increase model fit (about 7 total partition schemes)...
   4 K2P          13628.344   p1+p2
   5 HKY+F+G4     13651.922   p1+p3
   6 HKY+F+G4     13579.804   p2+p3
Merging p2+p3 with BIC score: 13579.804 (LnL: -6723.029  df: 16)
   7 HKY+F+G4     13661.766   p1+p2+p3
BEST-FIT PARTITION MODEL: 
  charpartition BIC = F81+F: p1, HKY+F+G4: p2 p3;
Agglomerative model selection: (p1,(p2,p3)1:13579.8)
Merging into 2 partitions...
Partition information was printed to examples/Acropora//aln_seqs/led6806.nt.aln.nex.best_scheme.nex
Partition information in Raxml format was printed to examples/Acropora//aln_seqs/led6806.nt.aln.nex.best_scheme

All model information printed to examples/Acropora//aln_seqs/led6806.nt.aln.nex.model.gz
CPU time for ModelFinder: 0.878 seconds (0h:0m:0s)
Wall-clock time for ModelFinder: 39.808 seconds (0h:0m:39s)
Generating 1000 samples for ultrafast bootstrap (seed: 70237)...

NOTE: 0 MB RAM (0 GB) is required!
Estimate model parameters (epsilon = 0.100)
Initial log-likelihood: -6748.255
Current log-likelihood at step 1: -6742.164
Current log-likelihood at step 2: -6739.875
Current log-likelihood at step 3: -6737.466
Current log-likelihood at step 4: -6734.822
Current log-likelihood at step 5: -6731.939
Current log-likelihood at step 6: -6723.027
Current log-likelihood at step 7: -6723.010
Partition-specific rates:  0.865 1.067
Parameters optimization took 6 rounds (2.255 sec)

Computing ML distances based on estimated model parameters... 0.000 sec
Computing BIONJ tree...
0.055 seconds
Log-likelihood of BIONJ tree: -6725.993
--------------------------------------------------------------------
|             INITIALIZING CANDIDATE TREE SET                      |
--------------------------------------------------------------------
Generating 98 parsimony trees... 1.717 second
Computing log-likelihood of 3 initial trees ... 1.134 seconds
Current best score: -6723.010

Do NNI search on 5 best initial trees
Finish initializing candidate tree set (5)
Current best tree score: -6723.010 / CPU time: 6.884
Number of iterations: 5
--------------------------------------------------------------------
|               OPTIMIZING CANDIDATE TREE SET                      |
--------------------------------------------------------------------
Iteration 10 / LogL: -6723.010 / Time: 0h:0m:18s
UPDATE BEST LOG-LIKELIHOOD: -6723.010
Iteration 20 / LogL: -6723.010 / Time: 0h:0m:32s
UPDATE BEST LOG-LIKELIHOOD: -6723.010
Iteration 30 / LogL: -6723.010 / Time: 0h:0m:45s (0h:1m:49s left)
Iteration 40 / LogL: -6723.010 / Time: 0h:1m:1s (0h:1m:35s left)
Iteration 50 / LogL: -6723.011 / Time: 0h:1m:17s (0h:1m:18s left)
Log-likelihood cutoff on original alignment: -6758.379
Iteration 60 / LogL: -6723.010 / Time: 0h:1m:28s (0h:0m:59s left)
Iteration 70 / LogL: -6725.971 / Time: 0h:1m:42s (0h:0m:44s left)
Iteration 80 / LogL: -6723.010 / Time: 0h:1m:53s (0h:0m:28s left)
Iteration 90 / LogL: -6725.969 / Time: 0h:2m:4s (0h:0m:14s left)
Iteration 100 / LogL: -6723.010 / Time: 0h:2m:17s (0h:0m:0s left)
Log-likelihood cutoff on original alignment: -6758.909
NOTE: Bootstrap correlation coefficient of split occurrence frequencies: 1.000
TREE SEARCH COMPLETED AFTER 101 ITERATIONS / Time: 0h:2m:20s

--------------------------------------------------------------------
|                    FINALIZING TREE SEARCH                        |
--------------------------------------------------------------------
Performs final model parameters optimization
Estimate model parameters (epsilon = 0.010)
Initial log-likelihood: -6723.010
Current log-likelihood at step 1: -6723.010
Partition-specific rates:  0.865 1.067
Parameters optimization took 0 rounds (0.178 sec)

BEST SCORE FOUND : -6723.010
Creating bootstrap support values...
Split supports printed to NEXUS file examples/Acropora//aln_seqs/led6806.nt.aln.nex.splits.nex
Total tree length: 0.111

Total number of iterations: 101
CPU time used for tree search: 4.995 sec (0h:0m:4s)
Wall-clock time used for tree search: 135.758 sec (0h:2m:15s)
Total CPU time used: 5.200 sec (0h:0m:5s)
Total wall-clock time used: 141.668 sec (0h:2m:21s)

Computing bootstrap consensus tree...
Reading input file examples/Acropora//aln_seqs/led6806.nt.aln.nex.splits.nex...
5 taxa and 15 splits.
Consensus tree written to examples/Acropora//aln_seqs/led6806.nt.aln.nex.contree
Reading input trees file examples/Acropora//aln_seqs/led6806.nt.aln.nex.contree
Log-likelihood of consensus tree: -6723.010

Analysis results written to: 
  IQ-TREE report:                examples/Acropora//aln_seqs/led6806.nt.aln.nex.iqtree
  Maximum-likelihood tree:       examples/Acropora//aln_seqs/led6806.nt.aln.nex.treefile
  Likelihood distances:          examples/Acropora//aln_seqs/led6806.nt.aln.nex.mldist
  Best partitioning scheme:      examples/Acropora//aln_seqs/led6806.nt.aln.nex.best_scheme.nex
           in RAxML format:      examples/Acropora//aln_seqs/led6806.nt.aln.nex.best_scheme

Ultrafast bootstrap approximation results written to:
  Split support values:          examples/Acropora//aln_seqs/led6806.nt.aln.nex.splits.nex
  Consensus tree:                examples/Acropora//aln_seqs/led6806.nt.aln.nex.contree
  Screen log file:               examples/Acropora//aln_seqs/led6806.nt.aln.nex.log

Date and Time: Sat Jan 12 16:38:52 2019
