IQ-TREE multicore version 1.6.8 for Linux 64-bit built Oct 28 2018
Developed by Bui Quang Minh, Nguyen Lam Tung, Olga Chernomor,
Heiko Schmidt, Dominik Schrempf, Michael Woodhams.

Host:    sango10206.oist.jp (AVX2, FMA3, 125 GB RAM)
Command: iqtree -s examples/Acropora//aln_seqs/led6891.nt.aln -bb 1000 -redo -nt 3 -spp examples/Acropora//aln_seqs/led6891.nt.aln.nex -m MFPMERGE
Seed:    934914 (Using SPRNG - Scalable Parallel Random Number Generator)
Time:    Sat Jan 12 16:48:47 2019
Kernel:  AVX+FMA - 3 threads (24 CPU cores detected)

Reading partition model file examples/Acropora//aln_seqs/led6891.nt.aln.nex ...
Reading alignment file examples/Acropora//aln_seqs/led6891.nt.aln ... Fasta format detected
Alignment most likely contains DNA/RNA sequences
Alignment has 5 sequences with 1755 columns, 108 distinct patterns
29 parsimony-informative, 144 singleton sites, 1582 constant sites
                          Gap/Ambiguity  Composition  p-value
   1  Adif_sc0000122.g233.t1     11.28%    passed     89.75%
   2  Aech_sc0000037.g27945.t1    5.13%    passed     93.07%
   3  Agem_sc0000199.g23711.t1    0.00%    passed     91.67%
   4  Asub_sc0001959.g30547.t1   47.01%    passed     30.01%
   5  Aten_sc0000162.g44.t1       5.13%    passed     99.42%
****  TOTAL                      13.71%  0 sequences failed composition chi2 test (p-value<5%; df=3)
NOTE: No CharPartition defined, use all CharSets

Loading 3 partitions...
Subset	Type	Seqs	Sites	Infor	Invar	Model	Name
1		5	585	8	535	MFPMERGE	p1
2		5	585	8	529	MFPMERGE	p2
3		5	585	13	518	MFPMERGE	p3
Degree of missing data: 0.000
Info: multi-threading strategy over partitions



Create initial parsimony tree by phylogenetic likelihood library (PLL)... 0.000 seconds
NOTE: ModelFinder requires 1 MB RAM!
Testing GTR+F+G on supermatrix...
WARNING: Number of threads seems too high for short alignments. Use -nt AUTO to determine best number of threads.
GTR+F+G4 / LnL: -3423.932 / df: 16 / AIC: 6879.865 / AICc: 6880.178 / BIC: 6967.388
Selecting individual models for 3 charsets using BIC...
 No. Model        Score       Charset
   1 F81+F        2302.586    p2
   2 HKY+F        2378.374    p3
   3 HKY+F        2201.762    p1
Full partition model BIC score: 6942.923 (LnL: -3396.759  df:20)
Merging models to increase model fit (about 7 total partition schemes)...
   4 HKY+F        6947.169    p2+p3
   5 HKY+F        6941.089    p1+p3
   6 HKY+F        6937.880    p1+p2
Merging p1+p2 with BIC score: 6937.880 (LnL: -3409.178  df: 16)
   7 HKY+F        6940.514    p1+p2+p3
BEST-FIT PARTITION MODEL: 
  charpartition BIC = HKY+F: p1 p2, HKY+F: p3;
Agglomerative model selection: ((p1,p2)1:6937.88,p3)
Merging into 2 partitions...
Partition information was printed to examples/Acropora//aln_seqs/led6891.nt.aln.nex.best_scheme.nex
Partition information in Raxml format was printed to examples/Acropora//aln_seqs/led6891.nt.aln.nex.best_scheme

All model information printed to examples/Acropora//aln_seqs/led6891.nt.aln.nex.model.gz
CPU time for ModelFinder: 0.813 seconds (0h:0m:0s)
Wall-clock time for ModelFinder: 32.424 seconds (0h:0m:32s)
Generating 1000 samples for ultrafast bootstrap (seed: 934914)...

NOTE: 0 MB RAM (0 GB) is required!
Estimate model parameters (epsilon = 0.100)
Initial log-likelihood: -3424.833
Current log-likelihood at step 1: -3409.171
Current log-likelihood at step 2: -3409.170
Partition-specific rates:  0.920 1.160
Parameters optimization took 1 rounds (0.707 sec)

Computing ML distances based on estimated model parameters... 0.013 sec
Computing BIONJ tree...
0.002 seconds
Log-likelihood of BIONJ tree: -3409.170
--------------------------------------------------------------------
|             INITIALIZING CANDIDATE TREE SET                      |
--------------------------------------------------------------------
Generating 99 parsimony trees... 1.913 second
Computing log-likelihood of 4 initial trees ... 1.276 seconds
Current best score: -3409.170

Do NNI search on 5 best initial trees
Finish initializing candidate tree set (5)
Current best tree score: -3409.170 / CPU time: 7.449
Number of iterations: 5
--------------------------------------------------------------------
|               OPTIMIZING CANDIDATE TREE SET                      |
--------------------------------------------------------------------
UPDATE BEST LOG-LIKELIHOOD: -3409.170
Iteration 10 / LogL: -3409.176 / Time: 0h:0m:22s
Iteration 20 / LogL: -3409.170 / Time: 0h:0m:35s
Iteration 30 / LogL: -3409.176 / Time: 0h:0m:46s (0h:1m:51s left)
Iteration 40 / LogL: -3409.172 / Time: 0h:0m:57s (0h:1m:28s left)
Iteration 50 / LogL: -3409.172 / Time: 0h:1m:11s (0h:1m:12s left)
Log-likelihood cutoff on original alignment: -3421.434
Iteration 60 / LogL: -3409.176 / Time: 0h:1m:32s (0h:1m:2s left)
Iteration 70 / LogL: -3421.196 / Time: 0h:1m:44s (0h:0m:45s left)
Iteration 80 / LogL: -3409.172 / Time: 0h:2m:0s (0h:0m:30s left)
Iteration 90 / LogL: -3421.200 / Time: 0h:2m:18s (0h:0m:15s left)
Iteration 100 / LogL: -3409.176 / Time: 0h:2m:33s (0h:0m:0s left)
Log-likelihood cutoff on original alignment: -3421.434
NOTE: Bootstrap correlation coefficient of split occurrence frequencies: 1.000
TREE SEARCH COMPLETED AFTER 101 ITERATIONS / Time: 0h:2m:36s

--------------------------------------------------------------------
|                    FINALIZING TREE SEARCH                        |
--------------------------------------------------------------------
Performs final model parameters optimization
Estimate model parameters (epsilon = 0.010)
Initial log-likelihood: -3409.170
Current log-likelihood at step 1: -3409.170
Partition-specific rates:  0.920 1.160
Parameters optimization took 0 rounds (0.243 sec)

BEST SCORE FOUND : -3409.170
Creating bootstrap support values...
Split supports printed to NEXUS file examples/Acropora//aln_seqs/led6891.nt.aln.nex.splits.nex
Total tree length: 0.120

Total number of iterations: 101
CPU time used for tree search: 4.624 sec (0h:0m:4s)
Wall-clock time used for tree search: 152.358 sec (0h:2m:32s)
Total CPU time used: 4.764 sec (0h:0m:4s)
Total wall-clock time used: 158.464 sec (0h:2m:38s)

Computing bootstrap consensus tree...
Reading input file examples/Acropora//aln_seqs/led6891.nt.aln.nex.splits.nex...
5 taxa and 9 splits.
Consensus tree written to examples/Acropora//aln_seqs/led6891.nt.aln.nex.contree
Reading input trees file examples/Acropora//aln_seqs/led6891.nt.aln.nex.contree
Log-likelihood of consensus tree: -3409.170

Analysis results written to: 
  IQ-TREE report:                examples/Acropora//aln_seqs/led6891.nt.aln.nex.iqtree
  Maximum-likelihood tree:       examples/Acropora//aln_seqs/led6891.nt.aln.nex.treefile
  Likelihood distances:          examples/Acropora//aln_seqs/led6891.nt.aln.nex.mldist
  Best partitioning scheme:      examples/Acropora//aln_seqs/led6891.nt.aln.nex.best_scheme.nex
           in RAxML format:      examples/Acropora//aln_seqs/led6891.nt.aln.nex.best_scheme

Ultrafast bootstrap approximation results written to:
  Split support values:          examples/Acropora//aln_seqs/led6891.nt.aln.nex.splits.nex
  Consensus tree:                examples/Acropora//aln_seqs/led6891.nt.aln.nex.contree
  Screen log file:               examples/Acropora//aln_seqs/led6891.nt.aln.nex.log

Date and Time: Sat Jan 12 16:52:00 2019
