IQ-TREE multicore version 1.6.8 for Linux 64-bit built Oct 28 2018
Developed by Bui Quang Minh, Nguyen Lam Tung, Olga Chernomor,
Heiko Schmidt, Dominik Schrempf, Michael Woodhams.

Host:    sango10206.oist.jp (AVX2, FMA3, 125 GB RAM)
Command: iqtree -s examples/Acropora//aln_seqs/led7517.nt.aln -bb 1000 -redo -nt 3 -spp examples/Acropora//aln_seqs/led7517.nt.aln.nex -m MFPMERGE
Seed:    315247 (Using SPRNG - Scalable Parallel Random Number Generator)
Time:    Sat Jan 12 16:09:57 2019
Kernel:  AVX+FMA - 3 threads (24 CPU cores detected)

Reading partition model file examples/Acropora//aln_seqs/led7517.nt.aln.nex ...
Reading alignment file examples/Acropora//aln_seqs/led7517.nt.aln ... Fasta format detected
Alignment most likely contains DNA/RNA sequences
Alignment has 5 sequences with 1902 columns, 88 distinct patterns
31 parsimony-informative, 81 singleton sites, 1790 constant sites
                          Gap/Ambiguity  Composition  p-value
   1  Adif_sc0000186.g265.t1      5.52%    passed     87.69%
   2  Aech_sc0000009.g9160.t1    25.08%    passed     94.86%
   3  Agem_sc0000303.g2726.t1    18.93%    passed     98.84%
   4  Asub_sc0000051.g18976.t1   38.80%    passed     52.57%
   5  Aten_sc0000025.g63.t1       5.52%    passed     94.72%
****  TOTAL                      18.77%  0 sequences failed composition chi2 test (p-value<5%; df=3)
NOTE: No CharPartition defined, use all CharSets

Loading 3 partitions...
Subset	Type	Seqs	Sites	Infor	Invar	Model	Name
1		5	634	7	611	MFPMERGE	p1
2		5	634	6	620	MFPMERGE	p2
3		5	634	18	559	MFPMERGE	p3
Degree of missing data: 0.000
Info: multi-threading strategy over partitions



Create initial parsimony tree by phylogenetic likelihood library (PLL)... 0.000 seconds
NOTE: ModelFinder requires 0 MB RAM!
Testing GTR+F+G on supermatrix...
WARNING: Number of threads seems too high for short alignments. Use -nt AUTO to determine best number of threads.
GTR+F+G4 / LnL: -3320.769 / df: 16 / AIC: 6673.537 / AICc: 6673.826 / BIC: 6762.348
Selecting individual models for 3 charsets using BIC...
 No. Model        Score       Charset
   1 F81+F        1991.740    p1
   2 TN+F         2586.561    p3
   3 F81+F+I      1892.854    p2
Full partition model BIC score: 6532.938 (LnL: -3187.187  df:21)
Merging models to increase model fit (about 7 total partition schemes)...
   4 F81+F+I      6652.723    p1+p2
   5 TIM2+F+G4    6639.217    p1+p3
   6 TN+F+I       6612.192    p2+p3
BEST-FIT PARTITION MODEL: 
  charpartition BIC = F81+F: p1, F81+F+I: p2, TN+F: p3;
Agglomerative model selection: (p1,p2,p3)
Partition information was printed to examples/Acropora//aln_seqs/led7517.nt.aln.nex.best_scheme.nex
Partition information in Raxml format was printed to examples/Acropora//aln_seqs/led7517.nt.aln.nex.best_scheme

All model information printed to examples/Acropora//aln_seqs/led7517.nt.aln.nex.model.gz
CPU time for ModelFinder: 0.843 seconds (0h:0m:0s)
Wall-clock time for ModelFinder: 26.578 seconds (0h:0m:26s)
Generating 1000 samples for ultrafast bootstrap (seed: 315247)...

NOTE: 0 MB RAM (0 GB) is required!
WARNING: Number of threads seems too high for short alignments. Use -nt AUTO to determine best number of threads.
Estimate model parameters (epsilon = 0.100)
Initial log-likelihood: -3264.290
Current log-likelihood at step 1: -3187.115
Current log-likelihood at step 2: -3187.099
Partition-specific rates:  0.546 0.481 1.973
Parameters optimization took 1 rounds (0.142 sec)

Computing ML distances based on estimated model parameters... 0.004 sec
Computing BIONJ tree...
0.045 seconds
Log-likelihood of BIONJ tree: -3187.099
--------------------------------------------------------------------
|             INITIALIZING CANDIDATE TREE SET                      |
--------------------------------------------------------------------
Generating 99 parsimony trees... 1.878 second
Computing log-likelihood of 4 initial trees ... 0.680 seconds
Current best score: -3187.099

Do NNI search on 5 best initial trees
Finish initializing candidate tree set (5)
Current best tree score: -3187.099 / CPU time: 5.334
Number of iterations: 5
--------------------------------------------------------------------
|               OPTIMIZING CANDIDATE TREE SET                      |
--------------------------------------------------------------------
Iteration 10 / LogL: -3187.101 / Time: 0h:0m:10s
UPDATE BEST LOG-LIKELIHOOD: -3187.099
Iteration 20 / LogL: -3187.101 / Time: 0h:0m:19s
Iteration 30 / LogL: -3187.101 / Time: 0h:0m:31s (0h:1m:16s left)
Iteration 40 / LogL: -3187.099 / Time: 0h:0m:48s (0h:1m:14s left)
Iteration 50 / LogL: -3187.099 / Time: 0h:0m:58s (0h:0m:59s left)
Log-likelihood cutoff on original alignment: -3219.439
Iteration 60 / LogL: -3187.101 / Time: 0h:1m:11s (0h:0m:48s left)
Iteration 70 / LogL: -3187.100 / Time: 0h:1m:21s (0h:0m:35s left)
Iteration 80 / LogL: -3187.100 / Time: 0h:1m:29s (0h:0m:22s left)
Iteration 90 / LogL: -3187.100 / Time: 0h:1m:38s (0h:0m:11s left)
Iteration 100 / LogL: -3187.101 / Time: 0h:1m:48s (0h:0m:0s left)
Log-likelihood cutoff on original alignment: -3219.439
NOTE: Bootstrap correlation coefficient of split occurrence frequencies: 1.000
TREE SEARCH COMPLETED AFTER 101 ITERATIONS / Time: 0h:1m:50s

--------------------------------------------------------------------
|                    FINALIZING TREE SEARCH                        |
--------------------------------------------------------------------
Performs final model parameters optimization
Estimate model parameters (epsilon = 0.010)
Initial log-likelihood: -3187.099
Current log-likelihood at step 1: -3187.099
Partition-specific rates:  0.546 0.481 1.973
Parameters optimization took 0 rounds (0.040 sec)

BEST SCORE FOUND : -3187.099
Creating bootstrap support values...
Split supports printed to NEXUS file examples/Acropora//aln_seqs/led7517.nt.aln.nex.splits.nex
Total tree length: 0.085

Total number of iterations: 101
CPU time used for tree search: 3.462 sec (0h:0m:3s)
Wall-clock time used for tree search: 108.534 sec (0h:1m:48s)
Total CPU time used: 3.552 sec (0h:0m:3s)
Total wall-clock time used: 111.911 sec (0h:1m:51s)

Computing bootstrap consensus tree...
Reading input file examples/Acropora//aln_seqs/led7517.nt.aln.nex.splits.nex...
5 taxa and 11 splits.
Consensus tree written to examples/Acropora//aln_seqs/led7517.nt.aln.nex.contree
Reading input trees file examples/Acropora//aln_seqs/led7517.nt.aln.nex.contree
Log-likelihood of consensus tree: -3187.099

Analysis results written to: 
  IQ-TREE report:                examples/Acropora//aln_seqs/led7517.nt.aln.nex.iqtree
  Maximum-likelihood tree:       examples/Acropora//aln_seqs/led7517.nt.aln.nex.treefile
  Likelihood distances:          examples/Acropora//aln_seqs/led7517.nt.aln.nex.mldist
  Best partitioning scheme:      examples/Acropora//aln_seqs/led7517.nt.aln.nex.best_scheme.nex
           in RAxML format:      examples/Acropora//aln_seqs/led7517.nt.aln.nex.best_scheme

Ultrafast bootstrap approximation results written to:
  Split support values:          examples/Acropora//aln_seqs/led7517.nt.aln.nex.splits.nex
  Consensus tree:                examples/Acropora//aln_seqs/led7517.nt.aln.nex.contree
  Screen log file:               examples/Acropora//aln_seqs/led7517.nt.aln.nex.log

Date and Time: Sat Jan 12 16:12:17 2019
