IQ-TREE multicore version 1.6.8 for Linux 64-bit built Oct 28 2018
Developed by Bui Quang Minh, Nguyen Lam Tung, Olga Chernomor,
Heiko Schmidt, Dominik Schrempf, Michael Woodhams.

Host:    sango10206.oist.jp (AVX2, FMA3, 125 GB RAM)
Command: iqtree -s examples/Acropora//aln_seqs/led7221.nt.aln -bb 1000 -redo -nt 3 -spp examples/Acropora//aln_seqs/led7221.nt.aln.nex -m MFPMERGE
Seed:    676170 (Using SPRNG - Scalable Parallel Random Number Generator)
Time:    Sat Jan 12 16:16:24 2019
Kernel:  AVX+FMA - 3 threads (24 CPU cores detected)

Reading partition model file examples/Acropora//aln_seqs/led7221.nt.aln.nex ...
Reading alignment file examples/Acropora//aln_seqs/led7221.nt.aln ... Fasta format detected
Alignment most likely contains DNA/RNA sequences
Alignment has 5 sequences with 1344 columns, 86 distinct patterns
14 parsimony-informative, 87 singleton sites, 1243 constant sites
                          Gap/Ambiguity  Composition  p-value
   1  Adif_sc0000153.g390.t1      5.36%    passed     91.68%
   2  Aech_sc0000020.g4385.t1    14.73%    passed     83.88%
   3  Agem_sc0000193.g15642.t1   21.43%    passed     83.00%
   4  Asub_sc0000027.g25012.t1   26.56%    passed     74.11%
   5  Aten_sc0000190.g304.t1     21.88%    passed     20.18%
****  TOTAL                      17.99%  0 sequences failed composition chi2 test (p-value<5%; df=3)
NOTE: No CharPartition defined, use all CharSets

Loading 3 partitions...
Subset	Type	Seqs	Sites	Infor	Invar	Model	Name
1		5	448	4	415	MFPMERGE	p1
2		5	448	2	430	MFPMERGE	p2
3		5	448	8	398	MFPMERGE	p3
Degree of missing data: 0.000
Info: multi-threading strategy over partitions



Create initial parsimony tree by phylogenetic likelihood library (PLL)... 0.000 seconds
NOTE: ModelFinder requires 0 MB RAM!
Testing GTR+F+G on supermatrix...
WARNING: Number of threads seems too high for short alignments. Use -nt AUTO to determine best number of threads.
GTR+F+G4 / LnL: -2466.199 / df: 16 / AIC: 4964.399 / AICc: 4964.809 / BIC: 5047.653
Selecting individual models for 3 charsets using BIC...
 No. Model        Score       Charset
   1 F81+F        1477.723    p2
   2 JC           1655.074    p1
   3 HKY+F+I      1835.430    p3
Full partition model BIC score: 5023.532 (LnL: -2450.537  df:17)
Merging models to increase model fit (about 7 total partition schemes)...
   4 JC           5035.756    p1+p2
   5 K2P+I        5022.424    p1+p3
   6 TPM3+F+I     5015.286    p2+p3
Merging p2+p3 with BIC score: 5015.286 (LnL: -2457.219  df: 14)
   7 HKY+F+I      5028.528    p1+p2+p3
BEST-FIT PARTITION MODEL: 
  charpartition BIC = JC: p1, TPM3+F+I: p2 p3;
Agglomerative model selection: (p1,(p2,p3)1:5015.29)
Merging into 2 partitions...
Partition information was printed to examples/Acropora//aln_seqs/led7221.nt.aln.nex.best_scheme.nex
Partition information in Raxml format was printed to examples/Acropora//aln_seqs/led7221.nt.aln.nex.best_scheme

All model information printed to examples/Acropora//aln_seqs/led7221.nt.aln.nex.model.gz
CPU time for ModelFinder: 0.873 seconds (0h:0m:0s)
Wall-clock time for ModelFinder: 37.991 seconds (0h:0m:37s)
Generating 1000 samples for ultrafast bootstrap (seed: 676170)...

NOTE: 0 MB RAM (0 GB) is required!
Estimate model parameters (epsilon = 0.100)
Initial log-likelihood: -2468.508
Current log-likelihood at step 1: -2457.273
Current log-likelihood at step 2: -2457.197
Partition-specific rates:  0.869 1.066
Parameters optimization took 1 rounds (1.237 sec)

Computing ML distances based on estimated model parameters... 0.003 sec
Computing BIONJ tree...
0.140 seconds
Log-likelihood of BIONJ tree: -2460.162
--------------------------------------------------------------------
|             INITIALIZING CANDIDATE TREE SET                      |
--------------------------------------------------------------------
Generating 98 parsimony trees... 1.567 second
Computing log-likelihood of 3 initial trees ... 0.572 seconds
Current best score: -2457.197

Do NNI search on 5 best initial trees
Finish initializing candidate tree set (5)
Current best tree score: -2457.197 / CPU time: 8.547
Number of iterations: 5
--------------------------------------------------------------------
|               OPTIMIZING CANDIDATE TREE SET                      |
--------------------------------------------------------------------
UPDATE BEST LOG-LIKELIHOOD: -2457.197
UPDATE BEST LOG-LIKELIHOOD: -2457.196
Iteration 10 / LogL: -2457.196 / Time: 0h:0m:18s
UPDATE BEST LOG-LIKELIHOOD: -2457.196
Iteration 20 / LogL: -2457.202 / Time: 0h:0m:31s
Iteration 30 / LogL: -2457.678 / Time: 0h:0m:47s (0h:1m:53s left)
Iteration 40 / LogL: -2457.224 / Time: 0h:1m:1s (0h:1m:34s left)
Iteration 50 / LogL: -2457.198 / Time: 0h:1m:20s (0h:1m:22s left)
Log-likelihood cutoff on original alignment: -2480.819
Iteration 60 / LogL: -2457.612 / Time: 0h:1m:38s (0h:1m:7s left)
Iteration 70 / LogL: -2457.202 / Time: 0h:1m:59s (0h:0m:52s left)
Iteration 80 / LogL: -2457.215 / Time: 0h:2m:15s (0h:0m:34s left)
Iteration 90 / LogL: -2457.224 / Time: 0h:2m:28s (0h:0m:16s left)
Iteration 100 / LogL: -2457.678 / Time: 0h:2m:40s (0h:0m:0s left)
Log-likelihood cutoff on original alignment: -2479.788
NOTE: Bootstrap correlation coefficient of split occurrence frequencies: 1.000
TREE SEARCH COMPLETED AFTER 101 ITERATIONS / Time: 0h:2m:43s

--------------------------------------------------------------------
|                    FINALIZING TREE SEARCH                        |
--------------------------------------------------------------------
Performs final model parameters optimization
Estimate model parameters (epsilon = 0.010)
Initial log-likelihood: -2457.196
Current log-likelihood at step 1: -2457.195
Partition-specific rates:  0.867 1.067
Parameters optimization took 0 rounds (0.255 sec)

BEST SCORE FOUND : -2457.195
Creating bootstrap support values...
Split supports printed to NEXUS file examples/Acropora//aln_seqs/led7221.nt.aln.nex.splits.nex
Total tree length: 0.110

Total number of iterations: 101
CPU time used for tree search: 4.894 sec (0h:0m:4s)
Wall-clock time used for tree search: 160.980 sec (0h:2m:40s)
Total CPU time used: 5.026 sec (0h:0m:5s)
Total wall-clock time used: 165.248 sec (0h:2m:45s)

Computing bootstrap consensus tree...
Reading input file examples/Acropora//aln_seqs/led7221.nt.aln.nex.splits.nex...
5 taxa and 11 splits.
Consensus tree written to examples/Acropora//aln_seqs/led7221.nt.aln.nex.contree
Reading input trees file examples/Acropora//aln_seqs/led7221.nt.aln.nex.contree
Log-likelihood of consensus tree: -2457.195

Analysis results written to: 
  IQ-TREE report:                examples/Acropora//aln_seqs/led7221.nt.aln.nex.iqtree
  Maximum-likelihood tree:       examples/Acropora//aln_seqs/led7221.nt.aln.nex.treefile
  Likelihood distances:          examples/Acropora//aln_seqs/led7221.nt.aln.nex.mldist
  Best partitioning scheme:      examples/Acropora//aln_seqs/led7221.nt.aln.nex.best_scheme.nex
           in RAxML format:      examples/Acropora//aln_seqs/led7221.nt.aln.nex.best_scheme

Ultrafast bootstrap approximation results written to:
  Split support values:          examples/Acropora//aln_seqs/led7221.nt.aln.nex.splits.nex
  Consensus tree:                examples/Acropora//aln_seqs/led7221.nt.aln.nex.contree
  Screen log file:               examples/Acropora//aln_seqs/led7221.nt.aln.nex.log

Date and Time: Sat Jan 12 16:19:50 2019
