IQ-TREE multicore version 1.6.8 for Linux 64-bit built Oct 28 2018
Developed by Bui Quang Minh, Nguyen Lam Tung, Olga Chernomor,
Heiko Schmidt, Dominik Schrempf, Michael Woodhams.

Host:    sango10206.oist.jp (AVX2, FMA3, 125 GB RAM)
Command: iqtree -s examples/Acropora//aln_seqs/led7502.nt.aln -bb 1000 -redo -nt 3 -spp examples/Acropora//aln_seqs/led7502.nt.aln.nex -m MFPMERGE
Seed:    114486 (Using SPRNG - Scalable Parallel Random Number Generator)
Time:    Sat Jan 12 16:48:30 2019
Kernel:  AVX+FMA - 3 threads (24 CPU cores detected)

Reading partition model file examples/Acropora//aln_seqs/led7502.nt.aln.nex ...
Reading alignment file examples/Acropora//aln_seqs/led7502.nt.aln ... Fasta format detected
Alignment most likely contains DNA/RNA sequences
Alignment has 5 sequences with 1329 columns, 81 distinct patterns
18 parsimony-informative, 101 singleton sites, 1210 constant sites
                          Gap/Ambiguity  Composition  p-value
   1  Adif_sc0000182.g184.t1     14.45%    passed     95.49%
   2  Aech_sc0000010.g9787.t1    11.96%    passed     98.48%
   3  Agem_sc0000064.g15110.t1   14.45%    passed     99.97%
   4  Asub_sc0000013.g30668.t1   14.45%    passed     99.53%
   5  Aten_sc0000342.g59.t1       5.64%    passed     97.23%
****  TOTAL                      12.19%  0 sequences failed composition chi2 test (p-value<5%; df=3)
NOTE: No CharPartition defined, use all CharSets

Loading 3 partitions...
Subset	Type	Seqs	Sites	Infor	Invar	Model	Name
1		5	443	5	409	MFPMERGE	p1
2		5	443	5	419	MFPMERGE	p2
3		5	443	8	382	MFPMERGE	p3
Degree of missing data: 0.000
Info: multi-threading strategy over partitions



Create initial parsimony tree by phylogenetic likelihood library (PLL)... 0.000 seconds
NOTE: ModelFinder requires 0 MB RAM!
Testing GTR+F+G on supermatrix...
WARNING: Number of threads seems too high for short alignments. Use -nt AUTO to determine best number of threads.
GTR+F+G4 / LnL: -2547.772 / df: 16 / AIC: 5127.543 / AICc: 5127.958 / BIC: 5210.618
Selecting individual models for 3 charsets using BIC...
 No. Model        Score       Charset
   1 JC           1660.444    p1
   2 K2P          1550.461    p2
   3 HKY+F        1917.683    p3
Full partition model BIC score: 5180.530 (LnL: -2539.920  df:14)
Merging models to increase model fit (about 7 total partition schemes)...
   4 K2P          5186.802    p1+p3
   5 K2P          5173.506    p1+p2
   6 HKY+F        5168.547    p2+p3
Merging p2+p3 with BIC score: 5168.547 (LnL: -2541.120  df: 12)
   7 HKY+F        5179.378    p1+p2+p3
BEST-FIT PARTITION MODEL: 
  charpartition BIC = JC: p1, HKY+F: p2 p3;
Agglomerative model selection: (p1,(p2,p3)1:5168.55)
Merging into 2 partitions...
Partition information was printed to examples/Acropora//aln_seqs/led7502.nt.aln.nex.best_scheme.nex
Partition information in Raxml format was printed to examples/Acropora//aln_seqs/led7502.nt.aln.nex.best_scheme

All model information printed to examples/Acropora//aln_seqs/led7502.nt.aln.nex.model.gz
CPU time for ModelFinder: 0.683 seconds (0h:0m:0s)
Wall-clock time for ModelFinder: 25.572 seconds (0h:0m:25s)
Generating 1000 samples for ultrafast bootstrap (seed: 114486)...

NOTE: 0 MB RAM (0 GB) is required!
Estimate model parameters (epsilon = 0.100)
Initial log-likelihood: -2553.998
Current log-likelihood at step 1: -2541.113
Current log-likelihood at step 2: -2541.113
Partition-specific rates:  0.858 1.071
Parameters optimization took 1 rounds (0.590 sec)

Computing ML distances based on estimated model parameters... 0.001 sec
Computing BIONJ tree...
0.003 seconds
Log-likelihood of BIONJ tree: -2541.113
--------------------------------------------------------------------
|             INITIALIZING CANDIDATE TREE SET                      |
--------------------------------------------------------------------
Generating 99 parsimony trees... 1.796 second
Computing log-likelihood of 4 initial trees ... 0.746 seconds
Current best score: -2541.113

Do NNI search on 5 best initial trees
Finish initializing candidate tree set (5)
Current best tree score: -2541.113 / CPU time: 7.203
Number of iterations: 5
--------------------------------------------------------------------
|               OPTIMIZING CANDIDATE TREE SET                      |
--------------------------------------------------------------------
Iteration 10 / LogL: -2541.113 / Time: 0h:0m:20s
Iteration 20 / LogL: -2541.113 / Time: 0h:0m:35s
Iteration 30 / LogL: -2543.625 / Time: 0h:0m:48s (0h:1m:56s left)
Iteration 40 / LogL: -2541.113 / Time: 0h:1m:5s (0h:1m:40s left)
Iteration 50 / LogL: -2541.114 / Time: 0h:1m:20s (0h:1m:21s left)
Log-likelihood cutoff on original alignment: -2577.607
Iteration 60 / LogL: -2541.113 / Time: 0h:1m:37s (0h:1m:5s left)
Iteration 70 / LogL: -2541.113 / Time: 0h:1m:56s (0h:0m:50s left)
Iteration 80 / LogL: -2541.114 / Time: 0h:2m:18s (0h:0m:35s left)
Iteration 90 / LogL: -2541.114 / Time: 0h:2m:35s (0h:0m:17s left)
Iteration 100 / LogL: -2541.113 / Time: 0h:2m:54s (0h:0m:0s left)
Log-likelihood cutoff on original alignment: -2577.607
NOTE: Bootstrap correlation coefficient of split occurrence frequencies: 1.000
TREE SEARCH COMPLETED AFTER 101 ITERATIONS / Time: 0h:2m:57s

--------------------------------------------------------------------
|                    FINALIZING TREE SEARCH                        |
--------------------------------------------------------------------
Performs final model parameters optimization
Estimate model parameters (epsilon = 0.010)
Initial log-likelihood: -2541.113
Current log-likelihood at step 1: -2541.113
Partition-specific rates:  0.858 1.071
Parameters optimization took 0 rounds (0.212 sec)

BEST SCORE FOUND : -2541.113
Creating bootstrap support values...
Split supports printed to NEXUS file examples/Acropora//aln_seqs/led7502.nt.aln.nex.splits.nex
Total tree length: 0.114

Total number of iterations: 101
CPU time used for tree search: 5.229 sec (0h:0m:5s)
Wall-clock time used for tree search: 174.720 sec (0h:2m:54s)
Total CPU time used: 5.353 sec (0h:0m:5s)
Total wall-clock time used: 179.810 sec (0h:2m:59s)

Computing bootstrap consensus tree...
Reading input file examples/Acropora//aln_seqs/led7502.nt.aln.nex.splits.nex...
5 taxa and 11 splits.
Consensus tree written to examples/Acropora//aln_seqs/led7502.nt.aln.nex.contree
Reading input trees file examples/Acropora//aln_seqs/led7502.nt.aln.nex.contree
Log-likelihood of consensus tree: -2541.113

Analysis results written to: 
  IQ-TREE report:                examples/Acropora//aln_seqs/led7502.nt.aln.nex.iqtree
  Maximum-likelihood tree:       examples/Acropora//aln_seqs/led7502.nt.aln.nex.treefile
  Likelihood distances:          examples/Acropora//aln_seqs/led7502.nt.aln.nex.mldist
  Best partitioning scheme:      examples/Acropora//aln_seqs/led7502.nt.aln.nex.best_scheme.nex
           in RAxML format:      examples/Acropora//aln_seqs/led7502.nt.aln.nex.best_scheme

Ultrafast bootstrap approximation results written to:
  Split support values:          examples/Acropora//aln_seqs/led7502.nt.aln.nex.splits.nex
  Consensus tree:                examples/Acropora//aln_seqs/led7502.nt.aln.nex.contree
  Screen log file:               examples/Acropora//aln_seqs/led7502.nt.aln.nex.log

Date and Time: Sat Jan 12 16:51:59 2019
