IQ-TREE multicore version 1.6.8 for Linux 64-bit built Oct 28 2018
Developed by Bui Quang Minh, Nguyen Lam Tung, Olga Chernomor,
Heiko Schmidt, Dominik Schrempf, Michael Woodhams.

Host:    sango10206.oist.jp (AVX2, FMA3, 125 GB RAM)
Command: iqtree -s examples/Acropora//aln_seqs/led7859.nt.aln -bb 1000 -redo -nt 3 -spp examples/Acropora//aln_seqs/led7859.nt.aln.nex -m MFPMERGE
Seed:    948609 (Using SPRNG - Scalable Parallel Random Number Generator)
Time:    Sat Jan 12 16:49:23 2019
Kernel:  AVX+FMA - 3 threads (24 CPU cores detected)

Reading partition model file examples/Acropora//aln_seqs/led7859.nt.aln.nex ...
Reading alignment file examples/Acropora//aln_seqs/led7859.nt.aln ... Fasta format detected
Alignment most likely contains DNA/RNA sequences
Alignment has 5 sequences with 1722 columns, 113 distinct patterns
81 parsimony-informative, 146 singleton sites, 1495 constant sites
                          Gap/Ambiguity  Composition  p-value
   1  Adif_sc0000244.g891.t1     23.17%    passed     87.02%
   2  Aech_sc0000040.g25005.t1   34.32%    passed     62.74%
   3  Asub_sc0000053.g3365.t1    43.38%    passed     85.54%
   4  Aten_sc0000060.g144.t1     23.87%    passed     95.85%
   5  Agem_sc0000006.g27551.t1   13.07%    passed     90.10%
****  TOTAL                      27.56%  0 sequences failed composition chi2 test (p-value<5%; df=3)
NOTE: No CharPartition defined, use all CharSets

Loading 3 partitions...
Subset	Type	Seqs	Sites	Infor	Invar	Model	Name
1		5	574	28	504	MFPMERGE	p1
2		5	574	22	518	MFPMERGE	p2
3		5	574	31	473	MFPMERGE	p3
Degree of missing data: 0.000
Info: multi-threading strategy over partitions



Create initial parsimony tree by phylogenetic likelihood library (PLL)... 0.001 seconds
NOTE: ModelFinder requires 1 MB RAM!
Testing GTR+F+G on supermatrix...
WARNING: Number of threads seems too high for short alignments. Use -nt AUTO to determine best number of threads.
GTR+F+G4 / LnL: -3455.305 / df: 16 / AIC: 6942.610 / AICc: 6942.929 / BIC: 7029.829
Selecting individual models for 3 charsets using BIC...
 No. Model        Score       Charset
   1 F81+F        2245.523    p1
   2 F81+F        2090.660    p2
   3 HKY+F+G4     2560.322    p3
Full partition model BIC score: 6956.593 (LnL: -3403.784  df:20)
Merging models to increase model fit (about 7 total partition schemes)...
   4 F81+F        6983.296    p1+p2
   5 HKY+F+G4     6969.065    p1+p3
   6 HKY+F+I      6983.596    p2+p3
BEST-FIT PARTITION MODEL: 
  charpartition BIC = F81+F: p1, F81+F: p2, HKY+F+G4: p3;
Agglomerative model selection: (p1,p2,p3)
Partition information was printed to examples/Acropora//aln_seqs/led7859.nt.aln.nex.best_scheme.nex
Partition information in Raxml format was printed to examples/Acropora//aln_seqs/led7859.nt.aln.nex.best_scheme

All model information printed to examples/Acropora//aln_seqs/led7859.nt.aln.nex.model.gz
CPU time for ModelFinder: 0.970 seconds (0h:0m:0s)
Wall-clock time for ModelFinder: 36.572 seconds (0h:0m:36s)
Generating 1000 samples for ultrafast bootstrap (seed: 948609)...

NOTE: 0 MB RAM (0 GB) is required!
WARNING: Number of threads seems too high for short alignments. Use -nt AUTO to determine best number of threads.
Estimate model parameters (epsilon = 0.100)
Initial log-likelihood: -3449.066
Current log-likelihood at step 1: -3415.910
Current log-likelihood at step 2: -3408.478
Current log-likelihood at step 3: -3404.037
Current log-likelihood at step 4: -3403.880
Current log-likelihood at step 5: -3403.796
Partition-specific rates:  0.634 0.519 1.847
Parameters optimization took 4 rounds (0.772 sec)

Computing ML distances based on estimated model parameters... 0.008 sec
Computing BIONJ tree...
0.202 seconds
Log-likelihood of BIONJ tree: -3403.595
--------------------------------------------------------------------
|             INITIALIZING CANDIDATE TREE SET                      |
--------------------------------------------------------------------
Generating 98 parsimony trees... 2.743 second
Computing log-likelihood of 5 initial trees ... 1.457 seconds
Current best score: -3403.595

Do NNI search on 7 best initial trees
Finish initializing candidate tree set (7)
Current best tree score: -3403.595 / CPU time: 11.238
Number of iterations: 7
--------------------------------------------------------------------
|               OPTIMIZING CANDIDATE TREE SET                      |
--------------------------------------------------------------------
WARNING: NNI search needs unusual large number of steps (5) to converge!
UPDATE BEST LOG-LIKELIHOOD: -3403.595
Iteration 10 / LogL: -3403.595 / Time: 0h:0m:19s
UPDATE BEST LOG-LIKELIHOOD: -3403.595
WARNING: NNI search needs unusual large number of steps (5) to converge!
WARNING: NNI search needs unusual large number of steps (5) to converge!
UPDATE BEST LOG-LIKELIHOOD: -3403.595
Iteration 20 / LogL: -3403.620 / Time: 0h:0m:34s
WARNING: NNI search needs unusual large number of steps (5) to converge!
WARNING: NNI search needs unusual large number of steps (5) to converge!
UPDATE BEST LOG-LIKELIHOOD: -3403.595
WARNING: NNI search needs unusual large number of steps (5) to converge!
Iteration 30 / LogL: -3403.620 / Time: 0h:0m:51s (0h:2m:3s left)
UPDATE BEST LOG-LIKELIHOOD: -3403.595
WARNING: NNI search needs unusual large number of steps (5) to converge!
WARNING: NNI search needs unusual large number of steps (5) to converge!
Iteration 40 / LogL: -3403.617 / Time: 0h:1m:7s (0h:1m:43s left)
WARNING: NNI search needs unusual large number of steps (5) to converge!
UPDATE BEST LOG-LIKELIHOOD: -3403.595
UPDATE BEST LOG-LIKELIHOOD: -3403.595
Iteration 50 / LogL: -3403.595 / Time: 0h:1m:23s (0h:1m:25s left)
Log-likelihood cutoff on original alignment: -3416.540
WARNING: NNI search needs unusual large number of steps (5) to converge!
Iteration 60 / LogL: -3403.595 / Time: 0h:1m:46s (0h:1m:12s left)
WARNING: NNI search needs unusual large number of steps (5) to converge!
WARNING: NNI search needs unusual large number of steps (5) to converge!
WARNING: NNI search needs unusual large number of steps (5) to converge!
WARNING: NNI search needs unusual large number of steps (5) to converge!
Iteration 70 / LogL: -3403.605 / Time: 0h:2m:3s (0h:0m:53s left)
WARNING: NNI search needs unusual large number of steps (5) to converge!
Iteration 80 / LogL: -3403.598 / Time: 0h:2m:23s (0h:0m:36s left)
WARNING: NNI search needs unusual large number of steps (5) to converge!
WARNING: NNI search needs unusual large number of steps (5) to converge!
Iteration 90 / LogL: -3403.598 / Time: 0h:2m:38s (0h:0m:17s left)
WARNING: NNI search needs unusual large number of steps (5) to converge!
WARNING: NNI search needs unusual large number of steps (5) to converge!
WARNING: NNI search needs unusual large number of steps (5) to converge!
Iteration 100 / LogL: -3403.619 / Time: 0h:2m:52s (0h:0m:0s left)
Log-likelihood cutoff on original alignment: -3416.540
NOTE: Bootstrap correlation coefficient of split occurrence frequencies: 0.998
TREE SEARCH COMPLETED AFTER 101 ITERATIONS / Time: 0h:2m:55s

--------------------------------------------------------------------
|                    FINALIZING TREE SEARCH                        |
--------------------------------------------------------------------
Performs final model parameters optimization
Estimate model parameters (epsilon = 0.010)
Initial log-likelihood: -3403.595
Current log-likelihood at step 1: -3403.564
Current log-likelihood at step 2: -3403.546
Current log-likelihood at step 3: -3403.535
Current log-likelihood at step 4: -3403.529
Partition-specific rates:  0.661 0.540 1.799
Parameters optimization took 3 rounds (0.378 sec)

BEST SCORE FOUND : -3403.529
Creating bootstrap support values...
Split supports printed to NEXUS file examples/Acropora//aln_seqs/led7859.nt.aln.nex.splits.nex
Total tree length: 0.302

Total number of iterations: 101
CPU time used for tree search: 5.310 sec (0h:0m:5s)
Wall-clock time used for tree search: 172.159 sec (0h:2m:52s)
Total CPU time used: 5.470 sec (0h:0m:5s)
Total wall-clock time used: 177.632 sec (0h:2m:57s)

Computing bootstrap consensus tree...
Reading input file examples/Acropora//aln_seqs/led7859.nt.aln.nex.splits.nex...
5 taxa and 9 splits.
Consensus tree written to examples/Acropora//aln_seqs/led7859.nt.aln.nex.contree
Reading input trees file examples/Acropora//aln_seqs/led7859.nt.aln.nex.contree
Log-likelihood of consensus tree: -3403.529

Analysis results written to: 
  IQ-TREE report:                examples/Acropora//aln_seqs/led7859.nt.aln.nex.iqtree
  Maximum-likelihood tree:       examples/Acropora//aln_seqs/led7859.nt.aln.nex.treefile
  Likelihood distances:          examples/Acropora//aln_seqs/led7859.nt.aln.nex.mldist
  Best partitioning scheme:      examples/Acropora//aln_seqs/led7859.nt.aln.nex.best_scheme.nex
           in RAxML format:      examples/Acropora//aln_seqs/led7859.nt.aln.nex.best_scheme

Ultrafast bootstrap approximation results written to:
  Split support values:          examples/Acropora//aln_seqs/led7859.nt.aln.nex.splits.nex
  Consensus tree:                examples/Acropora//aln_seqs/led7859.nt.aln.nex.contree
  Screen log file:               examples/Acropora//aln_seqs/led7859.nt.aln.nex.log

Date and Time: Sat Jan 12 16:52:58 2019
