IQ-TREE multicore version 1.6.8 for Linux 64-bit built Oct 28 2018
Developed by Bui Quang Minh, Nguyen Lam Tung, Olga Chernomor,
Heiko Schmidt, Dominik Schrempf, Michael Woodhams.

Host:    sango10206.oist.jp (AVX2, FMA3, 125 GB RAM)
Command: iqtree -s examples/Acropora//aln_seqs/led7705.nt.aln -bb 1000 -redo -nt 3 -spp examples/Acropora//aln_seqs/led7705.nt.aln.nex -m MFPMERGE
Seed:    280760 (Using SPRNG - Scalable Parallel Random Number Generator)
Time:    Sat Jan 12 16:55:34 2019
Kernel:  AVX+FMA - 3 threads (24 CPU cores detected)

Reading partition model file examples/Acropora//aln_seqs/led7705.nt.aln.nex ...
Reading alignment file examples/Acropora//aln_seqs/led7705.nt.aln ... Fasta format detected
Alignment most likely contains DNA/RNA sequences
Alignment has 5 sequences with 4260 columns, 110 distinct patterns
132 parsimony-informative, 159 singleton sites, 3969 constant sites
                          Gap/Ambiguity  Composition  p-value
   1  Adif_sc0000220.g56.t1       7.04%    passed     92.59%
   2  Aech_sc0000071.g27920.t1    4.79%    passed     94.88%
   3  Agem_sc0000011.g286.t1      4.15%    passed     88.84%
   4  Asub_sc0000335.g26754.t1    4.15%    passed     81.52%
   5  Aten_sc0000287.g491.t1      7.39%    passed     95.32%
****  TOTAL                       5.51%  0 sequences failed composition chi2 test (p-value<5%; df=3)
NOTE: No CharPartition defined, use all CharSets

Loading 3 partitions...
Subset	Type	Seqs	Sites	Infor	Invar	Model	Name
1		5	1420	31	1358	MFPMERGE	p1
2		5	1420	26	1380	MFPMERGE	p2
3		5	1420	75	1231	MFPMERGE	p3
Degree of missing data: 0.000
Info: multi-threading strategy over partitions



Create initial parsimony tree by phylogenetic likelihood library (PLL)... 0.000 seconds
NOTE: ModelFinder requires 1 MB RAM!
Testing GTR+F+G on supermatrix...
WARNING: Number of threads seems too high for short alignments. Use -nt AUTO to determine best number of threads.
GTR+F+G4 / LnL: -7752.963 / df: 16 / AIC: 15537.927 / AICc: 15538.055 / BIC: 15639.639
Selecting individual models for 3 charsets using BIC...
 No. Model        Score       Charset
   1 F81+F        4375.714    p2
   2 TN+F         4664.473    p1
   3 K2P+I        6176.343    p3
Full partition model BIC score: 15280.954 (LnL: -7561.086  df:19)
Merging models to increase model fit (about 7 total partition schemes)...
   4 HKY+F        15449.621   p1+p2
   5 HKY+F+I      15390.787   p1+p3
   6 TN+F+I       15488.807   p2+p3
BEST-FIT PARTITION MODEL: 
  charpartition BIC = TN+F: p1, F81+F: p2, K2P+I: p3;
Agglomerative model selection: (p1,p2,p3)
Partition information was printed to examples/Acropora//aln_seqs/led7705.nt.aln.nex.best_scheme.nex
Partition information in Raxml format was printed to examples/Acropora//aln_seqs/led7705.nt.aln.nex.best_scheme

All model information printed to examples/Acropora//aln_seqs/led7705.nt.aln.nex.model.gz
CPU time for ModelFinder: 0.792 seconds (0h:0m:0s)
Wall-clock time for ModelFinder: 25.761 seconds (0h:0m:25s)
Generating 1000 samples for ultrafast bootstrap (seed: 280760)...

NOTE: 0 MB RAM (0 GB) is required!
WARNING: Number of threads seems too high for short alignments. Use -nt AUTO to determine best number of threads.
Estimate model parameters (epsilon = 0.100)
Initial log-likelihood: -7702.562
Current log-likelihood at step 1: -7585.887
Current log-likelihood at step 2: -7577.949
Current log-likelihood at step 3: -7561.161
Current log-likelihood at step 4: -7561.031
Current log-likelihood at step 5: -7561.024
Partition-specific rates:  0.549 0.345 2.106
Parameters optimization took 4 rounds (0.674 sec)

Computing ML distances based on estimated model parameters... 0.004 sec
Computing BIONJ tree...
0.004 seconds
Log-likelihood of BIONJ tree: -7561.024
--------------------------------------------------------------------
|             INITIALIZING CANDIDATE TREE SET                      |
--------------------------------------------------------------------
Generating 99 parsimony trees... 2.245 second
Computing log-likelihood of 4 initial trees ... 0.584 seconds
Current best score: -7561.024

Do NNI search on 5 best initial trees
Finish initializing candidate tree set (5)
Current best tree score: -7561.024 / CPU time: 6.068
Number of iterations: 5
--------------------------------------------------------------------
|               OPTIMIZING CANDIDATE TREE SET                      |
--------------------------------------------------------------------
Iteration 10 / LogL: -7561.027 / Time: 0h:0m:14s
UPDATE BEST LOG-LIKELIHOOD: -7561.024
Iteration 20 / LogL: -7561.026 / Time: 0h:0m:27s
Iteration 30 / LogL: -7561.026 / Time: 0h:0m:36s (0h:1m:28s left)
Iteration 40 / LogL: -7561.026 / Time: 0h:0m:45s (0h:1m:10s left)
Iteration 50 / LogL: -7561.067 / Time: 0h:0m:55s (0h:0m:56s left)
Log-likelihood cutoff on original alignment: -7570.461
Iteration 60 / LogL: -7561.027 / Time: 0h:1m:6s (0h:0m:45s left)
Iteration 70 / LogL: -7565.108 / Time: 0h:1m:18s (0h:0m:34s left)
Iteration 80 / LogL: -7561.034 / Time: 0h:1m:30s (0h:0m:22s left)
Iteration 90 / LogL: -7561.026 / Time: 0h:1m:46s (0h:0m:11s left)
Iteration 100 / LogL: -7561.025 / Time: 0h:1m:58s (0h:0m:0s left)
Log-likelihood cutoff on original alignment: -7570.461
NOTE: Bootstrap correlation coefficient of split occurrence frequencies: 1.000
TREE SEARCH COMPLETED AFTER 101 ITERATIONS / Time: 0h:2m:0s

--------------------------------------------------------------------
|                    FINALIZING TREE SEARCH                        |
--------------------------------------------------------------------
Performs final model parameters optimization
Estimate model parameters (epsilon = 0.010)
Initial log-likelihood: -7561.024
Current log-likelihood at step 1: -7561.023
Partition-specific rates:  0.549 0.345 2.106
Parameters optimization took 0 rounds (0.065 sec)

BEST SCORE FOUND : -7561.023
Creating bootstrap support values...
Split supports printed to NEXUS file examples/Acropora//aln_seqs/led7705.nt.aln.nex.splits.nex
Total tree length: 0.089

Total number of iterations: 101
CPU time used for tree search: 3.897 sec (0h:0m:3s)
Wall-clock time used for tree search: 117.542 sec (0h:1m:57s)
Total CPU time used: 4.041 sec (0h:0m:4s)
Total wall-clock time used: 122.899 sec (0h:2m:2s)

Computing bootstrap consensus tree...
Reading input file examples/Acropora//aln_seqs/led7705.nt.aln.nex.splits.nex...
5 taxa and 9 splits.
Consensus tree written to examples/Acropora//aln_seqs/led7705.nt.aln.nex.contree
Reading input trees file examples/Acropora//aln_seqs/led7705.nt.aln.nex.contree
Log-likelihood of consensus tree: -7561.023

Analysis results written to: 
  IQ-TREE report:                examples/Acropora//aln_seqs/led7705.nt.aln.nex.iqtree
  Maximum-likelihood tree:       examples/Acropora//aln_seqs/led7705.nt.aln.nex.treefile
  Likelihood distances:          examples/Acropora//aln_seqs/led7705.nt.aln.nex.mldist
  Best partitioning scheme:      examples/Acropora//aln_seqs/led7705.nt.aln.nex.best_scheme.nex
           in RAxML format:      examples/Acropora//aln_seqs/led7705.nt.aln.nex.best_scheme

Ultrafast bootstrap approximation results written to:
  Split support values:          examples/Acropora//aln_seqs/led7705.nt.aln.nex.splits.nex
  Consensus tree:                examples/Acropora//aln_seqs/led7705.nt.aln.nex.contree
  Screen log file:               examples/Acropora//aln_seqs/led7705.nt.aln.nex.log

Date and Time: Sat Jan 12 16:58:05 2019
