IQ-TREE multicore version 1.6.8 for Linux 64-bit built Oct 28 2018
Developed by Bui Quang Minh, Nguyen Lam Tung, Olga Chernomor,
Heiko Schmidt, Dominik Schrempf, Michael Woodhams.

Host:    sango10206.oist.jp (AVX2, FMA3, 125 GB RAM)
Command: iqtree -s examples/Acropora//aln_seqs/led7774.nt.aln -bb 1000 -redo -nt 3 -spp examples/Acropora//aln_seqs/led7774.nt.aln.nex -m MFPMERGE
Seed:    318776 (Using SPRNG - Scalable Parallel Random Number Generator)
Time:    Sat Jan 12 16:44:38 2019
Kernel:  AVX+FMA - 3 threads (24 CPU cores detected)

Reading partition model file examples/Acropora//aln_seqs/led7774.nt.aln.nex ...
Reading alignment file examples/Acropora//aln_seqs/led7774.nt.aln ... Fasta format detected
Alignment most likely contains DNA/RNA sequences
Alignment has 5 sequences with 1527 columns, 61 distinct patterns
13 parsimony-informative, 108 singleton sites, 1406 constant sites
                          Gap/Ambiguity  Composition  p-value
   1  Adif_sc0000226.g184.t1      0.00%    passed     99.74%
   2  Aech_sc0000087.g19798.t1    0.00%    passed     99.81%
   3  Agem_sc0000151.g21690.t1    0.00%    passed     99.52%
   4  Asub_sc0000073.g40.t1       0.00%    passed     99.36%
   5  Aten_sc0000020.g112.t1     11.59%    passed     98.45%
****  TOTAL                       2.32%  0 sequences failed composition chi2 test (p-value<5%; df=3)
NOTE: No CharPartition defined, use all CharSets

Loading 3 partitions...
Subset	Type	Seqs	Sites	Infor	Invar	Model	Name
1		5	509	3	471	MFPMERGE	p1
2		5	509	0	479	MFPMERGE	p2
WARNING: No parsimony-informative sites in partition p2
3		5	509	10	456	MFPMERGE	p3
Degree of missing data: 0.000
Info: multi-threading strategy over partitions



Create initial parsimony tree by phylogenetic likelihood library (PLL)... 0.000 seconds
NOTE: ModelFinder requires 0 MB RAM!
Testing GTR+F+G on supermatrix...
WARNING: Number of threads seems too high for short alignments. Use -nt AUTO to determine best number of threads.
GTR+F+G4 / LnL: -2849.248 / df: 16 / AIC: 5730.495 / AICc: 5730.855 / BIC: 5815.792
Selecting individual models for 3 charsets using BIC...
 No. Model        Score       Charset
   1 HKY+F        1863.613    p1
   2 JC           1795.098    p2
   3 K2P          2073.446    p3
Full partition model BIC score: 5784.933 (LnL: -2841.149  df:14)
Merging models to increase model fit (about 7 total partition schemes)...
   4 TNe          5778.317    p1+p2
   5 TN+F         5782.870    p2+p3
   6 K2P          5776.975    p1+p3
Merging p1+p3 with BIC score: 5776.975 (LnL: -2855.498  df: 9)
   7 K2P          5772.220    p1+p2+p3
Merging p1+p2+p3 with BIC score: 5772.220 (LnL: -2856.786  df: 8)
BEST-FIT PARTITION MODEL: 
  charpartition BIC = K2P: p1 p2 p3;
Agglomerative model selection: ((p1,p3)1:5776.98,p2)2:5772.22
Merging into 1 partitions...
Partition information was printed to examples/Acropora//aln_seqs/led7774.nt.aln.nex.best_scheme.nex
Partition information in Raxml format was printed to examples/Acropora//aln_seqs/led7774.nt.aln.nex.best_scheme

All model information printed to examples/Acropora//aln_seqs/led7774.nt.aln.nex.model.gz
CPU time for ModelFinder: 0.684 seconds (0h:0m:0s)
Wall-clock time for ModelFinder: 25.204 seconds (0h:0m:25s)
Generating 1000 samples for ultrafast bootstrap (seed: 318776)...

NOTE: 0 MB RAM (0 GB) is required!
Estimate model parameters (epsilon = 0.100)
Initial log-likelihood: -2871.450
Current log-likelihood at step 1: -2856.785
Current log-likelihood at step 2: -2856.785
Partition-specific rates:  1.000
Parameters optimization took 1 rounds (0.441 sec)

Computing ML distances based on estimated model parameters... 0.001 sec
Computing BIONJ tree...
0.178 seconds
Log-likelihood of BIONJ tree: -2856.785
--------------------------------------------------------------------
|             INITIALIZING CANDIDATE TREE SET                      |
--------------------------------------------------------------------
Generating 99 parsimony trees... 1.042 second
Computing log-likelihood of 4 initial trees ... 0.330 seconds
Current best score: -2856.785

Do NNI search on 5 best initial trees
Finish initializing candidate tree set (5)
Current best tree score: -2856.785 / CPU time: 4.006
Number of iterations: 5
--------------------------------------------------------------------
|               OPTIMIZING CANDIDATE TREE SET                      |
--------------------------------------------------------------------
Iteration 10 / LogL: -2856.785 / Time: 0h:0m:8s
Iteration 20 / LogL: -2856.785 / Time: 0h:0m:16s
Iteration 30 / LogL: -2860.194 / Time: 0h:0m:23s (0h:0m:55s left)
Iteration 40 / LogL: -2856.785 / Time: 0h:0m:31s (0h:0m:49s left)
Iteration 50 / LogL: -2856.785 / Time: 0h:0m:39s (0h:0m:40s left)
Log-likelihood cutoff on original alignment: -2878.080
Iteration 60 / LogL: -2856.785 / Time: 0h:0m:47s (0h:0m:32s left)
Iteration 70 / LogL: -2856.785 / Time: 0h:0m:57s (0h:0m:25s left)
Iteration 80 / LogL: -2856.785 / Time: 0h:1m:5s (0h:0m:16s left)
Iteration 90 / LogL: -2860.194 / Time: 0h:1m:13s (0h:0m:8s left)
Iteration 100 / LogL: -2856.785 / Time: 0h:1m:21s (0h:0m:0s left)
Log-likelihood cutoff on original alignment: -2878.068
NOTE: Bootstrap correlation coefficient of split occurrence frequencies: 1.000
TREE SEARCH COMPLETED AFTER 101 ITERATIONS / Time: 0h:1m:22s

--------------------------------------------------------------------
|                    FINALIZING TREE SEARCH                        |
--------------------------------------------------------------------
Performs final model parameters optimization
Estimate model parameters (epsilon = 0.010)
Initial log-likelihood: -2856.785
Current log-likelihood at step 1: -2856.785
Partition-specific rates:  1.000
Parameters optimization took 0 rounds (0.054 sec)

BEST SCORE FOUND : -2856.785
Creating bootstrap support values...
Split supports printed to NEXUS file examples/Acropora//aln_seqs/led7774.nt.aln.nex.splits.nex
Total tree length: 0.089

Total number of iterations: 101
CPU time used for tree search: 2.900 sec (0h:0m:2s)
Wall-clock time used for tree search: 81.177 sec (0h:1m:21s)
Total CPU time used: 2.995 sec (0h:0m:2s)
Total wall-clock time used: 83.867 sec (0h:1m:23s)

Computing bootstrap consensus tree...
Reading input file examples/Acropora//aln_seqs/led7774.nt.aln.nex.splits.nex...
5 taxa and 11 splits.
Consensus tree written to examples/Acropora//aln_seqs/led7774.nt.aln.nex.contree
Reading input trees file examples/Acropora//aln_seqs/led7774.nt.aln.nex.contree
Log-likelihood of consensus tree: -2856.785

Analysis results written to: 
  IQ-TREE report:                examples/Acropora//aln_seqs/led7774.nt.aln.nex.iqtree
  Maximum-likelihood tree:       examples/Acropora//aln_seqs/led7774.nt.aln.nex.treefile
  Likelihood distances:          examples/Acropora//aln_seqs/led7774.nt.aln.nex.mldist
  Best partitioning scheme:      examples/Acropora//aln_seqs/led7774.nt.aln.nex.best_scheme.nex
           in RAxML format:      examples/Acropora//aln_seqs/led7774.nt.aln.nex.best_scheme

Ultrafast bootstrap approximation results written to:
  Split support values:          examples/Acropora//aln_seqs/led7774.nt.aln.nex.splits.nex
  Consensus tree:                examples/Acropora//aln_seqs/led7774.nt.aln.nex.contree
  Screen log file:               examples/Acropora//aln_seqs/led7774.nt.aln.nex.log

Date and Time: Sat Jan 12 16:46:29 2019
