IQ-TREE multicore version 1.6.8 for Linux 64-bit built Oct 28 2018
Developed by Bui Quang Minh, Nguyen Lam Tung, Olga Chernomor,
Heiko Schmidt, Dominik Schrempf, Michael Woodhams.

Host:    sango10206.oist.jp (AVX2, FMA3, 125 GB RAM)
Command: iqtree -s examples/Acropora//aln_seqs/led7997.nt.aln -bb 1000 -redo -nt 3 -spp examples/Acropora//aln_seqs/led7997.nt.aln.nex -m MFPMERGE
Seed:    249344 (Using SPRNG - Scalable Parallel Random Number Generator)
Time:    Sat Jan 12 16:35:07 2019
Kernel:  AVX+FMA - 3 threads (24 CPU cores detected)

Reading partition model file examples/Acropora//aln_seqs/led7997.nt.aln.nex ...
Reading alignment file examples/Acropora//aln_seqs/led7997.nt.aln ... Fasta format detected
Alignment most likely contains DNA/RNA sequences
Alignment has 5 sequences with 1086 columns, 62 distinct patterns
9 parsimony-informative, 83 singleton sites, 994 constant sites
                          Gap/Ambiguity  Composition  p-value
   1  Adif_sc0000305.g52.t1       0.28%    passed     96.77%
   2  Aech_sc0000075.g12183.t1    0.28%    passed     99.93%
   3  Agem_sc0000197.g22058.t1    0.28%    passed     99.52%
   4  Aten_sc0000285.g447.t1      1.66%    passed     99.23%
   5  Asub_sc0000033.g30297.t1   60.22%    passed     51.84%
WARNING: 1 sequences contain more than 50% gaps/ambiguity
****  TOTAL                      12.54%  0 sequences failed composition chi2 test (p-value<5%; df=3)
NOTE: No CharPartition defined, use all CharSets

Loading 3 partitions...
Subset	Type	Seqs	Sites	Infor	Invar	Model	Name
1		5	362	1	346	MFPMERGE	p1
2		5	362	0	351	MFPMERGE	p2
WARNING: No parsimony-informative sites in partition p2
3		5	362	8	297	MFPMERGE	p3
Degree of missing data: 0.000
Info: multi-threading strategy over partitions



Create initial parsimony tree by phylogenetic likelihood library (PLL)... 0.000 seconds
NOTE: ModelFinder requires 0 MB RAM!
Testing GTR+F+G on supermatrix...
WARNING: Number of threads seems too high for short alignments. Use -nt AUTO to determine best number of threads.
GTR+F+G4 / LnL: -2008.714 / df: 16 / AIC: 4049.428 / AICc: 4049.937 / BIC: 4129.272
Selecting individual models for 3 charsets using BIC...
 No. Model        Score       Charset
   1 F81+F        1119.987    p2
   2 HKY+F        1656.614    p3
   3 F81+F+I      1208.136    p1
Full partition model BIC score: 4042.059 (LnL: -1951.127  df:20)
Merging models to increase model fit (about 7 total partition schemes)...
   4 HKY+F        4074.567    p2+p3
   5 TN+F+I       4081.005    p1+p3
   6 JC+I         4059.714    p1+p2
BEST-FIT PARTITION MODEL: 
  charpartition BIC = F81+F+I: p1, F81+F: p2, HKY+F: p3;
Agglomerative model selection: (p1,p2,p3)
Partition information was printed to examples/Acropora//aln_seqs/led7997.nt.aln.nex.best_scheme.nex
Partition information in Raxml format was printed to examples/Acropora//aln_seqs/led7997.nt.aln.nex.best_scheme

All model information printed to examples/Acropora//aln_seqs/led7997.nt.aln.nex.model.gz
CPU time for ModelFinder: 0.826 seconds (0h:0m:0s)
Wall-clock time for ModelFinder: 28.597 seconds (0h:0m:28s)
Generating 1000 samples for ultrafast bootstrap (seed: 249344)...

NOTE: 0 MB RAM (0 GB) is required!
WARNING: Number of threads seems too high for short alignments. Use -nt AUTO to determine best number of threads.
Estimate model parameters (epsilon = 0.100)
Initial log-likelihood: -2012.615
Current log-likelihood at step 1: -1960.630
Current log-likelihood at step 2: -1960.469
Current log-likelihood at step 3: -1960.308
Current log-likelihood at step 4: -1960.146
Current log-likelihood at step 5: -1959.980
Current log-likelihood at step 6: -1959.812
Current log-likelihood at step 7: -1959.641
Current log-likelihood at step 8: -1959.467
Current log-likelihood at step 9: -1959.290
Current log-likelihood at step 10: -1959.110
Current log-likelihood at step 11: -1958.927
Current log-likelihood at step 12: -1958.741
Current log-likelihood at step 13: -1958.552
Current log-likelihood at step 14: -1958.359
Current log-likelihood at step 15: -1958.163
Current log-likelihood at step 16: -1957.963
Current log-likelihood at step 17: -1957.761
Current log-likelihood at step 18: -1957.554
Current log-likelihood at step 19: -1957.344
Current log-likelihood at step 20: -1957.131
Current log-likelihood at step 21: -1956.913
Current log-likelihood at step 22: -1956.693
Current log-likelihood at step 23: -1956.468
Current log-likelihood at step 24: -1956.241
Current log-likelihood at step 25: -1956.009
Current log-likelihood at step 26: -1955.775
Current log-likelihood at step 27: -1955.538
Current log-likelihood at step 28: -1955.297
Current log-likelihood at step 29: -1955.054
Current log-likelihood at step 30: -1954.809
Current log-likelihood at step 31: -1954.562
Current log-likelihood at step 32: -1954.314
Current log-likelihood at step 33: -1951.013
Current log-likelihood at step 34: -1951.011
Partition-specific rates:  0.673 0.291 2.036
Parameters optimization took 33 rounds (2.475 sec)

Computing ML distances based on estimated model parameters... 0.001 sec
Computing BIONJ tree...
1.121 seconds
Log-likelihood of BIONJ tree: -1956.005
--------------------------------------------------------------------
|             INITIALIZING CANDIDATE TREE SET                      |
--------------------------------------------------------------------
Generating 98 parsimony trees... 2.018 second
Computing log-likelihood of 5 initial trees ... 0.730 seconds
Current best score: -1951.011

Do NNI search on 7 best initial trees
Finish initializing candidate tree set (7)
Current best tree score: -1951.011 / CPU time: 6.509
Number of iterations: 7
--------------------------------------------------------------------
|               OPTIMIZING CANDIDATE TREE SET                      |
--------------------------------------------------------------------
UPDATE BEST LOG-LIKELIHOOD: -1951.011
UPDATE BEST LOG-LIKELIHOOD: -1951.011
Iteration 10 / LogL: -1951.014 / Time: 0h:0m:14s
Iteration 20 / LogL: -1951.015 / Time: 0h:0m:23s
Iteration 30 / LogL: -1951.015 / Time: 0h:0m:38s (0h:1m:31s left)
Iteration 40 / LogL: -1953.268 / Time: 0h:0m:54s (0h:1m:22s left)
Iteration 50 / LogL: -1951.053 / Time: 0h:1m:5s (0h:1m:6s left)
Log-likelihood cutoff on original alignment: -1972.994
Iteration 60 / LogL: -1951.015 / Time: 0h:1m:16s (0h:0m:51s left)
Iteration 70 / LogL: -1951.014 / Time: 0h:1m:24s (0h:0m:36s left)
Iteration 80 / LogL: -1951.011 / Time: 0h:1m:32s (0h:0m:23s left)
Iteration 90 / LogL: -1951.011 / Time: 0h:1m:42s (0h:0m:11s left)
Iteration 100 / LogL: -1951.014 / Time: 0h:1m:51s (0h:0m:0s left)
Log-likelihood cutoff on original alignment: -1973.213
NOTE: Bootstrap correlation coefficient of split occurrence frequencies: 1.000
TREE SEARCH COMPLETED AFTER 101 ITERATIONS / Time: 0h:1m:53s

--------------------------------------------------------------------
|                    FINALIZING TREE SEARCH                        |
--------------------------------------------------------------------
Performs final model parameters optimization
Estimate model parameters (epsilon = 0.010)
Initial log-likelihood: -1951.011
Current log-likelihood at step 1: -1951.011
Partition-specific rates:  0.673 0.291 2.036
Parameters optimization took 0 rounds (0.060 sec)

BEST SCORE FOUND : -1951.011
Creating bootstrap support values...
Split supports printed to NEXUS file examples/Acropora//aln_seqs/led7997.nt.aln.nex.splits.nex
Total tree length: 0.109

Total number of iterations: 101
CPU time used for tree search: 3.857 sec (0h:0m:3s)
Wall-clock time used for tree search: 108.092 sec (0h:1m:48s)
Total CPU time used: 4.078 sec (0h:0m:4s)
Total wall-clock time used: 115.635 sec (0h:1m:55s)

Computing bootstrap consensus tree...
Reading input file examples/Acropora//aln_seqs/led7997.nt.aln.nex.splits.nex...
5 taxa and 15 splits.
Consensus tree written to examples/Acropora//aln_seqs/led7997.nt.aln.nex.contree
Reading input trees file examples/Acropora//aln_seqs/led7997.nt.aln.nex.contree
Log-likelihood of consensus tree: -1951.011

Analysis results written to: 
  IQ-TREE report:                examples/Acropora//aln_seqs/led7997.nt.aln.nex.iqtree
  Maximum-likelihood tree:       examples/Acropora//aln_seqs/led7997.nt.aln.nex.treefile
  Likelihood distances:          examples/Acropora//aln_seqs/led7997.nt.aln.nex.mldist
  Best partitioning scheme:      examples/Acropora//aln_seqs/led7997.nt.aln.nex.best_scheme.nex
           in RAxML format:      examples/Acropora//aln_seqs/led7997.nt.aln.nex.best_scheme

Ultrafast bootstrap approximation results written to:
  Split support values:          examples/Acropora//aln_seqs/led7997.nt.aln.nex.splits.nex
  Consensus tree:                examples/Acropora//aln_seqs/led7997.nt.aln.nex.contree
  Screen log file:               examples/Acropora//aln_seqs/led7997.nt.aln.nex.log

Date and Time: Sat Jan 12 16:37:34 2019
