IQ-TREE multicore version 1.6.8 for Linux 64-bit built Oct 28 2018
Developed by Bui Quang Minh, Nguyen Lam Tung, Olga Chernomor,
Heiko Schmidt, Dominik Schrempf, Michael Woodhams.

Host:    sango10206.oist.jp (AVX2, FMA3, 125 GB RAM)
Command: iqtree -s examples/Acropora//aln_seqs/led7511.nt.aln -bb 1000 -redo -nt 3 -spp examples/Acropora//aln_seqs/led7511.nt.aln.nex -m MFPMERGE
Seed:    922958 (Using SPRNG - Scalable Parallel Random Number Generator)
Time:    Sat Jan 12 16:52:13 2019
Kernel:  AVX+FMA - 3 threads (24 CPU cores detected)

Reading partition model file examples/Acropora//aln_seqs/led7511.nt.aln.nex ...
Reading alignment file examples/Acropora//aln_seqs/led7511.nt.aln ... Fasta format detected
Alignment most likely contains DNA/RNA sequences
Alignment has 5 sequences with 4251 columns, 141 distinct patterns
54 parsimony-informative, 287 singleton sites, 3910 constant sites
                          Gap/Ambiguity  Composition  p-value
   1  Adif_sc0000184.g381.t1     14.54%    passed     79.68%
   2  Aech_sc0000054.g11866.t1   30.13%    passed     92.09%
   3  Agem_sc0000217.g28308.t1   15.88%    passed     83.16%
   4  Asub_sc0000020.g4094.t1    34.65%    passed     82.48%
   5  Aten_sc0000034.g331.t1     26.11%    passed     86.12%
****  TOTAL                      24.26%  0 sequences failed composition chi2 test (p-value<5%; df=3)
NOTE: No CharPartition defined, use all CharSets

Loading 3 partitions...
Subset	Type	Seqs	Sites	Infor	Invar	Model	Name
1		5	1417	22	1303	MFPMERGE	p1
2		5	1417	10	1328	MFPMERGE	p2
3		5	1417	22	1279	MFPMERGE	p3
Degree of missing data: 0.000
Info: multi-threading strategy over partitions



Create initial parsimony tree by phylogenetic likelihood library (PLL)... 0.000 seconds
NOTE: ModelFinder requires 1 MB RAM!
Testing GTR+F+G on supermatrix...
WARNING: Number of threads seems too high for short alignments. Use -nt AUTO to determine best number of threads.
GTR+F+G4 / LnL: -7811.861 / df: 16 / AIC: 15655.723 / AICc: 15655.851 / BIC: 15757.401
Selecting individual models for 3 charsets using BIC...
 No. Model        Score       Charset
   1 HKY+F        4954.953    p2
   2 HKY+F        5464.541    p3
   3 HKY+F        5187.096    p1
Full partition model BIC score: 15673.199 (LnL: -7748.873  df:21)
Merging models to increase model fit (about 7 total partition schemes)...
   4 HKY+F        15657.573   p2+p3
   5 HKY+F        15736.048   p1+p3
   6 TPM3+F       15702.947   p1+p2
Merging p2+p3 with BIC score: 15657.573 (LnL: -7761.947  df: 16)
   7 HKY+F        15727.185   p1+p2+p3
BEST-FIT PARTITION MODEL: 
  charpartition BIC = HKY+F: p1, HKY+F: p2 p3;
Agglomerative model selection: (p1,(p2,p3)1:15657.6)
Merging into 2 partitions...
Partition information was printed to examples/Acropora//aln_seqs/led7511.nt.aln.nex.best_scheme.nex
Partition information in Raxml format was printed to examples/Acropora//aln_seqs/led7511.nt.aln.nex.best_scheme

All model information printed to examples/Acropora//aln_seqs/led7511.nt.aln.nex.model.gz
CPU time for ModelFinder: 0.923 seconds (0h:0m:0s)
Wall-clock time for ModelFinder: 36.943 seconds (0h:0m:36s)
Generating 1000 samples for ultrafast bootstrap (seed: 922958)...

NOTE: 0 MB RAM (0 GB) is required!
Estimate model parameters (epsilon = 0.100)
Initial log-likelihood: -7794.051
Current log-likelihood at step 1: -7761.936
Current log-likelihood at step 2: -7761.936
Partition-specific rates:  1.020 0.990
Parameters optimization took 1 rounds (0.407 sec)

Computing ML distances based on estimated model parameters... 0.021 sec
Computing BIONJ tree...
0.442 seconds
Log-likelihood of BIONJ tree: -7761.936
--------------------------------------------------------------------
|             INITIALIZING CANDIDATE TREE SET                      |
--------------------------------------------------------------------
Generating 99 parsimony trees... 1.897 second
Computing log-likelihood of 4 initial trees ... 2.180 seconds
Current best score: -7761.936

Do NNI search on 5 best initial trees
Finish initializing candidate tree set (5)
Current best tree score: -7761.936 / CPU time: 12.469
Number of iterations: 5
--------------------------------------------------------------------
|               OPTIMIZING CANDIDATE TREE SET                      |
--------------------------------------------------------------------
UPDATE BEST LOG-LIKELIHOOD: -7761.936
Iteration 10 / LogL: -7761.936 / Time: 0h:0m:21s
UPDATE BEST LOG-LIKELIHOOD: -7761.936
Iteration 20 / LogL: -7761.936 / Time: 0h:0m:35s
Iteration 30 / LogL: -7761.936 / Time: 0h:0m:46s (0h:1m:52s left)
Iteration 40 / LogL: -7761.936 / Time: 0h:0m:55s (0h:1m:26s left)
Iteration 50 / LogL: -7788.058 / Time: 0h:1m:5s (0h:1m:7s left)
Log-likelihood cutoff on original alignment: -7801.214
Iteration 60 / LogL: -7788.058 / Time: 0h:1m:17s (0h:0m:52s left)
Iteration 70 / LogL: -7761.960 / Time: 0h:1m:28s (0h:0m:38s left)
Iteration 80 / LogL: -7761.960 / Time: 0h:1m:39s (0h:0m:25s left)
Iteration 90 / LogL: -7761.960 / Time: 0h:1m:52s (0h:0m:12s left)
Iteration 100 / LogL: -7761.936 / Time: 0h:2m:14s (0h:0m:0s left)
Log-likelihood cutoff on original alignment: -7801.082
NOTE: Bootstrap correlation coefficient of split occurrence frequencies: 1.000
TREE SEARCH COMPLETED AFTER 101 ITERATIONS / Time: 0h:2m:19s

--------------------------------------------------------------------
|                    FINALIZING TREE SEARCH                        |
--------------------------------------------------------------------
Performs final model parameters optimization
Estimate model parameters (epsilon = 0.010)
Initial log-likelihood: -7761.936
Current log-likelihood at step 1: -7761.936
Partition-specific rates:  1.020 0.990
Parameters optimization took 0 rounds (0.097 sec)

BEST SCORE FOUND : -7761.936
Creating bootstrap support values...
Split supports printed to NEXUS file examples/Acropora//aln_seqs/led7511.nt.aln.nex.splits.nex
Total tree length: 0.120

Total number of iterations: 101
CPU time used for tree search: 4.933 sec (0h:0m:4s)
Wall-clock time used for tree search: 135.366 sec (0h:2m:15s)
Total CPU time used: 5.102 sec (0h:0m:5s)
Total wall-clock time used: 140.676 sec (0h:2m:20s)

Computing bootstrap consensus tree...
Reading input file examples/Acropora//aln_seqs/led7511.nt.aln.nex.splits.nex...
5 taxa and 8 splits.
Consensus tree written to examples/Acropora//aln_seqs/led7511.nt.aln.nex.contree
Reading input trees file examples/Acropora//aln_seqs/led7511.nt.aln.nex.contree
Log-likelihood of consensus tree: -7761.936

Analysis results written to: 
  IQ-TREE report:                examples/Acropora//aln_seqs/led7511.nt.aln.nex.iqtree
  Maximum-likelihood tree:       examples/Acropora//aln_seqs/led7511.nt.aln.nex.treefile
  Likelihood distances:          examples/Acropora//aln_seqs/led7511.nt.aln.nex.mldist
  Best partitioning scheme:      examples/Acropora//aln_seqs/led7511.nt.aln.nex.best_scheme.nex
           in RAxML format:      examples/Acropora//aln_seqs/led7511.nt.aln.nex.best_scheme

Ultrafast bootstrap approximation results written to:
  Split support values:          examples/Acropora//aln_seqs/led7511.nt.aln.nex.splits.nex
  Consensus tree:                examples/Acropora//aln_seqs/led7511.nt.aln.nex.contree
  Screen log file:               examples/Acropora//aln_seqs/led7511.nt.aln.nex.log

Date and Time: Sat Jan 12 16:55:14 2019
