IQ-TREE multicore version 1.6.8 for Linux 64-bit built Oct 28 2018
Developed by Bui Quang Minh, Nguyen Lam Tung, Olga Chernomor,
Heiko Schmidt, Dominik Schrempf, Michael Woodhams.

Host:    sango10206.oist.jp (AVX2, FMA3, 125 GB RAM)
Command: iqtree -s examples/Acropora//aln_seqs/led7335.nt.aln -bb 1000 -redo -nt 3 -spp examples/Acropora//aln_seqs/led7335.nt.aln.nex -m MFPMERGE
Seed:    712051 (Using SPRNG - Scalable Parallel Random Number Generator)
Time:    Sat Jan 12 16:15:35 2019
Kernel:  AVX+FMA - 3 threads (24 CPU cores detected)

Reading partition model file examples/Acropora//aln_seqs/led7335.nt.aln.nex ...
Reading alignment file examples/Acropora//aln_seqs/led7335.nt.aln ... Fasta format detected
Alignment most likely contains DNA/RNA sequences
Alignment has 5 sequences with 2613 columns, 120 distinct patterns
58 parsimony-informative, 293 singleton sites, 2262 constant sites
                          Gap/Ambiguity  Composition  p-value
   1  Adif_sc0000162.g106.t1      3.56%    passed     98.70%
   2  Aech_sc0000074.g7336.t1    13.78%    passed     82.20%
   3  Agem_sc0000113.g11078.t1    6.54%    passed     99.43%
   4  Asub_sc0000229.g26710.t1    6.54%    passed    100.00%
   5  Aten_sc0000050.g874.t1      8.50%    passed     79.62%
****  TOTAL                       7.78%  0 sequences failed composition chi2 test (p-value<5%; df=3)
NOTE: No CharPartition defined, use all CharSets

Loading 3 partitions...
Subset	Type	Seqs	Sites	Infor	Invar	Model	Name
1		5	871	24	752	MFPMERGE	p1
2		5	871	18	785	MFPMERGE	p2
3		5	871	16	725	MFPMERGE	p3
Degree of missing data: 0.000
Info: multi-threading strategy over partitions



Create initial parsimony tree by phylogenetic likelihood library (PLL)... 0.000 seconds
NOTE: ModelFinder requires 1 MB RAM!
Testing GTR+F+G on supermatrix...
WARNING: Number of threads seems too high for short alignments. Use -nt AUTO to determine best number of threads.
GTR+F+G4 / LnL: -5481.884 / df: 16 / AIC: 10995.768 / AICc: 10995.978 / BIC: 11089.661
Selecting individual models for 3 charsets using BIC...
 No. Model        Score       Charset
   1 F81+F        3668.335    p1
   2 K2P          3889.018    p3
   3 K2P+I        3436.420    p2
Full partition model BIC score: 11050.870 (LnL: -5466.423  df:15)
Merging models to increase model fit (about 7 total partition schemes)...
   4 K2P+I        11058.734   p2+p3
   5 K2P          11062.061   p1+p3
   6 HKY+F+I      11047.370   p1+p2
Merging p1+p2 with BIC score: 11047.370 (LnL: -5468.607  df: 14)
   7 K2P+I        11065.999   p1+p2+p3
BEST-FIT PARTITION MODEL: 
  charpartition BIC = HKY+F+I: p1 p2, K2P: p3;
Agglomerative model selection: ((p1,p2)1:11047.4,p3)
Merging into 2 partitions...
Partition information was printed to examples/Acropora//aln_seqs/led7335.nt.aln.nex.best_scheme.nex
Partition information in Raxml format was printed to examples/Acropora//aln_seqs/led7335.nt.aln.nex.best_scheme

All model information printed to examples/Acropora//aln_seqs/led7335.nt.aln.nex.model.gz
CPU time for ModelFinder: 0.983 seconds (0h:0m:0s)
Wall-clock time for ModelFinder: 32.244 seconds (0h:0m:32s)
Generating 1000 samples for ultrafast bootstrap (seed: 712051)...

NOTE: 0 MB RAM (0 GB) is required!
Estimate model parameters (epsilon = 0.100)
Initial log-likelihood: -5493.923
Current log-likelihood at step 1: -5468.634
Current log-likelihood at step 2: -5468.606
Partition-specific rates:  0.927 1.146
Parameters optimization took 1 rounds (0.557 sec)

Computing ML distances based on estimated model parameters... 0.005 sec
Computing BIONJ tree...
0.116 seconds
Log-likelihood of BIONJ tree: -5468.606
--------------------------------------------------------------------
|             INITIALIZING CANDIDATE TREE SET                      |
--------------------------------------------------------------------
Generating 99 parsimony trees... 1.815 second
Computing log-likelihood of 4 initial trees ... 0.863 seconds
Current best score: -5468.606

Do NNI search on 5 best initial trees
Finish initializing candidate tree set (5)
Current best tree score: -5468.606 / CPU time: 6.746
Number of iterations: 5
--------------------------------------------------------------------
|               OPTIMIZING CANDIDATE TREE SET                      |
--------------------------------------------------------------------
Iteration 10 / LogL: -5468.750 / Time: 0h:0m:16s
Iteration 20 / LogL: -5468.610 / Time: 0h:0m:35s
Iteration 30 / LogL: -5468.606 / Time: 0h:0m:58s (0h:2m:21s left)
Iteration 40 / LogL: -5468.610 / Time: 0h:1m:16s (0h:1m:56s left)
Iteration 50 / LogL: -5468.608 / Time: 0h:1m:28s (0h:1m:30s left)
Log-likelihood cutoff on original alignment: -5506.861
Iteration 60 / LogL: -5468.608 / Time: 0h:1m:43s (0h:1m:10s left)
Iteration 70 / LogL: -5468.608 / Time: 0h:1m:59s (0h:0m:51s left)
Iteration 80 / LogL: -5468.606 / Time: 0h:2m:14s (0h:0m:33s left)
Iteration 90 / LogL: -5468.610 / Time: 0h:2m:29s (0h:0m:16s left)
Iteration 100 / LogL: -5468.610 / Time: 0h:2m:50s (0h:0m:0s left)
Log-likelihood cutoff on original alignment: -5507.464
NOTE: Bootstrap correlation coefficient of split occurrence frequencies: 1.000
TREE SEARCH COMPLETED AFTER 101 ITERATIONS / Time: 0h:2m:54s

--------------------------------------------------------------------
|                    FINALIZING TREE SEARCH                        |
--------------------------------------------------------------------
Performs final model parameters optimization
Estimate model parameters (epsilon = 0.010)
Initial log-likelihood: -5468.606
Current log-likelihood at step 1: -5468.606
Partition-specific rates:  0.927 1.146
Parameters optimization took 0 rounds (0.188 sec)

BEST SCORE FOUND : -5468.606
Creating bootstrap support values...
Split supports printed to NEXUS file examples/Acropora//aln_seqs/led7335.nt.aln.nex.splits.nex
Total tree length: 0.184

Total number of iterations: 101
CPU time used for tree search: 5.630 sec (0h:0m:5s)
Wall-clock time used for tree search: 171.529 sec (0h:2m:51s)
Total CPU time used: 5.771 sec (0h:0m:5s)
Total wall-clock time used: 176.802 sec (0h:2m:56s)

Computing bootstrap consensus tree...
Reading input file examples/Acropora//aln_seqs/led7335.nt.aln.nex.splits.nex...
5 taxa and 10 splits.
Consensus tree written to examples/Acropora//aln_seqs/led7335.nt.aln.nex.contree
Reading input trees file examples/Acropora//aln_seqs/led7335.nt.aln.nex.contree
Log-likelihood of consensus tree: -5468.606

Analysis results written to: 
  IQ-TREE report:                examples/Acropora//aln_seqs/led7335.nt.aln.nex.iqtree
  Maximum-likelihood tree:       examples/Acropora//aln_seqs/led7335.nt.aln.nex.treefile
  Likelihood distances:          examples/Acropora//aln_seqs/led7335.nt.aln.nex.mldist
  Best partitioning scheme:      examples/Acropora//aln_seqs/led7335.nt.aln.nex.best_scheme.nex
           in RAxML format:      examples/Acropora//aln_seqs/led7335.nt.aln.nex.best_scheme

Ultrafast bootstrap approximation results written to:
  Split support values:          examples/Acropora//aln_seqs/led7335.nt.aln.nex.splits.nex
  Consensus tree:                examples/Acropora//aln_seqs/led7335.nt.aln.nex.contree
  Screen log file:               examples/Acropora//aln_seqs/led7335.nt.aln.nex.log

Date and Time: Sat Jan 12 16:19:06 2019
