IQ-TREE multicore version 1.6.8 for Linux 64-bit built Oct 28 2018
Developed by Bui Quang Minh, Nguyen Lam Tung, Olga Chernomor,
Heiko Schmidt, Dominik Schrempf, Michael Woodhams.

Host:    sango10206.oist.jp (AVX2, FMA3, 125 GB RAM)
Command: iqtree -s examples/Acropora//aln_seqs/led7338.nt.aln -bb 1000 -redo -nt 3 -spp examples/Acropora//aln_seqs/led7338.nt.aln.nex -m MFPMERGE
Seed:    964707 (Using SPRNG - Scalable Parallel Random Number Generator)
Time:    Sat Jan 12 16:19:48 2019
Kernel:  AVX+FMA - 3 threads (24 CPU cores detected)

Reading partition model file examples/Acropora//aln_seqs/led7338.nt.aln.nex ...
Reading alignment file examples/Acropora//aln_seqs/led7338.nt.aln ... Fasta format detected
Alignment most likely contains DNA/RNA sequences
Alignment has 5 sequences with 2283 columns, 113 distinct patterns
34 parsimony-informative, 147 singleton sites, 2102 constant sites
                          Gap/Ambiguity  Composition  p-value
   1  Adif_sc0000162.g115.t1      6.96%    passed     99.84%
   2  Aech_sc0000074.g7343.t1    32.06%    passed     97.66%
   3  Agem_sc0000113.g11066.t1   12.48%    passed     85.47%
   4  Asub_sc0000004.g5991.t1    14.85%    passed     94.89%
   5  Aten_sc0000050.g888.t1      6.96%    passed     97.67%
****  TOTAL                      14.66%  0 sequences failed composition chi2 test (p-value<5%; df=3)
NOTE: No CharPartition defined, use all CharSets

Loading 3 partitions...
Subset	Type	Seqs	Sites	Infor	Invar	Model	Name
1		5	761	10	713	MFPMERGE	p1
2		5	761	5	726	MFPMERGE	p2
3		5	761	19	663	MFPMERGE	p3
Degree of missing data: 0.000
Info: multi-threading strategy over partitions



Create initial parsimony tree by phylogenetic likelihood library (PLL)... 0.000 seconds
NOTE: ModelFinder requires 1 MB RAM!
Testing GTR+F+G on supermatrix...
WARNING: Number of threads seems too high for short alignments. Use -nt AUTO to determine best number of threads.
GTR+F+G4 / LnL: -4290.643 / df: 16 / AIC: 8613.286 / AICc: 8613.526 / BIC: 8705.018
Selecting individual models for 3 charsets using BIC...
 No. Model        Score       Charset
   1 HKY+F        2608.369    p2
   2 HKY+F        2705.142    p1
   3 HKY+F+I      3262.308    p3
Full partition model BIC score: 8639.795 (LnL: -4234.832  df:22)
Merging models to increase model fit (about 7 total partition schemes)...
   4 HKY+F+I      8646.069    p1+p2
   5 HKY+F+I      8684.232    p1+p3
   6 HKY+F+I      8644.000    p2+p3
BEST-FIT PARTITION MODEL: 
  charpartition BIC = HKY+F: p1, HKY+F: p2, HKY+F+I: p3;
Agglomerative model selection: (p1,p2,p3)
Partition information was printed to examples/Acropora//aln_seqs/led7338.nt.aln.nex.best_scheme.nex
Partition information in Raxml format was printed to examples/Acropora//aln_seqs/led7338.nt.aln.nex.best_scheme

All model information printed to examples/Acropora//aln_seqs/led7338.nt.aln.nex.model.gz
CPU time for ModelFinder: 0.922 seconds (0h:0m:0s)
Wall-clock time for ModelFinder: 30.721 seconds (0h:0m:30s)
Generating 1000 samples for ultrafast bootstrap (seed: 964707)...

NOTE: 0 MB RAM (0 GB) is required!
WARNING: Number of threads seems too high for short alignments. Use -nt AUTO to determine best number of threads.
Estimate model parameters (epsilon = 0.100)
Initial log-likelihood: -4305.792
Current log-likelihood at step 1: -4255.606
Current log-likelihood at step 2: -4250.426
Current log-likelihood at step 3: -4249.051
Current log-likelihood at step 4: -4247.597
Current log-likelihood at step 5: -4246.061
Current log-likelihood at step 6: -4244.444
Current log-likelihood at step 7: -4242.756
Current log-likelihood at step 8: -4234.841
Current log-likelihood at step 9: -4234.803
Partition-specific rates:  0.706 0.512 1.782
Parameters optimization took 8 rounds (0.781 sec)

Computing ML distances based on estimated model parameters... 0.004 sec
Computing BIONJ tree...
0.007 seconds
Log-likelihood of BIONJ tree: -4236.597
--------------------------------------------------------------------
|             INITIALIZING CANDIDATE TREE SET                      |
--------------------------------------------------------------------
Generating 98 parsimony trees... 2.465 second
Computing log-likelihood of 3 initial trees ... 0.539 seconds
Current best score: -4234.803

Do NNI search on 5 best initial trees
Finish initializing candidate tree set (5)
Current best tree score: -4234.803 / CPU time: 5.896
Number of iterations: 5
--------------------------------------------------------------------
|               OPTIMIZING CANDIDATE TREE SET                      |
--------------------------------------------------------------------
UPDATE BEST LOG-LIKELIHOOD: -4234.803
Iteration 10 / LogL: -4236.531 / Time: 0h:0m:13s
UPDATE BEST LOG-LIKELIHOOD: -4234.803
Iteration 20 / LogL: -4234.806 / Time: 0h:0m:24s
Iteration 30 / LogL: -4234.808 / Time: 0h:0m:35s (0h:1m:24s left)
Iteration 40 / LogL: -4234.805 / Time: 0h:0m:45s (0h:1m:9s left)
Iteration 50 / LogL: -4236.531 / Time: 0h:0m:53s (0h:0m:54s left)
Log-likelihood cutoff on original alignment: -4269.058
Iteration 60 / LogL: -4234.808 / Time: 0h:1m:5s (0h:0m:44s left)
Iteration 70 / LogL: -4234.806 / Time: 0h:1m:15s (0h:0m:32s left)
Iteration 80 / LogL: -4236.531 / Time: 0h:1m:28s (0h:0m:22s left)
Iteration 90 / LogL: -4234.807 / Time: 0h:1m:39s (0h:0m:11s left)
Iteration 100 / LogL: -4234.806 / Time: 0h:1m:51s (0h:0m:0s left)
Log-likelihood cutoff on original alignment: -4269.108
NOTE: Bootstrap correlation coefficient of split occurrence frequencies: 1.000
TREE SEARCH COMPLETED AFTER 101 ITERATIONS / Time: 0h:1m:53s

--------------------------------------------------------------------
|                    FINALIZING TREE SEARCH                        |
--------------------------------------------------------------------
Performs final model parameters optimization
Estimate model parameters (epsilon = 0.010)
Initial log-likelihood: -4234.803
Current log-likelihood at step 1: -4234.803
Partition-specific rates:  0.706 0.512 1.782
Parameters optimization took 0 rounds (0.078 sec)

BEST SCORE FOUND : -4234.803
Creating bootstrap support values...
Split supports printed to NEXUS file examples/Acropora//aln_seqs/led7338.nt.aln.nex.splits.nex
Total tree length: 0.117

Total number of iterations: 101
CPU time used for tree search: 3.727 sec (0h:0m:3s)
Wall-clock time used for tree search: 110.065 sec (0h:1m:50s)
Total CPU time used: 3.873 sec (0h:0m:3s)
Total wall-clock time used: 114.766 sec (0h:1m:54s)

Computing bootstrap consensus tree...
Reading input file examples/Acropora//aln_seqs/led7338.nt.aln.nex.splits.nex...
5 taxa and 12 splits.
Consensus tree written to examples/Acropora//aln_seqs/led7338.nt.aln.nex.contree
Reading input trees file examples/Acropora//aln_seqs/led7338.nt.aln.nex.contree
Log-likelihood of consensus tree: -4234.803

Analysis results written to: 
  IQ-TREE report:                examples/Acropora//aln_seqs/led7338.nt.aln.nex.iqtree
  Maximum-likelihood tree:       examples/Acropora//aln_seqs/led7338.nt.aln.nex.treefile
  Likelihood distances:          examples/Acropora//aln_seqs/led7338.nt.aln.nex.mldist
  Best partitioning scheme:      examples/Acropora//aln_seqs/led7338.nt.aln.nex.best_scheme.nex
           in RAxML format:      examples/Acropora//aln_seqs/led7338.nt.aln.nex.best_scheme

Ultrafast bootstrap approximation results written to:
  Split support values:          examples/Acropora//aln_seqs/led7338.nt.aln.nex.splits.nex
  Consensus tree:                examples/Acropora//aln_seqs/led7338.nt.aln.nex.contree
  Screen log file:               examples/Acropora//aln_seqs/led7338.nt.aln.nex.log

Date and Time: Sat Jan 12 16:22:16 2019
