IQ-TREE multicore version 1.6.8 for Linux 64-bit built Oct 28 2018
Developed by Bui Quang Minh, Nguyen Lam Tung, Olga Chernomor,
Heiko Schmidt, Dominik Schrempf, Michael Woodhams.

Host:    sango10206.oist.jp (AVX2, FMA3, 125 GB RAM)
Command: iqtree -s examples/Acropora//aln_seqs/led7813.nt.aln -bb 1000 -redo -nt 3 -spp examples/Acropora//aln_seqs/led7813.nt.aln.nex -m MFPMERGE
Seed:    65384 (Using SPRNG - Scalable Parallel Random Number Generator)
Time:    Sat Jan 12 16:36:48 2019
Kernel:  AVX+FMA - 3 threads (24 CPU cores detected)

Reading partition model file examples/Acropora//aln_seqs/led7813.nt.aln.nex ...
Reading alignment file examples/Acropora//aln_seqs/led7813.nt.aln ... Fasta format detected
Alignment most likely contains DNA/RNA sequences
Alignment has 5 sequences with 792 columns, 31 distinct patterns
9 parsimony-informative, 40 singleton sites, 743 constant sites
                          Gap/Ambiguity  Composition  p-value
   1  Adif_sc0000233.g225.t1      0.38%    passed     99.76%
   2  Aech_sc0000081.g13529.t1    0.38%    passed     99.04%
   3  Agem_sc0000013.g30465.t1    0.38%    passed     99.82%
   4  Asub_sc0000021.g22986.t1    0.38%    passed     99.96%
   5  Aten_sc0000072.g295.t1      0.00%    passed     97.09%
****  TOTAL                       0.30%  0 sequences failed composition chi2 test (p-value<5%; df=3)
NOTE: No CharPartition defined, use all CharSets

Loading 3 partitions...
Subset	Type	Seqs	Sites	Infor	Invar	Model	Name
1		5	264	3	250	MFPMERGE	p1
2		5	264	1	255	MFPMERGE	p2
3		5	264	5	238	MFPMERGE	p3
Degree of missing data: 0.000
Info: multi-threading strategy over partitions



Create initial parsimony tree by phylogenetic likelihood library (PLL)... 0.003 seconds
NOTE: ModelFinder requires 0 MB RAM!
Testing GTR+F+G on supermatrix...
WARNING: Number of threads seems too high for short alignments. Use -nt AUTO to determine best number of threads.
GTR+F+G4 / LnL: -1396.313 / df: 16 / AIC: 2824.627 / AICc: 2825.328 / BIC: 2899.419
Selecting individual models for 3 charsets using BIC...
 No. Model        Score       Charset
   1 K2P          1046.607    p3
   2 HKY+F        855.648     p2
   3 K2P          922.516     p1
Full partition model BIC score: 2874.705 (LnL: -1387.293  df:15)
Merging models to increase model fit (about 7 total partition schemes)...
   4 K2P          2859.953    p1+p2
   5 K2P          2868.108    p2+p3
   6 K2P          2865.299    p1+p3
Merging p1+p2 with BIC score: 2859.953 (LnL: -1396.604  df: 10)
   7 K2P          2855.324    p1+p2+p3
Merging p1+p2+p3 with BIC score: 2855.324 (LnL: -1400.964  df: 8)
BEST-FIT PARTITION MODEL: 
  charpartition BIC = K2P: p1 p2 p3;
Agglomerative model selection: ((p1,p2)1:2859.95,p3)2:2855.32
Merging into 1 partitions...
Partition information was printed to examples/Acropora//aln_seqs/led7813.nt.aln.nex.best_scheme.nex
Partition information in Raxml format was printed to examples/Acropora//aln_seqs/led7813.nt.aln.nex.best_scheme

All model information printed to examples/Acropora//aln_seqs/led7813.nt.aln.nex.model.gz
CPU time for ModelFinder: 0.598 seconds (0h:0m:0s)
Wall-clock time for ModelFinder: 20.368 seconds (0h:0m:20s)
Generating 1000 samples for ultrafast bootstrap (seed: 65384)...

NOTE: 0 MB RAM (0 GB) is required!
Estimate model parameters (epsilon = 0.100)
Initial log-likelihood: -1414.304
Current log-likelihood at step 1: -1408.664
Current log-likelihood at step 2: -1408.353
Current log-likelihood at step 3: -1408.031
Current log-likelihood at step 4: -1407.699
Current log-likelihood at step 5: -1407.354
Current log-likelihood at step 6: -1406.997
Current log-likelihood at step 7: -1406.627
Current log-likelihood at step 8: -1406.245
Current log-likelihood at step 9: -1405.849
Current log-likelihood at step 10: -1405.441
Current log-likelihood at step 11: -1405.021
Current log-likelihood at step 12: -1404.589
Current log-likelihood at step 13: -1404.150
Current log-likelihood at step 14: -1403.705
Current log-likelihood at step 15: -1400.964
Current log-likelihood at step 16: -1400.963
Partition-specific rates:  1.000
Parameters optimization took 15 rounds (3.606 sec)

Computing ML distances based on estimated model parameters... 0.005 sec
Computing BIONJ tree...
0.357 seconds
Log-likelihood of BIONJ tree: -1400.963
--------------------------------------------------------------------
|             INITIALIZING CANDIDATE TREE SET                      |
--------------------------------------------------------------------
Generating 99 parsimony trees... 0.655 second
Computing log-likelihood of 4 initial trees ... 1.024 seconds
Current best score: -1400.963

Do NNI search on 5 best initial trees
Finish initializing candidate tree set (5)
Current best tree score: -1400.963 / CPU time: 5.916
Number of iterations: 5
--------------------------------------------------------------------
|               OPTIMIZING CANDIDATE TREE SET                      |
--------------------------------------------------------------------
UPDATE BEST LOG-LIKELIHOOD: -1400.963
Iteration 10 / LogL: -1400.963 / Time: 0h:0m:13s
Iteration 20 / LogL: -1400.963 / Time: 0h:0m:23s
Iteration 30 / LogL: -1400.963 / Time: 0h:0m:34s (0h:1m:22s left)
Iteration 40 / LogL: -1400.963 / Time: 0h:0m:43s (0h:1m:6s left)
Iteration 50 / LogL: -1400.963 / Time: 0h:0m:52s (0h:0m:53s left)
Log-likelihood cutoff on original alignment: -1421.858
Iteration 60 / LogL: -1400.963 / Time: 0h:1m:1s (0h:0m:42s left)
Iteration 70 / LogL: -1400.963 / Time: 0h:1m:14s (0h:0m:32s left)
Iteration 80 / LogL: -1400.963 / Time: 0h:1m:21s (0h:0m:20s left)
Iteration 90 / LogL: -1400.963 / Time: 0h:1m:27s (0h:0m:9s left)
Iteration 100 / LogL: -1400.963 / Time: 0h:1m:36s (0h:0m:0s left)
Log-likelihood cutoff on original alignment: -1421.951
NOTE: Bootstrap correlation coefficient of split occurrence frequencies: 1.000
TREE SEARCH COMPLETED AFTER 101 ITERATIONS / Time: 0h:1m:37s

--------------------------------------------------------------------
|                    FINALIZING TREE SEARCH                        |
--------------------------------------------------------------------
Performs final model parameters optimization
Estimate model parameters (epsilon = 0.010)
Initial log-likelihood: -1400.963
Current log-likelihood at step 1: -1400.963
Partition-specific rates:  1.000
Parameters optimization took 0 rounds (0.104 sec)

BEST SCORE FOUND : -1400.963
Creating bootstrap support values...
Split supports printed to NEXUS file examples/Acropora//aln_seqs/led7813.nt.aln.nex.splits.nex
Total tree length: 0.063

Total number of iterations: 101
CPU time used for tree search: 3.211 sec (0h:0m:3s)
Wall-clock time used for tree search: 93.325 sec (0h:1m:33s)
Total CPU time used: 3.416 sec (0h:0m:3s)
Total wall-clock time used: 99.543 sec (0h:1m:39s)

Computing bootstrap consensus tree...
Reading input file examples/Acropora//aln_seqs/led7813.nt.aln.nex.splits.nex...
5 taxa and 11 splits.
Consensus tree written to examples/Acropora//aln_seqs/led7813.nt.aln.nex.contree
Reading input trees file examples/Acropora//aln_seqs/led7813.nt.aln.nex.contree
Log-likelihood of consensus tree: -1400.963

Analysis results written to: 
  IQ-TREE report:                examples/Acropora//aln_seqs/led7813.nt.aln.nex.iqtree
  Maximum-likelihood tree:       examples/Acropora//aln_seqs/led7813.nt.aln.nex.treefile
  Likelihood distances:          examples/Acropora//aln_seqs/led7813.nt.aln.nex.mldist
  Best partitioning scheme:      examples/Acropora//aln_seqs/led7813.nt.aln.nex.best_scheme.nex
           in RAxML format:      examples/Acropora//aln_seqs/led7813.nt.aln.nex.best_scheme

Ultrafast bootstrap approximation results written to:
  Split support values:          examples/Acropora//aln_seqs/led7813.nt.aln.nex.splits.nex
  Consensus tree:                examples/Acropora//aln_seqs/led7813.nt.aln.nex.contree
  Screen log file:               examples/Acropora//aln_seqs/led7813.nt.aln.nex.log

Date and Time: Sat Jan 12 16:38:50 2019
