IQ-TREE multicore version 1.6.8 for Linux 64-bit built Oct 28 2018
Developed by Bui Quang Minh, Nguyen Lam Tung, Olga Chernomor,
Heiko Schmidt, Dominik Schrempf, Michael Woodhams.

Host:    sango10206.oist.jp (AVX2, FMA3, 125 GB RAM)
Command: iqtree -s examples/Acropora//aln_seqs/led7414.nt.aln -bb 1000 -redo -nt 3 -spp examples/Acropora//aln_seqs/led7414.nt.aln.nex -m MFPMERGE
Seed:    795858 (Using SPRNG - Scalable Parallel Random Number Generator)
Time:    Sat Jan 12 16:49:03 2019
Kernel:  AVX+FMA - 3 threads (24 CPU cores detected)

Reading partition model file examples/Acropora//aln_seqs/led7414.nt.aln.nex ...
Reading alignment file examples/Acropora//aln_seqs/led7414.nt.aln ... Fasta format detected
Alignment most likely contains DNA/RNA sequences
Alignment has 5 sequences with 1488 columns, 31 distinct patterns
5 parsimony-informative, 25 singleton sites, 1458 constant sites
                          Gap/Ambiguity  Composition  p-value
   1  Adif_sc0000171.g195.t1      9.27%    passed     98.75%
   2  Aech_sc0000204.g11656.t1    9.27%    passed     98.65%
   3  Agem_sc0000035.g12698.t1    0.40%    passed     96.20%
   4  Asub_sc0000056.g23624.t1    0.00%    passed     94.66%
   5  Aten_sc0000150.g265.t1      9.27%    passed     96.40%
****  TOTAL                       5.65%  0 sequences failed composition chi2 test (p-value<5%; df=3)
NOTE: No CharPartition defined, use all CharSets

Loading 3 partitions...
Subset	Type	Seqs	Sites	Infor	Invar	Model	Name
1		5	496	1	493	MFPMERGE	p1
2		5	496	0	496	MFPMERGE	p2
WARNING: No parsimony-informative sites in partition p2
3		5	496	4	469	MFPMERGE	p3
Degree of missing data: 0.000
Info: multi-threading strategy over partitions



Create initial parsimony tree by phylogenetic likelihood library (PLL)... 0.000 seconds
NOTE: ModelFinder requires 0 MB RAM!
Testing GTR+F+G on supermatrix...
WARNING: Number of threads seems too high for short alignments. Use -nt AUTO to determine best number of threads.
GTR+F+G4 / LnL: -2258.379 / df: 16 / AIC: 4548.758 / AICc: 4549.128 / BIC: 4633.641
Selecting individual models for 3 charsets using BIC...
 No. Model        Score       Charset
   1 JC           1388.186    p2
   2 F81+F        1424.711    p1
   3 HKY+F        1722.199    p3
Full partition model BIC score: 4589.914 (LnL: -2236.515  df:16)
Merging models to increase model fit (about 7 total partition schemes)...
   4 F81+F        4576.913    p1+p2
   5 K2P          4604.906    p1+p3
   6 HKY+F        4600.927    p2+p3
Merging p1+p2 with BIC score: 4576.913 (LnL: -2233.668  df: 15)
   7 HKY+F        4603.189    p1+p2+p3
BEST-FIT PARTITION MODEL: 
  charpartition BIC = F81+F: p1 p2, HKY+F: p3;
Agglomerative model selection: ((p1,p2)1:4576.91,p3)
Merging into 2 partitions...
Partition information was printed to examples/Acropora//aln_seqs/led7414.nt.aln.nex.best_scheme.nex
Partition information in Raxml format was printed to examples/Acropora//aln_seqs/led7414.nt.aln.nex.best_scheme

All model information printed to examples/Acropora//aln_seqs/led7414.nt.aln.nex.model.gz
CPU time for ModelFinder: 0.590 seconds (0h:0m:0s)
Wall-clock time for ModelFinder: 28.818 seconds (0h:0m:28s)
WARNING: 3 threads for alignment length 14 will slow down analysis
Generating 1000 samples for ultrafast bootstrap (seed: 795858)...
WARNING: 3 threads for alignment length 14 will slow down analysis

NOTE: 0 MB RAM (0 GB) is required!
Estimate model parameters (epsilon = 0.100)
Initial log-likelihood: -2261.578
Current log-likelihood at step 1: -2236.660
Current log-likelihood at step 2: -2236.149
Current log-likelihood at step 3: -2234.231
Current log-likelihood at step 4: -2234.082
Current log-likelihood at step 5: -2233.977
Current log-likelihood at step 6: -2233.899
Partition-specific rates:  0.210 2.581
Parameters optimization took 5 rounds (1.963 sec)

Computing ML distances based on estimated model parameters... 0.001 sec
Computing BIONJ tree...
0.005 seconds
Log-likelihood of BIONJ tree: -2233.899
--------------------------------------------------------------------
|             INITIALIZING CANDIDATE TREE SET                      |
--------------------------------------------------------------------
Generating 99 parsimony trees... 1.137 second
Computing log-likelihood of 4 initial trees ... 1.116 seconds
Current best score: -2233.899

Do NNI search on 5 best initial trees
Finish initializing candidate tree set (5)
Current best tree score: -2233.899 / CPU time: 5.630
Number of iterations: 5
--------------------------------------------------------------------
|               OPTIMIZING CANDIDATE TREE SET                      |
--------------------------------------------------------------------
UPDATE BEST LOG-LIKELIHOOD: -2233.899
Iteration 10 / LogL: -2233.899 / Time: 0h:0m:12s
Iteration 20 / LogL: -2233.899 / Time: 0h:0m:22s
Iteration 30 / LogL: -2233.899 / Time: 0h:0m:31s (0h:1m:16s left)
Iteration 40 / LogL: -2233.899 / Time: 0h:0m:40s (0h:1m:1s left)
Iteration 50 / LogL: -2233.899 / Time: 0h:0m:49s (0h:0m:50s left)
Log-likelihood cutoff on original alignment: -2259.599
Iteration 60 / LogL: -2233.899 / Time: 0h:1m:0s (0h:0m:41s left)
Iteration 70 / LogL: -2233.899 / Time: 0h:1m:10s (0h:0m:30s left)
Iteration 80 / LogL: -2233.899 / Time: 0h:1m:19s (0h:0m:20s left)
Iteration 90 / LogL: -2233.899 / Time: 0h:1m:29s (0h:0m:10s left)
Iteration 100 / LogL: -2233.899 / Time: 0h:1m:39s (0h:0m:0s left)
Log-likelihood cutoff on original alignment: -2259.599
NOTE: Bootstrap correlation coefficient of split occurrence frequencies: 1.000
TREE SEARCH COMPLETED AFTER 101 ITERATIONS / Time: 0h:1m:42s

--------------------------------------------------------------------
|                    FINALIZING TREE SEARCH                        |
--------------------------------------------------------------------
Performs final model parameters optimization
Estimate model parameters (epsilon = 0.010)
Initial log-likelihood: -2233.899
Current log-likelihood at step 1: -2233.843
Current log-likelihood at step 2: -2233.802
Current log-likelihood at step 3: -2233.771
Current log-likelihood at step 4: -2233.748
Current log-likelihood at step 5: -2233.730
Current log-likelihood at step 6: -2233.716
Current log-likelihood at step 7: -2233.705
Current log-likelihood at step 8: -2233.696
Partition-specific rates:  0.169 2.662
Parameters optimization took 7 rounds (1.449 sec)

BEST SCORE FOUND : -2233.696
Creating bootstrap support values...
Split supports printed to NEXUS file examples/Acropora//aln_seqs/led7414.nt.aln.nex.splits.nex
Total tree length: 0.022

Total number of iterations: 101
CPU time used for tree search: 3.178 sec (0h:0m:3s)
Wall-clock time used for tree search: 99.459 sec (0h:1m:39s)
Total CPU time used: 3.347 sec (0h:0m:3s)
Total wall-clock time used: 106.173 sec (0h:1m:46s)

Computing bootstrap consensus tree...
Reading input file examples/Acropora//aln_seqs/led7414.nt.aln.nex.splits.nex...
5 taxa and 11 splits.
Consensus tree written to examples/Acropora//aln_seqs/led7414.nt.aln.nex.contree
Reading input trees file examples/Acropora//aln_seqs/led7414.nt.aln.nex.contree
Log-likelihood of consensus tree: -2233.696

Analysis results written to: 
  IQ-TREE report:                examples/Acropora//aln_seqs/led7414.nt.aln.nex.iqtree
  Maximum-likelihood tree:       examples/Acropora//aln_seqs/led7414.nt.aln.nex.treefile
  Likelihood distances:          examples/Acropora//aln_seqs/led7414.nt.aln.nex.mldist
  Best partitioning scheme:      examples/Acropora//aln_seqs/led7414.nt.aln.nex.best_scheme.nex
           in RAxML format:      examples/Acropora//aln_seqs/led7414.nt.aln.nex.best_scheme

Ultrafast bootstrap approximation results written to:
  Split support values:          examples/Acropora//aln_seqs/led7414.nt.aln.nex.splits.nex
  Consensus tree:                examples/Acropora//aln_seqs/led7414.nt.aln.nex.contree
  Screen log file:               examples/Acropora//aln_seqs/led7414.nt.aln.nex.log

Date and Time: Sat Jan 12 16:51:19 2019
