IQ-TREE multicore version 1.6.8 for Linux 64-bit built Oct 28 2018
Developed by Bui Quang Minh, Nguyen Lam Tung, Olga Chernomor,
Heiko Schmidt, Dominik Schrempf, Michael Woodhams.

Host:    sango10206.oist.jp (AVX2, FMA3, 125 GB RAM)
Command: iqtree -s examples/Acropora//aln_seqs/led7754.nt.aln -bb 1000 -redo -nt 3 -spp examples/Acropora//aln_seqs/led7754.nt.aln.nex -m MFPMERGE
Seed:    254619 (Using SPRNG - Scalable Parallel Random Number Generator)
Time:    Sat Jan 12 16:24:37 2019
Kernel:  AVX+FMA - 3 threads (24 CPU cores detected)

Reading partition model file examples/Acropora//aln_seqs/led7754.nt.aln.nex ...
Reading alignment file examples/Acropora//aln_seqs/led7754.nt.aln ... Fasta format detected
Alignment most likely contains DNA/RNA sequences
Alignment has 5 sequences with 1425 columns, 47 distinct patterns
7 parsimony-informative, 33 singleton sites, 1385 constant sites
                          Gap/Ambiguity  Composition  p-value
   1  Adif_sc0000224.g44.t1       2.95%    passed     95.20%
   2  Aech_sc0000001.g4090.t1     6.32%    passed     94.83%
   3  Agem_sc0000032.g20065.t1   17.89%    passed     98.77%
   4  Asub_sc0000016.g26551.t1    9.26%    passed     99.17%
   5  Aten_sc0000052.g310.t1      6.53%    passed     99.91%
****  TOTAL                       8.59%  0 sequences failed composition chi2 test (p-value<5%; df=3)
NOTE: No CharPartition defined, use all CharSets

Loading 3 partitions...
Subset	Type	Seqs	Sites	Infor	Invar	Model	Name
1		5	475	0	472	MFPMERGE	p1
WARNING: No parsimony-informative sites in partition p1
2		5	475	2	470	MFPMERGE	p2
3		5	475	5	443	MFPMERGE	p3
Degree of missing data: 0.000
Info: multi-threading strategy over partitions



Create initial parsimony tree by phylogenetic likelihood library (PLL)... 0.000 seconds
NOTE: ModelFinder requires 0 MB RAM!
Testing GTR+F+G on supermatrix...
WARNING: Number of threads seems too high for short alignments. Use -nt AUTO to determine best number of threads.
GTR+F+G4 / LnL: -2223.608 / df: 16 / AIC: 4479.215 / AICc: 4479.601 / BIC: 4563.406
Selecting individual models for 3 charsets using BIC...
 No. Model        Score       Charset
   1 K2P          1706.232    p3
   2 F81+F        1358.960    p1
   3 F81+F        1386.631    p2
Full partition model BIC score: 4506.380 (LnL: -2195.095  df:16)
Merging models to increase model fit (about 7 total partition schemes)...
   4 TPM3u+F      4527.654    p2+p3
   5 HKY+F        4544.691    p1+p3
   6 F81+F        4492.360    p1+p2
Merging p1+p2 with BIC score: 4492.360 (LnL: -2202.608  df: 12)
   7 HKY+F        4537.543    p1+p2+p3
BEST-FIT PARTITION MODEL: 
  charpartition BIC = F81+F: p1 p2, K2P: p3;
Agglomerative model selection: ((p1,p2)1:4492.36,p3)
Merging into 2 partitions...
Partition information was printed to examples/Acropora//aln_seqs/led7754.nt.aln.nex.best_scheme.nex
Partition information in Raxml format was printed to examples/Acropora//aln_seqs/led7754.nt.aln.nex.best_scheme

All model information printed to examples/Acropora//aln_seqs/led7754.nt.aln.nex.model.gz
CPU time for ModelFinder: 0.639 seconds (0h:0m:0s)
Wall-clock time for ModelFinder: 21.728 seconds (0h:0m:21s)
Generating 1000 samples for ultrafast bootstrap (seed: 254619)...

NOTE: 0 MB RAM (0 GB) is required!
Estimate model parameters (epsilon = 0.100)
Initial log-likelihood: -2231.224
Current log-likelihood at step 1: -2206.438
Current log-likelihood at step 2: -2205.814
Current log-likelihood at step 3: -2205.395
Current log-likelihood at step 4: -2205.075
Current log-likelihood at step 5: -2204.808
Current log-likelihood at step 6: -2204.572
Current log-likelihood at step 7: -2202.649
Current log-likelihood at step 8: -2202.633
Partition-specific rates:  0.309 2.382
Parameters optimization took 7 rounds (1.497 sec)

Computing ML distances based on estimated model parameters... 0.007 sec
Computing BIONJ tree...
0.119 seconds
Log-likelihood of BIONJ tree: -2202.633
--------------------------------------------------------------------
|             INITIALIZING CANDIDATE TREE SET                      |
--------------------------------------------------------------------
Generating 99 parsimony trees... 1.640 second
Computing log-likelihood of 4 initial trees ... 0.680 seconds
Current best score: -2202.633

Do NNI search on 5 best initial trees
Finish initializing candidate tree set (5)
Current best tree score: -2202.633 / CPU time: 6.156
Number of iterations: 5
--------------------------------------------------------------------
|               OPTIMIZING CANDIDATE TREE SET                      |
--------------------------------------------------------------------
UPDATE BEST LOG-LIKELIHOOD: -2202.633
Iteration 10 / LogL: -2202.633 / Time: 0h:0m:14s
UPDATE BEST LOG-LIKELIHOOD: -2202.633
Iteration 20 / LogL: -2202.633 / Time: 0h:0m:24s
Iteration 30 / LogL: -2202.633 / Time: 0h:0m:35s (0h:1m:25s left)
Iteration 40 / LogL: -2202.633 / Time: 0h:0m:48s (0h:1m:13s left)
Iteration 50 / LogL: -2206.850 / Time: 0h:1m:2s (0h:1m:3s left)
Log-likelihood cutoff on original alignment: -2236.626
Iteration 60 / LogL: -2202.633 / Time: 0h:1m:20s (0h:0m:54s left)
Iteration 70 / LogL: -2202.633 / Time: 0h:1m:31s (0h:0m:39s left)
Iteration 80 / LogL: -2202.633 / Time: 0h:1m:42s (0h:0m:25s left)
Iteration 90 / LogL: -2202.633 / Time: 0h:1m:55s (0h:0m:12s left)
Iteration 100 / LogL: -2202.633 / Time: 0h:2m:6s (0h:0m:0s left)
Log-likelihood cutoff on original alignment: -2222.041
NOTE: Bootstrap correlation coefficient of split occurrence frequencies: 1.000
TREE SEARCH COMPLETED AFTER 101 ITERATIONS / Time: 0h:2m:10s

--------------------------------------------------------------------
|                    FINALIZING TREE SEARCH                        |
--------------------------------------------------------------------
Performs final model parameters optimization
Estimate model parameters (epsilon = 0.010)
Initial log-likelihood: -2202.633
Current log-likelihood at step 1: -2202.623
Partition-specific rates:  0.305 2.391
Parameters optimization took 0 rounds (0.186 sec)

BEST SCORE FOUND : -2202.623
Creating bootstrap support values...
Split supports printed to NEXUS file examples/Acropora//aln_seqs/led7754.nt.aln.nex.splits.nex
Total tree length: 0.032

Total number of iterations: 101
CPU time used for tree search: 4.369 sec (0h:0m:4s)
Wall-clock time used for tree search: 126.934 sec (0h:2m:6s)
Total CPU time used: 4.538 sec (0h:0m:4s)
Total wall-clock time used: 131.877 sec (0h:2m:11s)

Computing bootstrap consensus tree...
Reading input file examples/Acropora//aln_seqs/led7754.nt.aln.nex.splits.nex...
5 taxa and 11 splits.
Consensus tree written to examples/Acropora//aln_seqs/led7754.nt.aln.nex.contree
Reading input trees file examples/Acropora//aln_seqs/led7754.nt.aln.nex.contree
Log-likelihood of consensus tree: -2202.623

Analysis results written to: 
  IQ-TREE report:                examples/Acropora//aln_seqs/led7754.nt.aln.nex.iqtree
  Maximum-likelihood tree:       examples/Acropora//aln_seqs/led7754.nt.aln.nex.treefile
  Likelihood distances:          examples/Acropora//aln_seqs/led7754.nt.aln.nex.mldist
  Best partitioning scheme:      examples/Acropora//aln_seqs/led7754.nt.aln.nex.best_scheme.nex
           in RAxML format:      examples/Acropora//aln_seqs/led7754.nt.aln.nex.best_scheme

Ultrafast bootstrap approximation results written to:
  Split support values:          examples/Acropora//aln_seqs/led7754.nt.aln.nex.splits.nex
  Consensus tree:                examples/Acropora//aln_seqs/led7754.nt.aln.nex.contree
  Screen log file:               examples/Acropora//aln_seqs/led7754.nt.aln.nex.log

Date and Time: Sat Jan 12 16:27:13 2019
