IQ-TREE multicore version 1.6.8 for Linux 64-bit built Oct 28 2018
Developed by Bui Quang Minh, Nguyen Lam Tung, Olga Chernomor,
Heiko Schmidt, Dominik Schrempf, Michael Woodhams.

Host:    sango10206.oist.jp (AVX2, FMA3, 125 GB RAM)
Command: iqtree -s examples/Acropora//aln_seqs/led7370.nt.aln -bb 1000 -redo -nt 3 -spp examples/Acropora//aln_seqs/led7370.nt.aln.nex -m MFPMERGE
Seed:    457987 (Using SPRNG - Scalable Parallel Random Number Generator)
Time:    Sat Jan 12 16:25:02 2019
Kernel:  AVX+FMA - 3 threads (24 CPU cores detected)

Reading partition model file examples/Acropora//aln_seqs/led7370.nt.aln.nex ...
Reading alignment file examples/Acropora//aln_seqs/led7370.nt.aln ... Fasta format detected
Alignment most likely contains DNA/RNA sequences
Alignment has 5 sequences with 1569 columns, 68 distinct patterns
23 parsimony-informative, 62 singleton sites, 1484 constant sites
                          Gap/Ambiguity  Composition  p-value
   1  Adif_sc0000165.g202.t1      8.41%    passed     82.61%
   2  Aech_sc0000174.g15695.t1    2.68%    passed     99.52%
   3  Agem_sc0000090.g2541.t1     9.37%    passed     97.25%
   4  Asub_sc0000116.g8863.t1     9.37%    passed     95.65%
   5  Aten_sc0000429.g15.t1       8.03%    passed     99.71%
****  TOTAL                       7.57%  0 sequences failed composition chi2 test (p-value<5%; df=3)
NOTE: No CharPartition defined, use all CharSets

Loading 3 partitions...
Subset	Type	Seqs	Sites	Infor	Invar	Model	Name
1		5	523	2	508	MFPMERGE	p1
2		5	523	10	505	MFPMERGE	p2
3		5	523	11	471	MFPMERGE	p3
Degree of missing data: 0.000
Info: multi-threading strategy over partitions



Create initial parsimony tree by phylogenetic likelihood library (PLL)... 0.000 seconds
NOTE: ModelFinder requires 0 MB RAM!
Testing GTR+F+G on supermatrix...
WARNING: Number of threads seems too high for short alignments. Use -nt AUTO to determine best number of threads.
GTR+F+G4 / LnL: -2691.637 / df: 16 / AIC: 5415.274 / AICc: 5415.624 / BIC: 5501.005
Selecting individual models for 3 charsets using BIC...
 No. Model        Score       Charset
   1 JC           1674.951    p1
   2 K2P          2023.518    p3
   3 F81+F+I      1709.801    p2
Full partition model BIC score: 5461.208 (LnL: -2679.097  df:14)
Merging models to increase model fit (about 7 total partition schemes)...
   4 HKY+F        5482.885    p1+p3
   5 HKY+F        5472.296    p2+p3
   6 F81+F+I      5447.529    p1+p2
Merging p1+p2 with BIC score: 5447.529 (LnL: -2675.936  df: 13)
   7 HKY+F        5472.203    p1+p2+p3
BEST-FIT PARTITION MODEL: 
  charpartition BIC = F81+F+I: p1 p2, K2P: p3;
Agglomerative model selection: ((p1,p2)1:5447.53,p3)
Merging into 2 partitions...
Partition information was printed to examples/Acropora//aln_seqs/led7370.nt.aln.nex.best_scheme.nex
Partition information in Raxml format was printed to examples/Acropora//aln_seqs/led7370.nt.aln.nex.best_scheme

All model information printed to examples/Acropora//aln_seqs/led7370.nt.aln.nex.model.gz
CPU time for ModelFinder: 0.772 seconds (0h:0m:0s)
Wall-clock time for ModelFinder: 26.366 seconds (0h:0m:26s)
Generating 1000 samples for ultrafast bootstrap (seed: 457987)...

NOTE: 0 MB RAM (0 GB) is required!
Estimate model parameters (epsilon = 0.100)
Initial log-likelihood: -2711.475
Current log-likelihood at step 1: -2682.168
Current log-likelihood at step 2: -2681.923
Current log-likelihood at step 3: -2681.779
Current log-likelihood at step 4: -2681.634
Current log-likelihood at step 5: -2681.486
Current log-likelihood at step 6: -2681.336
Current log-likelihood at step 7: -2681.183
Current log-likelihood at step 8: -2681.028
Current log-likelihood at step 9: -2680.870
Current log-likelihood at step 10: -2680.709
Current log-likelihood at step 11: -2680.546
Current log-likelihood at step 12: -2680.380
Current log-likelihood at step 13: -2680.212
Current log-likelihood at step 14: -2680.040
Current log-likelihood at step 15: -2679.867
Current log-likelihood at step 16: -2679.690
Current log-likelihood at step 17: -2679.512
Current log-likelihood at step 18: -2679.331
Current log-likelihood at step 19: -2679.147
Current log-likelihood at step 20: -2678.963
Current log-likelihood at step 21: -2678.776
Current log-likelihood at step 22: -2678.589
Current log-likelihood at step 23: -2678.400
Current log-likelihood at step 24: -2675.921
Current log-likelihood at step 25: -2675.921
Partition-specific rates:  0.649 1.702
Parameters optimization took 24 rounds (5.269 sec)

Computing ML distances based on estimated model parameters... 0.001 sec
Computing BIONJ tree...
0.002 seconds
Log-likelihood of BIONJ tree: -2675.246
--------------------------------------------------------------------
|             INITIALIZING CANDIDATE TREE SET                      |
--------------------------------------------------------------------
Generating 98 parsimony trees... 1.457 second
Computing log-likelihood of 3 initial trees ... 0.555 seconds
Current best score: -2675.246

Do NNI search on 5 best initial trees
Finish initializing candidate tree set (5)
Current best tree score: -2675.246 / CPU time: 6.220
Number of iterations: 5
--------------------------------------------------------------------
|               OPTIMIZING CANDIDATE TREE SET                      |
--------------------------------------------------------------------
UPDATE BEST LOG-LIKELIHOOD: -2675.246
Iteration 10 / LogL: -2675.526 / Time: 0h:0m:18s
Iteration 20 / LogL: -2675.250 / Time: 0h:0m:32s
Iteration 30 / LogL: -2675.250 / Time: 0h:0m:44s (0h:1m:46s left)
Iteration 40 / LogL: -2675.251 / Time: 0h:0m:58s (0h:1m:29s left)
Iteration 50 / LogL: -2675.525 / Time: 0h:1m:10s (0h:1m:11s left)
Log-likelihood cutoff on original alignment: -2703.301
Iteration 60 / LogL: -2675.250 / Time: 0h:1m:24s (0h:0m:57s left)
Iteration 70 / LogL: -2675.251 / Time: 0h:1m:39s (0h:0m:43s left)
Iteration 80 / LogL: -2675.526 / Time: 0h:1m:54s (0h:0m:28s left)
Iteration 90 / LogL: -2675.250 / Time: 0h:2m:15s (0h:0m:15s left)
Iteration 100 / LogL: -2675.251 / Time: 0h:2m:31s (0h:0m:0s left)
Log-likelihood cutoff on original alignment: -2703.301
NOTE: Bootstrap correlation coefficient of split occurrence frequencies: 1.000
TREE SEARCH COMPLETED AFTER 101 ITERATIONS / Time: 0h:2m:35s

--------------------------------------------------------------------
|                    FINALIZING TREE SEARCH                        |
--------------------------------------------------------------------
Performs final model parameters optimization
Estimate model parameters (epsilon = 0.010)
Initial log-likelihood: -2675.246
Current log-likelihood at step 1: -2675.214
Current log-likelihood at step 2: -2675.214
Partition-specific rates:  0.656 1.688
Parameters optimization took 1 rounds (0.325 sec)

BEST SCORE FOUND : -2675.214
Creating bootstrap support values...
Split supports printed to NEXUS file examples/Acropora//aln_seqs/led7370.nt.aln.nex.splits.nex
Total tree length: 0.069

Total number of iterations: 101
CPU time used for tree search: 4.991 sec (0h:0m:4s)
Wall-clock time used for tree search: 148.680 sec (0h:2m:28s)
Total CPU time used: 5.294 sec (0h:0m:5s)
Total wall-clock time used: 157.650 sec (0h:2m:37s)

Computing bootstrap consensus tree...
Reading input file examples/Acropora//aln_seqs/led7370.nt.aln.nex.splits.nex...
5 taxa and 10 splits.
Consensus tree written to examples/Acropora//aln_seqs/led7370.nt.aln.nex.contree
Reading input trees file examples/Acropora//aln_seqs/led7370.nt.aln.nex.contree
Log-likelihood of consensus tree: -2675.214

Analysis results written to: 
  IQ-TREE report:                examples/Acropora//aln_seqs/led7370.nt.aln.nex.iqtree
  Maximum-likelihood tree:       examples/Acropora//aln_seqs/led7370.nt.aln.nex.treefile
  Likelihood distances:          examples/Acropora//aln_seqs/led7370.nt.aln.nex.mldist
  Best partitioning scheme:      examples/Acropora//aln_seqs/led7370.nt.aln.nex.best_scheme.nex
           in RAxML format:      examples/Acropora//aln_seqs/led7370.nt.aln.nex.best_scheme

Ultrafast bootstrap approximation results written to:
  Split support values:          examples/Acropora//aln_seqs/led7370.nt.aln.nex.splits.nex
  Consensus tree:                examples/Acropora//aln_seqs/led7370.nt.aln.nex.contree
  Screen log file:               examples/Acropora//aln_seqs/led7370.nt.aln.nex.log

Date and Time: Sat Jan 12 16:28:09 2019
