IQ-TREE multicore version 1.6.8 for Linux 64-bit built Oct 28 2018
Developed by Bui Quang Minh, Nguyen Lam Tung, Olga Chernomor,
Heiko Schmidt, Dominik Schrempf, Michael Woodhams.

Host:    sango10206.oist.jp (AVX2, FMA3, 125 GB RAM)
Command: iqtree -s examples/Acropora//aln_seqs/led7555.nt.aln -bb 1000 -redo -nt 3 -spp examples/Acropora//aln_seqs/led7555.nt.aln.nex -m MFPMERGE
Seed:    809813 (Using SPRNG - Scalable Parallel Random Number Generator)
Time:    Sat Jan 12 16:27:33 2019
Kernel:  AVX+FMA - 3 threads (24 CPU cores detected)

Reading partition model file examples/Acropora//aln_seqs/led7555.nt.aln.nex ...
Reading alignment file examples/Acropora//aln_seqs/led7555.nt.aln ... Fasta format detected
Alignment most likely contains DNA/RNA sequences
Alignment has 5 sequences with 3252 columns, 136 distinct patterns
43 parsimony-informative, 304 singleton sites, 2905 constant sites
                          Gap/Ambiguity  Composition  p-value
   1  Adif_sc0000190.g246.t1     22.23%    passed     93.74%
   2  Aech_sc0000001.g4026.t1    31.83%    passed     89.51%
   3  Agem_sc0000419.g15016.t1   31.37%    passed     94.54%
   4  Asub_sc0000016.g26485.t1    7.01%    passed     28.29%
   5  Aten_sc0000108.g330.t1     22.23%    passed     96.12%
****  TOTAL                      22.93%  0 sequences failed composition chi2 test (p-value<5%; df=3)
NOTE: No CharPartition defined, use all CharSets

Loading 3 partitions...
Subset	Type	Seqs	Sites	Infor	Invar	Model	Name
1		5	1084	12	987	MFPMERGE	p1
2		5	1084	8	994	MFPMERGE	p2
3		5	1084	23	924	MFPMERGE	p3
Degree of missing data: 0.000
Info: multi-threading strategy over partitions



Create initial parsimony tree by phylogenetic likelihood library (PLL)... 0.000 seconds
NOTE: ModelFinder requires 1 MB RAM!
Testing GTR+F+G on supermatrix...
WARNING: Number of threads seems too high for short alignments. Use -nt AUTO to determine best number of threads.
GTR+F+G4 / LnL: -6513.207 / df: 16 / AIC: 13058.415 / AICc: 13058.583 / BIC: 13155.807
Selecting individual models for 3 charsets using BIC...
 No. Model        Score       Charset
   1 F81+F        4023.936    p2
   2 HKY+F        4137.843    p1
   3 HKY+F+G4     4858.688    p3
Full partition model BIC score: 13085.468 (LnL: -6457.820  df:21)
Merging models to increase model fit (about 7 total partition schemes)...
   4 HKY+F        13128.050   p1+p2
   5 K2P+G4       13101.887   p1+p3
   6 TPM3+F+G4    13088.787   p2+p3
BEST-FIT PARTITION MODEL: 
  charpartition BIC = HKY+F: p1, F81+F: p2, HKY+F+G4: p3;
Agglomerative model selection: (p1,p2,p3)
Partition information was printed to examples/Acropora//aln_seqs/led7555.nt.aln.nex.best_scheme.nex
Partition information in Raxml format was printed to examples/Acropora//aln_seqs/led7555.nt.aln.nex.best_scheme

All model information printed to examples/Acropora//aln_seqs/led7555.nt.aln.nex.model.gz
CPU time for ModelFinder: 0.805 seconds (0h:0m:0s)
Wall-clock time for ModelFinder: 22.522 seconds (0h:0m:22s)
Generating 1000 samples for ultrafast bootstrap (seed: 809813)...

NOTE: 1 MB RAM (0 GB) is required!
WARNING: Number of threads seems too high for short alignments. Use -nt AUTO to determine best number of threads.
Estimate model parameters (epsilon = 0.100)
Initial log-likelihood: -6504.237
Current log-likelihood at step 1: -6457.900
Current log-likelihood at step 2: -6457.788
Current log-likelihood at step 3: -6457.786
Partition-specific rates:  0.779 0.700 1.521
Parameters optimization took 2 rounds (0.416 sec)

Computing ML distances based on estimated model parameters... 0.005 sec
Computing BIONJ tree...
0.023 seconds
Log-likelihood of BIONJ tree: -6470.300
--------------------------------------------------------------------
|             INITIALIZING CANDIDATE TREE SET                      |
--------------------------------------------------------------------
Generating 98 parsimony trees... 2.405 second
Computing log-likelihood of 7 initial trees ... 1.748 seconds
Current best score: -6457.786

Do NNI search on 9 best initial trees
Finish initializing candidate tree set (9)
Current best tree score: -6457.786 / CPU time: 13.086
Number of iterations: 9
--------------------------------------------------------------------
|               OPTIMIZING CANDIDATE TREE SET                      |
--------------------------------------------------------------------
Iteration 10 / LogL: -6457.787 / Time: 0h:0m:16s
UPDATE BEST LOG-LIKELIHOOD: -6457.786
Iteration 20 / LogL: -6458.614 / Time: 0h:0m:26s
Iteration 30 / LogL: -6457.787 / Time: 0h:0m:35s (0h:1m:26s left)
Iteration 40 / LogL: -6457.787 / Time: 0h:0m:46s (0h:1m:10s left)
Iteration 50 / LogL: -6457.787 / Time: 0h:0m:56s (0h:0m:57s left)
Log-likelihood cutoff on original alignment: -6474.620
Iteration 60 / LogL: -6457.787 / Time: 0h:1m:7s (0h:0m:45s left)
Iteration 70 / LogL: -6470.636 / Time: 0h:1m:18s (0h:0m:33s left)
Iteration 80 / LogL: -6457.790 / Time: 0h:1m:30s (0h:0m:23s left)
Iteration 90 / LogL: -6470.636 / Time: 0h:1m:44s (0h:0m:11s left)
Iteration 100 / LogL: -6457.786 / Time: 0h:1m:56s (0h:0m:0s left)
Log-likelihood cutoff on original alignment: -6474.572
NOTE: Bootstrap correlation coefficient of split occurrence frequencies: 1.000
TREE SEARCH COMPLETED AFTER 101 ITERATIONS / Time: 0h:1m:58s

--------------------------------------------------------------------
|                    FINALIZING TREE SEARCH                        |
--------------------------------------------------------------------
Performs final model parameters optimization
Estimate model parameters (epsilon = 0.010)
Initial log-likelihood: -6457.786
Current log-likelihood at step 1: -6457.786
Partition-specific rates:  0.779 0.700 1.521
Parameters optimization took 0 rounds (0.120 sec)

BEST SCORE FOUND : -6457.786
Creating bootstrap support values...
Split supports printed to NEXUS file examples/Acropora//aln_seqs/led7555.nt.aln.nex.splits.nex
Total tree length: 0.177

Total number of iterations: 101
CPU time used for tree search: 3.730 sec (0h:0m:3s)
Wall-clock time used for tree search: 115.376 sec (0h:1m:55s)
Total CPU time used: 3.862 sec (0h:0m:3s)
Total wall-clock time used: 120.766 sec (0h:2m:0s)

Computing bootstrap consensus tree...
Reading input file examples/Acropora//aln_seqs/led7555.nt.aln.nex.splits.nex...
5 taxa and 12 splits.
Consensus tree written to examples/Acropora//aln_seqs/led7555.nt.aln.nex.contree
Reading input trees file examples/Acropora//aln_seqs/led7555.nt.aln.nex.contree
Log-likelihood of consensus tree: -6457.786

Analysis results written to: 
  IQ-TREE report:                examples/Acropora//aln_seqs/led7555.nt.aln.nex.iqtree
  Maximum-likelihood tree:       examples/Acropora//aln_seqs/led7555.nt.aln.nex.treefile
  Likelihood distances:          examples/Acropora//aln_seqs/led7555.nt.aln.nex.mldist
  Best partitioning scheme:      examples/Acropora//aln_seqs/led7555.nt.aln.nex.best_scheme.nex
           in RAxML format:      examples/Acropora//aln_seqs/led7555.nt.aln.nex.best_scheme

Ultrafast bootstrap approximation results written to:
  Split support values:          examples/Acropora//aln_seqs/led7555.nt.aln.nex.splits.nex
  Consensus tree:                examples/Acropora//aln_seqs/led7555.nt.aln.nex.contree
  Screen log file:               examples/Acropora//aln_seqs/led7555.nt.aln.nex.log

Date and Time: Sat Jan 12 16:29:59 2019
