IQ-TREE multicore version 1.6.8 for Linux 64-bit built Oct 28 2018
Developed by Bui Quang Minh, Nguyen Lam Tung, Olga Chernomor,
Heiko Schmidt, Dominik Schrempf, Michael Woodhams.

Host:    sango10206.oist.jp (AVX2, FMA3, 125 GB RAM)
Command: iqtree -s examples/Acropora//aln_seqs/led7917.nt.aln -bb 1000 -redo -nt 3 -spp examples/Acropora//aln_seqs/led7917.nt.aln.nex -m MFPMERGE
Seed:    407082 (Using SPRNG - Scalable Parallel Random Number Generator)
Time:    Sat Jan 12 16:56:56 2019
Kernel:  AVX+FMA - 3 threads (24 CPU cores detected)

Reading partition model file examples/Acropora//aln_seqs/led7917.nt.aln.nex ...
Reading alignment file examples/Acropora//aln_seqs/led7917.nt.aln ... Fasta format detected
Alignment most likely contains DNA/RNA sequences
Alignment has 5 sequences with 1356 columns, 92 distinct patterns
13 parsimony-informative, 122 singleton sites, 1221 constant sites
                          Gap/Ambiguity  Composition  p-value
   1  Adif_sc0000266.g163.t1      0.00%    passed     94.41%
   2  Aech_sc0000032.g18494.t1    5.75%    passed     90.33%
   3  Agem_sc0000023.g27894.t1   16.37%    passed     70.00%
   4  Asub_sc0000267.g26736.t1   20.80%    passed     91.11%
   5  Aten_sc0000111.g148.t1      0.00%    passed     97.59%
****  TOTAL                       8.58%  0 sequences failed composition chi2 test (p-value<5%; df=3)
NOTE: No CharPartition defined, use all CharSets

Loading 3 partitions...
Subset	Type	Seqs	Sites	Infor	Invar	Model	Name
1		5	452	5	409	MFPMERGE	p1
2		5	452	1	419	MFPMERGE	p2
3		5	452	7	393	MFPMERGE	p3
Degree of missing data: 0.000
Info: multi-threading strategy over partitions



Create initial parsimony tree by phylogenetic likelihood library (PLL)... 0.000 seconds
NOTE: ModelFinder requires 0 MB RAM!
Testing GTR+F+G on supermatrix...
WARNING: Number of threads seems too high for short alignments. Use -nt AUTO to determine best number of threads.
GTR+F+G4 / LnL: -2636.997 / df: 16 / AIC: 5305.993 / AICc: 5306.400 / BIC: 5389.390
Selecting individual models for 3 charsets using BIC...
 No. Model        Score       Charset
   1 F81+F        1615.250    p2
   2 F81+F        1775.769    p1
   3 K2P          1939.586    p3
Full partition model BIC score: 5384.865 (LnL: -2634.734  df:16)
Merging models to increase model fit (about 7 total partition schemes)...
   4 HKY+F        5374.664    p2+p3
   5 F81+F        5377.332    p1+p2
   6 HKY+F        5369.643    p1+p3
Merging p1+p3 with BIC score: 5369.643 (LnL: -2630.729  df: 15)
   7 HKY+F        5359.303    p1+p2+p3
Merging p1+p2+p3 with BIC score: 5359.303 (LnL: -2639.984  df: 11)
BEST-FIT PARTITION MODEL: 
  charpartition BIC = HKY+F: p1 p2 p3;
Agglomerative model selection: ((p1,p3)1:5369.64,p2)2:5359.3
Merging into 1 partitions...
Partition information was printed to examples/Acropora//aln_seqs/led7917.nt.aln.nex.best_scheme.nex
Partition information in Raxml format was printed to examples/Acropora//aln_seqs/led7917.nt.aln.nex.best_scheme

All model information printed to examples/Acropora//aln_seqs/led7917.nt.aln.nex.model.gz
CPU time for ModelFinder: 0.723 seconds (0h:0m:0s)
Wall-clock time for ModelFinder: 26.762 seconds (0h:0m:26s)
Generating 1000 samples for ultrafast bootstrap (seed: 407082)...

NOTE: 0 MB RAM (0 GB) is required!
Estimate model parameters (epsilon = 0.100)
Initial log-likelihood: -2646.773
Current log-likelihood at step 1: -2639.947
Current log-likelihood at step 2: -2639.947
Partition-specific rates:  1.000
Parameters optimization took 1 rounds (0.149 sec)

Computing ML distances based on estimated model parameters... 0.014 sec
Computing BIONJ tree...
0.007 seconds
Log-likelihood of BIONJ tree: -2642.537
--------------------------------------------------------------------
|             INITIALIZING CANDIDATE TREE SET                      |
--------------------------------------------------------------------
Generating 98 parsimony trees... 1.122 second
Computing log-likelihood of 3 initial trees ... 0.784 seconds
Current best score: -2639.947

Do NNI search on 5 best initial trees
Finish initializing candidate tree set (5)
Current best tree score: -2639.947 / CPU time: 4.484
Number of iterations: 5
--------------------------------------------------------------------
|               OPTIMIZING CANDIDATE TREE SET                      |
--------------------------------------------------------------------
Iteration 10 / LogL: -2639.947 / Time: 0h:0m:10s
Iteration 20 / LogL: -2639.947 / Time: 0h:0m:19s
Iteration 30 / LogL: -2640.535 / Time: 0h:0m:27s (0h:1m:6s left)
Iteration 40 / LogL: -2639.948 / Time: 0h:0m:36s (0h:0m:56s left)
Iteration 50 / LogL: -2639.948 / Time: 0h:0m:47s (0h:0m:47s left)
Log-likelihood cutoff on original alignment: -2665.957
Iteration 60 / LogL: -2639.948 / Time: 0h:0m:58s (0h:0m:39s left)
Iteration 70 / LogL: -2639.947 / Time: 0h:1m:5s (0h:0m:28s left)
Iteration 80 / LogL: -2639.947 / Time: 0h:1m:14s (0h:0m:18s left)
Iteration 90 / LogL: -2639.948 / Time: 0h:1m:22s (0h:0m:9s left)
Iteration 100 / LogL: -2639.948 / Time: 0h:1m:30s (0h:0m:0s left)
Log-likelihood cutoff on original alignment: -2666.832
NOTE: Bootstrap correlation coefficient of split occurrence frequencies: 1.000
TREE SEARCH COMPLETED AFTER 101 ITERATIONS / Time: 0h:1m:31s

--------------------------------------------------------------------
|                    FINALIZING TREE SEARCH                        |
--------------------------------------------------------------------
Performs final model parameters optimization
Estimate model parameters (epsilon = 0.010)
Initial log-likelihood: -2639.947
Current log-likelihood at step 1: -2639.947
Partition-specific rates:  1.000
Parameters optimization took 0 rounds (0.061 sec)

BEST SCORE FOUND : -2639.947
Creating bootstrap support values...
Split supports printed to NEXUS file examples/Acropora//aln_seqs/led7917.nt.aln.nex.splits.nex
Total tree length: 0.122

Total number of iterations: 101
CPU time used for tree search: 3.155 sec (0h:0m:3s)
Wall-clock time used for tree search: 89.435 sec (0h:1m:29s)
Total CPU time used: 3.277 sec (0h:0m:3s)
Total wall-clock time used: 92.981 sec (0h:1m:32s)

Computing bootstrap consensus tree...
Reading input file examples/Acropora//aln_seqs/led7917.nt.aln.nex.splits.nex...
5 taxa and 14 splits.
Consensus tree written to examples/Acropora//aln_seqs/led7917.nt.aln.nex.contree
Reading input trees file examples/Acropora//aln_seqs/led7917.nt.aln.nex.contree
Log-likelihood of consensus tree: -2639.947

Analysis results written to: 
  IQ-TREE report:                examples/Acropora//aln_seqs/led7917.nt.aln.nex.iqtree
  Maximum-likelihood tree:       examples/Acropora//aln_seqs/led7917.nt.aln.nex.treefile
  Likelihood distances:          examples/Acropora//aln_seqs/led7917.nt.aln.nex.mldist
  Best partitioning scheme:      examples/Acropora//aln_seqs/led7917.nt.aln.nex.best_scheme.nex
           in RAxML format:      examples/Acropora//aln_seqs/led7917.nt.aln.nex.best_scheme

Ultrafast bootstrap approximation results written to:
  Split support values:          examples/Acropora//aln_seqs/led7917.nt.aln.nex.splits.nex
  Consensus tree:                examples/Acropora//aln_seqs/led7917.nt.aln.nex.contree
  Screen log file:               examples/Acropora//aln_seqs/led7917.nt.aln.nex.log

Date and Time: Sat Jan 12 16:58:57 2019
