IQ-TREE multicore version 1.6.8 for Linux 64-bit built Oct 28 2018
Developed by Bui Quang Minh, Nguyen Lam Tung, Olga Chernomor,
Heiko Schmidt, Dominik Schrempf, Michael Woodhams.

Host:    sango10206.oist.jp (AVX2, FMA3, 125 GB RAM)
Command: iqtree -s examples/Acropora//aln_seqs/led7143.nt.aln -bb 1000 -redo -nt 3 -spp examples/Acropora//aln_seqs/led7143.nt.aln.nex -m MFPMERGE
Seed:    312152 (Using SPRNG - Scalable Parallel Random Number Generator)
Time:    Sat Jan 12 16:03:18 2019
Kernel:  AVX+FMA - 3 threads (24 CPU cores detected)

Reading partition model file examples/Acropora//aln_seqs/led7143.nt.aln.nex ...
Reading alignment file examples/Acropora//aln_seqs/led7143.nt.aln ... Fasta format detected
Alignment most likely contains DNA/RNA sequences
Alignment has 5 sequences with 2001 columns, 68 distinct patterns
20 parsimony-informative, 89 singleton sites, 1892 constant sites
                          Gap/Ambiguity  Composition  p-value
   1  Adif_sc0000143.g288.t1      9.00%    passed     99.52%
   2  Aech_sc0000909.g16078.t1    7.65%    passed     99.92%
   3  Agem_sc0000035.g12743.t1    7.20%    passed     98.96%
   4  Asub_sc0000424.g27996.t1    7.20%    passed     98.90%
   5  Aten_sc0000150.g292.t1      0.00%    passed     85.97%
****  TOTAL                       6.21%  0 sequences failed composition chi2 test (p-value<5%; df=3)
NOTE: No CharPartition defined, use all CharSets

Loading 3 partitions...
Subset	Type	Seqs	Sites	Infor	Invar	Model	Name
1		5	667	4	638	MFPMERGE	p1
2		5	667	5	640	MFPMERGE	p2
3		5	667	11	614	MFPMERGE	p3
Degree of missing data: 0.000
Info: multi-threading strategy over partitions



Create initial parsimony tree by phylogenetic likelihood library (PLL)... 0.000 seconds
NOTE: ModelFinder requires 0 MB RAM!
Testing GTR+F+G on supermatrix...
WARNING: Number of threads seems too high for short alignments. Use -nt AUTO to determine best number of threads.
GTR+F+G4 / LnL: -3470.102 / df: 16 / AIC: 6972.205 / AICc: 6972.479 / BIC: 7061.827
Selecting individual models for 3 charsets using BIC...
 No. Model        Score       Charset
   1 K2P          2537.436    p3
   2 F81+F        2230.014    p1
   3 HKY+F+I      2216.597    p2
Full partition model BIC score: 7042.839 (LnL: -3453.007  df:18)
Merging models to increase model fit (about 7 total partition schemes)...
   4 HKY+F        7051.498    p1+p3
   5 TPM3u+F+I    7043.897    p1+p2
   6 HKY+F+I      7033.355    p2+p3
Merging p2+p3 with BIC score: 7033.355 (LnL: -3455.866  df: 16)
   7 HKY+F+I      7035.860    p1+p2+p3
BEST-FIT PARTITION MODEL: 
  charpartition BIC = F81+F: p1, HKY+F+I: p2 p3;
Agglomerative model selection: (p1,(p2,p3)1:7033.35)
Merging into 2 partitions...
Partition information was printed to examples/Acropora//aln_seqs/led7143.nt.aln.nex.best_scheme.nex
Partition information in Raxml format was printed to examples/Acropora//aln_seqs/led7143.nt.aln.nex.best_scheme

All model information printed to examples/Acropora//aln_seqs/led7143.nt.aln.nex.model.gz
CPU time for ModelFinder: 1.251 seconds (0h:0m:1s)
Wall-clock time for ModelFinder: 18.291 seconds (0h:0m:18s)
Generating 1000 samples for ultrafast bootstrap (seed: 312152)...

NOTE: 0 MB RAM (0 GB) is required!
Estimate model parameters (epsilon = 0.100)
Initial log-likelihood: -3475.685
Current log-likelihood at step 1: -3455.930
Current log-likelihood at step 2: -3455.855
Partition-specific rates:  0.695 1.153
Parameters optimization took 1 rounds (0.333 sec)

Computing ML distances based on estimated model parameters... 0.001 sec
Computing BIONJ tree...
0.069 seconds
Log-likelihood of BIONJ tree: -3455.855
--------------------------------------------------------------------
|             INITIALIZING CANDIDATE TREE SET                      |
--------------------------------------------------------------------
Generating 99 parsimony trees... 1.092 second
Computing log-likelihood of 4 initial trees ... 0.474 seconds
Current best score: -3455.855

Do NNI search on 5 best initial trees
Finish initializing candidate tree set (5)
Current best tree score: -3455.855 / CPU time: 4.426
Number of iterations: 5
--------------------------------------------------------------------
|               OPTIMIZING CANDIDATE TREE SET                      |
--------------------------------------------------------------------
Iteration 10 / LogL: -3461.302 / Time: 0h:0m:10s
Iteration 20 / LogL: -3455.855 / Time: 0h:0m:23s
Iteration 30 / LogL: -3455.855 / Time: 0h:0m:37s (0h:1m:30s left)
Iteration 40 / LogL: -3455.855 / Time: 0h:0m:51s (0h:1m:18s left)
Iteration 50 / LogL: -3455.855 / Time: 0h:1m:11s (0h:1m:12s left)
Log-likelihood cutoff on original alignment: -3489.473
Iteration 60 / LogL: -3455.855 / Time: 0h:1m:28s (0h:0m:59s left)
Iteration 70 / LogL: -3464.195 / Time: 0h:1m:43s (0h:0m:45s left)
Iteration 80 / LogL: -3455.855 / Time: 0h:2m:1s (0h:0m:30s left)
Iteration 90 / LogL: -3455.855 / Time: 0h:2m:24s (0h:0m:16s left)
Iteration 100 / LogL: -3455.855 / Time: 0h:2m:43s (0h:0m:0s left)
Log-likelihood cutoff on original alignment: -3489.473
NOTE: Bootstrap correlation coefficient of split occurrence frequencies: 1.000
TREE SEARCH COMPLETED AFTER 101 ITERATIONS / Time: 0h:2m:45s

--------------------------------------------------------------------
|                    FINALIZING TREE SEARCH                        |
--------------------------------------------------------------------
Performs final model parameters optimization
Estimate model parameters (epsilon = 0.010)
Initial log-likelihood: -3455.855
Current log-likelihood at step 1: -3455.855
Partition-specific rates:  0.693 1.153
Parameters optimization took 0 rounds (0.147 sec)

BEST SCORE FOUND : -3455.855
Creating bootstrap support values...
Split supports printed to NEXUS file examples/Acropora//aln_seqs/led7143.nt.aln.nex.splits.nex
Total tree length: 0.071

Total number of iterations: 101
CPU time used for tree search: 4.295 sec (0h:0m:4s)
Wall-clock time used for tree search: 164.677 sec (0h:2m:44s)
Total CPU time used: 4.408 sec (0h:0m:4s)
Total wall-clock time used: 167.505 sec (0h:2m:47s)

Computing bootstrap consensus tree...
Reading input file examples/Acropora//aln_seqs/led7143.nt.aln.nex.splits.nex...
5 taxa and 12 splits.
Consensus tree written to examples/Acropora//aln_seqs/led7143.nt.aln.nex.contree
Reading input trees file examples/Acropora//aln_seqs/led7143.nt.aln.nex.contree
Log-likelihood of consensus tree: -3455.855

Analysis results written to: 
  IQ-TREE report:                examples/Acropora//aln_seqs/led7143.nt.aln.nex.iqtree
  Maximum-likelihood tree:       examples/Acropora//aln_seqs/led7143.nt.aln.nex.treefile
  Likelihood distances:          examples/Acropora//aln_seqs/led7143.nt.aln.nex.mldist
  Best partitioning scheme:      examples/Acropora//aln_seqs/led7143.nt.aln.nex.best_scheme.nex
           in RAxML format:      examples/Acropora//aln_seqs/led7143.nt.aln.nex.best_scheme

Ultrafast bootstrap approximation results written to:
  Split support values:          examples/Acropora//aln_seqs/led7143.nt.aln.nex.splits.nex
  Consensus tree:                examples/Acropora//aln_seqs/led7143.nt.aln.nex.contree
  Screen log file:               examples/Acropora//aln_seqs/led7143.nt.aln.nex.log

Date and Time: Sat Jan 12 16:06:27 2019
