IQ-TREE multicore version 1.6.8 for Linux 64-bit built Oct 28 2018
Developed by Bui Quang Minh, Nguyen Lam Tung, Olga Chernomor,
Heiko Schmidt, Dominik Schrempf, Michael Woodhams.

Host:    sango10206.oist.jp (AVX2, FMA3, 125 GB RAM)
Command: iqtree -s examples/Acropora//aln_seqs/led7533.nt.aln -bb 1000 -redo -nt 3 -spp examples/Acropora//aln_seqs/led7533.nt.aln.nex -m MFPMERGE
Seed:    26001 (Using SPRNG - Scalable Parallel Random Number Generator)
Time:    Sat Jan 12 16:49:42 2019
Kernel:  AVX+FMA - 3 threads (24 CPU cores detected)

Reading partition model file examples/Acropora//aln_seqs/led7533.nt.aln.nex ...
Reading alignment file examples/Acropora//aln_seqs/led7533.nt.aln ... Fasta format detected
Alignment most likely contains DNA/RNA sequences
Alignment has 5 sequences with 3036 columns, 112 distinct patterns
29 parsimony-informative, 138 singleton sites, 2869 constant sites
                          Gap/Ambiguity  Composition  p-value
   1  Adif_sc0000189.g57.t1       0.00%    passed     96.81%
   2  Aech_sc0000044.g2663.t1     3.26%    passed     94.23%
   3  Agem_sc0000194.g10731.t1    3.46%    passed     96.90%
   4  Asub_sc0000222.g18456.t1   23.12%    passed     93.25%
   5  Aten_sc0000130.g406.t1     19.27%    passed     95.30%
****  TOTAL                       9.82%  0 sequences failed composition chi2 test (p-value<5%; df=3)
NOTE: No CharPartition defined, use all CharSets

Loading 3 partitions...
Subset	Type	Seqs	Sites	Infor	Invar	Model	Name
1		5	1012	7	967	MFPMERGE	p1
2		5	1012	3	980	MFPMERGE	p2
3		5	1012	19	922	MFPMERGE	p3
Degree of missing data: 0.000
Info: multi-threading strategy over partitions



Create initial parsimony tree by phylogenetic likelihood library (PLL)... 0.000 seconds
NOTE: ModelFinder requires 1 MB RAM!
Testing GTR+F+G on supermatrix...
WARNING: Number of threads seems too high for short alignments. Use -nt AUTO to determine best number of threads.
GTR+F+G4 / LnL: -5202.916 / df: 16 / AIC: 10437.832 / AICc: 10438.012 / BIC: 10534.125
Selecting individual models for 3 charsets using BIC...
 No. Model        Score       Charset
   1 F81+F        3231.530    p2
   2 F81+F        3327.417    p1
   3 HKY+F        3833.257    p3
Full partition model BIC score: 10454.597 (LnL: -5151.125  df:19)
Merging models to increase model fit (about 7 total partition schemes)...
   4 HKY+F        10466.293   p2+p3
   5 TPM3+F       10475.625   p1+p2
   6 TN+F         10502.070   p1+p3
BEST-FIT PARTITION MODEL: 
  charpartition BIC = F81+F: p1, F81+F: p2, HKY+F: p3;
Agglomerative model selection: (p1,p2,p3)
Partition information was printed to examples/Acropora//aln_seqs/led7533.nt.aln.nex.best_scheme.nex
Partition information in Raxml format was printed to examples/Acropora//aln_seqs/led7533.nt.aln.nex.best_scheme

All model information printed to examples/Acropora//aln_seqs/led7533.nt.aln.nex.model.gz
CPU time for ModelFinder: 0.666 seconds (0h:0m:0s)
Wall-clock time for ModelFinder: 20.629 seconds (0h:0m:20s)
Generating 1000 samples for ultrafast bootstrap (seed: 26001)...

NOTE: 0 MB RAM (0 GB) is required!
WARNING: Number of threads seems too high for short alignments. Use -nt AUTO to determine best number of threads.
Estimate model parameters (epsilon = 0.100)
Initial log-likelihood: -5194.286
Current log-likelihood at step 1: -5164.134
Current log-likelihood at step 2: -5163.020
Current log-likelihood at step 3: -5161.835
Current log-likelihood at step 4: -5160.576
Current log-likelihood at step 5: -5159.243
Current log-likelihood at step 6: -5157.842
Current log-likelihood at step 7: -5156.391
Current log-likelihood at step 8: -5151.114
Current log-likelihood at step 9: -5151.114
Partition-specific rates:  0.813 0.552 1.635
Parameters optimization took 8 rounds (0.812 sec)

Computing ML distances based on estimated model parameters... 0.012 sec
Computing BIONJ tree...
0.027 seconds
Log-likelihood of BIONJ tree: -5151.114
--------------------------------------------------------------------
|             INITIALIZING CANDIDATE TREE SET                      |
--------------------------------------------------------------------
Generating 99 parsimony trees... 2.418 second
Computing log-likelihood of 4 initial trees ... 0.842 seconds
Current best score: -5151.114

Do NNI search on 5 best initial trees
Finish initializing candidate tree set (5)
Current best tree score: -5151.114 / CPU time: 6.712
Number of iterations: 5
--------------------------------------------------------------------
|               OPTIMIZING CANDIDATE TREE SET                      |
--------------------------------------------------------------------
Iteration 10 / LogL: -5151.115 / Time: 0h:0m:15s
Iteration 20 / LogL: -5172.235 / Time: 0h:0m:27s
Iteration 30 / LogL: -5151.115 / Time: 0h:0m:37s (0h:1m:30s left)
Iteration 40 / LogL: -5151.115 / Time: 0h:0m:47s (0h:1m:12s left)
Iteration 50 / LogL: -5151.114 / Time: 0h:0m:57s (0h:0m:58s left)
Log-likelihood cutoff on original alignment: -5172.617
Iteration 60 / LogL: -5151.115 / Time: 0h:1m:9s (0h:0m:46s left)
Iteration 70 / LogL: -5151.115 / Time: 0h:1m:20s (0h:0m:34s left)
Iteration 80 / LogL: -5151.115 / Time: 0h:1m:33s (0h:0m:23s left)
Iteration 90 / LogL: -5151.115 / Time: 0h:1m:45s (0h:0m:11s left)
Iteration 100 / LogL: -5151.115 / Time: 0h:1m:54s (0h:0m:0s left)
Log-likelihood cutoff on original alignment: -5172.617
NOTE: Bootstrap correlation coefficient of split occurrence frequencies: 1.000
TREE SEARCH COMPLETED AFTER 101 ITERATIONS / Time: 0h:1m:55s

--------------------------------------------------------------------
|                    FINALIZING TREE SEARCH                        |
--------------------------------------------------------------------
Performs final model parameters optimization
Estimate model parameters (epsilon = 0.010)
Initial log-likelihood: -5151.114
Current log-likelihood at step 1: -5151.114
Partition-specific rates:  0.813 0.552 1.635
Parameters optimization took 0 rounds (0.041 sec)

BEST SCORE FOUND : -5151.114
Creating bootstrap support values...
Split supports printed to NEXUS file examples/Acropora//aln_seqs/led7533.nt.aln.nex.splits.nex
Total tree length: 0.067

Total number of iterations: 101
CPU time used for tree search: 3.458 sec (0h:0m:3s)
Wall-clock time used for tree search: 112.025 sec (0h:1m:52s)
Total CPU time used: 3.576 sec (0h:0m:3s)
Total wall-clock time used: 117.277 sec (0h:1m:57s)

Computing bootstrap consensus tree...
Reading input file examples/Acropora//aln_seqs/led7533.nt.aln.nex.splits.nex...
5 taxa and 9 splits.
Consensus tree written to examples/Acropora//aln_seqs/led7533.nt.aln.nex.contree
Reading input trees file examples/Acropora//aln_seqs/led7533.nt.aln.nex.contree
Log-likelihood of consensus tree: -5151.114

Analysis results written to: 
  IQ-TREE report:                examples/Acropora//aln_seqs/led7533.nt.aln.nex.iqtree
  Maximum-likelihood tree:       examples/Acropora//aln_seqs/led7533.nt.aln.nex.treefile
  Likelihood distances:          examples/Acropora//aln_seqs/led7533.nt.aln.nex.mldist
  Best partitioning scheme:      examples/Acropora//aln_seqs/led7533.nt.aln.nex.best_scheme.nex
           in RAxML format:      examples/Acropora//aln_seqs/led7533.nt.aln.nex.best_scheme

Ultrafast bootstrap approximation results written to:
  Split support values:          examples/Acropora//aln_seqs/led7533.nt.aln.nex.splits.nex
  Consensus tree:                examples/Acropora//aln_seqs/led7533.nt.aln.nex.contree
  Screen log file:               examples/Acropora//aln_seqs/led7533.nt.aln.nex.log

Date and Time: Sat Jan 12 16:52:03 2019
