IQ-TREE multicore version 1.6.8 for Linux 64-bit built Oct 28 2018
Developed by Bui Quang Minh, Nguyen Lam Tung, Olga Chernomor,
Heiko Schmidt, Dominik Schrempf, Michael Woodhams.

Host:    sango10206.oist.jp (AVX2, FMA3, 125 GB RAM)
Command: iqtree -s examples/Acropora//aln_seqs/led7996.nt.aln -bb 1000 -redo -nt 3 -spp examples/Acropora//aln_seqs/led7996.nt.aln.nex -m MFPMERGE
Seed:    49534 (Using SPRNG - Scalable Parallel Random Number Generator)
Time:    Sat Jan 12 16:51:40 2019
Kernel:  AVX+FMA - 3 threads (24 CPU cores detected)

Reading partition model file examples/Acropora//aln_seqs/led7996.nt.aln.nex ...
Reading alignment file examples/Acropora//aln_seqs/led7996.nt.aln ... Fasta format detected
Alignment most likely contains DNA/RNA sequences
Alignment has 5 sequences with 1281 columns, 58 distinct patterns
22 parsimony-informative, 68 singleton sites, 1191 constant sites
                          Gap/Ambiguity  Composition  p-value
   1  Adif_sc0000305.g49.t1       0.00%    passed     99.58%
   2  Aech_sc0000075.g12185.t1    3.28%    passed     99.36%
   3  Agem_sc0000197.g22060.t1    3.28%    passed     96.48%
   4  Asub_sc0000033.g30299.t1    3.28%    passed     99.50%
   5  Aten_sc0000285.g444.t1      3.28%    passed     98.68%
****  TOTAL                       2.62%  0 sequences failed composition chi2 test (p-value<5%; df=3)
NOTE: No CharPartition defined, use all CharSets

Loading 3 partitions...
Subset	Type	Seqs	Sites	Infor	Invar	Model	Name
1		5	427	5	403	MFPMERGE	p1
2		5	427	6	407	MFPMERGE	p2
3		5	427	11	381	MFPMERGE	p3
Degree of missing data: 0.000
Info: multi-threading strategy over partitions



Create initial parsimony tree by phylogenetic likelihood library (PLL)... 0.000 seconds
NOTE: ModelFinder requires 0 MB RAM!
Testing GTR+F+G on supermatrix...
WARNING: Number of threads seems too high for short alignments. Use -nt AUTO to determine best number of threads.
GTR+F+G4 / LnL: -2359.694 / df: 16 / AIC: 4751.389 / AICc: 4751.819 / BIC: 4833.875
Selecting individual models for 3 charsets using BIC...
 No. Model        Score       Charset
   1 F81+F        1520.239    p1
   2 HKY+F+I      1471.993    p2
   3 HKY+F+G4     1765.991    p3
Full partition model BIC score: 4818.733 (LnL: -2330.657  df:22)
Merging models to increase model fit (about 7 total partition schemes)...
   4 HKY+F+I      4825.348    p1+p2
   5 HKY+F+I      4829.416    p1+p3
   6 HKY+F+I      4793.149    p2+p3
Merging p2+p3 with BIC score: 4793.149 (LnL: -2339.331  df: 16)
   7 HKY+F+I      4809.356    p1+p2+p3
BEST-FIT PARTITION MODEL: 
  charpartition BIC = F81+F: p1, HKY+F+I: p2 p3;
Agglomerative model selection: (p1,(p2,p3)1:4793.15)
Merging into 2 partitions...
Partition information was printed to examples/Acropora//aln_seqs/led7996.nt.aln.nex.best_scheme.nex
Partition information in Raxml format was printed to examples/Acropora//aln_seqs/led7996.nt.aln.nex.best_scheme

All model information printed to examples/Acropora//aln_seqs/led7996.nt.aln.nex.model.gz
CPU time for ModelFinder: 0.846 seconds (0h:0m:0s)
Wall-clock time for ModelFinder: 31.694 seconds (0h:0m:31s)
Generating 1000 samples for ultrafast bootstrap (seed: 49534)...

NOTE: 0 MB RAM (0 GB) is required!
Estimate model parameters (epsilon = 0.100)
Initial log-likelihood: -2375.874
Current log-likelihood at step 1: -2352.863
Current log-likelihood at step 2: -2352.619
Current log-likelihood at step 3: -2352.405
Current log-likelihood at step 4: -2352.188
Current log-likelihood at step 5: -2351.967
Current log-likelihood at step 6: -2351.742
Current log-likelihood at step 7: -2351.512
Current log-likelihood at step 8: -2351.278
Current log-likelihood at step 9: -2351.039
Current log-likelihood at step 10: -2350.795
Current log-likelihood at step 11: -2350.547
Current log-likelihood at step 12: -2350.293
Current log-likelihood at step 13: -2350.034
Current log-likelihood at step 14: -2349.770
Current log-likelihood at step 15: -2349.500
Current log-likelihood at step 16: -2349.224
Current log-likelihood at step 17: -2348.942
Current log-likelihood at step 18: -2348.654
Current log-likelihood at step 19: -2348.360
Current log-likelihood at step 20: -2348.059
Current log-likelihood at step 21: -2347.752
Current log-likelihood at step 22: -2347.438
Current log-likelihood at step 23: -2347.117
Current log-likelihood at step 24: -2346.789
Current log-likelihood at step 25: -2346.454
Current log-likelihood at step 26: -2346.112
Current log-likelihood at step 27: -2345.764
Current log-likelihood at step 28: -2345.408
Current log-likelihood at step 29: -2345.046
Current log-likelihood at step 30: -2344.678
Current log-likelihood at step 31: -2344.305
Current log-likelihood at step 32: -2343.927
Current log-likelihood at step 33: -2343.546
Current log-likelihood at step 34: -2339.329
Current log-likelihood at step 35: -2339.323
Partition-specific rates:  0.685 1.158
Parameters optimization took 34 rounds (8.521 sec)

Computing ML distances based on estimated model parameters... 0.002 sec
Computing BIONJ tree...
0.385 seconds
Log-likelihood of BIONJ tree: -2339.323
--------------------------------------------------------------------
|             INITIALIZING CANDIDATE TREE SET                      |
--------------------------------------------------------------------
Generating 99 parsimony trees... 1.645 second
Computing log-likelihood of 6 initial trees ... 0.820 seconds
Current best score: -2339.323

Do NNI search on 7 best initial trees
Finish initializing candidate tree set (7)
Current best tree score: -2339.323 / CPU time: 11.380
Number of iterations: 7
--------------------------------------------------------------------
|               OPTIMIZING CANDIDATE TREE SET                      |
--------------------------------------------------------------------
Iteration 10 / LogL: -2339.323 / Time: 0h:0m:24s
UPDATE BEST LOG-LIKELIHOOD: -2339.323
Iteration 20 / LogL: -2339.324 / Time: 0h:0m:37s
Iteration 30 / LogL: -2339.324 / Time: 0h:0m:48s (0h:1m:55s left)
Iteration 40 / LogL: -2339.324 / Time: 0h:1m:2s (0h:1m:35s left)
Iteration 50 / LogL: -2339.324 / Time: 0h:1m:18s (0h:1m:19s left)
Log-likelihood cutoff on original alignment: -2366.089
Iteration 60 / LogL: -2339.324 / Time: 0h:1m:30s (0h:1m:0s left)
Iteration 70 / LogL: -2340.425 / Time: 0h:1m:41s (0h:0m:44s left)
Iteration 80 / LogL: -2339.324 / Time: 0h:1m:54s (0h:0m:28s left)
Iteration 90 / LogL: -2339.801 / Time: 0h:2m:6s (0h:0m:14s left)
Iteration 100 / LogL: -2339.323 / Time: 0h:2m:20s (0h:0m:0s left)
Log-likelihood cutoff on original alignment: -2366.089
NOTE: Bootstrap correlation coefficient of split occurrence frequencies: 1.000
TREE SEARCH COMPLETED AFTER 101 ITERATIONS / Time: 0h:2m:23s

--------------------------------------------------------------------
|                    FINALIZING TREE SEARCH                        |
--------------------------------------------------------------------
Performs final model parameters optimization
Estimate model parameters (epsilon = 0.010)
Initial log-likelihood: -2339.323
Current log-likelihood at step 1: -2339.323
Partition-specific rates:  0.685 1.158
Parameters optimization took 0 rounds (0.132 sec)

BEST SCORE FOUND : -2339.323
Creating bootstrap support values...
Split supports printed to NEXUS file examples/Acropora//aln_seqs/led7996.nt.aln.nex.splits.nex
Total tree length: 0.093

Total number of iterations: 101
CPU time used for tree search: 4.618 sec (0h:0m:4s)
Wall-clock time used for tree search: 133.619 sec (0h:2m:13s)
Total CPU time used: 5.018 sec (0h:0m:5s)
Total wall-clock time used: 145.502 sec (0h:2m:25s)

Computing bootstrap consensus tree...
Reading input file examples/Acropora//aln_seqs/led7996.nt.aln.nex.splits.nex...
5 taxa and 12 splits.
Consensus tree written to examples/Acropora//aln_seqs/led7996.nt.aln.nex.contree
Reading input trees file examples/Acropora//aln_seqs/led7996.nt.aln.nex.contree
Log-likelihood of consensus tree: -2339.323

Analysis results written to: 
  IQ-TREE report:                examples/Acropora//aln_seqs/led7996.nt.aln.nex.iqtree
  Maximum-likelihood tree:       examples/Acropora//aln_seqs/led7996.nt.aln.nex.treefile
  Likelihood distances:          examples/Acropora//aln_seqs/led7996.nt.aln.nex.mldist
  Best partitioning scheme:      examples/Acropora//aln_seqs/led7996.nt.aln.nex.best_scheme.nex
           in RAxML format:      examples/Acropora//aln_seqs/led7996.nt.aln.nex.best_scheme

Ultrafast bootstrap approximation results written to:
  Split support values:          examples/Acropora//aln_seqs/led7996.nt.aln.nex.splits.nex
  Consensus tree:                examples/Acropora//aln_seqs/led7996.nt.aln.nex.contree
  Screen log file:               examples/Acropora//aln_seqs/led7996.nt.aln.nex.log

Date and Time: Sat Jan 12 16:54:40 2019
