IQ-TREE multicore version 1.6.8 for Linux 64-bit built Oct 28 2018
Developed by Bui Quang Minh, Nguyen Lam Tung, Olga Chernomor,
Heiko Schmidt, Dominik Schrempf, Michael Woodhams.

Host:    sango10206.oist.jp (AVX2, FMA3, 125 GB RAM)
Command: iqtree -s examples/Acropora//aln_seqs/led7526.nt.aln -bb 1000 -redo -nt 3 -spp examples/Acropora//aln_seqs/led7526.nt.aln.nex -m MFPMERGE
Seed:    716929 (Using SPRNG - Scalable Parallel Random Number Generator)
Time:    Sat Jan 12 16:13:17 2019
Kernel:  AVX+FMA - 3 threads (24 CPU cores detected)

Reading partition model file examples/Acropora//aln_seqs/led7526.nt.aln.nex ...
Reading alignment file examples/Acropora//aln_seqs/led7526.nt.aln ... Fasta format detected
Alignment most likely contains DNA/RNA sequences
Alignment has 5 sequences with 1317 columns, 29 distinct patterns
9 parsimony-informative, 26 singleton sites, 1282 constant sites
                          Gap/Ambiguity  Composition  p-value
   1  Adif_sc0000187.g202.t1      0.00%    passed     99.67%
   2  Aech_sc0000029.g8810.t1     0.00%    passed     99.22%
   3  Agem_sc0000021.g23111.t1    0.00%    passed     99.70%
   4  Asub_sc0000003.g29466.t1    0.00%    passed     99.97%
   5  Aten_sc0000068.g10.t1       8.20%    passed     88.13%
****  TOTAL                       1.64%  0 sequences failed composition chi2 test (p-value<5%; df=3)
NOTE: No CharPartition defined, use all CharSets

Loading 3 partitions...
Subset	Type	Seqs	Sites	Infor	Invar	Model	Name
1		5	439	2	436	MFPMERGE	p1
2		5	439	1	435	MFPMERGE	p2
3		5	439	6	411	MFPMERGE	p3
Degree of missing data: 0.000
Info: multi-threading strategy over partitions



Create initial parsimony tree by phylogenetic likelihood library (PLL)... 0.000 seconds
NOTE: ModelFinder requires 0 MB RAM!
Testing GTR+F+G on supermatrix...
WARNING: Number of threads seems too high for short alignments. Use -nt AUTO to determine best number of threads.
GTR+F+G4 / LnL: -2043.566 / df: 16 / AIC: 4119.132 / AICc: 4119.550 / BIC: 4202.062
Selecting individual models for 3 charsets using BIC...
 No. Model        Score       Charset
   1 JC           1276.432    p1
   2 HKY+F        1570.608    p3
   3 HKY+F        1235.531    p2
Full partition model BIC score: 4137.755 (LnL: -2007.821  df:17)
Merging models to increase model fit (about 7 total partition schemes)...
   4 HKY+F        4138.564    p2+p3
   5 K2P          4162.051    p1+p3
   6 F81+F        4160.523    p1+p2
BEST-FIT PARTITION MODEL: 
  charpartition BIC = JC: p1, HKY+F: p2, HKY+F: p3;
Agglomerative model selection: (p1,p2,p3)
Partition information was printed to examples/Acropora//aln_seqs/led7526.nt.aln.nex.best_scheme.nex
Partition information in Raxml format was printed to examples/Acropora//aln_seqs/led7526.nt.aln.nex.best_scheme

All model information printed to examples/Acropora//aln_seqs/led7526.nt.aln.nex.model.gz
CPU time for ModelFinder: 0.504 seconds (0h:0m:0s)
Wall-clock time for ModelFinder: 15.288 seconds (0h:0m:15s)
Generating 1000 samples for ultrafast bootstrap (seed: 716929)...

NOTE: 0 MB RAM (0 GB) is required!
WARNING: Number of threads seems too high for short alignments. Use -nt AUTO to determine best number of threads.
Estimate model parameters (epsilon = 0.100)
Initial log-likelihood: -2035.761
Current log-likelihood at step 1: -2010.416
Current log-likelihood at step 2: -2009.801
Current log-likelihood at step 3: -2009.346
Current log-likelihood at step 4: -2008.972
Current log-likelihood at step 5: -2007.034
Current log-likelihood at step 6: -2006.994
Partition-specific rates:  0.315 0.315 2.370
Parameters optimization took 5 rounds (0.486 sec)


WARNING: Estimated model parameters are at boundary that can cause numerical instability!

Computing ML distances based on estimated model parameters... 0.002 sec
Computing BIONJ tree...
0.023 seconds
Log-likelihood of BIONJ tree: -2006.994
--------------------------------------------------------------------
|             INITIALIZING CANDIDATE TREE SET                      |
--------------------------------------------------------------------
Generating 99 parsimony trees... 1.879 second
Computing log-likelihood of 4 initial trees ... 0.691 seconds
Current best score: -2006.994

Do NNI search on 5 best initial trees
Finish initializing candidate tree set (5)
Current best tree score: -2006.994 / CPU time: 6.484
Number of iterations: 5
--------------------------------------------------------------------
|               OPTIMIZING CANDIDATE TREE SET                      |
--------------------------------------------------------------------
UPDATE BEST LOG-LIKELIHOOD: -2006.994
Iteration 10 / LogL: -2006.994 / Time: 0h:0m:13s
Iteration 20 / LogL: -2006.994 / Time: 0h:0m:22s
Iteration 30 / LogL: -2006.994 / Time: 0h:0m:31s (0h:1m:14s left)
Iteration 40 / LogL: -2006.994 / Time: 0h:0m:39s (0h:1m:0s left)
Iteration 50 / LogL: -2006.994 / Time: 0h:0m:49s (0h:0m:50s left)
Log-likelihood cutoff on original alignment: -2046.382
Iteration 60 / LogL: -2006.994 / Time: 0h:0m:58s (0h:0m:39s left)
Iteration 70 / LogL: -2006.994 / Time: 0h:1m:7s (0h:0m:29s left)
Iteration 80 / LogL: -2007.690 / Time: 0h:1m:16s (0h:0m:19s left)
Iteration 90 / LogL: -2006.994 / Time: 0h:1m:26s (0h:0m:9s left)
Iteration 100 / LogL: -2006.994 / Time: 0h:1m:35s (0h:0m:0s left)
Log-likelihood cutoff on original alignment: -2046.382
NOTE: Bootstrap correlation coefficient of split occurrence frequencies: 1.000
TREE SEARCH COMPLETED AFTER 101 ITERATIONS / Time: 0h:1m:37s

--------------------------------------------------------------------
|                    FINALIZING TREE SEARCH                        |
--------------------------------------------------------------------
Performs final model parameters optimization
Estimate model parameters (epsilon = 0.010)
Initial log-likelihood: -2006.994
Current log-likelihood at step 1: -2006.969
Current log-likelihood at step 2: -2006.948
Current log-likelihood at step 3: -2006.931
Current log-likelihood at step 4: -2006.918
Current log-likelihood at step 5: -2006.907
Current log-likelihood at step 6: -2006.898
Partition-specific rates:  0.279 0.315 2.406
Parameters optimization took 5 rounds (0.551 sec)


WARNING: Estimated model parameters are at boundary that can cause numerical instability!

BEST SCORE FOUND : -2006.898
Creating bootstrap support values...
Split supports printed to NEXUS file examples/Acropora//aln_seqs/led7526.nt.aln.nex.splits.nex
Total tree length: 0.030

Total number of iterations: 101
CPU time used for tree search: 3.213 sec (0h:0m:3s)
Wall-clock time used for tree search: 95.879 sec (0h:1m:35s)
Total CPU time used: 3.321 sec (0h:0m:3s)
Total wall-clock time used: 99.830 sec (0h:1m:39s)

Computing bootstrap consensus tree...
Reading input file examples/Acropora//aln_seqs/led7526.nt.aln.nex.splits.nex...
5 taxa and 12 splits.
Consensus tree written to examples/Acropora//aln_seqs/led7526.nt.aln.nex.contree
Reading input trees file examples/Acropora//aln_seqs/led7526.nt.aln.nex.contree
Log-likelihood of consensus tree: -2006.898

Analysis results written to: 
  IQ-TREE report:                examples/Acropora//aln_seqs/led7526.nt.aln.nex.iqtree
  Maximum-likelihood tree:       examples/Acropora//aln_seqs/led7526.nt.aln.nex.treefile
  Likelihood distances:          examples/Acropora//aln_seqs/led7526.nt.aln.nex.mldist
  Best partitioning scheme:      examples/Acropora//aln_seqs/led7526.nt.aln.nex.best_scheme.nex
           in RAxML format:      examples/Acropora//aln_seqs/led7526.nt.aln.nex.best_scheme

Ultrafast bootstrap approximation results written to:
  Split support values:          examples/Acropora//aln_seqs/led7526.nt.aln.nex.splits.nex
  Consensus tree:                examples/Acropora//aln_seqs/led7526.nt.aln.nex.contree
  Screen log file:               examples/Acropora//aln_seqs/led7526.nt.aln.nex.log

Date and Time: Sat Jan 12 16:15:14 2019
