IQ-TREE multicore version 1.6.8 for Linux 64-bit built Oct 28 2018
Developed by Bui Quang Minh, Nguyen Lam Tung, Olga Chernomor,
Heiko Schmidt, Dominik Schrempf, Michael Woodhams.

Host:    sango10206.oist.jp (AVX2, FMA3, 125 GB RAM)
Command: iqtree -s examples/Acropora//aln_seqs/led7708.nt.aln -bb 1000 -redo -nt 3 -spp examples/Acropora//aln_seqs/led7708.nt.aln.nex -m MFPMERGE
Seed:    299160 (Using SPRNG - Scalable Parallel Random Number Generator)
Time:    Sat Jan 12 16:14:11 2019
Kernel:  AVX+FMA - 3 threads (24 CPU cores detected)

Reading partition model file examples/Acropora//aln_seqs/led7708.nt.aln.nex ...
Reading alignment file examples/Acropora//aln_seqs/led7708.nt.aln ... Fasta format detected
Alignment most likely contains DNA/RNA sequences
Alignment has 5 sequences with 1347 columns, 86 distinct patterns
25 parsimony-informative, 103 singleton sites, 1219 constant sites
                          Gap/Ambiguity  Composition  p-value
   1  Adif_sc0000220.g59.t1       8.46%    passed     95.12%
   2  Aech_sc0000071.g27917.t1    8.02%    passed     71.87%
   3  Agem_sc0000011.g283.t1     14.48%    passed     96.24%
   4  Asub_sc0000335.g26757.t1    6.46%    passed     98.69%
   5  Aten_sc0000287.g494.t1     14.25%    passed     77.48%
****  TOTAL                      10.33%  0 sequences failed composition chi2 test (p-value<5%; df=3)
NOTE: No CharPartition defined, use all CharSets

Loading 3 partitions...
Subset	Type	Seqs	Sites	Infor	Invar	Model	Name
1		5	449	7	412	MFPMERGE	p1
2		5	449	5	419	MFPMERGE	p2
3		5	449	13	388	MFPMERGE	p3
Degree of missing data: 0.000
Info: multi-threading strategy over partitions



Create initial parsimony tree by phylogenetic likelihood library (PLL)... 0.000 seconds
NOTE: ModelFinder requires 0 MB RAM!
Testing GTR+F+G on supermatrix...
WARNING: Number of threads seems too high for short alignments. Use -nt AUTO to determine best number of threads.
GTR+F+G4 / LnL: -2606.867 / df: 16 / AIC: 5245.734 / AICc: 5246.143 / BIC: 5329.024
Selecting individual models for 3 charsets using BIC...
 No. Model        Score       Charset
   1 F81+F        1548.095    p2
   2 HKY+F        1696.383    p1
   3 K2P          1989.374    p3
Full partition model BIC score: 5289.172 (LnL: -2583.338  df:17)
Merging models to increase model fit (about 7 total partition schemes)...
   4 K2P+I        5281.451    p1+p3
   5 HKY+F        5300.367    p1+p2
   6 HKY+F+I      5318.636    p2+p3
Merging p1+p3 with BIC score: 5281.451 (LnL: -2593.889  df: 13)
   7 HKY+F+I      5307.667    p1+p2+p3
BEST-FIT PARTITION MODEL: 
  charpartition BIC = K2P+I: p1 p3, F81+F: p2;
Agglomerative model selection: ((p1,p3)1:5281.45,p2)
Merging into 2 partitions...
Partition information was printed to examples/Acropora//aln_seqs/led7708.nt.aln.nex.best_scheme.nex
Partition information in Raxml format was printed to examples/Acropora//aln_seqs/led7708.nt.aln.nex.best_scheme

All model information printed to examples/Acropora//aln_seqs/led7708.nt.aln.nex.model.gz
CPU time for ModelFinder: 0.900 seconds (0h:0m:0s)
Wall-clock time for ModelFinder: 38.032 seconds (0h:0m:38s)
Generating 1000 samples for ultrafast bootstrap (seed: 299160)...

NOTE: 0 MB RAM (0 GB) is required!
Estimate model parameters (epsilon = 0.100)
Initial log-likelihood: -2609.113
Current log-likelihood at step 1: -2593.971
Current log-likelihood at step 2: -2593.881
Partition-specific rates:  1.183 0.634
Parameters optimization took 1 rounds (0.492 sec)

Computing ML distances based on estimated model parameters... 0.008 sec
Computing BIONJ tree...
0.206 seconds
Log-likelihood of BIONJ tree: -2594.135
--------------------------------------------------------------------
|             INITIALIZING CANDIDATE TREE SET                      |
--------------------------------------------------------------------
Generating 98 parsimony trees... 1.645 second
Computing log-likelihood of 3 initial trees ... 0.729 seconds
Current best score: -2593.881

Do NNI search on 5 best initial trees
UPDATE BEST LOG-LIKELIHOOD: -2593.881
Finish initializing candidate tree set (5)
Current best tree score: -2593.881 / CPU time: 6.718
Number of iterations: 5
--------------------------------------------------------------------
|               OPTIMIZING CANDIDATE TREE SET                      |
--------------------------------------------------------------------
UPDATE BEST LOG-LIKELIHOOD: -2593.881
Iteration 10 / LogL: -2616.483 / Time: 0h:0m:16s
UPDATE BEST LOG-LIKELIHOOD: -2593.881
UPDATE BEST LOG-LIKELIHOOD: -2593.881
Iteration 20 / LogL: -2593.881 / Time: 0h:0m:31s
Iteration 30 / LogL: -2616.484 / Time: 0h:0m:43s (0h:1m:43s left)
Iteration 40 / LogL: -2621.169 / Time: 0h:0m:54s (0h:1m:22s left)
Iteration 50 / LogL: -2593.881 / Time: 0h:1m:5s (0h:1m:6s left)
Log-likelihood cutoff on original alignment: -2621.115
Iteration 60 / LogL: -2593.887 / Time: 0h:1m:18s (0h:0m:52s left)
Iteration 70 / LogL: -2593.881 / Time: 0h:1m:28s (0h:0m:38s left)
Iteration 80 / LogL: -2616.483 / Time: 0h:1m:39s (0h:0m:25s left)
Iteration 90 / LogL: -2616.484 / Time: 0h:1m:51s (0h:0m:12s left)
Iteration 100 / LogL: -2594.131 / Time: 0h:2m:2s (0h:0m:0s left)
Log-likelihood cutoff on original alignment: -2621.115
NOTE: Bootstrap correlation coefficient of split occurrence frequencies: 1.000
TREE SEARCH COMPLETED AFTER 101 ITERATIONS / Time: 0h:2m:4s

--------------------------------------------------------------------
|                    FINALIZING TREE SEARCH                        |
--------------------------------------------------------------------
Performs final model parameters optimization
Estimate model parameters (epsilon = 0.010)
Initial log-likelihood: -2593.881
Current log-likelihood at step 1: -2593.879
Partition-specific rates:  1.184 0.632
Parameters optimization took 0 rounds (1.109 sec)

BEST SCORE FOUND : -2593.879
Creating bootstrap support values...
Split supports printed to NEXUS file examples/Acropora//aln_seqs/led7708.nt.aln.nex.splits.nex
Total tree length: 0.129

Total number of iterations: 101
CPU time used for tree search: 4.284 sec (0h:0m:4s)
Wall-clock time used for tree search: 122.118 sec (0h:2m:2s)
Total CPU time used: 4.451 sec (0h:0m:4s)
Total wall-clock time used: 127.954 sec (0h:2m:7s)

Computing bootstrap consensus tree...
Reading input file examples/Acropora//aln_seqs/led7708.nt.aln.nex.splits.nex...
5 taxa and 11 splits.
Consensus tree written to examples/Acropora//aln_seqs/led7708.nt.aln.nex.contree
Reading input trees file examples/Acropora//aln_seqs/led7708.nt.aln.nex.contree
Log-likelihood of consensus tree: -2593.879

Analysis results written to: 
  IQ-TREE report:                examples/Acropora//aln_seqs/led7708.nt.aln.nex.iqtree
  Maximum-likelihood tree:       examples/Acropora//aln_seqs/led7708.nt.aln.nex.treefile
  Likelihood distances:          examples/Acropora//aln_seqs/led7708.nt.aln.nex.mldist
  Best partitioning scheme:      examples/Acropora//aln_seqs/led7708.nt.aln.nex.best_scheme.nex
           in RAxML format:      examples/Acropora//aln_seqs/led7708.nt.aln.nex.best_scheme

Ultrafast bootstrap approximation results written to:
  Split support values:          examples/Acropora//aln_seqs/led7708.nt.aln.nex.splits.nex
  Consensus tree:                examples/Acropora//aln_seqs/led7708.nt.aln.nex.contree
  Screen log file:               examples/Acropora//aln_seqs/led7708.nt.aln.nex.log

Date and Time: Sat Jan 12 16:16:59 2019
