IQ-TREE multicore version 1.6.8 for Linux 64-bit built Oct 28 2018
Developed by Bui Quang Minh, Nguyen Lam Tung, Olga Chernomor,
Heiko Schmidt, Dominik Schrempf, Michael Woodhams.

Host:    sango10206.oist.jp (AVX2, FMA3, 125 GB RAM)
Command: iqtree -s examples/Acropora//aln_seqs/led7536.nt.aln -bb 1000 -redo -nt 3 -spp examples/Acropora//aln_seqs/led7536.nt.aln.nex -m MFPMERGE
Seed:    28086 (Using SPRNG - Scalable Parallel Random Number Generator)
Time:    Sat Jan 12 16:49:58 2019
Kernel:  AVX+FMA - 3 threads (24 CPU cores detected)

Reading partition model file examples/Acropora//aln_seqs/led7536.nt.aln.nex ...
Reading alignment file examples/Acropora//aln_seqs/led7536.nt.aln ... Fasta format detected
Alignment most likely contains DNA/RNA sequences
Alignment has 5 sequences with 1269 columns, 50 distinct patterns
7 parsimony-informative, 78 singleton sites, 1184 constant sites
                          Gap/Ambiguity  Composition  p-value
   1  Adif_sc0000189.g66.t1      14.18%    passed     57.98%
   2  Aech_sc0000044.g2670.t1    29.08%    passed     97.15%
   3  Agem_sc0000194.g10740.t1   22.46%    passed     96.23%
   4  Asub_sc0000222.g18446.t1    8.27%    passed     94.34%
   5  Aten_sc0000130.g398.t1     22.46%    passed     99.36%
****  TOTAL                      19.29%  0 sequences failed composition chi2 test (p-value<5%; df=3)
NOTE: No CharPartition defined, use all CharSets

Loading 3 partitions...
Subset	Type	Seqs	Sites	Infor	Invar	Model	Name
1		5	423	1	397	MFPMERGE	p1
2		5	423	2	405	MFPMERGE	p2
3		5	423	4	382	MFPMERGE	p3
Degree of missing data: 0.000
Info: multi-threading strategy over partitions



Create initial parsimony tree by phylogenetic likelihood library (PLL)... 0.083 seconds
NOTE: ModelFinder requires 0 MB RAM!
Testing GTR+F+G on supermatrix...
WARNING: Number of threads seems too high for short alignments. Use -nt AUTO to determine best number of threads.
GTR+F+G4 / LnL: -2228.953 / df: 16 / AIC: 4489.906 / AICc: 4490.341 / BIC: 4572.242
Selecting individual models for 3 charsets using BIC...
 No. Model        Score       Charset
   1 F81+F        1440.780    p1
   2 K2P          1632.810    p3
   3 F81+F        1383.977    p2
Full partition model BIC score: 4511.430 (LnL: -2198.547  df:16)
Merging models to increase model fit (about 7 total partition schemes)...
   4 F81+F        4526.088    p1+p3
   5 HKY+F        4511.524    p2+p3
   6 F81+F        4546.928    p1+p2
BEST-FIT PARTITION MODEL: 
  charpartition BIC = F81+F: p1, F81+F: p2, K2P: p3;
Agglomerative model selection: (p1,p2,p3)
Partition information was printed to examples/Acropora//aln_seqs/led7536.nt.aln.nex.best_scheme.nex
Partition information in Raxml format was printed to examples/Acropora//aln_seqs/led7536.nt.aln.nex.best_scheme

All model information printed to examples/Acropora//aln_seqs/led7536.nt.aln.nex.model.gz
CPU time for ModelFinder: 0.557 seconds (0h:0m:0s)
Wall-clock time for ModelFinder: 19.931 seconds (0h:0m:19s)
Generating 1000 samples for ultrafast bootstrap (seed: 28086)...

NOTE: 0 MB RAM (0 GB) is required!
WARNING: Number of threads seems too high for short alignments. Use -nt AUTO to determine best number of threads.
Estimate model parameters (epsilon = 0.100)
Initial log-likelihood: -2207.975
Current log-likelihood at step 1: -2198.495
Current log-likelihood at step 2: -2198.494
Partition-specific rates:  0.902 0.665 1.433
Parameters optimization took 1 rounds (0.105 sec)

Computing ML distances based on estimated model parameters... 0.001 sec
Computing BIONJ tree...
0.707 seconds
Log-likelihood of BIONJ tree: -2199.700
--------------------------------------------------------------------
|             INITIALIZING CANDIDATE TREE SET                      |
--------------------------------------------------------------------
Generating 98 parsimony trees... 2.076 second
Computing log-likelihood of 3 initial trees ... 0.599 seconds
Current best score: -2198.494

Do NNI search on 5 best initial trees
Finish initializing candidate tree set (5)
Current best tree score: -2198.494 / CPU time: 5.716
Number of iterations: 5
--------------------------------------------------------------------
|               OPTIMIZING CANDIDATE TREE SET                      |
--------------------------------------------------------------------
Iteration 10 / LogL: -2198.780 / Time: 0h:0m:10s
Iteration 20 / LogL: -2198.780 / Time: 0h:0m:20s
Iteration 30 / LogL: -2198.494 / Time: 0h:0m:31s (0h:1m:16s left)
Iteration 40 / LogL: -2198.494 / Time: 0h:0m:47s (0h:1m:12s left)
Iteration 50 / LogL: -2198.494 / Time: 0h:1m:2s (0h:1m:3s left)
Log-likelihood cutoff on original alignment: -2209.251
Iteration 60 / LogL: -2198.494 / Time: 0h:1m:15s (0h:0m:51s left)
Iteration 70 / LogL: -2198.494 / Time: 0h:1m:24s (0h:0m:36s left)
Iteration 80 / LogL: -2198.494 / Time: 0h:1m:33s (0h:0m:23s left)
Iteration 90 / LogL: -2198.494 / Time: 0h:1m:42s (0h:0m:11s left)
Iteration 100 / LogL: -2198.494 / Time: 0h:1m:52s (0h:0m:0s left)
Log-likelihood cutoff on original alignment: -2209.253
NOTE: Bootstrap correlation coefficient of split occurrence frequencies: 0.999
TREE SEARCH COMPLETED AFTER 101 ITERATIONS / Time: 0h:1m:55s

--------------------------------------------------------------------
|                    FINALIZING TREE SEARCH                        |
--------------------------------------------------------------------
Performs final model parameters optimization
Estimate model parameters (epsilon = 0.010)
Initial log-likelihood: -2198.494
Current log-likelihood at step 1: -2198.494
Partition-specific rates:  0.902 0.665 1.433
Parameters optimization took 0 rounds (0.032 sec)

BEST SCORE FOUND : -2198.494
Creating bootstrap support values...
Split supports printed to NEXUS file examples/Acropora//aln_seqs/led7536.nt.aln.nex.splits.nex
Total tree length: 0.094

Total number of iterations: 101
CPU time used for tree search: 3.460 sec (0h:0m:3s)
Wall-clock time used for tree search: 113.698 sec (0h:1m:53s)
Total CPU time used: 3.542 sec (0h:0m:3s)
Total wall-clock time used: 116.860 sec (0h:1m:56s)

Computing bootstrap consensus tree...
Reading input file examples/Acropora//aln_seqs/led7536.nt.aln.nex.splits.nex...
5 taxa and 15 splits.
Consensus tree written to examples/Acropora//aln_seqs/led7536.nt.aln.nex.contree
Reading input trees file examples/Acropora//aln_seqs/led7536.nt.aln.nex.contree
Log-likelihood of consensus tree: -2198.494

Analysis results written to: 
  IQ-TREE report:                examples/Acropora//aln_seqs/led7536.nt.aln.nex.iqtree
  Maximum-likelihood tree:       examples/Acropora//aln_seqs/led7536.nt.aln.nex.treefile
  Likelihood distances:          examples/Acropora//aln_seqs/led7536.nt.aln.nex.mldist
  Best partitioning scheme:      examples/Acropora//aln_seqs/led7536.nt.aln.nex.best_scheme.nex
           in RAxML format:      examples/Acropora//aln_seqs/led7536.nt.aln.nex.best_scheme

Ultrafast bootstrap approximation results written to:
  Split support values:          examples/Acropora//aln_seqs/led7536.nt.aln.nex.splits.nex
  Consensus tree:                examples/Acropora//aln_seqs/led7536.nt.aln.nex.contree
  Screen log file:               examples/Acropora//aln_seqs/led7536.nt.aln.nex.log

Date and Time: Sat Jan 12 16:52:17 2019
