IQ-TREE multicore version 1.6.8 for Linux 64-bit built Oct 28 2018
Developed by Bui Quang Minh, Nguyen Lam Tung, Olga Chernomor,
Heiko Schmidt, Dominik Schrempf, Michael Woodhams.

Host:    sango10206.oist.jp (AVX2, FMA3, 125 GB RAM)
Command: iqtree -s examples/Acropora//aln_seqs/led8140.nt.aln -bb 1000 -redo -nt 3 -spp examples/Acropora//aln_seqs/led8140.nt.aln.nex -m MFPMERGE
Seed:    664532 (Using SPRNG - Scalable Parallel Random Number Generator)
Time:    Sat Jan 12 16:35:26 2019
Kernel:  AVX+FMA - 3 threads (24 CPU cores detected)

Reading partition model file examples/Acropora//aln_seqs/led8140.nt.aln.nex ...
Reading alignment file examples/Acropora//aln_seqs/led8140.nt.aln ... Fasta format detected
Alignment most likely contains DNA/RNA sequences
Alignment has 5 sequences with 303 columns, 24 distinct patterns
4 parsimony-informative, 23 singleton sites, 276 constant sites
                          Gap/Ambiguity  Composition  p-value
   1  Adif_sc0000608.g339.t1      0.00%    passed     95.63%
   2  Aech_sc0000087.g19809.t1    0.00%    passed     99.85%
   3  Agem_sc0000151.g21700.t1    0.00%    passed     99.75%
   4  Asub_sc0000073.g30.t1       0.00%    passed     99.22%
   5  Aten_sc0000020.g102.t1      0.00%    passed     98.51%
****  TOTAL                       0.00%  0 sequences failed composition chi2 test (p-value<5%; df=3)
NOTE: No CharPartition defined, use all CharSets

Loading 3 partitions...
Subset	Type	Seqs	Sites	Infor	Invar	Model	Name
1		5	101	1	98	MFPMERGE	p1
2		5	101	2	96	MFPMERGE	p2
3		5	101	1	82	MFPMERGE	p3
Degree of missing data: 0.000
Info: multi-threading strategy over partitions



Create initial parsimony tree by phylogenetic likelihood library (PLL)... 0.000 seconds
NOTE: ModelFinder requires 0 MB RAM!
Testing GTR+F+G on supermatrix...
WARNING: Number of threads seems too high for short alignments. Use -nt AUTO to determine best number of threads.
GTR+F+G4 / LnL: -574.981 / df: 16 / AIC: 1181.963 / AICc: 1183.865 / BIC: 1241.382
Selecting individual models for 3 charsets using BIC...
 No. Model        Score       Charset
   1 JC           354.509     p2
   2 K2P          328.550     p1
   3 K3P          488.724     p3
Full partition model BIC score: 1212.657 (LnL: -572.046  df:12)
Merging models to increase model fit (about 7 total partition schemes)...
   4 K2P          1218.076    p1+p3
   5 K2P          1215.161    p2+p3
   6 K2P          1208.157    p1+p2
Merging p1+p2 with BIC score: 1208.157 (LnL: -572.653  df: 11)
   7 K2P          1214.463    p1+p2+p3
BEST-FIT PARTITION MODEL: 
  charpartition BIC = K2P: p1 p2, K3P: p3;
Agglomerative model selection: ((p1,p2)1:1208.16,p3)
Merging into 2 partitions...
Partition information was printed to examples/Acropora//aln_seqs/led8140.nt.aln.nex.best_scheme.nex
Partition information in Raxml format was printed to examples/Acropora//aln_seqs/led8140.nt.aln.nex.best_scheme

All model information printed to examples/Acropora//aln_seqs/led8140.nt.aln.nex.model.gz
CPU time for ModelFinder: 0.738 seconds (0h:0m:0s)
Wall-clock time for ModelFinder: 29.953 seconds (0h:0m:29s)
WARNING: 3 threads for alignment length 11 will slow down analysis
WARNING: 3 threads for alignment length 20 will slow down analysis
Generating 1000 samples for ultrafast bootstrap (seed: 664532)...
WARNING: 3 threads for alignment length 11 will slow down analysis
WARNING: 3 threads for alignment length 20 will slow down analysis

NOTE: 0 MB RAM (0 GB) is required!
Estimate model parameters (epsilon = 0.100)
Initial log-likelihood: -590.005
Current log-likelihood at step 1: -572.673
Current log-likelihood at step 2: -572.647
Partition-specific rates:  0.413 2.173
Parameters optimization took 1 rounds (0.793 sec)

Computing ML distances based on estimated model parameters... 0.013 sec
Computing BIONJ tree...
0.037 seconds
Log-likelihood of BIONJ tree: -572.647
--------------------------------------------------------------------
|             INITIALIZING CANDIDATE TREE SET                      |
--------------------------------------------------------------------
Generating 99 parsimony trees... 1.600 second
Computing log-likelihood of 4 initial trees ... 0.426 seconds
Current best score: -572.647

Do NNI search on 5 best initial trees
UPDATE BEST LOG-LIKELIHOOD: -572.647
Finish initializing candidate tree set (5)
Current best tree score: -572.647 / CPU time: 4.671
Number of iterations: 5
--------------------------------------------------------------------
|               OPTIMIZING CANDIDATE TREE SET                      |
--------------------------------------------------------------------
UPDATE BEST LOG-LIKELIHOOD: -572.647
Iteration 10 / LogL: -572.647 / Time: 0h:0m:10s
Iteration 20 / LogL: -572.647 / Time: 0h:0m:19s
UPDATE BEST LOG-LIKELIHOOD: -572.647
Iteration 30 / LogL: -572.647 / Time: 0h:0m:27s (0h:1m:5s left)
UPDATE BEST LOG-LIKELIHOOD: -572.647
Iteration 40 / LogL: -572.647 / Time: 0h:0m:35s (0h:0m:54s left)
Iteration 50 / LogL: -572.647 / Time: 0h:0m:44s (0h:0m:44s left)
Log-likelihood cutoff on original alignment: -592.550
Iteration 60 / LogL: -578.266 / Time: 0h:0m:53s (0h:0m:36s left)
Iteration 70 / LogL: -578.266 / Time: 0h:1m:4s (0h:0m:27s left)
Iteration 80 / LogL: -572.647 / Time: 0h:1m:13s (0h:0m:18s left)
Iteration 90 / LogL: -578.266 / Time: 0h:1m:21s (0h:0m:9s left)
Iteration 100 / LogL: -572.647 / Time: 0h:1m:28s (0h:0m:0s left)
Log-likelihood cutoff on original alignment: -592.550
NOTE: Bootstrap correlation coefficient of split occurrence frequencies: 1.000
TREE SEARCH COMPLETED AFTER 101 ITERATIONS / Time: 0h:1m:30s

--------------------------------------------------------------------
|                    FINALIZING TREE SEARCH                        |
--------------------------------------------------------------------
Performs final model parameters optimization
Estimate model parameters (epsilon = 0.010)
Initial log-likelihood: -572.647
Current log-likelihood at step 1: -572.647
Partition-specific rates:  0.413 2.173
Parameters optimization took 0 rounds (0.050 sec)

BEST SCORE FOUND : -572.647
Creating bootstrap support values...
Split supports printed to NEXUS file examples/Acropora//aln_seqs/led8140.nt.aln.nex.splits.nex
Total tree length: 0.097

Total number of iterations: 101
CPU time used for tree search: 3.128 sec (0h:0m:3s)
Wall-clock time used for tree search: 88.188 sec (0h:1m:28s)
Total CPU time used: 3.211 sec (0h:0m:3s)
Total wall-clock time used: 91.457 sec (0h:1m:31s)

Computing bootstrap consensus tree...
Reading input file examples/Acropora//aln_seqs/led8140.nt.aln.nex.splits.nex...
5 taxa and 15 splits.
Consensus tree written to examples/Acropora//aln_seqs/led8140.nt.aln.nex.contree
Reading input trees file examples/Acropora//aln_seqs/led8140.nt.aln.nex.contree
Log-likelihood of consensus tree: -572.647

Analysis results written to: 
  IQ-TREE report:                examples/Acropora//aln_seqs/led8140.nt.aln.nex.iqtree
  Maximum-likelihood tree:       examples/Acropora//aln_seqs/led8140.nt.aln.nex.treefile
  Likelihood distances:          examples/Acropora//aln_seqs/led8140.nt.aln.nex.mldist
  Best partitioning scheme:      examples/Acropora//aln_seqs/led8140.nt.aln.nex.best_scheme.nex
           in RAxML format:      examples/Acropora//aln_seqs/led8140.nt.aln.nex.best_scheme

Ultrafast bootstrap approximation results written to:
  Split support values:          examples/Acropora//aln_seqs/led8140.nt.aln.nex.splits.nex
  Consensus tree:                examples/Acropora//aln_seqs/led8140.nt.aln.nex.contree
  Screen log file:               examples/Acropora//aln_seqs/led8140.nt.aln.nex.log

Date and Time: Sat Jan 12 16:37:30 2019
