IQ-TREE multicore version 1.6.8 for Linux 64-bit built Oct 28 2018
Developed by Bui Quang Minh, Nguyen Lam Tung, Olga Chernomor,
Heiko Schmidt, Dominik Schrempf, Michael Woodhams.

Host:    sango10206.oist.jp (AVX2, FMA3, 125 GB RAM)
Command: iqtree -s examples/Acropora//aln_seqs/led8117.nt.aln -bb 1000 -redo -nt 3 -spp examples/Acropora//aln_seqs/led8117.nt.aln.nex -m MFPMERGE
Seed:    234157 (Using SPRNG - Scalable Parallel Random Number Generator)
Time:    Sat Jan 12 16:23:32 2019
Kernel:  AVX+FMA - 3 threads (24 CPU cores detected)

Reading partition model file examples/Acropora//aln_seqs/led8117.nt.aln.nex ...
Reading alignment file examples/Acropora//aln_seqs/led8117.nt.aln ... Fasta format detected
Alignment most likely contains DNA/RNA sequences
Alignment has 5 sequences with 2205 columns, 99 distinct patterns
17 parsimony-informative, 128 singleton sites, 2060 constant sites
                          Gap/Ambiguity  Composition  p-value
   1  Adif_sc0000423.g112.t1      1.36%    passed     98.53%
   2  Aech_sc0000032.g18576.t1   33.47%    passed     67.55%
   3  Agem_sc0000042.g18105.t1    3.13%    passed     90.15%
   4  Asub_sc0000054.g12319.t1    3.13%    passed     91.88%
   5  Aten_sc0000011.g139.t1      0.14%    passed     95.74%
****  TOTAL                       8.24%  0 sequences failed composition chi2 test (p-value<5%; df=3)
NOTE: No CharPartition defined, use all CharSets

Loading 3 partitions...
Subset	Type	Seqs	Sites	Infor	Invar	Model	Name
1		5	735	5	704	MFPMERGE	p1
2		5	735	3	697	MFPMERGE	p2
3		5	735	9	659	MFPMERGE	p3
Degree of missing data: 0.000
Info: multi-threading strategy over partitions



Create initial parsimony tree by phylogenetic likelihood library (PLL)... 0.000 seconds
NOTE: ModelFinder requires 0 MB RAM!
Testing GTR+F+G on supermatrix...
WARNING: Number of threads seems too high for short alignments. Use -nt AUTO to determine best number of threads.
GTR+F+G4 / LnL: -3917.029 / df: 16 / AIC: 7866.058 / AICc: 7866.306 / BIC: 7957.233
Selecting individual models for 3 charsets using BIC...
 No. Model        Score       Charset
   1 F81+F        2436.986    p1
   2 HKY+F        2495.426    p2
   3 HKY+F        2932.866    p3
Full partition model BIC score: 7926.849 (LnL: -3886.440  df:20)
Merging models to increase model fit (about 7 total partition schemes)...
   4 HKY+F        7941.440    p1+p3
   5 HKY+F        7916.124    p2+p3
   6 HKY+F        7922.996    p1+p2
Merging p2+p3 with BIC score: 7916.124 (LnL: -3900.323  df: 15)
   7 HKY+F        7928.027    p1+p2+p3
BEST-FIT PARTITION MODEL: 
  charpartition BIC = F81+F: p1, HKY+F: p2 p3;
Agglomerative model selection: (p1,(p2,p3)1:7916.12)
Merging into 2 partitions...
Partition information was printed to examples/Acropora//aln_seqs/led8117.nt.aln.nex.best_scheme.nex
Partition information in Raxml format was printed to examples/Acropora//aln_seqs/led8117.nt.aln.nex.best_scheme

All model information printed to examples/Acropora//aln_seqs/led8117.nt.aln.nex.model.gz
CPU time for ModelFinder: 0.802 seconds (0h:0m:0s)
Wall-clock time for ModelFinder: 30.974 seconds (0h:0m:30s)
Generating 1000 samples for ultrafast bootstrap (seed: 234157)...

NOTE: 0 MB RAM (0 GB) is required!
Estimate model parameters (epsilon = 0.100)
Initial log-likelihood: -3928.939
Current log-likelihood at step 1: -3900.291
Current log-likelihood at step 2: -3900.290
Partition-specific rates:  0.609 1.195
Parameters optimization took 1 rounds (0.738 sec)

Computing ML distances based on estimated model parameters... 0.000 sec
Computing BIONJ tree...
0.102 seconds
Log-likelihood of BIONJ tree: -3900.290
--------------------------------------------------------------------
|             INITIALIZING CANDIDATE TREE SET                      |
--------------------------------------------------------------------
Generating 99 parsimony trees... 1.866 second
Computing log-likelihood of 4 initial trees ... 0.864 seconds
Current best score: -3900.290

Do NNI search on 5 best initial trees
Finish initializing candidate tree set (5)
Current best tree score: -3900.290 / CPU time: 10.947
Number of iterations: 5
--------------------------------------------------------------------
|               OPTIMIZING CANDIDATE TREE SET                      |
--------------------------------------------------------------------
Iteration 10 / LogL: -3900.291 / Time: 0h:0m:18s
Iteration 20 / LogL: -3900.291 / Time: 0h:0m:30s
Iteration 30 / LogL: -3900.291 / Time: 0h:0m:41s (0h:1m:40s left)
Iteration 40 / LogL: -3900.290 / Time: 0h:0m:53s (0h:1m:21s left)
Iteration 50 / LogL: -3900.997 / Time: 0h:1m:3s (0h:1m:4s left)
Log-likelihood cutoff on original alignment: -3904.756
Iteration 60 / LogL: -3900.291 / Time: 0h:1m:16s (0h:0m:51s left)
Iteration 70 / LogL: -3900.291 / Time: 0h:1m:30s (0h:0m:39s left)
Iteration 80 / LogL: -3900.290 / Time: 0h:1m:46s (0h:0m:26s left)
Iteration 90 / LogL: -3900.290 / Time: 0h:2m:3s (0h:0m:13s left)
Iteration 100 / LogL: -3900.290 / Time: 0h:2m:19s (0h:0m:0s left)
Log-likelihood cutoff on original alignment: -3904.397
NOTE: Bootstrap correlation coefficient of split occurrence frequencies: 1.000
TREE SEARCH COMPLETED AFTER 101 ITERATIONS / Time: 0h:2m:23s

--------------------------------------------------------------------
|                    FINALIZING TREE SEARCH                        |
--------------------------------------------------------------------
Performs final model parameters optimization
Estimate model parameters (epsilon = 0.010)
Initial log-likelihood: -3900.290
Current log-likelihood at step 1: -3900.290
Partition-specific rates:  0.609 1.195
Parameters optimization took 0 rounds (0.220 sec)

BEST SCORE FOUND : -3900.290
Creating bootstrap support values...
Split supports printed to NEXUS file examples/Acropora//aln_seqs/led8117.nt.aln.nex.splits.nex
Total tree length: 0.074

Total number of iterations: 101
CPU time used for tree search: 4.558 sec (0h:0m:4s)
Wall-clock time used for tree search: 140.457 sec (0h:2m:20s)
Total CPU time used: 4.692 sec (0h:0m:4s)
Total wall-clock time used: 145.418 sec (0h:2m:25s)

Computing bootstrap consensus tree...
Reading input file examples/Acropora//aln_seqs/led8117.nt.aln.nex.splits.nex...
5 taxa and 9 splits.
Consensus tree written to examples/Acropora//aln_seqs/led8117.nt.aln.nex.contree
Reading input trees file examples/Acropora//aln_seqs/led8117.nt.aln.nex.contree
Log-likelihood of consensus tree: -3900.290

Analysis results written to: 
  IQ-TREE report:                examples/Acropora//aln_seqs/led8117.nt.aln.nex.iqtree
  Maximum-likelihood tree:       examples/Acropora//aln_seqs/led8117.nt.aln.nex.treefile
  Likelihood distances:          examples/Acropora//aln_seqs/led8117.nt.aln.nex.mldist
  Best partitioning scheme:      examples/Acropora//aln_seqs/led8117.nt.aln.nex.best_scheme.nex
           in RAxML format:      examples/Acropora//aln_seqs/led8117.nt.aln.nex.best_scheme

Ultrafast bootstrap approximation results written to:
  Split support values:          examples/Acropora//aln_seqs/led8117.nt.aln.nex.splits.nex
  Consensus tree:                examples/Acropora//aln_seqs/led8117.nt.aln.nex.contree
  Screen log file:               examples/Acropora//aln_seqs/led8117.nt.aln.nex.log

Date and Time: Sat Jan 12 16:26:30 2019
