IQ-TREE multicore version 1.6.8 for Linux 64-bit built Oct 28 2018
Developed by Bui Quang Minh, Nguyen Lam Tung, Olga Chernomor,
Heiko Schmidt, Dominik Schrempf, Michael Woodhams.

Host:    sango10206.oist.jp (AVX2, FMA3, 125 GB RAM)
Command: iqtree -s examples/Acropora//aln_seqs/led8087.nt.aln -bb 1000 -redo -nt 3 -spp examples/Acropora//aln_seqs/led8087.nt.aln.nex -m MFPMERGE
Seed:    341327 (Using SPRNG - Scalable Parallel Random Number Generator)
Time:    Sat Jan 12 16:42:34 2019
Kernel:  AVX+FMA - 3 threads (24 CPU cores detected)

Reading partition model file examples/Acropora//aln_seqs/led8087.nt.aln.nex ...
Reading alignment file examples/Acropora//aln_seqs/led8087.nt.aln ... Fasta format detected
Alignment most likely contains DNA/RNA sequences
Alignment has 5 sequences with 1194 columns, 39 distinct patterns
8 parsimony-informative, 27 singleton sites, 1159 constant sites
                          Gap/Ambiguity  Composition  p-value
   1  Adif_sc0000380.g206.t1      7.04%    passed     98.30%
   2  Aech_sc0000020.g4438.t1    14.07%    passed     99.61%
   3  Agem_sc0000226.g10130.t1    7.04%    passed     94.18%
   4  Asub_sc0000206.g1605.t1    14.07%    passed     98.96%
   5  Aten_sc0000156.g12.t1       7.04%    passed     98.13%
****  TOTAL                       9.85%  0 sequences failed composition chi2 test (p-value<5%; df=3)
NOTE: No CharPartition defined, use all CharSets

Loading 3 partitions...
Subset	Type	Seqs	Sites	Infor	Invar	Model	Name
1		5	398	0	396	MFPMERGE	p1
WARNING: No parsimony-informative sites in partition p1
2		5	398	1	396	MFPMERGE	p2
3		5	398	7	367	MFPMERGE	p3
Degree of missing data: 0.000
Info: multi-threading strategy over partitions



Create initial parsimony tree by phylogenetic likelihood library (PLL)... 0.000 seconds
NOTE: ModelFinder requires 0 MB RAM!
Testing GTR+F+G on supermatrix...
WARNING: Number of threads seems too high for short alignments. Use -nt AUTO to determine best number of threads.
GTR+F+G4 / LnL: -1885.238 / df: 16 / AIC: 3802.476 / AICc: 3802.938 / BIC: 3883.837
Selecting individual models for 3 charsets using BIC...
 No. Model        Score       Charset
   1 JC           1141.648    p1
   2 F81+F        1129.357    p2
   3 HKY+F+I      1495.559    p3
Full partition model BIC score: 3821.158 (LnL: -1850.356  df:17)
Merging models to increase model fit (about 7 total partition schemes)...
   4 F81+F        3815.570    p1+p2
   5 HKY+F+I      3857.061    p1+p3
   6 HKY+F+I      3828.121    p2+p3
Merging p1+p2 with BIC score: 3815.570 (LnL: -1851.104  df: 16)
   7 HKY+F+I      3852.224    p1+p2+p3
BEST-FIT PARTITION MODEL: 
  charpartition BIC = F81+F: p1 p2, HKY+F+I: p3;
Agglomerative model selection: ((p1,p2)1:3815.57,p3)
Merging into 2 partitions...
Partition information was printed to examples/Acropora//aln_seqs/led8087.nt.aln.nex.best_scheme.nex
Partition information in Raxml format was printed to examples/Acropora//aln_seqs/led8087.nt.aln.nex.best_scheme

All model information printed to examples/Acropora//aln_seqs/led8087.nt.aln.nex.model.gz
CPU time for ModelFinder: 1.559 seconds (0h:0m:1s)
Wall-clock time for ModelFinder: 72.732 seconds (0h:1m:12s)
WARNING: 3 threads for alignment length 16 will slow down analysis
Generating 1000 samples for ultrafast bootstrap (seed: 341327)...
WARNING: 3 threads for alignment length 16 will slow down analysis

NOTE: 0 MB RAM (0 GB) is required!
Estimate model parameters (epsilon = 0.100)
Initial log-likelihood: -1905.726
Current log-likelihood at step 1: -1851.824
Current log-likelihood at step 2: -1850.843
Current log-likelihood at step 3: -1850.839
Partition-specific rates:  0.112 2.775
Parameters optimization took 2 rounds (1.136 sec)

Computing ML distances based on estimated model parameters... 0.001 sec
Computing BIONJ tree...
0.220 seconds
Log-likelihood of BIONJ tree: -1850.865
--------------------------------------------------------------------
|             INITIALIZING CANDIDATE TREE SET                      |
--------------------------------------------------------------------
Generating 98 parsimony trees... 1.563 second
Computing log-likelihood of 7 initial trees ... 1.305 seconds
Current best score: -1850.839

Do NNI search on 9 best initial trees
Finish initializing candidate tree set (9)
Current best tree score: -1850.839 / CPU time: 11.845
Number of iterations: 9
--------------------------------------------------------------------
|               OPTIMIZING CANDIDATE TREE SET                      |
--------------------------------------------------------------------
Iteration 10 / LogL: -1850.845 / Time: 0h:0m:15s
UPDATE BEST LOG-LIKELIHOOD: -1850.839
Iteration 20 / LogL: -1850.851 / Time: 0h:0m:32s
Iteration 30 / LogL: -1850.844 / Time: 0h:0m:46s (0h:1m:52s left)
UPDATE BEST LOG-LIKELIHOOD: -1850.839
UPDATE BEST LOG-LIKELIHOOD: -1850.839
Iteration 40 / LogL: -1850.844 / Time: 0h:0m:59s (0h:1m:31s left)
Iteration 50 / LogL: -1850.851 / Time: 0h:1m:13s (0h:1m:14s left)
Log-likelihood cutoff on original alignment: -1859.724
Iteration 60 / LogL: -1850.839 / Time: 0h:1m:31s (0h:1m:2s left)
Iteration 70 / LogL: -1850.845 / Time: 0h:1m:53s (0h:0m:49s left)
Iteration 80 / LogL: -1850.843 / Time: 0h:2m:13s (0h:0m:33s left)
Iteration 90 / LogL: -1850.843 / Time: 0h:2m:30s (0h:0m:16s left)
Iteration 100 / LogL: -1850.847 / Time: 0h:2m:47s (0h:0m:0s left)
Log-likelihood cutoff on original alignment: -1860.999
NOTE: Bootstrap correlation coefficient of split occurrence frequencies: 0.998
TREE SEARCH COMPLETED AFTER 101 ITERATIONS / Time: 0h:2m:50s

--------------------------------------------------------------------
|                    FINALIZING TREE SEARCH                        |
--------------------------------------------------------------------
Performs final model parameters optimization
Estimate model parameters (epsilon = 0.010)
Initial log-likelihood: -1850.839
Current log-likelihood at step 1: -1850.839
Partition-specific rates:  0.112 2.775
Parameters optimization took 0 rounds (0.197 sec)

BEST SCORE FOUND : -1850.839
Creating bootstrap support values...
Split supports printed to NEXUS file examples/Acropora//aln_seqs/led8087.nt.aln.nex.splits.nex
Total tree length: 0.049

Total number of iterations: 101
CPU time used for tree search: 5.625 sec (0h:0m:5s)
Wall-clock time used for tree search: 168.563 sec (0h:2m:48s)
Total CPU time used: 5.763 sec (0h:0m:5s)
Total wall-clock time used: 172.867 sec (0h:2m:52s)

Computing bootstrap consensus tree...
Reading input file examples/Acropora//aln_seqs/led8087.nt.aln.nex.splits.nex...
5 taxa and 15 splits.
Consensus tree written to examples/Acropora//aln_seqs/led8087.nt.aln.nex.contree
Reading input trees file examples/Acropora//aln_seqs/led8087.nt.aln.nex.contree
Log-likelihood of consensus tree: -1850.865

Analysis results written to: 
  IQ-TREE report:                examples/Acropora//aln_seqs/led8087.nt.aln.nex.iqtree
  Maximum-likelihood tree:       examples/Acropora//aln_seqs/led8087.nt.aln.nex.treefile
  Likelihood distances:          examples/Acropora//aln_seqs/led8087.nt.aln.nex.mldist
  Best partitioning scheme:      examples/Acropora//aln_seqs/led8087.nt.aln.nex.best_scheme.nex
           in RAxML format:      examples/Acropora//aln_seqs/led8087.nt.aln.nex.best_scheme

Ultrafast bootstrap approximation results written to:
  Split support values:          examples/Acropora//aln_seqs/led8087.nt.aln.nex.splits.nex
  Consensus tree:                examples/Acropora//aln_seqs/led8087.nt.aln.nex.contree
  Screen log file:               examples/Acropora//aln_seqs/led8087.nt.aln.nex.log

Date and Time: Sat Jan 12 16:46:42 2019
