IQ-TREE multicore version 1.6.8 for Linux 64-bit built Oct 28 2018
Developed by Bui Quang Minh, Nguyen Lam Tung, Olga Chernomor,
Heiko Schmidt, Dominik Schrempf, Michael Woodhams.

Host:    sango10206.oist.jp (AVX2, FMA3, 125 GB RAM)
Command: iqtree -s examples/Acropora//aln_seqs/led8139.nt.aln -bb 1000 -redo -nt 3 -spp examples/Acropora//aln_seqs/led8139.nt.aln.nex -m MFPMERGE
Seed:    395871 (Using SPRNG - Scalable Parallel Random Number Generator)
Time:    Sat Jan 12 16:54:16 2019
Kernel:  AVX+FMA - 3 threads (24 CPU cores detected)

Reading partition model file examples/Acropora//aln_seqs/led8139.nt.aln.nex ...
Reading alignment file examples/Acropora//aln_seqs/led8139.nt.aln ... Fasta format detected
Alignment most likely contains DNA/RNA sequences
Alignment has 5 sequences with 2154 columns, 128 distinct patterns
52 parsimony-informative, 216 singleton sites, 1886 constant sites
                          Gap/Ambiguity  Composition  p-value
   1  Adif_sc0000595.g203.t1      3.06%    passed     99.81%
   2  Aech_sc0000150.g10265.t1   52.37%    passed     80.20%
   3  Agem_sc0000076.g21443.t1   49.30%    passed     92.59%
   4  Asub_sc0000083.g25592.t1   52.65%    passed     91.16%
   5  Aten_sc0000059.g215.t1     45.96%    passed     19.76%
WARNING: 2 sequences contain more than 50% gaps/ambiguity
****  TOTAL                      40.67%  0 sequences failed composition chi2 test (p-value<5%; df=3)
NOTE: No CharPartition defined, use all CharSets

Loading 3 partitions...
Subset	Type	Seqs	Sites	Infor	Invar	Model	Name
1		5	718	14	636	MFPMERGE	p1
2		5	718	18	632	MFPMERGE	p2
3		5	718	20	618	MFPMERGE	p3
Degree of missing data: 0.000
Info: multi-threading strategy over partitions



Create initial parsimony tree by phylogenetic likelihood library (PLL)... 0.000 seconds
NOTE: ModelFinder requires 1 MB RAM!
Testing GTR+F+G on supermatrix...
WARNING: Number of threads seems too high for short alignments. Use -nt AUTO to determine best number of threads.
GTR+F+G4 / LnL: -4310.951 / df: 16 / AIC: 8653.903 / AICc: 8654.157 / BIC: 8744.704
Selecting individual models for 3 charsets using BIC...
 No. Model        Score       Charset
   1 K2P+I        2844.974    p1
   2 K2P+I        2980.806    p3
   3 HKY+F+G4     2868.201    p2
Full partition model BIC score: 8753.215 (LnL: -4307.532  df:18)
Merging models to increase model fit (about 7 total partition schemes)...
   4 K2P+I        8733.838    p1+p3
   5 HKY+F+I      8749.652    p1+p2
   6 HKY+F+I      8734.281    p2+p3
Merging p1+p3 with BIC score: 8733.838 (LnL: -4309.356  df: 15)
   7 HKY+F+I      8721.752    p1+p2+p3
Merging p1+p2+p3 with BIC score: 8721.752 (LnL: -4314.826  df: 12)
BEST-FIT PARTITION MODEL: 
  charpartition BIC = HKY+F+I: p1 p2 p3;
Agglomerative model selection: ((p1,p3)1:8733.84,p2)2:8721.75
Merging into 1 partitions...
Partition information was printed to examples/Acropora//aln_seqs/led8139.nt.aln.nex.best_scheme.nex
Partition information in Raxml format was printed to examples/Acropora//aln_seqs/led8139.nt.aln.nex.best_scheme

All model information printed to examples/Acropora//aln_seqs/led8139.nt.aln.nex.model.gz
CPU time for ModelFinder: 1.111 seconds (0h:0m:1s)
Wall-clock time for ModelFinder: 42.015 seconds (0h:0m:42s)
Generating 1000 samples for ultrafast bootstrap (seed: 395871)...

NOTE: 0 MB RAM (0 GB) is required!
Estimate model parameters (epsilon = 0.100)
Initial log-likelihood: -4335.100
Current log-likelihood at step 1: -4315.170
Current log-likelihood at step 2: -4314.842
Current log-likelihood at step 3: -4314.812
Partition-specific rates:  1.000
Parameters optimization took 2 rounds (0.725 sec)

Computing ML distances based on estimated model parameters... 0.010 sec
Computing BIONJ tree...
0.410 seconds
Log-likelihood of BIONJ tree: -4314.810
--------------------------------------------------------------------
|             INITIALIZING CANDIDATE TREE SET                      |
--------------------------------------------------------------------
Generating 99 parsimony trees... 1.091 second
Computing log-likelihood of 4 initial trees ... 0.885 seconds
Current best score: -4314.523

Do NNI search on 5 best initial trees
UPDATE BEST LOG-LIKELIHOOD: -4314.523
Estimate model parameters (epsilon = 0.100)
Initial log-likelihood: -4314.458
Current log-likelihood at step 1: -4314.421
Parameters optimization took 0 rounds (0.177 sec)

UPDATE BEST LOG-LIKELIHOOD: -4314.421
Finish initializing candidate tree set (5)
Current best tree score: -4314.421 / CPU time: 7.400
Number of iterations: 5
--------------------------------------------------------------------
|               OPTIMIZING CANDIDATE TREE SET                      |
--------------------------------------------------------------------
UPDATE BEST LOG-LIKELIHOOD: -4314.421
Iteration 10 / LogL: -4314.421 / Time: 0h:0m:15s
UPDATE BEST LOG-LIKELIHOOD: -4314.421
UPDATE BEST LOG-LIKELIHOOD: -4314.421
Iteration 20 / LogL: -4314.423 / Time: 0h:0m:26s
Iteration 30 / LogL: -4314.424 / Time: 0h:0m:34s (0h:1m:23s left)
Iteration 40 / LogL: -4314.423 / Time: 0h:0m:42s (0h:1m:5s left)
Iteration 50 / LogL: -4314.421 / Time: 0h:0m:50s (0h:0m:51s left)
Log-likelihood cutoff on original alignment: -4338.150
Iteration 60 / LogL: -4314.423 / Time: 0h:1m:4s (0h:0m:43s left)
Iteration 70 / LogL: -4314.423 / Time: 0h:1m:16s (0h:0m:33s left)
Iteration 80 / LogL: -4314.423 / Time: 0h:1m:27s (0h:0m:22s left)
Iteration 90 / LogL: -4314.423 / Time: 0h:1m:40s (0h:0m:11s left)
Iteration 100 / LogL: -4314.423 / Time: 0h:1m:51s (0h:0m:0s left)
Log-likelihood cutoff on original alignment: -4338.179
NOTE: Bootstrap correlation coefficient of split occurrence frequencies: 1.000
TREE SEARCH COMPLETED AFTER 101 ITERATIONS / Time: 0h:1m:53s

--------------------------------------------------------------------
|                    FINALIZING TREE SEARCH                        |
--------------------------------------------------------------------
Performs final model parameters optimization
Estimate model parameters (epsilon = 0.010)
Initial log-likelihood: -4314.421
Current log-likelihood at step 1: -4314.421
Partition-specific rates:  1.000
Parameters optimization took 0 rounds (0.067 sec)

BEST SCORE FOUND : -4314.421
Creating bootstrap support values...
Split supports printed to NEXUS file examples/Acropora//aln_seqs/led8139.nt.aln.nex.splits.nex
Total tree length: 0.372

Total number of iterations: 101
CPU time used for tree search: 3.829 sec (0h:0m:3s)
Wall-clock time used for tree search: 111.445 sec (0h:1m:51s)
Total CPU time used: 3.951 sec (0h:0m:3s)
Total wall-clock time used: 115.050 sec (0h:1m:55s)

Computing bootstrap consensus tree...
Reading input file examples/Acropora//aln_seqs/led8139.nt.aln.nex.splits.nex...
5 taxa and 10 splits.
Consensus tree written to examples/Acropora//aln_seqs/led8139.nt.aln.nex.contree
Reading input trees file examples/Acropora//aln_seqs/led8139.nt.aln.nex.contree
Log-likelihood of consensus tree: -4314.421

Analysis results written to: 
  IQ-TREE report:                examples/Acropora//aln_seqs/led8139.nt.aln.nex.iqtree
  Maximum-likelihood tree:       examples/Acropora//aln_seqs/led8139.nt.aln.nex.treefile
  Likelihood distances:          examples/Acropora//aln_seqs/led8139.nt.aln.nex.mldist
  Best partitioning scheme:      examples/Acropora//aln_seqs/led8139.nt.aln.nex.best_scheme.nex
           in RAxML format:      examples/Acropora//aln_seqs/led8139.nt.aln.nex.best_scheme

Ultrafast bootstrap approximation results written to:
  Split support values:          examples/Acropora//aln_seqs/led8139.nt.aln.nex.splits.nex
  Consensus tree:                examples/Acropora//aln_seqs/led8139.nt.aln.nex.contree
  Screen log file:               examples/Acropora//aln_seqs/led8139.nt.aln.nex.log

Date and Time: Sat Jan 12 16:56:57 2019
