IQ-TREE multicore version 1.6.8 for Linux 64-bit built Oct 28 2018
Developed by Bui Quang Minh, Nguyen Lam Tung, Olga Chernomor,
Heiko Schmidt, Dominik Schrempf, Michael Woodhams.

Host:    sango10206.oist.jp (AVX2, FMA3, 125 GB RAM)
Command: iqtree -s examples/Acropora//aln_seqs/led8027.nt.aln -bb 1000 -redo -nt 3 -spp examples/Acropora//aln_seqs/led8027.nt.aln.nex -m MFPMERGE
Seed:    897359 (Using SPRNG - Scalable Parallel Random Number Generator)
Time:    Sat Jan 12 16:34:27 2019
Kernel:  AVX+FMA - 3 threads (24 CPU cores detected)

Reading partition model file examples/Acropora//aln_seqs/led8027.nt.aln.nex ...
Reading alignment file examples/Acropora//aln_seqs/led8027.nt.aln ... Fasta format detected
Alignment most likely contains DNA/RNA sequences
Alignment has 5 sequences with 1734 columns, 99 distinct patterns
13 parsimony-informative, 98 singleton sites, 1623 constant sites
                          Gap/Ambiguity  Composition  p-value
   1  Adif_sc0000325.g24.t1      20.42%    passed     83.23%
   2  Aech_sc0000052.g11392.t1    3.63%    passed     74.34%
   3  Agem_sc0000070.g21541.t1   14.19%    passed     97.95%
   4  Asub_sc0000186.g11466.t1   24.91%    passed     82.91%
   5  Aten_sc0000013.g521.t1     28.89%    passed     74.05%
****  TOTAL                      18.41%  0 sequences failed composition chi2 test (p-value<5%; df=3)
NOTE: No CharPartition defined, use all CharSets

Loading 3 partitions...
Subset	Type	Seqs	Sites	Infor	Invar	Model	Name
1		5	578	2	544	MFPMERGE	p1
2		5	578	2	563	MFPMERGE	p2
3		5	578	9	516	MFPMERGE	p3
Degree of missing data: 0.000
Info: multi-threading strategy over partitions



Create initial parsimony tree by phylogenetic likelihood library (PLL)... 0.000 seconds
NOTE: ModelFinder requires 1 MB RAM!
Testing GTR+F+G on supermatrix...
WARNING: Number of threads seems too high for short alignments. Use -nt AUTO to determine best number of threads.
GTR+F+G4 / LnL: -3072.518 / df: 16 / AIC: 6177.036 / AICc: 6177.353 / BIC: 6264.367
Selecting individual models for 3 charsets using BIC...
 No. Model        Score       Charset
   1 F81+F        1777.870    p2
   2 F81+F        2001.955    p1
   3 HKY+F        2288.207    p3
Full partition model BIC score: 6127.063 (LnL: -2992.679  df:19)
Merging models to increase model fit (about 7 total partition schemes)...
   4 HKY+F        6173.999    p2+p3
   5 HKY+F        6195.543    p1+p2
   6 HKY+F        6167.013    p1+p3
BEST-FIT PARTITION MODEL: 
  charpartition BIC = F81+F: p1, F81+F: p2, HKY+F: p3;
Agglomerative model selection: (p1,p2,p3)
Partition information was printed to examples/Acropora//aln_seqs/led8027.nt.aln.nex.best_scheme.nex
Partition information in Raxml format was printed to examples/Acropora//aln_seqs/led8027.nt.aln.nex.best_scheme

All model information printed to examples/Acropora//aln_seqs/led8027.nt.aln.nex.model.gz
CPU time for ModelFinder: 0.622 seconds (0h:0m:0s)
Wall-clock time for ModelFinder: 23.451 seconds (0h:0m:23s)
Generating 1000 samples for ultrafast bootstrap (seed: 897359)...

NOTE: 0 MB RAM (0 GB) is required!
WARNING: Number of threads seems too high for short alignments. Use -nt AUTO to determine best number of threads.
Estimate model parameters (epsilon = 0.100)
Initial log-likelihood: -3019.977
Current log-likelihood at step 1: -2999.602
Current log-likelihood at step 2: -2997.492
Current log-likelihood at step 3: -2992.678
Current log-likelihood at step 4: -2992.678
Partition-specific rates:  0.896 0.392 1.712
Parameters optimization took 3 rounds (0.204 sec)

Computing ML distances based on estimated model parameters... 0.004 sec
Computing BIONJ tree...
0.126 seconds
Log-likelihood of BIONJ tree: -3021.713
--------------------------------------------------------------------
|             INITIALIZING CANDIDATE TREE SET                      |
--------------------------------------------------------------------
Generating 98 parsimony trees... 2.048 second
Computing log-likelihood of 4 initial trees ... 0.872 seconds
Current best score: -2992.678

Do NNI search on 6 best initial trees
Finish initializing candidate tree set (6)
Current best tree score: -2992.678 / CPU time: 6.877
Number of iterations: 6
--------------------------------------------------------------------
|               OPTIMIZING CANDIDATE TREE SET                      |
--------------------------------------------------------------------
Iteration 10 / LogL: -2992.680 / Time: 0h:0m:13s
Iteration 20 / LogL: -2992.678 / Time: 0h:0m:23s
Iteration 30 / LogL: -2992.678 / Time: 0h:0m:33s (0h:1m:21s left)
Iteration 40 / LogL: -2992.680 / Time: 0h:0m:43s (0h:1m:7s left)
Iteration 50 / LogL: -2992.680 / Time: 0h:0m:52s (0h:0m:54s left)
Log-likelihood cutoff on original alignment: -3021.789
Iteration 60 / LogL: -2992.678 / Time: 0h:1m:3s (0h:0m:42s left)
Iteration 70 / LogL: -2992.680 / Time: 0h:1m:13s (0h:0m:31s left)
Iteration 80 / LogL: -2992.678 / Time: 0h:1m:21s (0h:0m:20s left)
Iteration 90 / LogL: -2992.678 / Time: 0h:1m:29s (0h:0m:10s left)
Iteration 100 / LogL: -2992.680 / Time: 0h:1m:38s (0h:0m:0s left)
Log-likelihood cutoff on original alignment: -3021.869
NOTE: Bootstrap correlation coefficient of split occurrence frequencies: 1.000
TREE SEARCH COMPLETED AFTER 101 ITERATIONS / Time: 0h:1m:41s

--------------------------------------------------------------------
|                    FINALIZING TREE SEARCH                        |
--------------------------------------------------------------------
Performs final model parameters optimization
Estimate model parameters (epsilon = 0.010)
Initial log-likelihood: -2992.678
Current log-likelihood at step 1: -2992.678
Partition-specific rates:  0.896 0.392 1.712
Parameters optimization took 0 rounds (0.079 sec)

BEST SCORE FOUND : -2992.678
Creating bootstrap support values...
Split supports printed to NEXUS file examples/Acropora//aln_seqs/led8027.nt.aln.nex.splits.nex
Total tree length: 0.080

Total number of iterations: 101
CPU time used for tree search: 3.347 sec (0h:0m:3s)
Wall-clock time used for tree search: 98.479 sec (0h:1m:38s)
Total CPU time used: 3.443 sec (0h:0m:3s)
Total wall-clock time used: 102.353 sec (0h:1m:42s)

Computing bootstrap consensus tree...
Reading input file examples/Acropora//aln_seqs/led8027.nt.aln.nex.splits.nex...
5 taxa and 12 splits.
Consensus tree written to examples/Acropora//aln_seqs/led8027.nt.aln.nex.contree
Reading input trees file examples/Acropora//aln_seqs/led8027.nt.aln.nex.contree
Log-likelihood of consensus tree: -2992.678

Analysis results written to: 
  IQ-TREE report:                examples/Acropora//aln_seqs/led8027.nt.aln.nex.iqtree
  Maximum-likelihood tree:       examples/Acropora//aln_seqs/led8027.nt.aln.nex.treefile
  Likelihood distances:          examples/Acropora//aln_seqs/led8027.nt.aln.nex.mldist
  Best partitioning scheme:      examples/Acropora//aln_seqs/led8027.nt.aln.nex.best_scheme.nex
           in RAxML format:      examples/Acropora//aln_seqs/led8027.nt.aln.nex.best_scheme

Ultrafast bootstrap approximation results written to:
  Split support values:          examples/Acropora//aln_seqs/led8027.nt.aln.nex.splits.nex
  Consensus tree:                examples/Acropora//aln_seqs/led8027.nt.aln.nex.contree
  Screen log file:               examples/Acropora//aln_seqs/led8027.nt.aln.nex.log

Date and Time: Sat Jan 12 16:36:35 2019
