IQ-TREE multicore version 1.6.8 for Linux 64-bit built Oct 28 2018
Developed by Bui Quang Minh, Nguyen Lam Tung, Olga Chernomor,
Heiko Schmidt, Dominik Schrempf, Michael Woodhams.

Host:    sango10206.oist.jp (AVX2, FMA3, 125 GB RAM)
Command: iqtree -s examples/Acropora//aln_seqs/led8048.nt.aln -bb 1000 -redo -nt 3 -spp examples/Acropora//aln_seqs/led8048.nt.aln.nex -m MFPMERGE
Seed:    227249 (Using SPRNG - Scalable Parallel Random Number Generator)
Time:    Sat Jan 12 16:41:55 2019
Kernel:  AVX+FMA - 3 threads (24 CPU cores detected)

Reading partition model file examples/Acropora//aln_seqs/led8048.nt.aln.nex ...
Reading alignment file examples/Acropora//aln_seqs/led8048.nt.aln ... Fasta format detected
Alignment most likely contains DNA/RNA sequences
Alignment has 5 sequences with 5193 columns, 284 distinct patterns
109 parsimony-informative, 409 singleton sites, 4675 constant sites
                          Gap/Ambiguity  Composition  p-value
   1  Adif_sc0000327.g308.t1      5.66%    passed     75.77%
   2  Aech_sc0000036.g20545.t1   11.90%    passed     96.28%
   3  Agem_sc0000124.g7535.t1     7.45%    passed     97.31%
   4  Asub_sc0000048.g4982.t1    28.65%    passed     13.71%
   5  Aten_sc0000312.g58.t1      10.40%    passed     84.30%
****  TOTAL                      12.81%  0 sequences failed composition chi2 test (p-value<5%; df=3)
NOTE: No CharPartition defined, use all CharSets

Loading 3 partitions...
Subset	Type	Seqs	Sites	Infor	Invar	Model	Name
1		5	1731	34	1586	MFPMERGE	p1
2		5	1731	29	1604	MFPMERGE	p2
3		5	1731	46	1485	MFPMERGE	p3
Degree of missing data: 0.000
Info: multi-threading strategy over partitions



Create initial parsimony tree by phylogenetic likelihood library (PLL)... 0.000 seconds
NOTE: ModelFinder requires 2 MB RAM!
Testing GTR+F+G on supermatrix...
WARNING: Number of threads seems too high for short alignments. Use -nt AUTO to determine best number of threads.
GTR+F+G4 / LnL: -10378.841 / df: 16 / AIC: 20789.681 / AICc: 20789.787 / BIC: 20894.562
Selecting individual models for 3 charsets using BIC...
 No. Model        Score       Charset
   1 HKY+F+I      6510.786    p1
   2 HKY+F+I      6378.173    p2
   3 HKY+F+G4     7615.706    p3
Full partition model BIC score: 20575.770 (LnL: -10185.224  df:24)
Merging models to increase model fit (about 7 total partition schemes)...
   4 HKY+F+G4     20720.924   p1+p3
   5 HKY+F+I      20734.544   p2+p3
   6 HKY+F+I      20692.392   p1+p2
BEST-FIT PARTITION MODEL: 
  charpartition BIC = HKY+F+I: p1, HKY+F+I: p2, HKY+F+G4: p3;
Agglomerative model selection: (p1,p2,p3)
Partition information was printed to examples/Acropora//aln_seqs/led8048.nt.aln.nex.best_scheme.nex
Partition information in Raxml format was printed to examples/Acropora//aln_seqs/led8048.nt.aln.nex.best_scheme

All model information printed to examples/Acropora//aln_seqs/led8048.nt.aln.nex.model.gz
CPU time for ModelFinder: 1.601 seconds (0h:0m:1s)
Wall-clock time for ModelFinder: 48.963 seconds (0h:0m:48s)
Generating 1000 samples for ultrafast bootstrap (seed: 227249)...

NOTE: 2 MB RAM (0 GB) is required!
WARNING: Number of threads seems too high for short alignments. Use -nt AUTO to determine best number of threads.
Estimate model parameters (epsilon = 0.100)
Initial log-likelihood: -10275.684
Current log-likelihood at step 1: -10185.695
Current log-likelihood at step 2: -10185.219
Current log-likelihood at step 3: -10185.213
Partition-specific rates:  0.839 0.744 1.418
Parameters optimization took 2 rounds (0.955 sec)

Computing ML distances based on estimated model parameters... 0.001 sec
Computing BIONJ tree...
0.175 seconds
Log-likelihood of BIONJ tree: -10185.213
--------------------------------------------------------------------
|             INITIALIZING CANDIDATE TREE SET                      |
--------------------------------------------------------------------
Generating 99 parsimony trees... 3.637 second
Computing log-likelihood of 4 initial trees ... 0.979 seconds
Current best score: -10185.213

Do NNI search on 5 best initial trees
Finish initializing candidate tree set (5)
Current best tree score: -10185.213 / CPU time: 11.466
Number of iterations: 5
--------------------------------------------------------------------
|               OPTIMIZING CANDIDATE TREE SET                      |
--------------------------------------------------------------------
UPDATE BEST LOG-LIKELIHOOD: -10185.213
Iteration 10 / LogL: -10185.213 / Time: 0h:0m:24s
Iteration 20 / LogL: -10185.269 / Time: 0h:0m:35s
Iteration 30 / LogL: -10185.225 / Time: 0h:0m:47s (0h:1m:55s left)
Iteration 40 / LogL: -10187.805 / Time: 0h:1m:4s (0h:1m:38s left)
Iteration 50 / LogL: -10185.213 / Time: 0h:1m:21s (0h:1m:22s left)
Log-likelihood cutoff on original alignment: -10190.294
Iteration 60 / LogL: -10185.223 / Time: 0h:1m:35s (0h:1m:4s left)
Iteration 70 / LogL: -10185.213 / Time: 0h:1m:48s (0h:0m:46s left)
Iteration 80 / LogL: -10185.222 / Time: 0h:2m:6s (0h:0m:32s left)
Iteration 90 / LogL: -10185.222 / Time: 0h:2m:21s (0h:0m:15s left)
Iteration 100 / LogL: -10185.223 / Time: 0h:2m:32s (0h:0m:0s left)
Log-likelihood cutoff on original alignment: -10190.294
NOTE: Bootstrap correlation coefficient of split occurrence frequencies: 1.000
TREE SEARCH COMPLETED AFTER 101 ITERATIONS / Time: 0h:2m:34s

--------------------------------------------------------------------
|                    FINALIZING TREE SEARCH                        |
--------------------------------------------------------------------
Performs final model parameters optimization
Estimate model parameters (epsilon = 0.010)
Initial log-likelihood: -10185.213
Current log-likelihood at step 1: -10185.213
Partition-specific rates:  0.838 0.744 1.417
Parameters optimization took 0 rounds (0.126 sec)

BEST SCORE FOUND : -10185.213
Creating bootstrap support values...
Split supports printed to NEXUS file examples/Acropora//aln_seqs/led8048.nt.aln.nex.splits.nex
Total tree length: 0.147

Total number of iterations: 101
CPU time used for tree search: 4.602 sec (0h:0m:4s)
Wall-clock time used for tree search: 149.152 sec (0h:2m:29s)
Total CPU time used: 4.759 sec (0h:0m:4s)
Total wall-clock time used: 156.151 sec (0h:2m:36s)

Computing bootstrap consensus tree...
Reading input file examples/Acropora//aln_seqs/led8048.nt.aln.nex.splits.nex...
5 taxa and 8 splits.
Consensus tree written to examples/Acropora//aln_seqs/led8048.nt.aln.nex.contree
Reading input trees file examples/Acropora//aln_seqs/led8048.nt.aln.nex.contree
Log-likelihood of consensus tree: -10185.213

Analysis results written to: 
  IQ-TREE report:                examples/Acropora//aln_seqs/led8048.nt.aln.nex.iqtree
  Maximum-likelihood tree:       examples/Acropora//aln_seqs/led8048.nt.aln.nex.treefile
  Likelihood distances:          examples/Acropora//aln_seqs/led8048.nt.aln.nex.mldist
  Best partitioning scheme:      examples/Acropora//aln_seqs/led8048.nt.aln.nex.best_scheme.nex
           in RAxML format:      examples/Acropora//aln_seqs/led8048.nt.aln.nex.best_scheme

Ultrafast bootstrap approximation results written to:
  Split support values:          examples/Acropora//aln_seqs/led8048.nt.aln.nex.splits.nex
  Consensus tree:                examples/Acropora//aln_seqs/led8048.nt.aln.nex.contree
  Screen log file:               examples/Acropora//aln_seqs/led8048.nt.aln.nex.log

Date and Time: Sat Jan 12 16:45:23 2019
