IQ-TREE multicore version 1.6.8 for Linux 64-bit built Oct 28 2018
Developed by Bui Quang Minh, Nguyen Lam Tung, Olga Chernomor,
Heiko Schmidt, Dominik Schrempf, Michael Woodhams.

Host:    sango10206.oist.jp (AVX2, FMA3, 125 GB RAM)
Command: iqtree -s examples/Acropora//aln_seqs/led8062.nt.aln -bb 1000 -redo -nt 3 -spp examples/Acropora//aln_seqs/led8062.nt.aln.nex -m MFPMERGE
Seed:    482026 (Using SPRNG - Scalable Parallel Random Number Generator)
Time:    Sat Jan 12 16:19:10 2019
Kernel:  AVX+FMA - 3 threads (24 CPU cores detected)

Reading partition model file examples/Acropora//aln_seqs/led8062.nt.aln.nex ...
Reading alignment file examples/Acropora//aln_seqs/led8062.nt.aln ... Fasta format detected
Alignment most likely contains DNA/RNA sequences
Alignment has 5 sequences with 1368 columns, 79 distinct patterns
21 parsimony-informative, 78 singleton sites, 1269 constant sites
                          Gap/Ambiguity  Composition  p-value
   1  Adif_sc0000352.g20.t1      11.84%    passed     87.42%
   2  Aech_sc0000049.g4906.t1    14.25%    passed     88.08%
   3  Agem_sc0000025.g17507.t1    5.70%    passed     96.63%
   4  Asub_sc0000173.g22469.t1    7.89%    passed     96.66%
   5  Aten_sc0000095.g231.t1      0.00%    passed     73.61%
****  TOTAL                       7.94%  0 sequences failed composition chi2 test (p-value<5%; df=3)
NOTE: No CharPartition defined, use all CharSets

Loading 3 partitions...
Subset	Type	Seqs	Sites	Infor	Invar	Model	Name
1		5	456	4	425	MFPMERGE	p1
2		5	456	6	432	MFPMERGE	p2
3		5	456	11	412	MFPMERGE	p3
Degree of missing data: 0.000
Info: multi-threading strategy over partitions



Create initial parsimony tree by phylogenetic likelihood library (PLL)... 0.000 seconds
NOTE: ModelFinder requires 0 MB RAM!
Testing GTR+F+G on supermatrix...
WARNING: Number of threads seems too high for short alignments. Use -nt AUTO to determine best number of threads.
GTR+F+G4 / LnL: -2483.465 / df: 16 / AIC: 4998.931 / AICc: 4999.333 / BIC: 5082.468
Selecting individual models for 3 charsets using BIC...
 No. Model        Score       Charset
   1 F81+F        1622.830    p1
   2 K2P          1785.028    p3
   3 TPM3u+F      1573.235    p2
Full partition model BIC score: 5037.602 (LnL: -2453.811  df:18)
Merging models to increase model fit (about 7 total partition schemes)...
   4 HKY+F        5049.945    p1+p3
   5 TPM3+F       5039.221    p2+p3
   6 F81+F        5055.417    p1+p2
BEST-FIT PARTITION MODEL: 
  charpartition BIC = F81+F: p1, TPM3u+F: p2, K2P: p3;
Agglomerative model selection: (p1,p2,p3)
Partition information was printed to examples/Acropora//aln_seqs/led8062.nt.aln.nex.best_scheme.nex
Partition information in Raxml format was printed to examples/Acropora//aln_seqs/led8062.nt.aln.nex.best_scheme

All model information printed to examples/Acropora//aln_seqs/led8062.nt.aln.nex.model.gz
CPU time for ModelFinder: 0.618 seconds (0h:0m:0s)
Wall-clock time for ModelFinder: 19.608 seconds (0h:0m:19s)
Generating 1000 samples for ultrafast bootstrap (seed: 482026)...

NOTE: 0 MB RAM (0 GB) is required!
WARNING: Number of threads seems too high for short alignments. Use -nt AUTO to determine best number of threads.
Estimate model parameters (epsilon = 0.100)
Initial log-likelihood: -2473.145
Current log-likelihood at step 1: -2453.749
Current log-likelihood at step 2: -2453.748
Partition-specific rates:  0.953 0.723 1.324
Parameters optimization took 1 rounds (0.165 sec)

Computing ML distances based on estimated model parameters... 0.001 sec
Computing BIONJ tree...
0.220 seconds
Log-likelihood of BIONJ tree: -2453.748
--------------------------------------------------------------------
|             INITIALIZING CANDIDATE TREE SET                      |
--------------------------------------------------------------------
Generating 99 parsimony trees... 2.313 second
Computing log-likelihood of 4 initial trees ... 0.465 seconds
Current best score: -2453.748

Do NNI search on 5 best initial trees
Finish initializing candidate tree set (5)
Current best tree score: -2453.748 / CPU time: 5.860
Number of iterations: 5
--------------------------------------------------------------------
|               OPTIMIZING CANDIDATE TREE SET                      |
--------------------------------------------------------------------
Iteration 10 / LogL: -2453.749 / Time: 0h:0m:11s
Iteration 20 / LogL: -2453.749 / Time: 0h:0m:21s
Iteration 30 / LogL: -2453.749 / Time: 0h:0m:30s (0h:1m:12s left)
Iteration 40 / LogL: -2453.749 / Time: 0h:0m:39s (0h:1m:1s left)
Iteration 50 / LogL: -2453.749 / Time: 0h:0m:49s (0h:0m:50s left)
Log-likelihood cutoff on original alignment: -2488.897
Iteration 60 / LogL: -2453.748 / Time: 0h:1m:1s (0h:0m:41s left)
Iteration 70 / LogL: -2453.748 / Time: 0h:1m:15s (0h:0m:32s left)
Iteration 80 / LogL: -2453.749 / Time: 0h:1m:27s (0h:0m:22s left)
Iteration 90 / LogL: -2453.748 / Time: 0h:1m:38s (0h:0m:11s left)
Iteration 100 / LogL: -2465.364 / Time: 0h:1m:46s (0h:0m:0s left)
Log-likelihood cutoff on original alignment: -2488.905
NOTE: Bootstrap correlation coefficient of split occurrence frequencies: 1.000
TREE SEARCH COMPLETED AFTER 101 ITERATIONS / Time: 0h:1m:48s

--------------------------------------------------------------------
|                    FINALIZING TREE SEARCH                        |
--------------------------------------------------------------------
Performs final model parameters optimization
Estimate model parameters (epsilon = 0.010)
Initial log-likelihood: -2453.748
Current log-likelihood at step 1: -2453.748
Partition-specific rates:  0.953 0.723 1.324
Parameters optimization took 0 rounds (0.051 sec)

BEST SCORE FOUND : -2453.748
Creating bootstrap support values...
Split supports printed to NEXUS file examples/Acropora//aln_seqs/led8062.nt.aln.nex.splits.nex
Total tree length: 0.083

Total number of iterations: 101
CPU time used for tree search: 3.504 sec (0h:0m:3s)
Wall-clock time used for tree search: 107.152 sec (0h:1m:47s)
Total CPU time used: 3.591 sec (0h:0m:3s)
Total wall-clock time used: 110.284 sec (0h:1m:50s)

Computing bootstrap consensus tree...
Reading input file examples/Acropora//aln_seqs/led8062.nt.aln.nex.splits.nex...
5 taxa and 10 splits.
Consensus tree written to examples/Acropora//aln_seqs/led8062.nt.aln.nex.contree
Reading input trees file examples/Acropora//aln_seqs/led8062.nt.aln.nex.contree
Log-likelihood of consensus tree: -2453.748

Analysis results written to: 
  IQ-TREE report:                examples/Acropora//aln_seqs/led8062.nt.aln.nex.iqtree
  Maximum-likelihood tree:       examples/Acropora//aln_seqs/led8062.nt.aln.nex.treefile
  Likelihood distances:          examples/Acropora//aln_seqs/led8062.nt.aln.nex.mldist
  Best partitioning scheme:      examples/Acropora//aln_seqs/led8062.nt.aln.nex.best_scheme.nex
           in RAxML format:      examples/Acropora//aln_seqs/led8062.nt.aln.nex.best_scheme

Ultrafast bootstrap approximation results written to:
  Split support values:          examples/Acropora//aln_seqs/led8062.nt.aln.nex.splits.nex
  Consensus tree:                examples/Acropora//aln_seqs/led8062.nt.aln.nex.contree
  Screen log file:               examples/Acropora//aln_seqs/led8062.nt.aln.nex.log

Date and Time: Sat Jan 12 16:21:22 2019
