IQ-TREE multicore version 1.6.8 for Linux 64-bit built Oct 28 2018
Developed by Bui Quang Minh, Nguyen Lam Tung, Olga Chernomor,
Heiko Schmidt, Dominik Schrempf, Michael Woodhams.

Host:    sango10604.oist.jp (AVX2, FMA3, 125 GB RAM)
Command: iqtree -s examples/10taxon_300genes_4cores_nophylonet//aln_seqs/1_seqgen73.nex.aln -bb 1000 -redo -nt 3 -m MFP
Seed:    271599 (Using SPRNG - Scalable Parallel Random Number Generator)
Time:    Sun Feb 24 19:59:13 2019
Kernel:  AVX+FMA - 3 threads (24 CPU cores detected)

Reading alignment file examples/10taxon_300genes_4cores_nophylonet//aln_seqs/1_seqgen73.nex.aln ... Fasta format detected
Alignment most likely contains DNA/RNA sequences
Alignment has 10 sequences with 500 columns, 146 distinct patterns
84 parsimony-informative, 144 singleton sites, 272 constant sites
    Gap/Ambiguity  Composition  p-value
   1  A     0.00%    passed     84.91%
   2  A0    0.00%    passed     99.05%
   3  A1    0.00%    passed     84.27%
   4  A4    0.00%    passed     99.03%
   5  B     0.00%    passed     99.55%
   6  C     0.00%    passed     59.63%
   7  D     0.00%    passed     96.56%
   8  E     0.00%    passed     94.26%
   9  H     0.00%    passed     86.22%
  10  I     0.00%    passed     78.25%
****  TOTAL    0.00%  0 sequences failed composition chi2 test (p-value<5%; df=3)


Create initial parsimony tree by phylogenetic likelihood library (PLL)... 0.000 seconds
NOTE: ModelFinder requires 1 MB RAM!
ModelFinder will test 286 DNA models (sample size: 500) ...
 No. Model         -LnL         df  AIC          AICc         BIC
WARNING: Number of threads seems too high for short alignments. Use -nt AUTO to determine best number of threads.
  1  JC            2190.290     17  4414.580     4415.849     4486.228
WARNING: Number of threads seems too high for short alignments. Use -nt AUTO to determine best number of threads.
  2  JC+I          2189.904     18  4415.807     4417.229     4491.670
WARNING: Number of threads seems too high for short alignments. Use -nt AUTO to determine best number of threads.
  3  JC+G4         2189.481     18  4414.962     4416.384     4490.825
WARNING: Number of threads seems too high for short alignments. Use -nt AUTO to determine best number of threads.
  4  JC+I+G4       2190.629     19  4419.259     4420.842     4499.336
WARNING: Number of threads seems too high for short alignments. Use -nt AUTO to determine best number of threads.
  5  JC+R2         2189.632     19  4417.263     4418.847     4497.341
WARNING: Number of threads seems too high for short alignments. Use -nt AUTO to determine best number of threads.
  6  JC+R3         2189.580     21  4421.160     4423.093     4509.667
WARNING: Number of threads seems too high for short alignments. Use -nt AUTO to determine best number of threads.
 14  F81+F         2173.111     20  4386.222     4387.976     4470.514
WARNING: Number of threads seems too high for short alignments. Use -nt AUTO to determine best number of threads.
 15  F81+F+I       2172.870     21  4387.739     4389.672     4476.246
WARNING: Number of threads seems too high for short alignments. Use -nt AUTO to determine best number of threads.
 16  F81+F+G4      2172.535     21  4387.070     4389.003     4475.577
WARNING: Number of threads seems too high for short alignments. Use -nt AUTO to determine best number of threads.
 17  F81+F+I+G4    2173.658     22  4391.316     4393.438     4484.038
WARNING: Number of threads seems too high for short alignments. Use -nt AUTO to determine best number of threads.
 18  F81+F+R2      2172.680     22  4389.360     4391.481     4482.081
WARNING: Number of threads seems too high for short alignments. Use -nt AUTO to determine best number of threads.
 19  F81+F+R3      2172.624     24  4393.247     4395.774     4494.398
WARNING: Number of threads seems too high for short alignments. Use -nt AUTO to determine best number of threads.
 27  K2P           2145.066     18  4326.132     4327.554     4401.995
WARNING: Number of threads seems too high for short alignments. Use -nt AUTO to determine best number of threads.
 28  K2P+I         2144.561     19  4327.121     4328.705     4407.199
WARNING: Number of threads seems too high for short alignments. Use -nt AUTO to determine best number of threads.
 29  K2P+G4        2144.056     19  4326.113     4327.696     4406.190
WARNING: Number of threads seems too high for short alignments. Use -nt AUTO to determine best number of threads.
 30  K2P+I+G4      2144.951     20  4329.902     4331.656     4414.195
WARNING: Number of threads seems too high for short alignments. Use -nt AUTO to determine best number of threads.
 31  K2P+R2        2144.153     20  4328.307     4330.060     4412.599
WARNING: Number of threads seems too high for short alignments. Use -nt AUTO to determine best number of threads.
 32  K2P+R3        2144.096     22  4332.192     4334.314     4424.914
WARNING: Number of threads seems too high for short alignments. Use -nt AUTO to determine best number of threads.
 40  HKY+F         2123.271     21  4288.542     4290.475     4377.049
WARNING: Number of threads seems too high for short alignments. Use -nt AUTO to determine best number of threads.
 41  HKY+F+I       2122.960     22  4289.920     4292.042     4382.642
WARNING: Number of threads seems too high for short alignments. Use -nt AUTO to determine best number of threads.
 42  HKY+F+G4      2122.570     22  4289.140     4291.262     4381.862
WARNING: Number of threads seems too high for short alignments. Use -nt AUTO to determine best number of threads.
 43  HKY+F+I+G4    2123.545     23  4293.089     4295.408     4390.025
WARNING: Number of threads seems too high for short alignments. Use -nt AUTO to determine best number of threads.
 44  HKY+F+R2      2122.660     23  4291.320     4293.639     4388.256
WARNING: Number of threads seems too high for short alignments. Use -nt AUTO to determine best number of threads.
 45  HKY+F+R3      2122.603     25  4295.207     4297.950     4400.572
WARNING: Number of threads seems too high for short alignments. Use -nt AUTO to determine best number of threads.
 53  TNe           2144.083     19  4326.165     4327.749     4406.243
WARNING: Number of threads seems too high for short alignments. Use -nt AUTO to determine best number of threads.
 54  TNe+I         2143.637     20  4327.274     4329.027     4411.566
WARNING: Number of threads seems too high for short alignments. Use -nt AUTO to determine best number of threads.
 55  TNe+G4        2143.153     20  4326.307     4328.061     4410.599
WARNING: Number of threads seems too high for short alignments. Use -nt AUTO to determine best number of threads.
 56  TNe+I+G4      2144.000     21  4329.999     4331.932     4418.506
WARNING: Number of threads seems too high for short alignments. Use -nt AUTO to determine best number of threads.
 57  TNe+R2        2143.241     21  4328.482     4330.415     4416.989
WARNING: Number of threads seems too high for short alignments. Use -nt AUTO to determine best number of threads.
 58  TNe+R3        2143.172     23  4332.344     4334.663     4429.280
WARNING: Number of threads seems too high for short alignments. Use -nt AUTO to determine best number of threads.
 66  TN+F          2122.376     22  4288.751     4290.873     4381.473
WARNING: Number of threads seems too high for short alignments. Use -nt AUTO to determine best number of threads.
 67  TN+F+I        2122.124     23  4290.248     4292.567     4387.184
WARNING: Number of threads seems too high for short alignments. Use -nt AUTO to determine best number of threads.
 68  TN+F+G4       2121.756     23  4289.512     4291.831     4386.448
WARNING: Number of threads seems too high for short alignments. Use -nt AUTO to determine best number of threads.
 69  TN+F+I+G4     2122.693     24  4293.386     4295.912     4394.536
WARNING: Number of threads seems too high for short alignments. Use -nt AUTO to determine best number of threads.
 70  TN+F+R2       2121.836     24  4291.671     4294.198     4392.822
WARNING: Number of threads seems too high for short alignments. Use -nt AUTO to determine best number of threads.
 71  TN+F+R3       2121.773     26  4295.547     4298.515     4405.126
WARNING: Number of threads seems too high for short alignments. Use -nt AUTO to determine best number of threads.
 79  K3P           2145.066     19  4328.131     4329.714     4408.209
WARNING: Number of threads seems too high for short alignments. Use -nt AUTO to determine best number of threads.
 80  K3P+I         2144.562     20  4329.123     4330.877     4413.416
WARNING: Number of threads seems too high for short alignments. Use -nt AUTO to determine best number of threads.
 81  K3P+G4        2144.058     20  4328.115     4329.869     4412.407
WARNING: Number of threads seems too high for short alignments. Use -nt AUTO to determine best number of threads.
 82  K3P+I+G4      2144.806     21  4331.611     4333.544     4420.118
WARNING: Number of threads seems too high for short alignments. Use -nt AUTO to determine best number of threads.
 83  K3P+R2        2144.150     21  4330.300     4332.233     4418.807
WARNING: Number of threads seems too high for short alignments. Use -nt AUTO to determine best number of threads.
 84  K3P+R3        2144.062     23  4334.125     4336.444     4431.061
WARNING: Number of threads seems too high for short alignments. Use -nt AUTO to determine best number of threads.
 92  K3Pu+F        2123.076     22  4290.153     4292.274     4382.874
WARNING: Number of threads seems too high for short alignments. Use -nt AUTO to determine best number of threads.
 93  K3Pu+F+I      2122.776     23  4291.551     4293.871     4388.487
WARNING: Number of threads seems too high for short alignments. Use -nt AUTO to determine best number of threads.
 94  K3Pu+F+G4     2122.394     23  4290.789     4293.108     4387.725
WARNING: Number of threads seems too high for short alignments. Use -nt AUTO to determine best number of threads.
 95  K3Pu+F+I+G4   2123.202     24  4294.404     4296.931     4395.555
WARNING: Number of threads seems too high for short alignments. Use -nt AUTO to determine best number of threads.
 96  K3Pu+F+R2     2122.463     24  4292.926     4295.452     4394.076
WARNING: Number of threads seems too high for short alignments. Use -nt AUTO to determine best number of threads.
 97  K3Pu+F+R3     2122.392     26  4296.785     4299.753     4406.364
WARNING: Number of threads seems too high for short alignments. Use -nt AUTO to determine best number of threads.
105  TPM2+F        2123.161     22  4290.323     4292.444     4383.044
WARNING: Number of threads seems too high for short alignments. Use -nt AUTO to determine best number of threads.
106  TPM2+F+I      2122.831     23  4291.661     4293.981     4388.597
WARNING: Number of threads seems too high for short alignments. Use -nt AUTO to determine best number of threads.
107  TPM2+F+G4     2122.427     23  4290.854     4293.173     4387.790
WARNING: Number of threads seems too high for short alignments. Use -nt AUTO to determine best number of threads.
108  TPM2+F+I+G4   2123.184     24  4294.367     4296.894     4395.518
WARNING: Number of threads seems too high for short alignments. Use -nt AUTO to determine best number of threads.
109  TPM2+F+R2     2122.494     24  4292.989     4295.515     4394.139
WARNING: Number of threads seems too high for short alignments. Use -nt AUTO to determine best number of threads.
110  TPM2+F+R3     2122.414     26  4296.829     4299.797     4406.408
WARNING: Number of threads seems too high for short alignments. Use -nt AUTO to determine best number of threads.
118  TPM2u+F       2123.161     22  4290.323     4292.444     4383.044
WARNING: Number of threads seems too high for short alignments. Use -nt AUTO to determine best number of threads.
119  TPM2u+F+I     2122.831     23  4291.661     4293.981     4388.597
WARNING: Number of threads seems too high for short alignments. Use -nt AUTO to determine best number of threads.
120  TPM2u+F+G4    2122.426     23  4290.853     4293.172     4387.789
WARNING: Number of threads seems too high for short alignments. Use -nt AUTO to determine best number of threads.
121  TPM2u+F+I+G4  2123.154     24  4294.309     4296.835     4395.459
WARNING: Number of threads seems too high for short alignments. Use -nt AUTO to determine best number of threads.
122  TPM2u+F+R2    2122.493     24  4292.986     4295.512     4394.136
WARNING: Number of threads seems too high for short alignments. Use -nt AUTO to determine best number of threads.
123  TPM2u+F+R3    2122.408     26  4296.817     4299.785     4406.396
WARNING: Number of threads seems too high for short alignments. Use -nt AUTO to determine best number of threads.
131  TPM3+F        2123.234     22  4290.469     4292.591     4383.190
WARNING: Number of threads seems too high for short alignments. Use -nt AUTO to determine best number of threads.
132  TPM3+F+I      2122.921     23  4291.842     4294.161     4388.778
WARNING: Number of threads seems too high for short alignments. Use -nt AUTO to determine best number of threads.
133  TPM3+F+G4     2122.530     23  4291.060     4293.379     4387.996
WARNING: Number of threads seems too high for short alignments. Use -nt AUTO to determine best number of threads.
134  TPM3+F+I+G4   2123.239     24  4294.479     4297.005     4395.629
WARNING: Number of threads seems too high for short alignments. Use -nt AUTO to determine best number of threads.
135  TPM3+F+R2     2122.592     24  4293.184     4295.710     4394.335
WARNING: Number of threads seems too high for short alignments. Use -nt AUTO to determine best number of threads.
136  TPM3+F+R3     2122.507     26  4297.014     4299.983     4406.594
WARNING: Number of threads seems too high for short alignments. Use -nt AUTO to determine best number of threads.
144  TPM3u+F       2123.234     22  4290.469     4292.591     4383.190
WARNING: Number of threads seems too high for short alignments. Use -nt AUTO to determine best number of threads.
145  TPM3u+F+I     2122.921     23  4291.842     4294.161     4388.778
WARNING: Number of threads seems too high for short alignments. Use -nt AUTO to determine best number of threads.
146  TPM3u+F+G4    2122.529     23  4291.059     4293.378     4387.995
WARNING: Number of threads seems too high for short alignments. Use -nt AUTO to determine best number of threads.
147  TPM3u+F+I+G4  2123.214     24  4294.428     4296.954     4395.579
WARNING: Number of threads seems too high for short alignments. Use -nt AUTO to determine best number of threads.
148  TPM3u+F+R2    2122.591     24  4293.182     4295.708     4394.332
WARNING: Number of threads seems too high for short alignments. Use -nt AUTO to determine best number of threads.
149  TPM3u+F+R3    2122.502     26  4297.004     4299.973     4406.584
WARNING: Number of threads seems too high for short alignments. Use -nt AUTO to determine best number of threads.
157  TIMe          2144.082     20  4328.164     4329.918     4412.456
WARNING: Number of threads seems too high for short alignments. Use -nt AUTO to determine best number of threads.
158  TIMe+I        2143.637     21  4329.274     4331.207     4417.781
WARNING: Number of threads seems too high for short alignments. Use -nt AUTO to determine best number of threads.
159  TIMe+G4       2143.155     21  4328.311     4330.244     4416.817
WARNING: Number of threads seems too high for short alignments. Use -nt AUTO to determine best number of threads.
160  TIMe+I+G4     2143.789     22  4331.578     4333.700     4424.300
WARNING: Number of threads seems too high for short alignments. Use -nt AUTO to determine best number of threads.
161  TIMe+R2       2143.241     22  4330.482     4332.603     4423.203
WARNING: Number of threads seems too high for short alignments. Use -nt AUTO to determine best number of threads.
162  TIMe+R3       2143.120     24  4334.241     4336.767     4435.392
WARNING: Number of threads seems too high for short alignments. Use -nt AUTO to determine best number of threads.
170  TIM+F         2122.179     23  4290.357     4292.677     4387.293
WARNING: Number of threads seems too high for short alignments. Use -nt AUTO to determine best number of threads.
171  TIM+F+I       2121.936     24  4291.872     4294.399     4393.023
WARNING: Number of threads seems too high for short alignments. Use -nt AUTO to determine best number of threads.
172  TIM+F+G4      2121.577     24  4291.155     4293.681     4392.305
WARNING: Number of threads seems too high for short alignments. Use -nt AUTO to determine best number of threads.
173  TIM+F+I+G4    2122.261     25  4294.522     4297.265     4399.888
WARNING: Number of threads seems too high for short alignments. Use -nt AUTO to determine best number of threads.
174  TIM+F+R2      2121.635     25  4293.270     4296.013     4398.635
WARNING: Number of threads seems too high for short alignments. Use -nt AUTO to determine best number of threads.
175  TIM+F+R3      2121.548     27  4297.096     4300.299     4410.890
WARNING: Number of threads seems too high for short alignments. Use -nt AUTO to determine best number of threads.
183  TIM2e         2142.846     20  4325.693     4327.446     4409.985
WARNING: Number of threads seems too high for short alignments. Use -nt AUTO to determine best number of threads.
184  TIM2e+I       2142.251     21  4326.502     4328.436     4415.009
WARNING: Number of threads seems too high for short alignments. Use -nt AUTO to determine best number of threads.
185  TIM2e+G4      2141.698     21  4325.395     4327.328     4413.902
WARNING: Number of threads seems too high for short alignments. Use -nt AUTO to determine best number of threads.
186  TIM2e+I+G4    2142.264     22  4328.528     4330.650     4421.249
WARNING: Number of threads seems too high for short alignments. Use -nt AUTO to determine best number of threads.
187  TIM2e+R2      2141.825     22  4327.650     4329.771     4420.371
WARNING: Number of threads seems too high for short alignments. Use -nt AUTO to determine best number of threads.
188  TIM2e+R3      2141.662     24  4331.323     4333.849     4432.474
WARNING: Number of threads seems too high for short alignments. Use -nt AUTO to determine best number of threads.
196  TIM2+F        2122.264     23  4290.527     4292.847     4387.463
WARNING: Number of threads seems too high for short alignments. Use -nt AUTO to determine best number of threads.
197  TIM2+F+I      2121.996     24  4291.991     4294.517     4393.142
WARNING: Number of threads seems too high for short alignments. Use -nt AUTO to determine best number of threads.
198  TIM2+F+G4     2121.614     24  4291.228     4293.754     4392.378
WARNING: Number of threads seems too high for short alignments. Use -nt AUTO to determine best number of threads.
199  TIM2+F+I+G4   2122.249     25  4294.498     4297.241     4399.863
WARNING: Number of threads seems too high for short alignments. Use -nt AUTO to determine best number of threads.
200  TIM2+F+R2     2121.677     25  4293.353     4296.096     4398.719
WARNING: Number of threads seems too high for short alignments. Use -nt AUTO to determine best number of threads.
201  TIM2+F+R3     2121.577     27  4297.153     4300.357     4410.948
WARNING: Number of threads seems too high for short alignments. Use -nt AUTO to determine best number of threads.
209  TIM3e         2143.457     20  4326.915     4328.668     4411.207
WARNING: Number of threads seems too high for short alignments. Use -nt AUTO to determine best number of threads.
210  TIM3e+I       2142.958     21  4327.916     4329.849     4416.423
WARNING: Number of threads seems too high for short alignments. Use -nt AUTO to determine best number of threads.
211  TIM3e+G4      2142.451     21  4326.902     4328.835     4415.409
WARNING: Number of threads seems too high for short alignments. Use -nt AUTO to determine best number of threads.
212  TIM3e+I+G4    2143.008     22  4330.015     4332.137     4422.736
WARNING: Number of threads seems too high for short alignments. Use -nt AUTO to determine best number of threads.
213  TIM3e+R2      2142.544     22  4329.089     4331.211     4421.810
WARNING: Number of threads seems too high for short alignments. Use -nt AUTO to determine best number of threads.
214  TIM3e+R3      2142.398     24  4332.795     4335.322     4433.946
WARNING: Number of threads seems too high for short alignments. Use -nt AUTO to determine best number of threads.
222  TIM3+F        2122.337     23  4290.673     4292.993     4387.609
WARNING: Number of threads seems too high for short alignments. Use -nt AUTO to determine best number of threads.
223  TIM3+F+I      2122.084     24  4292.169     4294.695     4393.319
WARNING: Number of threads seems too high for short alignments. Use -nt AUTO to determine best number of threads.
224  TIM3+F+G4     2121.714     24  4291.429     4293.955     4392.579
WARNING: Number of threads seems too high for short alignments. Use -nt AUTO to determine best number of threads.
225  TIM3+F+I+G4   2122.324     25  4294.647     4297.390     4400.013
WARNING: Number of threads seems too high for short alignments. Use -nt AUTO to determine best number of threads.
226  TIM3+F+R2     2121.775     25  4293.551     4296.293     4398.916
WARNING: Number of threads seems too high for short alignments. Use -nt AUTO to determine best number of threads.
227  TIM3+F+R3     2121.674     27  4297.349     4300.552     4411.143
WARNING: Number of threads seems too high for short alignments. Use -nt AUTO to determine best number of threads.
235  TVMe          2143.006     21  4328.011     4329.944     4416.518
WARNING: Number of threads seems too high for short alignments. Use -nt AUTO to determine best number of threads.
236  TVMe+I        2142.278     22  4328.556     4330.677     4421.277
WARNING: Number of threads seems too high for short alignments. Use -nt AUTO to determine best number of threads.
237  TVMe+G4       2141.670     22  4327.340     4329.461     4420.061
WARNING: Number of threads seems too high for short alignments. Use -nt AUTO to determine best number of threads.
238  TVMe+I+G4     2142.150     23  4330.300     4332.620     4427.236
WARNING: Number of threads seems too high for short alignments. Use -nt AUTO to determine best number of threads.
239  TVMe+R2       2141.830     23  4329.660     4331.979     4426.596
WARNING: Number of threads seems too high for short alignments. Use -nt AUTO to determine best number of threads.
240  TVMe+R3       2141.627     25  4333.253     4335.996     4438.618
WARNING: Number of threads seems too high for short alignments. Use -nt AUTO to determine best number of threads.
248  TVM+F         2122.847     24  4293.693     4296.219     4394.844
WARNING: Number of threads seems too high for short alignments. Use -nt AUTO to determine best number of threads.
249  TVM+F+I       2122.518     25  4295.036     4297.779     4400.401
WARNING: Number of threads seems too high for short alignments. Use -nt AUTO to determine best number of threads.
250  TVM+F+G4      2122.119     25  4294.238     4296.981     4399.604
WARNING: Number of threads seems too high for short alignments. Use -nt AUTO to determine best number of threads.
251  TVM+F+I+G4    2122.643     26  4297.287     4300.255     4406.867
WARNING: Number of threads seems too high for short alignments. Use -nt AUTO to determine best number of threads.
252  TVM+F+R2      2122.183     26  4296.366     4299.335     4405.946
WARNING: Number of threads seems too high for short alignments. Use -nt AUTO to determine best number of threads.
253  TVM+F+R3      2122.069     28  4300.138     4303.586     4418.147
WARNING: Number of threads seems too high for short alignments. Use -nt AUTO to determine best number of threads.
261  SYM           2142.025     22  4328.050     4330.172     4420.771
WARNING: Number of threads seems too high for short alignments. Use -nt AUTO to determine best number of threads.
262  SYM+I         2141.364     23  4328.727     4331.047     4425.663
WARNING: Number of threads seems too high for short alignments. Use -nt AUTO to determine best number of threads.
263  SYM+G4        2140.784     23  4327.568     4329.887     4424.504
WARNING: Number of threads seems too high for short alignments. Use -nt AUTO to determine best number of threads.
264  SYM+I+G4      2141.246     24  4330.493     4333.019     4431.643
WARNING: Number of threads seems too high for short alignments. Use -nt AUTO to determine best number of threads.
265  SYM+R2        2140.910     24  4329.820     4332.346     4430.971
WARNING: Number of threads seems too high for short alignments. Use -nt AUTO to determine best number of threads.
266  SYM+R3        2140.715     26  4333.429     4336.397     4443.009
WARNING: Number of threads seems too high for short alignments. Use -nt AUTO to determine best number of threads.
274  GTR+F         2121.945     25  4293.889     4296.632     4399.254
WARNING: Number of threads seems too high for short alignments. Use -nt AUTO to determine best number of threads.
275  GTR+F+I       2121.680     26  4295.360     4298.328     4404.940
WARNING: Number of threads seems too high for short alignments. Use -nt AUTO to determine best number of threads.
276  GTR+F+G4      2121.304     26  4294.608     4297.576     4404.188
WARNING: Number of threads seems too high for short alignments. Use -nt AUTO to determine best number of threads.
277  GTR+F+I+G4    2121.832     27  4297.664     4300.867     4411.458
WARNING: Number of threads seems too high for short alignments. Use -nt AUTO to determine best number of threads.
278  GTR+F+R2      2121.371     27  4296.743     4299.946     4410.537
WARNING: Number of threads seems too high for short alignments. Use -nt AUTO to determine best number of threads.
279  GTR+F+R3      2121.259     29  4300.518     4304.221     4422.742
Akaike Information Criterion:           HKY+F
Corrected Akaike Information Criterion: HKY+F
Bayesian Information Criterion:         HKY+F
Best-fit model: HKY+F chosen according to BIC

All model information printed to examples/10taxon_300genes_4cores_nophylonet//aln_seqs/1_seqgen73.nex.aln.model.gz
CPU time for ModelFinder: 4.109 seconds (0h:0m:4s)
Wall-clock time for ModelFinder: 103.520 seconds (0h:1m:43s)
Generating 1000 samples for ultrafast bootstrap (seed: 271599)...

NOTE: 0 MB RAM (0 GB) is required!
WARNING: Number of threads seems too high for short alignments. Use -nt AUTO to determine best number of threads.
Estimate model parameters (epsilon = 0.100)
1. Initial log-likelihood: -2173.138
2. Current log-likelihood: -2123.297
Optimal log-likelihood: -2123.271
Rate parameters:  A-C: 1.00000  A-G: 3.37464  A-T: 1.00000  C-G: 1.00000  C-T: 3.37464  G-T: 1.00000
Base frequencies:  A: 0.294  C: 0.187  G: 0.198  T: 0.321
Parameters optimization took 2 rounds (0.635 sec)
Computing ML distances based on estimated model parameters... 0.002 sec
Computing BIONJ tree...
0.135 seconds
Log-likelihood of BIONJ tree: -2123.271
--------------------------------------------------------------------
|             INITIALIZING CANDIDATE TREE SET                      |
--------------------------------------------------------------------
Generating 99 parsimony trees... 1.685 second
Computing log-likelihood of 84 initial trees ... 12.015 seconds
Current best score: -2123.271

Do NNI search on 20 best initial trees
Estimate model parameters (epsilon = 0.100)
BETTER TREE FOUND at iteration 1: -2123.271
Iteration 10 / LogL: -2123.294 / Time: 0h:0m:23s
Iteration 20 / LogL: -2123.271 / Time: 0h:0m:40s
Finish initializing candidate tree set (1)
Current best tree score: -2123.271 / CPU time: 38.867
Number of iterations: 20
--------------------------------------------------------------------
|               OPTIMIZING CANDIDATE TREE SET                      |
--------------------------------------------------------------------
Iteration 30 / LogL: -2123.271 / Time: 0h:1m:8s (0h:2m:47s left)
Iteration 40 / LogL: -2123.271 / Time: 0h:1m:37s (0h:2m:31s left)
Iteration 50 / LogL: -2123.274 / Time: 0h:2m:11s (0h:2m:16s left)
Log-likelihood cutoff on original alignment: -2158.685
Iteration 60 / LogL: -2123.276 / Time: 0h:2m:25s (0h:1m:41s left)
Iteration 70 / LogL: -2123.271 / Time: 0h:2m:34s (0h:1m:9s left)
Iteration 80 / LogL: -2123.272 / Time: 0h:2m:39s (0h:0m:42s left)
Iteration 90 / LogL: -2123.273 / Time: 0h:2m:44s (0h:0m:20s left)
Iteration 100 / LogL: -2123.273 / Time: 0h:2m:46s (0h:0m:1s left)
Log-likelihood cutoff on original alignment: -2158.685
NOTE: Bootstrap correlation coefficient of split occurrence frequencies: 1.000
TREE SEARCH COMPLETED AFTER 102 ITERATIONS / Time: 0h:2m:46s

--------------------------------------------------------------------
|                    FINALIZING TREE SEARCH                        |
--------------------------------------------------------------------
Performs final model parameters optimization
Estimate model parameters (epsilon = 0.010)
1. Initial log-likelihood: -2123.271
Optimal log-likelihood: -2123.271
Rate parameters:  A-C: 1.00000  A-G: 3.37464  A-T: 1.00000  C-G: 1.00000  C-T: 3.37464  G-T: 1.00000
Base frequencies:  A: 0.294  C: 0.187  G: 0.198  T: 0.321
Parameters optimization took 1 rounds (0.015 sec)
BEST SCORE FOUND : -2123.271
Creating bootstrap support values...
Split supports printed to NEXUS file examples/10taxon_300genes_4cores_nophylonet//aln_seqs/1_seqgen73.nex.aln.splits.nex
Total tree length: 0.641

Total number of iterations: 102
CPU time used for tree search: 10.196 sec (0h:0m:10s)
Wall-clock time used for tree search: 164.847 sec (0h:2m:44s)
Total CPU time used: 10.364 sec (0h:0m:10s)
Total wall-clock time used: 167.069 sec (0h:2m:47s)

Computing bootstrap consensus tree...
Reading input file examples/10taxon_300genes_4cores_nophylonet//aln_seqs/1_seqgen73.nex.aln.splits.nex...
10 taxa and 28 splits.
Consensus tree written to examples/10taxon_300genes_4cores_nophylonet//aln_seqs/1_seqgen73.nex.aln.contree
Reading input trees file examples/10taxon_300genes_4cores_nophylonet//aln_seqs/1_seqgen73.nex.aln.contree
Log-likelihood of consensus tree: -2123.271

Analysis results written to: 
  IQ-TREE report:                examples/10taxon_300genes_4cores_nophylonet//aln_seqs/1_seqgen73.nex.aln.iqtree
  Maximum-likelihood tree:       examples/10taxon_300genes_4cores_nophylonet//aln_seqs/1_seqgen73.nex.aln.treefile
  Likelihood distances:          examples/10taxon_300genes_4cores_nophylonet//aln_seqs/1_seqgen73.nex.aln.mldist

Ultrafast bootstrap approximation results written to:
  Split support values:          examples/10taxon_300genes_4cores_nophylonet//aln_seqs/1_seqgen73.nex.aln.splits.nex
  Consensus tree:                examples/10taxon_300genes_4cores_nophylonet//aln_seqs/1_seqgen73.nex.aln.contree
  Screen log file:               examples/10taxon_300genes_4cores_nophylonet//aln_seqs/1_seqgen73.nex.aln.log

Date and Time: Sun Feb 24 20:03:44 2019
