IQ-TREE multicore version 1.6.8 for Linux 64-bit built Oct 28 2018
Developed by Bui Quang Minh, Nguyen Lam Tung, Olga Chernomor,
Heiko Schmidt, Dominik Schrempf, Michael Woodhams.

Host:    sango10604.oist.jp (AVX2, FMA3, 125 GB RAM)
Command: iqtree -s examples/10taxon_300genes_4cores_nophylonet//aln_seqs/1_seqgen119.nex.aln -bb 1000 -redo -nt 3 -m MFP
Seed:    333175 (Using SPRNG - Scalable Parallel Random Number Generator)
Time:    Sun Feb 24 19:58:54 2019
Kernel:  AVX+FMA - 3 threads (24 CPU cores detected)

Reading alignment file examples/10taxon_300genes_4cores_nophylonet//aln_seqs/1_seqgen119.nex.aln ... Fasta format detected
Alignment most likely contains DNA/RNA sequences
Alignment has 10 sequences with 500 columns, 141 distinct patterns
78 parsimony-informative, 124 singleton sites, 298 constant sites
    Gap/Ambiguity  Composition  p-value
   1  A     0.00%    passed     72.33%
   2  A0    0.00%    passed     90.56%
   3  A1    0.00%    passed     78.66%
   4  A4    0.00%    passed     94.16%
   5  B     0.00%    passed     96.40%
   6  C     0.00%    passed     76.46%
   7  D     0.00%    passed     86.80%
   8  E     0.00%    passed     93.37%
   9  H     0.00%    passed     83.78%
  10  I     0.00%    passed     88.02%
****  TOTAL    0.00%  0 sequences failed composition chi2 test (p-value<5%; df=3)


Create initial parsimony tree by phylogenetic likelihood library (PLL)... 0.000 seconds
NOTE: ModelFinder requires 1 MB RAM!
ModelFinder will test 286 DNA models (sample size: 500) ...
 No. Model         -LnL         df  AIC          AICc         BIC
WARNING: Number of threads seems too high for short alignments. Use -nt AUTO to determine best number of threads.
  1  JC            2053.229     17  4140.458     4141.728     4212.107
WARNING: Number of threads seems too high for short alignments. Use -nt AUTO to determine best number of threads.
  2  JC+I          2052.879     18  4141.758     4143.180     4217.621
WARNING: Number of threads seems too high for short alignments. Use -nt AUTO to determine best number of threads.
  3  JC+G4         2052.728     18  4141.456     4142.878     4217.319
WARNING: Number of threads seems too high for short alignments. Use -nt AUTO to determine best number of threads.
  4  JC+I+G4       2053.679     19  4145.358     4146.942     4225.436
WARNING: Number of threads seems too high for short alignments. Use -nt AUTO to determine best number of threads.
  5  JC+R2         2052.825     19  4143.650     4145.233     4223.727
WARNING: Number of threads seems too high for short alignments. Use -nt AUTO to determine best number of threads.
  6  JC+R3         2052.807     21  4147.615     4149.548     4236.122
WARNING: Number of threads seems too high for short alignments. Use -nt AUTO to determine best number of threads.
 14  F81+F         2041.328     20  4122.655     4124.409     4206.948
WARNING: Number of threads seems too high for short alignments. Use -nt AUTO to determine best number of threads.
 15  F81+F+I       2041.064     21  4124.129     4126.062     4212.636
WARNING: Number of threads seems too high for short alignments. Use -nt AUTO to determine best number of threads.
 16  F81+F+G4      2040.957     21  4123.914     4125.847     4212.421
WARNING: Number of threads seems too high for short alignments. Use -nt AUTO to determine best number of threads.
 17  F81+F+I+G4    2041.932     22  4127.863     4129.985     4220.585
WARNING: Number of threads seems too high for short alignments. Use -nt AUTO to determine best number of threads.
 18  F81+F+R2      2041.051     22  4126.103     4128.225     4218.824
WARNING: Number of threads seems too high for short alignments. Use -nt AUTO to determine best number of threads.
 19  F81+F+R3      2041.024     24  4130.047     4132.574     4231.198
WARNING: Number of threads seems too high for short alignments. Use -nt AUTO to determine best number of threads.
 27  K2P           2006.064     18  4048.128     4049.550     4123.991
WARNING: Number of threads seems too high for short alignments. Use -nt AUTO to determine best number of threads.
 28  K2P+I         2005.527     19  4049.055     4050.638     4129.132
WARNING: Number of threads seems too high for short alignments. Use -nt AUTO to determine best number of threads.
 29  K2P+G4        2005.294     19  4048.587     4050.171     4128.665
WARNING: Number of threads seems too high for short alignments. Use -nt AUTO to determine best number of threads.
 30  K2P+I+G4      2005.978     20  4051.956     4053.710     4136.248
WARNING: Number of threads seems too high for short alignments. Use -nt AUTO to determine best number of threads.
 31  K2P+R2        2005.310     20  4050.619     4052.373     4134.912
WARNING: Number of threads seems too high for short alignments. Use -nt AUTO to determine best number of threads.
 32  K2P+R3        2005.308     22  4054.616     4056.738     4147.338
WARNING: Number of threads seems too high for short alignments. Use -nt AUTO to determine best number of threads.
 40  HKY+F         1991.174     21  4024.347     4026.280     4112.854
WARNING: Number of threads seems too high for short alignments. Use -nt AUTO to determine best number of threads.
 41  HKY+F+I       1990.800     22  4025.600     4027.722     4118.322
WARNING: Number of threads seems too high for short alignments. Use -nt AUTO to determine best number of threads.
 42  HKY+F+G4      1990.620     22  4025.241     4027.362     4117.962
WARNING: Number of threads seems too high for short alignments. Use -nt AUTO to determine best number of threads.
 43  HKY+F+I+G4    1991.398     23  4028.796     4031.115     4125.732
WARNING: Number of threads seems too high for short alignments. Use -nt AUTO to determine best number of threads.
 44  HKY+F+R2      1990.648     23  4027.296     4029.615     4124.232
WARNING: Number of threads seems too high for short alignments. Use -nt AUTO to determine best number of threads.
 45  HKY+F+R3      1990.641     25  4031.281     4034.024     4136.646
WARNING: Number of threads seems too high for short alignments. Use -nt AUTO to determine best number of threads.
 53  TNe           2006.053     19  4050.106     4051.689     4130.183
WARNING: Number of threads seems too high for short alignments. Use -nt AUTO to determine best number of threads.
 54  TNe+I         2005.507     20  4051.013     4052.767     4135.305
WARNING: Number of threads seems too high for short alignments. Use -nt AUTO to determine best number of threads.
 55  TNe+G4        2005.272     20  4050.545     4052.298     4134.837
WARNING: Number of threads seems too high for short alignments. Use -nt AUTO to determine best number of threads.
 56  TNe+I+G4      2005.863     21  4053.726     4055.659     4142.232
WARNING: Number of threads seems too high for short alignments. Use -nt AUTO to determine best number of threads.
 57  TNe+R2        2005.286     21  4052.572     4054.505     4141.079
WARNING: Number of threads seems too high for short alignments. Use -nt AUTO to determine best number of threads.
 58  TNe+R3        2005.286     23  4056.572     4058.891     4153.508
WARNING: Number of threads seems too high for short alignments. Use -nt AUTO to determine best number of threads.
 66  TN+F          1991.035     22  4026.069     4028.191     4118.791
WARNING: Number of threads seems too high for short alignments. Use -nt AUTO to determine best number of threads.
 67  TN+F+I        1990.618     23  4027.235     4029.554     4124.171
WARNING: Number of threads seems too high for short alignments. Use -nt AUTO to determine best number of threads.
 68  TN+F+G4       1990.441     23  4026.881     4029.201     4123.817
WARNING: Number of threads seems too high for short alignments. Use -nt AUTO to determine best number of threads.
 69  TN+F+I+G4     1991.068     24  4030.135     4032.661     4131.286
WARNING: Number of threads seems too high for short alignments. Use -nt AUTO to determine best number of threads.
 70  TN+F+R2       1990.456     24  4028.911     4031.438     4130.062
WARNING: Number of threads seems too high for short alignments. Use -nt AUTO to determine best number of threads.
 71  TN+F+R3       1990.454     26  4032.908     4035.876     4142.488
WARNING: Number of threads seems too high for short alignments. Use -nt AUTO to determine best number of threads.
 79  K3P           2006.010     19  4050.020     4051.604     4130.098
WARNING: Number of threads seems too high for short alignments. Use -nt AUTO to determine best number of threads.
 80  K3P+I         2005.471     20  4050.942     4052.695     4135.234
WARNING: Number of threads seems too high for short alignments. Use -nt AUTO to determine best number of threads.
 81  K3P+G4        2005.228     20  4050.457     4052.210     4134.749
WARNING: Number of threads seems too high for short alignments. Use -nt AUTO to determine best number of threads.
 82  K3P+I+G4      2005.770     21  4053.540     4055.473     4142.047
WARNING: Number of threads seems too high for short alignments. Use -nt AUTO to determine best number of threads.
 83  K3P+R2        2005.244     21  4052.487     4054.420     4140.994
WARNING: Number of threads seems too high for short alignments. Use -nt AUTO to determine best number of threads.
 84  K3P+R3        2005.244     23  4056.487     4058.807     4153.423
WARNING: Number of threads seems too high for short alignments. Use -nt AUTO to determine best number of threads.
 92  K3Pu+F        1991.170     22  4026.339     4028.461     4119.061
WARNING: Number of threads seems too high for short alignments. Use -nt AUTO to determine best number of threads.
 93  K3Pu+F+I      1990.797     23  4027.595     4029.914     4124.531
WARNING: Number of threads seems too high for short alignments. Use -nt AUTO to determine best number of threads.
 94  K3Pu+F+G4     1990.618     23  4027.237     4029.556     4124.173
WARNING: Number of threads seems too high for short alignments. Use -nt AUTO to determine best number of threads.
 95  K3Pu+F+I+G4   1991.233     24  4030.466     4032.993     4131.617
WARNING: Number of threads seems too high for short alignments. Use -nt AUTO to determine best number of threads.
 96  K3Pu+F+R2     1990.635     24  4029.269     4031.796     4130.420
WARNING: Number of threads seems too high for short alignments. Use -nt AUTO to determine best number of threads.
 97  K3Pu+F+R3     1990.632     26  4033.264     4036.232     4142.844
WARNING: Number of threads seems too high for short alignments. Use -nt AUTO to determine best number of threads.
105  TPM2+F        1990.442     22  4024.884     4027.005     4117.605
WARNING: Number of threads seems too high for short alignments. Use -nt AUTO to determine best number of threads.
106  TPM2+F+I      1990.101     23  4026.201     4028.521     4123.137
WARNING: Number of threads seems too high for short alignments. Use -nt AUTO to determine best number of threads.
107  TPM2+F+G4     1989.912     23  4025.824     4028.144     4122.760
WARNING: Number of threads seems too high for short alignments. Use -nt AUTO to determine best number of threads.
108  TPM2+F+I+G4   1990.541     24  4029.082     4031.609     4130.233
WARNING: Number of threads seems too high for short alignments. Use -nt AUTO to determine best number of threads.
109  TPM2+F+R2     1989.929     24  4027.857     4030.383     4129.008
WARNING: Number of threads seems too high for short alignments. Use -nt AUTO to determine best number of threads.
110  TPM2+F+R3     1989.925     26  4031.850     4034.819     4141.430
WARNING: Number of threads seems too high for short alignments. Use -nt AUTO to determine best number of threads.
118  TPM2u+F       1990.442     22  4024.884     4027.005     4117.605
WARNING: Number of threads seems too high for short alignments. Use -nt AUTO to determine best number of threads.
119  TPM2u+F+I     1990.101     23  4026.202     4028.521     4123.138
WARNING: Number of threads seems too high for short alignments. Use -nt AUTO to determine best number of threads.
120  TPM2u+F+G4    1989.912     23  4025.825     4028.144     4122.761
WARNING: Number of threads seems too high for short alignments. Use -nt AUTO to determine best number of threads.
121  TPM2u+F+I+G4  1990.506     24  4029.013     4031.539     4130.163
WARNING: Number of threads seems too high for short alignments. Use -nt AUTO to determine best number of threads.
122  TPM2u+F+R2    1989.925     24  4027.851     4030.377     4129.002
WARNING: Number of threads seems too high for short alignments. Use -nt AUTO to determine best number of threads.
123  TPM2u+F+R3    1989.923     26  4031.845     4034.814     4141.425
WARNING: Number of threads seems too high for short alignments. Use -nt AUTO to determine best number of threads.
131  TPM3+F        1990.860     22  4025.721     4027.843     4118.442
WARNING: Number of threads seems too high for short alignments. Use -nt AUTO to determine best number of threads.
132  TPM3+F+I      1990.510     23  4027.021     4029.340     4123.957
WARNING: Number of threads seems too high for short alignments. Use -nt AUTO to determine best number of threads.
133  TPM3+F+G4     1990.314     23  4026.627     4028.946     4123.563
WARNING: Number of threads seems too high for short alignments. Use -nt AUTO to determine best number of threads.
134  TPM3+F+I+G4   1990.867     24  4029.733     4032.259     4130.884
WARNING: Number of threads seems too high for short alignments. Use -nt AUTO to determine best number of threads.
135  TPM3+F+R2     1990.325     24  4028.650     4031.177     4129.801
WARNING: Number of threads seems too high for short alignments. Use -nt AUTO to determine best number of threads.
136  TPM3+F+R3     1990.324     26  4032.647     4035.615     4142.227
WARNING: Number of threads seems too high for short alignments. Use -nt AUTO to determine best number of threads.
144  TPM3u+F       1990.860     22  4025.721     4027.843     4118.442
WARNING: Number of threads seems too high for short alignments. Use -nt AUTO to determine best number of threads.
145  TPM3u+F+I     1990.510     23  4027.021     4029.340     4123.957
WARNING: Number of threads seems too high for short alignments. Use -nt AUTO to determine best number of threads.
146  TPM3u+F+G4    1990.313     23  4026.627     4028.946     4123.563
WARNING: Number of threads seems too high for short alignments. Use -nt AUTO to determine best number of threads.
147  TPM3u+F+I+G4  1990.840     24  4029.680     4032.206     4130.831
WARNING: Number of threads seems too high for short alignments. Use -nt AUTO to determine best number of threads.
148  TPM3u+F+R2    1990.324     24  4028.648     4031.175     4129.799
WARNING: Number of threads seems too high for short alignments. Use -nt AUTO to determine best number of threads.
149  TPM3u+F+R3    1990.323     26  4032.646     4035.615     4142.226
WARNING: Number of threads seems too high for short alignments. Use -nt AUTO to determine best number of threads.
157  TIMe          2005.999     20  4051.999     4053.752     4136.291
WARNING: Number of threads seems too high for short alignments. Use -nt AUTO to determine best number of threads.
158  TIMe+I        2005.449     21  4052.898     4054.831     4141.405
WARNING: Number of threads seems too high for short alignments. Use -nt AUTO to determine best number of threads.
159  TIMe+G4       2005.207     21  4052.414     4054.347     4140.921
WARNING: Number of threads seems too high for short alignments. Use -nt AUTO to determine best number of threads.
160  TIMe+I+G4     2005.604     22  4055.208     4057.330     4147.930
WARNING: Number of threads seems too high for short alignments. Use -nt AUTO to determine best number of threads.
161  TIMe+R2       2005.230     22  4054.460     4056.582     4147.182
WARNING: Number of threads seems too high for short alignments. Use -nt AUTO to determine best number of threads.
162  TIMe+R3       2005.226     24  4058.451     4060.977     4159.602
WARNING: Number of threads seems too high for short alignments. Use -nt AUTO to determine best number of threads.
170  TIM+F         1991.031     23  4028.063     4030.382     4124.999
WARNING: Number of threads seems too high for short alignments. Use -nt AUTO to determine best number of threads.
171  TIM+F+I       1990.614     24  4029.228     4031.754     4130.379
WARNING: Number of threads seems too high for short alignments. Use -nt AUTO to determine best number of threads.
172  TIM+F+G4      1990.439     24  4028.878     4031.404     4130.028
WARNING: Number of threads seems too high for short alignments. Use -nt AUTO to determine best number of threads.
173  TIM+F+I+G4    1990.847     25  4031.695     4034.437     4137.060
WARNING: Number of threads seems too high for short alignments. Use -nt AUTO to determine best number of threads.
174  TIM+F+R2      1990.446     25  4030.893     4033.635     4136.258
WARNING: Number of threads seems too high for short alignments. Use -nt AUTO to determine best number of threads.
175  TIM+F+R3      1990.446     27  4034.892     4038.096     4148.687
WARNING: Number of threads seems too high for short alignments. Use -nt AUTO to determine best number of threads.
183  TIM2e         2006.041     20  4052.081     4053.835     4136.373
WARNING: Number of threads seems too high for short alignments. Use -nt AUTO to determine best number of threads.
184  TIM2e+I       2005.504     21  4053.007     4054.940     4141.514
WARNING: Number of threads seems too high for short alignments. Use -nt AUTO to determine best number of threads.
185  TIM2e+G4      2005.270     21  4052.539     4054.473     4141.046
WARNING: Number of threads seems too high for short alignments. Use -nt AUTO to determine best number of threads.
186  TIM2e+I+G4    2005.640     22  4055.279     4057.401     4148.000
WARNING: Number of threads seems too high for short alignments. Use -nt AUTO to determine best number of threads.
187  TIM2e+R2      2005.288     22  4054.575     4056.697     4147.296
WARNING: Number of threads seems too high for short alignments. Use -nt AUTO to determine best number of threads.
188  TIM2e+R3      2005.287     24  4058.574     4061.100     4159.725
WARNING: Number of threads seems too high for short alignments. Use -nt AUTO to determine best number of threads.
196  TIM2+F        1990.303     23  4026.606     4028.925     4123.542
WARNING: Number of threads seems too high for short alignments. Use -nt AUTO to determine best number of threads.
197  TIM2+F+I      1989.922     24  4027.844     4030.371     4128.995
WARNING: Number of threads seems too high for short alignments. Use -nt AUTO to determine best number of threads.
198  TIM2+F+G4     1989.737     24  4027.473     4030.000     4128.624
WARNING: Number of threads seems too high for short alignments. Use -nt AUTO to determine best number of threads.
199  TIM2+F+I+G4   1990.156     25  4030.312     4033.054     4135.677
WARNING: Number of threads seems too high for short alignments. Use -nt AUTO to determine best number of threads.
200  TIM2+F+R2     1989.747     25  4029.493     4032.236     4134.858
WARNING: Number of threads seems too high for short alignments. Use -nt AUTO to determine best number of threads.
201  TIM2+F+R3     1989.746     27  4033.492     4036.696     4147.287
WARNING: Number of threads seems too high for short alignments. Use -nt AUTO to determine best number of threads.
209  TIM3e         2004.626     20  4049.252     4051.006     4133.544
WARNING: Number of threads seems too high for short alignments. Use -nt AUTO to determine best number of threads.
210  TIM3e+I       2004.066     21  4050.132     4052.065     4138.638
WARNING: Number of threads seems too high for short alignments. Use -nt AUTO to determine best number of threads.
211  TIM3e+G4      2003.773     21  4049.547     4051.480     4138.054
WARNING: Number of threads seems too high for short alignments. Use -nt AUTO to determine best number of threads.
212  TIM3e+I+G4    2004.174     22  4052.347     4054.469     4145.068
WARNING: Number of threads seems too high for short alignments. Use -nt AUTO to determine best number of threads.
213  TIM3e+R2      2003.803     22  4051.606     4053.728     4144.328
WARNING: Number of threads seems too high for short alignments. Use -nt AUTO to determine best number of threads.
214  TIM3e+R3      2003.802     24  4055.603     4058.129     4156.754
WARNING: Number of threads seems too high for short alignments. Use -nt AUTO to determine best number of threads.
222  TIM3+F        1990.722     23  4027.443     4029.762     4124.379
WARNING: Number of threads seems too high for short alignments. Use -nt AUTO to determine best number of threads.
223  TIM3+F+I      1990.329     24  4028.659     4031.185     4129.810
WARNING: Number of threads seems too high for short alignments. Use -nt AUTO to determine best number of threads.
224  TIM3+F+G4     1990.135     24  4028.269     4030.796     4129.420
WARNING: Number of threads seems too high for short alignments. Use -nt AUTO to determine best number of threads.
225  TIM3+F+I+G4   1990.525     25  4031.051     4033.793     4136.416
WARNING: Number of threads seems too high for short alignments. Use -nt AUTO to determine best number of threads.
226  TIM3+F+R2     1990.146     25  4030.292     4033.034     4135.657
WARNING: Number of threads seems too high for short alignments. Use -nt AUTO to determine best number of threads.
227  TIM3+F+R3     1990.146     27  4034.291     4037.495     4148.086
WARNING: Number of threads seems too high for short alignments. Use -nt AUTO to determine best number of threads.
235  TVMe          2004.610     21  4051.221     4053.154     4139.728
WARNING: Number of threads seems too high for short alignments. Use -nt AUTO to determine best number of threads.
236  TVMe+I        2004.069     22  4052.139     4054.260     4144.860
WARNING: Number of threads seems too high for short alignments. Use -nt AUTO to determine best number of threads.
237  TVMe+G4       2003.775     22  4051.550     4053.672     4144.271
WARNING: Number of threads seems too high for short alignments. Use -nt AUTO to determine best number of threads.
238  TVMe+I+G4     2004.167     23  4054.334     4056.653     4151.270
WARNING: Number of threads seems too high for short alignments. Use -nt AUTO to determine best number of threads.
239  TVMe+R2       2003.801     23  4053.601     4055.920     4150.537
WARNING: Number of threads seems too high for short alignments. Use -nt AUTO to determine best number of threads.
240  TVMe+R3       2003.799     25  4057.598     4060.341     4162.963
WARNING: Number of threads seems too high for short alignments. Use -nt AUTO to determine best number of threads.
248  TVM+F         1990.130     24  4028.259     4030.786     4129.410
WARNING: Number of threads seems too high for short alignments. Use -nt AUTO to determine best number of threads.
249  TVM+F+I       1989.809     25  4029.617     4032.360     4134.982
WARNING: Number of threads seems too high for short alignments. Use -nt AUTO to determine best number of threads.
250  TVM+F+G4      1989.603     25  4029.205     4031.948     4134.570
WARNING: Number of threads seems too high for short alignments. Use -nt AUTO to determine best number of threads.
251  TVM+F+I+G4    1990.046     26  4032.091     4035.060     4141.671
WARNING: Number of threads seems too high for short alignments. Use -nt AUTO to determine best number of threads.
252  TVM+F+R2      1989.621     26  4031.242     4034.210     4140.822
WARNING: Number of threads seems too high for short alignments. Use -nt AUTO to determine best number of threads.
253  TVM+F+R3      1989.620     28  4035.240     4038.688     4153.249
WARNING: Number of threads seems too high for short alignments. Use -nt AUTO to determine best number of threads.
261  SYM           2004.601     22  4053.201     4055.323     4145.923
WARNING: Number of threads seems too high for short alignments. Use -nt AUTO to determine best number of threads.
262  SYM+I         2004.046     23  4054.092     4056.411     4151.028
WARNING: Number of threads seems too high for short alignments. Use -nt AUTO to determine best number of threads.
263  SYM+G4        2003.750     23  4053.501     4055.820     4150.437
WARNING: Number of threads seems too high for short alignments. Use -nt AUTO to determine best number of threads.
264  SYM+I+G4      2004.123     24  4056.246     4058.772     4157.397
WARNING: Number of threads seems too high for short alignments. Use -nt AUTO to determine best number of threads.
265  SYM+R2        2003.779     24  4055.557     4058.084     4156.708
WARNING: Number of threads seems too high for short alignments. Use -nt AUTO to determine best number of threads.
266  SYM+R3        2003.777     26  4059.555     4062.523     4169.134
WARNING: Number of threads seems too high for short alignments. Use -nt AUTO to determine best number of threads.
274  GTR+F         1989.989     25  4029.979     4032.721     4135.344
WARNING: Number of threads seems too high for short alignments. Use -nt AUTO to determine best number of threads.
275  GTR+F+I       1989.633     26  4031.266     4034.234     4140.845
WARNING: Number of threads seems too high for short alignments. Use -nt AUTO to determine best number of threads.
276  GTR+F+G4      1989.428     26  4030.855     4033.823     4140.435
WARNING: Number of threads seems too high for short alignments. Use -nt AUTO to determine best number of threads.
277  GTR+F+I+G4    1989.812     27  4033.624     4036.827     4147.418
WARNING: Number of threads seems too high for short alignments. Use -nt AUTO to determine best number of threads.
278  GTR+F+R2      1989.442     27  4032.884     4036.087     4146.678
WARNING: Number of threads seems too high for short alignments. Use -nt AUTO to determine best number of threads.
279  GTR+F+R3      1989.441     29  4036.882     4040.584     4159.106
Akaike Information Criterion:           HKY+F
Corrected Akaike Information Criterion: HKY+F
Bayesian Information Criterion:         HKY+F
Best-fit model: HKY+F chosen according to BIC

All model information printed to examples/10taxon_300genes_4cores_nophylonet//aln_seqs/1_seqgen119.nex.aln.model.gz
CPU time for ModelFinder: 2.357 seconds (0h:0m:2s)
Wall-clock time for ModelFinder: 46.554 seconds (0h:0m:46s)
Generating 1000 samples for ultrafast bootstrap (seed: 333175)...

NOTE: 0 MB RAM (0 GB) is required!
WARNING: Number of threads seems too high for short alignments. Use -nt AUTO to determine best number of threads.
Estimate model parameters (epsilon = 0.100)
1. Initial log-likelihood: -2041.423
2. Current log-likelihood: -1991.242
Optimal log-likelihood: -1991.173
Rate parameters:  A-C: 1.00000  A-G: 3.66835  A-T: 1.00000  C-G: 1.00000  C-T: 3.66835  G-T: 1.00000
Base frequencies:  A: 0.320  C: 0.198  G: 0.200  T: 0.282
Parameters optimization took 2 rounds (0.428 sec)
Computing ML distances based on estimated model parameters... 0.002 sec
Computing BIONJ tree...
0.155 seconds
Log-likelihood of BIONJ tree: -1991.173
--------------------------------------------------------------------
|             INITIALIZING CANDIDATE TREE SET                      |
--------------------------------------------------------------------
Generating 99 parsimony trees... 1.848 second
Computing log-likelihood of 87 initial trees ... 13.028 seconds
Current best score: -1991.173

Do NNI search on 20 best initial trees
Estimate model parameters (epsilon = 0.100)
BETTER TREE FOUND at iteration 1: -1991.173
Iteration 10 / LogL: -1991.173 / Time: 0h:0m:42s
Iteration 20 / LogL: -1991.174 / Time: 0h:1m:5s
Finish initializing candidate tree set (1)
Current best tree score: -1991.173 / CPU time: 65.235
Number of iterations: 20
--------------------------------------------------------------------
|               OPTIMIZING CANDIDATE TREE SET                      |
--------------------------------------------------------------------
Iteration 30 / LogL: -1991.178 / Time: 0h:1m:20s (0h:3m:17s left)
Iteration 40 / LogL: -1991.182 / Time: 0h:1m:34s (0h:2m:28s left)
Iteration 50 / LogL: -1992.354 / Time: 0h:1m:49s (0h:1m:53s left)
Log-likelihood cutoff on original alignment: -2013.477
Iteration 60 / LogL: -1991.175 / Time: 0h:2m:5s (0h:1m:27s left)
Iteration 70 / LogL: -1991.174 / Time: 0h:2m:20s (0h:1m:3s left)
Iteration 80 / LogL: -1991.173 / Time: 0h:2m:32s (0h:0m:40s left)
Iteration 90 / LogL: -1991.174 / Time: 0h:2m:45s (0h:0m:20s left)
Iteration 100 / LogL: -1991.197 / Time: 0h:2m:54s (0h:0m:1s left)
Log-likelihood cutoff on original alignment: -2012.089
NOTE: Bootstrap correlation coefficient of split occurrence frequencies: 0.999
TREE SEARCH COMPLETED AFTER 102 ITERATIONS / Time: 0h:2m:57s

--------------------------------------------------------------------
|                    FINALIZING TREE SEARCH                        |
--------------------------------------------------------------------
Performs final model parameters optimization
Estimate model parameters (epsilon = 0.010)
1. Initial log-likelihood: -1991.173
Optimal log-likelihood: -1991.173
Rate parameters:  A-C: 1.00000  A-G: 3.66922  A-T: 1.00000  C-G: 1.00000  C-T: 3.66922  G-T: 1.00000
Base frequencies:  A: 0.320  C: 0.198  G: 0.200  T: 0.282
Parameters optimization took 1 rounds (0.101 sec)
BEST SCORE FOUND : -1991.173
Creating bootstrap support values...
Split supports printed to NEXUS file examples/10taxon_300genes_4cores_nophylonet//aln_seqs/1_seqgen119.nex.aln.splits.nex
Total tree length: 0.542

Total number of iterations: 102
CPU time used for tree search: 7.762 sec (0h:0m:7s)
Wall-clock time used for tree search: 175.924 sec (0h:2m:55s)
Total CPU time used: 7.865 sec (0h:0m:7s)
Total wall-clock time used: 178.345 sec (0h:2m:58s)

Computing bootstrap consensus tree...
Reading input file examples/10taxon_300genes_4cores_nophylonet//aln_seqs/1_seqgen119.nex.aln.splits.nex...
10 taxa and 33 splits.
Consensus tree written to examples/10taxon_300genes_4cores_nophylonet//aln_seqs/1_seqgen119.nex.aln.contree
Reading input trees file examples/10taxon_300genes_4cores_nophylonet//aln_seqs/1_seqgen119.nex.aln.contree
Log-likelihood of consensus tree: -1991.173

Analysis results written to: 
  IQ-TREE report:                examples/10taxon_300genes_4cores_nophylonet//aln_seqs/1_seqgen119.nex.aln.iqtree
  Maximum-likelihood tree:       examples/10taxon_300genes_4cores_nophylonet//aln_seqs/1_seqgen119.nex.aln.treefile
  Likelihood distances:          examples/10taxon_300genes_4cores_nophylonet//aln_seqs/1_seqgen119.nex.aln.mldist

Ultrafast bootstrap approximation results written to:
  Split support values:          examples/10taxon_300genes_4cores_nophylonet//aln_seqs/1_seqgen119.nex.aln.splits.nex
  Consensus tree:                examples/10taxon_300genes_4cores_nophylonet//aln_seqs/1_seqgen119.nex.aln.contree
  Screen log file:               examples/10taxon_300genes_4cores_nophylonet//aln_seqs/1_seqgen119.nex.aln.log

Date and Time: Sun Feb 24 20:02:40 2019
