IQ-TREE multicore version 1.6.8 for Linux 64-bit built Oct 28 2018
Developed by Bui Quang Minh, Nguyen Lam Tung, Olga Chernomor,
Heiko Schmidt, Dominik Schrempf, Michael Woodhams.

Host:    sango10604.oist.jp (AVX2, FMA3, 125 GB RAM)
Command: iqtree -s examples/10taxon_300genes_4cores_nophylonet//aln_seqs/1_seqgen204.nex.aln -bb 1000 -redo -nt 3 -m MFP
Seed:    452362 (Using SPRNG - Scalable Parallel Random Number Generator)
Time:    Sun Feb 24 19:59:00 2019
Kernel:  AVX+FMA - 3 threads (24 CPU cores detected)

Reading alignment file examples/10taxon_300genes_4cores_nophylonet//aln_seqs/1_seqgen204.nex.aln ... Fasta format detected
Alignment most likely contains DNA/RNA sequences
Alignment has 10 sequences with 500 columns, 135 distinct patterns
69 parsimony-informative, 138 singleton sites, 293 constant sites
    Gap/Ambiguity  Composition  p-value
   1  A     0.00%    passed     83.66%
   2  A0    0.00%    passed     98.53%
   3  A1    0.00%    passed     99.22%
   4  A4    0.00%    passed     98.07%
   5  B     0.00%    passed     97.45%
   6  C     0.00%    passed     98.21%
   7  D     0.00%    passed     99.78%
   8  E     0.00%    passed     99.45%
   9  H     0.00%    passed     99.11%
  10  I     0.00%    passed     96.09%
****  TOTAL    0.00%  0 sequences failed composition chi2 test (p-value<5%; df=3)


Create initial parsimony tree by phylogenetic likelihood library (PLL)... 0.000 seconds
NOTE: ModelFinder requires 0 MB RAM!
ModelFinder will test 286 DNA models (sample size: 500) ...
 No. Model         -LnL         df  AIC          AICc         BIC
WARNING: Number of threads seems too high for short alignments. Use -nt AUTO to determine best number of threads.
  1  JC            2057.161     17  4148.322     4149.592     4219.970
WARNING: Number of threads seems too high for short alignments. Use -nt AUTO to determine best number of threads.
  2  JC+I          2057.150     18  4150.301     4151.723     4226.164
WARNING: Number of threads seems too high for short alignments. Use -nt AUTO to determine best number of threads.
  3  JC+G4         2057.092     18  4150.185     4151.607     4226.048
WARNING: Number of threads seems too high for short alignments. Use -nt AUTO to determine best number of threads.
  4  JC+I+G4       2058.276     19  4154.551     4156.135     4234.629
WARNING: Number of threads seems too high for short alignments. Use -nt AUTO to determine best number of threads.
  5  JC+R2         2057.254     19  4152.509     4154.092     4232.586
WARNING: Number of threads seems too high for short alignments. Use -nt AUTO to determine best number of threads.
  6  JC+R3         2057.212     21  4156.425     4158.358     4244.931
WARNING: Number of threads seems too high for short alignments. Use -nt AUTO to determine best number of threads.
 14  F81+F         2030.774     20  4101.549     4103.302     4185.841
WARNING: Number of threads seems too high for short alignments. Use -nt AUTO to determine best number of threads.
 15  F81+F+I       2030.768     21  4103.536     4105.469     4192.042
WARNING: Number of threads seems too high for short alignments. Use -nt AUTO to determine best number of threads.
 16  F81+F+G4      2030.719     21  4103.437     4105.371     4191.944
WARNING: Number of threads seems too high for short alignments. Use -nt AUTO to determine best number of threads.
 17  F81+F+I+G4    2031.871     22  4107.743     4109.864     4200.464
WARNING: Number of threads seems too high for short alignments. Use -nt AUTO to determine best number of threads.
 18  F81+F+R2      2030.849     22  4105.698     4107.820     4198.420
WARNING: Number of threads seems too high for short alignments. Use -nt AUTO to determine best number of threads.
 19  F81+F+R3      2030.809     24  4109.617     4112.143     4210.768
WARNING: Number of threads seems too high for short alignments. Use -nt AUTO to determine best number of threads.
 27  K2P           1996.581     18  4029.161     4030.583     4105.024
WARNING: Number of threads seems too high for short alignments. Use -nt AUTO to determine best number of threads.
 28  K2P+I         1996.499     19  4030.997     4032.581     4111.075
WARNING: Number of threads seems too high for short alignments. Use -nt AUTO to determine best number of threads.
 29  K2P+G4        1996.403     19  4030.805     4032.389     4110.883
WARNING: Number of threads seems too high for short alignments. Use -nt AUTO to determine best number of threads.
 30  K2P+I+G4      1997.145     20  4034.290     4036.044     4118.582
WARNING: Number of threads seems too high for short alignments. Use -nt AUTO to determine best number of threads.
 31  K2P+R2        1996.427     20  4032.853     4034.607     4117.145
WARNING: Number of threads seems too high for short alignments. Use -nt AUTO to determine best number of threads.
 32  K2P+R3        1996.418     22  4036.836     4038.957     4129.557
WARNING: Number of threads seems too high for short alignments. Use -nt AUTO to determine best number of threads.
 40  HKY+F         1962.645     21  3967.290     3969.223     4055.797
WARNING: Number of threads seems too high for short alignments. Use -nt AUTO to determine best number of threads.
 41  HKY+F+I       1962.531     22  3969.063     3971.184     4061.784
WARNING: Number of threads seems too high for short alignments. Use -nt AUTO to determine best number of threads.
 42  HKY+F+G4      1962.429     22  3968.858     3970.980     4061.580
WARNING: Number of threads seems too high for short alignments. Use -nt AUTO to determine best number of threads.
 43  HKY+F+I+G4    1963.111     23  3972.222     3974.541     4069.158
WARNING: Number of threads seems too high for short alignments. Use -nt AUTO to determine best number of threads.
 44  HKY+F+R2      1962.446     23  3970.892     3973.211     4067.828
WARNING: Number of threads seems too high for short alignments. Use -nt AUTO to determine best number of threads.
 45  HKY+F+R3      1962.442     25  3974.884     3977.627     4080.250
WARNING: Number of threads seems too high for short alignments. Use -nt AUTO to determine best number of threads.
 53  TNe           1995.195     19  4028.389     4029.972     4108.467
WARNING: Number of threads seems too high for short alignments. Use -nt AUTO to determine best number of threads.
 54  TNe+I         1995.090     20  4030.180     4031.934     4114.472
WARNING: Number of threads seems too high for short alignments. Use -nt AUTO to determine best number of threads.
 55  TNe+G4        1994.988     20  4029.976     4031.730     4114.268
WARNING: Number of threads seems too high for short alignments. Use -nt AUTO to determine best number of threads.
 56  TNe+I+G4      1995.618     21  4033.236     4035.169     4121.743
WARNING: Number of threads seems too high for short alignments. Use -nt AUTO to determine best number of threads.
 57  TNe+R2        1995.001     21  4032.001     4033.934     4120.508
WARNING: Number of threads seems too high for short alignments. Use -nt AUTO to determine best number of threads.
 58  TNe+R3        1994.999     23  4035.997     4038.317     4132.933
WARNING: Number of threads seems too high for short alignments. Use -nt AUTO to determine best number of threads.
 66  TN+F          1962.582     22  3969.164     3971.286     4061.885
WARNING: Number of threads seems too high for short alignments. Use -nt AUTO to determine best number of threads.
 67  TN+F+I        1962.470     23  3970.940     3973.260     4067.876
WARNING: Number of threads seems too high for short alignments. Use -nt AUTO to determine best number of threads.
 68  TN+F+G4       1962.365     23  3970.730     3973.049     4067.666
WARNING: Number of threads seems too high for short alignments. Use -nt AUTO to determine best number of threads.
 69  TN+F+I+G4     1962.983     24  3973.965     3976.492     4075.116
WARNING: Number of threads seems too high for short alignments. Use -nt AUTO to determine best number of threads.
 70  TN+F+R2       1962.378     24  3972.757     3975.283     4073.908
WARNING: Number of threads seems too high for short alignments. Use -nt AUTO to determine best number of threads.
 71  TN+F+R3       1962.377     26  3976.753     3979.721     4086.333
WARNING: Number of threads seems too high for short alignments. Use -nt AUTO to determine best number of threads.
 79  K3P           1995.477     19  4028.954     4030.538     4109.032
WARNING: Number of threads seems too high for short alignments. Use -nt AUTO to determine best number of threads.
 80  K3P+I         1995.383     20  4030.766     4032.520     4115.058
WARNING: Number of threads seems too high for short alignments. Use -nt AUTO to determine best number of threads.
 81  K3P+G4        1995.279     20  4030.559     4032.312     4114.851
WARNING: Number of threads seems too high for short alignments. Use -nt AUTO to determine best number of threads.
 82  K3P+I+G4      1995.851     21  4033.701     4035.634     4122.208
WARNING: Number of threads seems too high for short alignments. Use -nt AUTO to determine best number of threads.
 83  K3P+R2        1995.291     21  4032.581     4034.514     4121.088
WARNING: Number of threads seems too high for short alignments. Use -nt AUTO to determine best number of threads.
 84  K3P+R3        1995.289     23  4036.577     4038.897     4133.513
WARNING: Number of threads seems too high for short alignments. Use -nt AUTO to determine best number of threads.
 92  K3Pu+F        1962.385     22  3968.769     3970.891     4061.491
WARNING: Number of threads seems too high for short alignments. Use -nt AUTO to determine best number of threads.
 93  K3Pu+F+I      1962.268     23  3970.537     3972.856     4067.473
WARNING: Number of threads seems too high for short alignments. Use -nt AUTO to determine best number of threads.
 94  K3Pu+F+G4     1962.164     23  3970.328     3972.647     4067.264
WARNING: Number of threads seems too high for short alignments. Use -nt AUTO to determine best number of threads.
 95  K3Pu+F+I+G4   1962.701     24  3973.403     3975.929     4074.553
WARNING: Number of threads seems too high for short alignments. Use -nt AUTO to determine best number of threads.
 96  K3Pu+F+R2     1962.175     24  3972.350     3974.876     4073.501
WARNING: Number of threads seems too high for short alignments. Use -nt AUTO to determine best number of threads.
 97  K3Pu+F+R3     1962.173     26  3976.346     3979.314     4085.926
WARNING: Number of threads seems too high for short alignments. Use -nt AUTO to determine best number of threads.
105  TPM2+F        1962.638     22  3969.275     3971.397     4061.997
WARNING: Number of threads seems too high for short alignments. Use -nt AUTO to determine best number of threads.
106  TPM2+F+I      1962.525     23  3971.050     3973.369     4067.986
WARNING: Number of threads seems too high for short alignments. Use -nt AUTO to determine best number of threads.
107  TPM2+F+G4     1962.423     23  3970.846     3973.165     4067.782
WARNING: Number of threads seems too high for short alignments. Use -nt AUTO to determine best number of threads.
108  TPM2+F+I+G4   1962.942     24  3973.884     3976.410     4075.035
WARNING: Number of threads seems too high for short alignments. Use -nt AUTO to determine best number of threads.
109  TPM2+F+R2     1962.434     24  3972.868     3975.394     4074.019
WARNING: Number of threads seems too high for short alignments. Use -nt AUTO to determine best number of threads.
110  TPM2+F+R3     1962.432     26  3976.864     3979.832     4086.443
WARNING: Number of threads seems too high for short alignments. Use -nt AUTO to determine best number of threads.
118  TPM2u+F       1962.638     22  3969.276     3971.398     4061.997
WARNING: Number of threads seems too high for short alignments. Use -nt AUTO to determine best number of threads.
119  TPM2u+F+I     1962.525     23  3971.050     3973.369     4067.986
WARNING: Number of threads seems too high for short alignments. Use -nt AUTO to determine best number of threads.
120  TPM2u+F+G4    1962.423     23  3970.845     3973.165     4067.781
WARNING: Number of threads seems too high for short alignments. Use -nt AUTO to determine best number of threads.
121  TPM2u+F+I+G4  1962.916     24  3973.832     3976.358     4074.983
WARNING: Number of threads seems too high for short alignments. Use -nt AUTO to determine best number of threads.
122  TPM2u+F+R2    1962.434     24  3972.867     3975.393     4074.018
WARNING: Number of threads seems too high for short alignments. Use -nt AUTO to determine best number of threads.
123  TPM2u+F+R3    1962.431     26  3976.862     3979.830     4086.442
WARNING: Number of threads seems too high for short alignments. Use -nt AUTO to determine best number of threads.
131  TPM3+F        1961.909     22  3967.817     3969.939     4060.538
WARNING: Number of threads seems too high for short alignments. Use -nt AUTO to determine best number of threads.
132  TPM3+F+I      1961.822     23  3969.645     3971.964     4066.581
WARNING: Number of threads seems too high for short alignments. Use -nt AUTO to determine best number of threads.
133  TPM3+F+G4     1961.729     23  3969.458     3971.777     4066.394
WARNING: Number of threads seems too high for short alignments. Use -nt AUTO to determine best number of threads.
134  TPM3+F+I+G4   1962.234     24  3972.469     3974.995     4073.619
WARNING: Number of threads seems too high for short alignments. Use -nt AUTO to determine best number of threads.
135  TPM3+F+R2     1961.741     24  3971.482     3974.008     4072.633
WARNING: Number of threads seems too high for short alignments. Use -nt AUTO to determine best number of threads.
136  TPM3+F+R3     1961.737     26  3975.474     3978.442     4085.054
WARNING: Number of threads seems too high for short alignments. Use -nt AUTO to determine best number of threads.
144  TPM3u+F       1961.909     22  3967.818     3969.940     4060.539
WARNING: Number of threads seems too high for short alignments. Use -nt AUTO to determine best number of threads.
145  TPM3u+F+I     1961.822     23  3969.645     3971.964     4066.581
WARNING: Number of threads seems too high for short alignments. Use -nt AUTO to determine best number of threads.
146  TPM3u+F+G4    1961.729     23  3969.458     3971.777     4066.394
WARNING: Number of threads seems too high for short alignments. Use -nt AUTO to determine best number of threads.
147  TPM3u+F+I+G4  1962.211     24  3972.421     3974.947     4073.572
WARNING: Number of threads seems too high for short alignments. Use -nt AUTO to determine best number of threads.
148  TPM3u+F+R2    1961.740     24  3971.480     3974.006     4072.630
WARNING: Number of threads seems too high for short alignments. Use -nt AUTO to determine best number of threads.
149  TPM3u+F+R3    1961.736     26  3975.472     3978.440     4085.051
WARNING: Number of threads seems too high for short alignments. Use -nt AUTO to determine best number of threads.
157  TIMe          1994.086     20  4028.172     4029.925     4112.464
WARNING: Number of threads seems too high for short alignments. Use -nt AUTO to determine best number of threads.
158  TIMe+I        1993.968     21  4029.935     4031.868     4118.442
WARNING: Number of threads seems too high for short alignments. Use -nt AUTO to determine best number of threads.
159  TIMe+G4       1993.858     21  4029.716     4031.649     4118.223
WARNING: Number of threads seems too high for short alignments. Use -nt AUTO to determine best number of threads.
160  TIMe+I+G4     1994.261     22  4032.522     4034.644     4125.243
WARNING: Number of threads seems too high for short alignments. Use -nt AUTO to determine best number of threads.
161  TIMe+R2       1993.867     22  4031.733     4033.855     4124.455
WARNING: Number of threads seems too high for short alignments. Use -nt AUTO to determine best number of threads.
162  TIMe+R3       1993.864     24  4035.727     4038.254     4136.878
WARNING: Number of threads seems too high for short alignments. Use -nt AUTO to determine best number of threads.
170  TIM+F         1962.321     23  3970.642     3972.961     4067.578
WARNING: Number of threads seems too high for short alignments. Use -nt AUTO to determine best number of threads.
171  TIM+F+I       1962.206     24  3972.411     3974.938     4073.562
WARNING: Number of threads seems too high for short alignments. Use -nt AUTO to determine best number of threads.
172  TIM+F+G4      1962.098     24  3972.196     3974.722     4073.346
WARNING: Number of threads seems too high for short alignments. Use -nt AUTO to determine best number of threads.
173  TIM+F+I+G4    1962.511     25  3975.022     3977.765     4080.387
WARNING: Number of threads seems too high for short alignments. Use -nt AUTO to determine best number of threads.
174  TIM+F+R2      1962.108     25  3974.216     3976.959     4079.581
WARNING: Number of threads seems too high for short alignments. Use -nt AUTO to determine best number of threads.
175  TIM+F+R3      1962.103     27  3978.207     3981.410     4092.001
WARNING: Number of threads seems too high for short alignments. Use -nt AUTO to determine best number of threads.
183  TIM2e         1994.755     20  4029.509     4031.263     4113.801
WARNING: Number of threads seems too high for short alignments. Use -nt AUTO to determine best number of threads.
184  TIM2e+I       1994.610     21  4031.220     4033.153     4119.726
WARNING: Number of threads seems too high for short alignments. Use -nt AUTO to determine best number of threads.
185  TIM2e+G4      1994.495     21  4030.991     4032.924     4119.497
WARNING: Number of threads seems too high for short alignments. Use -nt AUTO to determine best number of threads.
186  TIM2e+I+G4    1994.835     22  4033.669     4035.791     4126.391
WARNING: Number of threads seems too high for short alignments. Use -nt AUTO to determine best number of threads.
187  TIM2e+R2      1994.506     22  4033.011     4035.133     4125.733
WARNING: Number of threads seems too high for short alignments. Use -nt AUTO to determine best number of threads.
188  TIM2e+R3      1994.501     24  4037.002     4039.528     4138.153
WARNING: Number of threads seems too high for short alignments. Use -nt AUTO to determine best number of threads.
196  TIM2+F        1962.575     23  3971.149     3973.469     4068.085
WARNING: Number of threads seems too high for short alignments. Use -nt AUTO to determine best number of threads.
197  TIM2+F+I      1962.464     24  3972.928     3975.454     4074.078
WARNING: Number of threads seems too high for short alignments. Use -nt AUTO to determine best number of threads.
198  TIM2+F+G4     1962.359     24  3972.718     3975.244     4073.868
WARNING: Number of threads seems too high for short alignments. Use -nt AUTO to determine best number of threads.
199  TIM2+F+I+G4   1962.748     25  3975.496     3978.239     4080.861
WARNING: Number of threads seems too high for short alignments. Use -nt AUTO to determine best number of threads.
200  TIM2+F+R2     1962.369     25  3974.739     3977.481     4080.104
WARNING: Number of threads seems too high for short alignments. Use -nt AUTO to determine best number of threads.
201  TIM2+F+R3     1962.363     27  3978.726     3981.929     4092.520
WARNING: Number of threads seems too high for short alignments. Use -nt AUTO to determine best number of threads.
209  TIM3e         1991.013     20  4022.027     4023.780     4106.319
WARNING: Number of threads seems too high for short alignments. Use -nt AUTO to determine best number of threads.
210  TIM3e+I       1990.896     21  4023.791     4025.724     4112.298
WARNING: Number of threads seems too high for short alignments. Use -nt AUTO to determine best number of threads.
211  TIM3e+G4      1990.788     21  4023.576     4025.509     4112.082
WARNING: Number of threads seems too high for short alignments. Use -nt AUTO to determine best number of threads.
212  TIM3e+I+G4    1991.138     22  4026.275     4028.397     4118.997
WARNING: Number of threads seems too high for short alignments. Use -nt AUTO to determine best number of threads.
213  TIM3e+R2      1990.797     22  4025.593     4027.715     4118.314
WARNING: Number of threads seems too high for short alignments. Use -nt AUTO to determine best number of threads.
214  TIM3e+R3      1990.791     24  4029.582     4032.108     4130.732
WARNING: Number of threads seems too high for short alignments. Use -nt AUTO to determine best number of threads.
222  TIM3+F        1961.846     23  3969.693     3972.012     4066.629
WARNING: Number of threads seems too high for short alignments. Use -nt AUTO to determine best number of threads.
223  TIM3+F+I      1961.761     24  3971.521     3974.047     4072.672
WARNING: Number of threads seems too high for short alignments. Use -nt AUTO to determine best number of threads.
224  TIM3+F+G4     1961.664     24  3971.328     3973.854     4072.479
WARNING: Number of threads seems too high for short alignments. Use -nt AUTO to determine best number of threads.
225  TIM3+F+I+G4   1962.053     25  3974.106     3976.848     4079.471
WARNING: Number of threads seems too high for short alignments. Use -nt AUTO to determine best number of threads.
226  TIM3+F+R2     1961.675     25  3973.350     3976.093     4078.715
WARNING: Number of threads seems too high for short alignments. Use -nt AUTO to determine best number of threads.
227  TIM3+F+R3     1961.668     27  3977.336     3980.539     4091.130
WARNING: Number of threads seems too high for short alignments. Use -nt AUTO to determine best number of threads.
235  TVMe          1991.655     21  4025.310     4027.243     4113.817
WARNING: Number of threads seems too high for short alignments. Use -nt AUTO to determine best number of threads.
236  TVMe+I        1991.514     22  4027.029     4029.151     4119.750
WARNING: Number of threads seems too high for short alignments. Use -nt AUTO to determine best number of threads.
237  TVMe+G4       1991.395     22  4026.789     4028.911     4119.511
WARNING: Number of threads seems too high for short alignments. Use -nt AUTO to determine best number of threads.
238  TVMe+I+G4     1991.694     23  4029.388     4031.707     4126.324
WARNING: Number of threads seems too high for short alignments. Use -nt AUTO to determine best number of threads.
239  TVMe+R2       1991.406     23  4028.811     4031.131     4125.747
WARNING: Number of threads seems too high for short alignments. Use -nt AUTO to determine best number of threads.
240  TVMe+R3       1991.398     25  4032.797     4035.539     4138.162
WARNING: Number of threads seems too high for short alignments. Use -nt AUTO to determine best number of threads.
248  TVM+F         1961.738     24  3971.476     3974.002     4072.626
WARNING: Number of threads seems too high for short alignments. Use -nt AUTO to determine best number of threads.
249  TVM+F+I       1961.650     25  3973.301     3976.043     4078.666
WARNING: Number of threads seems too high for short alignments. Use -nt AUTO to determine best number of threads.
250  TVM+F+G4      1961.555     25  3973.110     3975.852     4078.475
WARNING: Number of threads seems too high for short alignments. Use -nt AUTO to determine best number of threads.
251  TVM+F+I+G4    1961.909     26  3975.817     3978.785     4085.397
WARNING: Number of threads seems too high for short alignments. Use -nt AUTO to determine best number of threads.
252  TVM+F+R2      1961.564     26  3975.129     3978.097     4084.708
WARNING: Number of threads seems too high for short alignments. Use -nt AUTO to determine best number of threads.
253  TVM+F+R3      1961.557     28  3979.113     3982.561     4097.122
WARNING: Number of threads seems too high for short alignments. Use -nt AUTO to determine best number of threads.
261  SYM           1990.250     22  4024.501     4026.622     4117.222
WARNING: Number of threads seems too high for short alignments. Use -nt AUTO to determine best number of threads.
262  SYM+I         1990.090     23  4026.180     4028.500     4123.116
WARNING: Number of threads seems too high for short alignments. Use -nt AUTO to determine best number of threads.
263  SYM+G4        1989.969     23  4025.938     4028.257     4122.874
WARNING: Number of threads seems too high for short alignments. Use -nt AUTO to determine best number of threads.
264  SYM+I+G4      1990.239     24  4028.478     4031.004     4129.629
WARNING: Number of threads seems too high for short alignments. Use -nt AUTO to determine best number of threads.
265  SYM+R2        1989.981     24  4027.962     4030.488     4129.112
WARNING: Number of threads seems too high for short alignments. Use -nt AUTO to determine best number of threads.
266  SYM+R3        1989.972     26  4031.943     4034.911     4141.523
WARNING: Number of threads seems too high for short alignments. Use -nt AUTO to determine best number of threads.
274  GTR+F         1961.676     25  3973.352     3976.094     4078.717
WARNING: Number of threads seems too high for short alignments. Use -nt AUTO to determine best number of threads.
275  GTR+F+I       1961.588     26  3975.176     3978.145     4084.756
WARNING: Number of threads seems too high for short alignments. Use -nt AUTO to determine best number of threads.
276  GTR+F+G4      1961.490     26  3974.980     3977.948     4084.559
WARNING: Number of threads seems too high for short alignments. Use -nt AUTO to determine best number of threads.
277  GTR+F+I+G4    1961.829     27  3977.658     3980.862     4091.453
WARNING: Number of threads seems too high for short alignments. Use -nt AUTO to determine best number of threads.
278  GTR+F+R2      1961.500     27  3976.999     3980.203     4090.794
WARNING: Number of threads seems too high for short alignments. Use -nt AUTO to determine best number of threads.
279  GTR+F+R3      1961.491     29  3980.981     3984.683     4103.205
Akaike Information Criterion:           HKY+F
Corrected Akaike Information Criterion: HKY+F
Bayesian Information Criterion:         HKY+F
Best-fit model: HKY+F chosen according to BIC

All model information printed to examples/10taxon_300genes_4cores_nophylonet//aln_seqs/1_seqgen204.nex.aln.model.gz
CPU time for ModelFinder: 2.571 seconds (0h:0m:2s)
Wall-clock time for ModelFinder: 54.610 seconds (0h:0m:54s)
Generating 1000 samples for ultrafast bootstrap (seed: 452362)...

NOTE: 0 MB RAM (0 GB) is required!
WARNING: Number of threads seems too high for short alignments. Use -nt AUTO to determine best number of threads.
Estimate model parameters (epsilon = 0.100)
1. Initial log-likelihood: -2031.356
2. Current log-likelihood: -2009.326
3. Current log-likelihood: -1998.357
4. Current log-likelihood: -1986.263
5. Current log-likelihood: -1962.717
Optimal log-likelihood: -1962.645
Rate parameters:  A-C: 1.00000  A-G: 4.56312  A-T: 1.00000  C-G: 1.00000  C-T: 4.56312  G-T: 1.00000
Base frequencies:  A: 0.331  C: 0.154  G: 0.202  T: 0.314
Parameters optimization took 5 rounds (0.861 sec)
Computing ML distances based on estimated model parameters... 0.002 sec
Computing BIONJ tree...
0.110 seconds
Log-likelihood of BIONJ tree: -1962.645
--------------------------------------------------------------------
|             INITIALIZING CANDIDATE TREE SET                      |
--------------------------------------------------------------------
Generating 99 parsimony trees... 1.791 second
Computing log-likelihood of 85 initial trees ... 11.246 seconds
Current best score: -1962.645

Do NNI search on 20 best initial trees
Estimate model parameters (epsilon = 0.100)
BETTER TREE FOUND at iteration 1: -1962.177
Iteration 10 / LogL: -1962.177 / Time: 0h:0m:22s
Iteration 20 / LogL: -1962.178 / Time: 0h:0m:30s
Finish initializing candidate tree set (1)
Current best tree score: -1962.177 / CPU time: 29.340
Number of iterations: 20
--------------------------------------------------------------------
|               OPTIMIZING CANDIDATE TREE SET                      |
--------------------------------------------------------------------
Iteration 30 / LogL: -1962.177 / Time: 0h:0m:41s (0h:1m:41s left)
Iteration 40 / LogL: -1962.177 / Time: 0h:0m:52s (0h:1m:21s left)
UPDATE BEST LOG-LIKELIHOOD: -1962.177
Iteration 50 / LogL: -1962.190 / Time: 0h:1m:4s (0h:1m:6s left)
Log-likelihood cutoff on original alignment: -1987.109
Iteration 60 / LogL: -1962.183 / Time: 0h:1m:16s (0h:0m:53s left)
Iteration 70 / LogL: -1962.178 / Time: 0h:1m:30s (0h:0m:40s left)
Iteration 80 / LogL: -1962.177 / Time: 0h:1m:42s (0h:0m:27s left)
Iteration 90 / LogL: -1962.177 / Time: 0h:1m:52s (0h:0m:13s left)
Iteration 100 / LogL: -1962.177 / Time: 0h:2m:3s (0h:0m:1s left)
Log-likelihood cutoff on original alignment: -1986.940
NOTE: Bootstrap correlation coefficient of split occurrence frequencies: 0.999
TREE SEARCH COMPLETED AFTER 102 ITERATIONS / Time: 0h:2m:7s

--------------------------------------------------------------------
|                    FINALIZING TREE SEARCH                        |
--------------------------------------------------------------------
Performs final model parameters optimization
Estimate model parameters (epsilon = 0.010)
1. Initial log-likelihood: -1962.177
Optimal log-likelihood: -1962.177
Rate parameters:  A-C: 1.00000  A-G: 4.61577  A-T: 1.00000  C-G: 1.00000  C-T: 4.61577  G-T: 1.00000
Base frequencies:  A: 0.331  C: 0.154  G: 0.202  T: 0.314
Parameters optimization took 1 rounds (0.164 sec)
BEST SCORE FOUND : -1962.177
Creating bootstrap support values...
Split supports printed to NEXUS file examples/10taxon_300genes_4cores_nophylonet//aln_seqs/1_seqgen204.nex.aln.splits.nex
Total tree length: 0.550

Total number of iterations: 102
CPU time used for tree search: 5.836 sec (0h:0m:5s)
Wall-clock time used for tree search: 125.846 sec (0h:2m:5s)
Total CPU time used: 5.976 sec (0h:0m:5s)
Total wall-clock time used: 129.649 sec (0h:2m:9s)

Computing bootstrap consensus tree...
Reading input file examples/10taxon_300genes_4cores_nophylonet//aln_seqs/1_seqgen204.nex.aln.splits.nex...
10 taxa and 30 splits.
Consensus tree written to examples/10taxon_300genes_4cores_nophylonet//aln_seqs/1_seqgen204.nex.aln.contree
Reading input trees file examples/10taxon_300genes_4cores_nophylonet//aln_seqs/1_seqgen204.nex.aln.contree
Log-likelihood of consensus tree: -1962.177

Analysis results written to: 
  IQ-TREE report:                examples/10taxon_300genes_4cores_nophylonet//aln_seqs/1_seqgen204.nex.aln.iqtree
  Maximum-likelihood tree:       examples/10taxon_300genes_4cores_nophylonet//aln_seqs/1_seqgen204.nex.aln.treefile
  Likelihood distances:          examples/10taxon_300genes_4cores_nophylonet//aln_seqs/1_seqgen204.nex.aln.mldist

Ultrafast bootstrap approximation results written to:
  Split support values:          examples/10taxon_300genes_4cores_nophylonet//aln_seqs/1_seqgen204.nex.aln.splits.nex
  Consensus tree:                examples/10taxon_300genes_4cores_nophylonet//aln_seqs/1_seqgen204.nex.aln.contree
  Screen log file:               examples/10taxon_300genes_4cores_nophylonet//aln_seqs/1_seqgen204.nex.aln.log

Date and Time: Sun Feb 24 20:02:06 2019
