IQ-TREE multicore version 1.6.8 for Linux 64-bit built Oct 28 2018
Developed by Bui Quang Minh, Nguyen Lam Tung, Olga Chernomor,
Heiko Schmidt, Dominik Schrempf, Michael Woodhams.

Host:    sango10604.oist.jp (AVX2, FMA3, 125 GB RAM)
Command: iqtree -s examples/10taxon_300genes_4cores_nophylonet//aln_seqs/1_seqgen225.nex.aln -bb 1000 -redo -nt 3 -m MFP
Seed:    164492 (Using SPRNG - Scalable Parallel Random Number Generator)
Time:    Sun Feb 24 19:58:52 2019
Kernel:  AVX+FMA - 3 threads (24 CPU cores detected)

Reading alignment file examples/10taxon_300genes_4cores_nophylonet//aln_seqs/1_seqgen225.nex.aln ... Fasta format detected
Alignment most likely contains DNA/RNA sequences
Alignment has 10 sequences with 500 columns, 144 distinct patterns
67 parsimony-informative, 160 singleton sites, 273 constant sites
    Gap/Ambiguity  Composition  p-value
   1  A     0.00%    passed     94.90%
   2  A0    0.00%    passed     96.69%
   3  A1    0.00%    passed     87.47%
   4  A4    0.00%    passed     71.35%
   5  B     0.00%    passed     99.60%
   6  C     0.00%    passed     96.47%
   7  D     0.00%    passed     97.48%
   8  E     0.00%    passed     88.72%
   9  H     0.00%    passed     98.99%
  10  I     0.00%    passed     97.30%
****  TOTAL    0.00%  0 sequences failed composition chi2 test (p-value<5%; df=3)


Create initial parsimony tree by phylogenetic likelihood library (PLL)... 0.000 seconds
NOTE: ModelFinder requires 1 MB RAM!
ModelFinder will test 286 DNA models (sample size: 500) ...
 No. Model         -LnL         df  AIC          AICc         BIC
WARNING: Number of threads seems too high for short alignments. Use -nt AUTO to determine best number of threads.
  1  JC            2148.372     17  4330.744     4332.013     4402.392
WARNING: Number of threads seems too high for short alignments. Use -nt AUTO to determine best number of threads.
  2  JC+I          2148.372     18  4332.744     4334.166     4408.606
WARNING: Number of threads seems too high for short alignments. Use -nt AUTO to determine best number of threads.
  3  JC+G4         2148.373     18  4332.747     4334.169     4408.610
WARNING: Number of threads seems too high for short alignments. Use -nt AUTO to determine best number of threads.
  4  JC+I+G4       2149.734     19  4337.469     4339.052     4417.547
WARNING: Number of threads seems too high for short alignments. Use -nt AUTO to determine best number of threads.
  5  JC+R2         2148.627     19  4335.254     4336.837     4415.332
WARNING: Number of threads seems too high for short alignments. Use -nt AUTO to determine best number of threads.
  6  JC+R3         2148.560     21  4339.119     4341.053     4427.626
WARNING: Number of threads seems too high for short alignments. Use -nt AUTO to determine best number of threads.
 14  F81+F         2138.062     20  4316.124     4317.877     4400.416
WARNING: Number of threads seems too high for short alignments. Use -nt AUTO to determine best number of threads.
 15  F81+F+I       2138.062     21  4318.124     4320.057     4406.630
WARNING: Number of threads seems too high for short alignments. Use -nt AUTO to determine best number of threads.
 16  F81+F+G4      2138.064     21  4318.127     4320.060     4406.634
WARNING: Number of threads seems too high for short alignments. Use -nt AUTO to determine best number of threads.
 17  F81+F+I+G4    2139.362     22  4322.723     4324.845     4415.445
WARNING: Number of threads seems too high for short alignments. Use -nt AUTO to determine best number of threads.
 18  F81+F+R2      2138.278     22  4320.556     4322.677     4413.277
WARNING: Number of threads seems too high for short alignments. Use -nt AUTO to determine best number of threads.
 19  F81+F+R3      2138.214     24  4324.428     4326.955     4425.579
WARNING: Number of threads seems too high for short alignments. Use -nt AUTO to determine best number of threads.
 27  K2P           2097.854     18  4231.707     4233.129     4307.570
WARNING: Number of threads seems too high for short alignments. Use -nt AUTO to determine best number of threads.
 28  K2P+I         2097.854     19  4233.707     4235.291     4313.785
WARNING: Number of threads seems too high for short alignments. Use -nt AUTO to determine best number of threads.
 29  K2P+G4        2097.853     19  4233.707     4235.290     4313.784
WARNING: Number of threads seems too high for short alignments. Use -nt AUTO to determine best number of threads.
 30  K2P+I+G4      2098.759     20  4237.518     4239.272     4321.811
WARNING: Number of threads seems too high for short alignments. Use -nt AUTO to determine best number of threads.
 31  K2P+R2        2097.928     20  4235.856     4237.609     4320.148
WARNING: Number of threads seems too high for short alignments. Use -nt AUTO to determine best number of threads.
 32  K2P+R3        2097.898     22  4239.796     4241.918     4332.518
WARNING: Number of threads seems too high for short alignments. Use -nt AUTO to determine best number of threads.
 40  HKY+F         2084.095     21  4210.190     4212.123     4298.696
WARNING: Number of threads seems too high for short alignments. Use -nt AUTO to determine best number of threads.
 41  HKY+F+I       2084.095     22  4212.190     4214.311     4304.911
WARNING: Number of threads seems too high for short alignments. Use -nt AUTO to determine best number of threads.
 42  HKY+F+G4      2084.095     22  4212.190     4214.311     4304.911
WARNING: Number of threads seems too high for short alignments. Use -nt AUTO to determine best number of threads.
 43  HKY+F+I+G4    2084.942     23  4215.884     4218.203     4312.820
WARNING: Number of threads seems too high for short alignments. Use -nt AUTO to determine best number of threads.
 44  HKY+F+R2      2084.163     23  4214.325     4216.644     4311.261
WARNING: Number of threads seems too high for short alignments. Use -nt AUTO to determine best number of threads.
 45  HKY+F+R3      2084.135     25  4218.270     4221.013     4323.636
WARNING: Number of threads seems too high for short alignments. Use -nt AUTO to determine best number of threads.
 53  TNe           2097.619     19  4233.238     4234.822     4313.316
WARNING: Number of threads seems too high for short alignments. Use -nt AUTO to determine best number of threads.
 54  TNe+I         2097.619     20  4235.238     4236.992     4319.530
WARNING: Number of threads seems too high for short alignments. Use -nt AUTO to determine best number of threads.
 55  TNe+G4        2097.618     20  4235.237     4236.990     4319.529
WARNING: Number of threads seems too high for short alignments. Use -nt AUTO to determine best number of threads.
 56  TNe+I+G4      2098.431     21  4238.862     4240.795     4327.369
WARNING: Number of threads seems too high for short alignments. Use -nt AUTO to determine best number of threads.
 57  TNe+R2        2097.667     21  4237.333     4239.266     4325.840
WARNING: Number of threads seems too high for short alignments. Use -nt AUTO to determine best number of threads.
 58  TNe+R3        2097.646     23  4241.292     4243.611     4338.228
WARNING: Number of threads seems too high for short alignments. Use -nt AUTO to determine best number of threads.
 66  TN+F          2084.063     22  4212.126     4214.248     4304.847
WARNING: Number of threads seems too high for short alignments. Use -nt AUTO to determine best number of threads.
 67  TN+F+I        2084.063     23  4214.126     4216.445     4311.062
WARNING: Number of threads seems too high for short alignments. Use -nt AUTO to determine best number of threads.
 68  TN+F+G4       2084.063     23  4214.126     4216.445     4311.062
WARNING: Number of threads seems too high for short alignments. Use -nt AUTO to determine best number of threads.
 69  TN+F+I+G4     2084.828     24  4217.656     4220.183     4318.807
WARNING: Number of threads seems too high for short alignments. Use -nt AUTO to determine best number of threads.
 70  TN+F+R2       2084.113     24  4216.226     4218.752     4317.377
WARNING: Number of threads seems too high for short alignments. Use -nt AUTO to determine best number of threads.
 71  TN+F+R3       2084.092     26  4220.184     4223.152     4329.764
WARNING: Number of threads seems too high for short alignments. Use -nt AUTO to determine best number of threads.
 79  K3P           2097.754     19  4233.509     4235.092     4313.586
WARNING: Number of threads seems too high for short alignments. Use -nt AUTO to determine best number of threads.
 80  K3P+I         2097.754     20  4235.509     4237.262     4319.801
WARNING: Number of threads seems too high for short alignments. Use -nt AUTO to determine best number of threads.
 81  K3P+G4        2097.754     20  4235.508     4237.262     4319.801
WARNING: Number of threads seems too high for short alignments. Use -nt AUTO to determine best number of threads.
 82  K3P+I+G4      2098.474     21  4238.949     4240.882     4327.455
WARNING: Number of threads seems too high for short alignments. Use -nt AUTO to determine best number of threads.
 83  K3P+R2        2097.794     21  4237.588     4239.521     4326.095
WARNING: Number of threads seems too high for short alignments. Use -nt AUTO to determine best number of threads.
 84  K3P+R3        2097.777     23  4241.553     4243.873     4338.489
WARNING: Number of threads seems too high for short alignments. Use -nt AUTO to determine best number of threads.
 92  K3Pu+F        2084.091     22  4212.183     4214.304     4304.904
WARNING: Number of threads seems too high for short alignments. Use -nt AUTO to determine best number of threads.
 93  K3Pu+F+I      2084.091     23  4214.182     4216.502     4311.118
WARNING: Number of threads seems too high for short alignments. Use -nt AUTO to determine best number of threads.
 94  K3Pu+F+G4     2084.091     23  4214.182     4216.502     4311.118
WARNING: Number of threads seems too high for short alignments. Use -nt AUTO to determine best number of threads.
 95  K3Pu+F+I+G4   2084.767     24  4217.534     4220.060     4318.684
WARNING: Number of threads seems too high for short alignments. Use -nt AUTO to determine best number of threads.
 96  K3Pu+F+R2     2084.128     24  4216.257     4218.783     4317.407
WARNING: Number of threads seems too high for short alignments. Use -nt AUTO to determine best number of threads.
 97  K3Pu+F+R3     2084.112     26  4220.224     4223.193     4329.804
WARNING: Number of threads seems too high for short alignments. Use -nt AUTO to determine best number of threads.
105  TPM2+F        2083.855     22  4211.710     4213.831     4304.431
WARNING: Number of threads seems too high for short alignments. Use -nt AUTO to determine best number of threads.
106  TPM2+F+I      2083.855     23  4213.710     4216.029     4310.646
WARNING: Number of threads seems too high for short alignments. Use -nt AUTO to determine best number of threads.
107  TPM2+F+G4     2083.854     23  4213.707     4216.026     4310.643
WARNING: Number of threads seems too high for short alignments. Use -nt AUTO to determine best number of threads.
108  TPM2+F+I+G4   2084.447     24  4216.895     4219.421     4318.045
WARNING: Number of threads seems too high for short alignments. Use -nt AUTO to determine best number of threads.
109  TPM2+F+R2     2083.877     24  4215.753     4218.279     4316.904
WARNING: Number of threads seems too high for short alignments. Use -nt AUTO to determine best number of threads.
110  TPM2+F+R3     2083.865     26  4219.730     4222.699     4329.310
WARNING: Number of threads seems too high for short alignments. Use -nt AUTO to determine best number of threads.
118  TPM2u+F       2083.855     22  4211.710     4213.832     4304.432
WARNING: Number of threads seems too high for short alignments. Use -nt AUTO to determine best number of threads.
119  TPM2u+F+I     2083.855     23  4213.710     4216.030     4310.646
WARNING: Number of threads seems too high for short alignments. Use -nt AUTO to determine best number of threads.
120  TPM2u+F+G4    2083.854     23  4213.707     4216.027     4310.643
WARNING: Number of threads seems too high for short alignments. Use -nt AUTO to determine best number of threads.
121  TPM2u+F+I+G4  2084.418     24  4216.836     4219.363     4317.987
WARNING: Number of threads seems too high for short alignments. Use -nt AUTO to determine best number of threads.
122  TPM2u+F+R2    2083.874     24  4215.748     4218.274     4316.898
WARNING: Number of threads seems too high for short alignments. Use -nt AUTO to determine best number of threads.
123  TPM2u+F+R3    2083.864     26  4219.727     4222.696     4329.307
WARNING: Number of threads seems too high for short alignments. Use -nt AUTO to determine best number of threads.
131  TPM3+F        2083.879     22  4211.757     4213.879     4304.478
WARNING: Number of threads seems too high for short alignments. Use -nt AUTO to determine best number of threads.
132  TPM3+F+I      2083.878     23  4213.757     4216.076     4310.693
WARNING: Number of threads seems too high for short alignments. Use -nt AUTO to determine best number of threads.
133  TPM3+F+G4     2083.877     23  4213.754     4216.074     4310.690
WARNING: Number of threads seems too high for short alignments. Use -nt AUTO to determine best number of threads.
134  TPM3+F+I+G4   2084.417     24  4216.834     4219.360     4317.984
WARNING: Number of threads seems too high for short alignments. Use -nt AUTO to determine best number of threads.
135  TPM3+F+R2     2083.897     24  4215.793     4218.319     4316.944
WARNING: Number of threads seems too high for short alignments. Use -nt AUTO to determine best number of threads.
136  TPM3+F+R3     2083.887     26  4219.773     4222.741     4329.353
WARNING: Number of threads seems too high for short alignments. Use -nt AUTO to determine best number of threads.
144  TPM3u+F       2083.878     22  4211.757     4213.878     4304.478
WARNING: Number of threads seems too high for short alignments. Use -nt AUTO to determine best number of threads.
145  TPM3u+F+I     2083.878     23  4213.757     4216.076     4310.693
WARNING: Number of threads seems too high for short alignments. Use -nt AUTO to determine best number of threads.
146  TPM3u+F+G4    2083.877     23  4213.754     4216.074     4310.690
WARNING: Number of threads seems too high for short alignments. Use -nt AUTO to determine best number of threads.
147  TPM3u+F+I+G4  2084.392     24  4216.783     4219.310     4317.934
WARNING: Number of threads seems too high for short alignments. Use -nt AUTO to determine best number of threads.
148  TPM3u+F+R2    2083.894     24  4215.788     4218.314     4316.939
WARNING: Number of threads seems too high for short alignments. Use -nt AUTO to determine best number of threads.
149  TPM3u+F+R3    2083.885     26  4219.771     4222.739     4329.351
WARNING: Number of threads seems too high for short alignments. Use -nt AUTO to determine best number of threads.
157  TIMe          2097.520     20  4235.040     4236.794     4319.332
WARNING: Number of threads seems too high for short alignments. Use -nt AUTO to determine best number of threads.
158  TIMe+I        2097.520     21  4237.040     4238.973     4325.547
WARNING: Number of threads seems too high for short alignments. Use -nt AUTO to determine best number of threads.
159  TIMe+G4       2097.520     21  4237.039     4238.972     4325.546
WARNING: Number of threads seems too high for short alignments. Use -nt AUTO to determine best number of threads.
160  TIMe+I+G4     2098.067     22  4240.134     4242.256     4332.855
WARNING: Number of threads seems too high for short alignments. Use -nt AUTO to determine best number of threads.
161  TIMe+R2       2097.537     22  4239.073     4241.195     4331.795
WARNING: Number of threads seems too high for short alignments. Use -nt AUTO to determine best number of threads.
162  TIMe+R3       2097.529     24  4243.057     4245.583     4344.208
WARNING: Number of threads seems too high for short alignments. Use -nt AUTO to determine best number of threads.
170  TIM+F         2084.059     23  4214.119     4216.438     4311.055
WARNING: Number of threads seems too high for short alignments. Use -nt AUTO to determine best number of threads.
171  TIM+F+I       2084.059     24  4216.119     4218.645     4317.269
WARNING: Number of threads seems too high for short alignments. Use -nt AUTO to determine best number of threads.
172  TIM+F+G4      2084.059     24  4216.119     4218.645     4317.269
WARNING: Number of threads seems too high for short alignments. Use -nt AUTO to determine best number of threads.
173  TIM+F+I+G4    2084.578     25  4219.156     4221.899     4324.521
WARNING: Number of threads seems too high for short alignments. Use -nt AUTO to determine best number of threads.
174  TIM+F+R2      2084.079     25  4218.158     4220.901     4323.523
WARNING: Number of threads seems too high for short alignments. Use -nt AUTO to determine best number of threads.
175  TIM+F+R3      2084.070     27  4222.140     4225.344     4335.935
WARNING: Number of threads seems too high for short alignments. Use -nt AUTO to determine best number of threads.
183  TIM2e         2096.611     20  4233.222     4234.976     4317.514
WARNING: Number of threads seems too high for short alignments. Use -nt AUTO to determine best number of threads.
184  TIM2e+I       2096.608     21  4235.217     4237.150     4323.723
WARNING: Number of threads seems too high for short alignments. Use -nt AUTO to determine best number of threads.
185  TIM2e+G4      2096.594     21  4235.187     4237.120     4323.694
WARNING: Number of threads seems too high for short alignments. Use -nt AUTO to determine best number of threads.
186  TIM2e+I+G4    2096.984     22  4237.967     4240.089     4330.689
WARNING: Number of threads seems too high for short alignments. Use -nt AUTO to determine best number of threads.
187  TIM2e+R2      2096.596     22  4237.192     4239.314     4329.913
WARNING: Number of threads seems too high for short alignments. Use -nt AUTO to determine best number of threads.
188  TIM2e+R3      2096.596     24  4241.191     4243.718     4342.342
WARNING: Number of threads seems too high for short alignments. Use -nt AUTO to determine best number of threads.
196  TIM2+F        2083.822     23  4213.645     4215.964     4310.581
WARNING: Number of threads seems too high for short alignments. Use -nt AUTO to determine best number of threads.
197  TIM2+F+I      2083.822     24  4215.645     4218.171     4316.795
WARNING: Number of threads seems too high for short alignments. Use -nt AUTO to determine best number of threads.
198  TIM2+F+G4     2083.821     24  4215.642     4218.169     4316.793
WARNING: Number of threads seems too high for short alignments. Use -nt AUTO to determine best number of threads.
199  TIM2+F+I+G4   2084.260     25  4218.519     4221.262     4323.885
WARNING: Number of threads seems too high for short alignments. Use -nt AUTO to determine best number of threads.
200  TIM2+F+R2     2083.832     25  4217.664     4220.407     4323.030
WARNING: Number of threads seems too high for short alignments. Use -nt AUTO to determine best number of threads.
201  TIM2+F+R3     2083.831     27  4221.663     4224.866     4335.457
WARNING: Number of threads seems too high for short alignments. Use -nt AUTO to determine best number of threads.
209  TIM3e         2097.463     20  4234.926     4236.680     4319.218
WARNING: Number of threads seems too high for short alignments. Use -nt AUTO to determine best number of threads.
210  TIM3e+I       2097.463     21  4236.926     4238.859     4325.433
WARNING: Number of threads seems too high for short alignments. Use -nt AUTO to determine best number of threads.
211  TIM3e+G4      2097.462     21  4236.924     4238.858     4325.431
WARNING: Number of threads seems too high for short alignments. Use -nt AUTO to determine best number of threads.
212  TIM3e+I+G4    2097.932     22  4239.863     4241.985     4332.585
WARNING: Number of threads seems too high for short alignments. Use -nt AUTO to determine best number of threads.
213  TIM3e+R2      2097.474     22  4238.948     4241.069     4331.669
WARNING: Number of threads seems too high for short alignments. Use -nt AUTO to determine best number of threads.
214  TIM3e+R3      2097.473     24  4242.945     4245.472     4344.096
WARNING: Number of threads seems too high for short alignments. Use -nt AUTO to determine best number of threads.
222  TIM3+F        2083.847     23  4213.694     4216.013     4310.630
WARNING: Number of threads seems too high for short alignments. Use -nt AUTO to determine best number of threads.
223  TIM3+F+I      2083.847     24  4215.693     4218.220     4316.844
WARNING: Number of threads seems too high for short alignments. Use -nt AUTO to determine best number of threads.
224  TIM3+F+G4     2083.845     24  4215.691     4218.217     4316.842
WARNING: Number of threads seems too high for short alignments. Use -nt AUTO to determine best number of threads.
225  TIM3+F+I+G4   2084.250     25  4218.500     4221.243     4323.866
WARNING: Number of threads seems too high for short alignments. Use -nt AUTO to determine best number of threads.
226  TIM3+F+R2     2083.855     25  4217.709     4220.452     4323.075
WARNING: Number of threads seems too high for short alignments. Use -nt AUTO to determine best number of threads.
227  TIM3+F+R3     2083.853     27  4221.707     4224.910     4335.501
WARNING: Number of threads seems too high for short alignments. Use -nt AUTO to determine best number of threads.
235  TVMe          2096.674     21  4235.349     4237.282     4323.855
WARNING: Number of threads seems too high for short alignments. Use -nt AUTO to determine best number of threads.
236  TVMe+I        2096.673     22  4237.345     4239.467     4330.066
WARNING: Number of threads seems too high for short alignments. Use -nt AUTO to determine best number of threads.
237  TVMe+G4       2096.661     22  4237.323     4239.444     4330.044
WARNING: Number of threads seems too high for short alignments. Use -nt AUTO to determine best number of threads.
238  TVMe+I+G4     2096.993     23  4239.986     4242.305     4336.922
WARNING: Number of threads seems too high for short alignments. Use -nt AUTO to determine best number of threads.
239  TVMe+R2       2096.664     23  4239.329     4241.648     4336.265
WARNING: Number of threads seems too high for short alignments. Use -nt AUTO to determine best number of threads.
240  TVMe+R3       2096.663     25  4243.326     4246.069     4348.691
WARNING: Number of threads seems too high for short alignments. Use -nt AUTO to determine best number of threads.
248  TVM+F         2083.637     24  4215.273     4217.800     4316.424
WARNING: Number of threads seems too high for short alignments. Use -nt AUTO to determine best number of threads.
249  TVM+F+I       2083.636     25  4217.271     4220.014     4322.637
WARNING: Number of threads seems too high for short alignments. Use -nt AUTO to determine best number of threads.
250  TVM+F+G4      2083.633     25  4217.265     4220.008     4322.630
WARNING: Number of threads seems too high for short alignments. Use -nt AUTO to determine best number of threads.
251  TVM+F+I+G4    2083.967     26  4219.934     4222.902     4329.514
WARNING: Number of threads seems too high for short alignments. Use -nt AUTO to determine best number of threads.
252  TVM+F+R2      2083.638     26  4219.276     4222.245     4328.856
WARNING: Number of threads seems too high for short alignments. Use -nt AUTO to determine best number of threads.
253  TVM+F+R3      2083.637     28  4223.273     4226.721     4341.282
WARNING: Number of threads seems too high for short alignments. Use -nt AUTO to determine best number of threads.
261  SYM           2096.437     22  4236.874     4238.996     4329.596
WARNING: Number of threads seems too high for short alignments. Use -nt AUTO to determine best number of threads.
262  SYM+I         2096.436     23  4238.871     4241.190     4335.807
WARNING: Number of threads seems too high for short alignments. Use -nt AUTO to determine best number of threads.
263  SYM+G4        2096.422     23  4238.844     4241.163     4335.780
WARNING: Number of threads seems too high for short alignments. Use -nt AUTO to determine best number of threads.
264  SYM+I+G4      2096.735     24  4241.471     4243.997     4342.622
WARNING: Number of threads seems too high for short alignments. Use -nt AUTO to determine best number of threads.
265  SYM+R2        2096.425     24  4240.849     4243.376     4342.000
WARNING: Number of threads seems too high for short alignments. Use -nt AUTO to determine best number of threads.
266  SYM+R3        2096.424     26  4244.847     4247.816     4354.427
WARNING: Number of threads seems too high for short alignments. Use -nt AUTO to determine best number of threads.
274  GTR+F         2083.604     25  4217.208     4219.951     4322.573
WARNING: Number of threads seems too high for short alignments. Use -nt AUTO to determine best number of threads.
275  GTR+F+I       2083.604     26  4219.207     4222.175     4328.787
WARNING: Number of threads seems too high for short alignments. Use -nt AUTO to determine best number of threads.
276  GTR+F+G4      2083.600     26  4219.200     4222.169     4328.780
WARNING: Number of threads seems too high for short alignments. Use -nt AUTO to determine best number of threads.
277  GTR+F+I+G4    2083.920     27  4221.840     4225.043     4335.634
WARNING: Number of threads seems too high for short alignments. Use -nt AUTO to determine best number of threads.
278  GTR+F+R2      2083.604     27  4221.209     4224.412     4335.003
WARNING: Number of threads seems too high for short alignments. Use -nt AUTO to determine best number of threads.
279  GTR+F+R3      2083.604     29  4225.207     4228.909     4347.431
Akaike Information Criterion:           HKY+F
Corrected Akaike Information Criterion: HKY+F
Bayesian Information Criterion:         HKY+F
Best-fit model: HKY+F chosen according to BIC

All model information printed to examples/10taxon_300genes_4cores_nophylonet//aln_seqs/1_seqgen225.nex.aln.model.gz
CPU time for ModelFinder: 4.729 seconds (0h:0m:4s)
Wall-clock time for ModelFinder: 167.919 seconds (0h:2m:47s)
Generating 1000 samples for ultrafast bootstrap (seed: 164492)...

NOTE: 0 MB RAM (0 GB) is required!
WARNING: Number of threads seems too high for short alignments. Use -nt AUTO to determine best number of threads.
Estimate model parameters (epsilon = 0.100)
1. Initial log-likelihood: -2138.431
2. Current log-likelihood: -2084.319
3. Current log-likelihood: -2084.095
Optimal log-likelihood: -2084.095
Rate parameters:  A-C: 1.00000  A-G: 3.60879  A-T: 1.00000  C-G: 1.00000  C-T: 3.60879  G-T: 1.00000
Base frequencies:  A: 0.290  C: 0.190  G: 0.216  T: 0.305
Parameters optimization took 3 rounds (1.613 sec)
Computing ML distances based on estimated model parameters... 0.001 sec
Computing BIONJ tree...
0.111 seconds
Log-likelihood of BIONJ tree: -2084.095
--------------------------------------------------------------------
|             INITIALIZING CANDIDATE TREE SET                      |
--------------------------------------------------------------------
Generating 98 parsimony trees... 1.850 second
Computing log-likelihood of 90 initial trees ... 34.772 seconds
Current best score: -2084.054

Do NNI search on 20 best initial trees
Estimate model parameters (epsilon = 0.100)
BETTER TREE FOUND at iteration 1: -2084.054
UPDATE BEST LOG-LIKELIHOOD: -2084.054
UPDATE BEST LOG-LIKELIHOOD: -2084.054
Iteration 10 / LogL: -2084.057 / Time: 0h:0m:52s
Iteration 20 / LogL: -2084.054 / Time: 0h:1m:7s
Finish initializing candidate tree set (1)
Current best tree score: -2084.054 / CPU time: 64.138
Number of iterations: 20
--------------------------------------------------------------------
|               OPTIMIZING CANDIDATE TREE SET                      |
--------------------------------------------------------------------
UPDATE BEST LOG-LIKELIHOOD: -2084.054
UPDATE BEST LOG-LIKELIHOOD: -2084.054
UPDATE BEST LOG-LIKELIHOOD: -2084.054
Iteration 30 / LogL: -2084.054 / Time: 0h:1m:21s (0h:3m:18s left)
UPDATE BEST LOG-LIKELIHOOD: -2084.054
UPDATE BEST LOG-LIKELIHOOD: -2084.054
UPDATE BEST LOG-LIKELIHOOD: -2084.054
Iteration 40 / LogL: -2084.067 / Time: 0h:1m:36s (0h:2m:30s left)
UPDATE BEST LOG-LIKELIHOOD: -2084.054
Iteration 50 / LogL: -2084.068 / Time: 0h:1m:41s (0h:1m:45s left)
Log-likelihood cutoff on original alignment: -2109.372
Iteration 60 / LogL: -2084.054 / Time: 0h:1m:45s (0h:1m:13s left)
Iteration 70 / LogL: -2084.054 / Time: 0h:1m:47s (0h:0m:48s left)
Iteration 80 / LogL: -2084.067 / Time: 0h:1m:49s (0h:0m:28s left)
UPDATE BEST LOG-LIKELIHOOD: -2084.054
Iteration 90 / LogL: -2084.057 / Time: 0h:1m:51s (0h:0m:13s left)
UPDATE BEST LOG-LIKELIHOOD: -2084.054
UPDATE BEST LOG-LIKELIHOOD: -2084.054
Iteration 100 / LogL: -2084.054 / Time: 0h:1m:54s (0h:0m:1s left)
Log-likelihood cutoff on original alignment: -2109.189
NOTE: Bootstrap correlation coefficient of split occurrence frequencies: 0.998
TREE SEARCH COMPLETED AFTER 102 ITERATIONS / Time: 0h:1m:54s

--------------------------------------------------------------------
|                    FINALIZING TREE SEARCH                        |
--------------------------------------------------------------------
Performs final model parameters optimization
Estimate model parameters (epsilon = 0.010)
1. Initial log-likelihood: -2084.054
Optimal log-likelihood: -2084.054
Rate parameters:  A-C: 1.00000  A-G: 3.61714  A-T: 1.00000  C-G: 1.00000  C-T: 3.61714  G-T: 1.00000
Base frequencies:  A: 0.290  C: 0.190  G: 0.216  T: 0.305
Parameters optimization took 1 rounds (0.033 sec)
BEST SCORE FOUND : -2084.054
Creating bootstrap support values...
Split supports printed to NEXUS file examples/10taxon_300genes_4cores_nophylonet//aln_seqs/1_seqgen225.nex.aln.splits.nex
Total tree length: 0.615

Total number of iterations: 102
CPU time used for tree search: 8.359 sec (0h:0m:8s)
Wall-clock time used for tree search: 110.946 sec (0h:1m:50s)
Total CPU time used: 8.513 sec (0h:0m:8s)
Total wall-clock time used: 115.043 sec (0h:1m:55s)

Computing bootstrap consensus tree...
Reading input file examples/10taxon_300genes_4cores_nophylonet//aln_seqs/1_seqgen225.nex.aln.splits.nex...
10 taxa and 37 splits.
Consensus tree written to examples/10taxon_300genes_4cores_nophylonet//aln_seqs/1_seqgen225.nex.aln.contree
Reading input trees file examples/10taxon_300genes_4cores_nophylonet//aln_seqs/1_seqgen225.nex.aln.contree
Log-likelihood of consensus tree: -2084.054

Analysis results written to: 
  IQ-TREE report:                examples/10taxon_300genes_4cores_nophylonet//aln_seqs/1_seqgen225.nex.aln.iqtree
  Maximum-likelihood tree:       examples/10taxon_300genes_4cores_nophylonet//aln_seqs/1_seqgen225.nex.aln.treefile
  Likelihood distances:          examples/10taxon_300genes_4cores_nophylonet//aln_seqs/1_seqgen225.nex.aln.mldist

Ultrafast bootstrap approximation results written to:
  Split support values:          examples/10taxon_300genes_4cores_nophylonet//aln_seqs/1_seqgen225.nex.aln.splits.nex
  Consensus tree:                examples/10taxon_300genes_4cores_nophylonet//aln_seqs/1_seqgen225.nex.aln.contree
  Screen log file:               examples/10taxon_300genes_4cores_nophylonet//aln_seqs/1_seqgen225.nex.aln.log

Date and Time: Sun Feb 24 20:03:35 2019
