IQ-TREE multicore version 1.6.8 for Linux 64-bit built Oct 28 2018
Developed by Bui Quang Minh, Nguyen Lam Tung, Olga Chernomor,
Heiko Schmidt, Dominik Schrempf, Michael Woodhams.

Host:    sango10604.oist.jp (AVX2, FMA3, 125 GB RAM)
Command: iqtree -s examples/10taxon_300genes_4cores_nophylonet//aln_seqs/1_seqgen50.nex.aln -bb 1000 -redo -nt 3 -m MFP
Seed:    605423 (Using SPRNG - Scalable Parallel Random Number Generator)
Time:    Sun Feb 24 19:58:55 2019
Kernel:  AVX+FMA - 3 threads (24 CPU cores detected)

Reading alignment file examples/10taxon_300genes_4cores_nophylonet//aln_seqs/1_seqgen50.nex.aln ... Fasta format detected
Alignment most likely contains DNA/RNA sequences
Alignment has 10 sequences with 500 columns, 121 distinct patterns
111 parsimony-informative, 100 singleton sites, 289 constant sites
    Gap/Ambiguity  Composition  p-value
   1  A     0.00%    passed     89.42%
   2  A0    0.00%    passed     99.55%
   3  A1    0.00%    passed     99.87%
   4  A4    0.00%    passed     87.81%
   5  B     0.00%    passed     97.54%
   6  C     0.00%    passed     99.36%
   7  D     0.00%    passed     93.39%
   8  E     0.00%    passed     92.44%
   9  H     0.00%    passed     92.33%
  10  I     0.00%    passed     88.76%
****  TOTAL    0.00%  0 sequences failed composition chi2 test (p-value<5%; df=3)


Create initial parsimony tree by phylogenetic likelihood library (PLL)... 0.000 seconds
NOTE: ModelFinder requires 0 MB RAM!
ModelFinder will test 286 DNA models (sample size: 500) ...
 No. Model         -LnL         df  AIC          AICc         BIC
WARNING: Number of threads seems too high for short alignments. Use -nt AUTO to determine best number of threads.
  1  JC            2006.207     17  4046.414     4047.684     4118.062
WARNING: Number of threads seems too high for short alignments. Use -nt AUTO to determine best number of threads.
  2  JC+I          2006.207     18  4048.414     4049.836     4124.277
WARNING: Number of threads seems too high for short alignments. Use -nt AUTO to determine best number of threads.
  3  JC+G4         2006.216     18  4048.433     4049.855     4124.296
WARNING: Number of threads seems too high for short alignments. Use -nt AUTO to determine best number of threads.
  4  JC+I+G4       2007.841     19  4053.682     4055.265     4133.760
WARNING: Number of threads seems too high for short alignments. Use -nt AUTO to determine best number of threads.
  5  JC+R2         2006.356     19  4050.712     4052.295     4130.789
WARNING: Number of threads seems too high for short alignments. Use -nt AUTO to determine best number of threads.
  6  JC+R3         2006.283     21  4054.566     4056.499     4143.072
WARNING: Number of threads seems too high for short alignments. Use -nt AUTO to determine best number of threads.
 14  F81+F         1988.979     20  4017.959     4019.713     4102.251
WARNING: Number of threads seems too high for short alignments. Use -nt AUTO to determine best number of threads.
 15  F81+F+I       1988.979     21  4019.959     4021.892     4108.466
WARNING: Number of threads seems too high for short alignments. Use -nt AUTO to determine best number of threads.
 16  F81+F+G4      1988.989     21  4019.978     4021.911     4108.485
WARNING: Number of threads seems too high for short alignments. Use -nt AUTO to determine best number of threads.
 17  F81+F+I+G4    1990.582     22  4025.164     4027.286     4117.886
WARNING: Number of threads seems too high for short alignments. Use -nt AUTO to determine best number of threads.
 18  F81+F+R2      1989.079     22  4022.159     4024.280     4114.880
WARNING: Number of threads seems too high for short alignments. Use -nt AUTO to determine best number of threads.
 19  F81+F+R3      1989.022     24  4026.044     4028.571     4127.195
WARNING: Number of threads seems too high for short alignments. Use -nt AUTO to determine best number of threads.
 27  K2P           1954.341     18  3944.681     3946.103     4020.544
WARNING: Number of threads seems too high for short alignments. Use -nt AUTO to determine best number of threads.
 28  K2P+I         1954.341     19  3946.681     3948.265     4026.759
WARNING: Number of threads seems too high for short alignments. Use -nt AUTO to determine best number of threads.
 29  K2P+G4        1954.348     19  3946.697     3948.280     4026.774
WARNING: Number of threads seems too high for short alignments. Use -nt AUTO to determine best number of threads.
 30  K2P+I+G4      1955.571     20  3951.142     3952.896     4035.434
WARNING: Number of threads seems too high for short alignments. Use -nt AUTO to determine best number of threads.
 31  K2P+R2        1954.400     20  3948.800     3950.554     4033.092
WARNING: Number of threads seems too high for short alignments. Use -nt AUTO to determine best number of threads.
 32  K2P+R3        1954.362     22  3952.725     3954.846     4045.446
WARNING: Number of threads seems too high for short alignments. Use -nt AUTO to determine best number of threads.
 40  HKY+F         1932.469     21  3906.939     3908.872     3995.445
WARNING: Number of threads seems too high for short alignments. Use -nt AUTO to determine best number of threads.
 41  HKY+F+I       1932.469     22  3908.939     3911.060     4001.660
WARNING: Number of threads seems too high for short alignments. Use -nt AUTO to determine best number of threads.
 42  HKY+F+G4      1932.477     22  3908.954     3911.076     4001.675
WARNING: Number of threads seems too high for short alignments. Use -nt AUTO to determine best number of threads.
 43  HKY+F+I+G4    1933.711     23  3913.423     3915.742     4010.359
WARNING: Number of threads seems too high for short alignments. Use -nt AUTO to determine best number of threads.
 44  HKY+F+R2      1932.511     23  3911.023     3913.342     4007.959
WARNING: Number of threads seems too high for short alignments. Use -nt AUTO to determine best number of threads.
 45  HKY+F+R3      1932.482     25  3914.965     3917.707     4020.330
WARNING: Number of threads seems too high for short alignments. Use -nt AUTO to determine best number of threads.
 53  TNe           1954.331     19  3946.662     3948.245     4026.739
WARNING: Number of threads seems too high for short alignments. Use -nt AUTO to determine best number of threads.
 54  TNe+I         1954.331     20  3948.662     3950.416     4032.954
WARNING: Number of threads seems too high for short alignments. Use -nt AUTO to determine best number of threads.
 55  TNe+G4        1954.339     20  3948.677     3950.431     4032.970
WARNING: Number of threads seems too high for short alignments. Use -nt AUTO to determine best number of threads.
 56  TNe+I+G4      1955.448     21  3952.896     3954.829     4041.403
WARNING: Number of threads seems too high for short alignments. Use -nt AUTO to determine best number of threads.
 57  TNe+R2        1954.362     21  3950.724     3952.657     4039.230
WARNING: Number of threads seems too high for short alignments. Use -nt AUTO to determine best number of threads.
 58  TNe+R3        1954.339     23  3954.678     3956.997     4051.614
WARNING: Number of threads seems too high for short alignments. Use -nt AUTO to determine best number of threads.
 66  TN+F          1932.252     22  3908.505     3910.626     4001.226
WARNING: Number of threads seems too high for short alignments. Use -nt AUTO to determine best number of threads.
 67  TN+F+I        1932.252     23  3910.505     3912.824     4007.441
WARNING: Number of threads seems too high for short alignments. Use -nt AUTO to determine best number of threads.
 68  TN+F+G4       1932.260     23  3910.520     3912.839     4007.456
WARNING: Number of threads seems too high for short alignments. Use -nt AUTO to determine best number of threads.
 69  TN+F+I+G4     1933.371     24  3914.743     3917.269     4015.893
WARNING: Number of threads seems too high for short alignments. Use -nt AUTO to determine best number of threads.
 70  TN+F+R2       1932.274     24  3912.548     3915.075     4013.699
WARNING: Number of threads seems too high for short alignments. Use -nt AUTO to determine best number of threads.
 71  TN+F+R3       1932.257     26  3916.514     3919.483     4026.094
WARNING: Number of threads seems too high for short alignments. Use -nt AUTO to determine best number of threads.
 79  K3P           1954.313     19  3946.626     3948.209     4026.703
WARNING: Number of threads seems too high for short alignments. Use -nt AUTO to determine best number of threads.
 80  K3P+I         1954.313     20  3948.626     3950.379     4032.918
WARNING: Number of threads seems too high for short alignments. Use -nt AUTO to determine best number of threads.
 81  K3P+G4        1954.321     20  3948.641     3950.395     4032.933
WARNING: Number of threads seems too high for short alignments. Use -nt AUTO to determine best number of threads.
 82  K3P+I+G4      1955.341     21  3952.683     3954.616     4041.190
WARNING: Number of threads seems too high for short alignments. Use -nt AUTO to determine best number of threads.
 83  K3P+R2        1954.329     21  3950.658     3952.591     4039.164
WARNING: Number of threads seems too high for short alignments. Use -nt AUTO to determine best number of threads.
 84  K3P+R3        1954.316     23  3954.631     3956.951     4051.567
WARNING: Number of threads seems too high for short alignments. Use -nt AUTO to determine best number of threads.
 92  K3Pu+F        1932.421     22  3908.841     3910.963     4001.562
WARNING: Number of threads seems too high for short alignments. Use -nt AUTO to determine best number of threads.
 93  K3Pu+F+I      1932.421     23  3910.841     3913.160     4007.777
WARNING: Number of threads seems too high for short alignments. Use -nt AUTO to determine best number of threads.
 94  K3Pu+F+G4     1932.428     23  3910.856     3913.176     4007.792
WARNING: Number of threads seems too high for short alignments. Use -nt AUTO to determine best number of threads.
 95  K3Pu+F+I+G4   1933.461     24  3914.922     3917.449     4016.073
WARNING: Number of threads seems too high for short alignments. Use -nt AUTO to determine best number of threads.
 96  K3Pu+F+R2     1932.432     24  3912.863     3915.390     4014.014
WARNING: Number of threads seems too high for short alignments. Use -nt AUTO to determine best number of threads.
 97  K3Pu+F+R3     1932.422     26  3916.844     3919.812     4026.424
WARNING: Number of threads seems too high for short alignments. Use -nt AUTO to determine best number of threads.
105  TPM2+F        1932.208     22  3908.416     3910.537     4001.137
WARNING: Number of threads seems too high for short alignments. Use -nt AUTO to determine best number of threads.
106  TPM2+F+I      1932.208     23  3910.416     3912.735     4007.352
WARNING: Number of threads seems too high for short alignments. Use -nt AUTO to determine best number of threads.
107  TPM2+F+G4     1932.215     23  3910.431     3912.750     4007.367
WARNING: Number of threads seems too high for short alignments. Use -nt AUTO to determine best number of threads.
108  TPM2+F+I+G4   1933.204     24  3914.407     3916.934     4015.558
WARNING: Number of threads seems too high for short alignments. Use -nt AUTO to determine best number of threads.
109  TPM2+F+R2     1932.216     24  3912.431     3914.958     4013.582
WARNING: Number of threads seems too high for short alignments. Use -nt AUTO to determine best number of threads.
110  TPM2+F+R3     1932.209     26  3916.417     3919.386     4025.997
WARNING: Number of threads seems too high for short alignments. Use -nt AUTO to determine best number of threads.
118  TPM2u+F       1932.208     22  3908.415     3910.537     4001.137
WARNING: Number of threads seems too high for short alignments. Use -nt AUTO to determine best number of threads.
119  TPM2u+F+I     1932.208     23  3910.415     3912.735     4007.351
WARNING: Number of threads seems too high for short alignments. Use -nt AUTO to determine best number of threads.
120  TPM2u+F+G4    1932.215     23  3910.431     3912.750     4007.367
WARNING: Number of threads seems too high for short alignments. Use -nt AUTO to determine best number of threads.
121  TPM2u+F+I+G4  1933.163     24  3914.326     3916.852     4015.476
WARNING: Number of threads seems too high for short alignments. Use -nt AUTO to determine best number of threads.
122  TPM2u+F+R2    1932.213     24  3912.427     3914.953     4013.577
WARNING: Number of threads seems too high for short alignments. Use -nt AUTO to determine best number of threads.
123  TPM2u+F+R3    1932.208     26  3916.416     3919.385     4025.996
WARNING: Number of threads seems too high for short alignments. Use -nt AUTO to determine best number of threads.
131  TPM3+F        1930.963     22  3905.927     3908.048     3998.648
WARNING: Number of threads seems too high for short alignments. Use -nt AUTO to determine best number of threads.
132  TPM3+F+I      1930.963     23  3907.927     3910.246     4004.863
WARNING: Number of threads seems too high for short alignments. Use -nt AUTO to determine best number of threads.
133  TPM3+F+G4     1930.971     23  3907.942     3910.262     4004.878
WARNING: Number of threads seems too high for short alignments. Use -nt AUTO to determine best number of threads.
134  TPM3+F+I+G4   1931.880     24  3911.760     3914.286     4012.910
WARNING: Number of threads seems too high for short alignments. Use -nt AUTO to determine best number of threads.
135  TPM3+F+R2     1930.967     24  3909.935     3912.461     4011.085
WARNING: Number of threads seems too high for short alignments. Use -nt AUTO to determine best number of threads.
136  TPM3+F+R3     1930.964     26  3913.927     3916.896     4023.507
WARNING: Number of threads seems too high for short alignments. Use -nt AUTO to determine best number of threads.
144  TPM3u+F       1930.963     22  3905.927     3908.048     3998.648
WARNING: Number of threads seems too high for short alignments. Use -nt AUTO to determine best number of threads.
145  TPM3u+F+I     1930.963     23  3907.927     3910.246     4004.863
WARNING: Number of threads seems too high for short alignments. Use -nt AUTO to determine best number of threads.
146  TPM3u+F+G4    1930.971     23  3907.942     3910.262     4004.878
WARNING: Number of threads seems too high for short alignments. Use -nt AUTO to determine best number of threads.
147  TPM3u+F+I+G4  1931.844     24  3911.688     3914.214     4012.838
WARNING: Number of threads seems too high for short alignments. Use -nt AUTO to determine best number of threads.
148  TPM3u+F+R2    1930.966     24  3909.932     3912.458     4011.083
WARNING: Number of threads seems too high for short alignments. Use -nt AUTO to determine best number of threads.
149  TPM3u+F+R3    1930.964     26  3913.927     3916.895     4023.507
WARNING: Number of threads seems too high for short alignments. Use -nt AUTO to determine best number of threads.
157  TIMe          1954.303     20  3948.606     3950.360     4032.899
WARNING: Number of threads seems too high for short alignments. Use -nt AUTO to determine best number of threads.
158  TIMe+I        1954.303     21  3950.606     3952.540     4039.113
WARNING: Number of threads seems too high for short alignments. Use -nt AUTO to determine best number of threads.
159  TIMe+G4       1954.311     21  3950.622     3952.555     4039.129
WARNING: Number of threads seems too high for short alignments. Use -nt AUTO to determine best number of threads.
160  TIMe+I+G4     1955.103     22  3954.205     3956.327     4046.927
WARNING: Number of threads seems too high for short alignments. Use -nt AUTO to determine best number of threads.
161  TIMe+R2       1954.305     22  3952.610     3954.732     4045.331
WARNING: Number of threads seems too high for short alignments. Use -nt AUTO to determine best number of threads.
162  TIMe+R3       1954.303     24  3956.607     3959.133     4057.757
WARNING: Number of threads seems too high for short alignments. Use -nt AUTO to determine best number of threads.
170  TIM+F         1932.204     23  3910.407     3912.727     4007.343
WARNING: Number of threads seems too high for short alignments. Use -nt AUTO to determine best number of threads.
171  TIM+F+I       1932.204     24  3912.407     3914.934     4013.558
WARNING: Number of threads seems too high for short alignments. Use -nt AUTO to determine best number of threads.
172  TIM+F+G4      1932.211     24  3912.422     3914.949     4013.573
WARNING: Number of threads seems too high for short alignments. Use -nt AUTO to determine best number of threads.
173  TIM+F+I+G4    1933.008     25  3916.016     3918.759     4021.382
WARNING: Number of threads seems too high for short alignments. Use -nt AUTO to determine best number of threads.
174  TIM+F+R2      1932.205     25  3914.409     3917.152     4019.775
WARNING: Number of threads seems too high for short alignments. Use -nt AUTO to determine best number of threads.
175  TIM+F+R3      1932.204     27  3918.407     3921.611     4032.202
WARNING: Number of threads seems too high for short alignments. Use -nt AUTO to determine best number of threads.
183  TIM2e         1954.218     20  3948.436     3950.189     4032.728
WARNING: Number of threads seems too high for short alignments. Use -nt AUTO to determine best number of threads.
184  TIM2e+I       1954.218     21  3950.436     3952.369     4038.943
WARNING: Number of threads seems too high for short alignments. Use -nt AUTO to determine best number of threads.
185  TIM2e+G4      1954.226     21  3950.451     3952.384     4038.958
WARNING: Number of threads seems too high for short alignments. Use -nt AUTO to determine best number of threads.
186  TIM2e+I+G4    1954.948     22  3953.897     3956.018     4046.618
WARNING: Number of threads seems too high for short alignments. Use -nt AUTO to determine best number of threads.
187  TIM2e+R2      1954.219     22  3952.437     3954.559     4045.159
WARNING: Number of threads seems too high for short alignments. Use -nt AUTO to determine best number of threads.
188  TIM2e+R3      1954.218     24  3956.436     3958.962     4057.587
WARNING: Number of threads seems too high for short alignments. Use -nt AUTO to determine best number of threads.
196  TIM2+F        1931.991     23  3909.982     3912.301     4006.918
WARNING: Number of threads seems too high for short alignments. Use -nt AUTO to determine best number of threads.
197  TIM2+F+I      1931.991     24  3911.982     3914.508     4013.132
WARNING: Number of threads seems too high for short alignments. Use -nt AUTO to determine best number of threads.
198  TIM2+F+G4     1931.998     24  3911.997     3914.523     4013.147
WARNING: Number of threads seems too high for short alignments. Use -nt AUTO to determine best number of threads.
199  TIM2+F+I+G4   1932.737     25  3915.473     3918.216     4020.838
WARNING: Number of threads seems too high for short alignments. Use -nt AUTO to determine best number of threads.
200  TIM2+F+R2     1931.992     25  3913.983     3916.726     4019.349
WARNING: Number of threads seems too high for short alignments. Use -nt AUTO to determine best number of threads.
201  TIM2+F+R3     1931.991     27  3917.982     3921.185     4031.777
WARNING: Number of threads seems too high for short alignments. Use -nt AUTO to determine best number of threads.
209  TIM3e         1950.514     20  3941.029     3942.782     4025.321
WARNING: Number of threads seems too high for short alignments. Use -nt AUTO to determine best number of threads.
210  TIM3e+I       1950.514     21  3943.028     3944.962     4031.535
WARNING: Number of threads seems too high for short alignments. Use -nt AUTO to determine best number of threads.
211  TIM3e+G4      1950.521     21  3943.043     3944.976     4031.550
WARNING: Number of threads seems too high for short alignments. Use -nt AUTO to determine best number of threads.
212  TIM3e+I+G4    1951.140     22  3946.280     3948.401     4039.001
WARNING: Number of threads seems too high for short alignments. Use -nt AUTO to determine best number of threads.
213  TIM3e+R2      1950.515     22  3945.029     3947.151     4037.750
WARNING: Number of threads seems too high for short alignments. Use -nt AUTO to determine best number of threads.
214  TIM3e+R3      1950.514     24  3949.029     3951.555     4050.179
WARNING: Number of threads seems too high for short alignments. Use -nt AUTO to determine best number of threads.
222  TIM3+F        1930.750     23  3907.501     3909.820     4004.437
WARNING: Number of threads seems too high for short alignments. Use -nt AUTO to determine best number of threads.
223  TIM3+F+I      1930.750     24  3909.501     3912.027     4010.652
WARNING: Number of threads seems too high for short alignments. Use -nt AUTO to determine best number of threads.
224  TIM3+F+G4     1930.758     24  3909.517     3912.043     4010.667
WARNING: Number of threads seems too high for short alignments. Use -nt AUTO to determine best number of threads.
225  TIM3+F+I+G4   1931.447     25  3912.893     3915.636     4018.259
WARNING: Number of threads seems too high for short alignments. Use -nt AUTO to determine best number of threads.
226  TIM3+F+R2     1930.751     25  3911.502     3914.245     4016.868
WARNING: Number of threads seems too high for short alignments. Use -nt AUTO to determine best number of threads.
227  TIM3+F+R3     1930.751     27  3915.502     3918.705     4029.296
WARNING: Number of threads seems too high for short alignments. Use -nt AUTO to determine best number of threads.
235  TVMe          1950.342     21  3942.684     3944.617     4031.191
WARNING: Number of threads seems too high for short alignments. Use -nt AUTO to determine best number of threads.
236  TVMe+I        1950.342     22  3944.684     3946.806     4037.406
WARNING: Number of threads seems too high for short alignments. Use -nt AUTO to determine best number of threads.
237  TVMe+G4       1950.349     22  3944.698     3946.820     4037.419
WARNING: Number of threads seems too high for short alignments. Use -nt AUTO to determine best number of threads.
238  TVMe+I+G4     1950.916     23  3947.833     3950.152     4044.769
WARNING: Number of threads seems too high for short alignments. Use -nt AUTO to determine best number of threads.
239  TVMe+R2       1950.342     23  3946.684     3949.004     4043.620
WARNING: Number of threads seems too high for short alignments. Use -nt AUTO to determine best number of threads.
240  TVMe+R3       1950.342     25  3950.684     3953.427     4056.049
WARNING: Number of threads seems too high for short alignments. Use -nt AUTO to determine best number of threads.
248  TVM+F         1930.589     24  3909.178     3911.704     4010.329
WARNING: Number of threads seems too high for short alignments. Use -nt AUTO to determine best number of threads.
249  TVM+F+I       1930.589     25  3911.178     3913.921     4016.543
WARNING: Number of threads seems too high for short alignments. Use -nt AUTO to determine best number of threads.
250  TVM+F+G4      1930.597     25  3911.194     3913.936     4016.559
WARNING: Number of threads seems too high for short alignments. Use -nt AUTO to determine best number of threads.
251  TVM+F+I+G4    1931.250     26  3914.500     3917.468     4024.080
WARNING: Number of threads seems too high for short alignments. Use -nt AUTO to determine best number of threads.
252  TVM+F+R2      1930.589     26  3913.178     3916.147     4022.758
WARNING: Number of threads seems too high for short alignments. Use -nt AUTO to determine best number of threads.
253  TVM+F+R3      1930.589     28  3917.178     3920.626     4035.187
WARNING: Number of threads seems too high for short alignments. Use -nt AUTO to determine best number of threads.
261  SYM           1950.333     22  3944.666     3946.788     4037.387
WARNING: Number of threads seems too high for short alignments. Use -nt AUTO to determine best number of threads.
262  SYM+I         1950.333     23  3946.666     3948.985     4043.602
WARNING: Number of threads seems too high for short alignments. Use -nt AUTO to determine best number of threads.
263  SYM+G4        1950.340     23  3946.680     3948.999     4043.616
WARNING: Number of threads seems too high for short alignments. Use -nt AUTO to determine best number of threads.
264  SYM+I+G4      1950.868     24  3949.737     3952.263     4050.887
WARNING: Number of threads seems too high for short alignments. Use -nt AUTO to determine best number of threads.
265  SYM+R2        1950.333     24  3948.666     3951.192     4049.817
WARNING: Number of threads seems too high for short alignments. Use -nt AUTO to determine best number of threads.
266  SYM+R3        1950.333     26  3952.666     3955.634     4062.246
WARNING: Number of threads seems too high for short alignments. Use -nt AUTO to determine best number of threads.
274  GTR+F         1930.376     25  3910.752     3913.494     4016.117
WARNING: Number of threads seems too high for short alignments. Use -nt AUTO to determine best number of threads.
275  GTR+F+I       1930.376     26  3912.752     3915.720     4022.332
WARNING: Number of threads seems too high for short alignments. Use -nt AUTO to determine best number of threads.
276  GTR+F+G4      1930.384     26  3912.767     3915.735     4022.347
WARNING: Number of threads seems too high for short alignments. Use -nt AUTO to determine best number of threads.
277  GTR+F+I+G4    1930.984     27  3915.968     3919.171     4029.762
WARNING: Number of threads seems too high for short alignments. Use -nt AUTO to determine best number of threads.
278  GTR+F+R2      1930.376     27  3914.752     3917.956     4028.547
WARNING: Number of threads seems too high for short alignments. Use -nt AUTO to determine best number of threads.
279  GTR+F+R3      1930.376     29  3918.752     3922.454     4040.976
Akaike Information Criterion:           TPM3u+F
Corrected Akaike Information Criterion: TPM3u+F
Bayesian Information Criterion:         HKY+F
Best-fit model: HKY+F chosen according to BIC

All model information printed to examples/10taxon_300genes_4cores_nophylonet//aln_seqs/1_seqgen50.nex.aln.model.gz
CPU time for ModelFinder: 2.027 seconds (0h:0m:2s)
Wall-clock time for ModelFinder: 37.933 seconds (0h:0m:37s)
Generating 1000 samples for ultrafast bootstrap (seed: 605423)...

NOTE: 0 MB RAM (0 GB) is required!
WARNING: Number of threads seems too high for short alignments. Use -nt AUTO to determine best number of threads.
Estimate model parameters (epsilon = 0.100)
1. Initial log-likelihood: -1989.143
2. Current log-likelihood: -1977.877
3. Current log-likelihood: -1964.106
4. Current log-likelihood: -1947.836
5. Current log-likelihood: -1932.544
Optimal log-likelihood: -1932.469
Rate parameters:  A-C: 1.00000  A-G: 4.07889  A-T: 1.00000  C-G: 1.00000  C-T: 4.07889  G-T: 1.00000
Base frequencies:  A: 0.300  C: 0.199  G: 0.182  T: 0.320
Parameters optimization took 5 rounds (0.731 sec)
Computing ML distances based on estimated model parameters... 0.002 sec
Computing BIONJ tree...
0.089 seconds
Log-likelihood of BIONJ tree: -1932.469
--------------------------------------------------------------------
|             INITIALIZING CANDIDATE TREE SET                      |
--------------------------------------------------------------------
Generating 99 parsimony trees... 1.608 second
Computing log-likelihood of 89 initial trees ... 12.590 seconds
Current best score: -1932.469

Do NNI search on 20 best initial trees
Estimate model parameters (epsilon = 0.100)
BETTER TREE FOUND at iteration 1: -1932.469
Iteration 10 / LogL: -1932.471 / Time: 0h:0m:25s
Iteration 20 / LogL: -1932.548 / Time: 0h:0m:39s
Finish initializing candidate tree set (1)
Current best tree score: -1932.469 / CPU time: 38.076
Number of iterations: 20
--------------------------------------------------------------------
|               OPTIMIZING CANDIDATE TREE SET                      |
--------------------------------------------------------------------
Iteration 30 / LogL: -1932.470 / Time: 0h:0m:52s (0h:2m:7s left)
Iteration 40 / LogL: -1932.538 / Time: 0h:1m:5s (0h:1m:42s left)
Iteration 50 / LogL: -1932.530 / Time: 0h:1m:17s (0h:1m:20s left)
Log-likelihood cutoff on original alignment: -1973.504
Iteration 60 / LogL: -1932.470 / Time: 0h:1m:32s (0h:1m:3s left)
Iteration 70 / LogL: -1932.475 / Time: 0h:1m:47s (0h:0m:48s left)
Iteration 80 / LogL: -1932.469 / Time: 0h:2m:1s (0h:0m:32s left)
Iteration 90 / LogL: -1932.469 / Time: 0h:2m:12s (0h:0m:16s left)
Iteration 100 / LogL: -1932.470 / Time: 0h:2m:26s (0h:0m:1s left)
Log-likelihood cutoff on original alignment: -1955.731
NOTE: Bootstrap correlation coefficient of split occurrence frequencies: 1.000
TREE SEARCH COMPLETED AFTER 102 ITERATIONS / Time: 0h:2m:30s

--------------------------------------------------------------------
|                    FINALIZING TREE SEARCH                        |
--------------------------------------------------------------------
Performs final model parameters optimization
Estimate model parameters (epsilon = 0.010)
1. Initial log-likelihood: -1932.469
Optimal log-likelihood: -1932.469
Rate parameters:  A-C: 1.00000  A-G: 4.07786  A-T: 1.00000  C-G: 1.00000  C-T: 4.07786  G-T: 1.00000
Base frequencies:  A: 0.300  C: 0.199  G: 0.182  T: 0.320
Parameters optimization took 1 rounds (0.146 sec)
BEST SCORE FOUND : -1932.469
Creating bootstrap support values...
Split supports printed to NEXUS file examples/10taxon_300genes_4cores_nophylonet//aln_seqs/1_seqgen50.nex.aln.splits.nex
Total tree length: 0.538

Total number of iterations: 102
CPU time used for tree search: 6.660 sec (0h:0m:6s)
Wall-clock time used for tree search: 148.486 sec (0h:2m:28s)
Total CPU time used: 6.785 sec (0h:0m:6s)
Total wall-clock time used: 151.875 sec (0h:2m:31s)

Computing bootstrap consensus tree...
Reading input file examples/10taxon_300genes_4cores_nophylonet//aln_seqs/1_seqgen50.nex.aln.splits.nex...
10 taxa and 22 splits.
Consensus tree written to examples/10taxon_300genes_4cores_nophylonet//aln_seqs/1_seqgen50.nex.aln.contree
Reading input trees file examples/10taxon_300genes_4cores_nophylonet//aln_seqs/1_seqgen50.nex.aln.contree
Log-likelihood of consensus tree: -1932.469

Analysis results written to: 
  IQ-TREE report:                examples/10taxon_300genes_4cores_nophylonet//aln_seqs/1_seqgen50.nex.aln.iqtree
  Maximum-likelihood tree:       examples/10taxon_300genes_4cores_nophylonet//aln_seqs/1_seqgen50.nex.aln.treefile
  Likelihood distances:          examples/10taxon_300genes_4cores_nophylonet//aln_seqs/1_seqgen50.nex.aln.mldist

Ultrafast bootstrap approximation results written to:
  Split support values:          examples/10taxon_300genes_4cores_nophylonet//aln_seqs/1_seqgen50.nex.aln.splits.nex
  Consensus tree:                examples/10taxon_300genes_4cores_nophylonet//aln_seqs/1_seqgen50.nex.aln.contree
  Screen log file:               examples/10taxon_300genes_4cores_nophylonet//aln_seqs/1_seqgen50.nex.aln.log

Date and Time: Sun Feb 24 20:02:06 2019
