IQ-TREE multicore version 1.6.8 for Linux 64-bit built Oct 28 2018
Developed by Bui Quang Minh, Nguyen Lam Tung, Olga Chernomor,
Heiko Schmidt, Dominik Schrempf, Michael Woodhams.

Host:    sango10604.oist.jp (AVX2, FMA3, 125 GB RAM)
Command: iqtree -s examples/10taxon_300genes_4cores_nophylonet//aln_seqs/1_seqgen114.nex.aln -bb 1000 -redo -nt 3 -m MFP
Seed:    765679 (Using SPRNG - Scalable Parallel Random Number Generator)
Time:    Sun Feb 24 19:59:00 2019
Kernel:  AVX+FMA - 3 threads (24 CPU cores detected)

Reading alignment file examples/10taxon_300genes_4cores_nophylonet//aln_seqs/1_seqgen114.nex.aln ... Fasta format detected
Alignment most likely contains DNA/RNA sequences
Alignment has 10 sequences with 500 columns, 134 distinct patterns
93 parsimony-informative, 113 singleton sites, 294 constant sites
    Gap/Ambiguity  Composition  p-value
   1  A     0.00%    passed     91.27%
   2  A0    0.00%    passed     94.64%
   3  A1    0.00%    passed     81.57%
   4  A4    0.00%    passed     70.64%
   5  B     0.00%    passed     80.61%
   6  C     0.00%    passed     95.20%
   7  D     0.00%    passed     84.01%
   8  E     0.00%    passed     86.38%
   9  H     0.00%    passed     89.80%
  10  I     0.00%    passed     84.75%
****  TOTAL    0.00%  0 sequences failed composition chi2 test (p-value<5%; df=3)


Create initial parsimony tree by phylogenetic likelihood library (PLL)... 0.000 seconds
NOTE: ModelFinder requires 0 MB RAM!
ModelFinder will test 286 DNA models (sample size: 500) ...
 No. Model         -LnL         df  AIC          AICc         BIC
WARNING: Number of threads seems too high for short alignments. Use -nt AUTO to determine best number of threads.
  1  JC            2037.729     17  4109.458     4110.728     4181.107
WARNING: Number of threads seems too high for short alignments. Use -nt AUTO to determine best number of threads.
  2  JC+I          2037.729     18  4111.458     4112.880     4187.321
WARNING: Number of threads seems too high for short alignments. Use -nt AUTO to determine best number of threads.
  3  JC+G4         2037.730     18  4111.460     4112.882     4187.323
WARNING: Number of threads seems too high for short alignments. Use -nt AUTO to determine best number of threads.
  4  JC+I+G4       2039.089     19  4116.178     4117.761     4196.255
WARNING: Number of threads seems too high for short alignments. Use -nt AUTO to determine best number of threads.
  5  JC+R2         2037.984     19  4113.969     4115.552     4194.046
WARNING: Number of threads seems too high for short alignments. Use -nt AUTO to determine best number of threads.
  6  JC+R3         2037.920     21  4117.841     4119.774     4206.347
WARNING: Number of threads seems too high for short alignments. Use -nt AUTO to determine best number of threads.
 14  F81+F         2022.864     20  4085.727     4087.481     4170.019
WARNING: Number of threads seems too high for short alignments. Use -nt AUTO to determine best number of threads.
 15  F81+F+I       2022.864     21  4087.727     4089.660     4176.234
WARNING: Number of threads seems too high for short alignments. Use -nt AUTO to determine best number of threads.
 16  F81+F+G4      2022.865     21  4087.731     4089.664     4176.237
WARNING: Number of threads seems too high for short alignments. Use -nt AUTO to determine best number of threads.
 17  F81+F+I+G4    2024.130     22  4092.261     4094.382     4184.982
WARNING: Number of threads seems too high for short alignments. Use -nt AUTO to determine best number of threads.
 18  F81+F+R2      2023.111     22  4090.222     4092.344     4182.944
WARNING: Number of threads seems too high for short alignments. Use -nt AUTO to determine best number of threads.
 19  F81+F+R3      2023.044     24  4094.087     4096.614     4195.238
WARNING: Number of threads seems too high for short alignments. Use -nt AUTO to determine best number of threads.
 27  K2P           1982.799     18  4001.597     4003.020     4077.460
WARNING: Number of threads seems too high for short alignments. Use -nt AUTO to determine best number of threads.
 28  K2P+I         1982.796     19  4003.592     4005.175     4083.670
WARNING: Number of threads seems too high for short alignments. Use -nt AUTO to determine best number of threads.
 29  K2P+G4        1982.799     19  4003.598     4005.181     4083.675
WARNING: Number of threads seems too high for short alignments. Use -nt AUTO to determine best number of threads.
 30  K2P+I+G4      1983.702     20  4007.404     4009.157     4091.696
WARNING: Number of threads seems too high for short alignments. Use -nt AUTO to determine best number of threads.
 31  K2P+R2        1982.895     20  4005.790     4007.544     4090.082
WARNING: Number of threads seems too high for short alignments. Use -nt AUTO to determine best number of threads.
 32  K2P+R3        1982.860     22  4009.720     4011.842     4102.441
WARNING: Number of threads seems too high for short alignments. Use -nt AUTO to determine best number of threads.
 40  HKY+F         1962.685     21  3967.370     3969.303     4055.876
WARNING: Number of threads seems too high for short alignments. Use -nt AUTO to determine best number of threads.
 41  HKY+F+I       1962.679     22  3969.357     3971.479     4062.079
WARNING: Number of threads seems too high for short alignments. Use -nt AUTO to determine best number of threads.
 42  HKY+F+G4      1962.685     22  3969.371     3971.492     4062.092
WARNING: Number of threads seems too high for short alignments. Use -nt AUTO to determine best number of threads.
 43  HKY+F+I+G4    1963.514     23  3973.029     3975.348     4069.965
WARNING: Number of threads seems too high for short alignments. Use -nt AUTO to determine best number of threads.
 44  HKY+F+R2      1962.790     23  3971.579     3973.899     4068.515
WARNING: Number of threads seems too high for short alignments. Use -nt AUTO to determine best number of threads.
 45  HKY+F+R3      1962.752     25  3975.504     3978.247     4080.869
WARNING: Number of threads seems too high for short alignments. Use -nt AUTO to determine best number of threads.
 53  TNe           1982.557     19  4003.114     4004.697     4083.191
WARNING: Number of threads seems too high for short alignments. Use -nt AUTO to determine best number of threads.
 54  TNe+I         1982.553     20  4005.107     4006.861     4089.399
WARNING: Number of threads seems too high for short alignments. Use -nt AUTO to determine best number of threads.
 55  TNe+G4        1982.557     20  4005.113     4006.867     4089.406
WARNING: Number of threads seems too high for short alignments. Use -nt AUTO to determine best number of threads.
 56  TNe+I+G4      1983.350     21  4008.701     4010.634     4097.208
WARNING: Number of threads seems too high for short alignments. Use -nt AUTO to determine best number of threads.
 57  TNe+R2        1982.627     21  4007.255     4009.188     4095.762
WARNING: Number of threads seems too high for short alignments. Use -nt AUTO to determine best number of threads.
 58  TNe+R3        1982.600     23  4011.200     4013.520     4108.136
WARNING: Number of threads seems too high for short alignments. Use -nt AUTO to determine best number of threads.
 66  TN+F          1962.493     22  3968.986     3971.108     4061.707
WARNING: Number of threads seems too high for short alignments. Use -nt AUTO to determine best number of threads.
 67  TN+F+I        1962.487     23  3970.975     3973.294     4067.911
WARNING: Number of threads seems too high for short alignments. Use -nt AUTO to determine best number of threads.
 68  TN+F+G4       1962.494     23  3970.987     3973.306     4067.923
WARNING: Number of threads seems too high for short alignments. Use -nt AUTO to determine best number of threads.
 69  TN+F+I+G4     1963.235     24  3974.470     3976.996     4075.620
WARNING: Number of threads seems too high for short alignments. Use -nt AUTO to determine best number of threads.
 70  TN+F+R2       1962.575     24  3973.150     3975.676     4074.301
WARNING: Number of threads seems too high for short alignments. Use -nt AUTO to determine best number of threads.
 71  TN+F+R3       1962.545     26  3977.089     3980.057     4086.669
WARNING: Number of threads seems too high for short alignments. Use -nt AUTO to determine best number of threads.
 79  K3P           1982.775     19  4003.551     4005.134     4083.628
WARNING: Number of threads seems too high for short alignments. Use -nt AUTO to determine best number of threads.
 80  K3P+I         1982.773     20  4005.545     4007.299     4089.837
WARNING: Number of threads seems too high for short alignments. Use -nt AUTO to determine best number of threads.
 81  K3P+G4        1982.775     20  4005.551     4007.304     4089.843
WARNING: Number of threads seems too high for short alignments. Use -nt AUTO to determine best number of threads.
 82  K3P+I+G4      1983.492     21  4008.984     4010.917     4097.491
WARNING: Number of threads seems too high for short alignments. Use -nt AUTO to determine best number of threads.
 83  K3P+R2        1982.822     21  4007.644     4009.577     4096.151
WARNING: Number of threads seems too high for short alignments. Use -nt AUTO to determine best number of threads.
 84  K3P+R3        1982.803     23  4011.605     4013.925     4108.541
WARNING: Number of threads seems too high for short alignments. Use -nt AUTO to determine best number of threads.
 92  K3Pu+F        1962.636     22  3969.272     3971.394     4061.993
WARNING: Number of threads seems too high for short alignments. Use -nt AUTO to determine best number of threads.
 93  K3Pu+F+I      1962.629     23  3971.259     3973.578     4068.195
WARNING: Number of threads seems too high for short alignments. Use -nt AUTO to determine best number of threads.
 94  K3Pu+F+G4     1962.636     23  3971.273     3973.592     4068.209
WARNING: Number of threads seems too high for short alignments. Use -nt AUTO to determine best number of threads.
 95  K3Pu+F+I+G4   1963.292     24  3974.584     3977.110     4075.735
WARNING: Number of threads seems too high for short alignments. Use -nt AUTO to determine best number of threads.
 96  K3Pu+F+R2     1962.696     24  3973.391     3975.917     4074.542
WARNING: Number of threads seems too high for short alignments. Use -nt AUTO to determine best number of threads.
 97  K3Pu+F+R3     1962.672     26  3977.345     3980.313     4086.925
WARNING: Number of threads seems too high for short alignments. Use -nt AUTO to determine best number of threads.
105  TPM2+F        1962.309     22  3968.619     3970.740     4061.340
WARNING: Number of threads seems too high for short alignments. Use -nt AUTO to determine best number of threads.
106  TPM2+F+I      1962.303     23  3970.606     3972.926     4067.542
WARNING: Number of threads seems too high for short alignments. Use -nt AUTO to determine best number of threads.
107  TPM2+F+G4     1962.310     23  3970.619     3972.939     4067.555
WARNING: Number of threads seems too high for short alignments. Use -nt AUTO to determine best number of threads.
108  TPM2+F+I+G4   1962.939     24  3973.878     3976.404     4075.028
WARNING: Number of threads seems too high for short alignments. Use -nt AUTO to determine best number of threads.
109  TPM2+F+R2     1962.361     24  3972.722     3975.248     4073.873
WARNING: Number of threads seems too high for short alignments. Use -nt AUTO to determine best number of threads.
110  TPM2+F+R3     1962.341     26  3976.681     3979.650     4086.261
WARNING: Number of threads seems too high for short alignments. Use -nt AUTO to determine best number of threads.
118  TPM2u+F       1962.309     22  3968.618     3970.740     4061.340
WARNING: Number of threads seems too high for short alignments. Use -nt AUTO to determine best number of threads.
119  TPM2u+F+I     1962.303     23  3970.606     3972.926     4067.542
WARNING: Number of threads seems too high for short alignments. Use -nt AUTO to determine best number of threads.
120  TPM2u+F+G4    1962.310     23  3970.619     3972.939     4067.555
WARNING: Number of threads seems too high for short alignments. Use -nt AUTO to determine best number of threads.
121  TPM2u+F+I+G4  1962.907     24  3973.813     3976.340     4074.964
WARNING: Number of threads seems too high for short alignments. Use -nt AUTO to determine best number of threads.
122  TPM2u+F+R2    1962.355     24  3972.710     3975.236     4073.861
WARNING: Number of threads seems too high for short alignments. Use -nt AUTO to determine best number of threads.
123  TPM2u+F+R3    1962.337     26  3976.674     3979.642     4086.253
WARNING: Number of threads seems too high for short alignments. Use -nt AUTO to determine best number of threads.
131  TPM3+F        1962.684     22  3969.369     3971.490     4062.090
WARNING: Number of threads seems too high for short alignments. Use -nt AUTO to determine best number of threads.
132  TPM3+F+I      1962.678     23  3971.356     3973.676     4068.292
WARNING: Number of threads seems too high for short alignments. Use -nt AUTO to determine best number of threads.
133  TPM3+F+G4     1962.685     23  3971.370     3973.689     4068.306
WARNING: Number of threads seems too high for short alignments. Use -nt AUTO to determine best number of threads.
134  TPM3+F+I+G4   1963.246     24  3974.493     3977.019     4075.643
WARNING: Number of threads seems too high for short alignments. Use -nt AUTO to determine best number of threads.
135  TPM3+F+R2     1962.726     24  3973.451     3975.978     4074.602
WARNING: Number of threads seems too high for short alignments. Use -nt AUTO to determine best number of threads.
136  TPM3+F+R3     1962.709     26  3977.418     3980.386     4086.998
WARNING: Number of threads seems too high for short alignments. Use -nt AUTO to determine best number of threads.
144  TPM3u+F       1962.684     22  3969.369     3971.490     4062.090
WARNING: Number of threads seems too high for short alignments. Use -nt AUTO to determine best number of threads.
145  TPM3u+F+I     1962.678     23  3971.356     3973.676     4068.292
WARNING: Number of threads seems too high for short alignments. Use -nt AUTO to determine best number of threads.
146  TPM3u+F+G4    1962.685     23  3971.370     3973.689     4068.306
WARNING: Number of threads seems too high for short alignments. Use -nt AUTO to determine best number of threads.
147  TPM3u+F+I+G4  1963.219     24  3974.438     3976.964     4075.589
WARNING: Number of threads seems too high for short alignments. Use -nt AUTO to determine best number of threads.
148  TPM3u+F+R2    1962.721     24  3973.443     3975.969     4074.593
WARNING: Number of threads seems too high for short alignments. Use -nt AUTO to determine best number of threads.
149  TPM3u+F+R3    1962.706     26  3977.413     3980.381     4086.993
WARNING: Number of threads seems too high for short alignments. Use -nt AUTO to determine best number of threads.
157  TIMe          1982.534     20  4005.067     4006.821     4089.359
WARNING: Number of threads seems too high for short alignments. Use -nt AUTO to determine best number of threads.
158  TIMe+I        1982.530     21  4007.060     4008.994     4095.567
WARNING: Number of threads seems too high for short alignments. Use -nt AUTO to determine best number of threads.
159  TIMe+G4       1982.534     21  4007.067     4009.000     4095.574
WARNING: Number of threads seems too high for short alignments. Use -nt AUTO to determine best number of threads.
160  TIMe+I+G4     1983.058     22  4010.116     4012.237     4102.837
WARNING: Number of threads seems too high for short alignments. Use -nt AUTO to determine best number of threads.
161  TIMe+R2       1982.556     22  4009.111     4011.233     4101.833
WARNING: Number of threads seems too high for short alignments. Use -nt AUTO to determine best number of threads.
162  TIMe+R3       1982.546     24  4013.092     4015.618     4114.242
WARNING: Number of threads seems too high for short alignments. Use -nt AUTO to determine best number of threads.
170  TIM+F         1962.444     23  3970.888     3973.207     4067.824
WARNING: Number of threads seems too high for short alignments. Use -nt AUTO to determine best number of threads.
171  TIM+F+I       1962.438     24  3972.876     3975.402     4074.027
WARNING: Number of threads seems too high for short alignments. Use -nt AUTO to determine best number of threads.
172  TIM+F+G4      1962.445     24  3972.889     3975.415     4074.040
WARNING: Number of threads seems too high for short alignments. Use -nt AUTO to determine best number of threads.
173  TIM+F+I+G4    1962.934     25  3975.868     3978.610     4081.233
WARNING: Number of threads seems too high for short alignments. Use -nt AUTO to determine best number of threads.
174  TIM+F+R2      1962.477     25  3974.955     3977.697     4080.320
WARNING: Number of threads seems too high for short alignments. Use -nt AUTO to determine best number of threads.
175  TIM+F+R3      1962.464     27  3978.928     3982.131     4092.722
WARNING: Number of threads seems too high for short alignments. Use -nt AUTO to determine best number of threads.
183  TIM2e         1982.557     20  4005.113     4006.867     4089.405
WARNING: Number of threads seems too high for short alignments. Use -nt AUTO to determine best number of threads.
184  TIM2e+I       1982.553     21  4007.107     4009.040     4095.614
WARNING: Number of threads seems too high for short alignments. Use -nt AUTO to determine best number of threads.
185  TIM2e+G4      1982.557     21  4007.113     4009.047     4095.620
WARNING: Number of threads seems too high for short alignments. Use -nt AUTO to determine best number of threads.
186  TIM2e+I+G4    1983.036     22  4010.072     4012.193     4102.793
WARNING: Number of threads seems too high for short alignments. Use -nt AUTO to determine best number of threads.
187  TIM2e+R2      1982.575     22  4009.150     4011.271     4101.871
WARNING: Number of threads seems too high for short alignments. Use -nt AUTO to determine best number of threads.
188  TIM2e+R3      1982.567     24  4013.133     4015.660     4114.284
WARNING: Number of threads seems too high for short alignments. Use -nt AUTO to determine best number of threads.
196  TIM2+F        1962.118     23  3970.236     3972.555     4067.172
WARNING: Number of threads seems too high for short alignments. Use -nt AUTO to determine best number of threads.
197  TIM2+F+I      1962.112     24  3972.224     3974.751     4073.375
WARNING: Number of threads seems too high for short alignments. Use -nt AUTO to determine best number of threads.
198  TIM2+F+G4     1962.118     24  3972.237     3974.763     4073.387
WARNING: Number of threads seems too high for short alignments. Use -nt AUTO to determine best number of threads.
199  TIM2+F+I+G4   1962.570     25  3975.140     3977.882     4080.505
WARNING: Number of threads seems too high for short alignments. Use -nt AUTO to determine best number of threads.
200  TIM2+F+R2     1962.145     25  3974.290     3977.033     4079.655
WARNING: Number of threads seems too high for short alignments. Use -nt AUTO to determine best number of threads.
201  TIM2+F+R3     1962.134     27  3978.268     3981.471     4092.062
WARNING: Number of threads seems too high for short alignments. Use -nt AUTO to determine best number of threads.
209  TIM3e         1981.617     20  4003.233     4004.987     4087.525
WARNING: Number of threads seems too high for short alignments. Use -nt AUTO to determine best number of threads.
210  TIM3e+I       1981.611     21  4005.223     4007.156     4093.730
WARNING: Number of threads seems too high for short alignments. Use -nt AUTO to determine best number of threads.
211  TIM3e+G4      1981.615     21  4005.230     4007.164     4093.737
WARNING: Number of threads seems too high for short alignments. Use -nt AUTO to determine best number of threads.
212  TIM3e+I+G4    1982.036     22  4008.072     4010.193     4100.793
WARNING: Number of threads seems too high for short alignments. Use -nt AUTO to determine best number of threads.
213  TIM3e+R2      1981.622     22  4007.243     4009.365     4099.965
WARNING: Number of threads seems too high for short alignments. Use -nt AUTO to determine best number of threads.
214  TIM3e+R3      1981.618     24  4011.236     4013.762     4112.386
WARNING: Number of threads seems too high for short alignments. Use -nt AUTO to determine best number of threads.
222  TIM3+F        1962.493     23  3970.985     3973.305     4067.921
WARNING: Number of threads seems too high for short alignments. Use -nt AUTO to determine best number of threads.
223  TIM3+F+I      1962.487     24  3972.974     3975.500     4074.124
WARNING: Number of threads seems too high for short alignments. Use -nt AUTO to determine best number of threads.
224  TIM3+F+G4     1962.493     24  3972.986     3975.513     4074.137
WARNING: Number of threads seems too high for short alignments. Use -nt AUTO to determine best number of threads.
225  TIM3+F+I+G4   1962.904     25  3975.809     3978.551     4081.174
WARNING: Number of threads seems too high for short alignments. Use -nt AUTO to determine best number of threads.
226  TIM3+F+R2     1962.517     25  3975.034     3977.777     4080.400
WARNING: Number of threads seems too high for short alignments. Use -nt AUTO to determine best number of threads.
227  TIM3+F+R3     1962.507     27  3979.014     3982.218     4092.809
WARNING: Number of threads seems too high for short alignments. Use -nt AUTO to determine best number of threads.
235  TVMe          1981.855     21  4005.710     4007.643     4094.217
WARNING: Number of threads seems too high for short alignments. Use -nt AUTO to determine best number of threads.
236  TVMe+I        1981.850     22  4007.700     4009.822     4100.422
WARNING: Number of threads seems too high for short alignments. Use -nt AUTO to determine best number of threads.
237  TVMe+G4       1981.853     22  4007.705     4009.827     4100.427
WARNING: Number of threads seems too high for short alignments. Use -nt AUTO to determine best number of threads.
238  TVMe+I+G4     1982.242     23  4010.485     4012.804     4107.421
WARNING: Number of threads seems too high for short alignments. Use -nt AUTO to determine best number of threads.
239  TVMe+R2       1981.856     23  4009.712     4012.031     4106.648
WARNING: Number of threads seems too high for short alignments. Use -nt AUTO to determine best number of threads.
240  TVMe+R3       1981.854     25  4013.708     4016.450     4119.073
WARNING: Number of threads seems too high for short alignments. Use -nt AUTO to determine best number of threads.
248  TVM+F         1962.306     24  3972.612     3975.138     4073.763
WARNING: Number of threads seems too high for short alignments. Use -nt AUTO to determine best number of threads.
249  TVM+F+I       1962.300     25  3974.600     3977.343     4079.966
WARNING: Number of threads seems too high for short alignments. Use -nt AUTO to determine best number of threads.
250  TVM+F+G4      1962.306     25  3974.613     3977.355     4079.978
WARNING: Number of threads seems too high for short alignments. Use -nt AUTO to determine best number of threads.
251  TVM+F+I+G4    1962.686     26  3977.372     3980.340     4086.951
WARNING: Number of threads seems too high for short alignments. Use -nt AUTO to determine best number of threads.
252  TVM+F+R2      1962.327     26  3976.653     3979.621     4086.233
WARNING: Number of threads seems too high for short alignments. Use -nt AUTO to determine best number of threads.
253  TVM+F+R3      1962.319     28  3980.637     3984.085     4098.646
WARNING: Number of threads seems too high for short alignments. Use -nt AUTO to determine best number of threads.
261  SYM           1981.610     22  4007.221     4009.342     4099.942
WARNING: Number of threads seems too high for short alignments. Use -nt AUTO to determine best number of threads.
262  SYM+I         1981.605     23  4009.211     4011.530     4106.147
WARNING: Number of threads seems too high for short alignments. Use -nt AUTO to determine best number of threads.
263  SYM+G4        1981.609     23  4009.218     4011.538     4106.154
WARNING: Number of threads seems too high for short alignments. Use -nt AUTO to determine best number of threads.
264  SYM+I+G4      1981.967     24  4011.933     4014.459     4113.084
WARNING: Number of threads seems too high for short alignments. Use -nt AUTO to determine best number of threads.
265  SYM+R2        1981.613     24  4011.226     4013.752     4112.377
WARNING: Number of threads seems too high for short alignments. Use -nt AUTO to determine best number of threads.
266  SYM+R3        1981.611     26  4015.221     4018.190     4124.801
WARNING: Number of threads seems too high for short alignments. Use -nt AUTO to determine best number of threads.
274  GTR+F         1962.114     25  3974.229     3976.971     4079.594
WARNING: Number of threads seems too high for short alignments. Use -nt AUTO to determine best number of threads.
275  GTR+F+I       1962.109     26  3976.218     3979.186     4085.798
WARNING: Number of threads seems too high for short alignments. Use -nt AUTO to determine best number of threads.
276  GTR+F+G4      1962.115     26  3976.230     3979.198     4085.810
WARNING: Number of threads seems too high for short alignments. Use -nt AUTO to determine best number of threads.
277  GTR+F+I+G4    1962.469     27  3978.938     3982.141     4092.732
WARNING: Number of threads seems too high for short alignments. Use -nt AUTO to determine best number of threads.
278  GTR+F+R2      1962.133     27  3978.267     3981.470     4092.061
WARNING: Number of threads seems too high for short alignments. Use -nt AUTO to determine best number of threads.
279  GTR+F+R3      1962.126     29  3982.252     3985.954     4104.476
Akaike Information Criterion:           HKY+F
Corrected Akaike Information Criterion: HKY+F
Bayesian Information Criterion:         HKY+F
Best-fit model: HKY+F chosen according to BIC

All model information printed to examples/10taxon_300genes_4cores_nophylonet//aln_seqs/1_seqgen114.nex.aln.model.gz
CPU time for ModelFinder: 3.907 seconds (0h:0m:3s)
Wall-clock time for ModelFinder: 100.510 seconds (0h:1m:40s)
Generating 1000 samples for ultrafast bootstrap (seed: 765679)...

NOTE: 0 MB RAM (0 GB) is required!
WARNING: Number of threads seems too high for short alignments. Use -nt AUTO to determine best number of threads.
Estimate model parameters (epsilon = 0.100)
1. Initial log-likelihood: -2023.050
2. Current log-likelihood: -2008.861
3. Current log-likelihood: -1996.423
4. Current log-likelihood: -1981.626
5. Current log-likelihood: -1962.723
Optimal log-likelihood: -1962.685
Rate parameters:  A-C: 1.00000  A-G: 4.21103  A-T: 1.00000  C-G: 1.00000  C-T: 4.21103  G-T: 1.00000
Base frequencies:  A: 0.288  C: 0.182  G: 0.200  T: 0.330
Parameters optimization took 5 rounds (0.804 sec)
Computing ML distances based on estimated model parameters... 0.000 sec
Computing BIONJ tree...
0.126 seconds
Log-likelihood of BIONJ tree: -1962.685
--------------------------------------------------------------------
|             INITIALIZING CANDIDATE TREE SET                      |
--------------------------------------------------------------------
Generating 98 parsimony trees... 1.434 second
Computing log-likelihood of 84 initial trees ... 11.405 seconds
Current best score: -1962.685

Do NNI search on 20 best initial trees
Estimate model parameters (epsilon = 0.100)
BETTER TREE FOUND at iteration 1: -1962.685
Iteration 10 / LogL: -1962.686 / Time: 0h:0m:22s
Iteration 20 / LogL: -1969.209 / Time: 0h:0m:44s
Finish initializing candidate tree set (3)
Current best tree score: -1962.685 / CPU time: 43.809
Number of iterations: 20
--------------------------------------------------------------------
|               OPTIMIZING CANDIDATE TREE SET                      |
--------------------------------------------------------------------
Iteration 30 / LogL: -1962.685 / Time: 0h:1m:7s (0h:2m:45s left)
UPDATE BEST LOG-LIKELIHOOD: -1962.685
Iteration 40 / LogL: -1962.685 / Time: 0h:1m:29s (0h:2m:20s left)
Iteration 50 / LogL: -1967.057 / Time: 0h:1m:46s (0h:1m:50s left)
Log-likelihood cutoff on original alignment: -1984.543
Iteration 60 / LogL: -1962.685 / Time: 0h:2m:0s (0h:1m:23s left)
Iteration 70 / LogL: -1962.685 / Time: 0h:2m:10s (0h:0m:58s left)
Iteration 80 / LogL: -1962.685 / Time: 0h:2m:41s (0h:0m:42s left)
Iteration 90 / LogL: -1962.685 / Time: 0h:2m:55s (0h:0m:21s left)
Iteration 100 / LogL: -1962.685 / Time: 0h:2m:57s (0h:0m:1s left)
Log-likelihood cutoff on original alignment: -1984.543
NOTE: Bootstrap correlation coefficient of split occurrence frequencies: 0.999
UPDATE BEST LOG-LIKELIHOOD: -1962.685
TREE SEARCH COMPLETED AFTER 102 ITERATIONS / Time: 0h:2m:59s

--------------------------------------------------------------------
|                    FINALIZING TREE SEARCH                        |
--------------------------------------------------------------------
Performs final model parameters optimization
Estimate model parameters (epsilon = 0.010)
1. Initial log-likelihood: -1962.685
Optimal log-likelihood: -1962.685
Rate parameters:  A-C: 1.00000  A-G: 4.21103  A-T: 1.00000  C-G: 1.00000  C-T: 4.21103  G-T: 1.00000
Base frequencies:  A: 0.288  C: 0.182  G: 0.200  T: 0.330
Parameters optimization took 1 rounds (0.022 sec)
BEST SCORE FOUND : -1962.685
Creating bootstrap support values...
Split supports printed to NEXUS file examples/10taxon_300genes_4cores_nophylonet//aln_seqs/1_seqgen114.nex.aln.splits.nex
Total tree length: 0.541

Total number of iterations: 102
CPU time used for tree search: 11.510 sec (0h:0m:11s)
Wall-clock time used for tree search: 177.112 sec (0h:2m:57s)
Total CPU time used: 11.667 sec (0h:0m:11s)
Total wall-clock time used: 179.292 sec (0h:2m:59s)

Computing bootstrap consensus tree...
Reading input file examples/10taxon_300genes_4cores_nophylonet//aln_seqs/1_seqgen114.nex.aln.splits.nex...
10 taxa and 30 splits.
Consensus tree written to examples/10taxon_300genes_4cores_nophylonet//aln_seqs/1_seqgen114.nex.aln.contree
Reading input trees file examples/10taxon_300genes_4cores_nophylonet//aln_seqs/1_seqgen114.nex.aln.contree
Log-likelihood of consensus tree: -1962.685

Analysis results written to: 
  IQ-TREE report:                examples/10taxon_300genes_4cores_nophylonet//aln_seqs/1_seqgen114.nex.aln.iqtree
  Maximum-likelihood tree:       examples/10taxon_300genes_4cores_nophylonet//aln_seqs/1_seqgen114.nex.aln.treefile
  Likelihood distances:          examples/10taxon_300genes_4cores_nophylonet//aln_seqs/1_seqgen114.nex.aln.mldist

Ultrafast bootstrap approximation results written to:
  Split support values:          examples/10taxon_300genes_4cores_nophylonet//aln_seqs/1_seqgen114.nex.aln.splits.nex
  Consensus tree:                examples/10taxon_300genes_4cores_nophylonet//aln_seqs/1_seqgen114.nex.aln.contree
  Screen log file:               examples/10taxon_300genes_4cores_nophylonet//aln_seqs/1_seqgen114.nex.aln.log

Date and Time: Sun Feb 24 20:03:41 2019
