IQ-TREE multicore version 1.6.8 for Linux 64-bit built Oct 28 2018
Developed by Bui Quang Minh, Nguyen Lam Tung, Olga Chernomor,
Heiko Schmidt, Dominik Schrempf, Michael Woodhams.

Host:    sango10604.oist.jp (AVX2, FMA3, 125 GB RAM)
Command: iqtree -s examples/10taxon_300genes_4cores_nophylonet//aln_seqs/1_seqgen112.nex.aln -bb 1000 -redo -nt 3 -m MFP
Seed:    308284 (Using SPRNG - Scalable Parallel Random Number Generator)
Time:    Sun Feb 24 19:59:04 2019
Kernel:  AVX+FMA - 3 threads (24 CPU cores detected)

Reading alignment file examples/10taxon_300genes_4cores_nophylonet//aln_seqs/1_seqgen112.nex.aln ... Fasta format detected
Alignment most likely contains DNA/RNA sequences
Alignment has 10 sequences with 500 columns, 123 distinct patterns
77 parsimony-informative, 120 singleton sites, 303 constant sites
    Gap/Ambiguity  Composition  p-value
   1  A     0.00%    passed     99.38%
   2  A0    0.00%    passed     96.02%
   3  A1    0.00%    passed     89.92%
   4  A4    0.00%    passed     79.78%
   5  B     0.00%    passed     99.74%
   6  C     0.00%    passed     97.06%
   7  D     0.00%    passed     88.74%
   8  E     0.00%    passed     90.02%
   9  H     0.00%    passed     99.03%
  10  I     0.00%    passed     99.62%
****  TOTAL    0.00%  0 sequences failed composition chi2 test (p-value<5%; df=3)


Create initial parsimony tree by phylogenetic likelihood library (PLL)... 0.000 seconds
NOTE: ModelFinder requires 0 MB RAM!
ModelFinder will test 286 DNA models (sample size: 500) ...
 No. Model         -LnL         df  AIC          AICc         BIC
WARNING: Number of threads seems too high for short alignments. Use -nt AUTO to determine best number of threads.
  1  JC            1946.795     17  3927.591     3928.861     3999.239
WARNING: Number of threads seems too high for short alignments. Use -nt AUTO to determine best number of threads.
  2  JC+I          1946.795     18  3929.591     3931.013     4005.454
WARNING: Number of threads seems too high for short alignments. Use -nt AUTO to determine best number of threads.
  3  JC+G4         1946.799     18  3929.597     3931.019     4005.460
WARNING: Number of threads seems too high for short alignments. Use -nt AUTO to determine best number of threads.
  4  JC+I+G4       1948.413     19  3934.827     3936.410     4014.904
WARNING: Number of threads seems too high for short alignments. Use -nt AUTO to determine best number of threads.
  5  JC+R2         1947.087     19  3932.174     3933.758     4012.252
WARNING: Number of threads seems too high for short alignments. Use -nt AUTO to determine best number of threads.
  6  JC+R3         1947.006     21  3936.013     3937.946     4024.519
WARNING: Number of threads seems too high for short alignments. Use -nt AUTO to determine best number of threads.
 14  F81+F         1937.197     20  3914.394     3916.148     3998.687
WARNING: Number of threads seems too high for short alignments. Use -nt AUTO to determine best number of threads.
 15  F81+F+I       1937.197     21  3916.394     3918.328     4004.901
WARNING: Number of threads seems too high for short alignments. Use -nt AUTO to determine best number of threads.
 16  F81+F+G4      1937.201     21  3916.401     3918.334     4004.908
WARNING: Number of threads seems too high for short alignments. Use -nt AUTO to determine best number of threads.
 17  F81+F+I+G4    1938.750     22  3921.500     3923.622     4014.221
WARNING: Number of threads seems too high for short alignments. Use -nt AUTO to determine best number of threads.
 18  F81+F+R2      1937.431     22  3918.861     3920.983     4011.583
WARNING: Number of threads seems too high for short alignments. Use -nt AUTO to determine best number of threads.
 19  F81+F+R3      1937.355     24  3922.711     3925.237     4023.861
WARNING: Number of threads seems too high for short alignments. Use -nt AUTO to determine best number of threads.
 27  K2P           1879.600     18  3795.199     3796.621     3871.062
WARNING: Number of threads seems too high for short alignments. Use -nt AUTO to determine best number of threads.
 28  K2P+I         1879.600     19  3797.199     3798.782     3877.277
WARNING: Number of threads seems too high for short alignments. Use -nt AUTO to determine best number of threads.
 29  K2P+G4        1879.601     19  3797.203     3798.786     3877.280
WARNING: Number of threads seems too high for short alignments. Use -nt AUTO to determine best number of threads.
 30  K2P+I+G4      1880.836     20  3801.672     3803.426     3885.964
WARNING: Number of threads seems too high for short alignments. Use -nt AUTO to determine best number of threads.
 31  K2P+R2        1879.726     20  3799.451     3801.205     3883.743
WARNING: Number of threads seems too high for short alignments. Use -nt AUTO to determine best number of threads.
 32  K2P+R3        1879.680     22  3803.360     3805.481     3896.081
WARNING: Number of threads seems too high for short alignments. Use -nt AUTO to determine best number of threads.
 40  HKY+F         1866.795     21  3775.590     3777.523     3864.097
WARNING: Number of threads seems too high for short alignments. Use -nt AUTO to determine best number of threads.
 41  HKY+F+I       1866.795     22  3777.590     3779.711     3870.311
WARNING: Number of threads seems too high for short alignments. Use -nt AUTO to determine best number of threads.
 42  HKY+F+G4      1866.797     22  3777.594     3779.715     3870.315
WARNING: Number of threads seems too high for short alignments. Use -nt AUTO to determine best number of threads.
 43  HKY+F+I+G4    1867.967     23  3781.934     3784.253     3878.870
WARNING: Number of threads seems too high for short alignments. Use -nt AUTO to determine best number of threads.
 44  HKY+F+R2      1866.901     23  3779.802     3782.121     3876.738
WARNING: Number of threads seems too high for short alignments. Use -nt AUTO to determine best number of threads.
 45  HKY+F+R3      1866.860     25  3783.720     3786.463     3889.085
WARNING: Number of threads seems too high for short alignments. Use -nt AUTO to determine best number of threads.
 53  TNe           1879.385     19  3796.771     3798.354     3876.848
WARNING: Number of threads seems too high for short alignments. Use -nt AUTO to determine best number of threads.
 54  TNe+I         1879.385     20  3798.771     3800.524     3883.063
WARNING: Number of threads seems too high for short alignments. Use -nt AUTO to determine best number of threads.
 55  TNe+G4        1879.387     20  3798.774     3800.528     3883.067
WARNING: Number of threads seems too high for short alignments. Use -nt AUTO to determine best number of threads.
 56  TNe+I+G4      1880.494     21  3802.987     3804.920     3891.494
WARNING: Number of threads seems too high for short alignments. Use -nt AUTO to determine best number of threads.
 57  TNe+R2        1879.475     21  3800.950     3802.883     3889.457
WARNING: Number of threads seems too high for short alignments. Use -nt AUTO to determine best number of threads.
 58  TNe+R3        1879.439     23  3804.877     3807.196     3901.813
WARNING: Number of threads seems too high for short alignments. Use -nt AUTO to determine best number of threads.
 66  TN+F          1866.526     22  3777.051     3779.173     3869.773
WARNING: Number of threads seems too high for short alignments. Use -nt AUTO to determine best number of threads.
 67  TN+F+I        1866.526     23  3779.051     3781.371     3875.987
WARNING: Number of threads seems too high for short alignments. Use -nt AUTO to determine best number of threads.
 68  TN+F+G4       1866.527     23  3779.055     3781.374     3875.991
WARNING: Number of threads seems too high for short alignments. Use -nt AUTO to determine best number of threads.
 69  TN+F+I+G4     1867.577     24  3783.154     3785.680     3884.305
WARNING: Number of threads seems too high for short alignments. Use -nt AUTO to determine best number of threads.
 70  TN+F+R2       1866.602     24  3781.204     3783.731     3882.355
WARNING: Number of threads seems too high for short alignments. Use -nt AUTO to determine best number of threads.
 71  TN+F+R3       1866.569     26  3785.139     3788.107     3894.719
WARNING: Number of threads seems too high for short alignments. Use -nt AUTO to determine best number of threads.
 79  K3P           1879.600     19  3797.199     3798.783     3877.277
WARNING: Number of threads seems too high for short alignments. Use -nt AUTO to determine best number of threads.
 80  K3P+I         1879.600     20  3799.199     3800.953     3883.491
WARNING: Number of threads seems too high for short alignments. Use -nt AUTO to determine best number of threads.
 81  K3P+G4        1879.601     20  3799.203     3800.957     3883.495
WARNING: Number of threads seems too high for short alignments. Use -nt AUTO to determine best number of threads.
 82  K3P+I+G4      1880.630     21  3803.261     3805.194     3891.767
WARNING: Number of threads seems too high for short alignments. Use -nt AUTO to determine best number of threads.
 83  K3P+R2        1879.667     21  3801.335     3803.268     3889.842
WARNING: Number of threads seems too high for short alignments. Use -nt AUTO to determine best number of threads.
 84  K3P+R3        1879.637     23  3805.275     3807.594     3902.211
WARNING: Number of threads seems too high for short alignments. Use -nt AUTO to determine best number of threads.
 92  K3Pu+F        1866.757     22  3777.515     3779.636     3870.236
WARNING: Number of threads seems too high for short alignments. Use -nt AUTO to determine best number of threads.
 93  K3Pu+F+I      1866.757     23  3779.514     3781.834     3876.450
WARNING: Number of threads seems too high for short alignments. Use -nt AUTO to determine best number of threads.
 94  K3Pu+F+G4     1866.759     23  3779.518     3781.837     3876.454
WARNING: Number of threads seems too high for short alignments. Use -nt AUTO to determine best number of threads.
 95  K3Pu+F+I+G4   1867.733     24  3783.465     3785.992     3884.616
WARNING: Number of threads seems too high for short alignments. Use -nt AUTO to determine best number of threads.
 96  K3Pu+F+R2     1866.815     24  3781.631     3784.157     3882.781
WARNING: Number of threads seems too high for short alignments. Use -nt AUTO to determine best number of threads.
 97  K3Pu+F+R3     1866.788     26  3785.577     3788.545     3895.157
WARNING: Number of threads seems too high for short alignments. Use -nt AUTO to determine best number of threads.
105  TPM2+F        1866.636     22  3777.272     3779.393     3869.993
WARNING: Number of threads seems too high for short alignments. Use -nt AUTO to determine best number of threads.
106  TPM2+F+I      1866.636     23  3779.272     3781.591     3876.208
WARNING: Number of threads seems too high for short alignments. Use -nt AUTO to determine best number of threads.
107  TPM2+F+G4     1866.638     23  3779.275     3781.595     3876.211
WARNING: Number of threads seems too high for short alignments. Use -nt AUTO to determine best number of threads.
108  TPM2+F+I+G4   1867.571     24  3783.143     3785.669     3884.293
WARNING: Number of threads seems too high for short alignments. Use -nt AUTO to determine best number of threads.
109  TPM2+F+R2     1866.687     24  3781.374     3783.900     3882.524
WARNING: Number of threads seems too high for short alignments. Use -nt AUTO to determine best number of threads.
110  TPM2+F+R3     1866.662     26  3785.325     3788.293     3894.905
WARNING: Number of threads seems too high for short alignments. Use -nt AUTO to determine best number of threads.
118  TPM2u+F       1866.636     22  3777.272     3779.393     3869.993
WARNING: Number of threads seems too high for short alignments. Use -nt AUTO to determine best number of threads.
119  TPM2u+F+I     1866.636     23  3779.272     3781.591     3876.208
WARNING: Number of threads seems too high for short alignments. Use -nt AUTO to determine best number of threads.
120  TPM2u+F+G4    1866.638     23  3779.275     3781.595     3876.211
WARNING: Number of threads seems too high for short alignments. Use -nt AUTO to determine best number of threads.
121  TPM2u+F+I+G4  1867.534     24  3783.068     3785.594     3884.219
WARNING: Number of threads seems too high for short alignments. Use -nt AUTO to determine best number of threads.
122  TPM2u+F+R2    1866.681     24  3781.362     3783.888     3882.512
WARNING: Number of threads seems too high for short alignments. Use -nt AUTO to determine best number of threads.
123  TPM2u+F+R3    1866.659     26  3785.317     3788.285     3894.897
WARNING: Number of threads seems too high for short alignments. Use -nt AUTO to determine best number of threads.
131  TPM3+F        1866.472     22  3776.943     3779.065     3869.664
WARNING: Number of threads seems too high for short alignments. Use -nt AUTO to determine best number of threads.
132  TPM3+F+I      1866.471     23  3778.943     3781.262     3875.879
WARNING: Number of threads seems too high for short alignments. Use -nt AUTO to determine best number of threads.
133  TPM3+F+G4     1866.473     23  3778.946     3781.266     3875.882
WARNING: Number of threads seems too high for short alignments. Use -nt AUTO to determine best number of threads.
134  TPM3+F+I+G4   1867.348     24  3782.696     3785.222     3883.847
WARNING: Number of threads seems too high for short alignments. Use -nt AUTO to determine best number of threads.
135  TPM3+F+R2     1866.512     24  3781.023     3783.550     3882.174
WARNING: Number of threads seems too high for short alignments. Use -nt AUTO to determine best number of threads.
136  TPM3+F+R3     1866.491     26  3784.982     3787.950     3894.562
WARNING: Number of threads seems too high for short alignments. Use -nt AUTO to determine best number of threads.
144  TPM3u+F       1866.471     22  3776.943     3779.064     3869.664
WARNING: Number of threads seems too high for short alignments. Use -nt AUTO to determine best number of threads.
145  TPM3u+F+I     1866.471     23  3778.943     3781.262     3875.879
WARNING: Number of threads seems too high for short alignments. Use -nt AUTO to determine best number of threads.
146  TPM3u+F+G4    1866.473     23  3778.946     3781.266     3875.882
WARNING: Number of threads seems too high for short alignments. Use -nt AUTO to determine best number of threads.
147  TPM3u+F+I+G4  1867.315     24  3782.630     3785.156     3883.781
WARNING: Number of threads seems too high for short alignments. Use -nt AUTO to determine best number of threads.
148  TPM3u+F+R2    1866.507     24  3781.014     3783.540     3882.165
WARNING: Number of threads seems too high for short alignments. Use -nt AUTO to determine best number of threads.
149  TPM3u+F+R3    1866.488     26  3784.976     3787.945     3894.556
WARNING: Number of threads seems too high for short alignments. Use -nt AUTO to determine best number of threads.
157  TIMe          1879.386     20  3798.772     3800.526     3883.064
WARNING: Number of threads seems too high for short alignments. Use -nt AUTO to determine best number of threads.
158  TIMe+I        1879.386     21  3800.772     3802.705     3889.278
WARNING: Number of threads seems too high for short alignments. Use -nt AUTO to determine best number of threads.
159  TIMe+G4       1879.388     21  3800.775     3802.708     3889.282
WARNING: Number of threads seems too high for short alignments. Use -nt AUTO to determine best number of threads.
160  TIMe+I+G4     1880.184     22  3804.368     3806.489     3897.089
WARNING: Number of threads seems too high for short alignments. Use -nt AUTO to determine best number of threads.
161  TIMe+R2       1879.417     22  3802.834     3804.956     3895.555
WARNING: Number of threads seems too high for short alignments. Use -nt AUTO to determine best number of threads.
162  TIMe+R3       1879.400     24  3806.800     3809.326     3907.950
WARNING: Number of threads seems too high for short alignments. Use -nt AUTO to determine best number of threads.
170  TIM+F         1866.488     23  3778.976     3781.295     3875.912
WARNING: Number of threads seems too high for short alignments. Use -nt AUTO to determine best number of threads.
171  TIM+F+I       1866.488     24  3780.975     3783.502     3882.126
WARNING: Number of threads seems too high for short alignments. Use -nt AUTO to determine best number of threads.
172  TIM+F+G4      1866.489     24  3780.979     3783.505     3882.130
WARNING: Number of threads seems too high for short alignments. Use -nt AUTO to determine best number of threads.
173  TIM+F+I+G4    1867.245     25  3784.490     3787.233     3889.855
WARNING: Number of threads seems too high for short alignments. Use -nt AUTO to determine best number of threads.
174  TIM+F+R2      1866.515     25  3783.030     3785.773     3888.395
WARNING: Number of threads seems too high for short alignments. Use -nt AUTO to determine best number of threads.
175  TIM+F+R3      1866.500     27  3786.999     3790.203     3900.794
WARNING: Number of threads seems too high for short alignments. Use -nt AUTO to determine best number of threads.
183  TIM2e         1879.381     20  3798.762     3800.515     3883.054
WARNING: Number of threads seems too high for short alignments. Use -nt AUTO to determine best number of threads.
184  TIM2e+I       1879.381     21  3800.761     3802.694     3889.268
WARNING: Number of threads seems too high for short alignments. Use -nt AUTO to determine best number of threads.
185  TIM2e+G4      1879.382     21  3800.765     3802.698     3889.272
WARNING: Number of threads seems too high for short alignments. Use -nt AUTO to determine best number of threads.
186  TIM2e+I+G4    1880.123     22  3804.246     3806.368     3896.968
WARNING: Number of threads seems too high for short alignments. Use -nt AUTO to determine best number of threads.
187  TIM2e+R2      1879.405     22  3802.811     3804.933     3895.532
WARNING: Number of threads seems too high for short alignments. Use -nt AUTO to determine best number of threads.
188  TIM2e+R3      1879.391     24  3806.782     3809.308     3907.933
WARNING: Number of threads seems too high for short alignments. Use -nt AUTO to determine best number of threads.
196  TIM2+F        1866.366     23  3778.732     3781.052     3875.668
WARNING: Number of threads seems too high for short alignments. Use -nt AUTO to determine best number of threads.
197  TIM2+F+I      1866.366     24  3780.732     3783.259     3881.883
WARNING: Number of threads seems too high for short alignments. Use -nt AUTO to determine best number of threads.
198  TIM2+F+G4     1866.368     24  3780.736     3783.262     3881.886
WARNING: Number of threads seems too high for short alignments. Use -nt AUTO to determine best number of threads.
199  TIM2+F+I+G4   1867.070     25  3784.140     3786.883     3889.506
WARNING: Number of threads seems too high for short alignments. Use -nt AUTO to determine best number of threads.
200  TIM2+F+R2     1866.388     25  3782.776     3785.518     3888.141
WARNING: Number of threads seems too high for short alignments. Use -nt AUTO to determine best number of threads.
201  TIM2+F+R3     1866.375     27  3786.750     3789.953     3900.544
WARNING: Number of threads seems too high for short alignments. Use -nt AUTO to determine best number of threads.
209  TIM3e         1878.094     20  3796.189     3797.943     3880.481
WARNING: Number of threads seems too high for short alignments. Use -nt AUTO to determine best number of threads.
210  TIM3e+I       1878.094     21  3798.189     3800.122     3886.696
WARNING: Number of threads seems too high for short alignments. Use -nt AUTO to determine best number of threads.
211  TIM3e+G4      1878.096     21  3798.192     3800.125     3886.698
WARNING: Number of threads seems too high for short alignments. Use -nt AUTO to determine best number of threads.
212  TIM3e+I+G4    1878.758     22  3801.517     3803.638     3894.238
WARNING: Number of threads seems too high for short alignments. Use -nt AUTO to determine best number of threads.
213  TIM3e+R2      1878.111     22  3800.222     3802.343     3892.943
WARNING: Number of threads seems too high for short alignments. Use -nt AUTO to determine best number of threads.
214  TIM3e+R3      1878.101     24  3804.202     3806.728     3905.352
WARNING: Number of threads seems too high for short alignments. Use -nt AUTO to determine best number of threads.
222  TIM3+F        1866.202     23  3778.404     3780.723     3875.340
WARNING: Number of threads seems too high for short alignments. Use -nt AUTO to determine best number of threads.
223  TIM3+F+I      1866.202     24  3780.404     3782.930     3881.554
WARNING: Number of threads seems too high for short alignments. Use -nt AUTO to determine best number of threads.
224  TIM3+F+G4     1866.204     24  3780.407     3782.934     3881.558
WARNING: Number of threads seems too high for short alignments. Use -nt AUTO to determine best number of threads.
225  TIM3+F+I+G4   1866.873     25  3783.745     3786.488     3889.111
WARNING: Number of threads seems too high for short alignments. Use -nt AUTO to determine best number of threads.
226  TIM3+F+R2     1866.220     25  3782.440     3785.183     3887.805
WARNING: Number of threads seems too high for short alignments. Use -nt AUTO to determine best number of threads.
227  TIM3+F+R3     1866.209     27  3786.418     3789.621     3900.212
WARNING: Number of threads seems too high for short alignments. Use -nt AUTO to determine best number of threads.
235  TVMe          1878.289     21  3798.578     3800.511     3887.085
WARNING: Number of threads seems too high for short alignments. Use -nt AUTO to determine best number of threads.
236  TVMe+I        1878.289     22  3800.578     3802.700     3893.300
WARNING: Number of threads seems too high for short alignments. Use -nt AUTO to determine best number of threads.
237  TVMe+G4       1878.291     22  3800.581     3802.703     3893.303
WARNING: Number of threads seems too high for short alignments. Use -nt AUTO to determine best number of threads.
238  TVMe+I+G4     1878.916     23  3803.832     3806.151     3900.768
WARNING: Number of threads seems too high for short alignments. Use -nt AUTO to determine best number of threads.
239  TVMe+R2       1878.303     23  3802.605     3804.925     3899.541
WARNING: Number of threads seems too high for short alignments. Use -nt AUTO to determine best number of threads.
240  TVMe+R3       1878.294     25  3806.588     3809.331     3911.954
WARNING: Number of threads seems too high for short alignments. Use -nt AUTO to determine best number of threads.
248  TVM+F         1866.279     24  3780.559     3783.085     3881.709
WARNING: Number of threads seems too high for short alignments. Use -nt AUTO to determine best number of threads.
249  TVM+F+I       1866.279     25  3782.559     3785.301     3887.924
WARNING: Number of threads seems too high for short alignments. Use -nt AUTO to determine best number of threads.
250  TVM+F+G4      1866.281     25  3782.562     3785.305     3887.927
WARNING: Number of threads seems too high for short alignments. Use -nt AUTO to determine best number of threads.
251  TVM+F+I+G4    1866.915     26  3785.830     3788.798     3895.410
WARNING: Number of threads seems too high for short alignments. Use -nt AUTO to determine best number of threads.
252  TVM+F+R2      1866.294     26  3784.589     3787.557     3894.169
WARNING: Number of threads seems too high for short alignments. Use -nt AUTO to determine best number of threads.
253  TVM+F+R3      1866.285     28  3788.570     3792.018     3906.579
WARNING: Number of threads seems too high for short alignments. Use -nt AUTO to determine best number of threads.
261  SYM           1878.073     22  3800.146     3802.268     3892.867
WARNING: Number of threads seems too high for short alignments. Use -nt AUTO to determine best number of threads.
262  SYM+I         1878.073     23  3802.146     3804.465     3899.082
WARNING: Number of threads seems too high for short alignments. Use -nt AUTO to determine best number of threads.
263  SYM+G4        1878.074     23  3802.149     3804.468     3899.085
WARNING: Number of threads seems too high for short alignments. Use -nt AUTO to determine best number of threads.
264  SYM+I+G4      1878.653     24  3805.305     3807.831     3906.456
WARNING: Number of threads seems too high for short alignments. Use -nt AUTO to determine best number of threads.
265  SYM+R2        1878.084     24  3804.167     3806.694     3905.318
WARNING: Number of threads seems too high for short alignments. Use -nt AUTO to determine best number of threads.
266  SYM+R3        1878.076     26  3808.153     3811.121     3917.733
WARNING: Number of threads seems too high for short alignments. Use -nt AUTO to determine best number of threads.
274  GTR+F         1866.009     25  3782.018     3784.761     3887.384
WARNING: Number of threads seems too high for short alignments. Use -nt AUTO to determine best number of threads.
275  GTR+F+I       1866.009     26  3784.018     3786.987     3893.598
WARNING: Number of threads seems too high for short alignments. Use -nt AUTO to determine best number of threads.
276  GTR+F+G4      1866.011     26  3784.022     3786.990     3893.602
WARNING: Number of threads seems too high for short alignments. Use -nt AUTO to determine best number of threads.
277  GTR+F+I+G4    1866.593     27  3787.187     3790.390     3900.981
WARNING: Number of threads seems too high for short alignments. Use -nt AUTO to determine best number of threads.
278  GTR+F+R2      1866.021     27  3786.043     3789.246     3899.837
WARNING: Number of threads seems too high for short alignments. Use -nt AUTO to determine best number of threads.
279  GTR+F+R3      1866.013     29  3790.027     3793.729     3912.250
Akaike Information Criterion:           HKY+F
Corrected Akaike Information Criterion: HKY+F
Bayesian Information Criterion:         HKY+F
Best-fit model: HKY+F chosen according to BIC

All model information printed to examples/10taxon_300genes_4cores_nophylonet//aln_seqs/1_seqgen112.nex.aln.model.gz
CPU time for ModelFinder: 2.049 seconds (0h:0m:2s)
Wall-clock time for ModelFinder: 40.623 seconds (0h:0m:40s)
Generating 1000 samples for ultrafast bootstrap (seed: 308284)...

NOTE: 0 MB RAM (0 GB) is required!
WARNING: Number of threads seems too high for short alignments. Use -nt AUTO to determine best number of threads.
Estimate model parameters (epsilon = 0.100)
1. Initial log-likelihood: -1937.248
2. Current log-likelihood: -1900.010
3. Current log-likelihood: -1893.568
4. Current log-likelihood: -1886.492
5. Current log-likelihood: -1878.661
6. Current log-likelihood: -1866.826
Optimal log-likelihood: -1866.795
Rate parameters:  A-C: 1.00000  A-G: 5.07879  A-T: 1.00000  C-G: 1.00000  C-T: 5.07879  G-T: 1.00000
Base frequencies:  A: 0.286  C: 0.203  G: 0.207  T: 0.304
Parameters optimization took 6 rounds (0.924 sec)
Computing ML distances based on estimated model parameters... 0.002 sec
Computing BIONJ tree...
0.090 seconds
Log-likelihood of BIONJ tree: -1866.795
--------------------------------------------------------------------
|             INITIALIZING CANDIDATE TREE SET                      |
--------------------------------------------------------------------
Generating 99 parsimony trees... 1.490 second
Computing log-likelihood of 88 initial trees ... 11.746 seconds
Current best score: -1866.795

Do NNI search on 20 best initial trees
Estimate model parameters (epsilon = 0.100)
BETTER TREE FOUND at iteration 1: -1866.795
Iteration 10 / LogL: -1866.795 / Time: 0h:0m:22s
Iteration 20 / LogL: -1866.797 / Time: 0h:0m:31s
Finish initializing candidate tree set (1)
Current best tree score: -1866.795 / CPU time: 30.522
Number of iterations: 20
--------------------------------------------------------------------
|               OPTIMIZING CANDIDATE TREE SET                      |
--------------------------------------------------------------------
Iteration 30 / LogL: -1866.795 / Time: 0h:0m:44s (0h:1m:47s left)
UPDATE BEST LOG-LIKELIHOOD: -1866.795
Iteration 40 / LogL: -1866.797 / Time: 0h:0m:55s (0h:1m:25s left)
Iteration 50 / LogL: -1866.795 / Time: 0h:1m:6s (0h:1m:9s left)
Log-likelihood cutoff on original alignment: -1889.553
Iteration 60 / LogL: -1866.797 / Time: 0h:1m:20s (0h:0m:55s left)
Iteration 70 / LogL: -1866.806 / Time: 0h:1m:31s (0h:0m:41s left)
Iteration 80 / LogL: -1866.821 / Time: 0h:2m:1s (0h:0m:32s left)
Iteration 90 / LogL: -1866.867 / Time: 0h:2m:28s (0h:0m:18s left)
Iteration 100 / LogL: -1866.795 / Time: 0h:2m:38s (0h:0m:1s left)
Log-likelihood cutoff on original alignment: -1889.553
NOTE: Bootstrap correlation coefficient of split occurrence frequencies: 1.000
TREE SEARCH COMPLETED AFTER 102 ITERATIONS / Time: 0h:2m:41s

--------------------------------------------------------------------
|                    FINALIZING TREE SEARCH                        |
--------------------------------------------------------------------
Performs final model parameters optimization
Estimate model parameters (epsilon = 0.010)
1. Initial log-likelihood: -1866.795
Optimal log-likelihood: -1866.795
Rate parameters:  A-C: 1.00000  A-G: 5.08236  A-T: 1.00000  C-G: 1.00000  C-T: 5.08236  G-T: 1.00000
Base frequencies:  A: 0.286  C: 0.203  G: 0.207  T: 0.304
Parameters optimization took 1 rounds (0.410 sec)
BEST SCORE FOUND : -1866.795
Creating bootstrap support values...
Split supports printed to NEXUS file examples/10taxon_300genes_4cores_nophylonet//aln_seqs/1_seqgen112.nex.aln.splits.nex
Total tree length: 0.502

Total number of iterations: 102
CPU time used for tree search: 7.227 sec (0h:0m:7s)
Wall-clock time used for tree search: 159.588 sec (0h:2m:39s)
Total CPU time used: 7.382 sec (0h:0m:7s)
Total wall-clock time used: 162.643 sec (0h:2m:42s)

Computing bootstrap consensus tree...
Reading input file examples/10taxon_300genes_4cores_nophylonet//aln_seqs/1_seqgen112.nex.aln.splits.nex...
10 taxa and 27 splits.
Consensus tree written to examples/10taxon_300genes_4cores_nophylonet//aln_seqs/1_seqgen112.nex.aln.contree
Reading input trees file examples/10taxon_300genes_4cores_nophylonet//aln_seqs/1_seqgen112.nex.aln.contree
Log-likelihood of consensus tree: -1866.795

Analysis results written to: 
  IQ-TREE report:                examples/10taxon_300genes_4cores_nophylonet//aln_seqs/1_seqgen112.nex.aln.iqtree
  Maximum-likelihood tree:       examples/10taxon_300genes_4cores_nophylonet//aln_seqs/1_seqgen112.nex.aln.treefile
  Likelihood distances:          examples/10taxon_300genes_4cores_nophylonet//aln_seqs/1_seqgen112.nex.aln.mldist

Ultrafast bootstrap approximation results written to:
  Split support values:          examples/10taxon_300genes_4cores_nophylonet//aln_seqs/1_seqgen112.nex.aln.splits.nex
  Consensus tree:                examples/10taxon_300genes_4cores_nophylonet//aln_seqs/1_seqgen112.nex.aln.contree
  Screen log file:               examples/10taxon_300genes_4cores_nophylonet//aln_seqs/1_seqgen112.nex.aln.log

Date and Time: Sun Feb 24 20:02:29 2019
