IQ-TREE multicore version 1.6.8 for Linux 64-bit built Oct 28 2018
Developed by Bui Quang Minh, Nguyen Lam Tung, Olga Chernomor,
Heiko Schmidt, Dominik Schrempf, Michael Woodhams.

Host:    sango10604.oist.jp (AVX2, FMA3, 125 GB RAM)
Command: iqtree -s examples/10taxon_300genes_4cores_nophylonet//aln_seqs/1_seqgen9.nex.aln -bb 1000 -redo -nt 3 -m MFP
Seed:    307299 (Using SPRNG - Scalable Parallel Random Number Generator)
Time:    Sun Feb 24 19:58:53 2019
Kernel:  AVX+FMA - 3 threads (24 CPU cores detected)

Reading alignment file examples/10taxon_300genes_4cores_nophylonet//aln_seqs/1_seqgen9.nex.aln ... Fasta format detected
Alignment most likely contains DNA/RNA sequences
Alignment has 10 sequences with 500 columns, 126 distinct patterns
96 parsimony-informative, 99 singleton sites, 305 constant sites
    Gap/Ambiguity  Composition  p-value
   1  A     0.00%    passed     85.92%
   2  A0    0.00%    passed     96.31%
   3  A1    0.00%    passed     88.96%
   4  A4    0.00%    passed     90.20%
   5  B     0.00%    passed     74.12%
   6  C     0.00%    passed     82.74%
   7  D     0.00%    passed     87.07%
   8  E     0.00%    passed     92.33%
   9  H     0.00%    passed     91.21%
  10  I     0.00%    passed     99.56%
****  TOTAL    0.00%  0 sequences failed composition chi2 test (p-value<5%; df=3)


Create initial parsimony tree by phylogenetic likelihood library (PLL)... 0.000 seconds
NOTE: ModelFinder requires 0 MB RAM!
ModelFinder will test 286 DNA models (sample size: 500) ...
 No. Model         -LnL         df  AIC          AICc         BIC
WARNING: Number of threads seems too high for short alignments. Use -nt AUTO to determine best number of threads.
  1  JC            1935.321     17  3904.642     3905.912     3976.290
WARNING: Number of threads seems too high for short alignments. Use -nt AUTO to determine best number of threads.
  2  JC+I          1935.321     18  3906.642     3908.064     3982.505
WARNING: Number of threads seems too high for short alignments. Use -nt AUTO to determine best number of threads.
  3  JC+G4         1935.321     18  3906.642     3908.064     3982.504
WARNING: Number of threads seems too high for short alignments. Use -nt AUTO to determine best number of threads.
  4  JC+I+G4       1936.784     19  3911.569     3913.152     3991.646
WARNING: Number of threads seems too high for short alignments. Use -nt AUTO to determine best number of threads.
  5  JC+R2         1935.576     19  3909.151     3910.735     3989.229
WARNING: Number of threads seems too high for short alignments. Use -nt AUTO to determine best number of threads.
  6  JC+R3         1935.460     21  3912.920     3914.853     4001.427
WARNING: Number of threads seems too high for short alignments. Use -nt AUTO to determine best number of threads.
 14  F81+F         1921.842     20  3883.685     3885.438     3967.977
WARNING: Number of threads seems too high for short alignments. Use -nt AUTO to determine best number of threads.
 15  F81+F+I       1921.842     21  3885.685     3887.618     3974.191
WARNING: Number of threads seems too high for short alignments. Use -nt AUTO to determine best number of threads.
 16  F81+F+G4      1921.843     21  3885.686     3887.619     3974.192
WARNING: Number of threads seems too high for short alignments. Use -nt AUTO to determine best number of threads.
 17  F81+F+I+G4    1923.332     22  3890.664     3892.785     3983.385
WARNING: Number of threads seems too high for short alignments. Use -nt AUTO to determine best number of threads.
 18  F81+F+R2      1922.087     22  3888.173     3890.295     3980.895
WARNING: Number of threads seems too high for short alignments. Use -nt AUTO to determine best number of threads.
 19  F81+F+R3      1921.982     24  3891.963     3894.489     3993.114
WARNING: Number of threads seems too high for short alignments. Use -nt AUTO to determine best number of threads.
 27  K2P           1876.431     18  3788.861     3790.284     3864.724
WARNING: Number of threads seems too high for short alignments. Use -nt AUTO to determine best number of threads.
 28  K2P+I         1876.431     19  3790.861     3792.445     3870.939
WARNING: Number of threads seems too high for short alignments. Use -nt AUTO to determine best number of threads.
 29  K2P+G4        1876.402     19  3790.805     3792.388     3870.882
WARNING: Number of threads seems too high for short alignments. Use -nt AUTO to determine best number of threads.
 30  K2P+I+G4      1877.475     20  3794.949     3796.703     3879.241
WARNING: Number of threads seems too high for short alignments. Use -nt AUTO to determine best number of threads.
 31  K2P+R2        1876.467     20  3792.933     3794.687     3877.225
WARNING: Number of threads seems too high for short alignments. Use -nt AUTO to determine best number of threads.
 32  K2P+R3        1876.428     22  3796.856     3798.977     3889.577
WARNING: Number of threads seems too high for short alignments. Use -nt AUTO to determine best number of threads.
 40  HKY+F         1857.315     21  3756.629     3758.562     3845.136
WARNING: Number of threads seems too high for short alignments. Use -nt AUTO to determine best number of threads.
 41  HKY+F+I       1857.315     22  3758.629     3760.751     3851.351
WARNING: Number of threads seems too high for short alignments. Use -nt AUTO to determine best number of threads.
 42  HKY+F+G4      1857.309     22  3758.617     3760.739     3851.338
WARNING: Number of threads seems too high for short alignments. Use -nt AUTO to determine best number of threads.
 43  HKY+F+I+G4    1858.436     23  3762.871     3765.190     3859.807
WARNING: Number of threads seems too high for short alignments. Use -nt AUTO to determine best number of threads.
 44  HKY+F+R2      1857.393     23  3760.787     3763.106     3857.723
WARNING: Number of threads seems too high for short alignments. Use -nt AUTO to determine best number of threads.
 45  HKY+F+R3      1857.348     25  3764.696     3767.438     3870.061
WARNING: Number of threads seems too high for short alignments. Use -nt AUTO to determine best number of threads.
 53  TNe           1876.192     19  3790.384     3791.967     3870.461
WARNING: Number of threads seems too high for short alignments. Use -nt AUTO to determine best number of threads.
 54  TNe+I         1876.192     20  3792.384     3794.138     3876.676
WARNING: Number of threads seems too high for short alignments. Use -nt AUTO to determine best number of threads.
 55  TNe+G4        1876.169     20  3792.338     3794.092     3876.631
WARNING: Number of threads seems too high for short alignments. Use -nt AUTO to determine best number of threads.
 56  TNe+I+G4      1877.166     21  3796.331     3798.264     3884.838
WARNING: Number of threads seems too high for short alignments. Use -nt AUTO to determine best number of threads.
 57  TNe+R2        1876.213     21  3794.426     3796.360     3882.933
WARNING: Number of threads seems too high for short alignments. Use -nt AUTO to determine best number of threads.
 58  TNe+R3        1876.187     23  3798.374     3800.693     3895.309
WARNING: Number of threads seems too high for short alignments. Use -nt AUTO to determine best number of threads.
 66  TN+F          1857.314     22  3758.628     3760.750     3851.349
WARNING: Number of threads seems too high for short alignments. Use -nt AUTO to determine best number of threads.
 67  TN+F+I        1857.314     23  3760.628     3762.947     3857.564
WARNING: Number of threads seems too high for short alignments. Use -nt AUTO to determine best number of threads.
 68  TN+F+G4       1857.308     23  3760.616     3762.935     3857.552
WARNING: Number of threads seems too high for short alignments. Use -nt AUTO to determine best number of threads.
 69  TN+F+I+G4     1858.320     24  3764.640     3767.167     3865.791
WARNING: Number of threads seems too high for short alignments. Use -nt AUTO to determine best number of threads.
 70  TN+F+R2       1857.365     24  3762.730     3765.256     3863.881
WARNING: Number of threads seems too high for short alignments. Use -nt AUTO to determine best number of threads.
 71  TN+F+R3       1857.334     26  3766.668     3769.636     3876.247
WARNING: Number of threads seems too high for short alignments. Use -nt AUTO to determine best number of threads.
 79  K3P           1876.111     19  3790.222     3791.805     3870.300
WARNING: Number of threads seems too high for short alignments. Use -nt AUTO to determine best number of threads.
 80  K3P+I         1876.111     20  3792.222     3793.976     3876.514
WARNING: Number of threads seems too high for short alignments. Use -nt AUTO to determine best number of threads.
 81  K3P+G4        1876.083     20  3792.165     3793.919     3876.458
WARNING: Number of threads seems too high for short alignments. Use -nt AUTO to determine best number of threads.
 82  K3P+I+G4      1876.948     21  3795.896     3797.829     3884.403
WARNING: Number of threads seems too high for short alignments. Use -nt AUTO to determine best number of threads.
 83  K3P+R2        1876.107     21  3794.215     3796.148     3882.721
WARNING: Number of threads seems too high for short alignments. Use -nt AUTO to determine best number of threads.
 84  K3P+R3        1876.091     23  3798.183     3800.502     3895.119
WARNING: Number of threads seems too high for short alignments. Use -nt AUTO to determine best number of threads.
 92  K3Pu+F        1857.296     22  3758.592     3760.714     3851.313
WARNING: Number of threads seems too high for short alignments. Use -nt AUTO to determine best number of threads.
 93  K3Pu+F+I      1857.296     23  3760.592     3762.911     3857.528
WARNING: Number of threads seems too high for short alignments. Use -nt AUTO to determine best number of threads.
 94  K3Pu+F+G4     1857.290     23  3760.580     3762.899     3857.516
WARNING: Number of threads seems too high for short alignments. Use -nt AUTO to determine best number of threads.
 95  K3Pu+F+I+G4   1858.214     24  3764.428     3766.954     3865.579
WARNING: Number of threads seems too high for short alignments. Use -nt AUTO to determine best number of threads.
 96  K3Pu+F+R2     1857.333     24  3762.666     3765.192     3863.816
WARNING: Number of threads seems too high for short alignments. Use -nt AUTO to determine best number of threads.
 97  K3Pu+F+R3     1857.310     26  3766.619     3769.588     3876.199
WARNING: Number of threads seems too high for short alignments. Use -nt AUTO to determine best number of threads.
105  TPM2+F        1855.367     22  3754.735     3756.857     3847.456
WARNING: Number of threads seems too high for short alignments. Use -nt AUTO to determine best number of threads.
106  TPM2+F+I      1855.367     23  3756.735     3759.054     3853.671
WARNING: Number of threads seems too high for short alignments. Use -nt AUTO to determine best number of threads.
107  TPM2+F+G4     1855.354     23  3756.709     3759.028     3853.645
WARNING: Number of threads seems too high for short alignments. Use -nt AUTO to determine best number of threads.
108  TPM2+F+I+G4   1856.165     24  3760.330     3762.856     3861.480
WARNING: Number of threads seems too high for short alignments. Use -nt AUTO to determine best number of threads.
109  TPM2+F+R2     1855.379     24  3758.758     3761.284     3859.908
WARNING: Number of threads seems too high for short alignments. Use -nt AUTO to determine best number of threads.
110  TPM2+F+R3     1855.364     26  3762.727     3765.695     3872.307
WARNING: Number of threads seems too high for short alignments. Use -nt AUTO to determine best number of threads.
118  TPM2u+F       1855.367     22  3754.735     3756.856     3847.456
WARNING: Number of threads seems too high for short alignments. Use -nt AUTO to determine best number of threads.
119  TPM2u+F+I     1855.367     23  3756.735     3759.054     3853.671
WARNING: Number of threads seems too high for short alignments. Use -nt AUTO to determine best number of threads.
120  TPM2u+F+G4    1855.354     23  3756.709     3759.028     3853.645
WARNING: Number of threads seems too high for short alignments. Use -nt AUTO to determine best number of threads.
121  TPM2u+F+I+G4  1856.128     24  3760.256     3762.782     3861.407
WARNING: Number of threads seems too high for short alignments. Use -nt AUTO to determine best number of threads.
122  TPM2u+F+R2    1855.375     24  3758.750     3761.276     3859.900
WARNING: Number of threads seems too high for short alignments. Use -nt AUTO to determine best number of threads.
123  TPM2u+F+R3    1855.362     26  3762.724     3765.692     3872.304
WARNING: Number of threads seems too high for short alignments. Use -nt AUTO to determine best number of threads.
131  TPM3+F        1857.300     22  3758.600     3760.722     3851.321
WARNING: Number of threads seems too high for short alignments. Use -nt AUTO to determine best number of threads.
132  TPM3+F+I      1857.300     23  3760.600     3762.919     3857.536
WARNING: Number of threads seems too high for short alignments. Use -nt AUTO to determine best number of threads.
133  TPM3+F+G4     1857.294     23  3760.588     3762.907     3857.524
WARNING: Number of threads seems too high for short alignments. Use -nt AUTO to determine best number of threads.
134  TPM3+F+I+G4   1858.099     24  3764.197     3766.724     3865.348
WARNING: Number of threads seems too high for short alignments. Use -nt AUTO to determine best number of threads.
135  TPM3+F+R2     1857.321     24  3762.641     3765.168     3863.792
WARNING: Number of threads seems too high for short alignments. Use -nt AUTO to determine best number of threads.
136  TPM3+F+R3     1857.305     26  3766.611     3769.579     3876.191
WARNING: Number of threads seems too high for short alignments. Use -nt AUTO to determine best number of threads.
144  TPM3u+F       1857.300     22  3758.600     3760.721     3851.321
WARNING: Number of threads seems too high for short alignments. Use -nt AUTO to determine best number of threads.
145  TPM3u+F+I     1857.300     23  3760.600     3762.919     3857.536
WARNING: Number of threads seems too high for short alignments. Use -nt AUTO to determine best number of threads.
146  TPM3u+F+G4    1857.294     23  3760.588     3762.907     3857.524
WARNING: Number of threads seems too high for short alignments. Use -nt AUTO to determine best number of threads.
147  TPM3u+F+I+G4  1858.064     24  3764.129     3766.655     3865.280
WARNING: Number of threads seems too high for short alignments. Use -nt AUTO to determine best number of threads.
148  TPM3u+F+R2    1857.316     24  3762.633     3765.159     3863.783
WARNING: Number of threads seems too high for short alignments. Use -nt AUTO to determine best number of threads.
149  TPM3u+F+R3    1857.303     26  3766.606     3769.575     3876.186
WARNING: Number of threads seems too high for short alignments. Use -nt AUTO to determine best number of threads.
157  TIMe          1875.872     20  3791.744     3793.498     3876.036
WARNING: Number of threads seems too high for short alignments. Use -nt AUTO to determine best number of threads.
158  TIMe+I        1875.872     21  3793.744     3795.677     3882.251
WARNING: Number of threads seems too high for short alignments. Use -nt AUTO to determine best number of threads.
159  TIMe+G4       1875.850     21  3793.699     3795.632     3882.206
WARNING: Number of threads seems too high for short alignments. Use -nt AUTO to determine best number of threads.
160  TIMe+I+G4     1876.535     22  3797.070     3799.191     3889.791
WARNING: Number of threads seems too high for short alignments. Use -nt AUTO to determine best number of threads.
161  TIMe+R2       1875.858     22  3795.716     3797.837     3888.437
WARNING: Number of threads seems too high for short alignments. Use -nt AUTO to determine best number of threads.
162  TIMe+R3       1875.852     24  3799.705     3802.231     3900.855
WARNING: Number of threads seems too high for short alignments. Use -nt AUTO to determine best number of threads.
170  TIM+F         1857.296     23  3760.591     3762.910     3857.527
WARNING: Number of threads seems too high for short alignments. Use -nt AUTO to determine best number of threads.
171  TIM+F+I       1857.296     24  3762.591     3765.117     3863.742
WARNING: Number of threads seems too high for short alignments. Use -nt AUTO to determine best number of threads.
172  TIM+F+G4      1857.289     24  3762.579     3765.105     3863.729
WARNING: Number of threads seems too high for short alignments. Use -nt AUTO to determine best number of threads.
173  TIM+F+I+G4    1857.999     25  3765.998     3768.741     3871.364
WARNING: Number of threads seems too high for short alignments. Use -nt AUTO to determine best number of threads.
174  TIM+F+R2      1857.307     25  3764.614     3767.357     3869.979
WARNING: Number of threads seems too high for short alignments. Use -nt AUTO to determine best number of threads.
175  TIM+F+R3      1857.297     27  3768.593     3771.796     3882.387
WARNING: Number of threads seems too high for short alignments. Use -nt AUTO to determine best number of threads.
183  TIM2e         1875.994     20  3791.989     3793.742     3876.281
WARNING: Number of threads seems too high for short alignments. Use -nt AUTO to determine best number of threads.
184  TIM2e+I       1875.994     21  3793.989     3795.922     3882.496
WARNING: Number of threads seems too high for short alignments. Use -nt AUTO to determine best number of threads.
185  TIM2e+G4      1875.976     21  3793.951     3795.884     3882.458
WARNING: Number of threads seems too high for short alignments. Use -nt AUTO to determine best number of threads.
186  TIM2e+I+G4    1876.625     22  3797.250     3799.372     3889.972
WARNING: Number of threads seems too high for short alignments. Use -nt AUTO to determine best number of threads.
187  TIM2e+R2      1875.984     22  3795.967     3798.089     3888.689
WARNING: Number of threads seems too high for short alignments. Use -nt AUTO to determine best number of threads.
188  TIM2e+R3      1875.978     24  3799.956     3802.483     3901.107
WARNING: Number of threads seems too high for short alignments. Use -nt AUTO to determine best number of threads.
196  TIM2+F        1855.367     23  3756.733     3759.053     3853.669
WARNING: Number of threads seems too high for short alignments. Use -nt AUTO to determine best number of threads.
197  TIM2+F+I      1855.367     24  3758.733     3761.260     3859.884
WARNING: Number of threads seems too high for short alignments. Use -nt AUTO to determine best number of threads.
198  TIM2+F+G4     1855.353     24  3758.707     3761.233     3859.857
WARNING: Number of threads seems too high for short alignments. Use -nt AUTO to determine best number of threads.
199  TIM2+F+I+G4   1855.948     25  3761.895     3764.638     3867.261
WARNING: Number of threads seems too high for short alignments. Use -nt AUTO to determine best number of threads.
200  TIM2+F+R2     1855.361     25  3760.722     3763.465     3866.087
WARNING: Number of threads seems too high for short alignments. Use -nt AUTO to determine best number of threads.
201  TIM2+F+R3     1855.355     27  3764.711     3767.914     3878.505
WARNING: Number of threads seems too high for short alignments. Use -nt AUTO to determine best number of threads.
209  TIM3e         1875.611     20  3791.222     3792.976     3875.514
WARNING: Number of threads seems too high for short alignments. Use -nt AUTO to determine best number of threads.
210  TIM3e+I       1875.611     21  3793.222     3795.155     3881.729
WARNING: Number of threads seems too high for short alignments. Use -nt AUTO to determine best number of threads.
211  TIM3e+G4      1875.577     21  3793.153     3795.086     3881.660
WARNING: Number of threads seems too high for short alignments. Use -nt AUTO to determine best number of threads.
212  TIM3e+I+G4    1876.127     22  3796.253     3798.375     3888.975
WARNING: Number of threads seems too high for short alignments. Use -nt AUTO to determine best number of threads.
213  TIM3e+R2      1875.581     22  3795.162     3797.284     3887.883
WARNING: Number of threads seems too high for short alignments. Use -nt AUTO to determine best number of threads.
214  TIM3e+R3      1875.580     24  3799.159     3801.685     3900.310
WARNING: Number of threads seems too high for short alignments. Use -nt AUTO to determine best number of threads.
222  TIM3+F        1857.299     23  3760.599     3762.918     3857.535
WARNING: Number of threads seems too high for short alignments. Use -nt AUTO to determine best number of threads.
223  TIM3+F+I      1857.299     24  3762.599     3765.125     3863.749
WARNING: Number of threads seems too high for short alignments. Use -nt AUTO to determine best number of threads.
224  TIM3+F+G4     1857.293     24  3762.586     3765.113     3863.737
WARNING: Number of threads seems too high for short alignments. Use -nt AUTO to determine best number of threads.
225  TIM3+F+I+G4   1857.905     25  3765.811     3768.553     3871.176
WARNING: Number of threads seems too high for short alignments. Use -nt AUTO to determine best number of threads.
226  TIM3+F+R2     1857.306     25  3764.611     3767.354     3869.976
WARNING: Number of threads seems too high for short alignments. Use -nt AUTO to determine best number of threads.
227  TIM3+F+R3     1857.298     27  3768.596     3771.799     3882.390
WARNING: Number of threads seems too high for short alignments. Use -nt AUTO to determine best number of threads.
235  TVMe          1875.349     21  3792.698     3794.632     3881.205
WARNING: Number of threads seems too high for short alignments. Use -nt AUTO to determine best number of threads.
236  TVMe+I        1875.349     22  3794.698     3796.820     3887.420
WARNING: Number of threads seems too high for short alignments. Use -nt AUTO to determine best number of threads.
237  TVMe+G4       1875.317     22  3794.633     3796.755     3887.355
WARNING: Number of threads seems too high for short alignments. Use -nt AUTO to determine best number of threads.
238  TVMe+I+G4     1875.822     23  3797.644     3799.963     3894.580
WARNING: Number of threads seems too high for short alignments. Use -nt AUTO to determine best number of threads.
239  TVMe+R2       1875.321     23  3796.642     3798.961     3893.578
WARNING: Number of threads seems too high for short alignments. Use -nt AUTO to determine best number of threads.
240  TVMe+R3       1875.319     25  3800.638     3803.380     3906.003
WARNING: Number of threads seems too high for short alignments. Use -nt AUTO to determine best number of threads.
248  TVM+F         1855.181     24  3758.363     3760.889     3859.513
WARNING: Number of threads seems too high for short alignments. Use -nt AUTO to determine best number of threads.
249  TVM+F+I       1855.181     25  3760.363     3763.105     3865.728
WARNING: Number of threads seems too high for short alignments. Use -nt AUTO to determine best number of threads.
250  TVM+F+G4      1855.169     25  3760.337     3763.080     3865.702
WARNING: Number of threads seems too high for short alignments. Use -nt AUTO to determine best number of threads.
251  TVM+F+I+G4    1855.685     26  3763.370     3766.338     3872.949
WARNING: Number of threads seems too high for short alignments. Use -nt AUTO to determine best number of threads.
252  TVM+F+R2      1855.175     26  3762.349     3765.317     3871.929
WARNING: Number of threads seems too high for short alignments. Use -nt AUTO to determine best number of threads.
253  TVM+F+R3      1855.170     28  3766.340     3769.788     3884.349
WARNING: Number of threads seems too high for short alignments. Use -nt AUTO to determine best number of threads.
261  SYM           1875.113     22  3794.226     3796.348     3886.947
WARNING: Number of threads seems too high for short alignments. Use -nt AUTO to determine best number of threads.
262  SYM+I         1875.113     23  3796.226     3798.545     3893.162
WARNING: Number of threads seems too high for short alignments. Use -nt AUTO to determine best number of threads.
263  SYM+G4        1875.085     23  3796.170     3798.490     3893.106
WARNING: Number of threads seems too high for short alignments. Use -nt AUTO to determine best number of threads.
264  SYM+I+G4      1875.576     24  3799.152     3801.679     3900.303
WARNING: Number of threads seems too high for short alignments. Use -nt AUTO to determine best number of threads.
265  SYM+R2        1875.089     24  3798.178     3800.705     3899.329
WARNING: Number of threads seems too high for short alignments. Use -nt AUTO to determine best number of threads.
266  SYM+R3        1875.086     26  3802.172     3805.141     3911.752
WARNING: Number of threads seems too high for short alignments. Use -nt AUTO to determine best number of threads.
274  GTR+F         1855.181     25  3760.362     3763.105     3865.728
WARNING: Number of threads seems too high for short alignments. Use -nt AUTO to determine best number of threads.
275  GTR+F+I       1855.181     26  3762.362     3765.331     3871.942
WARNING: Number of threads seems too high for short alignments. Use -nt AUTO to determine best number of threads.
276  GTR+F+G4      1855.168     26  3762.336     3765.304     3871.916
WARNING: Number of threads seems too high for short alignments. Use -nt AUTO to determine best number of threads.
277  GTR+F+I+G4    1855.648     27  3765.296     3768.499     3879.090
WARNING: Number of threads seems too high for short alignments. Use -nt AUTO to determine best number of threads.
278  GTR+F+R2      1855.173     27  3764.346     3767.549     3878.140
WARNING: Number of threads seems too high for short alignments. Use -nt AUTO to determine best number of threads.
279  GTR+F+R3      1855.169     29  3768.338     3772.040     3890.561
Akaike Information Criterion:           TPM2u+F
Corrected Akaike Information Criterion: TPM2u+F
Bayesian Information Criterion:         HKY+F
Best-fit model: HKY+F chosen according to BIC

All model information printed to examples/10taxon_300genes_4cores_nophylonet//aln_seqs/1_seqgen9.nex.aln.model.gz
CPU time for ModelFinder: 2.360 seconds (0h:0m:2s)
Wall-clock time for ModelFinder: 46.968 seconds (0h:0m:46s)
Generating 1000 samples for ultrafast bootstrap (seed: 307299)...

NOTE: 0 MB RAM (0 GB) is required!
WARNING: Number of threads seems too high for short alignments. Use -nt AUTO to determine best number of threads.
Estimate model parameters (epsilon = 0.100)
1. Initial log-likelihood: -1921.899
2. Current log-likelihood: -1892.870
3. Current log-likelihood: -1884.645
4. Current log-likelihood: -1875.388
5. Current log-likelihood: -1857.364
Optimal log-likelihood: -1857.315
Rate parameters:  A-C: 1.00000  A-G: 4.73267  A-T: 1.00000  C-G: 1.00000  C-T: 4.73267  G-T: 1.00000
Base frequencies:  A: 0.309  C: 0.202  G: 0.171  T: 0.317
Parameters optimization took 5 rounds (0.921 sec)
Computing ML distances based on estimated model parameters... 0.002 sec
Computing BIONJ tree...
0.166 seconds
Log-likelihood of BIONJ tree: -1857.314
--------------------------------------------------------------------
|             INITIALIZING CANDIDATE TREE SET                      |
--------------------------------------------------------------------
Generating 98 parsimony trees... 1.427 second
Computing log-likelihood of 88 initial trees ... 12.240 seconds
Current best score: -1857.314

Do NNI search on 20 best initial trees
Estimate model parameters (epsilon = 0.100)
BETTER TREE FOUND at iteration 1: -1857.314
UPDATE BEST LOG-LIKELIHOOD: -1857.314
UPDATE BEST LOG-LIKELIHOOD: -1857.314
Iteration 10 / LogL: -1857.314 / Time: 0h:0m:22s
Iteration 20 / LogL: -1857.314 / Time: 0h:0m:33s
Finish initializing candidate tree set (2)
Current best tree score: -1857.314 / CPU time: 32.357
Number of iterations: 20
--------------------------------------------------------------------
|               OPTIMIZING CANDIDATE TREE SET                      |
--------------------------------------------------------------------
Iteration 30 / LogL: -1857.314 / Time: 0h:0m:46s (0h:1m:52s left)
Iteration 40 / LogL: -1874.464 / Time: 0h:0m:58s (0h:1m:31s left)
UPDATE BEST LOG-LIKELIHOOD: -1857.314
Iteration 50 / LogL: -1874.464 / Time: 0h:1m:13s (0h:1m:16s left)
Log-likelihood cutoff on original alignment: -1885.376
UPDATE BEST LOG-LIKELIHOOD: -1857.314
UPDATE BEST LOG-LIKELIHOOD: -1857.314
UPDATE BEST LOG-LIKELIHOOD: -1857.314
Iteration 60 / LogL: -1857.314 / Time: 0h:1m:32s (0h:1m:4s left)
Iteration 70 / LogL: -1857.314 / Time: 0h:1m:47s (0h:0m:47s left)
Iteration 80 / LogL: -1857.315 / Time: 0h:2m:3s (0h:0m:32s left)
Iteration 90 / LogL: -1874.468 / Time: 0h:2m:35s (0h:0m:19s left)
Iteration 100 / LogL: -1857.315 / Time: 0h:3m:10s (0h:0m:1s left)
Log-likelihood cutoff on original alignment: -1886.479
NOTE: Bootstrap correlation coefficient of split occurrence frequencies: 0.998
TREE SEARCH COMPLETED AFTER 102 ITERATIONS / Time: 0h:3m:24s

--------------------------------------------------------------------
|                    FINALIZING TREE SEARCH                        |
--------------------------------------------------------------------
Performs final model parameters optimization
Estimate model parameters (epsilon = 0.010)
1. Initial log-likelihood: -1857.314
Optimal log-likelihood: -1857.314
Rate parameters:  A-C: 1.00000  A-G: 4.73267  A-T: 1.00000  C-G: 1.00000  C-T: 4.73267  G-T: 1.00000
Base frequencies:  A: 0.309  C: 0.202  G: 0.171  T: 0.317
Parameters optimization took 1 rounds (0.409 sec)
BEST SCORE FOUND : -1857.314
Creating bootstrap support values...
Split supports printed to NEXUS file examples/10taxon_300genes_4cores_nophylonet//aln_seqs/1_seqgen9.nex.aln.splits.nex
Total tree length: 0.503

Total number of iterations: 102
CPU time used for tree search: 8.522 sec (0h:0m:8s)
Wall-clock time used for tree search: 202.232 sec (0h:3m:22s)
Total CPU time used: 8.697 sec (0h:0m:8s)
Total wall-clock time used: 207.459 sec (0h:3m:27s)

Computing bootstrap consensus tree...
Reading input file examples/10taxon_300genes_4cores_nophylonet//aln_seqs/1_seqgen9.nex.aln.splits.nex...
10 taxa and 27 splits.
Consensus tree written to examples/10taxon_300genes_4cores_nophylonet//aln_seqs/1_seqgen9.nex.aln.contree
Reading input trees file examples/10taxon_300genes_4cores_nophylonet//aln_seqs/1_seqgen9.nex.aln.contree
Log-likelihood of consensus tree: -1857.314

Analysis results written to: 
  IQ-TREE report:                examples/10taxon_300genes_4cores_nophylonet//aln_seqs/1_seqgen9.nex.aln.iqtree
  Maximum-likelihood tree:       examples/10taxon_300genes_4cores_nophylonet//aln_seqs/1_seqgen9.nex.aln.treefile
  Likelihood distances:          examples/10taxon_300genes_4cores_nophylonet//aln_seqs/1_seqgen9.nex.aln.mldist

Ultrafast bootstrap approximation results written to:
  Split support values:          examples/10taxon_300genes_4cores_nophylonet//aln_seqs/1_seqgen9.nex.aln.splits.nex
  Consensus tree:                examples/10taxon_300genes_4cores_nophylonet//aln_seqs/1_seqgen9.nex.aln.contree
  Screen log file:               examples/10taxon_300genes_4cores_nophylonet//aln_seqs/1_seqgen9.nex.aln.log

Date and Time: Sun Feb 24 20:03:08 2019
