IQ-TREE multicore version 1.6.8 for Linux 64-bit built Oct 28 2018
Developed by Bui Quang Minh, Nguyen Lam Tung, Olga Chernomor,
Heiko Schmidt, Dominik Schrempf, Michael Woodhams.

Host:    sango10604.oist.jp (AVX2, FMA3, 125 GB RAM)
Command: iqtree -s examples/10taxon_300genes_4cores_nophylonet//aln_seqs/1_seqgen167.nex.aln -bb 1000 -redo -nt 3 -m MFP
Seed:    401788 (Using SPRNG - Scalable Parallel Random Number Generator)
Time:    Sun Feb 24 19:58:52 2019
Kernel:  AVX+FMA - 3 threads (24 CPU cores detected)

Reading alignment file examples/10taxon_300genes_4cores_nophylonet//aln_seqs/1_seqgen167.nex.aln ... Fasta format detected
Alignment most likely contains DNA/RNA sequences
Alignment has 10 sequences with 500 columns, 142 distinct patterns
62 parsimony-informative, 161 singleton sites, 277 constant sites
    Gap/Ambiguity  Composition  p-value
   1  A     0.00%    passed     75.25%
   2  A0    0.00%    passed     97.73%
   3  A1    0.00%    passed     92.22%
   4  A4    0.00%    passed     92.05%
   5  B     0.00%    passed     97.45%
   6  C     0.00%    passed     99.36%
   7  D     0.00%    passed     98.36%
   8  E     0.00%    passed     70.73%
   9  H     0.00%    passed     96.95%
  10  I     0.00%    passed     95.02%
****  TOTAL    0.00%  0 sequences failed composition chi2 test (p-value<5%; df=3)


Create initial parsimony tree by phylogenetic likelihood library (PLL)... 0.000 seconds
NOTE: ModelFinder requires 1 MB RAM!
ModelFinder will test 286 DNA models (sample size: 500) ...
 No. Model         -LnL         df  AIC          AICc         BIC
WARNING: Number of threads seems too high for short alignments. Use -nt AUTO to determine best number of threads.
  1  JC            2139.398     17  4312.796     4314.066     4384.444
WARNING: Number of threads seems too high for short alignments. Use -nt AUTO to determine best number of threads.
  2  JC+I          2139.398     18  4314.796     4316.218     4390.659
WARNING: Number of threads seems too high for short alignments. Use -nt AUTO to determine best number of threads.
  3  JC+G4         2139.402     18  4314.805     4316.227     4390.667
WARNING: Number of threads seems too high for short alignments. Use -nt AUTO to determine best number of threads.
  4  JC+I+G4       2140.838     19  4319.676     4321.259     4399.753
WARNING: Number of threads seems too high for short alignments. Use -nt AUTO to determine best number of threads.
  5  JC+R2         2139.712     19  4317.424     4319.007     4397.501
WARNING: Number of threads seems too high for short alignments. Use -nt AUTO to determine best number of threads.
  6  JC+R3         2139.623     21  4321.247     4323.180     4409.753
WARNING: Number of threads seems too high for short alignments. Use -nt AUTO to determine best number of threads.
 14  F81+F         2120.467     20  4280.933     4282.687     4365.225
WARNING: Number of threads seems too high for short alignments. Use -nt AUTO to determine best number of threads.
 15  F81+F+I       2120.467     21  4282.933     4284.866     4371.440
WARNING: Number of threads seems too high for short alignments. Use -nt AUTO to determine best number of threads.
 16  F81+F+G4      2120.472     21  4282.945     4284.878     4371.451
WARNING: Number of threads seems too high for short alignments. Use -nt AUTO to determine best number of threads.
 17  F81+F+I+G4    2121.901     22  4287.802     4289.923     4380.523
WARNING: Number of threads seems too high for short alignments. Use -nt AUTO to determine best number of threads.
 18  F81+F+R2      2120.691     22  4285.382     4287.504     4378.104
WARNING: Number of threads seems too high for short alignments. Use -nt AUTO to determine best number of threads.
 19  F81+F+R3      2120.666     24  4289.333     4291.859     4390.484
WARNING: Number of threads seems too high for short alignments. Use -nt AUTO to determine best number of threads.
 27  K2P           2084.704     18  4205.409     4206.831     4281.272
WARNING: Number of threads seems too high for short alignments. Use -nt AUTO to determine best number of threads.
 28  K2P+I         2084.704     19  4207.409     4208.992     4287.486
WARNING: Number of threads seems too high for short alignments. Use -nt AUTO to determine best number of threads.
 29  K2P+G4        2084.708     19  4207.415     4208.998     4287.493
WARNING: Number of threads seems too high for short alignments. Use -nt AUTO to determine best number of threads.
 30  K2P+I+G4      2085.645     20  4211.291     4213.044     4295.583
WARNING: Number of threads seems too high for short alignments. Use -nt AUTO to determine best number of threads.
 31  K2P+R2        2084.817     20  4209.635     4211.388     4293.927
WARNING: Number of threads seems too high for short alignments. Use -nt AUTO to determine best number of threads.
 32  K2P+R3        2084.798     22  4213.595     4215.717     4306.317
WARNING: Number of threads seems too high for short alignments. Use -nt AUTO to determine best number of threads.
 40  HKY+F         2062.562     21  4167.123     4169.056     4255.630
WARNING: Number of threads seems too high for short alignments. Use -nt AUTO to determine best number of threads.
 41  HKY+F+I       2062.562     22  4169.123     4171.245     4261.844
WARNING: Number of threads seems too high for short alignments. Use -nt AUTO to determine best number of threads.
 42  HKY+F+G4      2062.567     22  4169.134     4171.256     4261.855
WARNING: Number of threads seems too high for short alignments. Use -nt AUTO to determine best number of threads.
 43  HKY+F+I+G4    2063.872     23  4173.744     4176.063     4270.680
WARNING: Number of threads seems too high for short alignments. Use -nt AUTO to determine best number of threads.
 44  HKY+F+R2      2062.704     23  4171.408     4173.727     4268.344
WARNING: Number of threads seems too high for short alignments. Use -nt AUTO to determine best number of threads.
 45  HKY+F+R3      2062.672     25  4175.345     4178.087     4280.710
WARNING: Number of threads seems too high for short alignments. Use -nt AUTO to determine best number of threads.
 53  TNe           2084.704     19  4207.407     4208.991     4287.485
WARNING: Number of threads seems too high for short alignments. Use -nt AUTO to determine best number of threads.
 54  TNe+I         2084.704     20  4209.407     4211.161     4293.699
WARNING: Number of threads seems too high for short alignments. Use -nt AUTO to determine best number of threads.
 55  TNe+G4        2084.707     20  4209.414     4211.167     4293.706
WARNING: Number of threads seems too high for short alignments. Use -nt AUTO to determine best number of threads.
 56  TNe+I+G4      2085.542     21  4213.083     4215.016     4301.590
WARNING: Number of threads seems too high for short alignments. Use -nt AUTO to determine best number of threads.
 57  TNe+R2        2084.778     21  4211.556     4213.489     4300.063
WARNING: Number of threads seems too high for short alignments. Use -nt AUTO to determine best number of threads.
 58  TNe+R3        2084.757     23  4215.515     4217.834     4312.451
WARNING: Number of threads seems too high for short alignments. Use -nt AUTO to determine best number of threads.
 66  TN+F          2062.373     22  4168.747     4170.868     4261.468
WARNING: Number of threads seems too high for short alignments. Use -nt AUTO to determine best number of threads.
 67  TN+F+I        2062.373     23  4170.747     4173.066     4267.683
WARNING: Number of threads seems too high for short alignments. Use -nt AUTO to determine best number of threads.
 68  TN+F+G4       2062.379     23  4170.758     4173.077     4267.694
WARNING: Number of threads seems too high for short alignments. Use -nt AUTO to determine best number of threads.
 69  TN+F+I+G4     2063.554     24  4175.108     4177.634     4276.259
WARNING: Number of threads seems too high for short alignments. Use -nt AUTO to determine best number of threads.
 70  TN+F+R2       2062.470     24  4172.940     4175.466     4274.091
WARNING: Number of threads seems too high for short alignments. Use -nt AUTO to determine best number of threads.
 71  TN+F+R3       2062.439     26  4176.879     4179.847     4286.459
WARNING: Number of threads seems too high for short alignments. Use -nt AUTO to determine best number of threads.
 79  K3P           2083.024     19  4204.047     4205.631     4284.125
WARNING: Number of threads seems too high for short alignments. Use -nt AUTO to determine best number of threads.
 80  K3P+I         2083.024     20  4206.047     4207.801     4290.339
WARNING: Number of threads seems too high for short alignments. Use -nt AUTO to determine best number of threads.
 81  K3P+G4        2083.027     20  4206.054     4207.807     4290.346
WARNING: Number of threads seems too high for short alignments. Use -nt AUTO to determine best number of threads.
 82  K3P+I+G4      2083.780     21  4209.560     4211.493     4298.067
WARNING: Number of threads seems too high for short alignments. Use -nt AUTO to determine best number of threads.
 83  K3P+R2        2083.076     21  4208.152     4210.085     4296.659
WARNING: Number of threads seems too high for short alignments. Use -nt AUTO to determine best number of threads.
 84  K3P+R3        2083.056     23  4212.112     4214.431     4309.048
WARNING: Number of threads seems too high for short alignments. Use -nt AUTO to determine best number of threads.
 92  K3Pu+F        2061.535     22  4167.070     4169.192     4259.792
WARNING: Number of threads seems too high for short alignments. Use -nt AUTO to determine best number of threads.
 93  K3Pu+F+I      2061.535     23  4169.070     4171.390     4266.006
WARNING: Number of threads seems too high for short alignments. Use -nt AUTO to determine best number of threads.
 94  K3Pu+F+G4     2061.540     23  4169.081     4171.400     4266.017
WARNING: Number of threads seems too high for short alignments. Use -nt AUTO to determine best number of threads.
 95  K3Pu+F+I+G4   2062.600     24  4173.201     4175.727     4274.351
WARNING: Number of threads seems too high for short alignments. Use -nt AUTO to determine best number of threads.
 96  K3Pu+F+R2     2061.601     24  4171.203     4173.729     4272.353
WARNING: Number of threads seems too high for short alignments. Use -nt AUTO to determine best number of threads.
 97  K3Pu+F+R3     2061.575     26  4175.149     4178.118     4284.729
WARNING: Number of threads seems too high for short alignments. Use -nt AUTO to determine best number of threads.
105  TPM2+F        2062.496     22  4168.992     4171.114     4261.713
WARNING: Number of threads seems too high for short alignments. Use -nt AUTO to determine best number of threads.
106  TPM2+F+I      2062.496     23  4170.992     4173.311     4267.928
WARNING: Number of threads seems too high for short alignments. Use -nt AUTO to determine best number of threads.
107  TPM2+F+G4     2062.501     23  4171.003     4173.322     4267.939
WARNING: Number of threads seems too high for short alignments. Use -nt AUTO to determine best number of threads.
108  TPM2+F+I+G4   2063.520     24  4175.041     4177.567     4276.191
WARNING: Number of threads seems too high for short alignments. Use -nt AUTO to determine best number of threads.
109  TPM2+F+R2     2062.550     24  4173.100     4175.626     4274.250
WARNING: Number of threads seems too high for short alignments. Use -nt AUTO to determine best number of threads.
110  TPM2+F+R3     2062.525     26  4177.051     4180.019     4286.631
WARNING: Number of threads seems too high for short alignments. Use -nt AUTO to determine best number of threads.
118  TPM2u+F       2062.496     22  4168.992     4171.113     4261.713
WARNING: Number of threads seems too high for short alignments. Use -nt AUTO to determine best number of threads.
119  TPM2u+F+I     2062.496     23  4170.992     4173.311     4267.928
WARNING: Number of threads seems too high for short alignments. Use -nt AUTO to determine best number of threads.
120  TPM2u+F+G4    2062.501     23  4171.003     4173.322     4267.939
WARNING: Number of threads seems too high for short alignments. Use -nt AUTO to determine best number of threads.
121  TPM2u+F+I+G4  2063.472     24  4174.944     4177.471     4276.095
WARNING: Number of threads seems too high for short alignments. Use -nt AUTO to determine best number of threads.
122  TPM2u+F+R2    2062.539     24  4173.078     4175.605     4274.229
WARNING: Number of threads seems too high for short alignments. Use -nt AUTO to determine best number of threads.
123  TPM2u+F+R3    2062.517     26  4177.035     4180.003     4286.615
WARNING: Number of threads seems too high for short alignments. Use -nt AUTO to determine best number of threads.
131  TPM3+F        2061.869     22  4167.738     4169.859     4260.459
WARNING: Number of threads seems too high for short alignments. Use -nt AUTO to determine best number of threads.
132  TPM3+F+I      2061.869     23  4169.738     4172.057     4266.674
WARNING: Number of threads seems too high for short alignments. Use -nt AUTO to determine best number of threads.
133  TPM3+F+G4     2061.874     23  4169.748     4172.067     4266.684
WARNING: Number of threads seems too high for short alignments. Use -nt AUTO to determine best number of threads.
134  TPM3+F+I+G4   2062.744     24  4173.488     4176.015     4274.639
WARNING: Number of threads seems too high for short alignments. Use -nt AUTO to determine best number of threads.
135  TPM3+F+R2     2061.901     24  4171.802     4174.328     4272.953
WARNING: Number of threads seems too high for short alignments. Use -nt AUTO to determine best number of threads.
136  TPM3+F+R3     2061.884     26  4175.767     4178.735     4285.347
WARNING: Number of threads seems too high for short alignments. Use -nt AUTO to determine best number of threads.
144  TPM3u+F       2061.869     22  4167.738     4169.859     4260.459
WARNING: Number of threads seems too high for short alignments. Use -nt AUTO to determine best number of threads.
145  TPM3u+F+I     2061.869     23  4169.738     4172.057     4266.674
WARNING: Number of threads seems too high for short alignments. Use -nt AUTO to determine best number of threads.
146  TPM3u+F+G4    2061.874     23  4169.748     4172.067     4266.684
WARNING: Number of threads seems too high for short alignments. Use -nt AUTO to determine best number of threads.
147  TPM3u+F+I+G4  2062.706     24  4173.413     4175.939     4274.563
WARNING: Number of threads seems too high for short alignments. Use -nt AUTO to determine best number of threads.
148  TPM3u+F+R2    2061.895     24  4171.791     4174.317     4272.941
WARNING: Number of threads seems too high for short alignments. Use -nt AUTO to determine best number of threads.
149  TPM3u+F+R3    2061.880     26  4175.760     4178.728     4285.340
WARNING: Number of threads seems too high for short alignments. Use -nt AUTO to determine best number of threads.
157  TIMe          2083.023     20  4206.046     4207.799     4290.338
WARNING: Number of threads seems too high for short alignments. Use -nt AUTO to determine best number of threads.
158  TIMe+I        2083.023     21  4208.046     4209.979     4296.552
WARNING: Number of threads seems too high for short alignments. Use -nt AUTO to determine best number of threads.
159  TIMe+G4       2083.026     21  4208.052     4209.985     4296.559
WARNING: Number of threads seems too high for short alignments. Use -nt AUTO to determine best number of threads.
160  TIMe+I+G4     2083.579     22  4211.159     4213.281     4303.880
WARNING: Number of threads seems too high for short alignments. Use -nt AUTO to determine best number of threads.
161  TIMe+R2       2083.038     22  4210.076     4212.198     4302.797
WARNING: Number of threads seems too high for short alignments. Use -nt AUTO to determine best number of threads.
162  TIMe+R3       2083.029     24  4214.057     4216.584     4315.208
WARNING: Number of threads seems too high for short alignments. Use -nt AUTO to determine best number of threads.
170  TIM+F         2061.346     23  4168.692     4171.012     4265.628
WARNING: Number of threads seems too high for short alignments. Use -nt AUTO to determine best number of threads.
171  TIM+F+I       2061.346     24  4170.692     4173.219     4271.843
WARNING: Number of threads seems too high for short alignments. Use -nt AUTO to determine best number of threads.
172  TIM+F+G4      2061.352     24  4170.703     4173.229     4271.854
WARNING: Number of threads seems too high for short alignments. Use -nt AUTO to determine best number of threads.
173  TIM+F+I+G4    2062.158     25  4174.317     4177.059     4279.682
WARNING: Number of threads seems too high for short alignments. Use -nt AUTO to determine best number of threads.
174  TIM+F+R2      2061.366     25  4172.733     4175.476     4278.098
WARNING: Number of threads seems too high for short alignments. Use -nt AUTO to determine best number of threads.
175  TIM+F+R3      2061.353     27  4176.707     4179.910     4290.501
WARNING: Number of threads seems too high for short alignments. Use -nt AUTO to determine best number of threads.
183  TIM2e         2083.894     20  4207.787     4209.541     4292.079
WARNING: Number of threads seems too high for short alignments. Use -nt AUTO to determine best number of threads.
184  TIM2e+I       2083.894     21  4209.787     4211.720     4298.294
WARNING: Number of threads seems too high for short alignments. Use -nt AUTO to determine best number of threads.
185  TIM2e+G4      2083.896     21  4209.793     4211.726     4298.300
WARNING: Number of threads seems too high for short alignments. Use -nt AUTO to determine best number of threads.
186  TIM2e+I+G4    2084.345     22  4212.690     4214.812     4305.412
WARNING: Number of threads seems too high for short alignments. Use -nt AUTO to determine best number of threads.
187  TIM2e+R2      2083.903     22  4211.806     4213.927     4304.527
WARNING: Number of threads seems too high for short alignments. Use -nt AUTO to determine best number of threads.
188  TIM2e+R3      2083.897     24  4215.793     4218.320     4316.944
WARNING: Number of threads seems too high for short alignments. Use -nt AUTO to determine best number of threads.
196  TIM2+F        2062.308     23  4170.615     4172.935     4267.551
WARNING: Number of threads seems too high for short alignments. Use -nt AUTO to determine best number of threads.
197  TIM2+F+I      2062.308     24  4172.615     4175.142     4273.766
WARNING: Number of threads seems too high for short alignments. Use -nt AUTO to determine best number of threads.
198  TIM2+F+G4     2062.313     24  4172.626     4175.153     4273.777
WARNING: Number of threads seems too high for short alignments. Use -nt AUTO to determine best number of threads.
199  TIM2+F+I+G4   2063.074     25  4176.149     4178.891     4281.514
WARNING: Number of threads seems too high for short alignments. Use -nt AUTO to determine best number of threads.
200  TIM2+F+R2     2062.322     25  4174.644     4177.387     4280.010
WARNING: Number of threads seems too high for short alignments. Use -nt AUTO to determine best number of threads.
201  TIM2+F+R3     2062.312     27  4178.624     4181.827     4292.418
WARNING: Number of threads seems too high for short alignments. Use -nt AUTO to determine best number of threads.
209  TIM3e         2082.210     20  4204.421     4206.174     4288.713
WARNING: Number of threads seems too high for short alignments. Use -nt AUTO to determine best number of threads.
210  TIM3e+I       2082.210     21  4206.420     4208.353     4294.927
WARNING: Number of threads seems too high for short alignments. Use -nt AUTO to determine best number of threads.
211  TIM3e+G4      2082.212     21  4206.423     4208.356     4294.930
WARNING: Number of threads seems too high for short alignments. Use -nt AUTO to determine best number of threads.
212  TIM3e+I+G4    2082.525     22  4209.049     4211.171     4301.771
WARNING: Number of threads seems too high for short alignments. Use -nt AUTO to determine best number of threads.
213  TIM3e+R2      2082.214     22  4208.428     4210.549     4301.149
WARNING: Number of threads seems too high for short alignments. Use -nt AUTO to determine best number of threads.
214  TIM3e+R3      2082.211     24  4212.422     4214.948     4313.573
WARNING: Number of threads seems too high for short alignments. Use -nt AUTO to determine best number of threads.
222  TIM3+F        2061.678     23  4169.356     4171.675     4266.292
WARNING: Number of threads seems too high for short alignments. Use -nt AUTO to determine best number of threads.
223  TIM3+F+I      2061.678     24  4171.356     4173.882     4272.507
WARNING: Number of threads seems too high for short alignments. Use -nt AUTO to determine best number of threads.
224  TIM3+F+G4     2061.683     24  4171.366     4173.892     4272.517
WARNING: Number of threads seems too high for short alignments. Use -nt AUTO to determine best number of threads.
225  TIM3+F+I+G4   2062.352     25  4174.704     4177.447     4280.070
WARNING: Number of threads seems too high for short alignments. Use -nt AUTO to determine best number of threads.
226  TIM3+F+R2     2061.688     25  4173.376     4176.118     4278.741
WARNING: Number of threads seems too high for short alignments. Use -nt AUTO to determine best number of threads.
227  TIM3+F+R3     2061.681     27  4177.361     4180.565     4291.156
WARNING: Number of threads seems too high for short alignments. Use -nt AUTO to determine best number of threads.
235  TVMe          2080.586     21  4203.172     4205.105     4291.679
WARNING: Number of threads seems too high for short alignments. Use -nt AUTO to determine best number of threads.
236  TVMe+I        2080.586     22  4205.172     4207.294     4297.894
WARNING: Number of threads seems too high for short alignments. Use -nt AUTO to determine best number of threads.
237  TVMe+G4       2080.587     22  4205.175     4207.296     4297.896
WARNING: Number of threads seems too high for short alignments. Use -nt AUTO to determine best number of threads.
238  TVMe+I+G4     2080.844     23  4207.688     4210.007     4304.624
WARNING: Number of threads seems too high for short alignments. Use -nt AUTO to determine best number of threads.
239  TVMe+R2       2080.589     23  4207.178     4209.497     4304.114
WARNING: Number of threads seems too high for short alignments. Use -nt AUTO to determine best number of threads.
240  TVMe+R3       2080.587     25  4211.173     4213.916     4316.539
WARNING: Number of threads seems too high for short alignments. Use -nt AUTO to determine best number of threads.
248  TVM+F         2061.132     24  4170.264     4172.790     4271.414
WARNING: Number of threads seems too high for short alignments. Use -nt AUTO to determine best number of threads.
249  TVM+F+I       2061.132     25  4172.264     4175.006     4277.629
WARNING: Number of threads seems too high for short alignments. Use -nt AUTO to determine best number of threads.
250  TVM+F+G4      2061.137     25  4172.274     4175.016     4277.639
WARNING: Number of threads seems too high for short alignments. Use -nt AUTO to determine best number of threads.
251  TVM+F+I+G4    2061.770     26  4175.539     4178.508     4285.119
WARNING: Number of threads seems too high for short alignments. Use -nt AUTO to determine best number of threads.
252  TVM+F+R2      2061.140     26  4174.280     4177.248     4283.860
WARNING: Number of threads seems too high for short alignments. Use -nt AUTO to determine best number of threads.
253  TVM+F+R3      2061.134     28  4178.268     4181.716     4296.277
WARNING: Number of threads seems too high for short alignments. Use -nt AUTO to determine best number of threads.
261  SYM           2080.585     22  4205.171     4207.292     4297.892
WARNING: Number of threads seems too high for short alignments. Use -nt AUTO to determine best number of threads.
262  SYM+I         2080.585     23  4207.170     4209.490     4304.106
WARNING: Number of threads seems too high for short alignments. Use -nt AUTO to determine best number of threads.
263  SYM+G4        2080.587     23  4207.173     4209.492     4304.109
WARNING: Number of threads seems too high for short alignments. Use -nt AUTO to determine best number of threads.
264  SYM+I+G4      2080.823     24  4209.646     4212.172     4310.797
WARNING: Number of threads seems too high for short alignments. Use -nt AUTO to determine best number of threads.
265  SYM+R2        2080.587     24  4209.175     4211.701     4310.325
WARNING: Number of threads seems too high for short alignments. Use -nt AUTO to determine best number of threads.
266  SYM+R3        2080.586     26  4213.171     4216.139     4322.751
WARNING: Number of threads seems too high for short alignments. Use -nt AUTO to determine best number of threads.
274  GTR+F         2060.941     25  4171.882     4174.624     4277.247
WARNING: Number of threads seems too high for short alignments. Use -nt AUTO to determine best number of threads.
275  GTR+F+I       2060.941     26  4173.882     4176.850     4283.461
WARNING: Number of threads seems too high for short alignments. Use -nt AUTO to determine best number of threads.
276  GTR+F+G4      2060.946     26  4173.891     4176.860     4283.471
WARNING: Number of threads seems too high for short alignments. Use -nt AUTO to determine best number of threads.
277  GTR+F+I+G4    2061.540     27  4177.079     4180.282     4290.873
WARNING: Number of threads seems too high for short alignments. Use -nt AUTO to determine best number of threads.
278  GTR+F+R2      2060.947     27  4175.894     4179.098     4289.689
WARNING: Number of threads seems too high for short alignments. Use -nt AUTO to determine best number of threads.
279  GTR+F+R3      2060.942     29  4179.884     4183.586     4302.108
Akaike Information Criterion:           K3Pu+F
Corrected Akaike Information Criterion: HKY+F
Bayesian Information Criterion:         HKY+F
Best-fit model: HKY+F chosen according to BIC

All model information printed to examples/10taxon_300genes_4cores_nophylonet//aln_seqs/1_seqgen167.nex.aln.model.gz
CPU time for ModelFinder: 3.002 seconds (0h:0m:3s)
Wall-clock time for ModelFinder: 65.277 seconds (0h:1m:5s)
Generating 1000 samples for ultrafast bootstrap (seed: 401788)...

NOTE: 0 MB RAM (0 GB) is required!
WARNING: Number of threads seems too high for short alignments. Use -nt AUTO to determine best number of threads.
Estimate model parameters (epsilon = 0.100)
1. Initial log-likelihood: -2120.635
2. Current log-likelihood: -2062.669
3. Current log-likelihood: -2062.562
Optimal log-likelihood: -2062.562
Rate parameters:  A-C: 1.00000  A-G: 3.81857  A-T: 1.00000  C-G: 1.00000  C-T: 3.81857  G-T: 1.00000
Base frequencies:  A: 0.312  C: 0.190  G: 0.209  T: 0.289
Parameters optimization took 3 rounds (3.195 sec)
Computing ML distances based on estimated model parameters... 0.002 sec
Computing BIONJ tree...
0.114 seconds
Log-likelihood of BIONJ tree: -2062.562
--------------------------------------------------------------------
|             INITIALIZING CANDIDATE TREE SET                      |
--------------------------------------------------------------------
Generating 99 parsimony trees... 1.747 second
Computing log-likelihood of 85 initial trees ... 36.976 seconds
Current best score: -2062.562

Do NNI search on 20 best initial trees
Estimate model parameters (epsilon = 0.100)
BETTER TREE FOUND at iteration 1: -2062.562
Iteration 10 / LogL: -2062.562 / Time: 0h:0m:57s
Iteration 20 / LogL: -2062.562 / Time: 0h:1m:12s
Finish initializing candidate tree set (1)
Current best tree score: -2062.562 / CPU time: 67.429
Number of iterations: 20
--------------------------------------------------------------------
|               OPTIMIZING CANDIDATE TREE SET                      |
--------------------------------------------------------------------
Iteration 30 / LogL: -2062.562 / Time: 0h:1m:26s (0h:3m:30s left)
Iteration 40 / LogL: -2062.562 / Time: 0h:1m:39s (0h:2m:34s left)
Iteration 50 / LogL: -2073.719 / Time: 0h:1m:52s (0h:1m:56s left)
Log-likelihood cutoff on original alignment: -2085.842
Iteration 60 / LogL: -2062.562 / Time: 0h:2m:9s (0h:1m:29s left)
Iteration 70 / LogL: -2062.565 / Time: 0h:2m:24s (0h:1m:4s left)
Iteration 80 / LogL: -2062.565 / Time: 0h:2m:36s (0h:0m:41s left)
Iteration 90 / LogL: -2062.562 / Time: 0h:2m:46s (0h:0m:20s left)
Iteration 100 / LogL: -2062.562 / Time: 0h:2m:55s (0h:0m:1s left)
Log-likelihood cutoff on original alignment: -2085.857
NOTE: Bootstrap correlation coefficient of split occurrence frequencies: 0.999
TREE SEARCH COMPLETED AFTER 102 ITERATIONS / Time: 0h:2m:57s

--------------------------------------------------------------------
|                    FINALIZING TREE SEARCH                        |
--------------------------------------------------------------------
Performs final model parameters optimization
Estimate model parameters (epsilon = 0.010)
1. Initial log-likelihood: -2062.562
Optimal log-likelihood: -2062.562
Rate parameters:  A-C: 1.00000  A-G: 3.81857  A-T: 1.00000  C-G: 1.00000  C-T: 3.81857  G-T: 1.00000
Base frequencies:  A: 0.312  C: 0.190  G: 0.209  T: 0.289
Parameters optimization took 1 rounds (0.088 sec)
BEST SCORE FOUND : -2062.562
Creating bootstrap support values...
Split supports printed to NEXUS file examples/10taxon_300genes_4cores_nophylonet//aln_seqs/1_seqgen167.nex.aln.splits.nex
Total tree length: 0.593

Total number of iterations: 102
CPU time used for tree search: 7.756 sec (0h:0m:7s)
Wall-clock time used for tree search: 171.643 sec (0h:2m:51s)
Total CPU time used: 7.961 sec (0h:0m:7s)
Total wall-clock time used: 178.257 sec (0h:2m:58s)

Computing bootstrap consensus tree...
Reading input file examples/10taxon_300genes_4cores_nophylonet//aln_seqs/1_seqgen167.nex.aln.splits.nex...
10 taxa and 36 splits.
Consensus tree written to examples/10taxon_300genes_4cores_nophylonet//aln_seqs/1_seqgen167.nex.aln.contree
Reading input trees file examples/10taxon_300genes_4cores_nophylonet//aln_seqs/1_seqgen167.nex.aln.contree
Log-likelihood of consensus tree: -2062.562

Analysis results written to: 
  IQ-TREE report:                examples/10taxon_300genes_4cores_nophylonet//aln_seqs/1_seqgen167.nex.aln.iqtree
  Maximum-likelihood tree:       examples/10taxon_300genes_4cores_nophylonet//aln_seqs/1_seqgen167.nex.aln.treefile
  Likelihood distances:          examples/10taxon_300genes_4cores_nophylonet//aln_seqs/1_seqgen167.nex.aln.mldist

Ultrafast bootstrap approximation results written to:
  Split support values:          examples/10taxon_300genes_4cores_nophylonet//aln_seqs/1_seqgen167.nex.aln.splits.nex
  Consensus tree:                examples/10taxon_300genes_4cores_nophylonet//aln_seqs/1_seqgen167.nex.aln.contree
  Screen log file:               examples/10taxon_300genes_4cores_nophylonet//aln_seqs/1_seqgen167.nex.aln.log

Date and Time: Sun Feb 24 20:02:57 2019
