IQ-TREE multicore version 1.6.8 for Linux 64-bit built Oct 28 2018
Developed by Bui Quang Minh, Nguyen Lam Tung, Olga Chernomor,
Heiko Schmidt, Dominik Schrempf, Michael Woodhams.

Host:    sango10604.oist.jp (AVX2, FMA3, 125 GB RAM)
Command: iqtree -s examples/10taxon_300genes_4cores_nophylonet//aln_seqs/1_seqgen48.nex.aln -bb 1000 -redo -nt 3 -m MFP
Seed:    332497 (Using SPRNG - Scalable Parallel Random Number Generator)
Time:    Sun Feb 24 19:58:48 2019
Kernel:  AVX+FMA - 3 threads (24 CPU cores detected)

Reading alignment file examples/10taxon_300genes_4cores_nophylonet//aln_seqs/1_seqgen48.nex.aln ... Fasta format detected
Alignment most likely contains DNA/RNA sequences
Alignment has 10 sequences with 500 columns, 131 distinct patterns
94 parsimony-informative, 120 singleton sites, 286 constant sites
    Gap/Ambiguity  Composition  p-value
   1  A     0.00%    passed     79.82%
   2  A0    0.00%    passed     79.04%
   3  A1    0.00%    passed     92.51%
   4  A4    0.00%    passed     90.58%
   5  B     0.00%    passed     85.22%
   6  C     0.00%    passed     85.26%
   7  D     0.00%    passed     90.89%
   8  E     0.00%    passed     69.38%
   9  H     0.00%    passed     98.66%
  10  I     0.00%    passed     98.43%
****  TOTAL    0.00%  0 sequences failed composition chi2 test (p-value<5%; df=3)


Create initial parsimony tree by phylogenetic likelihood library (PLL)... 0.000 seconds
NOTE: ModelFinder requires 0 MB RAM!
ModelFinder will test 286 DNA models (sample size: 500) ...
 No. Model         -LnL         df  AIC          AICc         BIC
WARNING: Number of threads seems too high for short alignments. Use -nt AUTO to determine best number of threads.
  1  JC            2076.025     17  4186.049     4187.319     4257.698
WARNING: Number of threads seems too high for short alignments. Use -nt AUTO to determine best number of threads.
  2  JC+I          2076.025     18  4188.049     4189.471     4263.912
WARNING: Number of threads seems too high for short alignments. Use -nt AUTO to determine best number of threads.
  3  JC+G4         2075.959     18  4187.918     4189.340     4263.780
WARNING: Number of threads seems too high for short alignments. Use -nt AUTO to determine best number of threads.
  4  JC+I+G4       2077.250     19  4192.501     4194.084     4272.578
WARNING: Number of threads seems too high for short alignments. Use -nt AUTO to determine best number of threads.
  5  JC+R2         2076.130     19  4190.261     4191.844     4270.339
WARNING: Number of threads seems too high for short alignments. Use -nt AUTO to determine best number of threads.
  6  JC+R3         2076.081     21  4194.162     4196.095     4282.669
WARNING: Number of threads seems too high for short alignments. Use -nt AUTO to determine best number of threads.
 14  F81+F         2060.180     20  4160.361     4162.114     4244.653
WARNING: Number of threads seems too high for short alignments. Use -nt AUTO to determine best number of threads.
 15  F81+F+I       2060.180     21  4162.361     4164.294     4250.867
WARNING: Number of threads seems too high for short alignments. Use -nt AUTO to determine best number of threads.
 16  F81+F+G4      2060.126     21  4162.252     4164.185     4250.759
WARNING: Number of threads seems too high for short alignments. Use -nt AUTO to determine best number of threads.
 17  F81+F+I+G4    2061.405     22  4166.811     4168.932     4259.532
WARNING: Number of threads seems too high for short alignments. Use -nt AUTO to determine best number of threads.
 18  F81+F+R2      2060.259     22  4164.518     4166.640     4257.240
WARNING: Number of threads seems too high for short alignments. Use -nt AUTO to determine best number of threads.
 19  F81+F+R3      2060.212     24  4168.425     4170.951     4269.575
WARNING: Number of threads seems too high for short alignments. Use -nt AUTO to determine best number of threads.
 27  K2P           2022.413     18  4080.826     4082.248     4156.689
WARNING: Number of threads seems too high for short alignments. Use -nt AUTO to determine best number of threads.
 28  K2P+I         2022.409     19  4082.818     4084.402     4162.896
WARNING: Number of threads seems too high for short alignments. Use -nt AUTO to determine best number of threads.
 29  K2P+G4        2022.242     19  4082.483     4084.067     4162.561
WARNING: Number of threads seems too high for short alignments. Use -nt AUTO to determine best number of threads.
 30  K2P+I+G4      2023.261     20  4086.523     4088.276     4170.815
WARNING: Number of threads seems too high for short alignments. Use -nt AUTO to determine best number of threads.
 31  K2P+R2        2022.291     20  4084.582     4086.335     4168.874
WARNING: Number of threads seems too high for short alignments. Use -nt AUTO to determine best number of threads.
 32  K2P+R3        2022.264     22  4088.528     4090.650     4181.249
WARNING: Number of threads seems too high for short alignments. Use -nt AUTO to determine best number of threads.
 40  HKY+F         2003.748     21  4049.495     4051.428     4138.002
WARNING: Number of threads seems too high for short alignments. Use -nt AUTO to determine best number of threads.
 41  HKY+F+I       2003.747     22  4051.494     4053.615     4144.215
WARNING: Number of threads seems too high for short alignments. Use -nt AUTO to determine best number of threads.
 42  HKY+F+G4      2003.597     22  4051.194     4053.315     4143.915
WARNING: Number of threads seems too high for short alignments. Use -nt AUTO to determine best number of threads.
 43  HKY+F+I+G4    2004.636     23  4055.273     4057.592     4152.209
WARNING: Number of threads seems too high for short alignments. Use -nt AUTO to determine best number of threads.
 44  HKY+F+R2      2003.642     23  4053.285     4055.604     4150.221
WARNING: Number of threads seems too high for short alignments. Use -nt AUTO to determine best number of threads.
 45  HKY+F+R3      2003.614     25  4057.228     4059.971     4162.593
WARNING: Number of threads seems too high for short alignments. Use -nt AUTO to determine best number of threads.
 53  TNe           2021.859     19  4081.719     4083.302     4161.796
WARNING: Number of threads seems too high for short alignments. Use -nt AUTO to determine best number of threads.
 54  TNe+I         2021.854     20  4083.708     4085.462     4168.000
WARNING: Number of threads seems too high for short alignments. Use -nt AUTO to determine best number of threads.
 55  TNe+G4        2021.691     20  4083.383     4085.136     4167.675
WARNING: Number of threads seems too high for short alignments. Use -nt AUTO to determine best number of threads.
 56  TNe+I+G4      2022.594     21  4087.187     4089.120     4175.694
WARNING: Number of threads seems too high for short alignments. Use -nt AUTO to determine best number of threads.
 57  TNe+R2        2021.727     21  4085.454     4087.387     4173.961
WARNING: Number of threads seems too high for short alignments. Use -nt AUTO to determine best number of threads.
 58  TNe+R3        2021.700     23  4089.401     4091.720     4186.337
WARNING: Number of threads seems too high for short alignments. Use -nt AUTO to determine best number of threads.
 66  TN+F          2003.741     22  4051.483     4053.604     4144.204
WARNING: Number of threads seems too high for short alignments. Use -nt AUTO to determine best number of threads.
 67  TN+F+I        2003.740     23  4053.480     4055.800     4150.416
WARNING: Number of threads seems too high for short alignments. Use -nt AUTO to determine best number of threads.
 68  TN+F+G4       2003.591     23  4053.182     4055.501     4150.118
WARNING: Number of threads seems too high for short alignments. Use -nt AUTO to determine best number of threads.
 69  TN+F+I+G4     2004.528     24  4057.056     4059.582     4158.207
WARNING: Number of threads seems too high for short alignments. Use -nt AUTO to determine best number of threads.
 70  TN+F+R2       2003.625     24  4055.250     4057.776     4156.401
WARNING: Number of threads seems too high for short alignments. Use -nt AUTO to determine best number of threads.
 71  TN+F+R3       2003.596     26  4059.191     4062.160     4168.771
WARNING: Number of threads seems too high for short alignments. Use -nt AUTO to determine best number of threads.
 79  K3P           2022.240     19  4082.479     4084.062     4162.557
WARNING: Number of threads seems too high for short alignments. Use -nt AUTO to determine best number of threads.
 80  K3P+I         2022.235     20  4084.471     4086.225     4168.763
WARNING: Number of threads seems too high for short alignments. Use -nt AUTO to determine best number of threads.
 81  K3P+G4        2022.067     20  4084.134     4085.888     4168.426
WARNING: Number of threads seems too high for short alignments. Use -nt AUTO to determine best number of threads.
 82  K3P+I+G4      2022.904     21  4087.809     4089.742     4176.315
WARNING: Number of threads seems too high for short alignments. Use -nt AUTO to determine best number of threads.
 83  K3P+R2        2022.098     21  4086.196     4088.129     4174.703
WARNING: Number of threads seems too high for short alignments. Use -nt AUTO to determine best number of threads.
 84  K3P+R3        2022.067     23  4090.134     4092.453     4187.070
WARNING: Number of threads seems too high for short alignments. Use -nt AUTO to determine best number of threads.
 92  K3Pu+F        2003.736     22  4051.471     4053.593     4144.192
WARNING: Number of threads seems too high for short alignments. Use -nt AUTO to determine best number of threads.
 93  K3Pu+F+I      2003.735     23  4053.469     4055.789     4150.405
WARNING: Number of threads seems too high for short alignments. Use -nt AUTO to determine best number of threads.
 94  K3Pu+F+G4     2003.585     23  4053.170     4055.490     4150.106
WARNING: Number of threads seems too high for short alignments. Use -nt AUTO to determine best number of threads.
 95  K3Pu+F+I+G4   2004.444     24  4056.888     4059.414     4158.039
WARNING: Number of threads seems too high for short alignments. Use -nt AUTO to determine best number of threads.
 96  K3Pu+F+R2     2003.614     24  4055.229     4057.755     4156.379
WARNING: Number of threads seems too high for short alignments. Use -nt AUTO to determine best number of threads.
 97  K3Pu+F+R3     2003.581     26  4059.163     4062.131     4168.743
WARNING: Number of threads seems too high for short alignments. Use -nt AUTO to determine best number of threads.
105  TPM2+F        2003.586     22  4051.173     4053.294     4143.894
WARNING: Number of threads seems too high for short alignments. Use -nt AUTO to determine best number of threads.
106  TPM2+F+I      2003.585     23  4053.170     4055.489     4150.106
WARNING: Number of threads seems too high for short alignments. Use -nt AUTO to determine best number of threads.
107  TPM2+F+G4     2003.433     23  4052.865     4055.185     4149.801
WARNING: Number of threads seems too high for short alignments. Use -nt AUTO to determine best number of threads.
108  TPM2+F+I+G4   2004.243     24  4056.486     4059.013     4157.637
WARNING: Number of threads seems too high for short alignments. Use -nt AUTO to determine best number of threads.
109  TPM2+F+R2     2003.460     24  4054.919     4057.445     4156.070
WARNING: Number of threads seems too high for short alignments. Use -nt AUTO to determine best number of threads.
110  TPM2+F+R3     2003.425     26  4058.850     4061.818     4168.429
WARNING: Number of threads seems too high for short alignments. Use -nt AUTO to determine best number of threads.
118  TPM2u+F       2003.587     22  4051.173     4053.295     4143.894
WARNING: Number of threads seems too high for short alignments. Use -nt AUTO to determine best number of threads.
119  TPM2u+F+I     2003.585     23  4053.170     4055.489     4150.106
WARNING: Number of threads seems too high for short alignments. Use -nt AUTO to determine best number of threads.
120  TPM2u+F+G4    2003.432     23  4052.865     4055.184     4149.801
WARNING: Number of threads seems too high for short alignments. Use -nt AUTO to determine best number of threads.
121  TPM2u+F+I+G4  2004.209     24  4056.417     4058.944     4157.568
WARNING: Number of threads seems too high for short alignments. Use -nt AUTO to determine best number of threads.
122  TPM2u+F+R2    2003.458     24  4054.916     4057.443     4156.067
WARNING: Number of threads seems too high for short alignments. Use -nt AUTO to determine best number of threads.
123  TPM2u+F+R3    2003.421     26  4058.843     4061.811     4168.422
WARNING: Number of threads seems too high for short alignments. Use -nt AUTO to determine best number of threads.
131  TPM3+F        2003.688     22  4051.375     4053.497     4144.097
WARNING: Number of threads seems too high for short alignments. Use -nt AUTO to determine best number of threads.
132  TPM3+F+I      2003.686     23  4053.373     4055.692     4150.309
WARNING: Number of threads seems too high for short alignments. Use -nt AUTO to determine best number of threads.
133  TPM3+F+G4     2003.536     23  4053.071     4055.391     4150.007
WARNING: Number of threads seems too high for short alignments. Use -nt AUTO to determine best number of threads.
134  TPM3+F+I+G4   2004.284     24  4056.568     4059.095     4157.719
WARNING: Number of threads seems too high for short alignments. Use -nt AUTO to determine best number of threads.
135  TPM3+F+R2     2003.560     24  4055.120     4057.647     4156.271
WARNING: Number of threads seems too high for short alignments. Use -nt AUTO to determine best number of threads.
136  TPM3+F+R3     2003.522     26  4059.043     4062.012     4168.623
WARNING: Number of threads seems too high for short alignments. Use -nt AUTO to determine best number of threads.
144  TPM3u+F       2003.688     22  4051.376     4053.497     4144.097
WARNING: Number of threads seems too high for short alignments. Use -nt AUTO to determine best number of threads.
145  TPM3u+F+I     2003.686     23  4053.373     4055.692     4150.309
WARNING: Number of threads seems too high for short alignments. Use -nt AUTO to determine best number of threads.
146  TPM3u+F+G4    2003.536     23  4053.071     4055.390     4150.007
WARNING: Number of threads seems too high for short alignments. Use -nt AUTO to determine best number of threads.
147  TPM3u+F+I+G4  2004.255     24  4056.510     4059.036     4157.660
WARNING: Number of threads seems too high for short alignments. Use -nt AUTO to determine best number of threads.
148  TPM3u+F+R2    2003.559     24  4055.119     4057.645     4156.269
WARNING: Number of threads seems too high for short alignments. Use -nt AUTO to determine best number of threads.
149  TPM3u+F+R3    2003.519     26  4059.038     4062.006     4168.617
WARNING: Number of threads seems too high for short alignments. Use -nt AUTO to determine best number of threads.
157  TIMe          2021.687     20  4083.374     4085.128     4167.666
WARNING: Number of threads seems too high for short alignments. Use -nt AUTO to determine best number of threads.
158  TIMe+I        2021.682     21  4085.364     4087.297     4173.871
WARNING: Number of threads seems too high for short alignments. Use -nt AUTO to determine best number of threads.
159  TIMe+G4       2021.519     21  4085.037     4086.970     4173.544
WARNING: Number of threads seems too high for short alignments. Use -nt AUTO to determine best number of threads.
160  TIMe+I+G4     2022.158     22  4088.316     4090.437     4181.037
WARNING: Number of threads seems too high for short alignments. Use -nt AUTO to determine best number of threads.
161  TIMe+R2       2021.543     22  4087.085     4089.207     4179.807
WARNING: Number of threads seems too high for short alignments. Use -nt AUTO to determine best number of threads.
162  TIMe+R3       2021.500     24  4090.999     4093.525     4192.150
WARNING: Number of threads seems too high for short alignments. Use -nt AUTO to determine best number of threads.
170  TIM+F         2003.729     23  4053.459     4055.778     4150.395
WARNING: Number of threads seems too high for short alignments. Use -nt AUTO to determine best number of threads.
171  TIM+F+I       2003.728     24  4055.457     4057.983     4156.607
WARNING: Number of threads seems too high for short alignments. Use -nt AUTO to determine best number of threads.
172  TIM+F+G4      2003.579     24  4055.158     4057.685     4156.309
WARNING: Number of threads seems too high for short alignments. Use -nt AUTO to determine best number of threads.
173  TIM+F+I+G4    2004.252     25  4058.504     4061.247     4163.869
WARNING: Number of threads seems too high for short alignments. Use -nt AUTO to determine best number of threads.
174  TIM+F+R2      2003.602     25  4057.204     4059.947     4162.569
WARNING: Number of threads seems too high for short alignments. Use -nt AUTO to determine best number of threads.
175  TIM+F+R3      2003.558     27  4061.115     4064.319     4174.910
WARNING: Number of threads seems too high for short alignments. Use -nt AUTO to determine best number of threads.
183  TIM2e         2020.600     20  4081.199     4082.953     4165.491
WARNING: Number of threads seems too high for short alignments. Use -nt AUTO to determine best number of threads.
184  TIM2e+I       2020.583     21  4083.166     4085.099     4171.673
WARNING: Number of threads seems too high for short alignments. Use -nt AUTO to determine best number of threads.
185  TIM2e+G4      2020.385     21  4082.770     4084.703     4171.277
WARNING: Number of threads seems too high for short alignments. Use -nt AUTO to determine best number of threads.
186  TIM2e+I+G4    2020.943     22  4085.885     4088.007     4178.607
WARNING: Number of threads seems too high for short alignments. Use -nt AUTO to determine best number of threads.
187  TIM2e+R2      2020.416     22  4084.831     4086.953     4177.553
WARNING: Number of threads seems too high for short alignments. Use -nt AUTO to determine best number of threads.
188  TIM2e+R3      2020.362     24  4088.724     4091.250     4189.874
WARNING: Number of threads seems too high for short alignments. Use -nt AUTO to determine best number of threads.
196  TIM2+F        2003.580     23  4053.160     4055.479     4150.096
WARNING: Number of threads seems too high for short alignments. Use -nt AUTO to determine best number of threads.
197  TIM2+F+I      2003.579     24  4055.157     4057.683     4156.308
WARNING: Number of threads seems too high for short alignments. Use -nt AUTO to determine best number of threads.
198  TIM2+F+G4     2003.426     24  4054.852     4057.379     4156.003
WARNING: Number of threads seems too high for short alignments. Use -nt AUTO to determine best number of threads.
199  TIM2+F+I+G4   2004.048     25  4058.096     4060.838     4163.461
WARNING: Number of threads seems too high for short alignments. Use -nt AUTO to determine best number of threads.
200  TIM2+F+R2     2003.449     25  4056.898     4059.641     4162.263
WARNING: Number of threads seems too high for short alignments. Use -nt AUTO to determine best number of threads.
201  TIM2+F+R3     2003.401     27  4060.801     4064.005     4174.596
WARNING: Number of threads seems too high for short alignments. Use -nt AUTO to determine best number of threads.
209  TIM3e         2021.664     20  4083.329     4085.083     4167.621
WARNING: Number of threads seems too high for short alignments. Use -nt AUTO to determine best number of threads.
210  TIM3e+I       2021.657     21  4085.314     4087.247     4173.821
WARNING: Number of threads seems too high for short alignments. Use -nt AUTO to determine best number of threads.
211  TIM3e+G4      2021.481     21  4084.962     4086.895     4173.469
WARNING: Number of threads seems too high for short alignments. Use -nt AUTO to determine best number of threads.
212  TIM3e+I+G4    2022.034     22  4088.069     4090.191     4180.790
WARNING: Number of threads seems too high for short alignments. Use -nt AUTO to determine best number of threads.
213  TIM3e+R2      2021.507     22  4087.013     4089.135     4179.735
WARNING: Number of threads seems too high for short alignments. Use -nt AUTO to determine best number of threads.
214  TIM3e+R3      2021.453     24  4090.906     4093.432     4192.056
WARNING: Number of threads seems too high for short alignments. Use -nt AUTO to determine best number of threads.
222  TIM3+F        2003.681     23  4053.362     4055.682     4150.298
WARNING: Number of threads seems too high for short alignments. Use -nt AUTO to determine best number of threads.
223  TIM3+F+I      2003.680     24  4055.360     4057.886     4156.510
WARNING: Number of threads seems too high for short alignments. Use -nt AUTO to determine best number of threads.
224  TIM3+F+G4     2003.529     24  4055.058     4057.585     4156.209
WARNING: Number of threads seems too high for short alignments. Use -nt AUTO to determine best number of threads.
225  TIM3+F+I+G4   2004.116     25  4058.231     4060.974     4163.596
WARNING: Number of threads seems too high for short alignments. Use -nt AUTO to determine best number of threads.
226  TIM3+F+R2     2003.551     25  4057.103     4059.845     4162.468
WARNING: Number of threads seems too high for short alignments. Use -nt AUTO to determine best number of threads.
227  TIM3+F+R3     2003.501     27  4061.001     4064.205     4174.796
WARNING: Number of threads seems too high for short alignments. Use -nt AUTO to determine best number of threads.
235  TVMe          2020.913     21  4083.826     4085.759     4172.333
WARNING: Number of threads seems too high for short alignments. Use -nt AUTO to determine best number of threads.
236  TVMe+I        2020.894     22  4085.789     4087.910     4178.510
WARNING: Number of threads seems too high for short alignments. Use -nt AUTO to determine best number of threads.
237  TVMe+G4       2020.677     22  4085.353     4087.475     4178.075
WARNING: Number of threads seems too high for short alignments. Use -nt AUTO to determine best number of threads.
238  TVMe+I+G4     2021.182     23  4088.365     4090.684     4185.301
WARNING: Number of threads seems too high for short alignments. Use -nt AUTO to determine best number of threads.
239  TVMe+R2       2020.713     23  4087.425     4089.745     4184.361
WARNING: Number of threads seems too high for short alignments. Use -nt AUTO to determine best number of threads.
240  TVMe+R3       2020.644     25  4091.288     4094.030     4196.653
WARNING: Number of threads seems too high for short alignments. Use -nt AUTO to determine best number of threads.
248  TVM+F         2003.519     24  4055.038     4057.565     4156.189
WARNING: Number of threads seems too high for short alignments. Use -nt AUTO to determine best number of threads.
249  TVM+F+I       2003.517     25  4057.034     4059.777     4162.400
WARNING: Number of threads seems too high for short alignments. Use -nt AUTO to determine best number of threads.
250  TVM+F+G4      2003.364     25  4056.729     4059.471     4162.094
WARNING: Number of threads seems too high for short alignments. Use -nt AUTO to determine best number of threads.
251  TVM+F+I+G4    2003.914     26  4059.829     4062.797     4169.408
WARNING: Number of threads seems too high for short alignments. Use -nt AUTO to determine best number of threads.
252  TVM+F+R2      2003.386     26  4058.773     4061.741     4168.353
WARNING: Number of threads seems too high for short alignments. Use -nt AUTO to determine best number of threads.
253  TVM+F+R3      2003.333     28  4062.666     4066.114     4180.675
WARNING: Number of threads seems too high for short alignments. Use -nt AUTO to determine best number of threads.
261  SYM           2020.365     22  4084.731     4086.852     4177.452
WARNING: Number of threads seems too high for short alignments. Use -nt AUTO to determine best number of threads.
262  SYM+I         2020.345     23  4086.691     4089.010     4183.627
WARNING: Number of threads seems too high for short alignments. Use -nt AUTO to determine best number of threads.
263  SYM+G4        2020.135     23  4086.271     4088.590     4183.207
WARNING: Number of threads seems too high for short alignments. Use -nt AUTO to determine best number of threads.
264  SYM+I+G4      2020.606     24  4089.212     4091.739     4190.363
WARNING: Number of threads seems too high for short alignments. Use -nt AUTO to determine best number of threads.
265  SYM+R2        2020.169     24  4088.337     4090.864     4189.488
WARNING: Number of threads seems too high for short alignments. Use -nt AUTO to determine best number of threads.
266  SYM+R3        2020.099     26  4092.199     4095.167     4201.779
WARNING: Number of threads seems too high for short alignments. Use -nt AUTO to determine best number of threads.
274  GTR+F         2003.513     25  4057.026     4059.769     4162.391
WARNING: Number of threads seems too high for short alignments. Use -nt AUTO to determine best number of threads.
275  GTR+F+I       2003.511     26  4059.022     4061.990     4168.602
WARNING: Number of threads seems too high for short alignments. Use -nt AUTO to determine best number of threads.
276  GTR+F+G4      2003.357     26  4058.714     4061.683     4168.294
WARNING: Number of threads seems too high for short alignments. Use -nt AUTO to determine best number of threads.
277  GTR+F+I+G4    2003.877     27  4061.754     4064.957     4175.548
WARNING: Number of threads seems too high for short alignments. Use -nt AUTO to determine best number of threads.
278  GTR+F+R2      2003.380     27  4060.760     4063.963     4174.554
WARNING: Number of threads seems too high for short alignments. Use -nt AUTO to determine best number of threads.
279  GTR+F+R3      2003.325     29  4064.650     4068.352     4186.873
Akaike Information Criterion:           HKY+F
Corrected Akaike Information Criterion: HKY+F
Bayesian Information Criterion:         HKY+F
Best-fit model: HKY+F chosen according to BIC

All model information printed to examples/10taxon_300genes_4cores_nophylonet//aln_seqs/1_seqgen48.nex.aln.model.gz
CPU time for ModelFinder: 5.574 seconds (0h:0m:5s)
Wall-clock time for ModelFinder: 133.808 seconds (0h:2m:13s)
Generating 1000 samples for ultrafast bootstrap (seed: 332497)...

NOTE: 0 MB RAM (0 GB) is required!
WARNING: Number of threads seems too high for short alignments. Use -nt AUTO to determine best number of threads.
Estimate model parameters (epsilon = 0.100)
1. Initial log-likelihood: -2060.392
2. Current log-likelihood: -2057.195
3. Current log-likelihood: -2041.007
4. Current log-likelihood: -2020.844
5. Current log-likelihood: -2003.792
Optimal log-likelihood: -2003.748
Rate parameters:  A-C: 1.00000  A-G: 3.88555  A-T: 1.00000  C-G: 1.00000  C-T: 3.88555  G-T: 1.00000
Base frequencies:  A: 0.274  C: 0.212  G: 0.185  T: 0.328
Parameters optimization took 5 rounds (1.033 sec)
Computing ML distances based on estimated model parameters... 0.001 sec
Computing BIONJ tree...
0.107 seconds
Log-likelihood of BIONJ tree: -2003.748
--------------------------------------------------------------------
|             INITIALIZING CANDIDATE TREE SET                      |
--------------------------------------------------------------------
Generating 99 parsimony trees... 1.795 second
Computing log-likelihood of 90 initial trees ... 14.158 seconds
Current best score: -2003.748

Do NNI search on 20 best initial trees
Estimate model parameters (epsilon = 0.100)
BETTER TREE FOUND at iteration 1: -2003.748
Iteration 10 / LogL: -2003.748 / Time: 0h:0m:29s
Iteration 20 / LogL: -2005.877 / Time: 0h:0m:45s
Finish initializing candidate tree set (2)
Current best tree score: -2003.748 / CPU time: 43.689
Number of iterations: 20
--------------------------------------------------------------------
|               OPTIMIZING CANDIDATE TREE SET                      |
--------------------------------------------------------------------
Iteration 30 / LogL: -2005.900 / Time: 0h:1m:6s (0h:2m:41s left)
UPDATE BEST LOG-LIKELIHOOD: -2003.748
Iteration 40 / LogL: -2003.751 / Time: 0h:1m:37s (0h:2m:31s left)
Iteration 50 / LogL: -2003.748 / Time: 0h:2m:6s (0h:2m:11s left)
Log-likelihood cutoff on original alignment: -2027.480
Iteration 60 / LogL: -2005.877 / Time: 0h:2m:30s (0h:1m:44s left)
Iteration 70 / LogL: -2003.752 / Time: 0h:2m:38s (0h:1m:11s left)
Iteration 80 / LogL: -2005.876 / Time: 0h:2m:41s (0h:0m:42s left)
Iteration 90 / LogL: -2005.877 / Time: 0h:2m:42s (0h:0m:20s left)
Iteration 100 / LogL: -2003.748 / Time: 0h:2m:42s (0h:0m:1s left)
Log-likelihood cutoff on original alignment: -2027.449
NOTE: Bootstrap correlation coefficient of split occurrence frequencies: 0.999
TREE SEARCH COMPLETED AFTER 102 ITERATIONS / Time: 0h:2m:43s

--------------------------------------------------------------------
|                    FINALIZING TREE SEARCH                        |
--------------------------------------------------------------------
Performs final model parameters optimization
Estimate model parameters (epsilon = 0.010)
1. Initial log-likelihood: -2003.748
Optimal log-likelihood: -2003.748
Rate parameters:  A-C: 1.00000  A-G: 3.88471  A-T: 1.00000  C-G: 1.00000  C-T: 3.88471  G-T: 1.00000
Base frequencies:  A: 0.274  C: 0.212  G: 0.185  T: 0.328
Parameters optimization took 1 rounds (0.007 sec)
BEST SCORE FOUND : -2003.748
Creating bootstrap support values...
Split supports printed to NEXUS file examples/10taxon_300genes_4cores_nophylonet//aln_seqs/1_seqgen48.nex.aln.splits.nex
Total tree length: 0.570

Total number of iterations: 102
CPU time used for tree search: 13.130 sec (0h:0m:13s)
Wall-clock time used for tree search: 160.810 sec (0h:2m:40s)
Total CPU time used: 13.281 sec (0h:0m:13s)
Total wall-clock time used: 163.097 sec (0h:2m:43s)

Computing bootstrap consensus tree...
Reading input file examples/10taxon_300genes_4cores_nophylonet//aln_seqs/1_seqgen48.nex.aln.splits.nex...
10 taxa and 29 splits.
Consensus tree written to examples/10taxon_300genes_4cores_nophylonet//aln_seqs/1_seqgen48.nex.aln.contree
Reading input trees file examples/10taxon_300genes_4cores_nophylonet//aln_seqs/1_seqgen48.nex.aln.contree
Log-likelihood of consensus tree: -2003.748

Analysis results written to: 
  IQ-TREE report:                examples/10taxon_300genes_4cores_nophylonet//aln_seqs/1_seqgen48.nex.aln.iqtree
  Maximum-likelihood tree:       examples/10taxon_300genes_4cores_nophylonet//aln_seqs/1_seqgen48.nex.aln.treefile
  Likelihood distances:          examples/10taxon_300genes_4cores_nophylonet//aln_seqs/1_seqgen48.nex.aln.mldist

Ultrafast bootstrap approximation results written to:
  Split support values:          examples/10taxon_300genes_4cores_nophylonet//aln_seqs/1_seqgen48.nex.aln.splits.nex
  Consensus tree:                examples/10taxon_300genes_4cores_nophylonet//aln_seqs/1_seqgen48.nex.aln.contree
  Screen log file:               examples/10taxon_300genes_4cores_nophylonet//aln_seqs/1_seqgen48.nex.aln.log

Date and Time: Sun Feb 24 20:03:45 2019
