IQ-TREE multicore version 1.6.8 for Linux 64-bit built Oct 28 2018
Developed by Bui Quang Minh, Nguyen Lam Tung, Olga Chernomor,
Heiko Schmidt, Dominik Schrempf, Michael Woodhams.

Host:    sango10604.oist.jp (AVX2, FMA3, 125 GB RAM)
Command: iqtree -s examples/10taxon_300genes_4cores_nophylonet//aln_seqs/1_seqgen20.nex.aln -bb 1000 -redo -nt 3 -m MFP
Seed:    115710 (Using SPRNG - Scalable Parallel Random Number Generator)
Time:    Sun Feb 24 19:58:50 2019
Kernel:  AVX+FMA - 3 threads (24 CPU cores detected)

Reading alignment file examples/10taxon_300genes_4cores_nophylonet//aln_seqs/1_seqgen20.nex.aln ... Fasta format detected
Alignment most likely contains DNA/RNA sequences
Alignment has 10 sequences with 500 columns, 129 distinct patterns
101 parsimony-informative, 113 singleton sites, 286 constant sites
    Gap/Ambiguity  Composition  p-value
   1  A     0.00%    passed     92.08%
   2  A0    0.00%    passed     85.07%
   3  A1    0.00%    passed     89.51%
   4  A4    0.00%    passed     98.31%
   5  B     0.00%    passed     91.06%
   6  C     0.00%    passed     89.18%
   7  D     0.00%    passed     82.96%
   8  E     0.00%    passed     92.22%
   9  H     0.00%    passed     84.73%
  10  I     0.00%    passed     94.55%
****  TOTAL    0.00%  0 sequences failed composition chi2 test (p-value<5%; df=3)


Create initial parsimony tree by phylogenetic likelihood library (PLL)... 0.000 seconds
NOTE: ModelFinder requires 0 MB RAM!
ModelFinder will test 286 DNA models (sample size: 500) ...
 No. Model         -LnL         df  AIC          AICc         BIC
WARNING: Number of threads seems too high for short alignments. Use -nt AUTO to determine best number of threads.
  1  JC            2078.058     17  4190.115     4191.385     4261.764
WARNING: Number of threads seems too high for short alignments. Use -nt AUTO to determine best number of threads.
  2  JC+I          2077.913     18  4191.826     4193.248     4267.689
WARNING: Number of threads seems too high for short alignments. Use -nt AUTO to determine best number of threads.
  3  JC+G4         2078.058     18  4192.116     4193.538     4267.979
WARNING: Number of threads seems too high for short alignments. Use -nt AUTO to determine best number of threads.
  4  JC+I+G4       2078.845     19  4195.691     4197.274     4275.769
WARNING: Number of threads seems too high for short alignments. Use -nt AUTO to determine best number of threads.
  5  JC+R2         2078.319     19  4194.639     4196.222     4274.717
WARNING: Number of threads seems too high for short alignments. Use -nt AUTO to determine best number of threads.
  6  JC+R3         2078.273     21  4198.546     4200.479     4287.053
WARNING: Number of threads seems too high for short alignments. Use -nt AUTO to determine best number of threads.
 14  F81+F         2058.397     20  4156.794     4158.548     4241.086
WARNING: Number of threads seems too high for short alignments. Use -nt AUTO to determine best number of threads.
 15  F81+F+I       2058.312     21  4158.624     4160.557     4247.131
WARNING: Number of threads seems too high for short alignments. Use -nt AUTO to determine best number of threads.
 16  F81+F+G4      2058.398     21  4158.796     4160.729     4247.303
WARNING: Number of threads seems too high for short alignments. Use -nt AUTO to determine best number of threads.
 17  F81+F+I+G4    2059.262     22  4162.525     4164.646     4255.246
WARNING: Number of threads seems too high for short alignments. Use -nt AUTO to determine best number of threads.
 18  F81+F+R2      2058.680     22  4161.360     4163.481     4254.081
WARNING: Number of threads seems too high for short alignments. Use -nt AUTO to determine best number of threads.
 19  F81+F+R3      2058.628     24  4165.257     4167.783     4266.407
WARNING: Number of threads seems too high for short alignments. Use -nt AUTO to determine best number of threads.
 27  K2P           2016.588     18  4069.177     4070.599     4145.040
WARNING: Number of threads seems too high for short alignments. Use -nt AUTO to determine best number of threads.
 28  K2P+I         2016.213     19  4070.426     4072.009     4150.503
WARNING: Number of threads seems too high for short alignments. Use -nt AUTO to determine best number of threads.
 29  K2P+G4        2016.529     19  4071.057     4072.641     4151.135
WARNING: Number of threads seems too high for short alignments. Use -nt AUTO to determine best number of threads.
 30  K2P+I+G4      2016.587     20  4073.173     4074.927     4157.465
WARNING: Number of threads seems too high for short alignments. Use -nt AUTO to determine best number of threads.
 31  K2P+R2        2016.527     20  4073.054     4074.808     4157.346
WARNING: Number of threads seems too high for short alignments. Use -nt AUTO to determine best number of threads.
 32  K2P+R3        2016.468     22  4076.936     4079.058     4169.658
WARNING: Number of threads seems too high for short alignments. Use -nt AUTO to determine best number of threads.
 40  HKY+F         1989.219     21  4020.438     4022.371     4108.945
WARNING: Number of threads seems too high for short alignments. Use -nt AUTO to determine best number of threads.
 41  HKY+F+I       1988.884     22  4021.769     4023.891     4114.490
WARNING: Number of threads seems too high for short alignments. Use -nt AUTO to determine best number of threads.
 42  HKY+F+G4      1989.188     22  4022.375     4024.497     4115.096
WARNING: Number of threads seems too high for short alignments. Use -nt AUTO to determine best number of threads.
 43  HKY+F+I+G4    1989.316     23  4024.631     4026.951     4121.567
WARNING: Number of threads seems too high for short alignments. Use -nt AUTO to determine best number of threads.
 44  HKY+F+R2      1989.206     23  4024.411     4026.731     4121.347
WARNING: Number of threads seems too high for short alignments. Use -nt AUTO to determine best number of threads.
 45  HKY+F+R3      1989.142     25  4028.285     4031.027     4133.650
WARNING: Number of threads seems too high for short alignments. Use -nt AUTO to determine best number of threads.
 53  TNe           2016.527     19  4071.053     4072.637     4151.131
WARNING: Number of threads seems too high for short alignments. Use -nt AUTO to determine best number of threads.
 54  TNe+I         2016.170     20  4072.340     4074.093     4156.632
WARNING: Number of threads seems too high for short alignments. Use -nt AUTO to determine best number of threads.
 55  TNe+G4        2016.469     20  4072.939     4074.692     4157.231
WARNING: Number of threads seems too high for short alignments. Use -nt AUTO to determine best number of threads.
 56  TNe+I+G4      2016.498     21  4074.997     4076.930     4163.503
WARNING: Number of threads seems too high for short alignments. Use -nt AUTO to determine best number of threads.
 57  TNe+R2        2016.465     21  4074.930     4076.863     4163.437
WARNING: Number of threads seems too high for short alignments. Use -nt AUTO to determine best number of threads.
 58  TNe+R3        2016.407     23  4078.814     4081.133     4175.750
WARNING: Number of threads seems too high for short alignments. Use -nt AUTO to determine best number of threads.
 66  TN+F          1988.567     22  4021.134     4023.255     4113.855
WARNING: Number of threads seems too high for short alignments. Use -nt AUTO to determine best number of threads.
 67  TN+F+I        1988.272     23  4022.544     4024.863     4119.480
WARNING: Number of threads seems too high for short alignments. Use -nt AUTO to determine best number of threads.
 68  TN+F+G4       1988.535     23  4023.070     4025.389     4120.006
WARNING: Number of threads seems too high for short alignments. Use -nt AUTO to determine best number of threads.
 69  TN+F+I+G4     1988.683     24  4025.366     4027.893     4126.517
WARNING: Number of threads seems too high for short alignments. Use -nt AUTO to determine best number of threads.
 70  TN+F+R2       1988.546     24  4025.093     4027.619     4126.243
WARNING: Number of threads seems too high for short alignments. Use -nt AUTO to determine best number of threads.
 71  TN+F+R3       1988.490     26  4028.980     4031.949     4138.560
WARNING: Number of threads seems too high for short alignments. Use -nt AUTO to determine best number of threads.
 79  K3P           2016.566     19  4071.132     4072.715     4151.209
WARNING: Number of threads seems too high for short alignments. Use -nt AUTO to determine best number of threads.
 80  K3P+I         2016.187     20  4072.373     4074.127     4156.665
WARNING: Number of threads seems too high for short alignments. Use -nt AUTO to determine best number of threads.
 81  K3P+G4        2016.503     20  4073.007     4074.761     4157.299
WARNING: Number of threads seems too high for short alignments. Use -nt AUTO to determine best number of threads.
 82  K3P+I+G4      2016.449     21  4074.897     4076.830     4163.404
WARNING: Number of threads seems too high for short alignments. Use -nt AUTO to determine best number of threads.
 83  K3P+R2        2016.490     21  4074.981     4076.914     4163.488
WARNING: Number of threads seems too high for short alignments. Use -nt AUTO to determine best number of threads.
 84  K3P+R3        2016.430     23  4078.859     4081.178     4175.795
WARNING: Number of threads seems too high for short alignments. Use -nt AUTO to determine best number of threads.
 92  K3Pu+F        1988.671     22  4021.343     4023.464     4114.064
WARNING: Number of threads seems too high for short alignments. Use -nt AUTO to determine best number of threads.
 93  K3Pu+F+I      1988.313     23  4022.626     4024.945     4119.562
WARNING: Number of threads seems too high for short alignments. Use -nt AUTO to determine best number of threads.
 94  K3Pu+F+G4     1988.631     23  4023.263     4025.582     4120.199
WARNING: Number of threads seems too high for short alignments. Use -nt AUTO to determine best number of threads.
 95  K3Pu+F+I+G4   1988.610     24  4025.220     4027.747     4126.371
WARNING: Number of threads seems too high for short alignments. Use -nt AUTO to determine best number of threads.
 96  K3Pu+F+R2     1988.628     24  4025.255     4027.781     4126.406
WARNING: Number of threads seems too high for short alignments. Use -nt AUTO to determine best number of threads.
 97  K3Pu+F+R3     1988.562     26  4029.123     4032.091     4138.703
WARNING: Number of threads seems too high for short alignments. Use -nt AUTO to determine best number of threads.
105  TPM2+F        1989.056     22  4022.113     4024.234     4114.834
WARNING: Number of threads seems too high for short alignments. Use -nt AUTO to determine best number of threads.
106  TPM2+F+I      1988.708     23  4023.416     4025.735     4120.352
WARNING: Number of threads seems too high for short alignments. Use -nt AUTO to determine best number of threads.
107  TPM2+F+G4     1989.017     23  4024.034     4026.354     4120.970
WARNING: Number of threads seems too high for short alignments. Use -nt AUTO to determine best number of threads.
108  TPM2+F+I+G4   1988.993     24  4025.987     4028.513     4127.137
WARNING: Number of threads seems too high for short alignments. Use -nt AUTO to determine best number of threads.
109  TPM2+F+R2     1989.012     24  4026.024     4028.550     4127.175
WARNING: Number of threads seems too high for short alignments. Use -nt AUTO to determine best number of threads.
110  TPM2+F+R3     1988.949     26  4029.897     4032.865     4139.477
WARNING: Number of threads seems too high for short alignments. Use -nt AUTO to determine best number of threads.
118  TPM2u+F       1989.056     22  4022.113     4024.234     4114.834
WARNING: Number of threads seems too high for short alignments. Use -nt AUTO to determine best number of threads.
119  TPM2u+F+I     1988.708     23  4023.416     4025.735     4120.352
WARNING: Number of threads seems too high for short alignments. Use -nt AUTO to determine best number of threads.
120  TPM2u+F+G4    1989.017     23  4024.034     4026.353     4120.970
WARNING: Number of threads seems too high for short alignments. Use -nt AUTO to determine best number of threads.
121  TPM2u+F+I+G4  1988.973     24  4025.945     4028.472     4127.096
WARNING: Number of threads seems too high for short alignments. Use -nt AUTO to determine best number of threads.
122  TPM2u+F+R2    1989.010     24  4026.021     4028.547     4127.171
WARNING: Number of threads seems too high for short alignments. Use -nt AUTO to determine best number of threads.
123  TPM2u+F+R3    1988.947     26  4029.894     4032.862     4139.474
WARNING: Number of threads seems too high for short alignments. Use -nt AUTO to determine best number of threads.
131  TPM3+F        1988.853     22  4021.705     4023.827     4114.427
WARNING: Number of threads seems too high for short alignments. Use -nt AUTO to determine best number of threads.
132  TPM3+F+I      1988.521     23  4023.043     4025.362     4119.979
WARNING: Number of threads seems too high for short alignments. Use -nt AUTO to determine best number of threads.
133  TPM3+F+G4     1988.825     23  4023.651     4025.970     4120.587
WARNING: Number of threads seems too high for short alignments. Use -nt AUTO to determine best number of threads.
134  TPM3+F+I+G4   1988.785     24  4025.571     4028.097     4126.721
WARNING: Number of threads seems too high for short alignments. Use -nt AUTO to determine best number of threads.
135  TPM3+F+R2     1988.825     24  4025.650     4028.177     4126.801
WARNING: Number of threads seems too high for short alignments. Use -nt AUTO to determine best number of threads.
136  TPM3+F+R3     1988.764     26  4029.528     4032.496     4139.107
WARNING: Number of threads seems too high for short alignments. Use -nt AUTO to determine best number of threads.
144  TPM3u+F       1988.853     22  4021.706     4023.828     4114.427
WARNING: Number of threads seems too high for short alignments. Use -nt AUTO to determine best number of threads.
145  TPM3u+F+I     1988.521     23  4023.043     4025.362     4119.979
WARNING: Number of threads seems too high for short alignments. Use -nt AUTO to determine best number of threads.
146  TPM3u+F+G4    1988.825     23  4023.651     4025.970     4120.587
WARNING: Number of threads seems too high for short alignments. Use -nt AUTO to determine best number of threads.
147  TPM3u+F+I+G4  1988.767     24  4025.534     4028.060     4126.685
WARNING: Number of threads seems too high for short alignments. Use -nt AUTO to determine best number of threads.
148  TPM3u+F+R2    1988.823     24  4025.646     4028.173     4126.797
WARNING: Number of threads seems too high for short alignments. Use -nt AUTO to determine best number of threads.
149  TPM3u+F+R3    1988.762     26  4029.525     4032.493     4139.105
WARNING: Number of threads seems too high for short alignments. Use -nt AUTO to determine best number of threads.
157  TIMe          2016.504     20  4073.007     4074.761     4157.299
WARNING: Number of threads seems too high for short alignments. Use -nt AUTO to determine best number of threads.
158  TIMe+I        2016.143     21  4074.286     4076.219     4162.793
WARNING: Number of threads seems too high for short alignments. Use -nt AUTO to determine best number of threads.
159  TIMe+G4       2016.445     21  4074.889     4076.822     4163.396
WARNING: Number of threads seems too high for short alignments. Use -nt AUTO to determine best number of threads.
160  TIMe+I+G4     2016.315     22  4076.631     4078.752     4169.352
WARNING: Number of threads seems too high for short alignments. Use -nt AUTO to determine best number of threads.
161  TIMe+R2       2016.428     22  4076.857     4078.978     4169.578
WARNING: Number of threads seems too high for short alignments. Use -nt AUTO to determine best number of threads.
162  TIMe+R3       2016.368     24  4080.737     4083.263     4181.887
WARNING: Number of threads seems too high for short alignments. Use -nt AUTO to determine best number of threads.
170  TIM+F         1988.014     23  4022.027     4024.346     4118.963
WARNING: Number of threads seems too high for short alignments. Use -nt AUTO to determine best number of threads.
171  TIM+F+I       1987.695     24  4023.390     4025.916     4124.540
WARNING: Number of threads seems too high for short alignments. Use -nt AUTO to determine best number of threads.
172  TIM+F+G4      1987.972     24  4023.944     4026.471     4125.095
WARNING: Number of threads seems too high for short alignments. Use -nt AUTO to determine best number of threads.
173  TIM+F+I+G4    1987.918     25  4025.836     4028.578     4131.201
WARNING: Number of threads seems too high for short alignments. Use -nt AUTO to determine best number of threads.
174  TIM+F+R2      1987.961     25  4025.923     4028.665     4131.288
WARNING: Number of threads seems too high for short alignments. Use -nt AUTO to determine best number of threads.
175  TIM+F+R3      1987.904     27  4029.808     4033.011     4143.602
WARNING: Number of threads seems too high for short alignments. Use -nt AUTO to determine best number of threads.
183  TIM2e         2016.231     20  4072.462     4074.216     4156.754
WARNING: Number of threads seems too high for short alignments. Use -nt AUTO to determine best number of threads.
184  TIM2e+I       2015.864     21  4073.728     4075.662     4162.235
WARNING: Number of threads seems too high for short alignments. Use -nt AUTO to determine best number of threads.
185  TIM2e+G4      2016.170     21  4074.340     4076.273     4162.847
WARNING: Number of threads seems too high for short alignments. Use -nt AUTO to determine best number of threads.
186  TIM2e+I+G4    2016.011     22  4076.023     4078.144     4168.744
WARNING: Number of threads seems too high for short alignments. Use -nt AUTO to determine best number of threads.
187  TIM2e+R2      2016.153     22  4076.307     4078.428     4169.028
WARNING: Number of threads seems too high for short alignments. Use -nt AUTO to determine best number of threads.
188  TIM2e+R3      2016.091     24  4080.183     4082.709     4181.333
WARNING: Number of threads seems too high for short alignments. Use -nt AUTO to determine best number of threads.
196  TIM2+F        1988.404     23  4022.808     4025.127     4119.743
WARNING: Number of threads seems too high for short alignments. Use -nt AUTO to determine best number of threads.
197  TIM2+F+I      1988.093     24  4024.187     4026.713     4125.337
WARNING: Number of threads seems too high for short alignments. Use -nt AUTO to determine best number of threads.
198  TIM2+F+G4     1988.362     24  4024.725     4027.251     4125.875
WARNING: Number of threads seems too high for short alignments. Use -nt AUTO to determine best number of threads.
199  TIM2+F+I+G4   1988.297     25  4026.595     4029.337     4131.960
WARNING: Number of threads seems too high for short alignments. Use -nt AUTO to determine best number of threads.
200  TIM2+F+R2     1988.351     25  4026.703     4029.445     4132.068
WARNING: Number of threads seems too high for short alignments. Use -nt AUTO to determine best number of threads.
201  TIM2+F+R3     1988.295     27  4030.591     4033.794     4144.385
WARNING: Number of threads seems too high for short alignments. Use -nt AUTO to determine best number of threads.
209  TIM3e         2016.428     20  4072.856     4074.609     4157.148
WARNING: Number of threads seems too high for short alignments. Use -nt AUTO to determine best number of threads.
210  TIM3e+I       2016.037     21  4074.075     4076.008     4162.581
WARNING: Number of threads seems too high for short alignments. Use -nt AUTO to determine best number of threads.
211  TIM3e+G4      2016.354     21  4074.708     4076.641     4163.214
WARNING: Number of threads seems too high for short alignments. Use -nt AUTO to determine best number of threads.
212  TIM3e+I+G4    2016.149     22  4076.298     4078.420     4169.020
WARNING: Number of threads seems too high for short alignments. Use -nt AUTO to determine best number of threads.
213  TIM3e+R2      2016.333     22  4076.667     4078.789     4169.388
WARNING: Number of threads seems too high for short alignments. Use -nt AUTO to determine best number of threads.
214  TIM3e+R3      2016.267     24  4080.533     4083.060     4181.684
WARNING: Number of threads seems too high for short alignments. Use -nt AUTO to determine best number of threads.
222  TIM3+F        1988.194     23  4022.387     4024.707     4119.323
WARNING: Number of threads seems too high for short alignments. Use -nt AUTO to determine best number of threads.
223  TIM3+F+I      1987.905     24  4023.810     4026.336     4124.960
WARNING: Number of threads seems too high for short alignments. Use -nt AUTO to determine best number of threads.
224  TIM3+F+G4     1988.167     24  4024.333     4026.860     4125.484
WARNING: Number of threads seems too high for short alignments. Use -nt AUTO to determine best number of threads.
225  TIM3+F+I+G4   1988.106     25  4026.211     4028.954     4131.577
WARNING: Number of threads seems too high for short alignments. Use -nt AUTO to determine best number of threads.
226  TIM3+F+R2     1988.164     25  4026.327     4029.070     4131.693
WARNING: Number of threads seems too high for short alignments. Use -nt AUTO to determine best number of threads.
227  TIM3+F+R3     1988.111     27  4030.223     4033.426     4144.017
WARNING: Number of threads seems too high for short alignments. Use -nt AUTO to determine best number of threads.
235  TVMe          2016.090     21  4074.180     4076.113     4162.687
WARNING: Number of threads seems too high for short alignments. Use -nt AUTO to determine best number of threads.
236  TVMe+I        2015.656     22  4075.312     4077.433     4168.033
WARNING: Number of threads seems too high for short alignments. Use -nt AUTO to determine best number of threads.
237  TVMe+G4       2016.002     22  4076.004     4078.126     4168.726
WARNING: Number of threads seems too high for short alignments. Use -nt AUTO to determine best number of threads.
238  TVMe+I+G4     2015.734     23  4077.469     4079.788     4174.405
WARNING: Number of threads seems too high for short alignments. Use -nt AUTO to determine best number of threads.
239  TVMe+R2       2015.978     23  4077.956     4080.275     4174.892
WARNING: Number of threads seems too high for short alignments. Use -nt AUTO to determine best number of threads.
240  TVMe+R3       2015.902     25  4081.804     4084.547     4187.170
WARNING: Number of threads seems too high for short alignments. Use -nt AUTO to determine best number of threads.
248  TVM+F         1988.410     24  4024.819     4027.346     4125.970
WARNING: Number of threads seems too high for short alignments. Use -nt AUTO to determine best number of threads.
249  TVM+F+I       1988.051     25  4026.103     4028.845     4131.468
WARNING: Number of threads seems too high for short alignments. Use -nt AUTO to determine best number of threads.
250  TVM+F+G4      1988.369     25  4026.738     4029.481     4132.103
WARNING: Number of threads seems too high for short alignments. Use -nt AUTO to determine best number of threads.
251  TVM+F+I+G4    1988.188     26  4028.376     4031.344     4137.956
WARNING: Number of threads seems too high for short alignments. Use -nt AUTO to determine best number of threads.
252  TVM+F+R2      1988.355     26  4028.710     4031.678     4138.290
WARNING: Number of threads seems too high for short alignments. Use -nt AUTO to determine best number of threads.
253  TVM+F+R3      1988.288     28  4032.576     4036.024     4150.586
WARNING: Number of threads seems too high for short alignments. Use -nt AUTO to determine best number of threads.
261  SYM           2016.030     22  4076.059     4078.181     4168.781
WARNING: Number of threads seems too high for short alignments. Use -nt AUTO to determine best number of threads.
262  SYM+I         2015.615     23  4077.229     4079.549     4174.165
WARNING: Number of threads seems too high for short alignments. Use -nt AUTO to determine best number of threads.
263  SYM+G4        2015.945     23  4077.889     4080.208     4174.825
WARNING: Number of threads seems too high for short alignments. Use -nt AUTO to determine best number of threads.
264  SYM+I+G4      2015.691     24  4079.381     4081.907     4180.532
WARNING: Number of threads seems too high for short alignments. Use -nt AUTO to determine best number of threads.
265  SYM+R2        2015.923     24  4079.845     4082.371     4180.996
WARNING: Number of threads seems too high for short alignments. Use -nt AUTO to determine best number of threads.
266  SYM+R3        2015.848     26  4083.696     4086.665     4193.276
WARNING: Number of threads seems too high for short alignments. Use -nt AUTO to determine best number of threads.
274  GTR+F         1987.747     25  4025.495     4028.238     4130.860
WARNING: Number of threads seems too high for short alignments. Use -nt AUTO to determine best number of threads.
275  GTR+F+I       1987.430     26  4026.859     4029.828     4136.439
WARNING: Number of threads seems too high for short alignments. Use -nt AUTO to determine best number of threads.
276  GTR+F+G4      1987.706     26  4027.412     4030.380     4136.992
WARNING: Number of threads seems too high for short alignments. Use -nt AUTO to determine best number of threads.
277  GTR+F+I+G4    1987.577     27  4029.155     4032.358     4142.949
WARNING: Number of threads seems too high for short alignments. Use -nt AUTO to determine best number of threads.
278  GTR+F+R2      1987.693     27  4029.387     4032.590     4143.181
WARNING: Number of threads seems too high for short alignments. Use -nt AUTO to determine best number of threads.
279  GTR+F+R3      1987.635     29  4033.269     4036.971     4155.493
Akaike Information Criterion:           HKY+F
Corrected Akaike Information Criterion: HKY+F
Bayesian Information Criterion:         HKY+F
Best-fit model: HKY+F chosen according to BIC

All model information printed to examples/10taxon_300genes_4cores_nophylonet//aln_seqs/1_seqgen20.nex.aln.model.gz
CPU time for ModelFinder: 4.482 seconds (0h:0m:4s)
Wall-clock time for ModelFinder: 166.670 seconds (0h:2m:46s)
Generating 1000 samples for ultrafast bootstrap (seed: 115710)...

NOTE: 0 MB RAM (0 GB) is required!
WARNING: Number of threads seems too high for short alignments. Use -nt AUTO to determine best number of threads.
Estimate model parameters (epsilon = 0.100)
1. Initial log-likelihood: -2058.535
2. Current log-likelihood: -2037.747
3. Current log-likelihood: -2026.311
4. Current log-likelihood: -2013.338
5. Current log-likelihood: -1989.359
6. Current log-likelihood: -1989.219
Optimal log-likelihood: -1989.219
Rate parameters:  A-C: 1.00000  A-G: 4.55164  A-T: 1.00000  C-G: 1.00000  C-T: 4.55164  G-T: 1.00000
Base frequencies:  A: 0.295  C: 0.189  G: 0.172  T: 0.344
Parameters optimization took 6 rounds (1.465 sec)
Computing ML distances based on estimated model parameters... 0.001 sec
Computing BIONJ tree...
0.124 seconds
Log-likelihood of BIONJ tree: -1989.219
--------------------------------------------------------------------
|             INITIALIZING CANDIDATE TREE SET                      |
--------------------------------------------------------------------
Generating 99 parsimony trees... 1.797 second
Computing log-likelihood of 92 initial trees ... 32.369 seconds
Current best score: -1989.219

Do NNI search on 20 best initial trees
Estimate model parameters (epsilon = 0.100)
BETTER TREE FOUND at iteration 1: -1989.219
Iteration 10 / LogL: -1989.219 / Time: 0h:0m:54s
Iteration 20 / LogL: -1989.273 / Time: 0h:1m:17s
Finish initializing candidate tree set (1)
Current best tree score: -1989.219 / CPU time: 75.366
Number of iterations: 20
--------------------------------------------------------------------
|               OPTIMIZING CANDIDATE TREE SET                      |
--------------------------------------------------------------------
Iteration 30 / LogL: -1989.219 / Time: 0h:1m:41s (0h:4m:8s left)
Iteration 40 / LogL: -1989.219 / Time: 0h:1m:56s (0h:3m:0s left)
Iteration 50 / LogL: -1989.219 / Time: 0h:2m:1s (0h:2m:6s left)
Log-likelihood cutoff on original alignment: -2024.833
Iteration 60 / LogL: -1989.301 / Time: 0h:2m:6s (0h:1m:27s left)
Iteration 70 / LogL: -1989.219 / Time: 0h:2m:7s (0h:0m:56s left)
Iteration 80 / LogL: -1989.220 / Time: 0h:2m:8s (0h:0m:33s left)
Iteration 90 / LogL: -1989.255 / Time: 0h:2m:8s (0h:0m:15s left)
Iteration 100 / LogL: -1989.219 / Time: 0h:2m:8s (0h:0m:1s left)
Log-likelihood cutoff on original alignment: -2011.242
NOTE: Bootstrap correlation coefficient of split occurrence frequencies: 1.000
TREE SEARCH COMPLETED AFTER 102 ITERATIONS / Time: 0h:2m:8s

--------------------------------------------------------------------
|                    FINALIZING TREE SEARCH                        |
--------------------------------------------------------------------
Performs final model parameters optimization
Estimate model parameters (epsilon = 0.010)
1. Initial log-likelihood: -1989.219
Optimal log-likelihood: -1989.219
Rate parameters:  A-C: 1.00000  A-G: 4.55164  A-T: 1.00000  C-G: 1.00000  C-T: 4.55164  G-T: 1.00000
Base frequencies:  A: 0.295  C: 0.189  G: 0.172  T: 0.344
Parameters optimization took 1 rounds (0.014 sec)
BEST SCORE FOUND : -1989.219
Creating bootstrap support values...
Split supports printed to NEXUS file examples/10taxon_300genes_4cores_nophylonet//aln_seqs/1_seqgen20.nex.aln.splits.nex
Total tree length: 0.590

Total number of iterations: 102
CPU time used for tree search: 7.190 sec (0h:0m:7s)
Wall-clock time used for tree search: 124.912 sec (0h:2m:4s)
Total CPU time used: 7.376 sec (0h:0m:7s)
Total wall-clock time used: 129.002 sec (0h:2m:9s)

Computing bootstrap consensus tree...
Reading input file examples/10taxon_300genes_4cores_nophylonet//aln_seqs/1_seqgen20.nex.aln.splits.nex...
10 taxa and 28 splits.
Consensus tree written to examples/10taxon_300genes_4cores_nophylonet//aln_seqs/1_seqgen20.nex.aln.contree
Reading input trees file examples/10taxon_300genes_4cores_nophylonet//aln_seqs/1_seqgen20.nex.aln.contree
Log-likelihood of consensus tree: -1989.219

Analysis results written to: 
  IQ-TREE report:                examples/10taxon_300genes_4cores_nophylonet//aln_seqs/1_seqgen20.nex.aln.iqtree
  Maximum-likelihood tree:       examples/10taxon_300genes_4cores_nophylonet//aln_seqs/1_seqgen20.nex.aln.treefile
  Likelihood distances:          examples/10taxon_300genes_4cores_nophylonet//aln_seqs/1_seqgen20.nex.aln.mldist

Ultrafast bootstrap approximation results written to:
  Split support values:          examples/10taxon_300genes_4cores_nophylonet//aln_seqs/1_seqgen20.nex.aln.splits.nex
  Consensus tree:                examples/10taxon_300genes_4cores_nophylonet//aln_seqs/1_seqgen20.nex.aln.contree
  Screen log file:               examples/10taxon_300genes_4cores_nophylonet//aln_seqs/1_seqgen20.nex.aln.log

Date and Time: Sun Feb 24 20:03:46 2019
