IQ-TREE multicore version 1.6.8 for Linux 64-bit built Oct 28 2018
Developed by Bui Quang Minh, Nguyen Lam Tung, Olga Chernomor,
Heiko Schmidt, Dominik Schrempf, Michael Woodhams.

Host:    sango10711.oist.jp (AVX2, FMA3, 125 GB RAM)
Command: iqtree -s examples/6taxon_600genes_4cores//aln_seqs/1_seqgen557.nex.aln -bb 1000 -redo -nt 3 -m MFP
Seed:    927553 (Using SPRNG - Scalable Parallel Random Number Generator)
Time:    Wed Feb 20 14:54:40 2019
Kernel:  AVX+FMA - 3 threads (24 CPU cores detected)

Reading alignment file examples/6taxon_600genes_4cores//aln_seqs/1_seqgen557.nex.aln ... Fasta format detected
Alignment most likely contains DNA/RNA sequences
Alignment has 6 sequences with 500 columns, 55 distinct patterns
45 parsimony-informative, 63 singleton sites, 392 constant sites
   Gap/Ambiguity  Composition  p-value
   1  C    0.00%    passed     90.58%
   2  E    0.00%    passed     98.21%
   3  F    0.00%    passed     99.74%
   4  D    0.00%    passed     91.51%
   5  A    0.00%    passed     92.65%
   6  B    0.00%    passed     92.87%
****  TOTAL    0.00%  0 sequences failed composition chi2 test (p-value<5%; df=3)


Create initial parsimony tree by phylogenetic likelihood library (PLL)... 0.000 seconds
NOTE: ModelFinder requires 0 MB RAM!
ModelFinder will test 286 DNA models (sample size: 500) ...
 No. Model         -LnL         df  AIC          AICc         BIC
WARNING: Number of threads seems too high for short alignments. Use -nt AUTO to determine best number of threads.
  1  JC            1315.813     9   2649.627     2649.994     2687.558
WARNING: Number of threads seems too high for short alignments. Use -nt AUTO to determine best number of threads.
  2  JC+I          1315.813     10  2651.627     2652.077     2693.773
WARNING: Number of threads seems too high for short alignments. Use -nt AUTO to determine best number of threads.
  3  JC+G4         1315.806     10  2651.612     2652.062     2693.758
WARNING: Number of threads seems too high for short alignments. Use -nt AUTO to determine best number of threads.
  4  JC+I+G4       1317.560     11  2657.119     2657.660     2703.480
WARNING: Number of threads seems too high for short alignments. Use -nt AUTO to determine best number of threads.
  5  JC+R2         1316.116     11  2654.231     2654.772     2700.592
WARNING: Number of threads seems too high for short alignments. Use -nt AUTO to determine best number of threads.
  6  JC+R3         1315.972     13  2657.944     2658.693     2712.734
WARNING: Number of threads seems too high for short alignments. Use -nt AUTO to determine best number of threads.
 14  F81+F         1306.620     12  2637.239     2637.880     2687.814
WARNING: Number of threads seems too high for short alignments. Use -nt AUTO to determine best number of threads.
 15  F81+F+I       1306.620     13  2639.239     2639.988     2694.029
WARNING: Number of threads seems too high for short alignments. Use -nt AUTO to determine best number of threads.
 16  F81+F+G4      1306.614     13  2639.228     2639.977     2694.018
WARNING: Number of threads seems too high for short alignments. Use -nt AUTO to determine best number of threads.
 17  F81+F+I+G4    1308.257     14  2644.514     2645.380     2703.519
WARNING: Number of threads seems too high for short alignments. Use -nt AUTO to determine best number of threads.
 18  F81+F+R2      1306.865     14  2641.730     2642.596     2700.734
WARNING: Number of threads seems too high for short alignments. Use -nt AUTO to determine best number of threads.
 19  F81+F+R3      1306.743     16  2645.487     2646.613     2712.921
WARNING: Number of threads seems too high for short alignments. Use -nt AUTO to determine best number of threads.
 27  K2P           1289.223     10  2598.446     2598.896     2640.592
WARNING: Number of threads seems too high for short alignments. Use -nt AUTO to determine best number of threads.
 28  K2P+I         1289.218     11  2600.436     2600.977     2646.797
WARNING: Number of threads seems too high for short alignments. Use -nt AUTO to determine best number of threads.
 29  K2P+G4        1289.174     11  2600.349     2600.890     2646.710
WARNING: Number of threads seems too high for short alignments. Use -nt AUTO to determine best number of threads.
 30  K2P+I+G4      1290.381     12  2604.762     2605.402     2655.337
WARNING: Number of threads seems too high for short alignments. Use -nt AUTO to determine best number of threads.
 31  K2P+R2        1289.273     12  2602.546     2603.187     2653.121
WARNING: Number of threads seems too high for short alignments. Use -nt AUTO to determine best number of threads.
 32  K2P+R3        1289.212     14  2606.423     2607.289     2665.428
WARNING: Number of threads seems too high for short alignments. Use -nt AUTO to determine best number of threads.
 40  HKY+F         1278.870     13  2583.739     2584.488     2638.529
WARNING: Number of threads seems too high for short alignments. Use -nt AUTO to determine best number of threads.
 41  HKY+F+I       1278.863     14  2585.725     2586.591     2644.730
WARNING: Number of threads seems too high for short alignments. Use -nt AUTO to determine best number of threads.
 42  HKY+F+G4      1278.817     14  2585.634     2586.500     2644.638
WARNING: Number of threads seems too high for short alignments. Use -nt AUTO to determine best number of threads.
 43  HKY+F+I+G4    1279.962     15  2589.923     2590.915     2653.142
WARNING: Number of threads seems too high for short alignments. Use -nt AUTO to determine best number of threads.
 44  HKY+F+R2      1278.892     15  2587.784     2588.776     2651.003
WARNING: Number of threads seems too high for short alignments. Use -nt AUTO to determine best number of threads.
 45  HKY+F+R3      1278.844     17  2591.688     2592.958     2663.336
WARNING: Number of threads seems too high for short alignments. Use -nt AUTO to determine best number of threads.
 53  TNe           1288.618     11  2599.236     2599.777     2645.596
WARNING: Number of threads seems too high for short alignments. Use -nt AUTO to determine best number of threads.
 54  TNe+I         1288.616     12  2601.232     2601.872     2651.807
WARNING: Number of threads seems too high for short alignments. Use -nt AUTO to determine best number of threads.
 55  TNe+G4        1288.574     12  2601.148     2601.788     2651.723
WARNING: Number of threads seems too high for short alignments. Use -nt AUTO to determine best number of threads.
 56  TNe+I+G4      1289.756     13  2605.512     2606.261     2660.302
WARNING: Number of threads seems too high for short alignments. Use -nt AUTO to determine best number of threads.
 57  TNe+R2        1288.647     13  2603.294     2604.043     2658.084
WARNING: Number of threads seems too high for short alignments. Use -nt AUTO to determine best number of threads.
 58  TNe+R3        1288.602     15  2607.204     2608.195     2670.423
WARNING: Number of threads seems too high for short alignments. Use -nt AUTO to determine best number of threads.
 66  TN+F          1277.374     14  2582.749     2583.615     2641.753
WARNING: Number of threads seems too high for short alignments. Use -nt AUTO to determine best number of threads.
 67  TN+F+I        1277.373     15  2584.746     2585.738     2647.965
WARNING: Number of threads seems too high for short alignments. Use -nt AUTO to determine best number of threads.
 68  TN+F+G4       1277.332     15  2584.664     2585.656     2647.884
WARNING: Number of threads seems too high for short alignments. Use -nt AUTO to determine best number of threads.
 69  TN+F+I+G4     1278.518     16  2589.037     2590.163     2656.471
WARNING: Number of threads seems too high for short alignments. Use -nt AUTO to determine best number of threads.
 70  TN+F+R2       1277.395     16  2586.790     2587.917     2654.224
WARNING: Number of threads seems too high for short alignments. Use -nt AUTO to determine best number of threads.
 71  TN+F+R3       1277.356     18  2590.713     2592.135     2666.576
WARNING: Number of threads seems too high for short alignments. Use -nt AUTO to determine best number of threads.
 79  K3P           1288.416     11  2598.832     2599.373     2645.192
WARNING: Number of threads seems too high for short alignments. Use -nt AUTO to determine best number of threads.
 80  K3P+I         1288.412     12  2600.825     2601.466     2651.400
WARNING: Number of threads seems too high for short alignments. Use -nt AUTO to determine best number of threads.
 81  K3P+G4        1288.369     12  2600.739     2601.379     2651.314
WARNING: Number of threads seems too high for short alignments. Use -nt AUTO to determine best number of threads.
 82  K3P+I+G4      1289.435     13  2604.870     2605.619     2659.660
WARNING: Number of threads seems too high for short alignments. Use -nt AUTO to determine best number of threads.
 83  K3P+R2        1288.416     13  2602.832     2603.581     2657.622
WARNING: Number of threads seems too high for short alignments. Use -nt AUTO to determine best number of threads.
 84  K3P+R3        1288.386     15  2606.772     2607.764     2669.991
WARNING: Number of threads seems too high for short alignments. Use -nt AUTO to determine best number of threads.
 92  K3Pu+F        1278.344     14  2584.687     2585.553     2643.692
WARNING: Number of threads seems too high for short alignments. Use -nt AUTO to determine best number of threads.
 93  K3Pu+F+I      1278.338     15  2586.676     2587.668     2649.895
WARNING: Number of threads seems too high for short alignments. Use -nt AUTO to determine best number of threads.
 94  K3Pu+F+G4     1278.293     15  2586.586     2587.578     2649.805
WARNING: Number of threads seems too high for short alignments. Use -nt AUTO to determine best number of threads.
 95  K3Pu+F+I+G4   1279.303     16  2590.606     2591.732     2658.040
WARNING: Number of threads seems too high for short alignments. Use -nt AUTO to determine best number of threads.
 96  K3Pu+F+R2     1278.329     16  2588.659     2589.785     2656.092
WARNING: Number of threads seems too high for short alignments. Use -nt AUTO to determine best number of threads.
 97  K3Pu+F+R3     1278.306     18  2592.612     2594.034     2668.475
WARNING: Number of threads seems too high for short alignments. Use -nt AUTO to determine best number of threads.
105  TPM2+F        1276.840     14  2581.680     2582.546     2640.685
WARNING: Number of threads seems too high for short alignments. Use -nt AUTO to determine best number of threads.
106  TPM2+F+I      1276.829     15  2583.658     2584.649     2646.877
WARNING: Number of threads seems too high for short alignments. Use -nt AUTO to determine best number of threads.
107  TPM2+F+G4     1276.779     15  2583.558     2584.549     2646.777
WARNING: Number of threads seems too high for short alignments. Use -nt AUTO to determine best number of threads.
108  TPM2+F+I+G4   1277.709     16  2587.417     2588.544     2654.851
WARNING: Number of threads seems too high for short alignments. Use -nt AUTO to determine best number of threads.
109  TPM2+F+R2     1276.803     16  2585.605     2586.732     2653.039
WARNING: Number of threads seems too high for short alignments. Use -nt AUTO to determine best number of threads.
110  TPM2+F+R3     1276.786     18  2589.573     2590.995     2665.436
WARNING: Number of threads seems too high for short alignments. Use -nt AUTO to determine best number of threads.
118  TPM2u+F       1276.840     14  2581.680     2582.546     2640.685
WARNING: Number of threads seems too high for short alignments. Use -nt AUTO to determine best number of threads.
119  TPM2u+F+I     1276.829     15  2583.658     2584.649     2646.877
WARNING: Number of threads seems too high for short alignments. Use -nt AUTO to determine best number of threads.
120  TPM2u+F+G4    1276.779     15  2583.558     2584.549     2646.777
WARNING: Number of threads seems too high for short alignments. Use -nt AUTO to determine best number of threads.
121  TPM2u+F+I+G4  1277.680     16  2587.360     2588.486     2654.794
WARNING: Number of threads seems too high for short alignments. Use -nt AUTO to determine best number of threads.
122  TPM2u+F+R2    1276.800     16  2585.599     2586.725     2653.033
WARNING: Number of threads seems too high for short alignments. Use -nt AUTO to determine best number of threads.
123  TPM2u+F+R3    1276.785     18  2589.571     2590.993     2665.434
WARNING: Number of threads seems too high for short alignments. Use -nt AUTO to determine best number of threads.
131  TPM3+F        1278.855     14  2585.711     2586.577     2644.716
WARNING: Number of threads seems too high for short alignments. Use -nt AUTO to determine best number of threads.
132  TPM3+F+I      1278.848     15  2587.696     2588.688     2650.915
WARNING: Number of threads seems too high for short alignments. Use -nt AUTO to determine best number of threads.
133  TPM3+F+G4     1278.802     15  2587.604     2588.596     2650.823
WARNING: Number of threads seems too high for short alignments. Use -nt AUTO to determine best number of threads.
134  TPM3+F+I+G4   1279.703     16  2591.406     2592.532     2658.840
WARNING: Number of threads seems too high for short alignments. Use -nt AUTO to determine best number of threads.
135  TPM3+F+R2     1278.824     16  2589.649     2590.775     2657.082
WARNING: Number of threads seems too high for short alignments. Use -nt AUTO to determine best number of threads.
136  TPM3+F+R3     1278.810     18  2593.619     2595.041     2669.482
WARNING: Number of threads seems too high for short alignments. Use -nt AUTO to determine best number of threads.
144  TPM3u+F       1278.856     14  2585.711     2586.577     2644.716
WARNING: Number of threads seems too high for short alignments. Use -nt AUTO to determine best number of threads.
145  TPM3u+F+I     1278.848     15  2587.696     2588.688     2650.915
WARNING: Number of threads seems too high for short alignments. Use -nt AUTO to determine best number of threads.
146  TPM3u+F+G4    1278.802     15  2587.604     2588.596     2650.824
WARNING: Number of threads seems too high for short alignments. Use -nt AUTO to determine best number of threads.
147  TPM3u+F+I+G4  1279.676     16  2591.352     2592.479     2658.786
WARNING: Number of threads seems too high for short alignments. Use -nt AUTO to determine best number of threads.
148  TPM3u+F+R2    1278.821     16  2589.643     2590.769     2657.077
WARNING: Number of threads seems too high for short alignments. Use -nt AUTO to determine best number of threads.
149  TPM3u+F+R3    1278.808     18  2593.617     2595.039     2669.480
WARNING: Number of threads seems too high for short alignments. Use -nt AUTO to determine best number of threads.
157  TIMe          1287.812     12  2599.623     2600.264     2650.199
WARNING: Number of threads seems too high for short alignments. Use -nt AUTO to determine best number of threads.
158  TIMe+I        1287.810     13  2601.621     2602.370     2656.411
WARNING: Number of threads seems too high for short alignments. Use -nt AUTO to determine best number of threads.
159  TIMe+G4       1287.770     13  2601.539     2602.288     2656.329
WARNING: Number of threads seems too high for short alignments. Use -nt AUTO to determine best number of threads.
160  TIMe+I+G4     1288.707     14  2605.413     2606.279     2664.418
WARNING: Number of threads seems too high for short alignments. Use -nt AUTO to determine best number of threads.
161  TIMe+R2       1287.795     14  2603.589     2604.455     2662.594
WARNING: Number of threads seems too high for short alignments. Use -nt AUTO to determine best number of threads.
162  TIMe+R3       1287.778     16  2607.557     2608.683     2674.991
WARNING: Number of threads seems too high for short alignments. Use -nt AUTO to determine best number of threads.
170  TIM+F         1276.847     15  2583.694     2584.685     2646.913
WARNING: Number of threads seems too high for short alignments. Use -nt AUTO to determine best number of threads.
171  TIM+F+I       1276.846     16  2585.692     2586.819     2653.126
WARNING: Number of threads seems too high for short alignments. Use -nt AUTO to determine best number of threads.
172  TIM+F+G4      1276.807     16  2585.613     2586.739     2653.047
WARNING: Number of threads seems too high for short alignments. Use -nt AUTO to determine best number of threads.
173  TIM+F+I+G4    1277.750     17  2589.499     2590.769     2661.148
WARNING: Number of threads seems too high for short alignments. Use -nt AUTO to determine best number of threads.
174  TIM+F+R2      1276.830     17  2587.661     2588.930     2659.309
WARNING: Number of threads seems too high for short alignments. Use -nt AUTO to determine best number of threads.
175  TIM+F+R3      1276.814     19  2591.629     2593.212     2671.706
WARNING: Number of threads seems too high for short alignments. Use -nt AUTO to determine best number of threads.
183  TIM2e         1287.741     12  2599.482     2600.123     2650.057
WARNING: Number of threads seems too high for short alignments. Use -nt AUTO to determine best number of threads.
184  TIM2e+I       1287.740     13  2601.480     2602.229     2656.270
WARNING: Number of threads seems too high for short alignments. Use -nt AUTO to determine best number of threads.
185  TIM2e+G4      1287.703     13  2601.407     2602.156     2656.197
WARNING: Number of threads seems too high for short alignments. Use -nt AUTO to determine best number of threads.
186  TIM2e+I+G4    1288.592     14  2605.184     2606.050     2664.188
WARNING: Number of threads seems too high for short alignments. Use -nt AUTO to determine best number of threads.
187  TIM2e+R2      1287.723     14  2603.446     2604.312     2662.451
WARNING: Number of threads seems too high for short alignments. Use -nt AUTO to determine best number of threads.
188  TIM2e+R3      1287.710     16  2607.420     2608.546     2674.854
WARNING: Number of threads seems too high for short alignments. Use -nt AUTO to determine best number of threads.
196  TIM2+F        1275.326     15  2580.653     2581.645     2643.872
WARNING: Number of threads seems too high for short alignments. Use -nt AUTO to determine best number of threads.
197  TIM2+F+I      1275.322     16  2582.644     2583.770     2650.078
WARNING: Number of threads seems too high for short alignments. Use -nt AUTO to determine best number of threads.
198  TIM2+F+G4     1275.274     16  2582.547     2583.674     2649.981
WARNING: Number of threads seems too high for short alignments. Use -nt AUTO to determine best number of threads.
199  TIM2+F+I+G4   1276.111     17  2586.223     2587.493     2657.871
WARNING: Number of threads seems too high for short alignments. Use -nt AUTO to determine best number of threads.
200  TIM2+F+R2     1275.286     17  2584.571     2585.841     2656.220
WARNING: Number of threads seems too high for short alignments. Use -nt AUTO to determine best number of threads.
201  TIM2+F+R3     1275.276     19  2588.553     2590.136     2668.631
WARNING: Number of threads seems too high for short alignments. Use -nt AUTO to determine best number of threads.
209  TIM3e         1288.566     12  2601.132     2601.773     2651.708
WARNING: Number of threads seems too high for short alignments. Use -nt AUTO to determine best number of threads.
210  TIM3e+I       1288.564     13  2603.127     2603.876     2657.917
WARNING: Number of threads seems too high for short alignments. Use -nt AUTO to determine best number of threads.
211  TIM3e+G4      1288.520     13  2603.040     2603.789     2657.830
WARNING: Number of threads seems too high for short alignments. Use -nt AUTO to determine best number of threads.
212  TIM3e+I+G4    1289.331     14  2606.663     2607.529     2665.667
WARNING: Number of threads seems too high for short alignments. Use -nt AUTO to determine best number of threads.
213  TIM3e+R2      1288.533     14  2605.066     2605.932     2664.070
WARNING: Number of threads seems too high for short alignments. Use -nt AUTO to determine best number of threads.
214  TIM3e+R3      1288.523     16  2609.046     2610.173     2676.480
WARNING: Number of threads seems too high for short alignments. Use -nt AUTO to determine best number of threads.
222  TIM3+F        1277.360     15  2584.720     2585.712     2647.939
WARNING: Number of threads seems too high for short alignments. Use -nt AUTO to determine best number of threads.
223  TIM3+F+I      1277.359     16  2586.718     2587.844     2654.151
WARNING: Number of threads seems too high for short alignments. Use -nt AUTO to determine best number of threads.
224  TIM3+F+G4     1277.318     16  2586.636     2587.763     2654.070
WARNING: Number of threads seems too high for short alignments. Use -nt AUTO to determine best number of threads.
225  TIM3+F+I+G4   1278.149     17  2590.298     2591.568     2661.946
WARNING: Number of threads seems too high for short alignments. Use -nt AUTO to determine best number of threads.
226  TIM3+F+R2     1277.332     17  2588.664     2589.933     2660.312
WARNING: Number of threads seems too high for short alignments. Use -nt AUTO to determine best number of threads.
227  TIM3+F+R3     1277.321     19  2592.643     2594.226     2672.720
WARNING: Number of threads seems too high for short alignments. Use -nt AUTO to determine best number of threads.
235  TVMe          1287.242     13  2600.484     2601.233     2655.274
WARNING: Number of threads seems too high for short alignments. Use -nt AUTO to determine best number of threads.
236  TVMe+I        1287.240     14  2602.480     2603.346     2661.484
WARNING: Number of threads seems too high for short alignments. Use -nt AUTO to determine best number of threads.
237  TVMe+G4       1287.200     14  2602.399     2603.265     2661.404
WARNING: Number of threads seems too high for short alignments. Use -nt AUTO to determine best number of threads.
238  TVMe+I+G4     1287.965     15  2605.931     2606.922     2669.150
WARNING: Number of threads seems too high for short alignments. Use -nt AUTO to determine best number of threads.
239  TVMe+R2       1287.211     15  2604.422     2605.413     2667.641
WARNING: Number of threads seems too high for short alignments. Use -nt AUTO to determine best number of threads.
240  TVMe+R3       1287.202     17  2608.404     2609.673     2680.052
WARNING: Number of threads seems too high for short alignments. Use -nt AUTO to determine best number of threads.
248  TVM+F         1275.845     16  2583.690     2584.816     2651.124
WARNING: Number of threads seems too high for short alignments. Use -nt AUTO to determine best number of threads.
249  TVM+F+I       1275.836     17  2585.671     2586.941     2657.320
WARNING: Number of threads seems too high for short alignments. Use -nt AUTO to determine best number of threads.
250  TVM+F+G4      1275.785     17  2585.570     2586.840     2657.219
WARNING: Number of threads seems too high for short alignments. Use -nt AUTO to determine best number of threads.
251  TVM+F+I+G4    1276.476     18  2588.952     2590.374     2664.815
WARNING: Number of threads seems too high for short alignments. Use -nt AUTO to determine best number of threads.
252  TVM+F+R2      1275.792     18  2587.585     2589.007     2663.448
WARNING: Number of threads seems too high for short alignments. Use -nt AUTO to determine best number of threads.
253  TVM+F+R3      1275.786     20  2591.572     2593.325     2675.864
WARNING: Number of threads seems too high for short alignments. Use -nt AUTO to determine best number of threads.
261  SYM           1286.624     14  2601.249     2602.115     2660.253
WARNING: Number of threads seems too high for short alignments. Use -nt AUTO to determine best number of threads.
262  SYM+I         1286.624     15  2603.248     2604.240     2666.467
WARNING: Number of threads seems too high for short alignments. Use -nt AUTO to determine best number of threads.
263  SYM+G4        1286.588     15  2603.177     2604.168     2666.396
WARNING: Number of threads seems too high for short alignments. Use -nt AUTO to determine best number of threads.
264  SYM+I+G4      1287.370     16  2606.740     2607.866     2674.174
WARNING: Number of threads seems too high for short alignments. Use -nt AUTO to determine best number of threads.
265  SYM+R2        1286.600     16  2605.201     2606.327     2672.635
WARNING: Number of threads seems too high for short alignments. Use -nt AUTO to determine best number of threads.
266  SYM+R3        1286.591     18  2609.182     2610.604     2685.045
WARNING: Number of threads seems too high for short alignments. Use -nt AUTO to determine best number of threads.
274  GTR+F         1274.331     17  2582.661     2583.931     2654.310
WARNING: Number of threads seems too high for short alignments. Use -nt AUTO to determine best number of threads.
275  GTR+F+I       1274.328     18  2584.655     2586.077     2660.518
WARNING: Number of threads seems too high for short alignments. Use -nt AUTO to determine best number of threads.
276  GTR+F+G4      1274.280     18  2584.560     2585.982     2660.423
WARNING: Number of threads seems too high for short alignments. Use -nt AUTO to determine best number of threads.
277  GTR+F+I+G4    1275.017     19  2588.034     2589.617     2668.112
WARNING: Number of threads seems too high for short alignments. Use -nt AUTO to determine best number of threads.
278  GTR+F+R2      1274.288     19  2586.575     2588.158     2666.653
WARNING: Number of threads seems too high for short alignments. Use -nt AUTO to determine best number of threads.
279  GTR+F+R3      1274.280     21  2590.559     2592.492     2679.066
Akaike Information Criterion:           TIM2+F
Corrected Akaike Information Criterion: TIM2+F
Bayesian Information Criterion:         HKY+F
Best-fit model: HKY+F chosen according to BIC

All model information printed to examples/6taxon_600genes_4cores//aln_seqs/1_seqgen557.nex.aln.model.gz
CPU time for ModelFinder: 1.580 seconds (0h:0m:1s)
Wall-clock time for ModelFinder: 73.502 seconds (0h:1m:13s)
Generating 1000 samples for ultrafast bootstrap (seed: 927553)...

NOTE: 0 MB RAM (0 GB) is required!
WARNING: Number of threads seems too high for short alignments. Use -nt AUTO to determine best number of threads.
Estimate model parameters (epsilon = 0.100)
1. Initial log-likelihood: -1306.640
2. Current log-likelihood: -1302.162
3. Current log-likelihood: -1300.000
4. Current log-likelihood: -1297.754
5. Current log-likelihood: -1295.280
6. Current log-likelihood: -1292.550
7. Current log-likelihood: -1289.548
8. Current log-likelihood: -1286.309
9. Current log-likelihood: -1278.885
Optimal log-likelihood: -1278.870
Rate parameters:  A-C: 1.00000  A-G: 4.21943  A-T: 1.00000  C-G: 1.00000  C-T: 4.21943  G-T: 1.00000
Base frequencies:  A: 0.280  C: 0.221  G: 0.187  T: 0.313
Parameters optimization took 9 rounds (4.402 sec)
Computing ML distances based on estimated model parameters... 0.006 sec
Computing BIONJ tree...
0.002 seconds
Log-likelihood of BIONJ tree: -1278.870
--------------------------------------------------------------------
|             INITIALIZING CANDIDATE TREE SET                      |
--------------------------------------------------------------------
Generating 99 parsimony trees... 1.809 second
Computing log-likelihood of 6 initial trees ... 1.462 seconds
Current best score: -1278.870

Do NNI search on 7 best initial trees
Finish initializing candidate tree set (7)
Current best tree score: -1278.870 / CPU time: 14.869
Number of iterations: 7
--------------------------------------------------------------------
|               OPTIMIZING CANDIDATE TREE SET                      |
--------------------------------------------------------------------
Iteration 10 / LogL: -1278.886 / Time: 0h:0m:27s
Iteration 20 / LogL: -1278.884 / Time: 0h:0m:49s
Iteration 30 / LogL: -1278.884 / Time: 0h:1m:28s (0h:3m:31s left)
UPDATE BEST LOG-LIKELIHOOD: -1278.870
UPDATE BEST LOG-LIKELIHOOD: -1278.870
Iteration 40 / LogL: -1278.870 / Time: 0h:2m:11s (0h:3m:21s left)
Iteration 50 / LogL: -1278.870 / Time: 0h:2m:58s (0h:3m:1s left)
Log-likelihood cutoff on original alignment: -1295.570
Iteration 60 / LogL: -1278.870 / Time: 0h:4m:11s (0h:2m:49s left)
Iteration 70 / LogL: -1278.899 / Time: 0h:5m:10s (0h:2m:14s left)
Iteration 80 / LogL: -1278.886 / Time: 0h:6m:15s (0h:1m:34s left)
Iteration 90 / LogL: -1278.886 / Time: 0h:7m:28s (0h:0m:50s left)
Iteration 100 / LogL: -1278.870 / Time: 0h:8m:37s (0h:0m:0s left)
Log-likelihood cutoff on original alignment: -1295.585
NOTE: Bootstrap correlation coefficient of split occurrence frequencies: 1.000
TREE SEARCH COMPLETED AFTER 101 ITERATIONS / Time: 0h:8m:51s

--------------------------------------------------------------------
|                    FINALIZING TREE SEARCH                        |
--------------------------------------------------------------------
Performs final model parameters optimization
Estimate model parameters (epsilon = 0.010)
1. Initial log-likelihood: -1278.870
Optimal log-likelihood: -1278.870
Rate parameters:  A-C: 1.00000  A-G: 4.23444  A-T: 1.00000  C-G: 1.00000  C-T: 4.23444  G-T: 1.00000
Base frequencies:  A: 0.280  C: 0.221  G: 0.187  T: 0.313
Parameters optimization took 1 rounds (0.205 sec)
BEST SCORE FOUND : -1278.870
Creating bootstrap support values...
Split supports printed to NEXUS file examples/6taxon_600genes_4cores//aln_seqs/1_seqgen557.nex.aln.splits.nex
Total tree length: 0.248

Total number of iterations: 101
CPU time used for tree search: 4.669 sec (0h:0m:4s)
Wall-clock time used for tree search: 524.323 sec (0h:8m:44s)
Total CPU time used: 4.815 sec (0h:0m:4s)
Total wall-clock time used: 536.647 sec (0h:8m:56s)

Computing bootstrap consensus tree...
Reading input file examples/6taxon_600genes_4cores//aln_seqs/1_seqgen557.nex.aln.splits.nex...
6 taxa and 13 splits.
Consensus tree written to examples/6taxon_600genes_4cores//aln_seqs/1_seqgen557.nex.aln.contree
Reading input trees file examples/6taxon_600genes_4cores//aln_seqs/1_seqgen557.nex.aln.contree
Log-likelihood of consensus tree: -1278.870

Analysis results written to: 
  IQ-TREE report:                examples/6taxon_600genes_4cores//aln_seqs/1_seqgen557.nex.aln.iqtree
  Maximum-likelihood tree:       examples/6taxon_600genes_4cores//aln_seqs/1_seqgen557.nex.aln.treefile
  Likelihood distances:          examples/6taxon_600genes_4cores//aln_seqs/1_seqgen557.nex.aln.mldist

Ultrafast bootstrap approximation results written to:
  Split support values:          examples/6taxon_600genes_4cores//aln_seqs/1_seqgen557.nex.aln.splits.nex
  Consensus tree:                examples/6taxon_600genes_4cores//aln_seqs/1_seqgen557.nex.aln.contree
  Screen log file:               examples/6taxon_600genes_4cores//aln_seqs/1_seqgen557.nex.aln.log

Date and Time: Wed Feb 20 15:05:00 2019
